|param: value|
|experiment_name:  pc_actor_critic|
|seed:  1|
|write_logs_to_file:  False|
|save_model:  False|
|env_name:  bandit|
|num_envs:  8|
|num_train_levels:  200|
|distribution_mode:  easy|
|arm_means:  (1.0, 0.9)|
|deterministic_rewards:  True|
|eval_env:  True|
|num_eval_episodes:  200|
|eval_every:  1|
|total_timesteps:  60000|
|unroll_length:  250|
|gamma:  0.99|
|learning_rate:  0.01|
|value_learning_rate:  0.01|
|target_scale:  1.0|
|pc_steps_per_update:  1|
|max_t1:  20|
|width:  32|
|depth:  2|
|act_fn:  relu|
|policy_init_logit_bias:  [0.0, 1.0]|
|use_cnn:  False|
|policy_hidden_layer_sizes:  ()|
|value_hidden_layer_sizes:  ()|
|anneal_lr:  False|
|entropy_cost:  0.0|
|deterministic_eval:  False|
{'training/total_steps': 2000, 'training/updates': 1, 'training/walltime': np.float64(1.378), 'training/update_time': np.float64(1.378), 'training/policy_pc_loss': 0.2387542873620987, 'training/value_pc_loss': 0.5814872980117798, 'training/mean_value': -0.15233869850635529, 'training/mean_reward': 0.9251998662948608, 'training/mean_advantage_abs': 1.0775388479232788}
{'eval/num_episodes': 200, 'eval/mean_score': np.float64(0.9335), 'eval/std_score': np.float64(0.0472), 'eval/mean_episode_length': np.float64(1.0)}
{'training/total_steps': 4000, 'training/updates': 2, 'training/walltime': np.float64(1.562), 'training/update_time': np.float64(0.155), 'training/policy_pc_loss': 0.21591034531593323, 'training/value_pc_loss': 0.44842731952667236, 'training/mean_value': -0.011584370397031307, 'training/mean_reward': 0.9342499375343323, 'training/mean_advantage_abs': 0.9458345770835876}
{'eval/num_episodes': 200, 'eval/mean_score': np.float64(0.9385), 'eval/std_score': np.float64(0.0487), 'eval/mean_episode_length': np.float64(1.0)}
{'training/total_steps': 6000, 'training/updates': 3, 'training/walltime': np.float64(1.719), 'training/update_time': np.float64(0.156), 'training/policy_pc_loss': 0.16649866104125977, 'training/value_pc_loss': 0.33081862330436707, 'training/mean_value': 0.12796451151371002, 'training/mean_reward': 0.9398999214172363, 'training/mean_advantage_abs': 0.8119356036186218}
{'eval/num_episodes': 200, 'eval/mean_score': np.float64(0.944), 'eval/std_score': np.float64(0.0496), 'eval/mean_episode_length': np.float64(1.0)}
{'training/total_steps': 8000, 'training/updates': 4, 'training/walltime': np.float64(1.857), 'training/update_time': np.float64(0.136), 'training/policy_pc_loss': 0.11762682348489761, 'training/value_pc_loss': 0.232777401804924, 'training/mean_value': 0.26696398854255676, 'training/mean_reward': 0.9474499821662903, 'training/mean_advantage_abs': 0.6804860234260559}
{'eval/num_episodes': 200, 'eval/mean_score': np.float64(0.958), 'eval/std_score': np.float64(0.0494), 'eval/mean_episode_length': np.float64(1.0)}
{'training/total_steps': 10000, 'training/updates': 5, 'training/walltime': np.float64(1.999), 'training/update_time': np.float64(0.142), 'training/policy_pc_loss': 0.07221662998199463, 'training/value_pc_loss': 0.15251462161540985, 'training/mean_value': 0.4047527015209198, 'training/mean_reward': 0.9547999501228333, 'training/mean_advantage_abs': 0.5500475168228149}
{'eval/num_episodes': 200, 'eval/mean_score': np.float64(0.9645), 'eval/std_score': np.float64(0.0479), 'eval/mean_episode_length': np.float64(1.0)}
{'training/total_steps': 12000, 'training/updates': 6, 'training/walltime': np.float64(2.131), 'training/update_time': np.float64(0.13), 'training/policy_pc_loss': 0.035760458558797836, 'training/value_pc_loss': 0.09151346236467361, 'training/mean_value': 0.5404776930809021, 'training/mean_reward': 0.9656499624252319, 'training/mean_advantage_abs': 0.42517271637916565}
{'eval/num_episodes': 200, 'eval/mean_score': np.float64(0.9765), 'eval/std_score': np.float64(0.0424), 'eval/mean_episode_length': np.float64(1.0)}
{'training/total_steps': 14000, 'training/updates': 7, 'training/walltime': np.float64(2.268), 'training/update_time': np.float64(0.136), 'training/policy_pc_loss': 0.013107029721140862, 'training/value_pc_loss': 0.045904822647571564, 'training/mean_value': 0.6730384230613708, 'training/mean_reward': 0.9727498888969421, 'training/mean_advantage_abs': 0.29971185326576233}
{'eval/num_episodes': 200, 'eval/mean_score': np.float64(0.9805), 'eval/std_score': np.float64(0.0396), 'eval/mean_episode_length': np.float64(1.0)}
{'training/total_steps': 16000, 'training/updates': 8, 'training/walltime': np.float64(2.414), 'training/update_time': np.float64(0.145), 'training/policy_pc_loss': 0.002519856672734022, 'training/value_pc_loss': 0.016767606139183044, 'training/mean_value': 0.8007951378822327, 'training/mean_reward': 0.9793999195098877, 'training/mean_advantage_abs': 0.17860448360443115}
{'eval/num_episodes': 200, 'eval/mean_score': np.float64(0.9885), 'eval/std_score': np.float64(0.0319), 'eval/mean_episode_length': np.float64(1.0)}
{'training/total_steps': 18000, 'training/updates': 9, 'training/walltime': np.float64(2.55), 'training/update_time': np.float64(0.135), 'training/policy_pc_loss': 0.00014682472101412714, 'training/value_pc_loss': 0.0027026005554944277, 'training/mean_value': 0.9215793609619141, 'training/mean_reward': 0.9868999719619751, 'training/mean_advantage_abs': 0.07097459584474564}
{'eval/num_episodes': 200, 'eval/mean_score': np.float64(0.989), 'eval/std_score': np.float64(0.0313), 'eval/mean_episode_length': np.float64(1.0)}
{'training/total_steps': 20000, 'training/updates': 10, 'training/walltime': np.float64(2.696), 'training/update_time': np.float64(0.145), 'training/policy_pc_loss': 0.0014397714985534549, 'training/value_pc_loss': 0.0013540535001084208, 'training/mean_value': 1.0327167510986328, 'training/mean_reward': 0.9901000261306763, 'training/mean_advantage_abs': 0.042615920305252075}
{'eval/num_episodes': 200, 'eval/mean_score': np.float64(0.9915), 'eval/std_score': np.float64(0.0279), 'eval/mean_episode_length': np.float64(1.0)}
{'training/total_steps': 22000, 'training/updates': 11, 'training/walltime': np.float64(2.841), 'training/update_time': np.float64(0.144), 'training/policy_pc_loss': 0.003154706209897995, 'training/value_pc_loss': 0.00976621638983488, 'training/mean_value': 1.130935549736023, 'training/mean_reward': 0.9934000968933105, 'training/mean_advantage_abs': 0.1375354677438736}
{'eval/num_episodes': 200, 'eval/mean_score': np.float64(0.997), 'eval/std_score': np.float64(0.0171), 'eval/mean_episode_length': np.float64(1.0)}
{'training/total_steps': 24000, 'training/updates': 12, 'training/walltime': np.float64(2.973), 'training/update_time': np.float64(0.132), 'training/policy_pc_loss': 0.004124203696846962, 'training/value_pc_loss': 0.02386314421892166, 'training/mean_value': 1.2129783630371094, 'training/mean_reward': 0.9955000281333923, 'training/mean_advantage_abs': 0.21747754514217377}
{'eval/num_episodes': 200, 'eval/mean_score': np.float64(0.997), 'eval/std_score': np.float64(0.0171), 'eval/mean_episode_length': np.float64(1.0)}
{'training/total_steps': 26000, 'training/updates': 13, 'training/walltime': np.float64(3.118), 'training/update_time': np.float64(0.144), 'training/policy_pc_loss': 0.0032032616436481476, 'training/value_pc_loss': 0.038927897810935974, 'training/mean_value': 1.2762644290924072, 'training/mean_reward': 0.9976500272750854, 'training/mean_advantage_abs': 0.27861517667770386}
{'eval/num_episodes': 200, 'eval/mean_score': np.float64(0.998), 'eval/std_score': np.float64(0.014), 'eval/mean_episode_length': np.float64(1.0)}
{'training/total_steps': 28000, 'training/updates': 14, 'training/walltime': np.float64(3.271), 'training/update_time': np.float64(0.152), 'training/policy_pc_loss': 0.003258062992244959, 'training/value_pc_loss': 0.05178874731063843, 'training/mean_value': 1.319644808769226, 'training/mean_reward': 0.9981001615524292, 'training/mean_advantage_abs': 0.32154497504234314}
{'eval/num_episodes': 200, 'eval/mean_score': np.float64(1.0), 'eval/std_score': np.float64(0.0), 'eval/mean_episode_length': np.float64(1.0)}
{'training/total_steps': 30000, 'training/updates': 15, 'training/walltime': np.float64(3.406), 'training/update_time': np.float64(0.134), 'training/policy_pc_loss': 0.0032784619834274054, 'training/value_pc_loss': 0.05965140089392662, 'training/mean_value': 1.3434603214263916, 'training/mean_reward': 0.9983000755310059, 'training/mean_advantage_abs': 0.3451603949069977}
{'eval/num_episodes': 200, 'eval/mean_score': np.float64(0.999), 'eval/std_score': np.float64(0.0099), 'eval/mean_episode_length': np.float64(1.0)}
{'training/total_steps': 32000, 'training/updates': 16, 'training/walltime': np.float64(3.541), 'training/update_time': np.float64(0.134), 'training/policy_pc_loss': 0.0015964875929057598, 'training/value_pc_loss': 0.06132874637842178, 'training/mean_value': 1.3493118286132812, 'training/mean_reward': 0.9992001056671143, 'training/mean_advantage_abs': 0.35011178255081177}
{'eval/num_episodes': 200, 'eval/mean_score': np.float64(0.998), 'eval/std_score': np.float64(0.014), 'eval/mean_episode_length': np.float64(1.0)}
{'training/total_steps': 34000, 'training/updates': 17, 'training/walltime': np.float64(3.681), 'training/update_time': np.float64(0.139), 'training/policy_pc_loss': 0.001340775634162128, 'training/value_pc_loss': 0.05793461948633194, 'training/mean_value': 1.3395931720733643, 'training/mean_reward': 0.9993001222610474, 'training/mean_advantage_abs': 0.340293824672699}
{'eval/num_episodes': 200, 'eval/mean_score': np.float64(0.9995), 'eval/std_score': np.float64(0.0071), 'eval/mean_episode_length': np.float64(1.0)}
{'training/total_steps': 36000, 'training/updates': 18, 'training/walltime': np.float64(3.818), 'training/update_time': np.float64(0.137), 'training/policy_pc_loss': 0.000950195244513452, 'training/value_pc_loss': 0.0504482164978981, 'training/mean_value': 1.3170053958892822, 'training/mean_reward': 0.999450147151947, 'training/mean_advantage_abs': 0.31755611300468445}
{'eval/num_episodes': 200, 'eval/mean_score': np.float64(1.0), 'eval/std_score': np.float64(0.0), 'eval/mean_episode_length': np.float64(1.0)}
{'training/total_steps': 38000, 'training/updates': 19, 'training/walltime': np.float64(3.959), 'training/update_time': np.float64(0.14), 'training/policy_pc_loss': 0.0003677610366139561, 'training/value_pc_loss': 0.04050149396061897, 'training/mean_value': 1.284316897392273, 'training/mean_reward': 0.999750018119812, 'training/mean_advantage_abs': 0.2845664918422699}
{'eval/num_episodes': 200, 'eval/mean_score': np.float64(0.9995), 'eval/std_score': np.float64(0.0071), 'eval/mean_episode_length': np.float64(1.0)}
{'training/total_steps': 40000, 'training/updates': 20, 'training/walltime': np.float64(4.102), 'training/update_time': np.float64(0.142), 'training/policy_pc_loss': 0.00041314572445116937, 'training/value_pc_loss': 0.029922524467110634, 'training/mean_value': 1.2442108392715454, 'training/mean_reward': 0.9996500611305237, 'training/mean_advantage_abs': 0.24456121027469635}
{'eval/num_episodes': 200, 'eval/mean_score': np.float64(0.9995), 'eval/std_score': np.float64(0.0071), 'eval/mean_episode_length': np.float64(1.0)}
{'training/total_steps': 42000, 'training/updates': 21, 'training/walltime': np.float64(4.24), 'training/update_time': np.float64(0.137), 'training/policy_pc_loss': 4.471813372219913e-05, 'training/value_pc_loss': 0.019851090386509895, 'training/mean_value': 1.199191927909851, 'training/mean_reward': 0.9999500513076782, 'training/mean_advantage_abs': 0.1992415487766266}
{'eval/num_episodes': 200, 'eval/mean_score': np.float64(1.0), 'eval/std_score': np.float64(0.0), 'eval/mean_episode_length': np.float64(1.0)}
{'training/total_steps': 44000, 'training/updates': 22, 'training/walltime': np.float64(4.38), 'training/update_time': np.float64(0.14), 'training/policy_pc_loss': 6.316137296380475e-05, 'training/value_pc_loss': 0.011506032198667526, 'training/mean_value': 1.1515642404556274, 'training/mean_reward': 0.9999000430107117, 'training/mean_advantage_abs': 0.15166440606117249}
{'eval/num_episodes': 200, 'eval/mean_score': np.float64(1.0), 'eval/std_score': np.float64(0.0), 'eval/mean_episode_length': np.float64(1.0)}
{'training/total_steps': 46000, 'training/updates': 23, 'training/walltime': np.float64(4.521), 'training/update_time': np.float64(0.139), 'training/policy_pc_loss': 6.193830631673336e-05, 'training/value_pc_loss': 0.005367627367377281, 'training/mean_value': 1.1033897399902344, 'training/mean_reward': 0.9998500943183899, 'training/mean_advantage_abs': 0.10353879630565643}
{'eval/num_episodes': 200, 'eval/mean_score': np.float64(1.0), 'eval/std_score': np.float64(0.0), 'eval/mean_episode_length': np.float64(1.0)}
{'training/total_steps': 48000, 'training/updates': 24, 'training/walltime': np.float64(4.658), 'training/update_time': np.float64(0.136), 'training/policy_pc_loss': 1.966554918908514e-09, 'training/value_pc_loss': 0.0015943861799314618, 'training/mean_value': 1.0564690828323364, 'training/mean_reward': 1.0, 'training/mean_advantage_abs': 0.056469205766916275}
{'eval/num_episodes': 200, 'eval/mean_score': np.float64(1.0), 'eval/std_score': np.float64(0.0), 'eval/mean_episode_length': np.float64(1.0)}
{'training/total_steps': 50000, 'training/updates': 25, 'training/walltime': np.float64(4.8), 'training/update_time': np.float64(0.141), 'training/policy_pc_loss': 1.2605682968569454e-05, 'training/value_pc_loss': 8.244831406045705e-05, 'training/mean_value': 1.0123462677001953, 'training/mean_reward': 0.9999000430107117, 'training/mean_advantage_abs': 0.012446149252355099}
{'eval/num_episodes': 200, 'eval/mean_score': np.float64(0.9995), 'eval/std_score': np.float64(0.0071), 'eval/mean_episode_length': np.float64(1.0)}
{'training/total_steps': 52000, 'training/updates': 26, 'training/walltime': np.float64(4.936), 'training/update_time': np.float64(0.134), 'training/policy_pc_loss': 2.6088173399330117e-06, 'training/value_pc_loss': 0.0003856425464618951, 'training/mean_value': 0.9722673296928406, 'training/mean_reward': 0.9999500513076782, 'training/mean_advantage_abs': 0.02775416523218155}
{'eval/num_episodes': 200, 'eval/mean_score': np.float64(1.0), 'eval/std_score': np.float64(0.0), 'eval/mean_episode_length': np.float64(1.0)}
{'training/total_steps': 54000, 'training/updates': 27, 'training/walltime': np.float64(5.071), 'training/update_time': np.float64(0.13), 'training/policy_pc_loss': 7.452456984857747e-10, 'training/value_pc_loss': 0.001971755176782608, 'training/mean_value': 0.9372025728225708, 'training/mean_reward': 1.0, 'training/mean_advantage_abs': 0.06279732286930084}
{'eval/num_episodes': 200, 'eval/mean_score': np.float64(1.0), 'eval/std_score': np.float64(0.0), 'eval/mean_episode_length': np.float64(1.0)}
{'training/total_steps': 56000, 'training/updates': 28, 'training/walltime': np.float64(5.203), 'training/update_time': np.float64(0.131), 'training/policy_pc_loss': 3.1828029989355855e-08, 'training/value_pc_loss': 0.004245041869580746, 'training/mean_value': 0.9078351259231567, 'training/mean_reward': 0.9999500513076782, 'training/mean_advantage_abs': 0.09212235361337662}
{'eval/num_episodes': 200, 'eval/mean_score': np.float64(1.0), 'eval/std_score': np.float64(0.0), 'eval/mean_episode_length': np.float64(1.0)}
{'training/total_steps': 58000, 'training/updates': 29, 'training/walltime': np.float64(5.348), 'training/update_time': np.float64(0.144), 'training/policy_pc_loss': 1.3393731679300913e-09, 'training/value_pc_loss': 0.006660567130893469, 'training/mean_value': 0.8845826387405396, 'training/mean_reward': 1.0, 'training/mean_advantage_abs': 0.1154172420501709}
{'eval/num_episodes': 200, 'eval/mean_score': np.float64(1.0), 'eval/std_score': np.float64(0.0), 'eval/mean_episode_length': np.float64(1.0)}
{'training/total_steps': 60000, 'training/updates': 30, 'training/walltime': np.float64(5.484), 'training/update_time': np.float64(0.135), 'training/policy_pc_loss': 1.321979081758684e-09, 'training/value_pc_loss': 0.008762343786656857, 'training/mean_value': 0.86761873960495, 'training/mean_reward': 1.0, 'training/mean_advantage_abs': 0.13238096237182617}
{'eval/num_episodes': 200, 'eval/mean_score': np.float64(1.0), 'eval/std_score': np.float64(0.0), 'eval/mean_episode_length': np.float64(1.0)}
TRAINING END: training duration: 5.485205173492432
