|param: value|
|experiment_name:  cleanba_ppo|
|seed:  6|
|platform:  cpu|
|write_logs_to_file:  False|
|save_model:  False|
|env_name:  bandit|
|num_envs:  8|
|num_train_levels:  200|
|distribution_mode:  easy|
|arm_means:  (1.0, 0.9)|
|deterministic_rewards:  True|
|eval_env:  True|
|num_eval_episodes:  200|
|eval_every:  1|
|deterministic_eval:  False|
|total_timesteps:  60000|
|learning_rate:  0.00025|
|adam_eps:  1e-05|
|unroll_length:  250|
|anneal_lr:  False|
|gamma:  0.99|
|gae_lambda:  0.95|
|num_minibatches:  4|
|update_epochs:  4|
|normalize_advantages:  True|
|clip_eps:  0.1|
|clip_vloss:  True|
|entropy_cost:  0.0|
|vf_cost:  0.5|
|max_grad_norm:  0.5|
|use_cnn:  False|
|policy_hidden_layer_sizes:  ()|
|value_hidden_layer_sizes:  ()|
|activation:  <jax._src.custom_derivatives.custom_jvp object at 0x10c4d9150>|
|policy_init_logit_bias:  [0.0, 0.0]|
{'training/total_steps': 2000, 'training/updates': 1, 'training/sps': np.float64(2329.051), 'training/walltime': np.float64(0.859), 'training/rollout_time': np.float64(0.399), 'training/update_time': np.float64(0.46), 'training/approx_kl': 2.2927195459487848e-05, 'training/entropy': 0.6931242942810059, 'training/policy_loss': -0.006749548017978668, 'training/total_loss': 0.08849266916513443, 'training/value_loss': 0.1904844343662262}
{'eval/num_episodes': 200, 'eval/num_steps': 200, 'eval/mean_score': np.float64(0.954), 'eval/std_score': np.float64(0.05), 'eval/mean_episode_length': np.float64(1.0), 'eval/std_episode_length': np.float64(0.0), 'eval/eval_time': 0.07182693481445312}
{'training/total_steps': 4000, 'training/updates': 2, 'training/sps': np.float64(13864.07), 'training/walltime': np.float64(1.075), 'training/rollout_time': np.float64(0.133), 'training/update_time': np.float64(0.011), 'training/approx_kl': 2.294185833306983e-05, 'training/entropy': 0.6930382251739502, 'training/policy_loss': -0.006748621817678213, 'training/total_loss': 0.08535987138748169, 'training/value_loss': 0.18421699106693268}
{'eval/num_episodes': 200, 'eval/num_steps': 200, 'eval/mean_score': np.float64(0.952), 'eval/std_score': np.float64(0.05), 'eval/mean_episode_length': np.float64(1.0), 'eval/std_episode_length': np.float64(0.0), 'eval/eval_time': 0.07324099540710449}
{'training/total_steps': 6000, 'training/updates': 3, 'training/sps': np.float64(14527.791), 'training/walltime': np.float64(1.286), 'training/rollout_time': np.float64(0.13), 'training/update_time': np.float64(0.008), 'training/approx_kl': 2.300790038134437e-05, 'training/entropy': 0.6928881406784058, 'training/policy_loss': -0.006745420396327972, 'training/total_loss': 0.08321695029735565, 'training/value_loss': 0.17992475628852844}
{'eval/num_episodes': 200, 'eval/num_steps': 200, 'eval/mean_score': np.float64(0.949), 'eval/std_score': np.float64(0.05), 'eval/mean_episode_length': np.float64(1.0), 'eval/std_episode_length': np.float64(0.0), 'eval/eval_time': 0.07339811325073242}
{'training/total_steps': 8000, 'training/updates': 4, 'training/sps': np.float64(13110.785), 'training/walltime': np.float64(1.513), 'training/rollout_time': np.float64(0.145), 'training/update_time': np.float64(0.008), 'training/approx_kl': 2.3007662093732506e-05, 'training/entropy': 0.6926733255386353, 'training/policy_loss': -0.006751608103513718, 'training/total_loss': 0.08027525246143341, 'training/value_loss': 0.17405372858047485}
{'eval/num_episodes': 200, 'eval/num_steps': 200, 'eval/mean_score': np.float64(0.955), 'eval/std_score': np.float64(0.05), 'eval/mean_episode_length': np.float64(1.0), 'eval/std_episode_length': np.float64(0.0), 'eval/eval_time': 0.07321405410766602}
{'training/total_steps': 10000, 'training/updates': 5, 'training/sps': np.float64(14553.903), 'training/walltime': np.float64(1.724), 'training/rollout_time': np.float64(0.129), 'training/update_time': np.float64(0.008), 'training/approx_kl': 2.3076536308508366e-05, 'training/entropy': 0.692394495010376, 'training/policy_loss': -0.0067673115991055965, 'training/total_loss': 0.07830256223678589, 'training/value_loss': 0.17013975977897644}
{'eval/num_episodes': 200, 'eval/num_steps': 200, 'eval/mean_score': np.float64(0.946), 'eval/std_score': np.float64(0.05), 'eval/mean_episode_length': np.float64(1.0), 'eval/std_episode_length': np.float64(0.0), 'eval/eval_time': 0.07097601890563965}
{'training/total_steps': 12000, 'training/updates': 6, 'training/sps': np.float64(14039.018), 'training/walltime': np.float64(1.937), 'training/rollout_time': np.float64(0.134), 'training/update_time': np.float64(0.008), 'training/approx_kl': 2.3130625777412206e-05, 'training/entropy': 0.692051112651825, 'training/policy_loss': -0.006769160740077496, 'training/total_loss': 0.07617654651403427, 'training/value_loss': 0.16589140892028809}
{'eval/num_episodes': 200, 'eval/num_steps': 200, 'eval/mean_score': np.float64(0.958), 'eval/std_score': np.float64(0.049), 'eval/mean_episode_length': np.float64(1.0), 'eval/std_episode_length': np.float64(0.0), 'eval/eval_time': 0.07201600074768066}
{'training/total_steps': 14000, 'training/updates': 7, 'training/sps': np.float64(14319.38), 'training/walltime': np.float64(2.149), 'training/rollout_time': np.float64(0.132), 'training/update_time': np.float64(0.008), 'training/approx_kl': 2.3102969862520695e-05, 'training/entropy': 0.6916431188583374, 'training/policy_loss': -0.006765239872038364, 'training/total_loss': 0.07345815747976303, 'training/value_loss': 0.16044679284095764}
{'eval/num_episodes': 200, 'eval/num_steps': 200, 'eval/mean_score': np.float64(0.951), 'eval/std_score': np.float64(0.05), 'eval/mean_episode_length': np.float64(1.0), 'eval/std_episode_length': np.float64(0.0), 'eval/eval_time': 0.07187294960021973}
{'training/total_steps': 16000, 'training/updates': 8, 'training/sps': np.float64(14145.287), 'training/walltime': np.float64(2.363), 'training/rollout_time': np.float64(0.133), 'training/update_time': np.float64(0.008), 'training/approx_kl': 2.320882776984945e-05, 'training/entropy': 0.6911705732345581, 'training/policy_loss': -0.006777476519346237, 'training/total_loss': 0.0714234858751297, 'training/value_loss': 0.15640191733837128}
{'eval/num_episodes': 200, 'eval/num_steps': 200, 'eval/mean_score': np.float64(0.955), 'eval/std_score': np.float64(0.05), 'eval/mean_episode_length': np.float64(1.0), 'eval/std_episode_length': np.float64(0.0), 'eval/eval_time': 0.07143902778625488}
{'training/total_steps': 18000, 'training/updates': 9, 'training/sps': np.float64(14218.293), 'training/walltime': np.float64(2.576), 'training/rollout_time': np.float64(0.133), 'training/update_time': np.float64(0.008), 'training/approx_kl': 2.3129254259401932e-05, 'training/entropy': 0.6906337738037109, 'training/policy_loss': -0.0067637208849191666, 'training/total_loss': 0.06895798444747925, 'training/value_loss': 0.15144342184066772}
{'eval/num_episodes': 200, 'eval/num_steps': 200, 'eval/mean_score': np.float64(0.953), 'eval/std_score': np.float64(0.05), 'eval/mean_episode_length': np.float64(1.0), 'eval/std_episode_length': np.float64(0.0), 'eval/eval_time': 0.07007479667663574}
{'training/total_steps': 20000, 'training/updates': 10, 'training/sps': np.float64(13987.378), 'training/walltime': np.float64(2.789), 'training/rollout_time': np.float64(0.135), 'training/update_time': np.float64(0.008), 'training/approx_kl': 2.305656744283624e-05, 'training/entropy': 0.6900322437286377, 'training/policy_loss': -0.006765881087630987, 'training/total_loss': 0.06644690036773682, 'training/value_loss': 0.14642557501792908}
{'eval/num_episodes': 200, 'eval/num_steps': 200, 'eval/mean_score': np.float64(0.959), 'eval/std_score': np.float64(0.049), 'eval/mean_episode_length': np.float64(1.0), 'eval/std_episode_length': np.float64(0.0), 'eval/eval_time': 0.07216501235961914}
{'training/total_steps': 22000, 'training/updates': 11, 'training/sps': np.float64(14234.168), 'training/walltime': np.float64(3.002), 'training/rollout_time': np.float64(0.133), 'training/update_time': np.float64(0.008), 'training/approx_kl': 2.3111582777346484e-05, 'training/entropy': 0.6893664598464966, 'training/policy_loss': -0.0067705269902944565, 'training/total_loss': 0.06452377140522003, 'training/value_loss': 0.14258860051631927}
{'eval/num_episodes': 200, 'eval/num_steps': 200, 'eval/mean_score': np.float64(0.953), 'eval/std_score': np.float64(0.05), 'eval/mean_episode_length': np.float64(1.0), 'eval/std_episode_length': np.float64(0.0), 'eval/eval_time': 0.07189488410949707}
{'training/total_steps': 24000, 'training/updates': 12, 'training/sps': np.float64(14374.713), 'training/walltime': np.float64(3.213), 'training/rollout_time': np.float64(0.131), 'training/update_time': np.float64(0.008), 'training/approx_kl': 2.3143202270148322e-05, 'training/entropy': 0.6886363625526428, 'training/policy_loss': -0.00677743973210454, 'training/total_loss': 0.06254344433546066, 'training/value_loss': 0.13864175975322723}
{'eval/num_episodes': 200, 'eval/num_steps': 200, 'eval/mean_score': np.float64(0.957), 'eval/std_score': np.float64(0.049), 'eval/mean_episode_length': np.float64(1.0), 'eval/std_episode_length': np.float64(0.0), 'eval/eval_time': 0.07140207290649414}
{'training/total_steps': 26000, 'training/updates': 13, 'training/sps': np.float64(14464.564), 'training/walltime': np.float64(3.423), 'training/rollout_time': np.float64(0.13), 'training/update_time': np.float64(0.008), 'training/approx_kl': 2.3078740923665464e-05, 'training/entropy': 0.6878424286842346, 'training/policy_loss': -0.006750068627297878, 'training/total_loss': 0.060323797166347504, 'training/value_loss': 0.1341477334499359}
{'eval/num_episodes': 200, 'eval/num_steps': 200, 'eval/mean_score': np.float64(0.964), 'eval/std_score': np.float64(0.048), 'eval/mean_episode_length': np.float64(1.0), 'eval/std_episode_length': np.float64(0.0), 'eval/eval_time': 0.07124996185302734}
{'training/total_steps': 28000, 'training/updates': 14, 'training/sps': np.float64(14263.211), 'training/walltime': np.float64(3.635), 'training/rollout_time': np.float64(0.132), 'training/update_time': np.float64(0.008), 'training/approx_kl': 2.3219496142701246e-05, 'training/entropy': 0.6869844198226929, 'training/policy_loss': -0.006784828379750252, 'training/total_loss': 0.0586564764380455, 'training/value_loss': 0.1308826059103012}
{'eval/num_episodes': 200, 'eval/num_steps': 200, 'eval/mean_score': np.float64(0.952), 'eval/std_score': np.float64(0.05), 'eval/mean_episode_length': np.float64(1.0), 'eval/std_episode_length': np.float64(0.0), 'eval/eval_time': 0.07239890098571777}
{'training/total_steps': 30000, 'training/updates': 15, 'training/sps': np.float64(14231.029), 'training/walltime': np.float64(3.848), 'training/rollout_time': np.float64(0.132), 'training/update_time': np.float64(0.008), 'training/approx_kl': 2.3435981347574852e-05, 'training/entropy': 0.6860630512237549, 'training/policy_loss': -0.006807323079556227, 'training/total_loss': 0.057146959006786346, 'training/value_loss': 0.12790855765342712}
{'eval/num_episodes': 200, 'eval/num_steps': 200, 'eval/mean_score': np.float64(0.958), 'eval/std_score': np.float64(0.049), 'eval/mean_episode_length': np.float64(1.0), 'eval/std_episode_length': np.float64(0.0), 'eval/eval_time': 0.07208418846130371}
{'training/total_steps': 32000, 'training/updates': 16, 'training/sps': np.float64(14319.063), 'training/walltime': np.float64(4.06), 'training/rollout_time': np.float64(0.132), 'training/update_time': np.float64(0.008), 'training/approx_kl': 2.3007454728940502e-05, 'training/entropy': 0.6850780248641968, 'training/policy_loss': -0.00675622932612896, 'training/total_loss': 0.05440393090248108, 'training/value_loss': 0.12232031673192978}
{'eval/num_episodes': 200, 'eval/num_steps': 200, 'eval/mean_score': np.float64(0.952), 'eval/std_score': np.float64(0.05), 'eval/mean_episode_length': np.float64(1.0), 'eval/std_episode_length': np.float64(0.0), 'eval/eval_time': 0.07194304466247559}
{'training/total_steps': 34000, 'training/updates': 17, 'training/sps': np.float64(13921.083), 'training/walltime': np.float64(4.276), 'training/rollout_time': np.float64(0.136), 'training/update_time': np.float64(0.008), 'training/approx_kl': 2.317255894013215e-05, 'training/entropy': 0.6840299367904663, 'training/policy_loss': -0.006772005930542946, 'training/total_loss': 0.05277976021170616, 'training/value_loss': 0.11910353600978851}
{'eval/num_episodes': 200, 'eval/num_steps': 200, 'eval/mean_score': np.float64(0.958), 'eval/std_score': np.float64(0.049), 'eval/mean_episode_length': np.float64(1.0), 'eval/std_episode_length': np.float64(0.0), 'eval/eval_time': 0.07199788093566895}
{'training/total_steps': 36000, 'training/updates': 18, 'training/sps': np.float64(14351.424), 'training/walltime': np.float64(4.488), 'training/rollout_time': np.float64(0.131), 'training/update_time': np.float64(0.008), 'training/approx_kl': 2.2871525288792327e-05, 'training/entropy': 0.6829190254211426, 'training/policy_loss': -0.006728453561663628, 'training/total_loss': 0.05055709928274155, 'training/value_loss': 0.11457110941410065}
{'eval/num_episodes': 200, 'eval/num_steps': 200, 'eval/mean_score': np.float64(0.957), 'eval/std_score': np.float64(0.05), 'eval/mean_episode_length': np.float64(1.0), 'eval/std_episode_length': np.float64(0.0), 'eval/eval_time': 0.07300186157226562}
{'training/total_steps': 38000, 'training/updates': 19, 'training/sps': np.float64(14146.575), 'training/walltime': np.float64(4.703), 'training/rollout_time': np.float64(0.133), 'training/update_time': np.float64(0.008), 'training/approx_kl': 2.311664866283536e-05, 'training/entropy': 0.6817456483840942, 'training/policy_loss': -0.006764982361346483, 'training/total_loss': 0.0492020919919014, 'training/value_loss': 0.11193415522575378}
{'eval/num_episodes': 200, 'eval/num_steps': 200, 'eval/mean_score': np.float64(0.963), 'eval/std_score': np.float64(0.048), 'eval/mean_episode_length': np.float64(1.0), 'eval/std_episode_length': np.float64(0.0), 'eval/eval_time': 0.07031917572021484}
{'training/total_steps': 40000, 'training/updates': 20, 'training/sps': np.float64(14472.699), 'training/walltime': np.float64(4.911), 'training/rollout_time': np.float64(0.13), 'training/update_time': np.float64(0.008), 'training/approx_kl': 2.2867472580401227e-05, 'training/entropy': 0.6805102825164795, 'training/policy_loss': -0.006722292397171259, 'training/total_loss': 0.04709415137767792, 'training/value_loss': 0.10763289034366608}
{'eval/num_episodes': 200, 'eval/num_steps': 200, 'eval/mean_score': np.float64(0.955), 'eval/std_score': np.float64(0.05), 'eval/mean_episode_length': np.float64(1.0), 'eval/std_episode_length': np.float64(0.0), 'eval/eval_time': 0.07300877571105957}
{'training/total_steps': 42000, 'training/updates': 21, 'training/sps': np.float64(14459.328), 'training/walltime': np.float64(5.123), 'training/rollout_time': np.float64(0.13), 'training/update_time': np.float64(0.008), 'training/approx_kl': 2.2853375412523746e-05, 'training/entropy': 0.6792130470275879, 'training/policy_loss': -0.006719318684190512, 'training/total_loss': 0.04553068429231644, 'training/value_loss': 0.10450001060962677}
{'eval/num_episodes': 200, 'eval/num_steps': 200, 'eval/mean_score': np.float64(0.963), 'eval/std_score': np.float64(0.048), 'eval/mean_episode_length': np.float64(1.0), 'eval/std_episode_length': np.float64(0.0), 'eval/eval_time': 0.0707850456237793}
{'training/total_steps': 44000, 'training/updates': 22, 'training/sps': np.float64(14460.175), 'training/walltime': np.float64(5.333), 'training/rollout_time': np.float64(0.13), 'training/update_time': np.float64(0.008), 'training/approx_kl': 2.3231597879203036e-05, 'training/entropy': 0.6778545379638672, 'training/policy_loss': -0.006782633252441883, 'training/total_loss': 0.04429972171783447, 'training/value_loss': 0.10216471552848816}
{'eval/num_episodes': 200, 'eval/num_steps': 200, 'eval/mean_score': np.float64(0.959), 'eval/std_score': np.float64(0.049), 'eval/mean_episode_length': np.float64(1.0), 'eval/std_episode_length': np.float64(0.0), 'eval/eval_time': 0.07373881340026855}
{'training/total_steps': 46000, 'training/updates': 23, 'training/sps': np.float64(14068.472), 'training/walltime': np.float64(5.549), 'training/rollout_time': np.float64(0.134), 'training/update_time': np.float64(0.008), 'training/approx_kl': 2.3340940970228985e-05, 'training/entropy': 0.6764349937438965, 'training/policy_loss': -0.006790231913328171, 'training/total_loss': 0.04285921901464462, 'training/value_loss': 0.09929890930652618}
{'eval/num_episodes': 200, 'eval/num_steps': 200, 'eval/mean_score': np.float64(0.966), 'eval/std_score': np.float64(0.047), 'eval/mean_episode_length': np.float64(1.0), 'eval/std_episode_length': np.float64(0.0), 'eval/eval_time': 0.0717010498046875}
{'training/total_steps': 48000, 'training/updates': 24, 'training/sps': np.float64(11053.816), 'training/walltime': np.float64(5.802), 'training/rollout_time': np.float64(0.173), 'training/update_time': np.float64(0.008), 'training/approx_kl': 2.2715212253388017e-05, 'training/entropy': 0.6749551296234131, 'training/policy_loss': -0.006711614318192005, 'training/total_loss': 0.04059429094195366, 'training/value_loss': 0.09461180865764618}
{'eval/num_episodes': 200, 'eval/num_steps': 200, 'eval/mean_score': np.float64(0.959), 'eval/std_score': np.float64(0.049), 'eval/mean_episode_length': np.float64(1.0), 'eval/std_episode_length': np.float64(0.0), 'eval/eval_time': 0.08932304382324219}
{'training/total_steps': 50000, 'training/updates': 25, 'training/sps': np.float64(14438.994), 'training/walltime': np.float64(6.03), 'training/rollout_time': np.float64(0.131), 'training/update_time': np.float64(0.008), 'training/approx_kl': 2.2405447452911176e-05, 'training/entropy': 0.673416018486023, 'training/policy_loss': -0.0066553265787661076, 'training/total_loss': 0.03874395787715912, 'training/value_loss': 0.09079856425523758}
{'eval/num_episodes': 200, 'eval/num_steps': 200, 'eval/mean_score': np.float64(0.963), 'eval/std_score': np.float64(0.048), 'eval/mean_episode_length': np.float64(1.0), 'eval/std_episode_length': np.float64(0.0), 'eval/eval_time': 0.07290816307067871}
{'training/total_steps': 52000, 'training/updates': 26, 'training/sps': np.float64(11416.318), 'training/walltime': np.float64(6.278), 'training/rollout_time': np.float64(0.167), 'training/update_time': np.float64(0.008), 'training/approx_kl': 2.2717955289408565e-05, 'training/entropy': 0.6718175411224365, 'training/policy_loss': -0.0066980840638279915, 'training/total_loss': 0.03759296238422394, 'training/value_loss': 0.0885820984840393}
{'eval/num_episodes': 200, 'eval/num_steps': 200, 'eval/mean_score': np.float64(0.957), 'eval/std_score': np.float64(0.05), 'eval/mean_episode_length': np.float64(1.0), 'eval/std_episode_length': np.float64(0.0), 'eval/eval_time': 0.07312488555908203}
{'training/total_steps': 54000, 'training/updates': 27, 'training/sps': np.float64(14258.508), 'training/walltime': np.float64(6.492), 'training/rollout_time': np.float64(0.132), 'training/update_time': np.float64(0.008), 'training/approx_kl': 2.270373806823045e-05, 'training/entropy': 0.6701598763465881, 'training/policy_loss': -0.006707141175866127, 'training/total_loss': 0.0361424945294857, 'training/value_loss': 0.08569927513599396}
{'eval/num_episodes': 200, 'eval/num_steps': 200, 'eval/mean_score': np.float64(0.959), 'eval/std_score': np.float64(0.049), 'eval/mean_episode_length': np.float64(1.0), 'eval/std_episode_length': np.float64(0.0), 'eval/eval_time': 0.07009100914001465}
{'training/total_steps': 56000, 'training/updates': 28, 'training/sps': np.float64(14434.274), 'training/walltime': np.float64(6.701), 'training/rollout_time': np.float64(0.131), 'training/update_time': np.float64(0.008), 'training/approx_kl': 2.2653164705843665e-05, 'training/entropy': 0.6684442758560181, 'training/policy_loss': -0.006690350826829672, 'training/total_loss': 0.03468029201030731, 'training/value_loss': 0.08274129033088684}
{'eval/num_episodes': 200, 'eval/num_steps': 200, 'eval/mean_score': np.float64(0.956), 'eval/std_score': np.float64(0.05), 'eval/mean_episode_length': np.float64(1.0), 'eval/std_episode_length': np.float64(0.0), 'eval/eval_time': 0.07213902473449707}
{'training/total_steps': 58000, 'training/updates': 29, 'training/sps': np.float64(12274.257), 'training/walltime': np.float64(6.937), 'training/rollout_time': np.float64(0.155), 'training/update_time': np.float64(0.008), 'training/approx_kl': 2.260174005641602e-05, 'training/entropy': 0.6666709184646606, 'training/policy_loss': -0.006688469089567661, 'training/total_loss': 0.033342741429805756, 'training/value_loss': 0.08006241917610168}
{'eval/num_episodes': 200, 'eval/num_steps': 200, 'eval/mean_score': np.float64(0.96), 'eval/std_score': np.float64(0.049), 'eval/mean_episode_length': np.float64(1.0), 'eval/std_episode_length': np.float64(0.0), 'eval/eval_time': 0.07173609733581543}
{'training/total_steps': 60000, 'training/updates': 30, 'training/sps': np.float64(14507.841), 'training/walltime': np.float64(7.147), 'training/rollout_time': np.float64(0.13), 'training/update_time': np.float64(0.008), 'training/approx_kl': 2.2766904294257984e-05, 'training/entropy': 0.6648402810096741, 'training/policy_loss': -0.006707126274704933, 'training/total_loss': 0.03211791813373566, 'training/value_loss': 0.07765008509159088}
{'eval/num_episodes': 200, 'eval/num_steps': 200, 'eval/mean_score': np.float64(0.963), 'eval/std_score': np.float64(0.048), 'eval/mean_episode_length': np.float64(1.0), 'eval/std_episode_length': np.float64(0.0), 'eval/eval_time': 0.07480406761169434}
TRAINING END: training duration: 7.2216010093688965
{'final_eval/num_episodes': 200, 'final_eval/num_steps': 200, 'final_eval/mean_score': np.float64(1.0), 'final_eval/std_score': np.float64(0.0), 'final_eval/mean_episode_length': np.float64(1.0), 'final_eval/std_episode_length': np.float64(0.0)}
