|param: value|
|experiment_name:  cleanba_ppo|
|seed:  7|
|platform:  cpu|
|write_logs_to_file:  False|
|save_model:  False|
|env_name:  bandit|
|num_envs:  8|
|num_train_levels:  200|
|distribution_mode:  easy|
|arm_means:  (1.0, 0.9)|
|deterministic_rewards:  True|
|eval_env:  True|
|num_eval_episodes:  200|
|eval_every:  1|
|deterministic_eval:  False|
|total_timesteps:  60000|
|learning_rate:  0.00025|
|adam_eps:  1e-05|
|unroll_length:  250|
|anneal_lr:  False|
|gamma:  0.99|
|gae_lambda:  0.95|
|num_minibatches:  4|
|update_epochs:  4|
|normalize_advantages:  True|
|clip_eps:  0.1|
|clip_vloss:  True|
|entropy_cost:  0.0|
|vf_cost:  0.5|
|max_grad_norm:  0.5|
|use_cnn:  False|
|policy_hidden_layer_sizes:  ()|
|value_hidden_layer_sizes:  ()|
|activation:  <jax._src.custom_derivatives.custom_jvp object at 0x10be80050>|
|policy_init_logit_bias:  [0.0, 6.0]|
{'training/total_steps': 2000, 'training/updates': 1, 'training/sps': np.float64(2244.221), 'training/walltime': np.float64(0.891), 'training/rollout_time': np.float64(0.409), 'training/update_time': np.float64(0.482), 'training/approx_kl': 9.707990500373853e-08, 'training/entropy': 0.01746363937854767, 'training/policy_loss': 0.23957385122776031, 'training/total_loss': 1.6637089252471924, 'training/value_loss': 2.8482704162597656}
{'eval/num_episodes': 200, 'eval/num_steps': 200, 'eval/mean_score': np.float64(0.901), 'eval/std_score': np.float64(0.01), 'eval/mean_episode_length': np.float64(1.0), 'eval/std_episode_length': np.float64(0.0), 'eval/eval_time': 0.10928893089294434}
{'training/total_steps': 4000, 'training/updates': 2, 'training/sps': np.float64(12019.733), 'training/walltime': np.float64(1.167), 'training/rollout_time': np.float64(0.159), 'training/update_time': np.float64(0.008), 'training/approx_kl': 7.28810007899483e-08, 'training/entropy': 0.01765110157430172, 'training/policy_loss': 0.2463001161813736, 'training/total_loss': 1.6608437299728394, 'training/value_loss': 2.829087257385254}
{'eval/num_episodes': 200, 'eval/num_steps': 200, 'eval/mean_score': np.float64(0.901), 'eval/std_score': np.float64(0.01), 'eval/mean_episode_length': np.float64(1.0), 'eval/std_episode_length': np.float64(0.0), 'eval/eval_time': 0.07465291023254395}
{'training/total_steps': 6000, 'training/updates': 3, 'training/sps': np.float64(13433.831), 'training/walltime': np.float64(1.391), 'training/rollout_time': np.float64(0.141), 'training/update_time': np.float64(0.008), 'training/approx_kl': 3.985780381299264e-07, 'training/entropy': 0.017874639481306076, 'training/policy_loss': -0.0008190122316591442, 'training/total_loss': 1.4045937061309814, 'training/value_loss': 2.8108255863189697}
{'eval/num_episodes': 200, 'eval/num_steps': 200, 'eval/mean_score': np.float64(0.9), 'eval/std_score': np.float64(0.007), 'eval/mean_episode_length': np.float64(1.0), 'eval/std_episode_length': np.float64(0.0), 'eval/eval_time': 0.07233405113220215}
{'training/total_steps': 8000, 'training/updates': 4, 'training/sps': np.float64(14349.484), 'training/walltime': np.float64(1.603), 'training/rollout_time': np.float64(0.131), 'training/update_time': np.float64(0.008), 'training/approx_kl': 1.9033265630241658e-07, 'training/entropy': 0.018105801194906235, 'training/policy_loss': -0.4803217947483063, 'training/total_loss': 0.9153865575790405, 'training/value_loss': 2.791416883468628}
{'eval/num_episodes': 200, 'eval/num_steps': 200, 'eval/mean_score': np.float64(0.9), 'eval/std_score': np.float64(0.0), 'eval/mean_episode_length': np.float64(1.0), 'eval/std_episode_length': np.float64(0.0), 'eval/eval_time': 0.07586884498596191}
{'training/total_steps': 10000, 'training/updates': 5, 'training/sps': np.float64(14252.427), 'training/walltime': np.float64(1.82), 'training/rollout_time': np.float64(0.132), 'training/update_time': np.float64(0.008), 'training/approx_kl': 3.04071818391094e-07, 'training/entropy': 0.018330292776226997, 'training/policy_loss': -0.0007217493839561939, 'training/total_loss': 1.3857359886169434, 'training/value_loss': 2.7729153633117676}
{'eval/num_episodes': 200, 'eval/num_steps': 200, 'eval/mean_score': np.float64(0.9), 'eval/std_score': np.float64(0.007), 'eval/mean_episode_length': np.float64(1.0), 'eval/std_episode_length': np.float64(0.0), 'eval/eval_time': 0.07265305519104004}
{'training/total_steps': 12000, 'training/updates': 6, 'training/sps': np.float64(13722.819), 'training/walltime': np.float64(2.038), 'training/rollout_time': np.float64(0.138), 'training/update_time': np.float64(0.008), 'training/approx_kl': 1.9249227989348583e-07, 'training/entropy': 0.01856544055044651, 'training/policy_loss': 0.24613472819328308, 'training/total_loss': 1.6230124235153198, 'training/value_loss': 2.7537553310394287}
{'eval/num_episodes': 200, 'eval/num_steps': 200, 'eval/mean_score': np.float64(0.9), 'eval/std_score': np.float64(0.0), 'eval/mean_episode_length': np.float64(1.0), 'eval/std_episode_length': np.float64(0.0), 'eval/eval_time': 0.07269096374511719}
{'training/total_steps': 14000, 'training/updates': 7, 'training/sps': np.float64(14469.179), 'training/walltime': np.float64(2.25), 'training/rollout_time': np.float64(0.13), 'training/update_time': np.float64(0.008), 'training/approx_kl': 1.8323690653687663e-07, 'training/entropy': 0.018786106258630753, 'training/policy_loss': 0.23944096267223358, 'training/total_loss': 1.6070077419281006, 'training/value_loss': 2.735133647918701}
{'eval/num_episodes': 200, 'eval/num_steps': 200, 'eval/mean_score': np.float64(0.9), 'eval/std_score': np.float64(0.007), 'eval/mean_episode_length': np.float64(1.0), 'eval/std_episode_length': np.float64(0.0), 'eval/eval_time': 0.07444286346435547}
{'training/total_steps': 16000, 'training/updates': 8, 'training/sps': np.float64(13813.706), 'training/walltime': np.float64(2.469), 'training/rollout_time': np.float64(0.135), 'training/update_time': np.float64(0.01), 'training/approx_kl': 2.462703605488059e-07, 'training/entropy': 0.019024010747671127, 'training/policy_loss': -0.24720193445682526, 'training/total_loss': 1.1110875606536865, 'training/value_loss': 2.716578960418701}
{'eval/num_episodes': 200, 'eval/num_steps': 200, 'eval/mean_score': np.float64(0.9), 'eval/std_score': np.float64(0.0), 'eval/mean_episode_length': np.float64(1.0), 'eval/std_episode_length': np.float64(0.0), 'eval/eval_time': 0.07231903076171875}
{'training/total_steps': 18000, 'training/updates': 9, 'training/sps': np.float64(14500.844), 'training/walltime': np.float64(2.68), 'training/rollout_time': np.float64(0.13), 'training/update_time': np.float64(0.008), 'training/approx_kl': 2.763548501150126e-08, 'training/entropy': 0.019209638237953186, 'training/policy_loss': 0.49297934770584106, 'training/total_loss': 1.8416615724563599, 'training/value_loss': 2.697364330291748}
{'eval/num_episodes': 200, 'eval/num_steps': 200, 'eval/mean_score': np.float64(0.901), 'eval/std_score': np.float64(0.01), 'eval/mean_episode_length': np.float64(1.0), 'eval/std_episode_length': np.float64(0.0), 'eval/eval_time': 0.07401680946350098}
{'training/total_steps': 20000, 'training/updates': 10, 'training/sps': np.float64(14202.069), 'training/walltime': np.float64(2.895), 'training/rollout_time': np.float64(0.13), 'training/update_time': np.float64(0.01), 'training/approx_kl': 5.2406686990025264e-08, 'training/entropy': 0.019358493387699127, 'training/policy_loss': -0.2402755618095398, 'training/total_loss': 1.0992438793182373, 'training/value_loss': 2.6790390014648438}
{'eval/num_episodes': 200, 'eval/num_steps': 200, 'eval/mean_score': np.float64(0.9), 'eval/std_score': np.float64(0.0), 'eval/mean_episode_length': np.float64(1.0), 'eval/std_episode_length': np.float64(0.0), 'eval/eval_time': 0.08343219757080078}
{'training/total_steps': 22000, 'training/updates': 11, 'training/sps': np.float64(14587.488), 'training/walltime': np.float64(3.116), 'training/rollout_time': np.float64(0.129), 'training/update_time': np.float64(0.008), 'training/approx_kl': 1.3534062759390508e-07, 'training/entropy': 0.019550256431102753, 'training/policy_loss': -0.0006127195665612817, 'training/total_loss': 1.3297808170318604, 'training/value_loss': 2.6607871055603027}
{'eval/num_episodes': 200, 'eval/num_steps': 200, 'eval/mean_score': np.float64(0.901), 'eval/std_score': np.float64(0.01), 'eval/mean_episode_length': np.float64(1.0), 'eval/std_episode_length': np.float64(0.0), 'eval/eval_time': 0.07156014442443848}
{'training/total_steps': 24000, 'training/updates': 12, 'training/sps': np.float64(13876.156), 'training/walltime': np.float64(3.332), 'training/rollout_time': np.float64(0.136), 'training/update_time': np.float64(0.008), 'training/approx_kl': 3.0581723819977924e-08, 'training/entropy': 0.01973571628332138, 'training/policy_loss': 0.47967857122421265, 'training/total_loss': 1.800622582435608, 'training/value_loss': 2.641887903213501}
{'eval/num_episodes': 200, 'eval/num_steps': 200, 'eval/mean_score': np.float64(0.9), 'eval/std_score': np.float64(0.0), 'eval/mean_episode_length': np.float64(1.0), 'eval/std_episode_length': np.float64(0.0), 'eval/eval_time': 0.06939697265625}
{'training/total_steps': 26000, 'training/updates': 13, 'training/sps': np.float64(14676.2), 'training/walltime': np.float64(3.538), 'training/rollout_time': np.float64(0.128), 'training/update_time': np.float64(0.008), 'training/approx_kl': 1.6511580724909436e-07, 'training/entropy': 0.019941575825214386, 'training/policy_loss': -0.0004319765721447766, 'training/total_loss': 1.3115651607513428, 'training/value_loss': 2.6239941120147705}
{'eval/num_episodes': 200, 'eval/num_steps': 200, 'eval/mean_score': np.float64(0.9), 'eval/std_score': np.float64(0.007), 'eval/mean_episode_length': np.float64(1.0), 'eval/std_episode_length': np.float64(0.0), 'eval/eval_time': 0.07207608222961426}
{'training/total_steps': 28000, 'training/updates': 14, 'training/sps': np.float64(14393.26), 'training/walltime': np.float64(3.749), 'training/rollout_time': np.float64(0.131), 'training/update_time': np.float64(0.008), 'training/approx_kl': 9.637454212452212e-08, 'training/entropy': 0.02016020566225052, 'training/policy_loss': -0.24701543152332306, 'training/total_loss': 1.0557173490524292, 'training/value_loss': 2.6054654121398926}
{'eval/num_episodes': 200, 'eval/num_steps': 200, 'eval/mean_score': np.float64(0.9), 'eval/std_score': np.float64(0.0), 'eval/mean_episode_length': np.float64(1.0), 'eval/std_episode_length': np.float64(0.0), 'eval/eval_time': 0.07171893119812012}
{'training/total_steps': 30000, 'training/updates': 15, 'training/sps': np.float64(14244.295), 'training/walltime': np.float64(3.961), 'training/rollout_time': np.float64(0.133), 'training/update_time': np.float64(0.008), 'training/approx_kl': 1.8685929603634577e-07, 'training/entropy': 0.020390093326568604, 'training/policy_loss': 0.24609164893627167, 'training/total_loss': 1.5398268699645996, 'training/value_loss': 2.587470531463623}
{'eval/num_episodes': 200, 'eval/num_steps': 200, 'eval/mean_score': np.float64(0.9), 'eval/std_score': np.float64(0.007), 'eval/mean_episode_length': np.float64(1.0), 'eval/std_episode_length': np.float64(0.0), 'eval/eval_time': 0.07106924057006836}
{'training/total_steps': 32000, 'training/updates': 16, 'training/sps': np.float64(14418.792), 'training/walltime': np.float64(4.172), 'training/rollout_time': np.float64(0.131), 'training/update_time': np.float64(0.008), 'training/approx_kl': 1.1763244600615508e-07, 'training/entropy': 0.02061455138027668, 'training/policy_loss': -0.2403939962387085, 'training/total_loss': 1.0441428422927856, 'training/value_loss': 2.5690736770629883}
{'eval/num_episodes': 200, 'eval/num_steps': 200, 'eval/mean_score': np.float64(0.9), 'eval/std_score': np.float64(0.0), 'eval/mean_episode_length': np.float64(1.0), 'eval/std_episode_length': np.float64(0.0), 'eval/eval_time': 0.07205605506896973}
{'training/total_steps': 34000, 'training/updates': 17, 'training/sps': np.float64(14601.733), 'training/walltime': np.float64(4.381), 'training/rollout_time': np.float64(0.129), 'training/update_time': np.float64(0.008), 'training/approx_kl': 2.7632492560769606e-07, 'training/entropy': 0.02086375653743744, 'training/policy_loss': -0.0006496291607618332, 'training/total_loss': 1.275011658668518, 'training/value_loss': 2.5513224601745605}
{'eval/num_episodes': 200, 'eval/num_steps': 200, 'eval/mean_score': np.float64(0.9), 'eval/std_score': np.float64(0.0), 'eval/mean_episode_length': np.float64(1.0), 'eval/std_episode_length': np.float64(0.0), 'eval/eval_time': 0.07325577735900879}
{'training/total_steps': 36000, 'training/updates': 18, 'training/sps': np.float64(14280.28), 'training/walltime': np.float64(4.595), 'training/rollout_time': np.float64(0.132), 'training/update_time': np.float64(0.008), 'training/approx_kl': 8.315028594552132e-07, 'training/entropy': 0.021214302629232407, 'training/policy_loss': -0.0012408853508532047, 'training/total_loss': 1.2657028436660767, 'training/value_loss': 2.5338873863220215}
{'eval/num_episodes': 200, 'eval/num_steps': 200, 'eval/mean_score': np.float64(0.9), 'eval/std_score': np.float64(0.007), 'eval/mean_episode_length': np.float64(1.0), 'eval/std_episode_length': np.float64(0.0), 'eval/eval_time': 0.07341289520263672}
{'training/total_steps': 38000, 'training/updates': 19, 'training/sps': np.float64(14121.071), 'training/walltime': np.float64(4.81), 'training/rollout_time': np.float64(0.133), 'training/update_time': np.float64(0.009), 'training/approx_kl': 1.1243407698202645e-06, 'training/entropy': 0.021624762564897537, 'training/policy_loss': -0.0013648129533976316, 'training/total_loss': 1.2566697597503662, 'training/value_loss': 2.5160694122314453}
{'eval/num_episodes': 200, 'eval/num_steps': 200, 'eval/mean_score': np.float64(0.9), 'eval/std_score': np.float64(0.0), 'eval/mean_episode_length': np.float64(1.0), 'eval/std_episode_length': np.float64(0.0), 'eval/eval_time': 0.0726923942565918}
{'training/total_steps': 40000, 'training/updates': 20, 'training/sps': np.float64(14040.522), 'training/walltime': np.float64(5.025), 'training/rollout_time': np.float64(0.135), 'training/update_time': np.float64(0.008), 'training/approx_kl': 4.5391570324682107e-07, 'training/entropy': 0.022000864148139954, 'training/policy_loss': 0.2458857148885727, 'training/total_loss': 1.494637131690979, 'training/value_loss': 2.4975028038024902}
{'eval/num_episodes': 200, 'eval/num_steps': 200, 'eval/mean_score': np.float64(0.9), 'eval/std_score': np.float64(0.0), 'eval/mean_episode_length': np.float64(1.0), 'eval/std_episode_length': np.float64(0.0), 'eval/eval_time': 0.07430768013000488}
{'training/total_steps': 42000, 'training/updates': 21, 'training/sps': np.float64(14101.985), 'training/walltime': np.float64(5.242), 'training/rollout_time': np.float64(0.134), 'training/update_time': np.float64(0.008), 'training/approx_kl': 5.872307156096213e-07, 'training/entropy': 0.02234329842031002, 'training/policy_loss': -0.0010076676262542605, 'training/total_loss': 1.2390015125274658, 'training/value_loss': 2.480018377304077}
{'eval/num_episodes': 200, 'eval/num_steps': 200, 'eval/mean_score': np.float64(0.9), 'eval/std_score': np.float64(0.0), 'eval/mean_episode_length': np.float64(1.0), 'eval/std_episode_length': np.float64(0.0), 'eval/eval_time': 0.07331395149230957}
{'training/total_steps': 44000, 'training/updates': 22, 'training/sps': np.float64(13733.333), 'training/walltime': np.float64(5.461), 'training/rollout_time': np.float64(0.135), 'training/update_time': np.float64(0.011), 'training/approx_kl': 4.1017915464180987e-07, 'training/entropy': 0.022689804434776306, 'training/policy_loss': -0.0009091992396861315, 'training/total_loss': 1.2300469875335693, 'training/value_loss': 2.461912155151367}
{'eval/num_episodes': 200, 'eval/num_steps': 200, 'eval/mean_score': np.float64(0.9), 'eval/std_score': np.float64(0.0), 'eval/mean_episode_length': np.float64(1.0), 'eval/std_episode_length': np.float64(0.0), 'eval/eval_time': 0.0699608325958252}
{'training/total_steps': 46000, 'training/updates': 23, 'training/sps': np.float64(14014.625), 'training/walltime': np.float64(5.674), 'training/rollout_time': np.float64(0.135), 'training/update_time': np.float64(0.008), 'training/approx_kl': 1.9259809391769522e-07, 'training/entropy': 0.022983111441135406, 'training/policy_loss': -0.0004488444537855685, 'training/total_loss': 1.221536636352539, 'training/value_loss': 2.4439709186553955}
{'eval/num_episodes': 200, 'eval/num_steps': 200, 'eval/mean_score': np.float64(0.9), 'eval/std_score': np.float64(0.0), 'eval/mean_episode_length': np.float64(1.0), 'eval/std_episode_length': np.float64(0.0), 'eval/eval_time': 0.07335710525512695}
{'training/total_steps': 48000, 'training/updates': 24, 'training/sps': np.float64(11363.182), 'training/walltime': np.float64(5.924), 'training/rollout_time': np.float64(0.168), 'training/update_time': np.float64(0.008), 'training/approx_kl': 4.249895368957368e-07, 'training/entropy': 0.023282073438167572, 'training/policy_loss': -0.0008853689068928361, 'training/total_loss': 1.212559461593628, 'training/value_loss': 2.426889419555664}
{'eval/num_episodes': 200, 'eval/num_steps': 200, 'eval/mean_score': np.float64(0.901), 'eval/std_score': np.float64(0.01), 'eval/mean_episode_length': np.float64(1.0), 'eval/std_episode_length': np.float64(0.0), 'eval/eval_time': 0.07169008255004883}
{'training/total_steps': 50000, 'training/updates': 25, 'training/sps': np.float64(14421.667), 'training/walltime': np.float64(6.135), 'training/rollout_time': np.float64(0.131), 'training/update_time': np.float64(0.008), 'training/approx_kl': 1.4540810866492393e-07, 'training/entropy': 0.023573875427246094, 'training/policy_loss': 0.2461843341588974, 'training/total_loss': 1.450499415397644, 'training/value_loss': 2.408629894256592}
{'eval/num_episodes': 200, 'eval/num_steps': 200, 'eval/mean_score': np.float64(0.9), 'eval/std_score': np.float64(0.0), 'eval/mean_episode_length': np.float64(1.0), 'eval/std_episode_length': np.float64(0.0), 'eval/eval_time': 0.09206604957580566}
{'training/total_steps': 52000, 'training/updates': 26, 'training/sps': np.float64(14356.459), 'training/walltime': np.float64(6.366), 'training/rollout_time': np.float64(0.131), 'training/update_time': np.float64(0.008), 'training/approx_kl': 2.0018872248783737e-07, 'training/entropy': 0.023837970569729805, 'training/policy_loss': 0.23942062258720398, 'training/total_loss': 1.4350833892822266, 'training/value_loss': 2.3913254737854004}
{'eval/num_episodes': 200, 'eval/num_steps': 200, 'eval/mean_score': np.float64(0.9), 'eval/std_score': np.float64(0.0), 'eval/mean_episode_length': np.float64(1.0), 'eval/std_episode_length': np.float64(0.0), 'eval/eval_time': 0.07072806358337402}
{'training/total_steps': 54000, 'training/updates': 27, 'training/sps': np.float64(14392.445), 'training/walltime': np.float64(6.576), 'training/rollout_time': np.float64(0.131), 'training/update_time': np.float64(0.008), 'training/approx_kl': 3.9567754583913484e-07, 'training/entropy': 0.024151800200343132, 'training/policy_loss': -0.0007110681617632508, 'training/total_loss': 1.186392068862915, 'training/value_loss': 2.374206066131592}
{'eval/num_episodes': 200, 'eval/num_steps': 200, 'eval/mean_score': np.float64(0.9), 'eval/std_score': np.float64(0.0), 'eval/mean_episode_length': np.float64(1.0), 'eval/std_episode_length': np.float64(0.0), 'eval/eval_time': 0.09942197799682617}
{'training/total_steps': 56000, 'training/updates': 28, 'training/sps': np.float64(14275.93), 'training/walltime': np.float64(6.816), 'training/rollout_time': np.float64(0.132), 'training/update_time': np.float64(0.008), 'training/approx_kl': 3.0346183166329865e-07, 'training/entropy': 0.02447943203151226, 'training/policy_loss': -0.0005076184752397239, 'training/total_loss': 1.1777334213256836, 'training/value_loss': 2.3564822673797607}
{'eval/num_episodes': 200, 'eval/num_steps': 200, 'eval/mean_score': np.float64(0.9), 'eval/std_score': np.float64(0.007), 'eval/mean_episode_length': np.float64(1.0), 'eval/std_episode_length': np.float64(0.0), 'eval/eval_time': 0.07280278205871582}
{'training/total_steps': 58000, 'training/updates': 29, 'training/sps': np.float64(14335.286), 'training/walltime': np.float64(7.029), 'training/rollout_time': np.float64(0.129), 'training/update_time': np.float64(0.01), 'training/approx_kl': 3.8722077988495585e-07, 'training/entropy': 0.024805571883916855, 'training/policy_loss': -0.0007920108619146049, 'training/total_loss': 1.1688973903656006, 'training/value_loss': 2.339378833770752}
{'eval/num_episodes': 200, 'eval/num_steps': 200, 'eval/mean_score': np.float64(0.9), 'eval/std_score': np.float64(0.0), 'eval/mean_episode_length': np.float64(1.0), 'eval/std_episode_length': np.float64(0.0), 'eval/eval_time': 0.07050895690917969}
{'training/total_steps': 60000, 'training/updates': 30, 'training/sps': np.float64(14343.62), 'training/walltime': np.float64(7.239), 'training/rollout_time': np.float64(0.132), 'training/update_time': np.float64(0.008), 'training/approx_kl': 7.75990827150963e-08, 'training/entropy': 0.025083541870117188, 'training/policy_loss': -0.49003541469573975, 'training/total_loss': 0.6707420349121094, 'training/value_loss': 2.321554660797119}
{'eval/num_episodes': 200, 'eval/num_steps': 200, 'eval/mean_score': np.float64(0.9), 'eval/std_score': np.float64(0.0), 'eval/mean_episode_length': np.float64(1.0), 'eval/std_episode_length': np.float64(0.0), 'eval/eval_time': 0.07652807235717773}
TRAINING END: training duration: 7.315744161605835
{'final_eval/num_episodes': 200, 'final_eval/num_steps': 200, 'final_eval/mean_score': np.float64(0.8999999761581421), 'final_eval/std_score': np.float64(0.0), 'final_eval/mean_episode_length': np.float64(1.0), 'final_eval/std_episode_length': np.float64(0.0)}
