|param: value|
|experiment_name:  trpo_procgen|
|seed:  7|
|platform:  cpu|
|write_logs_to_file:  False|
|save_model:  False|
|env_name:  bandit|
|num_envs:  8|
|num_train_levels:  200|
|distribution_mode:  easy|
|arm_means:  (1.0, 0.9)|
|deterministic_rewards:  True|
|eval_env:  True|
|num_eval_episodes:  200|
|eval_every:  1|
|deterministic_eval:  False|
|normalize_observations:  True|
|total_timesteps:  60000|
|learning_rate:  0.01|
|unroll_length:  250|
|anneal_lr:  False|
|gamma:  0.99|
|gae_lambda:  0.95|
|batch_size:  1|
|num_minibatches:  8|
|update_epochs:  10|
|normalize_advantages:  True|
|target_kl:  0.01|
|cg_damping:  0.1|
|cg_max_iterations:  10|
|line_search_max_iter:  10|
|line_search_shrinking_factor:  0.8|
|vf_cost:  1.0|
|max_grad_norm:  0.5|
|reward_scaling:  1.0|
|use_cnn:  False|
|policy_hidden_layer_sizes:  ()|
|value_hidden_layer_sizes:  ()|
|activation:  <jax._src.custom_derivatives.custom_jvp object at 0x10be80050>|
|policy_init_logit_bias:  [0.0, 6.0]|
|entropy_cost:  0.0|
{'training/total_steps': 2000, 'training/updates': 1, 'training/sps': np.float64(1352.763), 'training/walltime': np.float64(1.478), 'training/rollout_time': np.float64(0.127), 'training/update_time': np.float64(1.352), 'training/iterations': 1.0, 'training/kl_div': 0.0008307223906740546, 'training/line_search_success': 1.0, 'training/new_policy_objective': 0.47475942969322205, 'training/policy_objective': 0.44807684421539307, 'training/value_loss': 0.010443402454257011}
{'eval/num_episodes': 200, 'eval/num_steps': 200, 'eval/mean_score': np.float64(0.9), 'eval/std_score': np.float64(0.0), 'eval/mean_episode_length': np.float64(1.0), 'eval/std_episode_length': np.float64(0.0), 'eval/eval_time': 0.09189200401306152}
{'training/total_steps': 4000, 'training/updates': 2, 'training/sps': np.float64(17172.387), 'training/walltime': np.float64(1.716), 'training/rollout_time': np.float64(0.113), 'training/update_time': np.float64(0.003), 'training/iterations': 1.0, 'training/kl_div': nan, 'training/line_search_success': 0.5, 'training/new_policy_objective': nan, 'training/policy_objective': 0.11698487401008606, 'training/value_loss': 1.099958080885699e-05}
{'eval/num_episodes': 200, 'eval/num_steps': 200, 'eval/mean_score': np.float64(0.902), 'eval/std_score': np.float64(0.016), 'eval/mean_episode_length': np.float64(1.0), 'eval/std_episode_length': np.float64(0.0), 'eval/eval_time': 0.07748818397521973}
{'training/total_steps': 6000, 'training/updates': 3, 'training/sps': np.float64(17754.119), 'training/walltime': np.float64(1.907), 'training/rollout_time': np.float64(0.109), 'training/update_time': np.float64(0.003), 'training/iterations': 1.0, 'training/kl_div': 0.008921224623918533, 'training/line_search_success': 1.0, 'training/new_policy_objective': 1.0101196765899658, 'training/policy_objective': 0.7563121318817139, 'training/value_loss': 0.00026782741770148277}
{'eval/num_episodes': 200, 'eval/num_steps': 200, 'eval/mean_score': np.float64(0.946), 'eval/std_score': np.float64(0.05), 'eval/mean_episode_length': np.float64(1.0), 'eval/std_episode_length': np.float64(0.0), 'eval/eval_time': 0.0815129280090332}
{'training/total_steps': 8000, 'training/updates': 4, 'training/sps': np.float64(19599.231), 'training/walltime': np.float64(2.091), 'training/rollout_time': np.float64(0.099), 'training/update_time': np.float64(0.003), 'training/iterations': 1.0, 'training/kl_div': 0.00837559811770916, 'training/line_search_success': 1.0, 'training/new_policy_objective': 0.5350418090820312, 'training/policy_objective': 0.427141010761261, 'training/value_loss': 0.0013214334612712264}
{'eval/num_episodes': 200, 'eval/num_steps': 200, 'eval/mean_score': np.float64(0.992), 'eval/std_score': np.float64(0.026), 'eval/mean_episode_length': np.float64(1.0), 'eval/std_episode_length': np.float64(0.0), 'eval/eval_time': 0.07689332962036133}
{'training/total_steps': 10000, 'training/updates': 5, 'training/sps': np.float64(18445.623), 'training/walltime': np.float64(2.277), 'training/rollout_time': np.float64(0.104), 'training/update_time': np.float64(0.005), 'training/iterations': 1.0, 'training/kl_div': 0.003034722525626421, 'training/line_search_success': 1.0, 'training/new_policy_objective': 0.22605568170547485, 'training/policy_objective': 0.19208499789237976, 'training/value_loss': 0.0004094414471182972}
{'eval/num_episodes': 200, 'eval/num_steps': 200, 'eval/mean_score': np.float64(1.0), 'eval/std_score': np.float64(0.0), 'eval/mean_episode_length': np.float64(1.0), 'eval/std_episode_length': np.float64(0.0), 'eval/eval_time': 0.0745539665222168}
{'training/total_steps': 12000, 'training/updates': 6, 'training/sps': np.float64(19731.819), 'training/walltime': np.float64(2.453), 'training/rollout_time': np.float64(0.098), 'training/update_time': np.float64(0.003), 'training/iterations': 1.0, 'training/kl_div': 0.001652704318985343, 'training/line_search_success': 1.0, 'training/new_policy_objective': -0.03385268896818161, 'training/policy_objective': -0.03872539475560188, 'training/value_loss': 4.167713996139355e-06}
{'eval/num_episodes': 200, 'eval/num_steps': 200, 'eval/mean_score': np.float64(0.993), 'eval/std_score': np.float64(0.026), 'eval/mean_episode_length': np.float64(1.0), 'eval/std_episode_length': np.float64(0.0), 'eval/eval_time': 0.07553577423095703}
{'training/total_steps': 14000, 'training/updates': 7, 'training/sps': np.float64(20024.176), 'training/walltime': np.float64(2.629), 'training/rollout_time': np.float64(0.097), 'training/update_time': np.float64(0.003), 'training/iterations': 1.0, 'training/kl_div': 0.0018286051927134395, 'training/line_search_success': 1.0, 'training/new_policy_objective': 0.1731216311454773, 'training/policy_objective': 0.1464354395866394, 'training/value_loss': 0.0001973833714146167}
{'eval/num_episodes': 200, 'eval/num_steps': 200, 'eval/mean_score': np.float64(1.0), 'eval/std_score': np.float64(0.0), 'eval/mean_episode_length': np.float64(1.0), 'eval/std_episode_length': np.float64(0.0), 'eval/eval_time': 0.07220911979675293}
{'training/total_steps': 16000, 'training/updates': 8, 'training/sps': np.float64(19153.254), 'training/walltime': np.float64(2.806), 'training/rollout_time': np.float64(0.098), 'training/update_time': np.float64(0.006), 'training/iterations': 1.0, 'training/kl_div': nan, 'training/line_search_success': 0.125, 'training/new_policy_objective': nan, 'training/policy_objective': -3.5762788286319847e-09, 'training/value_loss': 3.1743145427753916e-06}
{'eval/num_episodes': 200, 'eval/num_steps': 200, 'eval/mean_score': np.float64(1.0), 'eval/std_score': np.float64(0.0), 'eval/mean_episode_length': np.float64(1.0), 'eval/std_episode_length': np.float64(0.0), 'eval/eval_time': 0.071685791015625}
{'training/total_steps': 18000, 'training/updates': 9, 'training/sps': np.float64(14484.144), 'training/walltime': np.float64(3.017), 'training/rollout_time': np.float64(0.133), 'training/update_time': np.float64(0.005), 'training/iterations': 1.0, 'training/kl_div': 0.0012380932457745075, 'training/line_search_success': 1.0, 'training/new_policy_objective': -0.00036114471731707454, 'training/policy_objective': -0.0003624834935180843, 'training/value_loss': 1.0303792541410672e-10}
{'eval/num_episodes': 200, 'eval/num_steps': 200, 'eval/mean_score': np.float64(0.996), 'eval/std_score': np.float64(0.02), 'eval/mean_episode_length': np.float64(1.0), 'eval/std_episode_length': np.float64(0.0), 'eval/eval_time': 0.07574701309204102}
{'training/total_steps': 20000, 'training/updates': 10, 'training/sps': np.float64(19634.049), 'training/walltime': np.float64(3.195), 'training/rollout_time': np.float64(0.099), 'training/update_time': np.float64(0.003), 'training/iterations': 1.0, 'training/kl_div': 0.0014129506889730692, 'training/line_search_success': 1.0, 'training/new_policy_objective': 0.162651926279068, 'training/policy_objective': 0.1392572522163391, 'training/value_loss': 0.00016695049998816103}
{'eval/num_episodes': 200, 'eval/num_steps': 200, 'eval/mean_score': np.float64(1.0), 'eval/std_score': np.float64(0.0), 'eval/mean_episode_length': np.float64(1.0), 'eval/std_episode_length': np.float64(0.0), 'eval/eval_time': 0.07010912895202637}
{'training/total_steps': 22000, 'training/updates': 11, 'training/sps': np.float64(20468.906), 'training/walltime': np.float64(3.363), 'training/rollout_time': np.float64(0.095), 'training/update_time': np.float64(0.003), 'training/iterations': 1.0, 'training/kl_div': 0.0015217522159218788, 'training/line_search_success': 1.0, 'training/new_policy_objective': -0.022548139095306396, 'training/policy_objective': -0.02265411615371704, 'training/value_loss': 4.560169770684297e-07}
{'eval/num_episodes': 200, 'eval/num_steps': 200, 'eval/mean_score': np.float64(0.996), 'eval/std_score': np.float64(0.02), 'eval/mean_episode_length': np.float64(1.0), 'eval/std_episode_length': np.float64(0.0), 'eval/eval_time': 0.07347989082336426}
{'training/total_steps': 24000, 'training/updates': 12, 'training/sps': np.float64(19341.38), 'training/walltime': np.float64(3.54), 'training/rollout_time': np.float64(0.1), 'training/update_time': np.float64(0.003), 'training/iterations': 1.0, 'training/kl_div': 0.0017043330008164048, 'training/line_search_success': 1.0, 'training/new_policy_objective': 0.1564379334449768, 'training/policy_objective': 0.13295616209506989, 'training/value_loss': 0.00015997981245163828}
{'eval/num_episodes': 200, 'eval/num_steps': 200, 'eval/mean_score': np.float64(1.0), 'eval/std_score': np.float64(0.0), 'eval/mean_episode_length': np.float64(1.0), 'eval/std_episode_length': np.float64(0.0), 'eval/eval_time': 0.07785606384277344}
{'training/total_steps': 26000, 'training/updates': 13, 'training/sps': np.float64(17352.809), 'training/walltime': np.float64(3.734), 'training/rollout_time': np.float64(0.112), 'training/update_time': np.float64(0.003), 'training/iterations': 1.0, 'training/kl_div': 0.0018904502503573895, 'training/line_search_success': 1.0, 'training/new_policy_objective': -0.022478898987174034, 'training/policy_objective': -0.02261553518474102, 'training/value_loss': 4.004906202226266e-07}
{'eval/num_episodes': 200, 'eval/num_steps': 200, 'eval/mean_score': np.float64(0.995), 'eval/std_score': np.float64(0.021), 'eval/mean_episode_length': np.float64(1.0), 'eval/std_episode_length': np.float64(0.0), 'eval/eval_time': 0.07504415512084961}
{'training/total_steps': 28000, 'training/updates': 14, 'training/sps': np.float64(19369.158), 'training/walltime': np.float64(3.913), 'training/rollout_time': np.float64(0.1), 'training/update_time': np.float64(0.003), 'training/iterations': 1.0, 'training/kl_div': 0.0020760430488735437, 'training/line_search_success': 1.0, 'training/new_policy_objective': 0.18640324473381042, 'training/policy_objective': 0.1578955054283142, 'training/value_loss': 0.00022478276514448225}
{'eval/num_episodes': 200, 'eval/num_steps': 200, 'eval/mean_score': np.float64(1.0), 'eval/std_score': np.float64(0.0), 'eval/mean_episode_length': np.float64(1.0), 'eval/std_episode_length': np.float64(0.0), 'eval/eval_time': 0.07705974578857422}
{'training/total_steps': 30000, 'training/updates': 15, 'training/sps': np.float64(19738.273), 'training/walltime': np.float64(4.092), 'training/rollout_time': np.float64(0.098), 'training/update_time': np.float64(0.003), 'training/iterations': 1.0, 'training/kl_div': 0.0023637241683900356, 'training/line_search_success': 1.0, 'training/new_policy_objective': -0.04375696927309036, 'training/policy_objective': -0.04410692676901817, 'training/value_loss': 9.490728984928865e-07}
{'eval/num_episodes': 200, 'eval/num_steps': 200, 'eval/mean_score': np.float64(0.995), 'eval/std_score': np.float64(0.021), 'eval/mean_episode_length': np.float64(1.0), 'eval/std_episode_length': np.float64(0.0), 'eval/eval_time': 0.07137894630432129}
{'training/total_steps': 32000, 'training/updates': 16, 'training/sps': np.float64(20013.427), 'training/walltime': np.float64(4.263), 'training/rollout_time': np.float64(0.097), 'training/update_time': np.float64(0.003), 'training/iterations': 1.0, 'training/kl_div': 0.0025450647808611393, 'training/line_search_success': 1.0, 'training/new_policy_objective': 0.2000161111354828, 'training/policy_objective': 0.16908487677574158, 'training/value_loss': 0.00026109744794666767}
{'eval/num_episodes': 200, 'eval/num_steps': 200, 'eval/mean_score': np.float64(1.0), 'eval/std_score': np.float64(0.0), 'eval/mean_episode_length': np.float64(1.0), 'eval/std_episode_length': np.float64(0.0), 'eval/eval_time': 0.0745692253112793}
{'training/total_steps': 34000, 'training/updates': 17, 'training/sps': np.float64(19808.653), 'training/walltime': np.float64(4.439), 'training/rollout_time': np.float64(0.098), 'training/update_time': np.float64(0.003), 'training/iterations': 1.0, 'training/kl_div': 0.0029580697882920504, 'training/line_search_success': 1.0, 'training/new_policy_objective': -0.04345778748393059, 'training/policy_objective': -0.04392096400260925, 'training/value_loss': 1.1313507002341794e-06}
{'eval/num_episodes': 200, 'eval/num_steps': 200, 'eval/mean_score': np.float64(0.992), 'eval/std_score': np.float64(0.027), 'eval/mean_episode_length': np.float64(1.0), 'eval/std_episode_length': np.float64(0.0), 'eval/eval_time': 0.07284688949584961}
{'training/total_steps': 36000, 'training/updates': 18, 'training/sps': np.float64(20416.895), 'training/walltime': np.float64(4.611), 'training/rollout_time': np.float64(0.095), 'training/update_time': np.float64(0.003), 'training/iterations': 1.0, 'training/kl_div': 0.0031250333413481712, 'training/line_search_success': 1.0, 'training/new_policy_objective': 0.24089832603931427, 'training/policy_objective': 0.2029586136341095, 'training/value_loss': 0.00037875608541071415}
{'eval/num_episodes': 200, 'eval/num_steps': 200, 'eval/mean_score': np.float64(1.0), 'eval/std_score': np.float64(0.0), 'eval/mean_episode_length': np.float64(1.0), 'eval/std_episode_length': np.float64(0.0), 'eval/eval_time': 0.0717308521270752}
{'training/total_steps': 38000, 'training/updates': 19, 'training/sps': np.float64(19839.339), 'training/walltime': np.float64(4.784), 'training/rollout_time': np.float64(0.096), 'training/update_time': np.float64(0.005), 'training/iterations': 1.0, 'training/kl_div': 0.003681952366605401, 'training/line_search_success': 1.0, 'training/new_policy_objective': -0.08236382901668549, 'training/policy_objective': -0.08354127407073975, 'training/value_loss': 2.47078105530818e-06}
{'eval/num_episodes': 200, 'eval/num_steps': 200, 'eval/mean_score': np.float64(0.989), 'eval/std_score': np.float64(0.031), 'eval/mean_episode_length': np.float64(1.0), 'eval/std_episode_length': np.float64(0.0), 'eval/eval_time': 0.07560610771179199}
{'training/total_steps': 40000, 'training/updates': 20, 'training/sps': np.float64(19763.99), 'training/walltime': np.float64(4.961), 'training/rollout_time': np.float64(0.098), 'training/update_time': np.float64(0.003), 'training/iterations': 1.0, 'training/kl_div': 0.003819981822744012, 'training/line_search_success': 1.0, 'training/new_policy_objective': 0.27783316373825073, 'training/policy_objective': 0.23542815446853638, 'training/value_loss': 0.0004946634289808571}
{'eval/num_episodes': 200, 'eval/num_steps': 200, 'eval/mean_score': np.float64(0.999), 'eval/std_score': np.float64(0.007), 'eval/mean_episode_length': np.float64(1.0), 'eval/std_episode_length': np.float64(0.0), 'eval/eval_time': 0.0725700855255127}
{'training/total_steps': 42000, 'training/updates': 21, 'training/sps': np.float64(19318.619), 'training/walltime': np.float64(5.138), 'training/rollout_time': np.float64(0.1), 'training/update_time': np.float64(0.003), 'training/iterations': 1.0, 'training/kl_div': 0.0037804204039275646, 'training/line_search_success': 1.0, 'training/new_policy_objective': -0.30595532059669495, 'training/policy_objective': -0.48482489585876465, 'training/value_loss': 6.3390434661414474e-06}
{'eval/num_episodes': 200, 'eval/num_steps': 200, 'eval/mean_score': np.float64(0.995), 'eval/std_score': np.float64(0.022), 'eval/mean_episode_length': np.float64(1.0), 'eval/std_episode_length': np.float64(0.0), 'eval/eval_time': 0.07274222373962402}
{'training/total_steps': 44000, 'training/updates': 22, 'training/sps': np.float64(20616.858), 'training/walltime': np.float64(5.308), 'training/rollout_time': np.float64(0.094), 'training/update_time': np.float64(0.003), 'training/iterations': 1.0, 'training/kl_div': 0.0027542971074581146, 'training/line_search_success': 1.0, 'training/new_policy_objective': 0.2341930866241455, 'training/policy_objective': 0.19877144694328308, 'training/value_loss': 0.00035845040110871196}
{'eval/num_episodes': 200, 'eval/num_steps': 200, 'eval/mean_score': np.float64(1.0), 'eval/std_score': np.float64(0.0), 'eval/mean_episode_length': np.float64(1.0), 'eval/std_episode_length': np.float64(0.0), 'eval/eval_time': 0.07193493843078613}
{'training/total_steps': 46000, 'training/updates': 23, 'training/sps': np.float64(19634.784), 'training/walltime': np.float64(5.482), 'training/rollout_time': np.float64(0.098), 'training/update_time': np.float64(0.003), 'training/iterations': 1.0, 'training/kl_div': 0.0032208673655986786, 'training/line_search_success': 1.0, 'training/new_policy_objective': -0.04330730810761452, 'training/policy_objective': -0.04382381960749626, 'training/value_loss': 2.1431085315271048e-06}
{'eval/num_episodes': 200, 'eval/num_steps': 200, 'eval/mean_score': np.float64(0.989), 'eval/std_score': np.float64(0.031), 'eval/mean_episode_length': np.float64(1.0), 'eval/std_episode_length': np.float64(0.0), 'eval/eval_time': 0.0722799301147461}
{'training/total_steps': 48000, 'training/updates': 24, 'training/sps': np.float64(18924.034), 'training/walltime': np.float64(5.66), 'training/rollout_time': np.float64(0.102), 'training/update_time': np.float64(0.003), 'training/iterations': 1.0, 'training/kl_div': 0.003378784516826272, 'training/line_search_success': 1.0, 'training/new_policy_objective': 0.258356511592865, 'training/policy_objective': 0.21928581595420837, 'training/value_loss': 0.00043185907998122275}
{'eval/num_episodes': 200, 'eval/num_steps': 200, 'eval/mean_score': np.float64(1.0), 'eval/std_score': np.float64(0.0), 'eval/mean_episode_length': np.float64(1.0), 'eval/std_episode_length': np.float64(0.0), 'eval/eval_time': 0.0707857608795166}
{'training/total_steps': 50000, 'training/updates': 25, 'training/sps': np.float64(19705.584), 'training/walltime': np.float64(5.833), 'training/rollout_time': np.float64(0.098), 'training/update_time': np.float64(0.003), 'training/iterations': 1.0, 'training/kl_div': nan, 'training/line_search_success': 0.0, 'training/new_policy_objective': nan, 'training/policy_objective': 0.0, 'training/value_loss': 2.76645573649148e-06}
{'eval/num_episodes': 200, 'eval/num_steps': 200, 'eval/mean_score': np.float64(1.0), 'eval/std_score': np.float64(0.0), 'eval/mean_episode_length': np.float64(1.0), 'eval/std_episode_length': np.float64(0.0), 'eval/eval_time': 0.07147908210754395}
{'training/total_steps': 52000, 'training/updates': 26, 'training/sps': np.float64(19757.38), 'training/walltime': np.float64(6.006), 'training/rollout_time': np.float64(0.098), 'training/update_time': np.float64(0.003), 'training/iterations': 1.0, 'training/kl_div': 2.9496046408894472e-05, 'training/line_search_success': 1.0, 'training/new_policy_objective': 0.008492568507790565, 'training/policy_objective': 0.008438460528850555, 'training/value_loss': 2.503509449525154e-06}
{'eval/num_episodes': 200, 'eval/num_steps': 200, 'eval/mean_score': np.float64(1.0), 'eval/std_score': np.float64(0.0), 'eval/mean_episode_length': np.float64(1.0), 'eval/std_episode_length': np.float64(0.0), 'eval/eval_time': 0.06987404823303223}
{'training/total_steps': 54000, 'training/updates': 27, 'training/sps': np.float64(19710.909), 'training/walltime': np.float64(6.178), 'training/rollout_time': np.float64(0.098), 'training/update_time': np.float64(0.003), 'training/iterations': 1.0, 'training/kl_div': nan, 'training/line_search_success': 0.0, 'training/new_policy_objective': nan, 'training/policy_objective': 0.0, 'training/value_loss': 4.457098856658348e-10}
{'eval/num_episodes': 200, 'eval/num_steps': 200, 'eval/mean_score': np.float64(1.0), 'eval/std_score': np.float64(0.0), 'eval/mean_episode_length': np.float64(1.0), 'eval/std_episode_length': np.float64(0.0), 'eval/eval_time': 0.07239413261413574}
{'training/total_steps': 56000, 'training/updates': 28, 'training/sps': np.float64(19881.139), 'training/walltime': np.float64(6.352), 'training/rollout_time': np.float64(0.097), 'training/update_time': np.float64(0.003), 'training/iterations': 1.0, 'training/kl_div': nan, 'training/line_search_success': 0.75, 'training/new_policy_objective': nan, 'training/policy_objective': -1.1368259947630577e-05, 'training/value_loss': 1.0456080310394453e-13}
{'eval/num_episodes': 200, 'eval/num_steps': 200, 'eval/mean_score': np.float64(1.0), 'eval/std_score': np.float64(0.0), 'eval/mean_episode_length': np.float64(1.0), 'eval/std_episode_length': np.float64(0.0), 'eval/eval_time': 0.07556819915771484}
{'training/total_steps': 58000, 'training/updates': 29, 'training/sps': np.float64(20150.585), 'training/walltime': np.float64(6.527), 'training/rollout_time': np.float64(0.096), 'training/update_time': np.float64(0.003), 'training/iterations': 1.0, 'training/kl_div': nan, 'training/line_search_success': 0.0, 'training/new_policy_objective': nan, 'training/policy_objective': 0.0, 'training/value_loss': 0.0}
{'eval/num_episodes': 200, 'eval/num_steps': 200, 'eval/mean_score': np.float64(1.0), 'eval/std_score': np.float64(0.0), 'eval/mean_episode_length': np.float64(1.0), 'eval/std_episode_length': np.float64(0.0), 'eval/eval_time': 0.07426786422729492}
{'training/total_steps': 60000, 'training/updates': 30, 'training/sps': np.float64(19940.971), 'training/walltime': np.float64(6.702), 'training/rollout_time': np.float64(0.097), 'training/update_time': np.float64(0.003), 'training/iterations': 1.0, 'training/kl_div': nan, 'training/line_search_success': 0.0, 'training/new_policy_objective': nan, 'training/policy_objective': 0.0, 'training/value_loss': 0.0}
{'eval/num_episodes': 200, 'eval/num_steps': 200, 'eval/mean_score': np.float64(1.0), 'eval/std_score': np.float64(0.0), 'eval/mean_episode_length': np.float64(1.0), 'eval/std_episode_length': np.float64(0.0), 'eval/eval_time': 0.0937199592590332}
TRAINING END: training duration: 6.7962071895599365
{'final_eval/num_episodes': 200, 'final_eval/num_steps': 200, 'final_eval/mean_score': np.float64(1.0), 'final_eval/std_score': np.float64(0.0), 'final_eval/mean_episode_length': np.float64(1.0), 'final_eval/std_episode_length': np.float64(0.0)}
