|param: value|
|experiment_name:  reinforce_procgen|
|seed:  6|
|platform:  cpu|
|write_logs_to_file:  False|
|save_model:  False|
|env_name:  bandit|
|num_envs:  1|
|num_train_levels:  200|
|distribution_mode:  easy|
|arm_means:  (1.0, 0.9)|
|deterministic_rewards:  True|
|eval_env:  True|
|num_eval_episodes:  200|
|eval_every:  1|
|deterministic_eval:  False|
|normalize_observations:  True|
|total_timesteps:  60000|
|learning_rate:  0.5|
|optimizer:  sgd|
|unroll_length:  2048|
|anneal_lr:  False|
|gamma:  0.99|
|batch_size:  1|
|num_minibatches:  1|
|update_epochs:  1|
|entropy_cost:  0.0|
|max_grad_norm:  0.5|
|reward_scaling:  1.0|
|use_cnn:  False|
|policy_hidden_layer_sizes:  ()|
|value_hidden_layer_sizes:  ()|
|activation:  <jax._src.custom_derivatives.custom_jvp object at 0x1033ef290>|
|policy_init_logit_bias:  [0.0, 4.0]|
{'training/total_steps': 2000, 'training/updates': 1, 'training/sps': np.float64(2005.869), 'training/walltime': np.float64(0.997), 'training/rollout_time': np.float64(0.421), 'training/update_time': np.float64(0.576), 'training/approx_kl': 0.0, 'training/entropy': 0.09009480476379395, 'training/policy_loss': 0.10469698160886765, 'training/total_loss': 0.7857622504234314, 'training/value_loss': 1.3621305227279663}
{'eval/num_episodes': 200, 'eval/num_steps': 200, 'eval/mean_score': np.float64(0.902), 'eval/std_score': np.float64(0.014), 'eval/mean_episode_length': np.float64(1.0), 'eval/std_episode_length': np.float64(0.0), 'eval/eval_time': 0.07352304458618164}
{'training/total_steps': 4000, 'training/updates': 2, 'training/sps': np.float64(6094.685), 'training/walltime': np.float64(1.399), 'training/rollout_time': np.float64(0.326), 'training/update_time': np.float64(0.002), 'training/approx_kl': 0.0, 'training/entropy': 0.09008996933698654, 'training/policy_loss': 0.0785946249961853, 'training/total_loss': 0.40963730216026306, 'training/value_loss': 0.6620853543281555}
{'eval/num_episodes': 200, 'eval/num_steps': 200, 'eval/mean_score': np.float64(0.901), 'eval/std_score': np.float64(0.012), 'eval/mean_episode_length': np.float64(1.0), 'eval/std_episode_length': np.float64(0.0), 'eval/eval_time': 0.07565808296203613}
{'training/total_steps': 6000, 'training/updates': 3, 'training/sps': np.float64(6099.479), 'training/walltime': np.float64(1.803), 'training/rollout_time': np.float64(0.326), 'training/update_time': np.float64(0.001), 'training/approx_kl': 0.0, 'training/entropy': 0.09017132967710495, 'training/policy_loss': 0.05971606448292732, 'training/total_loss': 0.16589443385601044, 'training/value_loss': 0.21235673129558563}
{'eval/num_episodes': 200, 'eval/num_steps': 200, 'eval/mean_score': np.float64(0.901), 'eval/std_score': np.float64(0.012), 'eval/mean_episode_length': np.float64(1.0), 'eval/std_episode_length': np.float64(0.0), 'eval/eval_time': 0.07749414443969727}
{'training/total_steps': 8000, 'training/updates': 4, 'training/sps': np.float64(5557.022), 'training/walltime': np.float64(2.241), 'training/rollout_time': np.float64(0.358), 'training/update_time': np.float64(0.002), 'training/approx_kl': 0.0, 'training/entropy': 0.09066623449325562, 'training/policy_loss': 0.01830093003809452, 'training/total_loss': 0.024097681045532227, 'training/value_loss': 0.011593503877520561}
{'eval/num_episodes': 200, 'eval/num_steps': 200, 'eval/mean_score': np.float64(0.901), 'eval/std_score': np.float64(0.012), 'eval/mean_episode_length': np.float64(1.0), 'eval/std_episode_length': np.float64(0.0), 'eval/eval_time': 0.07743573188781738}
{'training/total_steps': 10000, 'training/updates': 5, 'training/sps': np.float64(5867.616), 'training/walltime': np.float64(2.66), 'training/rollout_time': np.float64(0.339), 'training/update_time': np.float64(0.001), 'training/approx_kl': 0.0, 'training/entropy': 0.09097359329462051, 'training/policy_loss': 0.006637880578637123, 'training/total_loss': 0.0067214807495474815, 'training/value_loss': 0.00016719997802283615}
{'eval/num_episodes': 200, 'eval/num_steps': 200, 'eval/mean_score': np.float64(0.902), 'eval/std_score': np.float64(0.016), 'eval/mean_episode_length': np.float64(1.0), 'eval/std_episode_length': np.float64(0.0), 'eval/eval_time': 0.07403874397277832}
{'training/total_steps': 12000, 'training/updates': 6, 'training/sps': np.float64(5153.217), 'training/walltime': np.float64(3.122), 'training/rollout_time': np.float64(0.387), 'training/update_time': np.float64(0.001), 'training/approx_kl': 0.0, 'training/entropy': 0.09121210128068924, 'training/policy_loss': 0.004887377843260765, 'training/total_loss': 0.004949198104441166, 'training/value_loss': 0.00012364008580334485}
{'eval/num_episodes': 200, 'eval/num_steps': 200, 'eval/mean_score': np.float64(0.901), 'eval/std_score': np.float64(0.01), 'eval/mean_episode_length': np.float64(1.0), 'eval/std_episode_length': np.float64(0.0), 'eval/eval_time': 0.08591413497924805}
{'training/total_steps': 14000, 'training/updates': 7, 'training/sps': np.float64(6151.841), 'training/walltime': np.float64(3.534), 'training/rollout_time': np.float64(0.324), 'training/update_time': np.float64(0.002), 'training/approx_kl': 0.0, 'training/entropy': 0.09138910472393036, 'training/policy_loss': 0.0076803951524198055, 'training/total_loss': 0.007776238955557346, 'training/value_loss': 0.00019168772269040346}
{'eval/num_episodes': 200, 'eval/num_steps': 200, 'eval/mean_score': np.float64(0.901), 'eval/std_score': np.float64(0.012), 'eval/mean_episode_length': np.float64(1.0), 'eval/std_episode_length': np.float64(0.0), 'eval/eval_time': 0.06931781768798828}
{'training/total_steps': 16000, 'training/updates': 8, 'training/sps': np.float64(5826.066), 'training/walltime': np.float64(3.947), 'training/rollout_time': np.float64(0.342), 'training/update_time': np.float64(0.001), 'training/approx_kl': 0.0, 'training/entropy': 0.09166313707828522, 'training/policy_loss': 0.006626046262681484, 'training/total_loss': 0.006709632463753223, 'training/value_loss': 0.00016717259131837636}
{'eval/num_episodes': 200, 'eval/num_steps': 200, 'eval/mean_score': np.float64(0.901), 'eval/std_score': np.float64(0.012), 'eval/mean_episode_length': np.float64(1.0), 'eval/std_episode_length': np.float64(0.0), 'eval/eval_time': 0.07172703742980957}
{'training/total_steps': 18000, 'training/updates': 9, 'training/sps': np.float64(5980.018), 'training/walltime': np.float64(4.353), 'training/rollout_time': np.float64(0.333), 'training/update_time': np.float64(0.001), 'training/approx_kl': 0.0, 'training/entropy': 0.09190338850021362, 'training/policy_loss': 0.005660588387399912, 'training/total_loss': 0.0057320683263242245, 'training/value_loss': 0.00014296008157543838}
{'eval/num_episodes': 200, 'eval/num_steps': 200, 'eval/mean_score': np.float64(0.901), 'eval/std_score': np.float64(0.01), 'eval/mean_episode_length': np.float64(1.0), 'eval/std_episode_length': np.float64(0.0), 'eval/eval_time': 0.0701591968536377}
{'training/total_steps': 20000, 'training/updates': 10, 'training/sps': np.float64(6473.89), 'training/walltime': np.float64(4.733), 'training/rollout_time': np.float64(0.308), 'training/update_time': np.float64(0.001), 'training/approx_kl': 0.0, 'training/entropy': 0.09210944175720215, 'training/policy_loss': 0.008428558707237244, 'training/total_loss': 0.008533992804586887, 'training/value_loss': 0.00021086771448608488}
{'eval/num_episodes': 200, 'eval/num_steps': 200, 'eval/mean_score': np.float64(0.903), 'eval/std_score': np.float64(0.017), 'eval/mean_episode_length': np.float64(1.0), 'eval/std_episode_length': np.float64(0.0), 'eval/eval_time': 0.07135701179504395}
{'training/total_steps': 22000, 'training/updates': 11, 'training/sps': np.float64(5364.308), 'training/walltime': np.float64(5.177), 'training/rollout_time': np.float64(0.371), 'training/update_time': np.float64(0.002), 'training/approx_kl': 0.0, 'training/entropy': 0.09241344034671783, 'training/policy_loss': 0.005811206065118313, 'training/total_loss': 0.005885292310267687, 'training/value_loss': 0.0001481725339544937}
{'eval/num_episodes': 200, 'eval/num_steps': 200, 'eval/mean_score': np.float64(0.902), 'eval/std_score': np.float64(0.016), 'eval/mean_episode_length': np.float64(1.0), 'eval/std_episode_length': np.float64(0.0), 'eval/eval_time': 0.08155083656311035}
{'training/total_steps': 24000, 'training/updates': 12, 'training/sps': np.float64(6195.729), 'training/walltime': np.float64(5.582), 'training/rollout_time': np.float64(0.321), 'training/update_time': np.float64(0.001), 'training/approx_kl': 0.0, 'training/entropy': 0.09262759238481522, 'training/policy_loss': 0.008015858940780163, 'training/total_loss': 0.008116409182548523, 'training/value_loss': 0.0002011000906350091}
{'eval/num_episodes': 200, 'eval/num_steps': 200, 'eval/mean_score': np.float64(0.902), 'eval/std_score': np.float64(0.016), 'eval/mean_episode_length': np.float64(1.0), 'eval/std_episode_length': np.float64(0.0), 'eval/eval_time': 0.07417678833007812}
{'training/total_steps': 26000, 'training/updates': 13, 'training/sps': np.float64(6341.995), 'training/walltime': np.float64(5.972), 'training/rollout_time': np.float64(0.314), 'training/update_time': np.float64(0.001), 'training/approx_kl': 0.0, 'training/entropy': 0.09291911870241165, 'training/policy_loss': 0.006978189572691917, 'training/total_loss': 0.007066600956022739, 'training/value_loss': 0.0001768225192790851}
{'eval/num_episodes': 200, 'eval/num_steps': 200, 'eval/mean_score': np.float64(0.901), 'eval/std_score': np.float64(0.012), 'eval/mean_episode_length': np.float64(1.0), 'eval/std_episode_length': np.float64(0.0), 'eval/eval_time': 0.0692298412322998}
{'training/total_steps': 28000, 'training/updates': 14, 'training/sps': np.float64(5796.268), 'training/walltime': np.float64(6.386), 'training/rollout_time': np.float64(0.344), 'training/update_time': np.float64(0.002), 'training/approx_kl': 0.0, 'training/entropy': 0.09317637979984283, 'training/policy_loss': 0.005237334407866001, 'training/total_loss': 0.005304024554789066, 'training/value_loss': 0.00013338006101548672}
{'eval/num_episodes': 200, 'eval/num_steps': 200, 'eval/mean_score': np.float64(0.902), 'eval/std_score': np.float64(0.014), 'eval/mean_episode_length': np.float64(1.0), 'eval/std_episode_length': np.float64(0.0), 'eval/eval_time': 0.07035183906555176}
{'training/total_steps': 30000, 'training/updates': 15, 'training/sps': np.float64(6518.051), 'training/walltime': np.float64(6.764), 'training/rollout_time': np.float64(0.305), 'training/update_time': np.float64(0.001), 'training/approx_kl': 0.0, 'training/entropy': 0.09337091445922852, 'training/policy_loss': 0.007814337499439716, 'training/total_loss': 0.007912549190223217, 'training/value_loss': 0.0001964226394193247}
{'eval/num_episodes': 200, 'eval/num_steps': 200, 'eval/mean_score': np.float64(0.901), 'eval/std_score': np.float64(0.01), 'eval/mean_episode_length': np.float64(1.0), 'eval/std_episode_length': np.float64(0.0), 'eval/eval_time': 0.07170915603637695}
{'training/total_steps': 32000, 'training/updates': 16, 'training/sps': np.float64(5934.682), 'training/walltime': np.float64(7.173), 'training/rollout_time': np.float64(0.336), 'training/update_time': np.float64(0.001), 'training/approx_kl': 0.0, 'training/entropy': 0.09365750849246979, 'training/policy_loss': 0.0065757413394749165, 'training/total_loss': 0.006659341510385275, 'training/value_loss': 0.00016720006533432752}
{'eval/num_episodes': 200, 'eval/num_steps': 200, 'eval/mean_score': np.float64(0.901), 'eval/std_score': np.float64(0.01), 'eval/mean_episode_length': np.float64(1.0), 'eval/std_episode_length': np.float64(0.0), 'eval/eval_time': 0.07097697257995605}
{'training/total_steps': 34000, 'training/updates': 17, 'training/sps': np.float64(6322.65), 'training/walltime': np.float64(7.561), 'training/rollout_time': np.float64(0.315), 'training/update_time': np.float64(0.001), 'training/approx_kl': 0.0, 'training/entropy': 0.09390252828598022, 'training/policy_loss': 0.00581619655713439, 'training/total_loss': 0.00589009141549468, 'training/value_loss': 0.0001477900514146313}
{'eval/num_episodes': 200, 'eval/num_steps': 200, 'eval/mean_score': np.float64(0.903), 'eval/std_score': np.float64(0.018), 'eval/mean_episode_length': np.float64(1.0), 'eval/std_episode_length': np.float64(0.0), 'eval/eval_time': 0.06917691230773926}
{'training/total_steps': 36000, 'training/updates': 18, 'training/sps': np.float64(6532.812), 'training/walltime': np.float64(7.936), 'training/rollout_time': np.float64(0.305), 'training/update_time': np.float64(0.002), 'training/approx_kl': 0.0, 'training/entropy': 0.09411963075399399, 'training/policy_loss': 0.007193957455456257, 'training/total_loss': 0.0072848075069487095, 'training/value_loss': 0.00018170008843299001}
{'eval/num_episodes': 200, 'eval/num_steps': 200, 'eval/mean_score': np.float64(0.904), 'eval/std_score': np.float64(0.02), 'eval/mean_episode_length': np.float64(1.0), 'eval/std_episode_length': np.float64(0.0), 'eval/eval_time': 0.06985306739807129}
{'training/total_steps': 38000, 'training/updates': 19, 'training/sps': np.float64(5265.459), 'training/walltime': np.float64(8.387), 'training/rollout_time': np.float64(0.378), 'training/update_time': np.float64(0.002), 'training/approx_kl': 0.0, 'training/entropy': 0.0943869948387146, 'training/policy_loss': 0.007932484149932861, 'training/total_loss': 0.0080329030752182, 'training/value_loss': 0.0002008375886362046}
{'eval/num_episodes': 200, 'eval/num_steps': 200, 'eval/mean_score': np.float64(0.902), 'eval/std_score': np.float64(0.014), 'eval/mean_episode_length': np.float64(1.0), 'eval/std_episode_length': np.float64(0.0), 'eval/eval_time': 0.07865691184997559}
{'training/total_steps': 40000, 'training/updates': 20, 'training/sps': np.float64(2983.013), 'training/walltime': np.float64(9.136), 'training/rollout_time': np.float64(0.668), 'training/update_time': np.float64(0.002), 'training/approx_kl': 0.0, 'training/entropy': 0.09468340873718262, 'training/policy_loss': 0.005773084703832865, 'training/total_loss': 0.005847110878676176, 'training/value_loss': 0.00014805252430960536}
{'eval/num_episodes': 200, 'eval/num_steps': 200, 'eval/mean_score': np.float64(0.901), 'eval/std_score': np.float64(0.012), 'eval/mean_episode_length': np.float64(1.0), 'eval/std_episode_length': np.float64(0.0), 'eval/eval_time': 0.17712903022766113}
{'training/total_steps': 42000, 'training/updates': 21, 'training/sps': np.float64(4430.269), 'training/walltime': np.float64(9.765), 'training/rollout_time': np.float64(0.45), 'training/update_time': np.float64(0.002), 'training/approx_kl': 0.0, 'training/entropy': 0.09490228444337845, 'training/policy_loss': 0.008537570014595985, 'training/total_loss': 0.008645394816994667, 'training/value_loss': 0.00021565009956248105}
{'eval/num_episodes': 200, 'eval/num_steps': 200, 'eval/mean_score': np.float64(0.902), 'eval/std_score': np.float64(0.014), 'eval/mean_episode_length': np.float64(1.0), 'eval/std_episode_length': np.float64(0.0), 'eval/eval_time': 0.0802149772644043}
{'training/total_steps': 44000, 'training/updates': 22, 'training/sps': np.float64(5545.359), 'training/walltime': np.float64(10.206), 'training/rollout_time': np.float64(0.359), 'training/update_time': np.float64(0.001), 'training/approx_kl': 0.0, 'training/entropy': 0.09522182494401932, 'training/policy_loss': 0.0074885934591293335, 'training/total_loss': 0.007584223523736, 'training/value_loss': 0.0001912601146614179}
{'eval/num_episodes': 200, 'eval/num_steps': 200, 'eval/mean_score': np.float64(0.901), 'eval/std_score': np.float64(0.012), 'eval/mean_episode_length': np.float64(1.0), 'eval/std_episode_length': np.float64(0.0), 'eval/eval_time': 0.07651495933532715}
{'training/total_steps': 46000, 'training/updates': 23, 'training/sps': np.float64(6108.683), 'training/walltime': np.float64(10.611), 'training/rollout_time': np.float64(0.326), 'training/update_time': np.float64(0.001), 'training/approx_kl': 0.0, 'training/entropy': 0.09550641477108002, 'training/policy_loss': 0.006151361856609583, 'training/total_loss': 0.006230143364518881, 'training/value_loss': 0.0001575626083649695}
{'eval/num_episodes': 200, 'eval/num_steps': 200, 'eval/mean_score': np.float64(0.903), 'eval/std_score': np.float64(0.018), 'eval/mean_episode_length': np.float64(1.0), 'eval/std_episode_length': np.float64(0.0), 'eval/eval_time': 0.07983589172363281}
{'training/total_steps': 48000, 'training/updates': 24, 'training/sps': np.float64(5092.192), 'training/walltime': np.float64(11.084), 'training/rollout_time': np.float64(0.391), 'training/update_time': np.float64(0.001), 'training/approx_kl': 0.0, 'training/entropy': 0.09574128687381744, 'training/policy_loss': 0.007726866286247969, 'training/total_loss': 0.007824946194887161, 'training/value_loss': 0.00019616006466094404}
{'eval/num_episodes': 200, 'eval/num_steps': 200, 'eval/mean_score': np.float64(0.902), 'eval/std_score': np.float64(0.016), 'eval/mean_episode_length': np.float64(1.0), 'eval/std_episode_length': np.float64(0.0), 'eval/eval_time': 0.08031368255615234}
{'training/total_steps': 50000, 'training/updates': 25, 'training/sps': np.float64(4960.653), 'training/walltime': np.float64(11.568), 'training/rollout_time': np.float64(0.401), 'training/update_time': np.float64(0.002), 'training/approx_kl': 0.0, 'training/entropy': 0.09603451937437057, 'training/policy_loss': 0.005750134587287903, 'training/total_loss': 0.005824134685099125, 'training/value_loss': 0.00014800005010329187}
{'eval/num_episodes': 200, 'eval/num_steps': 200, 'eval/mean_score': np.float64(0.902), 'eval/std_score': np.float64(0.014), 'eval/mean_episode_length': np.float64(1.0), 'eval/std_episode_length': np.float64(0.0), 'eval/eval_time': 0.12516522407531738}
{'training/total_steps': 52000, 'training/updates': 26, 'training/sps': np.float64(4646.967), 'training/walltime': np.float64(12.124), 'training/rollout_time': np.float64(0.429), 'training/update_time': np.float64(0.002), 'training/approx_kl': 0.0, 'training/entropy': 0.09625627100467682, 'training/policy_loss': 0.007529363967478275, 'training/total_loss': 0.007625063881278038, 'training/value_loss': 0.0001914001040859148}
{'eval/num_episodes': 200, 'eval/num_steps': 200, 'eval/mean_score': np.float64(0.901), 'eval/std_score': np.float64(0.012), 'eval/mean_episode_length': np.float64(1.0), 'eval/std_episode_length': np.float64(0.0), 'eval/eval_time': 0.07918190956115723}
{'training/total_steps': 54000, 'training/updates': 27, 'training/sps': np.float64(5543.27), 'training/walltime': np.float64(12.564), 'training/rollout_time': np.float64(0.359), 'training/update_time': np.float64(0.001), 'training/approx_kl': 0.0, 'training/entropy': 0.09654355049133301, 'training/policy_loss': 0.007671569008380175, 'training/total_loss': 0.007769570220261812, 'training/value_loss': 0.00019600258383434266}
{'eval/num_episodes': 200, 'eval/num_steps': 200, 'eval/mean_score': np.float64(0.901), 'eval/std_score': np.float64(0.01), 'eval/mean_episode_length': np.float64(1.0), 'eval/std_episode_length': np.float64(0.0), 'eval/eval_time': 0.07611203193664551}
{'training/total_steps': 56000, 'training/updates': 28, 'training/sps': np.float64(4368.341), 'training/walltime': np.float64(13.098), 'training/rollout_time': np.float64(0.456), 'training/update_time': np.float64(0.001), 'training/approx_kl': 0.0, 'training/entropy': 0.09683889150619507, 'training/policy_loss': 0.010353551246225834, 'training/total_loss': 0.010485151782631874, 'training/value_loss': 0.0002632001996971667}
{'eval/num_episodes': 200, 'eval/num_steps': 200, 'eval/mean_score': np.float64(0.901), 'eval/std_score': np.float64(0.012), 'eval/mean_episode_length': np.float64(1.0), 'eval/std_episode_length': np.float64(0.0), 'eval/eval_time': 0.07263994216918945}
{'training/total_steps': 58000, 'training/updates': 29, 'training/sps': np.float64(5565.808), 'training/walltime': np.float64(13.531), 'training/rollout_time': np.float64(0.358), 'training/update_time': np.float64(0.001), 'training/approx_kl': 0.0, 'training/entropy': 0.09723664820194244, 'training/policy_loss': 0.008343439549207687, 'training/total_loss': 0.008451144210994244, 'training/value_loss': 0.00021541008027270436}
{'eval/num_episodes': 200, 'eval/num_steps': 200, 'eval/mean_score': np.float64(0.902), 'eval/std_score': np.float64(0.016), 'eval/mean_episode_length': np.float64(1.0), 'eval/std_episode_length': np.float64(0.0), 'eval/eval_time': 0.07425904273986816}
{'training/total_steps': 60000, 'training/updates': 30, 'training/sps': np.float64(6218.809), 'training/walltime': np.float64(13.927), 'training/rollout_time': np.float64(0.32), 'training/update_time': np.float64(0.001), 'training/approx_kl': 0.0, 'training/entropy': 0.09756280481815338, 'training/policy_loss': 0.0068541462533175945, 'training/total_loss': 0.006942606531083584, 'training/value_loss': 0.0001769200898706913}
{'eval/num_episodes': 200, 'eval/num_steps': 200, 'eval/mean_score': np.float64(0.901), 'eval/std_score': np.float64(0.01), 'eval/mean_episode_length': np.float64(1.0), 'eval/std_episode_length': np.float64(0.0), 'eval/eval_time': 0.0723109245300293}
TRAINING END: training duration: 13.999572038650513
{'final_eval/num_episodes': 200, 'final_eval/num_steps': 200, 'final_eval/mean_score': np.float64(0.8999999761581421), 'final_eval/std_score': np.float64(0.0), 'final_eval/mean_episode_length': np.float64(1.0), 'final_eval/std_episode_length': np.float64(0.0)}
