|param: value|
|experiment_name:  trpo_procgen|
|seed:  6|
|platform:  cpu|
|write_logs_to_file:  False|
|save_model:  False|
|env_name:  bandit|
|num_envs:  8|
|num_train_levels:  200|
|distribution_mode:  easy|
|arm_means:  (1.0, 0.9)|
|deterministic_rewards:  True|
|eval_env:  True|
|num_eval_episodes:  200|
|eval_every:  1|
|deterministic_eval:  False|
|normalize_observations:  True|
|total_timesteps:  60000|
|learning_rate:  0.01|
|unroll_length:  250|
|anneal_lr:  False|
|gamma:  0.99|
|gae_lambda:  0.95|
|batch_size:  1|
|num_minibatches:  8|
|update_epochs:  10|
|normalize_advantages:  True|
|target_kl:  0.01|
|cg_damping:  0.1|
|cg_max_iterations:  10|
|line_search_max_iter:  10|
|line_search_shrinking_factor:  0.8|
|vf_cost:  1.0|
|max_grad_norm:  0.5|
|reward_scaling:  1.0|
|use_cnn:  False|
|policy_hidden_layer_sizes:  ()|
|value_hidden_layer_sizes:  ()|
|activation:  <jax._src.custom_derivatives.custom_jvp object at 0x1033ef290>|
|policy_init_logit_bias:  [0.0, 4.0]|
|entropy_cost:  0.0|
{'training/total_steps': 2000, 'training/updates': 1, 'training/sps': np.float64(1432.246), 'training/walltime': np.float64(1.396), 'training/rollout_time': np.float64(0.118), 'training/update_time': np.float64(1.278), 'training/iterations': 1.0, 'training/kl_div': 0.00820999313145876, 'training/line_search_success': 1.0, 'training/new_policy_objective': 1.3720293045043945, 'training/policy_objective': 1.0003044605255127, 'training/value_loss': 0.1707068532705307}
{'eval/num_episodes': 200, 'eval/num_steps': 200, 'eval/mean_score': np.float64(0.938), 'eval/std_score': np.float64(0.049), 'eval/mean_episode_length': np.float64(1.0), 'eval/std_episode_length': np.float64(0.0), 'eval/eval_time': 0.07701683044433594}
{'training/total_steps': 4000, 'training/updates': 2, 'training/sps': np.float64(19359.949), 'training/walltime': np.float64(1.595), 'training/rollout_time': np.float64(0.1), 'training/update_time': np.float64(0.003), 'training/iterations': 1.0, 'training/kl_div': 0.00874989666044712, 'training/line_search_success': 1.0, 'training/new_policy_objective': 0.5939164161682129, 'training/policy_objective': 0.4691373109817505, 'training/value_loss': 0.0011712932027876377}
{'eval/num_episodes': 200, 'eval/num_steps': 200, 'eval/mean_score': np.float64(0.98), 'eval/std_score': np.float64(0.04), 'eval/mean_episode_length': np.float64(1.0), 'eval/std_episode_length': np.float64(0.0), 'eval/eval_time': 0.07546591758728027}
{'training/total_steps': 6000, 'training/updates': 3, 'training/sps': np.float64(19417.265), 'training/walltime': np.float64(1.774), 'training/rollout_time': np.float64(0.1), 'training/update_time': np.float64(0.003), 'training/iterations': 1.0, 'training/kl_div': 0.004530307836830616, 'training/line_search_success': 1.0, 'training/new_policy_objective': 0.2972729206085205, 'training/policy_objective': 0.24835656583309174, 'training/value_loss': 0.0007114051259122789}
{'eval/num_episodes': 200, 'eval/num_steps': 200, 'eval/mean_score': np.float64(1.0), 'eval/std_score': np.float64(0.0), 'eval/mean_episode_length': np.float64(1.0), 'eval/std_episode_length': np.float64(0.0), 'eval/eval_time': 0.07271504402160645}
{'training/total_steps': 8000, 'training/updates': 4, 'training/sps': np.float64(17414.301), 'training/walltime': np.float64(1.962), 'training/rollout_time': np.float64(0.112), 'training/update_time': np.float64(0.003), 'training/iterations': 1.0, 'training/kl_div': 0.002265794202685356, 'training/line_search_success': 1.0, 'training/new_policy_objective': -0.09858176857233047, 'training/policy_objective': -0.15063810348510742, 'training/value_loss': 1.382663322146982e-05}
{'eval/num_episodes': 200, 'eval/num_steps': 200, 'eval/mean_score': np.float64(0.997), 'eval/std_score': np.float64(0.016), 'eval/mean_episode_length': np.float64(1.0), 'eval/std_episode_length': np.float64(0.0), 'eval/eval_time': 0.07462406158447266}
{'training/total_steps': 10000, 'training/updates': 5, 'training/sps': np.float64(19818.34), 'training/walltime': np.float64(2.138), 'training/rollout_time': np.float64(0.098), 'training/update_time': np.float64(0.003), 'training/iterations': 1.0, 'training/kl_div': 0.0016551290173083544, 'training/line_search_success': 1.0, 'training/new_policy_objective': 0.14913082122802734, 'training/policy_objective': 0.12746529281139374, 'training/value_loss': 0.0001460114144720137}
{'eval/num_episodes': 200, 'eval/num_steps': 200, 'eval/mean_score': np.float64(1.0), 'eval/std_score': np.float64(0.0), 'eval/mean_episode_length': np.float64(1.0), 'eval/std_episode_length': np.float64(0.0), 'eval/eval_time': 0.07137084007263184}
{'training/total_steps': 12000, 'training/updates': 6, 'training/sps': np.float64(20118.303), 'training/walltime': np.float64(2.309), 'training/rollout_time': np.float64(0.096), 'training/update_time': np.float64(0.004), 'training/iterations': 1.0, 'training/kl_div': 0.0006986389635130763, 'training/line_search_success': 1.0, 'training/new_policy_objective': -0.12856024503707886, 'training/policy_objective': -0.28601932525634766, 'training/value_loss': 2.9369919047894655e-06}
{'eval/num_episodes': 200, 'eval/num_steps': 200, 'eval/mean_score': np.float64(1.0), 'eval/std_score': np.float64(0.0), 'eval/mean_episode_length': np.float64(1.0), 'eval/std_episode_length': np.float64(0.0), 'eval/eval_time': 0.07093977928161621}
{'training/total_steps': 14000, 'training/updates': 7, 'training/sps': np.float64(20011.613), 'training/walltime': np.float64(2.481), 'training/rollout_time': np.float64(0.097), 'training/update_time': np.float64(0.003), 'training/iterations': 1.0, 'training/kl_div': 0.0006799099501222372, 'training/line_search_success': 1.0, 'training/new_policy_objective': 0.09890519082546234, 'training/policy_objective': 0.08854910731315613, 'training/value_loss': 5.9346784837543964e-05}
{'eval/num_episodes': 200, 'eval/num_steps': 200, 'eval/mean_score': np.float64(1.0), 'eval/std_score': np.float64(0.0), 'eval/mean_episode_length': np.float64(1.0), 'eval/std_episode_length': np.float64(0.0), 'eval/eval_time': 0.06994104385375977}
{'training/total_steps': 16000, 'training/updates': 8, 'training/sps': np.float64(20148.504), 'training/walltime': np.float64(2.65), 'training/rollout_time': np.float64(0.096), 'training/update_time': np.float64(0.003), 'training/iterations': 1.0, 'training/kl_div': 0.000642246101051569, 'training/line_search_success': 1.0, 'training/new_policy_objective': -0.01147075742483139, 'training/policy_objective': -0.011491429060697556, 'training/value_loss': 6.154365195243372e-08}
{'eval/num_episodes': 200, 'eval/num_steps': 200, 'eval/mean_score': np.float64(0.998), 'eval/std_score': np.float64(0.014), 'eval/mean_episode_length': np.float64(1.0), 'eval/std_episode_length': np.float64(0.0), 'eval/eval_time': 0.0802769660949707}
{'training/total_steps': 18000, 'training/updates': 9, 'training/sps': np.float64(15776.987), 'training/walltime': np.float64(2.858), 'training/rollout_time': np.float64(0.124), 'training/update_time': np.float64(0.003), 'training/iterations': 1.0, 'training/kl_div': 0.0007749127689749002, 'training/line_search_success': 1.0, 'training/new_policy_objective': 0.09617428481578827, 'training/policy_objective': 0.0803837925195694, 'training/value_loss': 6.179430056363344e-05}
{'eval/num_episodes': 200, 'eval/num_steps': 200, 'eval/mean_score': np.float64(1.0), 'eval/std_score': np.float64(0.0), 'eval/mean_episode_length': np.float64(1.0), 'eval/std_episode_length': np.float64(0.0), 'eval/eval_time': 0.07419180870056152}
{'training/total_steps': 20000, 'training/updates': 10, 'training/sps': np.float64(20420.672), 'training/walltime': np.float64(3.03), 'training/rollout_time': np.float64(0.095), 'training/update_time': np.float64(0.003), 'training/iterations': 1.0, 'training/kl_div': nan, 'training/line_search_success': 0.0, 'training/new_policy_objective': nan, 'training/policy_objective': 0.0, 'training/value_loss': 5.608578845794909e-08}
{'eval/num_episodes': 200, 'eval/num_steps': 200, 'eval/mean_score': np.float64(1.0), 'eval/std_score': np.float64(0.0), 'eval/mean_episode_length': np.float64(1.0), 'eval/std_episode_length': np.float64(0.0), 'eval/eval_time': 0.07489681243896484}
{'training/total_steps': 22000, 'training/updates': 11, 'training/sps': np.float64(20062.201), 'training/walltime': np.float64(3.205), 'training/rollout_time': np.float64(0.097), 'training/update_time': np.float64(0.003), 'training/iterations': 1.0, 'training/kl_div': nan, 'training/line_search_success': 0.0, 'training/new_policy_objective': nan, 'training/policy_objective': 0.0, 'training/value_loss': 1.0506840189550282e-11}
{'eval/num_episodes': 200, 'eval/num_steps': 200, 'eval/mean_score': np.float64(1.0), 'eval/std_score': np.float64(0.0), 'eval/mean_episode_length': np.float64(1.0), 'eval/std_episode_length': np.float64(0.0), 'eval/eval_time': 0.07161307334899902}
{'training/total_steps': 24000, 'training/updates': 12, 'training/sps': np.float64(20067.672), 'training/walltime': np.float64(3.377), 'training/rollout_time': np.float64(0.096), 'training/update_time': np.float64(0.003), 'training/iterations': 1.0, 'training/kl_div': nan, 'training/line_search_success': 0.375, 'training/new_policy_objective': nan, 'training/policy_objective': -1.42086344112613e-06, 'training/value_loss': 4.884981414229807e-16}
{'eval/num_episodes': 200, 'eval/num_steps': 200, 'eval/mean_score': np.float64(1.0), 'eval/std_score': np.float64(0.0), 'eval/mean_episode_length': np.float64(1.0), 'eval/std_episode_length': np.float64(0.0), 'eval/eval_time': 0.07038211822509766}
{'training/total_steps': 26000, 'training/updates': 13, 'training/sps': np.float64(16649.779), 'training/walltime': np.float64(3.568), 'training/rollout_time': np.float64(0.117), 'training/update_time': np.float64(0.003), 'training/iterations': 1.0, 'training/kl_div': nan, 'training/line_search_success': 0.0, 'training/new_policy_objective': nan, 'training/policy_objective': 0.0, 'training/value_loss': 0.0}
{'eval/num_episodes': 200, 'eval/num_steps': 200, 'eval/mean_score': np.float64(1.0), 'eval/std_score': np.float64(0.0), 'eval/mean_episode_length': np.float64(1.0), 'eval/std_episode_length': np.float64(0.0), 'eval/eval_time': 0.07784509658813477}
{'training/total_steps': 28000, 'training/updates': 14, 'training/sps': np.float64(18402.689), 'training/walltime': np.float64(3.755), 'training/rollout_time': np.float64(0.105), 'training/update_time': np.float64(0.003), 'training/iterations': 1.0, 'training/kl_div': nan, 'training/line_search_success': 0.125, 'training/new_policy_objective': nan, 'training/policy_objective': 3.814697446813398e-09, 'training/value_loss': 2.5003389509947738e-06}
{'eval/num_episodes': 200, 'eval/num_steps': 200, 'eval/mean_score': np.float64(1.0), 'eval/std_score': np.float64(0.0), 'eval/mean_episode_length': np.float64(1.0), 'eval/std_episode_length': np.float64(0.0), 'eval/eval_time': 0.07587194442749023}
{'training/total_steps': 30000, 'training/updates': 15, 'training/sps': np.float64(15159.103), 'training/walltime': np.float64(3.963), 'training/rollout_time': np.float64(0.128), 'training/update_time': np.float64(0.004), 'training/iterations': 1.0, 'training/kl_div': 0.002231249585747719, 'training/line_search_success': 1.0, 'training/new_policy_objective': -0.0003581251366995275, 'training/policy_objective': -0.0003607907274272293, 'training/value_loss': 8.310268445610447e-11}
{'eval/num_episodes': 200, 'eval/num_steps': 200, 'eval/mean_score': np.float64(0.996), 'eval/std_score': np.float64(0.02), 'eval/mean_episode_length': np.float64(1.0), 'eval/std_episode_length': np.float64(0.0), 'eval/eval_time': 0.09117388725280762}
{'training/total_steps': 32000, 'training/updates': 16, 'training/sps': np.float64(16956.788), 'training/walltime': np.float64(4.173), 'training/rollout_time': np.float64(0.114), 'training/update_time': np.float64(0.003), 'training/iterations': 1.0, 'training/kl_div': 0.0024145187344402075, 'training/line_search_success': 1.0, 'training/new_policy_objective': 0.1923968493938446, 'training/policy_objective': 0.16277635097503662, 'training/value_loss': 0.0002474332577548921}
{'eval/num_episodes': 200, 'eval/num_steps': 200, 'eval/mean_score': np.float64(1.0), 'eval/std_score': np.float64(0.0), 'eval/mean_episode_length': np.float64(1.0), 'eval/std_episode_length': np.float64(0.0), 'eval/eval_time': 0.08054709434509277}
{'training/total_steps': 34000, 'training/updates': 17, 'training/sps': np.float64(11452.197), 'training/walltime': np.float64(4.428), 'training/rollout_time': np.float64(0.17), 'training/update_time': np.float64(0.004), 'training/iterations': 1.0, 'training/kl_div': 0.002793272025883198, 'training/line_search_success': 1.0, 'training/new_policy_objective': -0.04354631155729294, 'training/policy_objective': -0.04397706687450409, 'training/value_loss': 1.0431100463392795e-06}
{'eval/num_episodes': 200, 'eval/num_steps': 200, 'eval/mean_score': np.float64(0.993), 'eval/std_score': np.float64(0.026), 'eval/mean_episode_length': np.float64(1.0), 'eval/std_episode_length': np.float64(0.0), 'eval/eval_time': 0.07510089874267578}
{'training/total_steps': 36000, 'training/updates': 18, 'training/sps': np.float64(17176.677), 'training/walltime': np.float64(4.62), 'training/rollout_time': np.float64(0.113), 'training/update_time': np.float64(0.004), 'training/iterations': 1.0, 'training/kl_div': 0.0029651059303432703, 'training/line_search_success': 1.0, 'training/new_policy_objective': 0.2441057562828064, 'training/policy_objective': 0.20875881612300873, 'training/value_loss': 0.0003768175083678216}
{'eval/num_episodes': 200, 'eval/num_steps': 200, 'eval/mean_score': np.float64(1.0), 'eval/std_score': np.float64(0.0), 'eval/mean_episode_length': np.float64(1.0), 'eval/std_episode_length': np.float64(0.0), 'eval/eval_time': 0.07537412643432617}
{'training/total_steps': 38000, 'training/updates': 19, 'training/sps': np.float64(19009.2), 'training/walltime': np.float64(4.801), 'training/rollout_time': np.float64(0.1), 'training/update_time': np.float64(0.005), 'training/iterations': 1.0, 'training/kl_div': 0.0034837829880416393, 'training/line_search_success': 1.0, 'training/new_policy_objective': -0.04314488172531128, 'training/policy_objective': -0.04371675103902817, 'training/value_loss': 2.2295114376902347e-06}
{'eval/num_episodes': 200, 'eval/num_steps': 200, 'eval/mean_score': np.float64(0.986), 'eval/std_score': np.float64(0.035), 'eval/mean_episode_length': np.float64(1.0), 'eval/std_episode_length': np.float64(0.0), 'eval/eval_time': 0.07525014877319336}
{'training/total_steps': 40000, 'training/updates': 20, 'training/sps': np.float64(19608.623), 'training/walltime': np.float64(4.979), 'training/rollout_time': np.float64(0.099), 'training/update_time': np.float64(0.003), 'training/iterations': 1.0, 'training/kl_div': 0.003630994586274028, 'training/line_search_success': 1.0, 'training/new_policy_objective': 0.27262890338897705, 'training/policy_objective': 0.23113194108009338, 'training/value_loss': 0.0004741034936159849}
{'eval/num_episodes': 200, 'eval/num_steps': 200, 'eval/mean_score': np.float64(1.0), 'eval/std_score': np.float64(0.0), 'eval/mean_episode_length': np.float64(1.0), 'eval/std_episode_length': np.float64(0.0), 'eval/eval_time': 0.09358382225036621}
{'training/total_steps': 42000, 'training/updates': 21, 'training/sps': np.float64(18670.893), 'training/walltime': np.float64(5.18), 'training/rollout_time': np.float64(0.104), 'training/update_time': np.float64(0.003), 'training/iterations': 1.0, 'training/kl_div': nan, 'training/line_search_success': 0.25, 'training/new_policy_objective': nan, 'training/policy_objective': 0.004631749354302883, 'training/value_loss': 8.694706593814772e-06}
{'eval/num_episodes': 200, 'eval/num_steps': 200, 'eval/mean_score': np.float64(1.0), 'eval/std_score': np.float64(0.0), 'eval/mean_episode_length': np.float64(1.0), 'eval/std_episode_length': np.float64(0.0), 'eval/eval_time': 0.07523989677429199}
{'training/total_steps': 44000, 'training/updates': 22, 'training/sps': np.float64(19153.21), 'training/walltime': np.float64(5.361), 'training/rollout_time': np.float64(0.101), 'training/update_time': np.float64(0.003), 'training/iterations': 1.0, 'training/kl_div': nan, 'training/line_search_success': 0.0, 'training/new_policy_objective': nan, 'training/policy_objective': 0.0, 'training/value_loss': 2.8957687359110196e-09}
{'eval/num_episodes': 200, 'eval/num_steps': 200, 'eval/mean_score': np.float64(1.0), 'eval/std_score': np.float64(0.0), 'eval/mean_episode_length': np.float64(1.0), 'eval/std_episode_length': np.float64(0.0), 'eval/eval_time': 0.07474112510681152}
{'training/total_steps': 46000, 'training/updates': 23, 'training/sps': np.float64(19440.124), 'training/walltime': np.float64(5.539), 'training/rollout_time': np.float64(0.1), 'training/update_time': np.float64(0.003), 'training/iterations': 1.0, 'training/kl_div': nan, 'training/line_search_success': 0.0, 'training/new_policy_objective': nan, 'training/policy_objective': 0.0, 'training/value_loss': 6.656231013417446e-13}
{'eval/num_episodes': 200, 'eval/num_steps': 200, 'eval/mean_score': np.float64(1.0), 'eval/std_score': np.float64(0.0), 'eval/mean_episode_length': np.float64(1.0), 'eval/std_episode_length': np.float64(0.0), 'eval/eval_time': 0.07787799835205078}
{'training/total_steps': 48000, 'training/updates': 24, 'training/sps': np.float64(19976.206), 'training/walltime': np.float64(5.717), 'training/rollout_time': np.float64(0.097), 'training/update_time': np.float64(0.003), 'training/iterations': 1.0, 'training/kl_div': nan, 'training/line_search_success': 0.0, 'training/new_policy_objective': nan, 'training/policy_objective': 0.0, 'training/value_loss': 0.0}
{'eval/num_episodes': 200, 'eval/num_steps': 200, 'eval/mean_score': np.float64(0.999), 'eval/std_score': np.float64(0.007), 'eval/mean_episode_length': np.float64(1.0), 'eval/std_episode_length': np.float64(0.0), 'eval/eval_time': 0.08462214469909668}
{'training/total_steps': 50000, 'training/updates': 25, 'training/sps': np.float64(15854.545), 'training/walltime': np.float64(5.928), 'training/rollout_time': np.float64(0.123), 'training/update_time': np.float64(0.003), 'training/iterations': 1.0, 'training/kl_div': nan, 'training/line_search_success': 0.0, 'training/new_policy_objective': nan, 'training/policy_objective': 0.0, 'training/value_loss': 0.0}
{'eval/num_episodes': 200, 'eval/num_steps': 200, 'eval/mean_score': np.float64(1.0), 'eval/std_score': np.float64(0.0), 'eval/mean_episode_length': np.float64(1.0), 'eval/std_episode_length': np.float64(0.0), 'eval/eval_time': 0.08815813064575195}
{'training/total_steps': 52000, 'training/updates': 26, 'training/sps': np.float64(15055.823), 'training/walltime': np.float64(6.15), 'training/rollout_time': np.float64(0.128), 'training/update_time': np.float64(0.005), 'training/iterations': 1.0, 'training/kl_div': nan, 'training/line_search_success': 0.0, 'training/new_policy_objective': nan, 'training/policy_objective': 0.0, 'training/value_loss': 0.0}
{'eval/num_episodes': 200, 'eval/num_steps': 200, 'eval/mean_score': np.float64(1.0), 'eval/std_score': np.float64(0.0), 'eval/mean_episode_length': np.float64(1.0), 'eval/std_episode_length': np.float64(0.0), 'eval/eval_time': 0.09276413917541504}
{'training/total_steps': 54000, 'training/updates': 27, 'training/sps': np.float64(12883.787), 'training/walltime': np.float64(6.398), 'training/rollout_time': np.float64(0.151), 'training/update_time': np.float64(0.005), 'training/iterations': 1.0, 'training/kl_div': nan, 'training/line_search_success': 0.0, 'training/new_policy_objective': nan, 'training/policy_objective': 0.0, 'training/value_loss': 0.0}
{'eval/num_episodes': 200, 'eval/num_steps': 200, 'eval/mean_score': np.float64(1.0), 'eval/std_score': np.float64(0.0), 'eval/mean_episode_length': np.float64(1.0), 'eval/std_episode_length': np.float64(0.0), 'eval/eval_time': 0.0964810848236084}
{'training/total_steps': 56000, 'training/updates': 28, 'training/sps': np.float64(16487.498), 'training/walltime': np.float64(6.616), 'training/rollout_time': np.float64(0.113), 'training/update_time': np.float64(0.008), 'training/iterations': 1.0, 'training/kl_div': nan, 'training/line_search_success': 0.0, 'training/new_policy_objective': nan, 'training/policy_objective': 0.0, 'training/value_loss': 0.0}
{'eval/num_episodes': 200, 'eval/num_steps': 200, 'eval/mean_score': np.float64(0.999), 'eval/std_score': np.float64(0.007), 'eval/mean_episode_length': np.float64(1.0), 'eval/std_episode_length': np.float64(0.0), 'eval/eval_time': 0.07611489295959473}
{'training/total_steps': 58000, 'training/updates': 29, 'training/sps': np.float64(17656.622), 'training/walltime': np.float64(6.806), 'training/rollout_time': np.float64(0.11), 'training/update_time': np.float64(0.004), 'training/iterations': 1.0, 'training/kl_div': nan, 'training/line_search_success': 0.125, 'training/new_policy_objective': nan, 'training/policy_objective': 2.8610229740877458e-09, 'training/value_loss': 2.5016327072080458e-06}
{'eval/num_episodes': 200, 'eval/num_steps': 200, 'eval/mean_score': np.float64(1.0), 'eval/std_score': np.float64(0.0), 'eval/mean_episode_length': np.float64(1.0), 'eval/std_episode_length': np.float64(0.0), 'eval/eval_time': 0.07378411293029785}
{'training/total_steps': 60000, 'training/updates': 30, 'training/sps': np.float64(15917.783), 'training/walltime': np.float64(7.006), 'training/rollout_time': np.float64(0.122), 'training/update_time': np.float64(0.004), 'training/iterations': 1.0, 'training/kl_div': nan, 'training/line_search_success': 0.0, 'training/new_policy_objective': nan, 'training/policy_objective': 0.0, 'training/value_loss': 7.579832594917235e-11}
{'eval/num_episodes': 200, 'eval/num_steps': 200, 'eval/mean_score': np.float64(1.0), 'eval/std_score': np.float64(0.0), 'eval/mean_episode_length': np.float64(1.0), 'eval/std_episode_length': np.float64(0.0), 'eval/eval_time': 0.0773468017578125}
TRAINING END: training duration: 7.083878993988037
{'final_eval/num_episodes': 200, 'final_eval/num_steps': 200, 'final_eval/mean_score': np.float64(1.0), 'final_eval/std_score': np.float64(0.0), 'final_eval/mean_episode_length': np.float64(1.0), 'final_eval/std_episode_length': np.float64(0.0)}
