|param: value|
|experiment_name:  cleanba_ppo|
|seed:  5|
|platform:  cpu|
|write_logs_to_file:  False|
|save_model:  False|
|env_name:  bandit|
|num_envs:  8|
|num_train_levels:  200|
|distribution_mode:  easy|
|arm_means:  (1.0, 0.9)|
|deterministic_rewards:  True|
|eval_env:  True|
|num_eval_episodes:  200|
|eval_every:  1|
|deterministic_eval:  False|
|total_timesteps:  60000|
|learning_rate:  0.00025|
|adam_eps:  1e-05|
|unroll_length:  250|
|anneal_lr:  False|
|gamma:  0.99|
|gae_lambda:  0.95|
|num_minibatches:  4|
|update_epochs:  4|
|normalize_advantages:  True|
|clip_eps:  0.1|
|clip_vloss:  True|
|entropy_cost:  0.0|
|vf_cost:  0.5|
|max_grad_norm:  0.5|
|use_cnn:  False|
|policy_hidden_layer_sizes:  ()|
|value_hidden_layer_sizes:  ()|
|activation:  <jax._src.custom_derivatives.custom_jvp object at 0x1022bb250>|
|policy_init_logit_bias:  [0.0, -4.0]|
{'training/total_steps': 2000, 'training/updates': 1, 'training/sps': np.float64(2325.26), 'training/walltime': np.float64(0.86), 'training/rollout_time': np.float64(0.402), 'training/update_time': np.float64(0.458), 'training/approx_kl': 1.4358982980411383e-06, 'training/entropy': 0.08915741741657257, 'training/policy_loss': -0.0016564424149692059, 'training/total_loss': 0.15809237957000732, 'training/value_loss': 0.31949764490127563}
{'eval/num_episodes': 200, 'eval/num_steps': 200, 'eval/mean_score': np.float64(0.998), 'eval/std_score': np.float64(0.014), 'eval/mean_episode_length': np.float64(1.0), 'eval/std_episode_length': np.float64(0.0), 'eval/eval_time': 0.07226085662841797}
{'training/total_steps': 4000, 'training/updates': 2, 'training/sps': np.float64(14088.083), 'training/walltime': np.float64(1.075), 'training/rollout_time': np.float64(0.132), 'training/update_time': np.float64(0.01), 'training/approx_kl': 1.6313168771375786e-06, 'training/entropy': 0.08804605156183243, 'training/policy_loss': -0.0017828267300501466, 'training/total_loss': 0.15473346412181854, 'training/value_loss': 0.3130325675010681}
{'eval/num_episodes': 200, 'eval/num_steps': 200, 'eval/mean_score': np.float64(0.997), 'eval/std_score': np.float64(0.016), 'eval/mean_episode_length': np.float64(1.0), 'eval/std_episode_length': np.float64(0.0), 'eval/eval_time': 0.07137322425842285}
{'training/total_steps': 6000, 'training/updates': 3, 'training/sps': np.float64(14315.886), 'training/walltime': np.float64(1.286), 'training/rollout_time': np.float64(0.132), 'training/update_time': np.float64(0.008), 'training/approx_kl': 2.018591658270452e-06, 'training/entropy': 0.08691098541021347, 'training/policy_loss': -0.0019504833035171032, 'training/total_loss': 0.1513175368309021, 'training/value_loss': 0.30653607845306396}
{'eval/num_episodes': 200, 'eval/num_steps': 200, 'eval/mean_score': np.float64(0.998), 'eval/std_score': np.float64(0.014), 'eval/mean_episode_length': np.float64(1.0), 'eval/std_episode_length': np.float64(0.0), 'eval/eval_time': 0.07242608070373535}
{'training/total_steps': 8000, 'training/updates': 4, 'training/sps': np.float64(13826.001), 'training/walltime': np.float64(1.503), 'training/rollout_time': np.float64(0.134), 'training/update_time': np.float64(0.011), 'training/approx_kl': 1.6491469523316482e-06, 'training/entropy': 0.08580338954925537, 'training/policy_loss': -0.00176140945404768, 'training/total_loss': 0.14852309226989746, 'training/value_loss': 0.30056899785995483}
{'eval/num_episodes': 200, 'eval/num_steps': 200, 'eval/mean_score': np.float64(0.997), 'eval/std_score': np.float64(0.016), 'eval/mean_episode_length': np.float64(1.0), 'eval/std_episode_length': np.float64(0.0), 'eval/eval_time': 0.07224893569946289}
{'training/total_steps': 10000, 'training/updates': 5, 'training/sps': np.float64(13263.125), 'training/walltime': np.float64(1.727), 'training/rollout_time': np.float64(0.143), 'training/update_time': np.float64(0.008), 'training/approx_kl': 1.5187748658718192e-06, 'training/entropy': 0.08473178744316101, 'training/policy_loss': -0.0017111250199377537, 'training/total_loss': 0.1455468386411667, 'training/value_loss': 0.2945159375667572}
{'eval/num_episodes': 200, 'eval/num_steps': 200, 'eval/mean_score': np.float64(0.999), 'eval/std_score': np.float64(0.01), 'eval/mean_episode_length': np.float64(1.0), 'eval/std_episode_length': np.float64(0.0), 'eval/eval_time': 0.07399201393127441}
{'training/total_steps': 12000, 'training/updates': 6, 'training/sps': np.float64(14288.989), 'training/walltime': np.float64(1.941), 'training/rollout_time': np.float64(0.132), 'training/update_time': np.float64(0.008), 'training/approx_kl': 1.2807948905901867e-06, 'training/entropy': 0.08369508385658264, 'training/policy_loss': -0.0015580249018967152, 'training/total_loss': 0.1426728516817093, 'training/value_loss': 0.2884617745876312}
{'eval/num_episodes': 200, 'eval/num_steps': 200, 'eval/mean_score': np.float64(0.999), 'eval/std_score': np.float64(0.007), 'eval/mean_episode_length': np.float64(1.0), 'eval/std_episode_length': np.float64(0.0), 'eval/eval_time': 0.07460927963256836}
{'training/total_steps': 14000, 'training/updates': 7, 'training/sps': np.float64(13236.191), 'training/walltime': np.float64(2.167), 'training/rollout_time': np.float64(0.143), 'training/update_time': np.float64(0.008), 'training/approx_kl': 2.2353801796271e-06, 'training/entropy': 0.08261194080114365, 'training/policy_loss': -0.002112781396135688, 'training/total_loss': 0.13886496424674988, 'training/value_loss': 0.2819554805755615}
{'eval/num_episodes': 200, 'eval/num_steps': 200, 'eval/mean_score': np.float64(0.997), 'eval/std_score': np.float64(0.017), 'eval/mean_episode_length': np.float64(1.0), 'eval/std_episode_length': np.float64(0.0), 'eval/eval_time': 0.07360386848449707}
{'training/total_steps': 16000, 'training/updates': 8, 'training/sps': np.float64(13440.891), 'training/walltime': np.float64(2.39), 'training/rollout_time': np.float64(0.134), 'training/update_time': np.float64(0.015), 'training/approx_kl': 9.604189017409226e-07, 'training/entropy': 0.08159279823303223, 'training/policy_loss': -0.001349215512163937, 'training/total_loss': 0.1370626986026764, 'training/value_loss': 0.27682381868362427}
{'eval/num_episodes': 200, 'eval/num_steps': 200, 'eval/mean_score': np.float64(0.998), 'eval/std_score': np.float64(0.012), 'eval/mean_episode_length': np.float64(1.0), 'eval/std_episode_length': np.float64(0.0), 'eval/eval_time': 0.07461094856262207}
{'training/total_steps': 18000, 'training/updates': 9, 'training/sps': np.float64(9447.503), 'training/walltime': np.float64(2.677), 'training/rollout_time': np.float64(0.204), 'training/update_time': np.float64(0.008), 'training/approx_kl': 1.2222053555888124e-06, 'training/entropy': 0.08062979578971863, 'training/policy_loss': -0.001547972671687603, 'training/total_loss': 0.1337352693080902, 'training/value_loss': 0.27056649327278137}
{'eval/num_episodes': 200, 'eval/num_steps': 200, 'eval/mean_score': np.float64(0.999), 'eval/std_score': np.float64(0.007), 'eval/mean_episode_length': np.float64(1.0), 'eval/std_episode_length': np.float64(0.0), 'eval/eval_time': 0.07737588882446289}
{'training/total_steps': 20000, 'training/updates': 10, 'training/sps': np.float64(14379.789), 'training/walltime': np.float64(2.894), 'training/rollout_time': np.float64(0.131), 'training/update_time': np.float64(0.008), 'training/approx_kl': 2.0836760086240247e-06, 'training/entropy': 0.07958556711673737, 'training/policy_loss': -0.001990823308005929, 'training/total_loss': 0.1301896572113037, 'training/value_loss': 0.2643609642982483}
{'eval/num_episodes': 200, 'eval/num_steps': 200, 'eval/mean_score': np.float64(0.997), 'eval/std_score': np.float64(0.016), 'eval/mean_episode_length': np.float64(1.0), 'eval/std_episode_length': np.float64(0.0), 'eval/eval_time': 0.07736492156982422}
{'training/total_steps': 22000, 'training/updates': 11, 'training/sps': np.float64(13625.103), 'training/walltime': np.float64(3.118), 'training/rollout_time': np.float64(0.139), 'training/update_time': np.float64(0.008), 'training/approx_kl': 1.1964883697146433e-06, 'training/entropy': 0.07856683433055878, 'training/policy_loss': -0.001537091564387083, 'training/total_loss': 0.12804237008094788, 'training/value_loss': 0.2591589093208313}
{'eval/num_episodes': 200, 'eval/num_steps': 200, 'eval/mean_score': np.float64(0.998), 'eval/std_score': np.float64(0.014), 'eval/mean_episode_length': np.float64(1.0), 'eval/std_episode_length': np.float64(0.0), 'eval/eval_time': 0.08235979080200195}
{'training/total_steps': 24000, 'training/updates': 12, 'training/sps': np.float64(14107.155), 'training/walltime': np.float64(3.342), 'training/rollout_time': np.float64(0.134), 'training/update_time': np.float64(0.008), 'training/approx_kl': 8.645351385894173e-07, 'training/entropy': 0.07764497399330139, 'training/policy_loss': -0.001249533030204475, 'training/total_loss': 0.12549838423728943, 'training/value_loss': 0.25349584221839905}
{'eval/num_episodes': 200, 'eval/num_steps': 200, 'eval/mean_score': np.float64(0.997), 'eval/std_score': np.float64(0.016), 'eval/mean_episode_length': np.float64(1.0), 'eval/std_episode_length': np.float64(0.0), 'eval/eval_time': 0.17598581314086914}
{'training/total_steps': 26000, 'training/updates': 13, 'training/sps': np.float64(12276.575), 'training/walltime': np.float64(3.682), 'training/rollout_time': np.float64(0.155), 'training/update_time': np.float64(0.008), 'training/approx_kl': 7.857163382141152e-07, 'training/entropy': 0.07677063345909119, 'training/policy_loss': -0.0012403684668242931, 'training/total_loss': 0.12263768911361694, 'training/value_loss': 0.24775612354278564}
{'eval/num_episodes': 200, 'eval/num_steps': 200, 'eval/mean_score': np.float64(0.997), 'eval/std_score': np.float64(0.016), 'eval/mean_episode_length': np.float64(1.0), 'eval/std_episode_length': np.float64(0.0), 'eval/eval_time': 0.07164216041564941}
{'training/total_steps': 28000, 'training/updates': 14, 'training/sps': np.float64(14381.884), 'training/walltime': np.float64(3.893), 'training/rollout_time': np.float64(0.131), 'training/update_time': np.float64(0.008), 'training/approx_kl': 1.3191877314966405e-06, 'training/entropy': 0.07583849132061005, 'training/policy_loss': -0.0016191459726542234, 'training/total_loss': 0.11928268522024155, 'training/value_loss': 0.24180366098880768}
{'eval/num_episodes': 200, 'eval/num_steps': 200, 'eval/mean_score': np.float64(0.998), 'eval/std_score': np.float64(0.014), 'eval/mean_episode_length': np.float64(1.0), 'eval/std_episode_length': np.float64(0.0), 'eval/eval_time': 0.07901597023010254}
{'training/total_steps': 30000, 'training/updates': 15, 'training/sps': np.float64(13226.111), 'training/walltime': np.float64(4.123), 'training/rollout_time': np.float64(0.142), 'training/update_time': np.float64(0.01), 'training/approx_kl': 1.7553718407725682e-06, 'training/entropy': 0.0748441070318222, 'training/policy_loss': -0.0018263795645907521, 'training/total_loss': 0.11629381775856018, 'training/value_loss': 0.23624038696289062}
{'eval/num_episodes': 200, 'eval/num_steps': 200, 'eval/mean_score': np.float64(0.999), 'eval/std_score': np.float64(0.007), 'eval/mean_episode_length': np.float64(1.0), 'eval/std_episode_length': np.float64(0.0), 'eval/eval_time': 0.07361888885498047}
{'training/total_steps': 32000, 'training/updates': 16, 'training/sps': np.float64(12039.192), 'training/walltime': np.float64(4.364), 'training/rollout_time': np.float64(0.149), 'training/update_time': np.float64(0.017), 'training/approx_kl': 1.3393075732892612e-06, 'training/entropy': 0.07385741174221039, 'training/policy_loss': -0.0016258836258202791, 'training/total_loss': 0.11390435695648193, 'training/value_loss': 0.2310604751110077}
{'eval/num_episodes': 200, 'eval/num_steps': 200, 'eval/mean_score': np.float64(0.999), 'eval/std_score': np.float64(0.01), 'eval/mean_episode_length': np.float64(1.0), 'eval/std_episode_length': np.float64(0.0), 'eval/eval_time': 0.13335800170898438}
{'training/total_steps': 34000, 'training/updates': 17, 'training/sps': np.float64(13265.746), 'training/walltime': np.float64(4.648), 'training/rollout_time': np.float64(0.143), 'training/update_time': np.float64(0.008), 'training/approx_kl': 1.1243122344239964e-06, 'training/entropy': 0.07293017208576202, 'training/policy_loss': -0.0014229719527065754, 'training/total_loss': 0.11145336180925369, 'training/value_loss': 0.22575266659259796}
{'eval/num_episodes': 200, 'eval/num_steps': 200, 'eval/mean_score': np.float64(0.998), 'eval/std_score': np.float64(0.012), 'eval/mean_episode_length': np.float64(1.0), 'eval/std_episode_length': np.float64(0.0), 'eval/eval_time': 0.08318424224853516}
{'training/total_steps': 36000, 'training/updates': 18, 'training/sps': np.float64(12804.083), 'training/walltime': np.float64(4.888), 'training/rollout_time': np.float64(0.148), 'training/update_time': np.float64(0.008), 'training/approx_kl': 1.5842608718230622e-06, 'training/entropy': 0.07198991626501083, 'training/policy_loss': -0.001763753592967987, 'training/total_loss': 0.108327716588974, 'training/value_loss': 0.22018292546272278}
{'eval/num_episodes': 200, 'eval/num_steps': 200, 'eval/mean_score': np.float64(0.999), 'eval/std_score': np.float64(0.007), 'eval/mean_episode_length': np.float64(1.0), 'eval/std_episode_length': np.float64(0.0), 'eval/eval_time': 0.07481193542480469}
{'training/total_steps': 38000, 'training/updates': 19, 'training/sps': np.float64(8595.246), 'training/walltime': np.float64(5.196), 'training/rollout_time': np.float64(0.222), 'training/update_time': np.float64(0.01), 'training/approx_kl': 1.3816320461046416e-06, 'training/entropy': 0.07103342562913895, 'training/policy_loss': -0.001596491551026702, 'training/total_loss': 0.10599826276302338, 'training/value_loss': 0.21518951654434204}
{'eval/num_episodes': 200, 'eval/num_steps': 200, 'eval/mean_score': np.float64(0.999), 'eval/std_score': np.float64(0.01), 'eval/mean_episode_length': np.float64(1.0), 'eval/std_episode_length': np.float64(0.0), 'eval/eval_time': 0.07748794555664062}
{'training/total_steps': 40000, 'training/updates': 20, 'training/sps': np.float64(13336.377), 'training/walltime': np.float64(5.424), 'training/rollout_time': np.float64(0.142), 'training/update_time': np.float64(0.008), 'training/approx_kl': 1.547612782815122e-06, 'training/entropy': 0.07008674740791321, 'training/policy_loss': -0.001708112540654838, 'training/total_loss': 0.10323335230350494, 'training/value_loss': 0.2098829448223114}
{'eval/num_episodes': 200, 'eval/num_steps': 200, 'eval/mean_score': np.float64(0.998), 'eval/std_score': np.float64(0.014), 'eval/mean_episode_length': np.float64(1.0), 'eval/std_episode_length': np.float64(0.0), 'eval/eval_time': 0.07363677024841309}
{'training/total_steps': 42000, 'training/updates': 21, 'training/sps': np.float64(14366.392), 'training/walltime': np.float64(5.637), 'training/rollout_time': np.float64(0.131), 'training/update_time': np.float64(0.008), 'training/approx_kl': 1.202880866912892e-06, 'training/entropy': 0.0691586285829544, 'training/policy_loss': -0.0015162909403443336, 'training/total_loss': 0.10099350661039352, 'training/value_loss': 0.20501959323883057}
{'eval/num_episodes': 200, 'eval/num_steps': 200, 'eval/mean_score': np.float64(0.999), 'eval/std_score': np.float64(0.007), 'eval/mean_episode_length': np.float64(1.0), 'eval/std_episode_length': np.float64(0.0), 'eval/eval_time': 0.07260680198669434}
{'training/total_steps': 44000, 'training/updates': 22, 'training/sps': np.float64(14131.704), 'training/walltime': np.float64(5.851), 'training/rollout_time': np.float64(0.134), 'training/update_time': np.float64(0.008), 'training/approx_kl': 1.2465087593227508e-06, 'training/entropy': 0.0682649165391922, 'training/policy_loss': -0.0015417885733768344, 'training/total_loss': 0.09844733774662018, 'training/value_loss': 0.19997824728488922}
{'eval/num_episodes': 200, 'eval/num_steps': 200, 'eval/mean_score': np.float64(0.999), 'eval/std_score': np.float64(0.01), 'eval/mean_episode_length': np.float64(1.0), 'eval/std_episode_length': np.float64(0.0), 'eval/eval_time': 0.06987905502319336}
{'training/total_steps': 46000, 'training/updates': 23, 'training/sps': np.float64(13653.867), 'training/walltime': np.float64(6.068), 'training/rollout_time': np.float64(0.139), 'training/update_time': np.float64(0.008), 'training/approx_kl': 1.8937914774141973e-06, 'training/entropy': 0.06732691079378128, 'training/policy_loss': -0.0019256540108472109, 'training/total_loss': 0.0954778715968132, 'training/value_loss': 0.1948070377111435}
{'eval/num_episodes': 200, 'eval/num_steps': 200, 'eval/mean_score': np.float64(0.998), 'eval/std_score': np.float64(0.012), 'eval/mean_episode_length': np.float64(1.0), 'eval/std_episode_length': np.float64(0.0), 'eval/eval_time': 0.0722970962524414}
{'training/total_steps': 48000, 'training/updates': 24, 'training/sps': np.float64(11113.654), 'training/walltime': np.float64(6.321), 'training/rollout_time': np.float64(0.172), 'training/update_time': np.float64(0.008), 'training/approx_kl': 1.2365630936983507e-06, 'training/entropy': 0.0664120614528656, 'training/policy_loss': -0.001550221350044012, 'training/total_loss': 0.09363754093647003, 'training/value_loss': 0.19037552177906036}
{'eval/num_episodes': 200, 'eval/num_steps': 200, 'eval/mean_score': np.float64(0.998), 'eval/std_score': np.float64(0.014), 'eval/mean_episode_length': np.float64(1.0), 'eval/std_episode_length': np.float64(0.0), 'eval/eval_time': 0.07950210571289062}
{'training/total_steps': 50000, 'training/updates': 25, 'training/sps': np.float64(14175.453), 'training/walltime': np.float64(6.541), 'training/rollout_time': np.float64(0.133), 'training/update_time': np.float64(0.008), 'training/approx_kl': 8.6845000168978e-07, 'training/entropy': 0.06559360027313232, 'training/policy_loss': -0.0012966834474354982, 'training/total_loss': 0.09154027700424194, 'training/value_loss': 0.18567390739917755}
{'eval/num_episodes': 200, 'eval/num_steps': 200, 'eval/mean_score': np.float64(0.999), 'eval/std_score': np.float64(0.007), 'eval/mean_episode_length': np.float64(1.0), 'eval/std_episode_length': np.float64(0.0), 'eval/eval_time': 0.07433700561523438}
{'training/total_steps': 52000, 'training/updates': 26, 'training/sps': np.float64(14115.344), 'training/walltime': np.float64(6.758), 'training/rollout_time': np.float64(0.134), 'training/update_time': np.float64(0.008), 'training/approx_kl': 1.1048410897274152e-06, 'training/entropy': 0.0647808238863945, 'training/policy_loss': -0.0014599378919228911, 'training/total_loss': 0.08899226784706116, 'training/value_loss': 0.18090440332889557}
{'eval/num_episodes': 200, 'eval/num_steps': 200, 'eval/mean_score': np.float64(0.998), 'eval/std_score': np.float64(0.012), 'eval/mean_episode_length': np.float64(1.0), 'eval/std_episode_length': np.float64(0.0), 'eval/eval_time': 0.07583308219909668}
{'training/total_steps': 54000, 'training/updates': 27, 'training/sps': np.float64(13801.297), 'training/walltime': np.float64(6.979), 'training/rollout_time': np.float64(0.137), 'training/update_time': np.float64(0.008), 'training/approx_kl': 1.6511409057784476e-06, 'training/entropy': 0.06391184777021408, 'training/policy_loss': -0.0017954435897991061, 'training/total_loss': 0.08628911525011063, 'training/value_loss': 0.17616911232471466}
{'eval/num_episodes': 200, 'eval/num_steps': 200, 'eval/mean_score': np.float64(0.999), 'eval/std_score': np.float64(0.01), 'eval/mean_episode_length': np.float64(1.0), 'eval/std_episode_length': np.float64(0.0), 'eval/eval_time': 0.07839703559875488}
{'training/total_steps': 56000, 'training/updates': 28, 'training/sps': np.float64(14416.487), 'training/walltime': np.float64(7.196), 'training/rollout_time': np.float64(0.131), 'training/update_time': np.float64(0.008), 'training/approx_kl': 1.0210383152298164e-06, 'training/entropy': 0.06306995451450348, 'training/policy_loss': -0.0013610835885629058, 'training/total_loss': 0.08464808762073517, 'training/value_loss': 0.17201834917068481}
{'eval/num_episodes': 200, 'eval/num_steps': 200, 'eval/mean_score': np.float64(0.999), 'eval/std_score': np.float64(0.01), 'eval/mean_episode_length': np.float64(1.0), 'eval/std_episode_length': np.float64(0.0), 'eval/eval_time': 0.07314705848693848}
{'training/total_steps': 58000, 'training/updates': 29, 'training/sps': np.float64(14080.445), 'training/walltime': np.float64(7.412), 'training/rollout_time': np.float64(0.134), 'training/update_time': np.float64(0.008), 'training/approx_kl': 1.2471806485336856e-06, 'training/entropy': 0.06227228045463562, 'training/policy_loss': -0.0015349059831351042, 'training/total_loss': 0.08221761882305145, 'training/value_loss': 0.16750505566596985}
{'eval/num_episodes': 200, 'eval/num_steps': 200, 'eval/mean_score': np.float64(1.0), 'eval/std_score': np.float64(0.0), 'eval/mean_episode_length': np.float64(1.0), 'eval/std_episode_length': np.float64(0.0), 'eval/eval_time': 0.07387709617614746}
{'training/total_steps': 60000, 'training/updates': 30, 'training/sps': np.float64(14215.835), 'training/walltime': np.float64(7.627), 'training/rollout_time': np.float64(0.133), 'training/update_time': np.float64(0.008), 'training/approx_kl': 1.1917377378267702e-06, 'training/entropy': 0.061461471021175385, 'training/policy_loss': -0.0014998775441199541, 'training/total_loss': 0.08014880120754242, 'training/value_loss': 0.1632973700761795}
{'eval/num_episodes': 200, 'eval/num_steps': 200, 'eval/mean_score': np.float64(0.999), 'eval/std_score': np.float64(0.01), 'eval/mean_episode_length': np.float64(1.0), 'eval/std_episode_length': np.float64(0.0), 'eval/eval_time': 0.07444310188293457}
TRAINING END: training duration: 7.7015790939331055
{'final_eval/num_episodes': 200, 'final_eval/num_steps': 200, 'final_eval/mean_score': np.float64(1.0), 'final_eval/std_score': np.float64(0.0), 'final_eval/mean_episode_length': np.float64(1.0), 'final_eval/std_episode_length': np.float64(0.0)}
