|param: value|
|experiment_name:  reinforce_procgen|
|seed:  5|
|platform:  cpu|
|write_logs_to_file:  False|
|save_model:  False|
|env_name:  bandit|
|num_envs:  1|
|num_train_levels:  200|
|distribution_mode:  easy|
|arm_means:  (1.0, 0.9)|
|deterministic_rewards:  True|
|eval_env:  True|
|num_eval_episodes:  200|
|eval_every:  1|
|deterministic_eval:  False|
|normalize_observations:  True|
|total_timesteps:  60000|
|learning_rate:  0.5|
|optimizer:  sgd|
|unroll_length:  2048|
|anneal_lr:  False|
|gamma:  0.99|
|batch_size:  1|
|num_minibatches:  1|
|update_epochs:  1|
|entropy_cost:  0.0|
|max_grad_norm:  0.5|
|reward_scaling:  1.0|
|use_cnn:  False|
|policy_hidden_layer_sizes:  ()|
|value_hidden_layer_sizes:  ()|
|activation:  <jax._src.custom_derivatives.custom_jvp object at 0x1022bb250>|
|policy_init_logit_bias:  [0.0, -4.0]|
{'training/total_steps': 2000, 'training/updates': 1, 'training/sps': np.float64(1932.866), 'training/walltime': np.float64(1.035), 'training/rollout_time': np.float64(0.408), 'training/update_time': np.float64(0.627), 'training/approx_kl': 0.0, 'training/entropy': 0.09009480476379395, 'training/policy_loss': 0.1371300369501114, 'training/total_loss': 1.8966106176376343, 'training/value_loss': 3.518961191177368}
{'eval/num_episodes': 200, 'eval/num_steps': 200, 'eval/mean_score': np.float64(0.998), 'eval/std_score': np.float64(0.012), 'eval/mean_episode_length': np.float64(1.0), 'eval/std_episode_length': np.float64(0.0), 'eval/eval_time': 0.07153010368347168}
{'training/total_steps': 4000, 'training/updates': 2, 'training/sps': np.float64(4976.816), 'training/walltime': np.float64(1.509), 'training/rollout_time': np.float64(0.4), 'training/update_time': np.float64(0.001), 'training/approx_kl': 0.0, 'training/entropy': 0.08988278359174728, 'training/policy_loss': 0.13012856245040894, 'training/total_loss': 1.288388729095459, 'training/value_loss': 2.3165204524993896}
{'eval/num_episodes': 200, 'eval/num_steps': 200, 'eval/mean_score': np.float64(0.997), 'eval/std_score': np.float64(0.016), 'eval/mean_episode_length': np.float64(1.0), 'eval/std_episode_length': np.float64(0.0), 'eval/eval_time': 0.07036423683166504}
{'training/total_steps': 6000, 'training/updates': 3, 'training/sps': np.float64(6300.601), 'training/walltime': np.float64(1.897), 'training/rollout_time': np.float64(0.316), 'training/update_time': np.float64(0.001), 'training/approx_kl': 0.0, 'training/entropy': 0.08982819318771362, 'training/policy_loss': 0.10253734141588211, 'training/total_loss': 0.7850937843322754, 'training/value_loss': 1.3651129007339478}
{'eval/num_episodes': 200, 'eval/num_steps': 200, 'eval/mean_score': np.float64(0.998), 'eval/std_score': np.float64(0.014), 'eval/mean_episode_length': np.float64(1.0), 'eval/std_episode_length': np.float64(0.0), 'eval/eval_time': 0.07465815544128418}
{'training/total_steps': 8000, 'training/updates': 4, 'training/sps': np.float64(4578.902), 'training/walltime': np.float64(2.409), 'training/rollout_time': np.float64(0.435), 'training/update_time': np.float64(0.002), 'training/approx_kl': 0.0, 'training/entropy': 0.0898025780916214, 'training/policy_loss': 0.06207931786775589, 'training/total_loss': 0.39427104592323303, 'training/value_loss': 0.6643834710121155}
{'eval/num_episodes': 200, 'eval/num_steps': 200, 'eval/mean_score': np.float64(0.998), 'eval/std_score': np.float64(0.014), 'eval/mean_episode_length': np.float64(1.0), 'eval/std_episode_length': np.float64(0.0), 'eval/eval_time': 0.10290694236755371}
{'training/total_steps': 10000, 'training/updates': 5, 'training/sps': np.float64(6201.862), 'training/walltime': np.float64(2.834), 'training/rollout_time': np.float64(0.321), 'training/update_time': np.float64(0.001), 'training/approx_kl': 0.0, 'training/entropy': 0.08963315933942795, 'training/policy_loss': 0.0374101921916008, 'training/total_loss': 0.14381393790245056, 'training/value_loss': 0.21280750632286072}
{'eval/num_episodes': 200, 'eval/num_steps': 200, 'eval/mean_score': np.float64(0.998), 'eval/std_score': np.float64(0.012), 'eval/mean_episode_length': np.float64(1.0), 'eval/std_episode_length': np.float64(0.0), 'eval/eval_time': 0.07120108604431152}
{'training/total_steps': 12000, 'training/updates': 6, 'training/sps': np.float64(5690.869), 'training/walltime': np.float64(3.258), 'training/rollout_time': np.float64(0.35), 'training/update_time': np.float64(0.002), 'training/approx_kl': 0.0, 'training/entropy': 0.0895276814699173, 'training/policy_loss': 0.002482919255271554, 'training/total_loss': 0.008399750106036663, 'training/value_loss': 0.011833662167191505}
{'eval/num_episodes': 200, 'eval/num_steps': 200, 'eval/mean_score': np.float64(0.999), 'eval/std_score': np.float64(0.01), 'eval/mean_episode_length': np.float64(1.0), 'eval/std_episode_length': np.float64(0.0), 'eval/eval_time': 0.07563495635986328}
{'training/total_steps': 14000, 'training/updates': 7, 'training/sps': np.float64(6278.236), 'training/walltime': np.float64(3.652), 'training/rollout_time': np.float64(0.317), 'training/update_time': np.float64(0.001), 'training/approx_kl': 0.0, 'training/entropy': 0.08927560597658157, 'training/policy_loss': -0.007325833663344383, 'training/total_loss': -0.007234943099319935, 'training/value_loss': 0.00018178130267187953}
{'eval/num_episodes': 200, 'eval/num_steps': 200, 'eval/mean_score': np.float64(0.998), 'eval/std_score': np.float64(0.014), 'eval/mean_episode_length': np.float64(1.0), 'eval/std_episode_length': np.float64(0.0), 'eval/eval_time': 0.07519102096557617}
{'training/total_steps': 16000, 'training/updates': 8, 'training/sps': np.float64(5946.344), 'training/walltime': np.float64(4.064), 'training/rollout_time': np.float64(0.335), 'training/update_time': np.float64(0.002), 'training/approx_kl': 0.0, 'training/entropy': 0.08902151882648468, 'training/policy_loss': -0.008280549198389053, 'training/total_loss': -0.008177722804248333, 'training/value_loss': 0.00020565259910654277}
{'eval/num_episodes': 200, 'eval/num_steps': 200, 'eval/mean_score': np.float64(0.997), 'eval/std_score': np.float64(0.016), 'eval/mean_episode_length': np.float64(1.0), 'eval/std_episode_length': np.float64(0.0), 'eval/eval_time': 0.07023382186889648}
{'training/total_steps': 18000, 'training/updates': 9, 'training/sps': np.float64(5791.998), 'training/walltime': np.float64(4.48), 'training/rollout_time': np.float64(0.344), 'training/update_time': np.float64(0.001), 'training/approx_kl': 0.0, 'training/entropy': 0.0887344628572464, 'training/policy_loss': -0.004903593100607395, 'training/total_loss': -0.004841513000428677, 'training/value_loss': 0.00012416006939020008}
{'eval/num_episodes': 200, 'eval/num_steps': 200, 'eval/mean_score': np.float64(0.997), 'eval/std_score': np.float64(0.016), 'eval/mean_episode_length': np.float64(1.0), 'eval/std_episode_length': np.float64(0.0), 'eval/eval_time': 0.0869150161743164}
{'training/total_steps': 20000, 'training/updates': 10, 'training/sps': np.float64(4977.475), 'training/walltime': np.float64(4.969), 'training/rollout_time': np.float64(0.4), 'training/update_time': np.float64(0.001), 'training/approx_kl': 0.0, 'training/entropy': 0.0885620266199112, 'training/policy_loss': -0.008155976422131062, 'training/total_loss': -0.008055257610976696, 'training/value_loss': 0.00020143772417213768}
{'eval/num_episodes': 200, 'eval/num_steps': 200, 'eval/mean_score': np.float64(0.999), 'eval/std_score': np.float64(0.007), 'eval/mean_episode_length': np.float64(1.0), 'eval/std_episode_length': np.float64(0.0), 'eval/eval_time': 0.07680988311767578}
{'training/total_steps': 22000, 'training/updates': 11, 'training/sps': np.float64(5854.696), 'training/walltime': np.float64(5.388), 'training/rollout_time': np.float64(0.34), 'training/update_time': np.float64(0.002), 'training/approx_kl': 0.0, 'training/entropy': 0.08828282356262207, 'training/policy_loss': -0.005311144050210714, 'training/total_loss': -0.005244310013949871, 'training/value_loss': 0.00013366765051614493}
{'eval/num_episodes': 200, 'eval/num_steps': 200, 'eval/mean_score': np.float64(0.998), 'eval/std_score': np.float64(0.014), 'eval/mean_episode_length': np.float64(1.0), 'eval/std_episode_length': np.float64(0.0), 'eval/eval_time': 0.08362603187561035}
{'training/total_steps': 24000, 'training/updates': 12, 'training/sps': np.float64(5292.096), 'training/walltime': np.float64(5.85), 'training/rollout_time': np.float64(0.376), 'training/update_time': np.float64(0.001), 'training/approx_kl': 0.0, 'training/entropy': 0.08809782564640045, 'training/policy_loss': -0.007560631260275841, 'training/total_loss': -0.007467284798622131, 'training/value_loss': 0.00018669263226911426}
{'eval/num_episodes': 200, 'eval/num_steps': 200, 'eval/mean_score': np.float64(0.996), 'eval/std_score': np.float64(0.02), 'eval/mean_episode_length': np.float64(1.0), 'eval/std_episode_length': np.float64(0.0), 'eval/eval_time': 0.06937193870544434}
{'training/total_steps': 26000, 'training/updates': 13, 'training/sps': np.float64(6422.737), 'training/walltime': np.float64(6.231), 'training/rollout_time': np.float64(0.31), 'training/update_time': np.float64(0.001), 'training/approx_kl': 0.0, 'training/entropy': 0.08784008026123047, 'training/policy_loss': -0.005330485757440329, 'training/total_loss': -0.0052637457847595215, 'training/value_loss': 0.00013348001812119037}
{'eval/num_episodes': 200, 'eval/num_steps': 200, 'eval/mean_score': np.float64(0.998), 'eval/std_score': np.float64(0.014), 'eval/mean_episode_length': np.float64(1.0), 'eval/std_episode_length': np.float64(0.0), 'eval/eval_time': 0.07344222068786621}
{'training/total_steps': 28000, 'training/updates': 14, 'training/sps': np.float64(5947.883), 'training/walltime': np.float64(6.641), 'training/rollout_time': np.float64(0.335), 'training/update_time': np.float64(0.002), 'training/approx_kl': 0.0, 'training/entropy': 0.08765595406293869, 'training/policy_loss': -0.006373155862092972, 'training/total_loss': -0.006294404622167349, 'training/value_loss': 0.00015750261081848294}
{'eval/num_episodes': 200, 'eval/num_steps': 200, 'eval/mean_score': np.float64(0.999), 'eval/std_score': np.float64(0.007), 'eval/mean_episode_length': np.float64(1.0), 'eval/std_episode_length': np.float64(0.0), 'eval/eval_time': 0.07131695747375488}
{'training/total_steps': 30000, 'training/updates': 15, 'training/sps': np.float64(6482.19), 'training/walltime': np.float64(7.022), 'training/rollout_time': np.float64(0.307), 'training/update_time': np.float64(0.001), 'training/approx_kl': 0.0, 'training/entropy': 0.08743930608034134, 'training/policy_loss': -0.005958488676697016, 'training/total_loss': -0.005884608719497919, 'training/value_loss': 0.00014776007446926087}
{'eval/num_episodes': 200, 'eval/num_steps': 200, 'eval/mean_score': np.float64(0.999), 'eval/std_score': np.float64(0.01), 'eval/mean_episode_length': np.float64(1.0), 'eval/std_episode_length': np.float64(0.0), 'eval/eval_time': 0.07073187828063965}
{'training/total_steps': 32000, 'training/updates': 16, 'training/sps': np.float64(5914.172), 'training/walltime': np.float64(7.431), 'training/rollout_time': np.float64(0.337), 'training/update_time': np.float64(0.002), 'training/approx_kl': 0.0, 'training/entropy': 0.08723624050617218, 'training/policy_loss': -0.007969602011144161, 'training/total_loss': -0.0078714769333601, 'training/value_loss': 0.0001962502719834447}
{'eval/num_episodes': 200, 'eval/num_steps': 200, 'eval/mean_score': np.float64(0.998), 'eval/std_score': np.float64(0.014), 'eval/mean_episode_length': np.float64(1.0), 'eval/std_episode_length': np.float64(0.0), 'eval/eval_time': 0.07301712036132812}
{'training/total_steps': 34000, 'training/updates': 17, 'training/sps': np.float64(6314.307), 'training/walltime': np.float64(7.821), 'training/rollout_time': np.float64(0.315), 'training/update_time': np.float64(0.001), 'training/approx_kl': 0.0, 'training/entropy': 0.08696754276752472, 'training/policy_loss': -0.007330941967666149, 'training/total_loss': -0.0072401417419314384, 'training/value_loss': 0.00018160007311962545}
{'eval/num_episodes': 200, 'eval/num_steps': 200, 'eval/mean_score': np.float64(0.998), 'eval/std_score': np.float64(0.012), 'eval/mean_episode_length': np.float64(1.0), 'eval/std_episode_length': np.float64(0.0), 'eval/eval_time': 0.07352018356323242}
{'training/total_steps': 36000, 'training/updates': 18, 'training/sps': np.float64(6368.027), 'training/walltime': np.float64(8.209), 'training/rollout_time': np.float64(0.313), 'training/update_time': np.float64(0.001), 'training/approx_kl': 0.0, 'training/entropy': 0.08671951293945312, 'training/policy_loss': -0.006952264346182346, 'training/total_loss': -0.00686629069969058, 'training/value_loss': 0.00017194764222949743}
{'eval/num_episodes': 200, 'eval/num_steps': 200, 'eval/mean_score': np.float64(0.998), 'eval/std_score': np.float64(0.012), 'eval/mean_episode_length': np.float64(1.0), 'eval/std_episode_length': np.float64(0.0), 'eval/eval_time': 0.07335805892944336}
{'training/total_steps': 38000, 'training/updates': 19, 'training/sps': np.float64(5800.023), 'training/walltime': np.float64(8.628), 'training/rollout_time': np.float64(0.343), 'training/update_time': np.float64(0.002), 'training/approx_kl': 0.0, 'training/entropy': 0.08648508042097092, 'training/policy_loss': -0.004567969124764204, 'training/total_loss': -0.004510950297117233, 'training/value_loss': 0.00011403747339500114}
{'eval/num_episodes': 200, 'eval/num_steps': 200, 'eval/mean_score': np.float64(0.998), 'eval/std_score': np.float64(0.014), 'eval/mean_episode_length': np.float64(1.0), 'eval/std_episode_length': np.float64(0.0), 'eval/eval_time': 0.07480406761169434}
{'training/total_steps': 40000, 'training/updates': 20, 'training/sps': np.float64(6344.677), 'training/walltime': np.float64(9.018), 'training/rollout_time': np.float64(0.314), 'training/update_time': np.float64(0.001), 'training/approx_kl': 0.0, 'training/entropy': 0.08632995188236237, 'training/policy_loss': -0.005615085829049349, 'training/total_loss': -0.005546034779399633, 'training/value_loss': 0.0001381025358568877}
{'eval/num_episodes': 200, 'eval/num_steps': 200, 'eval/mean_score': np.float64(0.997), 'eval/std_score': np.float64(0.016), 'eval/mean_episode_length': np.float64(1.0), 'eval/std_episode_length': np.float64(0.0), 'eval/eval_time': 0.07106995582580566}
{'training/total_steps': 42000, 'training/updates': 21, 'training/sps': np.float64(6272.658), 'training/walltime': np.float64(9.409), 'training/rollout_time': np.float64(0.317), 'training/update_time': np.float64(0.001), 'training/approx_kl': 0.0, 'training/entropy': 0.08614270389080048, 'training/policy_loss': -0.005600408650934696, 'training/total_loss': -0.00553138880059123, 'training/value_loss': 0.00013804009358864278}
{'eval/num_episodes': 200, 'eval/num_steps': 200, 'eval/mean_score': np.float64(0.995), 'eval/std_score': np.float64(0.021), 'eval/mean_episode_length': np.float64(1.0), 'eval/std_episode_length': np.float64(0.0), 'eval/eval_time': 0.0719296932220459}
{'training/total_steps': 44000, 'training/updates': 22, 'training/sps': np.float64(5781.216), 'training/walltime': np.float64(9.827), 'training/rollout_time': np.float64(0.344), 'training/update_time': np.float64(0.001), 'training/approx_kl': 0.0, 'training/entropy': 0.08595563471317291, 'training/policy_loss': -0.006408239249140024, 'training/total_loss': -0.006329499185085297, 'training/value_loss': 0.0001574801281094551}
{'eval/num_episodes': 200, 'eval/num_steps': 200, 'eval/mean_score': np.float64(0.998), 'eval/std_score': np.float64(0.014), 'eval/mean_episode_length': np.float64(1.0), 'eval/std_episode_length': np.float64(0.0), 'eval/eval_time': 0.1347498893737793}
{'training/total_steps': 46000, 'training/updates': 23, 'training/sps': np.float64(5813.718), 'training/walltime': np.float64(10.306), 'training/rollout_time': np.float64(0.342), 'training/update_time': np.float64(0.002), 'training/approx_kl': 0.0, 'training/entropy': 0.08574278652667999, 'training/policy_loss': -0.006597536616027355, 'training/total_loss': -0.0065163965336978436, 'training/value_loss': 0.00016228006279561669}
{'eval/num_episodes': 200, 'eval/num_steps': 200, 'eval/mean_score': np.float64(0.998), 'eval/std_score': np.float64(0.012), 'eval/mean_episode_length': np.float64(1.0), 'eval/std_episode_length': np.float64(0.0), 'eval/eval_time': 0.0720367431640625}
{'training/total_steps': 48000, 'training/updates': 24, 'training/sps': np.float64(5841.381), 'training/walltime': np.float64(10.721), 'training/rollout_time': np.float64(0.341), 'training/update_time': np.float64(0.001), 'training/approx_kl': 0.0, 'training/entropy': 0.08552391827106476, 'training/policy_loss': -0.008807485923171043, 'training/total_loss': -0.008699754253029823, 'training/value_loss': 0.00021546261268667877}
{'eval/num_episodes': 200, 'eval/num_steps': 200, 'eval/mean_score': np.float64(0.998), 'eval/std_score': np.float64(0.012), 'eval/mean_episode_length': np.float64(1.0), 'eval/std_episode_length': np.float64(0.0), 'eval/eval_time': 0.07187104225158691}
{'training/total_steps': 50000, 'training/updates': 25, 'training/sps': np.float64(6253.715), 'training/walltime': np.float64(11.113), 'training/rollout_time': np.float64(0.318), 'training/update_time': np.float64(0.002), 'training/approx_kl': 0.0, 'training/entropy': 0.08523400127887726, 'training/policy_loss': -0.008558304980397224, 'training/total_loss': -0.00845311488956213, 'training/value_loss': 0.00021038009435869753}
{'eval/num_episodes': 200, 'eval/num_steps': 200, 'eval/mean_score': np.float64(0.997), 'eval/std_score': np.float64(0.017), 'eval/mean_episode_length': np.float64(1.0), 'eval/std_episode_length': np.float64(0.0), 'eval/eval_time': 0.07190513610839844}
{'training/total_steps': 52000, 'training/updates': 26, 'training/sps': np.float64(6369.55), 'training/walltime': np.float64(11.499), 'training/rollout_time': np.float64(0.312), 'training/update_time': np.float64(0.002), 'training/approx_kl': 0.0, 'training/entropy': 0.08495187014341354, 'training/policy_loss': -0.003567370818927884, 'training/total_loss': -0.0035219944547861814, 'training/value_loss': 9.075253183254972e-05}
{'eval/num_episodes': 200, 'eval/num_steps': 200, 'eval/mean_score': np.float64(0.998), 'eval/std_score': np.float64(0.012), 'eval/mean_episode_length': np.float64(1.0), 'eval/std_episode_length': np.float64(0.0), 'eval/eval_time': 0.07100415229797363}
{'training/total_steps': 54000, 'training/updates': 27, 'training/sps': np.float64(5848.634), 'training/walltime': np.float64(11.913), 'training/rollout_time': np.float64(0.341), 'training/update_time': np.float64(0.001), 'training/approx_kl': 0.0, 'training/entropy': 0.08483123779296875, 'training/policy_loss': -0.006475574802607298, 'training/total_loss': -0.006396609824150801, 'training/value_loss': 0.00015793010243214667}
{'eval/num_episodes': 200, 'eval/num_steps': 200, 'eval/mean_score': np.float64(0.999), 'eval/std_score': np.float64(0.007), 'eval/mean_episode_length': np.float64(1.0), 'eval/std_episode_length': np.float64(0.0), 'eval/eval_time': 0.07128405570983887}
{'training/total_steps': 56000, 'training/updates': 28, 'training/sps': np.float64(6326.895), 'training/walltime': np.float64(12.3), 'training/rollout_time': np.float64(0.314), 'training/update_time': np.float64(0.002), 'training/approx_kl': 0.0, 'training/entropy': 0.08462096005678177, 'training/policy_loss': -0.006423096172511578, 'training/total_loss': -0.006344376131892204, 'training/value_loss': 0.00015744005213491619}
{'eval/num_episodes': 200, 'eval/num_steps': 200, 'eval/mean_score': np.float64(0.997), 'eval/std_score': np.float64(0.016), 'eval/mean_episode_length': np.float64(1.0), 'eval/std_episode_length': np.float64(0.0), 'eval/eval_time': 0.07424402236938477}
{'training/total_steps': 58000, 'training/updates': 29, 'training/sps': np.float64(5813.259), 'training/walltime': np.float64(12.719), 'training/rollout_time': np.float64(0.343), 'training/update_time': np.float64(0.001), 'training/approx_kl': 0.0, 'training/entropy': 0.0844111368060112, 'training/policy_loss': -0.008041758090257645, 'training/total_loss': -0.007943677715957165, 'training/value_loss': 0.00019616013742052019}
{'eval/num_episodes': 200, 'eval/num_steps': 200, 'eval/mean_score': np.float64(0.997), 'eval/std_score': np.float64(0.016), 'eval/mean_episode_length': np.float64(1.0), 'eval/std_episode_length': np.float64(0.0), 'eval/eval_time': 0.0737919807434082}
{'training/total_steps': 60000, 'training/updates': 30, 'training/sps': np.float64(6409.972), 'training/walltime': np.float64(13.105), 'training/rollout_time': np.float64(0.311), 'training/update_time': np.float64(0.001), 'training/approx_kl': 0.0, 'training/entropy': 0.08415031433105469, 'training/policy_loss': -0.007205750793218613, 'training/total_loss': -0.007117350585758686, 'training/value_loss': 0.00017680008022580296}
{'eval/num_episodes': 200, 'eval/num_steps': 200, 'eval/mean_score': np.float64(0.999), 'eval/std_score': np.float64(0.01), 'eval/mean_episode_length': np.float64(1.0), 'eval/std_episode_length': np.float64(0.0), 'eval/eval_time': 0.07186079025268555}
TRAINING END: training duration: 13.17772388458252
{'final_eval/num_episodes': 200, 'final_eval/num_steps': 200, 'final_eval/mean_score': np.float64(1.0), 'final_eval/std_score': np.float64(0.0), 'final_eval/mean_episode_length': np.float64(1.0), 'final_eval/std_episode_length': np.float64(0.0)}
