|param: value|
|experiment_name:  cleanba_ppo|
|seed:  2|
|platform:  cpu|
|write_logs_to_file:  False|
|save_model:  False|
|env_name:  bandit|
|num_envs:  8|
|num_train_levels:  200|
|distribution_mode:  easy|
|arm_means:  (1.0, 0.9)|
|deterministic_rewards:  True|
|eval_env:  True|
|num_eval_episodes:  200|
|eval_every:  1|
|deterministic_eval:  False|
|total_timesteps:  60000|
|learning_rate:  0.00025|
|adam_eps:  1e-05|
|unroll_length:  250|
|anneal_lr:  False|
|gamma:  0.99|
|gae_lambda:  0.95|
|num_minibatches:  4|
|update_epochs:  4|
|normalize_advantages:  True|
|clip_eps:  0.1|
|clip_vloss:  True|
|entropy_cost:  0.0|
|vf_cost:  0.5|
|max_grad_norm:  0.5|
|use_cnn:  False|
|policy_hidden_layer_sizes:  ()|
|value_hidden_layer_sizes:  ()|
|activation:  <jax._src.custom_derivatives.custom_jvp object at 0x129941510>|
|policy_init_logit_bias:  [0.0, 1.0]|
{'training/total_steps': 2000, 'training/updates': 1, 'training/sps': np.float64(2086.964), 'training/walltime': np.float64(0.958), 'training/rollout_time': np.float64(0.427), 'training/update_time': np.float64(0.531), 'training/approx_kl': 1.807199623726774e-05, 'training/entropy': 0.5848489999771118, 'training/policy_loss': -0.005974206142127514, 'training/total_loss': 1.5260009765625, 'training/value_loss': 3.063950300216675}
{'eval/num_episodes': 200, 'eval/num_steps': 200, 'eval/mean_score': np.float64(0.927), 'eval/std_score': np.float64(0.044), 'eval/mean_episode_length': np.float64(1.0), 'eval/std_episode_length': np.float64(0.0), 'eval/eval_time': 0.09437012672424316}
{'training/total_steps': 4000, 'training/updates': 2, 'training/sps': np.float64(13000.776), 'training/walltime': np.float64(1.207), 'training/rollout_time': np.float64(0.146), 'training/update_time': np.float64(0.008), 'training/approx_kl': 1.8214344891021028e-05, 'training/entropy': 0.5879627466201782, 'training/policy_loss': -0.006042283959686756, 'training/total_loss': 1.5166151523590088, 'training/value_loss': 3.0453147888183594}
{'eval/num_episodes': 200, 'eval/num_steps': 200, 'eval/mean_score': np.float64(0.926), 'eval/std_score': np.float64(0.044), 'eval/mean_episode_length': np.float64(1.0), 'eval/std_episode_length': np.float64(0.0), 'eval/eval_time': 0.07770681381225586}
{'training/total_steps': 6000, 'training/updates': 3, 'training/sps': np.float64(13477.018), 'training/walltime': np.float64(1.433), 'training/rollout_time': np.float64(0.137), 'training/update_time': np.float64(0.011), 'training/approx_kl': 1.785901258699596e-05, 'training/entropy': 0.5910444855690002, 'training/policy_loss': -0.005956695415079594, 'training/total_loss': 1.5057318210601807, 'training/value_loss': 3.023376941680908}
{'eval/num_episodes': 200, 'eval/num_steps': 200, 'eval/mean_score': np.float64(0.923), 'eval/std_score': np.float64(0.042), 'eval/mean_episode_length': np.float64(1.0), 'eval/std_episode_length': np.float64(0.0), 'eval/eval_time': 0.07507085800170898}
{'training/total_steps': 8000, 'training/updates': 4, 'training/sps': np.float64(13650.312), 'training/walltime': np.float64(1.655), 'training/rollout_time': np.float64(0.138), 'training/update_time': np.float64(0.008), 'training/approx_kl': 1.9076378521276638e-05, 'training/entropy': 0.594112753868103, 'training/policy_loss': -0.006155794952064753, 'training/total_loss': 1.4986381530761719, 'training/value_loss': 3.0095877647399902}
{'eval/num_episodes': 200, 'eval/num_steps': 200, 'eval/mean_score': np.float64(0.929), 'eval/std_score': np.float64(0.045), 'eval/mean_episode_length': np.float64(1.0), 'eval/std_episode_length': np.float64(0.0), 'eval/eval_time': 0.07573795318603516}
{'training/total_steps': 10000, 'training/updates': 5, 'training/sps': np.float64(13172.631), 'training/walltime': np.float64(1.883), 'training/rollout_time': np.float64(0.143), 'training/update_time': np.float64(0.009), 'training/approx_kl': 1.843422796810046e-05, 'training/entropy': 0.597158670425415, 'training/policy_loss': -0.0060484884306788445, 'training/total_loss': 1.48699951171875, 'training/value_loss': 2.986095905303955}
{'eval/num_episodes': 200, 'eval/num_steps': 200, 'eval/mean_score': np.float64(0.927), 'eval/std_score': np.float64(0.044), 'eval/mean_episode_length': np.float64(1.0), 'eval/std_episode_length': np.float64(0.0), 'eval/eval_time': 0.07548999786376953}
{'training/total_steps': 12000, 'training/updates': 6, 'training/sps': np.float64(13500.638), 'training/walltime': np.float64(2.107), 'training/rollout_time': np.float64(0.14), 'training/update_time': np.float64(0.008), 'training/approx_kl': 1.91869603440864e-05, 'training/entropy': 0.6001777648925781, 'training/policy_loss': -0.006170925218611956, 'training/total_loss': 1.4792380332946777, 'training/value_loss': 2.970817804336548}
{'eval/num_episodes': 200, 'eval/num_steps': 200, 'eval/mean_score': np.float64(0.929), 'eval/std_score': np.float64(0.045), 'eval/mean_episode_length': np.float64(1.0), 'eval/std_episode_length': np.float64(0.0), 'eval/eval_time': 0.07507109642028809}
{'training/total_steps': 14000, 'training/updates': 7, 'training/sps': np.float64(13384.553), 'training/walltime': np.float64(2.332), 'training/rollout_time': np.float64(0.141), 'training/update_time': np.float64(0.008), 'training/approx_kl': 1.9206436263630167e-05, 'training/entropy': 0.6031743288040161, 'training/policy_loss': -0.006186290644109249, 'training/total_loss': 1.4692822694778442, 'training/value_loss': 2.950937271118164}
{'eval/num_episodes': 200, 'eval/num_steps': 200, 'eval/mean_score': np.float64(0.923), 'eval/std_score': np.float64(0.042), 'eval/mean_episode_length': np.float64(1.0), 'eval/std_episode_length': np.float64(0.0), 'eval/eval_time': 0.07614302635192871}
{'training/total_steps': 16000, 'training/updates': 8, 'training/sps': np.float64(13501.464), 'training/walltime': np.float64(2.556), 'training/rollout_time': np.float64(0.14), 'training/update_time': np.float64(0.008), 'training/approx_kl': 2.0066454453626648e-05, 'training/entropy': 0.6061511039733887, 'training/policy_loss': -0.006310550030320883, 'training/total_loss': 1.4616466760635376, 'training/value_loss': 2.9359145164489746}
{'eval/num_episodes': 200, 'eval/num_steps': 200, 'eval/mean_score': np.float64(0.928), 'eval/std_score': np.float64(0.045), 'eval/mean_episode_length': np.float64(1.0), 'eval/std_episode_length': np.float64(0.0), 'eval/eval_time': 0.07515382766723633}
{'training/total_steps': 18000, 'training/updates': 9, 'training/sps': np.float64(13307.245), 'training/walltime': np.float64(2.782), 'training/rollout_time': np.float64(0.142), 'training/update_time': np.float64(0.008), 'training/approx_kl': 1.924747266457416e-05, 'training/entropy': 0.6090914607048035, 'training/policy_loss': -0.006189847830682993, 'training/total_loss': 1.449647307395935, 'training/value_loss': 2.9116744995117188}
{'eval/num_episodes': 200, 'eval/num_steps': 200, 'eval/mean_score': np.float64(0.934), 'eval/std_score': np.float64(0.048), 'eval/mean_episode_length': np.float64(1.0), 'eval/std_episode_length': np.float64(0.0), 'eval/eval_time': 0.08023810386657715}
{'training/total_steps': 20000, 'training/updates': 10, 'training/sps': np.float64(13692.445), 'training/walltime': np.float64(3.009), 'training/rollout_time': np.float64(0.138), 'training/update_time': np.float64(0.008), 'training/approx_kl': 1.927070479723625e-05, 'training/entropy': 0.6119827628135681, 'training/policy_loss': -0.006197144277393818, 'training/total_loss': 1.4403457641601562, 'training/value_loss': 2.8930859565734863}
{'eval/num_episodes': 200, 'eval/num_steps': 200, 'eval/mean_score': np.float64(0.93), 'eval/std_score': np.float64(0.046), 'eval/mean_episode_length': np.float64(1.0), 'eval/std_episode_length': np.float64(0.0), 'eval/eval_time': 0.07428717613220215}
{'training/total_steps': 22000, 'training/updates': 11, 'training/sps': np.float64(13436.176), 'training/walltime': np.float64(3.232), 'training/rollout_time': np.float64(0.141), 'training/update_time': np.float64(0.008), 'training/approx_kl': 2.025391222559847e-05, 'training/entropy': 0.6148532629013062, 'training/policy_loss': -0.006354824639856815, 'training/total_loss': 1.4328144788742065, 'training/value_loss': 2.87833833694458}
{'eval/num_episodes': 200, 'eval/num_steps': 200, 'eval/mean_score': np.float64(0.929), 'eval/std_score': np.float64(0.046), 'eval/mean_episode_length': np.float64(1.0), 'eval/std_episode_length': np.float64(0.0), 'eval/eval_time': 0.07433390617370605}
{'training/total_steps': 24000, 'training/updates': 12, 'training/sps': np.float64(13860.68), 'training/walltime': np.float64(3.451), 'training/rollout_time': np.float64(0.136), 'training/update_time': np.float64(0.008), 'training/approx_kl': 2.088384462695103e-05, 'training/entropy': 0.6177103519439697, 'training/policy_loss': -0.006436954252421856, 'training/total_loss': 1.4243766069412231, 'training/value_loss': 2.8616271018981934}
{'eval/num_episodes': 200, 'eval/num_steps': 200, 'eval/mean_score': np.float64(0.93), 'eval/std_score': np.float64(0.046), 'eval/mean_episode_length': np.float64(1.0), 'eval/std_episode_length': np.float64(0.0), 'eval/eval_time': 0.07805395126342773}
{'training/total_steps': 26000, 'training/updates': 13, 'training/sps': np.float64(13483.17), 'training/walltime': np.float64(3.678), 'training/rollout_time': np.float64(0.14), 'training/update_time': np.float64(0.008), 'training/approx_kl': 2.0642237359425053e-05, 'training/entropy': 0.6205278038978577, 'training/policy_loss': -0.00641509098932147, 'training/total_loss': 1.414085030555725, 'training/value_loss': 2.8410003185272217}
{'eval/num_episodes': 200, 'eval/num_steps': 200, 'eval/mean_score': np.float64(0.938), 'eval/std_score': np.float64(0.049), 'eval/mean_episode_length': np.float64(1.0), 'eval/std_episode_length': np.float64(0.0), 'eval/eval_time': 0.07354903221130371}
{'training/total_steps': 28000, 'training/updates': 14, 'training/sps': np.float64(13307.52), 'training/walltime': np.float64(3.902), 'training/rollout_time': np.float64(0.142), 'training/update_time': np.float64(0.008), 'training/approx_kl': 2.117973599524703e-05, 'training/entropy': 0.6233111023902893, 'training/policy_loss': -0.006489889696240425, 'training/total_loss': 1.4057164192199707, 'training/value_loss': 2.8244128227233887}
{'eval/num_episodes': 200, 'eval/num_steps': 200, 'eval/mean_score': np.float64(0.93), 'eval/std_score': np.float64(0.046), 'eval/mean_episode_length': np.float64(1.0), 'eval/std_episode_length': np.float64(0.0), 'eval/eval_time': 0.0771169662475586}
{'training/total_steps': 30000, 'training/updates': 15, 'training/sps': np.float64(13551.805), 'training/walltime': np.float64(4.127), 'training/rollout_time': np.float64(0.139), 'training/update_time': np.float64(0.008), 'training/approx_kl': 2.1760493837064132e-05, 'training/entropy': 0.6260627508163452, 'training/policy_loss': -0.006552243605256081, 'training/total_loss': 1.397396206855774, 'training/value_loss': 2.8078970909118652}
{'eval/num_episodes': 200, 'eval/num_steps': 200, 'eval/mean_score': np.float64(0.936), 'eval/std_score': np.float64(0.048), 'eval/mean_episode_length': np.float64(1.0), 'eval/std_episode_length': np.float64(0.0), 'eval/eval_time': 0.07590889930725098}
{'training/total_steps': 32000, 'training/updates': 16, 'training/sps': np.float64(13371.944), 'training/walltime': np.float64(4.353), 'training/rollout_time': np.float64(0.141), 'training/update_time': np.float64(0.008), 'training/approx_kl': 2.1195919543970376e-05, 'training/entropy': 0.6287727952003479, 'training/policy_loss': -0.0064693232998251915, 'training/total_loss': 1.386868953704834, 'training/value_loss': 2.7866768836975098}
{'eval/num_episodes': 200, 'eval/num_steps': 200, 'eval/mean_score': np.float64(0.931), 'eval/std_score': np.float64(0.046), 'eval/mean_episode_length': np.float64(1.0), 'eval/std_episode_length': np.float64(0.0), 'eval/eval_time': 0.07471799850463867}
{'training/total_steps': 34000, 'training/updates': 17, 'training/sps': np.float64(13825.431), 'training/walltime': np.float64(4.572), 'training/rollout_time': np.float64(0.136), 'training/update_time': np.float64(0.008), 'training/approx_kl': 2.0986499293940142e-05, 'training/entropy': 0.6314296722412109, 'training/policy_loss': -0.006465228274464607, 'training/total_loss': 1.3771228790283203, 'training/value_loss': 2.7671761512756348}
{'eval/num_episodes': 200, 'eval/num_steps': 200, 'eval/mean_score': np.float64(0.937), 'eval/std_score': np.float64(0.048), 'eval/mean_episode_length': np.float64(1.0), 'eval/std_episode_length': np.float64(0.0), 'eval/eval_time': 0.07370305061340332}
{'training/total_steps': 36000, 'training/updates': 18, 'training/sps': np.float64(13725.985), 'training/walltime': np.float64(4.792), 'training/rollout_time': np.float64(0.137), 'training/update_time': np.float64(0.008), 'training/approx_kl': 2.206279350502882e-05, 'training/entropy': 0.6340513229370117, 'training/policy_loss': -0.0066179209388792515, 'training/total_loss': 1.3703370094299316, 'training/value_loss': 2.7539100646972656}
{'eval/num_episodes': 200, 'eval/num_steps': 200, 'eval/mean_score': np.float64(0.93), 'eval/std_score': np.float64(0.046), 'eval/mean_episode_length': np.float64(1.0), 'eval/std_episode_length': np.float64(0.0), 'eval/eval_time': 0.07930994033813477}
{'training/total_steps': 38000, 'training/updates': 19, 'training/sps': np.float64(13722.863), 'training/walltime': np.float64(5.017), 'training/rollout_time': np.float64(0.137), 'training/update_time': np.float64(0.008), 'training/approx_kl': 2.176241650886368e-05, 'training/entropy': 0.6366365551948547, 'training/policy_loss': -0.006576512008905411, 'training/total_loss': 1.360180377960205, 'training/value_loss': 2.733513832092285}
{'eval/num_episodes': 200, 'eval/num_steps': 200, 'eval/mean_score': np.float64(0.935), 'eval/std_score': np.float64(0.048), 'eval/mean_episode_length': np.float64(1.0), 'eval/std_episode_length': np.float64(0.0), 'eval/eval_time': 0.07492780685424805}
{'training/total_steps': 40000, 'training/updates': 20, 'training/sps': np.float64(13380.518), 'training/walltime': np.float64(5.242), 'training/rollout_time': np.float64(0.141), 'training/update_time': np.float64(0.008), 'training/approx_kl': 2.168011815228965e-05, 'training/entropy': 0.6391713619232178, 'training/policy_loss': -0.0065360344015061855, 'training/total_loss': 1.3507606983184814, 'training/value_loss': 2.7145934104919434}
{'eval/num_episodes': 200, 'eval/num_steps': 200, 'eval/mean_score': np.float64(0.937), 'eval/std_score': np.float64(0.048), 'eval/mean_episode_length': np.float64(1.0), 'eval/std_episode_length': np.float64(0.0), 'eval/eval_time': 0.07592105865478516}
{'training/total_steps': 42000, 'training/updates': 21, 'training/sps': np.float64(13875.1), 'training/walltime': np.float64(5.462), 'training/rollout_time': np.float64(0.136), 'training/update_time': np.float64(0.008), 'training/approx_kl': 2.1786810975754634e-05, 'training/entropy': 0.6416570544242859, 'training/policy_loss': -0.006581782829016447, 'training/total_loss': 1.3419309854507446, 'training/value_loss': 2.6970255374908447}
{'eval/num_episodes': 200, 'eval/num_steps': 200, 'eval/mean_score': np.float64(0.932), 'eval/std_score': np.float64(0.047), 'eval/mean_episode_length': np.float64(1.0), 'eval/std_episode_length': np.float64(0.0), 'eval/eval_time': 0.07574987411499023}
{'training/total_steps': 44000, 'training/updates': 22, 'training/sps': np.float64(12970.082), 'training/walltime': np.float64(5.693), 'training/rollout_time': np.float64(0.146), 'training/update_time': np.float64(0.008), 'training/approx_kl': 2.220699388999492e-05, 'training/entropy': 0.64410001039505, 'training/policy_loss': -0.006649200804531574, 'training/total_loss': 1.3335821628570557, 'training/value_loss': 2.6804628372192383}
{'eval/num_episodes': 200, 'eval/num_steps': 200, 'eval/mean_score': np.float64(0.93), 'eval/std_score': np.float64(0.046), 'eval/mean_episode_length': np.float64(1.0), 'eval/std_episode_length': np.float64(0.0), 'eval/eval_time': 0.07780933380126953}
{'training/total_steps': 46000, 'training/updates': 23, 'training/sps': np.float64(13735.851), 'training/walltime': np.float64(5.916), 'training/rollout_time': np.float64(0.137), 'training/update_time': np.float64(0.008), 'training/approx_kl': 2.3095413780538365e-05, 'training/entropy': 0.6465080976486206, 'training/policy_loss': -0.006785606034100056, 'training/total_loss': 1.3266046047210693, 'training/value_loss': 2.666780471801758}
{'eval/num_episodes': 200, 'eval/num_steps': 200, 'eval/mean_score': np.float64(0.928), 'eval/std_score': np.float64(0.045), 'eval/mean_episode_length': np.float64(1.0), 'eval/std_episode_length': np.float64(0.0), 'eval/eval_time': 0.07875800132751465}
{'training/total_steps': 48000, 'training/updates': 24, 'training/sps': np.float64(10264.735), 'training/walltime': np.float64(6.19), 'training/rollout_time': np.float64(0.186), 'training/update_time': np.float64(0.008), 'training/approx_kl': 2.273330210300628e-05, 'training/entropy': 0.6488685011863708, 'training/policy_loss': -0.00672534853219986, 'training/total_loss': 1.3160250186920166, 'training/value_loss': 2.645500659942627}
{'eval/num_episodes': 200, 'eval/num_steps': 200, 'eval/mean_score': np.float64(0.93), 'eval/std_score': np.float64(0.046), 'eval/mean_episode_length': np.float64(1.0), 'eval/std_episode_length': np.float64(0.0), 'eval/eval_time': 0.07645273208618164}
{'training/total_steps': 50000, 'training/updates': 25, 'training/sps': np.float64(13436.349), 'training/walltime': np.float64(6.416), 'training/rollout_time': np.float64(0.139), 'training/update_time': np.float64(0.01), 'training/approx_kl': 2.3272619728231803e-05, 'training/entropy': 0.6511776447296143, 'training/policy_loss': -0.006810184568166733, 'training/total_loss': 1.3087496757507324, 'training/value_loss': 2.631119728088379}
{'eval/num_episodes': 200, 'eval/num_steps': 200, 'eval/mean_score': np.float64(0.937), 'eval/std_score': np.float64(0.048), 'eval/mean_episode_length': np.float64(1.0), 'eval/std_episode_length': np.float64(0.0), 'eval/eval_time': 0.07634902000427246}
{'training/total_steps': 52000, 'training/updates': 26, 'training/sps': np.float64(13803.568), 'training/walltime': np.float64(6.637), 'training/rollout_time': np.float64(0.137), 'training/update_time': np.float64(0.008), 'training/approx_kl': 2.3449720174539834e-05, 'training/entropy': 0.6534398198127747, 'training/policy_loss': -0.00681679043918848, 'training/total_loss': 1.2997400760650635, 'training/value_loss': 2.6131138801574707}
{'eval/num_episodes': 200, 'eval/num_steps': 200, 'eval/mean_score': np.float64(0.93), 'eval/std_score': np.float64(0.046), 'eval/mean_episode_length': np.float64(1.0), 'eval/std_episode_length': np.float64(0.0), 'eval/eval_time': 0.07588386535644531}
{'training/total_steps': 54000, 'training/updates': 27, 'training/sps': np.float64(13689.898), 'training/walltime': np.float64(6.86), 'training/rollout_time': np.float64(0.138), 'training/update_time': np.float64(0.008), 'training/approx_kl': 2.431395841995254e-05, 'training/entropy': 0.6556555032730103, 'training/policy_loss': -0.006940062623471022, 'training/total_loss': 1.2934675216674805, 'training/value_loss': 2.6008148193359375}
{'eval/num_episodes': 200, 'eval/num_steps': 200, 'eval/mean_score': np.float64(0.932), 'eval/std_score': np.float64(0.047), 'eval/mean_episode_length': np.float64(1.0), 'eval/std_episode_length': np.float64(0.0), 'eval/eval_time': 0.0769507884979248}
{'training/total_steps': 56000, 'training/updates': 28, 'training/sps': np.float64(13714.876), 'training/walltime': np.float64(7.083), 'training/rollout_time': np.float64(0.138), 'training/update_time': np.float64(0.008), 'training/approx_kl': 2.401651545369532e-05, 'training/entropy': 0.657819926738739, 'training/policy_loss': -0.006911122240126133, 'training/total_loss': 1.2832553386688232, 'training/value_loss': 2.5803332328796387}
{'eval/num_episodes': 200, 'eval/num_steps': 200, 'eval/mean_score': np.float64(0.939), 'eval/std_score': np.float64(0.049), 'eval/mean_episode_length': np.float64(1.0), 'eval/std_episode_length': np.float64(0.0), 'eval/eval_time': 0.07790899276733398}
{'training/total_steps': 58000, 'training/updates': 29, 'training/sps': np.float64(13454.883), 'training/walltime': np.float64(7.31), 'training/rollout_time': np.float64(0.14), 'training/update_time': np.float64(0.009), 'training/approx_kl': 2.3511469407822005e-05, 'training/entropy': 0.659919023513794, 'training/policy_loss': -0.006833027582615614, 'training/total_loss': 1.2729498147964478, 'training/value_loss': 2.559565782546997}
{'eval/num_episodes': 200, 'eval/num_steps': 200, 'eval/mean_score': np.float64(0.934), 'eval/std_score': np.float64(0.048), 'eval/mean_episode_length': np.float64(1.0), 'eval/std_episode_length': np.float64(0.0), 'eval/eval_time': 0.07657408714294434}
{'training/total_steps': 60000, 'training/updates': 30, 'training/sps': np.float64(8262.66), 'training/walltime': np.float64(7.628), 'training/rollout_time': np.float64(0.233), 'training/update_time': np.float64(0.009), 'training/approx_kl': 2.4061086151050404e-05, 'training/entropy': 0.6619620323181152, 'training/policy_loss': -0.006918147671967745, 'training/total_loss': 1.2659858465194702, 'training/value_loss': 2.5458078384399414}
{'eval/num_episodes': 200, 'eval/num_steps': 200, 'eval/mean_score': np.float64(0.936), 'eval/std_score': np.float64(0.048), 'eval/mean_episode_length': np.float64(1.0), 'eval/std_episode_length': np.float64(0.0), 'eval/eval_time': 0.0804600715637207}
TRAINING END: training duration: 7.709218978881836
{'final_eval/num_episodes': 200, 'final_eval/num_steps': 200, 'final_eval/mean_score': np.float64(0.8999999761581421), 'final_eval/std_score': np.float64(0.0), 'final_eval/mean_episode_length': np.float64(1.0), 'final_eval/std_episode_length': np.float64(0.0)}
}
