|param: value|
|experiment_name:  reinforce_procgen|
|seed:  2|
|platform:  cpu|
|write_logs_to_file:  False|
|save_model:  False|
|env_name:  bandit|
|num_envs:  1|
|num_train_levels:  200|
|distribution_mode:  easy|
|arm_means:  (1.0, 0.9)|
|deterministic_rewards:  True|
|eval_env:  True|
|num_eval_episodes:  200|
|eval_every:  1|
|deterministic_eval:  False|
|normalize_observations:  True|
|total_timesteps:  60000|
|learning_rate:  0.5|
|optimizer:  sgd|
|unroll_length:  2048|
|anneal_lr:  False|
|gamma:  0.99|
|batch_size:  1|
|num_minibatches:  1|
|update_epochs:  1|
|entropy_cost:  0.0|
|max_grad_norm:  0.5|
|reward_scaling:  1.0|
|use_cnn:  False|
|policy_hidden_layer_sizes:  ()|
|value_hidden_layer_sizes:  ()|
|activation:  <jax._src.custom_derivatives.custom_jvp object at 0x129941510>|
|policy_init_logit_bias:  [0.0, 1.0]|
{'training/total_steps': 2000, 'training/updates': 1, 'training/sps': np.float64(1963.566), 'training/walltime': np.float64(1.019), 'training/rollout_time': np.float64(0.425), 'training/update_time': np.float64(0.594), 'training/approx_kl': 0.0, 'training/entropy': 0.5822030305862427, 'training/policy_loss': 0.6763538122177124, 'training/total_loss': 1.2933727502822876, 'training/value_loss': 1.2340377569198608}
{'eval/num_episodes': 200, 'eval/num_steps': 200, 'eval/mean_score': np.float64(0.928), 'eval/std_score': np.float64(0.045), 'eval/mean_episode_length': np.float64(1.0), 'eval/std_episode_length': np.float64(0.0), 'eval/eval_time': 0.07519316673278809}
{'training/total_steps': 4000, 'training/updates': 2, 'training/sps': np.float64(5962.481), 'training/walltime': np.float64(1.43), 'training/rollout_time': np.float64(0.334), 'training/update_time': np.float64(0.002), 'training/approx_kl': 0.0, 'training/entropy': 0.5859540104866028, 'training/policy_loss': 0.45557087659835815, 'training/total_loss': 0.741801917552948, 'training/value_loss': 0.5724620819091797}
{'eval/num_episodes': 200, 'eval/num_steps': 200, 'eval/mean_score': np.float64(0.929), 'eval/std_score': np.float64(0.046), 'eval/mean_episode_length': np.float64(1.0), 'eval/std_episode_length': np.float64(0.0), 'eval/eval_time': 0.0747220516204834}
{'training/total_steps': 6000, 'training/updates': 3, 'training/sps': np.float64(5981.826), 'training/walltime': np.float64(1.839), 'training/rollout_time': np.float64(0.333), 'training/update_time': np.float64(0.001), 'training/approx_kl': 0.0, 'training/entropy': 0.5883559584617615, 'training/policy_loss': 0.2543290853500366, 'training/total_loss': 0.33633241057395935, 'training/value_loss': 0.16400665044784546}
{'eval/num_episodes': 200, 'eval/num_steps': 200, 'eval/mean_score': np.float64(0.929), 'eval/std_score': np.float64(0.045), 'eval/mean_episode_length': np.float64(1.0), 'eval/std_episode_length': np.float64(0.0), 'eval/eval_time': 0.07613801956176758}
{'training/total_steps': 8000, 'training/updates': 4, 'training/sps': np.float64(5397.019), 'training/walltime': np.float64(2.286), 'training/rollout_time': np.float64(0.369), 'training/update_time': np.float64(0.002), 'training/approx_kl': 0.0, 'training/entropy': 0.5944168567657471, 'training/policy_loss': 0.04939901828765869, 'training/total_loss': 0.051711972802877426, 'training/value_loss': 0.004625911358743906}
{'eval/num_episodes': 200, 'eval/num_steps': 200, 'eval/mean_score': np.float64(0.923), 'eval/std_score': np.float64(0.042), 'eval/mean_episode_length': np.float64(1.0), 'eval/std_episode_length': np.float64(0.0), 'eval/eval_time': 0.07688307762145996}
{'training/total_steps': 10000, 'training/updates': 5, 'training/sps': np.float64(6071.46), 'training/walltime': np.float64(2.693), 'training/rollout_time': np.float64(0.328), 'training/update_time': np.float64(0.001), 'training/approx_kl': 0.0, 'training/entropy': 0.6020507216453552, 'training/policy_loss': 0.018592532724142075, 'training/total_loss': 0.019616831094026566, 'training/value_loss': 0.0020485983695834875}
{'eval/num_episodes': 200, 'eval/num_steps': 200, 'eval/mean_score': np.float64(0.928), 'eval/std_score': np.float64(0.045), 'eval/mean_episode_length': np.float64(1.0), 'eval/std_episode_length': np.float64(0.0), 'eval/eval_time': 0.07635021209716797}
{'training/total_steps': 12000, 'training/updates': 6, 'training/sps': np.float64(5429.165), 'training/walltime': np.float64(3.138), 'training/rollout_time': np.float64(0.367), 'training/update_time': np.float64(0.002), 'training/approx_kl': 0.0, 'training/entropy': 0.6094958186149597, 'training/policy_loss': 0.01760977692902088, 'training/total_loss': 0.018636120483279228, 'training/value_loss': 0.0020526889711618423}
{'eval/num_episodes': 200, 'eval/num_steps': 200, 'eval/mean_score': np.float64(0.925), 'eval/std_score': np.float64(0.043), 'eval/mean_episode_length': np.float64(1.0), 'eval/std_episode_length': np.float64(0.0), 'eval/eval_time': 0.07739806175231934}
{'training/total_steps': 14000, 'training/updates': 7, 'training/sps': np.float64(6080.446), 'training/walltime': np.float64(3.545), 'training/rollout_time': np.float64(0.327), 'training/update_time': np.float64(0.002), 'training/approx_kl': 0.0, 'training/entropy': 0.6167258620262146, 'training/policy_loss': 0.019970456138253212, 'training/total_loss': 0.021069763228297234, 'training/value_loss': 0.002198613714426756}
{'eval/num_episodes': 200, 'eval/num_steps': 200, 'eval/mean_score': np.float64(0.935), 'eval/std_score': np.float64(0.048), 'eval/mean_episode_length': np.float64(1.0), 'eval/std_episode_length': np.float64(0.0), 'eval/eval_time': 0.07544398307800293}
{'training/total_steps': 16000, 'training/updates': 8, 'training/sps': np.float64(5987.736), 'training/walltime': np.float64(3.954), 'training/rollout_time': np.float64(0.333), 'training/update_time': np.float64(0.001), 'training/approx_kl': 0.0, 'training/entropy': 0.6241753101348877, 'training/policy_loss': 0.016613762825727463, 'training/total_loss': 0.01770269311964512, 'training/value_loss': 0.002177861286327243}
{'eval/num_episodes': 200, 'eval/num_steps': 200, 'eval/mean_score': np.float64(0.933), 'eval/std_score': np.float64(0.047), 'eval/mean_episode_length': np.float64(1.0), 'eval/std_episode_length': np.float64(0.0), 'eval/eval_time': 0.07539725303649902}
{'training/total_steps': 18000, 'training/updates': 9, 'training/sps': np.float64(5642.48), 'training/walltime': np.float64(4.385), 'training/rollout_time': np.float64(0.353), 'training/update_time': np.float64(0.002), 'training/approx_kl': 0.0, 'training/entropy': 0.6312808990478516, 'training/policy_loss': 0.016088485717773438, 'training/total_loss': 0.017182769253849983, 'training/value_loss': 0.0021885689347982407}
{'eval/num_episodes': 200, 'eval/num_steps': 200, 'eval/mean_score': np.float64(0.94), 'eval/std_score': np.float64(0.049), 'eval/mean_episode_length': np.float64(1.0), 'eval/std_episode_length': np.float64(0.0), 'eval/eval_time': 0.07392001152038574}
{'training/total_steps': 20000, 'training/updates': 10, 'training/sps': np.float64(6002.384), 'training/walltime': np.float64(4.792), 'training/rollout_time': np.float64(0.332), 'training/update_time': np.float64(0.001), 'training/approx_kl': 0.0, 'training/entropy': 0.6381067037582397, 'training/policy_loss': 0.013896767050027847, 'training/total_loss': 0.01496982667595148, 'training/value_loss': 0.0021461190190166235}
{'eval/num_episodes': 200, 'eval/num_steps': 200, 'eval/mean_score': np.float64(0.936), 'eval/std_score': np.float64(0.048), 'eval/mean_episode_length': np.float64(1.0), 'eval/std_episode_length': np.float64(0.0), 'eval/eval_time': 0.07605981826782227}
{'training/total_steps': 22000, 'training/updates': 11, 'training/sps': np.float64(5732.876), 'training/walltime': np.float64(5.217), 'training/rollout_time': np.float64(0.347), 'training/update_time': np.float64(0.002), 'training/approx_kl': 0.0, 'training/entropy': 0.6444836854934692, 'training/policy_loss': 0.01795552484691143, 'training/total_loss': 0.01912022940814495, 'training/value_loss': 0.0023294086568057537}
{'eval/num_episodes': 200, 'eval/num_steps': 200, 'eval/mean_score': np.float64(0.937), 'eval/std_score': np.float64(0.048), 'eval/mean_episode_length': np.float64(1.0), 'eval/std_episode_length': np.float64(0.0), 'eval/eval_time': 0.07416510581970215}
{'training/total_steps': 24000, 'training/updates': 12, 'training/sps': np.float64(4850.922), 'training/walltime': np.float64(5.704), 'training/rollout_time': np.float64(0.411), 'training/update_time': np.float64(0.001), 'training/approx_kl': 0.0, 'training/entropy': 0.6509769558906555, 'training/policy_loss': 0.01483057625591755, 'training/total_loss': 0.016002805903553963, 'training/value_loss': 0.002344458596780896}
{'eval/num_episodes': 200, 'eval/num_steps': 200, 'eval/mean_score': np.float64(0.935), 'eval/std_score': np.float64(0.048), 'eval/mean_episode_length': np.float64(1.0), 'eval/std_episode_length': np.float64(0.0), 'eval/eval_time': 0.07564496994018555}
{'training/total_steps': 26000, 'training/updates': 13, 'training/sps': np.float64(6087.21), 'training/walltime': np.float64(6.109), 'training/rollout_time': np.float64(0.327), 'training/update_time': np.float64(0.002), 'training/approx_kl': 0.0, 'training/entropy': 0.6571459174156189, 'training/policy_loss': 0.011806667782366276, 'training/total_loss': 0.012962229549884796, 'training/value_loss': 0.002311124000698328}
{'eval/num_episodes': 200, 'eval/num_steps': 200, 'eval/mean_score': np.float64(0.931), 'eval/std_score': np.float64(0.046), 'eval/mean_episode_length': np.float64(1.0), 'eval/std_episode_length': np.float64(0.0), 'eval/eval_time': 0.07388806343078613}
{'training/total_steps': 28000, 'training/updates': 14, 'training/sps': np.float64(5533.467), 'training/walltime': np.float64(6.545), 'training/rollout_time': np.float64(0.36), 'training/update_time': np.float64(0.002), 'training/approx_kl': 0.0, 'training/entropy': 0.662796139717102, 'training/policy_loss': 0.013818453066051006, 'training/total_loss': 0.01501256413757801, 'training/value_loss': 0.0023882214445620775}
{'eval/num_episodes': 200, 'eval/num_steps': 200, 'eval/mean_score': np.float64(0.945), 'eval/std_score': np.float64(0.05), 'eval/mean_episode_length': np.float64(1.0), 'eval/std_episode_length': np.float64(0.0), 'eval/eval_time': 0.07432389259338379}
{'training/total_steps': 30000, 'training/updates': 15, 'training/sps': np.float64(6094.082), 'training/walltime': np.float64(6.947), 'training/rollout_time': np.float64(0.327), 'training/update_time': np.float64(0.001), 'training/approx_kl': 0.0, 'training/entropy': 0.6681653261184692, 'training/policy_loss': 0.011044960469007492, 'training/total_loss': 0.012238842435181141, 'training/value_loss': 0.002387764398008585}
{'eval/num_episodes': 200, 'eval/num_steps': 200, 'eval/mean_score': np.float64(0.939), 'eval/std_score': np.float64(0.049), 'eval/mean_episode_length': np.float64(1.0), 'eval/std_episode_length': np.float64(0.0), 'eval/eval_time': 0.07689785957336426}
{'training/total_steps': 32000, 'training/updates': 16, 'training/sps': np.float64(5542.142), 'training/walltime': np.float64(7.386), 'training/rollout_time': np.float64(0.359), 'training/update_time': np.float64(0.002), 'training/approx_kl': 0.0, 'training/entropy': 0.6730570197105408, 'training/policy_loss': 0.010955963283777237, 'training/total_loss': 0.012167803943157196, 'training/value_loss': 0.002423680853098631}
{'eval/num_episodes': 200, 'eval/num_steps': 200, 'eval/mean_score': np.float64(0.941), 'eval/std_score': np.float64(0.049), 'eval/mean_episode_length': np.float64(1.0), 'eval/std_episode_length': np.float64(0.0), 'eval/eval_time': 0.0755472183227539}
{'training/total_steps': 34000, 'training/updates': 17, 'training/sps': np.float64(5650.82), 'training/walltime': np.float64(7.815), 'training/rollout_time': np.float64(0.352), 'training/update_time': np.float64(0.002), 'training/approx_kl': 0.0, 'training/entropy': 0.6775054931640625, 'training/policy_loss': 0.00985342264175415, 'training/total_loss': 0.011078502982854843, 'training/value_loss': 0.002450160216540098}
{'eval/num_episodes': 200, 'eval/num_steps': 200, 'eval/mean_score': np.float64(0.946), 'eval/std_score': np.float64(0.05), 'eval/mean_episode_length': np.float64(1.0), 'eval/std_episode_length': np.float64(0.0), 'eval/eval_time': 0.09855890274047852}
{'training/total_steps': 36000, 'training/updates': 18, 'training/sps': np.float64(5479.738), 'training/walltime': np.float64(8.279), 'training/rollout_time': np.float64(0.363), 'training/update_time': np.float64(0.001), 'training/approx_kl': 0.0, 'training/entropy': 0.6814619302749634, 'training/policy_loss': 0.007490706630051136, 'training/total_loss': 0.00871406402438879, 'training/value_loss': 0.0024467140901833773}
{'eval/num_episodes': 200, 'eval/num_steps': 200, 'eval/mean_score': np.float64(0.938), 'eval/std_score': np.float64(0.049), 'eval/mean_episode_length': np.float64(1.0), 'eval/std_episode_length': np.float64(0.0), 'eval/eval_time': 0.07703399658203125}
{'training/total_steps': 38000, 'training/updates': 19, 'training/sps': np.float64(5492.59), 'training/walltime': np.float64(8.721), 'training/rollout_time': np.float64(0.363), 'training/update_time': np.float64(0.002), 'training/approx_kl': 0.0, 'training/entropy': 0.6848563551902771, 'training/policy_loss': 0.006327532231807709, 'training/total_loss': 0.007550887763500214, 'training/value_loss': 0.002446711529046297}
{'eval/num_episodes': 200, 'eval/num_steps': 200, 'eval/mean_score': np.float64(0.946), 'eval/std_score': np.float64(0.05), 'eval/mean_episode_length': np.float64(1.0), 'eval/std_episode_length': np.float64(0.0), 'eval/eval_time': 0.07809686660766602}
{'training/total_steps': 40000, 'training/updates': 20, 'training/sps': np.float64(6030.488), 'training/walltime': np.float64(9.131), 'training/rollout_time': np.float64(0.33), 'training/update_time': np.float64(0.001), 'training/approx_kl': 0.0, 'training/entropy': 0.6876813173294067, 'training/policy_loss': 0.006058376748114824, 'training/total_loss': 0.007291222456842661, 'training/value_loss': 0.0024656911846250296}
{'eval/num_episodes': 200, 'eval/num_steps': 200, 'eval/mean_score': np.float64(0.95), 'eval/std_score': np.float64(0.05), 'eval/mean_episode_length': np.float64(1.0), 'eval/std_episode_length': np.float64(0.0), 'eval/eval_time': 0.07518506050109863}
{'training/total_steps': 42000, 'training/updates': 21, 'training/sps': np.float64(6026.801), 'training/walltime': np.float64(9.538), 'training/rollout_time': np.float64(0.33), 'training/update_time': np.float64(0.001), 'training/approx_kl': 0.0, 'training/entropy': 0.6899408102035522, 'training/policy_loss': 0.005611837841570377, 'training/total_loss': 0.006857938598841429, 'training/value_loss': 0.002492201514542103}
{'eval/num_episodes': 200, 'eval/num_steps': 200, 'eval/mean_score': np.float64(0.947), 'eval/std_score': np.float64(0.05), 'eval/mean_episode_length': np.float64(1.0), 'eval/std_episode_length': np.float64(0.0), 'eval/eval_time': 0.0783228874206543}
{'training/total_steps': 44000, 'training/updates': 22, 'training/sps': np.float64(5621.517), 'training/walltime': np.float64(9.973), 'training/rollout_time': np.float64(0.354), 'training/update_time': np.float64(0.001), 'training/approx_kl': 0.0, 'training/entropy': 0.6916185617446899, 'training/policy_loss': 0.00285683898255229, 'training/total_loss': 0.004100725520402193, 'training/value_loss': 0.0024877735413610935}
{'eval/num_episodes': 200, 'eval/num_steps': 200, 'eval/mean_score': np.float64(0.943), 'eval/std_score': np.float64(0.05), 'eval/mean_episode_length': np.float64(1.0), 'eval/std_episode_length': np.float64(0.0), 'eval/eval_time': 0.08009481430053711}
{'training/total_steps': 46000, 'training/updates': 23, 'training/sps': np.float64(5065.572), 'training/walltime': np.float64(10.448), 'training/rollout_time': np.float64(0.391), 'training/update_time': np.float64(0.004), 'training/approx_kl': 0.0, 'training/entropy': 0.6926836371421814, 'training/policy_loss': 0.0024199842009693384, 'training/total_loss': 0.0036684104707092047, 'training/value_loss': 0.0024968525394797325}
{'eval/num_episodes': 200, 'eval/num_steps': 200, 'eval/mean_score': np.float64(0.95), 'eval/std_score': np.float64(0.05), 'eval/mean_episode_length': np.float64(1.0), 'eval/std_episode_length': np.float64(0.0), 'eval/eval_time': 0.07932901382446289}
{'training/total_steps': 48000, 'training/updates': 24, 'training/sps': np.float64(5548.818), 'training/walltime': np.float64(10.888), 'training/rollout_time': np.float64(0.359), 'training/update_time': np.float64(0.001), 'training/approx_kl': 0.0, 'training/entropy': 0.6931323409080505, 'training/policy_loss': 0.0009340199176222086, 'training/total_loss': 0.002183690434321761, 'training/value_loss': 0.002499341033399105}
{'eval/num_episodes': 200, 'eval/num_steps': 200, 'eval/mean_score': np.float64(0.949), 'eval/std_score': np.float64(0.05), 'eval/mean_episode_length': np.float64(1.0), 'eval/std_episode_length': np.float64(0.0), 'eval/eval_time': 0.07689714431762695}
{'training/total_steps': 50000, 'training/updates': 25, 'training/sps': np.float64(5935.795), 'training/walltime': np.float64(11.303), 'training/rollout_time': np.float64(0.335), 'training/update_time': np.float64(0.002), 'training/approx_kl': 0.0, 'training/entropy': 0.6929581761360168, 'training/policy_loss': -0.00021021909196861088, 'training/total_loss': 0.0010403752094134688, 'training/value_loss': 0.0025011885445564985}
{'eval/num_episodes': 200, 'eval/num_steps': 200, 'eval/mean_score': np.float64(0.95), 'eval/std_score': np.float64(0.05), 'eval/mean_episode_length': np.float64(1.0), 'eval/std_episode_length': np.float64(0.0), 'eval/eval_time': 0.07611799240112305}
{'training/total_steps': 52000, 'training/updates': 26, 'training/sps': np.float64(5997.792), 'training/walltime': np.float64(11.713), 'training/rollout_time': np.float64(0.332), 'training/update_time': np.float64(0.002), 'training/approx_kl': 0.0, 'training/entropy': 0.6921603083610535, 'training/policy_loss': -0.00020966774900443852, 'training/total_loss': 0.0010407567024230957, 'training/value_loss': 0.0025008488446474075}
{'eval/num_episodes': 200, 'eval/num_steps': 200, 'eval/mean_score': np.float64(0.957), 'eval/std_score': np.float64(0.05), 'eval/mean_episode_length': np.float64(1.0), 'eval/std_episode_length': np.float64(0.0), 'eval/eval_time': 0.07744669914245605}
{'training/total_steps': 54000, 'training/updates': 27, 'training/sps': np.float64(5593.699), 'training/walltime': np.float64(12.148), 'training/rollout_time': np.float64(0.356), 'training/update_time': np.float64(0.001), 'training/approx_kl': 0.0, 'training/entropy': 0.6907462477684021, 'training/policy_loss': -0.003878409508615732, 'training/total_loss': -0.0026305399369448423, 'training/value_loss': 0.0024957391433417797}
{'eval/num_episodes': 200, 'eval/num_steps': 200, 'eval/mean_score': np.float64(0.958), 'eval/std_score': np.float64(0.049), 'eval/mean_episode_length': np.float64(1.0), 'eval/std_episode_length': np.float64(0.0), 'eval/eval_time': 0.07456588745117188}
{'training/total_steps': 56000, 'training/updates': 28, 'training/sps': np.float64(6006.945), 'training/walltime': np.float64(12.556), 'training/rollout_time': np.float64(0.33), 'training/update_time': np.float64(0.003), 'training/approx_kl': 0.0, 'training/entropy': 0.6887163519859314, 'training/policy_loss': -0.002708947053179145, 'training/total_loss': -0.0014673852128908038, 'training/value_loss': 0.002483123680576682}
{'eval/num_episodes': 200, 'eval/num_steps': 200, 'eval/mean_score': np.float64(0.958), 'eval/std_score': np.float64(0.049), 'eval/mean_episode_length': np.float64(1.0), 'eval/std_episode_length': np.float64(0.0), 'eval/eval_time': 0.07523179054260254}
{'training/total_steps': 58000, 'training/updates': 29, 'training/sps': np.float64(5447.905), 'training/walltime': np.float64(12.999), 'training/rollout_time': np.float64(0.365), 'training/update_time': np.float64(0.002), 'training/approx_kl': 0.0, 'training/entropy': 0.6861039400100708, 'training/policy_loss': -0.005076777655631304, 'training/total_loss': -0.003845027182251215, 'training/value_loss': 0.0024635011795908213}
{'eval/num_episodes': 200, 'eval/num_steps': 200, 'eval/mean_score': np.float64(0.952), 'eval/std_score': np.float64(0.05), 'eval/mean_episode_length': np.float64(1.0), 'eval/std_episode_length': np.float64(0.0), 'eval/eval_time': 0.07664728164672852}
{'training/total_steps': 60000, 'training/updates': 30, 'training/sps': np.float64(5965.114), 'training/walltime': np.float64(13.411), 'training/rollout_time': np.float64(0.334), 'training/update_time': np.float64(0.002), 'training/approx_kl': 5.960464477539063e-08, 'training/entropy': 0.6829237341880798, 'training/policy_loss': -0.006104318890720606, 'training/total_loss': -0.004881532397121191, 'training/value_loss': 0.002445573452860117}
{'eval/num_episodes': 200, 'eval/num_steps': 200, 'eval/mean_score': np.float64(0.956), 'eval/std_score': np.float64(0.05), 'eval/mean_episode_length': np.float64(1.0), 'eval/std_episode_length': np.float64(0.0), 'eval/eval_time': 0.07505011558532715}
TRAINING END: training duration: 13.48652696609497
{'final_eval/num_episodes': 200, 'final_eval/num_steps': 200, 'final_eval/mean_score': np.float64(1.0), 'final_eval/std_score': np.float64(0.0), 'final_eval/mean_episode_length': np.float64(1.0), 'final_eval/std_episode_length': np.float64(0.0)}
0.0)}
