|param: value|
|experiment_name:  cleanba_ppo|
|seed:  1|
|platform:  cpu|
|write_logs_to_file:  False|
|save_model:  False|
|env_name:  bandit|
|num_envs:  8|
|num_train_levels:  200|
|distribution_mode:  easy|
|arm_means:  (1.0, 0.9)|
|deterministic_rewards:  True|
|eval_env:  True|
|num_eval_episodes:  200|
|eval_every:  1|
|deterministic_eval:  False|
|total_timesteps:  60000|
|learning_rate:  0.00025|
|adam_eps:  1e-05|
|unroll_length:  250|
|anneal_lr:  False|
|gamma:  0.99|
|gae_lambda:  0.95|
|num_minibatches:  4|
|update_epochs:  4|
|normalize_advantages:  True|
|clip_eps:  0.1|
|clip_vloss:  True|
|entropy_cost:  0.0|
|vf_cost:  0.5|
|max_grad_norm:  0.5|
|use_cnn:  False|
|policy_hidden_layer_sizes:  ()|
|value_hidden_layer_sizes:  ()|
|activation:  <jax._src.custom_derivatives.custom_jvp object at 0x1027de050>|
|policy_init_logit_bias:  [0.0, 0.0]|
{'training/total_steps': 2000, 'training/updates': 1, 'training/sps': np.float64(2154.39), 'training/walltime': np.float64(0.928), 'training/rollout_time': np.float64(0.449), 'training/update_time': np.float64(0.479), 'training/approx_kl': 2.2931784769752994e-05, 'training/entropy': 0.6931242942810059, 'training/policy_loss': -0.0067445822060108185, 'training/total_loss': 0.54120934009552, 'training/value_loss': 1.0959079265594482}
{'eval/num_episodes': 200, 'eval/num_steps': 200, 'eval/mean_score': np.float64(0.952), 'eval/std_score': np.float64(0.05), 'eval/mean_episode_length': np.float64(1.0), 'eval/std_episode_length': np.float64(0.0), 'eval/eval_time': 0.07283711433410645}
{'training/total_steps': 4000, 'training/updates': 2, 'training/sps': np.float64(13850.724), 'training/walltime': np.float64(1.146), 'training/rollout_time': np.float64(0.136), 'training/update_time': np.float64(0.008), 'training/approx_kl': 2.297926039318554e-05, 'training/entropy': 0.6930382251739502, 'training/policy_loss': -0.00674835778772831, 'training/total_loss': 0.5346823334693909, 'training/value_loss': 1.0828614234924316}
{'eval/num_episodes': 200, 'eval/num_steps': 200, 'eval/mean_score': np.float64(0.951), 'eval/std_score': np.float64(0.05), 'eval/mean_episode_length': np.float64(1.0), 'eval/std_episode_length': np.float64(0.0), 'eval/eval_time': 0.07407307624816895}
{'training/total_steps': 6000, 'training/updates': 3, 'training/sps': np.float64(13738.888), 'training/walltime': np.float64(1.366), 'training/rollout_time': np.float64(0.137), 'training/update_time': np.float64(0.008), 'training/approx_kl': 2.3014545149635524e-05, 'training/entropy': 0.6928880214691162, 'training/policy_loss': -0.006757463328540325, 'training/total_loss': 0.5291450023651123, 'training/value_loss': 1.0718047618865967}
{'eval/num_episodes': 200, 'eval/num_steps': 200, 'eval/mean_score': np.float64(0.955), 'eval/std_score': np.float64(0.05), 'eval/mean_episode_length': np.float64(1.0), 'eval/std_episode_length': np.float64(0.0), 'eval/eval_time': 0.0761260986328125}
{'training/total_steps': 8000, 'training/updates': 4, 'training/sps': np.float64(13539.381), 'training/walltime': np.float64(1.59), 'training/rollout_time': np.float64(0.14), 'training/update_time': np.float64(0.008), 'training/approx_kl': 2.2997201085672714e-05, 'training/entropy': 0.6926731467247009, 'training/policy_loss': -0.006755922921001911, 'training/total_loss': 0.5249245762825012, 'training/value_loss': 1.0633609294891357}
{'eval/num_episodes': 200, 'eval/num_steps': 200, 'eval/mean_score': np.float64(0.95), 'eval/std_score': np.float64(0.05), 'eval/mean_episode_length': np.float64(1.0), 'eval/std_episode_length': np.float64(0.0), 'eval/eval_time': 0.07444620132446289}
{'training/total_steps': 10000, 'training/updates': 5, 'training/sps': np.float64(13872.599), 'training/walltime': np.float64(1.809), 'training/rollout_time': np.float64(0.136), 'training/update_time': np.float64(0.008), 'training/approx_kl': 2.2995174731477164e-05, 'training/entropy': 0.6923941373825073, 'training/policy_loss': -0.00674747908487916, 'training/total_loss': 0.5197520852088928, 'training/value_loss': 1.0529991388320923}
{'eval/num_episodes': 200, 'eval/num_steps': 200, 'eval/mean_score': np.float64(0.949), 'eval/std_score': np.float64(0.05), 'eval/mean_episode_length': np.float64(1.0), 'eval/std_episode_length': np.float64(0.0), 'eval/eval_time': 0.07372879981994629}
{'training/total_steps': 12000, 'training/updates': 6, 'training/sps': np.float64(10706.132), 'training/walltime': np.float64(2.07), 'training/rollout_time': np.float64(0.178), 'training/update_time': np.float64(0.009), 'training/approx_kl': 2.302500797668472e-05, 'training/entropy': 0.6920506954193115, 'training/policy_loss': -0.006748161278665066, 'training/total_loss': 0.5138821601867676, 'training/value_loss': 1.0412607192993164}
{'eval/num_episodes': 200, 'eval/num_steps': 200, 'eval/mean_score': np.float64(0.952), 'eval/std_score': np.float64(0.05), 'eval/mean_episode_length': np.float64(1.0), 'eval/std_episode_length': np.float64(0.0), 'eval/eval_time': 0.08303022384643555}
{'training/total_steps': 14000, 'training/updates': 7, 'training/sps': np.float64(13907.443), 'training/walltime': np.float64(2.297), 'training/rollout_time': np.float64(0.136), 'training/update_time': np.float64(0.008), 'training/approx_kl': 2.3223608877742663e-05, 'training/entropy': 0.6916421055793762, 'training/policy_loss': -0.006783587858080864, 'training/total_loss': 0.5069482922554016, 'training/value_loss': 1.027463674545288}
{'eval/num_episodes': 200, 'eval/num_steps': 200, 'eval/mean_score': np.float64(0.955), 'eval/std_score': np.float64(0.05), 'eval/mean_episode_length': np.float64(1.0), 'eval/std_episode_length': np.float64(0.0), 'eval/eval_time': 0.07593393325805664}
{'training/total_steps': 16000, 'training/updates': 8, 'training/sps': np.float64(13584.922), 'training/walltime': np.float64(2.521), 'training/rollout_time': np.float64(0.139), 'training/update_time': np.float64(0.008), 'training/approx_kl': 2.3276479623746127e-05, 'training/entropy': 0.6911684274673462, 'training/policy_loss': -0.006779321935027838, 'training/total_loss': 0.5017098188400269, 'training/value_loss': 1.0169782638549805}
{'eval/num_episodes': 200, 'eval/num_steps': 200, 'eval/mean_score': np.float64(0.951), 'eval/std_score': np.float64(0.05), 'eval/mean_episode_length': np.float64(1.0), 'eval/std_episode_length': np.float64(0.0), 'eval/eval_time': 0.07688093185424805}
{'training/total_steps': 18000, 'training/updates': 9, 'training/sps': np.float64(13902.51), 'training/walltime': np.float64(2.742), 'training/rollout_time': np.float64(0.136), 'training/update_time': np.float64(0.008), 'training/approx_kl': 2.3193508241092786e-05, 'training/entropy': 0.6906300783157349, 'training/policy_loss': -0.006777430884540081, 'training/total_loss': 0.4973832070827484, 'training/value_loss': 1.0083212852478027}
{'eval/num_episodes': 200, 'eval/num_steps': 200, 'eval/mean_score': np.float64(0.953), 'eval/std_score': np.float64(0.05), 'eval/mean_episode_length': np.float64(1.0), 'eval/std_episode_length': np.float64(0.0), 'eval/eval_time': 0.0739891529083252}
{'training/total_steps': 20000, 'training/updates': 10, 'training/sps': np.float64(13588.267), 'training/walltime': np.float64(2.964), 'training/rollout_time': np.float64(0.139), 'training/update_time': np.float64(0.008), 'training/approx_kl': 2.3122698621591553e-05, 'training/entropy': 0.69002765417099, 'training/policy_loss': -0.006768379360437393, 'training/total_loss': 0.4924846589565277, 'training/value_loss': 0.9985060691833496}
{'eval/num_episodes': 200, 'eval/num_steps': 200, 'eval/mean_score': np.float64(0.952), 'eval/std_score': np.float64(0.05), 'eval/mean_episode_length': np.float64(1.0), 'eval/std_episode_length': np.float64(0.0), 'eval/eval_time': 0.07361721992492676}
{'training/total_steps': 22000, 'training/updates': 11, 'training/sps': np.float64(13443.325), 'training/walltime': np.float64(3.186), 'training/rollout_time': np.float64(0.141), 'training/update_time': np.float64(0.008), 'training/approx_kl': 2.3285778297577053e-05, 'training/entropy': 0.6893600225448608, 'training/policy_loss': -0.006800108123570681, 'training/total_loss': 0.4858281910419464, 'training/value_loss': 0.9852566123008728}
{'eval/num_episodes': 200, 'eval/num_steps': 200, 'eval/mean_score': np.float64(0.959), 'eval/std_score': np.float64(0.049), 'eval/mean_episode_length': np.float64(1.0), 'eval/std_episode_length': np.float64(0.0), 'eval/eval_time': 0.07366204261779785}
{'training/total_steps': 24000, 'training/updates': 12, 'training/sps': np.float64(13481.22), 'training/walltime': np.float64(3.409), 'training/rollout_time': np.float64(0.14), 'training/update_time': np.float64(0.008), 'training/approx_kl': 2.34724284382537e-05, 'training/entropy': 0.6886266469955444, 'training/policy_loss': -0.006812343839555979, 'training/total_loss': 0.47994309663772583, 'training/value_loss': 0.9735108613967896}
{'eval/num_episodes': 200, 'eval/num_steps': 200, 'eval/mean_score': np.float64(0.953), 'eval/std_score': np.float64(0.05), 'eval/mean_episode_length': np.float64(1.0), 'eval/std_episode_length': np.float64(0.0), 'eval/eval_time': 0.07528996467590332}
{'training/total_steps': 26000, 'training/updates': 13, 'training/sps': np.float64(13870.489), 'training/walltime': np.float64(3.629), 'training/rollout_time': np.float64(0.136), 'training/update_time': np.float64(0.008), 'training/approx_kl': 2.3080499886418693e-05, 'training/entropy': 0.687829852104187, 'training/policy_loss': -0.006744683720171452, 'training/total_loss': 0.4771461486816406, 'training/value_loss': 0.967781662940979}
{'eval/num_episodes': 200, 'eval/num_steps': 200, 'eval/mean_score': np.float64(0.951), 'eval/std_score': np.float64(0.05), 'eval/mean_episode_length': np.float64(1.0), 'eval/std_episode_length': np.float64(0.0), 'eval/eval_time': 0.07553505897521973}
{'training/total_steps': 28000, 'training/updates': 14, 'training/sps': np.float64(13799.186), 'training/walltime': np.float64(3.85), 'training/rollout_time': np.float64(0.137), 'training/update_time': np.float64(0.008), 'training/approx_kl': 2.3231894374475814e-05, 'training/entropy': 0.6869692802429199, 'training/policy_loss': -0.006781245116144419, 'training/total_loss': 0.47080758213996887, 'training/value_loss': 0.9551776647567749}
{'eval/num_episodes': 200, 'eval/num_steps': 200, 'eval/mean_score': np.float64(0.953), 'eval/std_score': np.float64(0.05), 'eval/mean_episode_length': np.float64(1.0), 'eval/std_episode_length': np.float64(0.0), 'eval/eval_time': 0.07668304443359375}
{'training/total_steps': 30000, 'training/updates': 15, 'training/sps': np.float64(13732.478), 'training/walltime': np.float64(4.072), 'training/rollout_time': np.float64(0.138), 'training/update_time': np.float64(0.008), 'training/approx_kl': 2.335962744837161e-05, 'training/entropy': 0.6860435009002686, 'training/policy_loss': -0.006796256639063358, 'training/total_loss': 0.4650576114654541, 'training/value_loss': 0.9437077045440674}
{'eval/num_episodes': 200, 'eval/num_steps': 200, 'eval/mean_score': np.float64(0.961), 'eval/std_score': np.float64(0.049), 'eval/mean_episode_length': np.float64(1.0), 'eval/std_episode_length': np.float64(0.0), 'eval/eval_time': 0.07538509368896484}
{'training/total_steps': 32000, 'training/updates': 16, 'training/sps': np.float64(13657.312), 'training/walltime': np.float64(4.294), 'training/rollout_time': np.float64(0.138), 'training/update_time': np.float64(0.008), 'training/approx_kl': 2.307129034306854e-05, 'training/entropy': 0.6850541830062866, 'training/policy_loss': -0.0067559159360826015, 'training/total_loss': 0.4614732563495636, 'training/value_loss': 0.9364583492279053}
{'eval/num_episodes': 200, 'eval/num_steps': 200, 'eval/mean_score': np.float64(0.957), 'eval/std_score': np.float64(0.05), 'eval/mean_episode_length': np.float64(1.0), 'eval/std_episode_length': np.float64(0.0), 'eval/eval_time': 0.07376527786254883}
{'training/total_steps': 34000, 'training/updates': 17, 'training/sps': np.float64(13478.902), 'training/walltime': np.float64(4.517), 'training/rollout_time': np.float64(0.14), 'training/update_time': np.float64(0.008), 'training/approx_kl': 2.3160162527346984e-05, 'training/entropy': 0.6840022206306458, 'training/policy_loss': -0.006776119582355022, 'training/total_loss': 0.4556754231452942, 'training/value_loss': 0.9249030947685242}
{'eval/num_episodes': 200, 'eval/num_steps': 200, 'eval/mean_score': np.float64(0.95), 'eval/std_score': np.float64(0.05), 'eval/mean_episode_length': np.float64(1.0), 'eval/std_episode_length': np.float64(0.0), 'eval/eval_time': 0.07298898696899414}
{'training/total_steps': 36000, 'training/updates': 18, 'training/sps': np.float64(13534.357), 'training/walltime': np.float64(4.738), 'training/rollout_time': np.float64(0.14), 'training/update_time': np.float64(0.008), 'training/approx_kl': 2.372357266722247e-05, 'training/entropy': 0.6828837394714355, 'training/policy_loss': -0.006843230687081814, 'training/total_loss': 0.4483414888381958, 'training/value_loss': 0.9103693962097168}
{'eval/num_episodes': 200, 'eval/num_steps': 200, 'eval/mean_score': np.float64(0.96), 'eval/std_score': np.float64(0.049), 'eval/mean_episode_length': np.float64(1.0), 'eval/std_episode_length': np.float64(0.0), 'eval/eval_time': 0.07271695137023926}
{'training/total_steps': 38000, 'training/updates': 19, 'training/sps': np.float64(13574.942), 'training/walltime': np.float64(4.958), 'training/rollout_time': np.float64(0.139), 'training/update_time': np.float64(0.008), 'training/approx_kl': 2.364790634601377e-05, 'training/entropy': 0.6816996932029724, 'training/policy_loss': -0.0068384152837097645, 'training/total_loss': 0.4441213011741638, 'training/value_loss': 0.901919424533844}
{'eval/num_episodes': 200, 'eval/num_steps': 200, 'eval/mean_score': np.float64(0.95), 'eval/std_score': np.float64(0.05), 'eval/mean_episode_length': np.float64(1.0), 'eval/std_episode_length': np.float64(0.0), 'eval/eval_time': 0.07549905776977539}
{'training/total_steps': 40000, 'training/updates': 20, 'training/sps': np.float64(13588.994), 'training/walltime': np.float64(5.181), 'training/rollout_time': np.float64(0.139), 'training/update_time': np.float64(0.008), 'training/approx_kl': 2.300226697116159e-05, 'training/entropy': 0.6804558634757996, 'training/policy_loss': -0.006751387380063534, 'training/total_loss': 0.44118732213974, 'training/value_loss': 0.8958774209022522}
{'eval/num_episodes': 200, 'eval/num_steps': 200, 'eval/mean_score': np.float64(0.96), 'eval/std_score': np.float64(0.049), 'eval/mean_episode_length': np.float64(1.0), 'eval/std_episode_length': np.float64(0.0), 'eval/eval_time': 0.07510089874267578}
{'training/total_steps': 42000, 'training/updates': 21, 'training/sps': np.float64(13486.898), 'training/walltime': np.float64(5.405), 'training/rollout_time': np.float64(0.14), 'training/update_time': np.float64(0.008), 'training/approx_kl': 2.3272723410627805e-05, 'training/entropy': 0.6791506409645081, 'training/policy_loss': -0.006786397658288479, 'training/total_loss': 0.4350327253341675, 'training/value_loss': 0.8836382031440735}
{'eval/num_episodes': 200, 'eval/num_steps': 200, 'eval/mean_score': np.float64(0.958), 'eval/std_score': np.float64(0.049), 'eval/mean_episode_length': np.float64(1.0), 'eval/std_episode_length': np.float64(0.0), 'eval/eval_time': 0.07577919960021973}
{'training/total_steps': 44000, 'training/updates': 22, 'training/sps': np.float64(13667.526), 'training/walltime': np.float64(5.628), 'training/rollout_time': np.float64(0.138), 'training/update_time': np.float64(0.008), 'training/approx_kl': 2.3558885004604235e-05, 'training/entropy': 0.6777801513671875, 'training/policy_loss': -0.00682516023516655, 'training/total_loss': 0.42903053760528564, 'training/value_loss': 0.8717113733291626}
{'eval/num_episodes': 200, 'eval/num_steps': 200, 'eval/mean_score': np.float64(0.955), 'eval/std_score': np.float64(0.05), 'eval/mean_episode_length': np.float64(1.0), 'eval/std_episode_length': np.float64(0.0), 'eval/eval_time': 0.07427811622619629}
{'training/total_steps': 46000, 'training/updates': 23, 'training/sps': np.float64(13542.157), 'training/walltime': np.float64(5.85), 'training/rollout_time': np.float64(0.14), 'training/update_time': np.float64(0.008), 'training/approx_kl': 2.3389966372633353e-05, 'training/entropy': 0.6763472557067871, 'training/policy_loss': -0.0067934682592749596, 'training/total_loss': 0.4250725507736206, 'training/value_loss': 0.8637320399284363}
{'eval/num_episodes': 200, 'eval/num_steps': 200, 'eval/mean_score': np.float64(0.954), 'eval/std_score': np.float64(0.05), 'eval/mean_episode_length': np.float64(1.0), 'eval/std_episode_length': np.float64(0.0), 'eval/eval_time': 0.07543706893920898}
{'training/total_steps': 48000, 'training/updates': 24, 'training/sps': np.float64(10812.054), 'training/walltime': np.float64(6.111), 'training/rollout_time': np.float64(0.177), 'training/update_time': np.float64(0.008), 'training/approx_kl': 2.3151487766881473e-05, 'training/entropy': 0.67485511302948, 'training/policy_loss': -0.00677300151437521, 'training/total_loss': 0.4206281900405884, 'training/value_loss': 0.8548023700714111}
{'eval/num_episodes': 200, 'eval/num_steps': 200, 'eval/mean_score': np.float64(0.959), 'eval/std_score': np.float64(0.049), 'eval/mean_episode_length': np.float64(1.0), 'eval/std_episode_length': np.float64(0.0), 'eval/eval_time': 0.07344794273376465}
{'training/total_steps': 50000, 'training/updates': 25, 'training/sps': np.float64(13618.688), 'training/walltime': np.float64(6.331), 'training/rollout_time': np.float64(0.139), 'training/update_time': np.float64(0.008), 'training/approx_kl': 2.3087950467015617e-05, 'training/entropy': 0.6733022332191467, 'training/policy_loss': -0.006763746961951256, 'training/total_loss': 0.4156186878681183, 'training/value_loss': 0.8447648286819458}
{'eval/num_episodes': 200, 'eval/num_steps': 200, 'eval/mean_score': np.float64(0.954), 'eval/std_score': np.float64(0.05), 'eval/mean_episode_length': np.float64(1.0), 'eval/std_episode_length': np.float64(0.0), 'eval/eval_time': 0.07655811309814453}
{'training/total_steps': 52000, 'training/updates': 26, 'training/sps': np.float64(13288.779), 'training/walltime': np.float64(6.559), 'training/rollout_time': np.float64(0.142), 'training/update_time': np.float64(0.008), 'training/approx_kl': 2.3007214622339234e-05, 'training/entropy': 0.6716898679733276, 'training/policy_loss': -0.0067420341074466705, 'training/total_loss': 0.4112315773963928, 'training/value_loss': 0.8359472155570984}
{'eval/num_episodes': 200, 'eval/num_steps': 200, 'eval/mean_score': np.float64(0.963), 'eval/std_score': np.float64(0.048), 'eval/mean_episode_length': np.float64(1.0), 'eval/std_episode_length': np.float64(0.0), 'eval/eval_time': 0.07411599159240723}
{'training/total_steps': 54000, 'training/updates': 27, 'training/sps': np.float64(13531.235), 'training/walltime': np.float64(6.781), 'training/rollout_time': np.float64(0.14), 'training/update_time': np.float64(0.008), 'training/approx_kl': 2.285942537127994e-05, 'training/entropy': 0.67001873254776, 'training/policy_loss': -0.006725717335939407, 'training/total_loss': 0.40657418966293335, 'training/value_loss': 0.8265998363494873}
{'eval/num_episodes': 200, 'eval/num_steps': 200, 'eval/mean_score': np.float64(0.958), 'eval/std_score': np.float64(0.049), 'eval/mean_episode_length': np.float64(1.0), 'eval/std_episode_length': np.float64(0.0), 'eval/eval_time': 0.07459187507629395}
{'training/total_steps': 56000, 'training/updates': 28, 'training/sps': np.float64(13458.596), 'training/walltime': np.float64(7.005), 'training/rollout_time': np.float64(0.141), 'training/update_time': np.float64(0.008), 'training/approx_kl': 2.3374961529043503e-05, 'training/entropy': 0.6682854890823364, 'training/policy_loss': -0.006790080573409796, 'training/total_loss': 0.4003264904022217, 'training/value_loss': 0.8142331838607788}
{'eval/num_episodes': 200, 'eval/num_steps': 200, 'eval/mean_score': np.float64(0.962), 'eval/std_score': np.float64(0.049), 'eval/mean_episode_length': np.float64(1.0), 'eval/std_episode_length': np.float64(0.0), 'eval/eval_time': 0.07432889938354492}
{'training/total_steps': 58000, 'training/updates': 29, 'training/sps': np.float64(13745.53), 'training/walltime': np.float64(7.225), 'training/rollout_time': np.float64(0.137), 'training/update_time': np.float64(0.008), 'training/approx_kl': 2.290968768647872e-05, 'training/entropy': 0.6664925813674927, 'training/policy_loss': -0.006736608687788248, 'training/total_loss': 0.39685919880867004, 'training/value_loss': 0.8071916103363037}
{'eval/num_episodes': 200, 'eval/num_steps': 200, 'eval/mean_score': np.float64(0.963), 'eval/std_score': np.float64(0.048), 'eval/mean_episode_length': np.float64(1.0), 'eval/std_episode_length': np.float64(0.0), 'eval/eval_time': 0.07306694984436035}
{'training/total_steps': 60000, 'training/updates': 30, 'training/sps': np.float64(10344.48), 'training/walltime': np.float64(7.492), 'training/rollout_time': np.float64(0.185), 'training/update_time': np.float64(0.008), 'training/approx_kl': 2.292308272444643e-05, 'training/entropy': 0.6646430492401123, 'training/policy_loss': -0.006722580641508102, 'training/total_loss': 0.39186403155326843, 'training/value_loss': 0.7971732020378113}
{'eval/num_episodes': 200, 'eval/num_steps': 200, 'eval/mean_score': np.float64(0.963), 'eval/std_score': np.float64(0.048), 'eval/mean_episode_length': np.float64(1.0), 'eval/std_episode_length': np.float64(0.0), 'eval/eval_time': 0.07389593124389648}
TRAINING END: training duration: 7.565924882888794
{'final_eval/num_episodes': 200, 'final_eval/num_steps': 200, 'final_eval/mean_score': np.float64(1.0), 'final_eval/std_score': np.float64(0.0), 'final_eval/mean_episode_length': np.float64(1.0), 'final_eval/std_episode_length': np.float64(0.0)}
