|param: value|
|experiment_name:  pc_actor_critic|
|seed:  5|
|write_logs_to_file:  False|
|save_model:  False|
|env_name:  bandit|
|num_envs:  8|
|num_train_levels:  200|
|distribution_mode:  easy|
|arm_means:  (1.0, 0.9)|
|deterministic_rewards:  True|
|eval_env:  True|
|num_eval_episodes:  200|
|eval_every:  1|
|total_timesteps:  60000|
|unroll_length:  250|
|gamma:  0.99|
|learning_rate:  0.01|
|value_learning_rate:  0.01|
|target_scale:  1.0|
|pc_steps_per_update:  1|
|max_t1:  20|
|width:  32|
|depth:  2|
|act_fn:  relu|
|policy_init_logit_bias:  [1.0, 0.0]|
|use_cnn:  False|
|policy_hidden_layer_sizes:  ()|
|value_hidden_layer_sizes:  ()|
|anneal_lr:  False|
|entropy_cost:  0.0|
|deterministic_eval:  False|
{'training/total_steps': 2000, 'training/updates': 1, 'training/walltime': np.float64(1.378), 'training/update_time': np.float64(1.378), 'training/policy_pc_loss': 0.09728206694126129, 'training/value_pc_loss': 0.27076587080955505, 'training/mean_value': 0.23690035939216614, 'training/mean_reward': 0.9714000225067139, 'training/mean_advantage_abs': 0.7344996333122253}
{'eval/num_episodes': 200, 'eval/mean_score': np.float64(0.973), 'eval/std_score': np.float64(0.0444), 'eval/mean_episode_length': np.float64(1.0)}
{'training/total_steps': 4000, 'training/updates': 2, 'training/walltime': np.float64(1.543), 'training/update_time': np.float64(0.137), 'training/policy_pc_loss': 0.054424043744802475, 'training/value_pc_loss': 0.17461039125919342, 'training/mean_value': 0.38578319549560547, 'training/mean_reward': 0.9751500487327576, 'training/mean_advantage_abs': 0.5893669724464417}
{'eval/num_episodes': 200, 'eval/mean_score': np.float64(0.9785), 'eval/std_score': np.float64(0.0411), 'eval/mean_episode_length': np.float64(1.0)}
{'training/total_steps': 6000, 'training/updates': 3, 'training/walltime': np.float64(1.686), 'training/update_time': np.float64(0.142), 'training/policy_pc_loss': 0.02437778376042843, 'training/value_pc_loss': 0.10014501214027405, 'training/mean_value': 0.5345801711082458, 'training/mean_reward': 0.9803500175476074, 'training/mean_advantage_abs': 0.44577011466026306}
{'eval/num_episodes': 200, 'eval/mean_score': np.float64(0.98), 'eval/std_score': np.float64(0.04), 'eval/mean_episode_length': np.float64(1.0)}
{'training/total_steps': 8000, 'training/updates': 4, 'training/walltime': np.float64(1.816), 'training/update_time': np.float64(0.129), 'training/policy_pc_loss': 0.009135314263403416, 'training/value_pc_loss': 0.04549655318260193, 'training/mean_value': 0.6815528273582458, 'training/mean_reward': 0.9805999994277954, 'training/mean_advantage_abs': 0.2990476191043854}
{'eval/num_episodes': 200, 'eval/mean_score': np.float64(0.984), 'eval/std_score': np.float64(0.0367), 'eval/mean_episode_length': np.float64(1.0)}
{'training/total_steps': 10000, 'training/updates': 5, 'training/walltime': np.float64(1.958), 'training/update_time': np.float64(0.141), 'training/policy_pc_loss': 0.0014895008644089103, 'training/value_pc_loss': 0.01321481354534626, 'training/mean_value': 0.8238334059715271, 'training/mean_reward': 0.9817500710487366, 'training/mean_advantage_abs': 0.15791672468185425}
{'eval/num_episodes': 200, 'eval/mean_score': np.float64(0.9865), 'eval/std_score': np.float64(0.0342), 'eval/mean_episode_length': np.float64(1.0)}
{'training/total_steps': 12000, 'training/updates': 6, 'training/walltime': np.float64(2.093), 'training/update_time': np.float64(0.134), 'training/policy_pc_loss': 0.00040370860369876027, 'training/value_pc_loss': 0.0010290956124663353, 'training/mean_value': 0.9571819305419922, 'training/mean_reward': 0.9843501448631287, 'training/mean_advantage_abs': 0.04506615921854973}
{'eval/num_episodes': 200, 'eval/mean_score': np.float64(0.9845), 'eval/std_score': np.float64(0.0362), 'eval/mean_episode_length': np.float64(1.0)}
{'training/total_steps': 14000, 'training/updates': 7, 'training/walltime': np.float64(2.233), 'training/update_time': np.float64(0.139), 'training/policy_pc_loss': 0.002998171839863062, 'training/value_pc_loss': 0.004436048679053783, 'training/mean_value': 1.0756950378417969, 'training/mean_reward': 0.9875000715255737, 'training/mean_advantage_abs': 0.08819494396448135}
{'eval/num_episodes': 200, 'eval/mean_score': np.float64(0.987), 'eval/std_score': np.float64(0.0336), 'eval/mean_episode_length': np.float64(1.0)}
{'training/total_steps': 16000, 'training/updates': 8, 'training/walltime': np.float64(2.479), 'training/update_time': np.float64(0.245), 'training/policy_pc_loss': 0.007082795258611441, 'training/value_pc_loss': 0.017420785501599312, 'training/mean_value': 1.1723519563674927, 'training/mean_reward': 0.9884499907493591, 'training/mean_advantage_abs': 0.18390202522277832}
{'eval/num_episodes': 200, 'eval/mean_score': np.float64(0.9845), 'eval/std_score': np.float64(0.0362), 'eval/mean_episode_length': np.float64(1.0)}
{'training/total_steps': 18000, 'training/updates': 9, 'training/walltime': np.float64(2.609), 'training/update_time': np.float64(0.128), 'training/policy_pc_loss': 0.00943906232714653, 'training/value_pc_loss': 0.031821731477975845, 'training/mean_value': 1.2411830425262451, 'training/mean_reward': 0.9906001091003418, 'training/mean_advantage_abs': 0.25058287382125854}
{'eval/num_episodes': 200, 'eval/mean_score': np.float64(0.992), 'eval/std_score': np.float64(0.0271), 'eval/mean_episode_length': np.float64(1.0)}
{'training/total_steps': 20000, 'training/updates': 10, 'training/walltime': np.float64(2.739), 'training/update_time': np.float64(0.129), 'training/policy_pc_loss': 0.011369585990905762, 'training/value_pc_loss': 0.042264655232429504, 'training/mean_value': 1.2804415225982666, 'training/mean_reward': 0.991100013256073, 'training/mean_advantage_abs': 0.28934144973754883}
{'eval/num_episodes': 200, 'eval/mean_score': np.float64(0.993), 'eval/std_score': np.float64(0.0255), 'eval/mean_episode_length': np.float64(1.0)}
{'training/total_steps': 22000, 'training/updates': 11, 'training/walltime': np.float64(2.877), 'training/update_time': np.float64(0.137), 'training/policy_pc_loss': 0.009684012271463871, 'training/value_pc_loss': 0.045110657811164856, 'training/mean_value': 1.2923394441604614, 'training/mean_reward': 0.9930500984191895, 'training/mean_advantage_abs': 0.299290269613266}
{'eval/num_episodes': 200, 'eval/mean_score': np.float64(0.9935), 'eval/std_score': np.float64(0.0247), 'eval/mean_episode_length': np.float64(1.0)}
{'training/total_steps': 24000, 'training/updates': 12, 'training/walltime': np.float64(3.012), 'training/update_time': np.float64(0.134), 'training/policy_pc_loss': 0.006733498070389032, 'training/value_pc_loss': 0.041268303990364075, 'training/mean_value': 1.281463861465454, 'training/mean_reward': 0.9950001239776611, 'training/mean_advantage_abs': 0.28646400570869446}
{'eval/num_episodes': 200, 'eval/mean_score': np.float64(0.998), 'eval/std_score': np.float64(0.014), 'eval/mean_episode_length': np.float64(1.0)}
{'training/total_steps': 26000, 'training/updates': 13, 'training/walltime': np.float64(3.142), 'training/update_time': np.float64(0.129), 'training/policy_pc_loss': 0.005302305333316326, 'training/value_pc_loss': 0.033384088426828384, 'training/mean_value': 1.253003716468811, 'training/mean_reward': 0.9954500794410706, 'training/mean_advantage_abs': 0.2575536072254181}
{'eval/num_episodes': 200, 'eval/mean_score': np.float64(0.995), 'eval/std_score': np.float64(0.0218), 'eval/mean_episode_length': np.float64(1.0)}
{'training/total_steps': 28000, 'training/updates': 14, 'training/walltime': np.float64(3.285), 'training/update_time': np.float64(0.142), 'training/policy_pc_loss': 0.0038555182982236147, 'training/value_pc_loss': 0.023547401651740074, 'training/mean_value': 1.211883783340454, 'training/mean_reward': 0.9958000183105469, 'training/mean_advantage_abs': 0.21608445048332214}
{'eval/num_episodes': 200, 'eval/mean_score': np.float64(0.997), 'eval/std_score': np.float64(0.0171), 'eval/mean_episode_length': np.float64(1.0)}
{'training/total_steps': 30000, 'training/updates': 15, 'training/walltime': np.float64(3.421), 'training/update_time': np.float64(0.135), 'training/policy_pc_loss': 0.002136471914127469, 'training/value_pc_loss': 0.01391170546412468, 'training/mean_value': 1.1626089811325073, 'training/mean_reward': 0.9967501759529114, 'training/mean_advantage_abs': 0.165858194231987}
{'eval/num_episodes': 200, 'eval/mean_score': np.float64(0.998), 'eval/std_score': np.float64(0.014), 'eval/mean_episode_length': np.float64(1.0)}
{'training/total_steps': 32000, 'training/updates': 16, 'training/walltime': np.float64(3.549), 'training/update_time': np.float64(0.127), 'training/policy_pc_loss': 0.0008841405506245792, 'training/value_pc_loss': 0.006301021669059992, 'training/mean_value': 1.1092394590377808, 'training/mean_reward': 0.997900128364563, 'training/mean_advantage_abs': 0.11133933067321777}
{'eval/num_episodes': 200, 'eval/mean_score': np.float64(0.999), 'eval/std_score': np.float64(0.0099), 'eval/mean_episode_length': np.float64(1.0)}
{'training/total_steps': 34000, 'training/updates': 17, 'training/walltime': np.float64(3.691), 'training/update_time': np.float64(0.141), 'training/policy_pc_loss': 0.0004896764876320958, 'training/value_pc_loss': 0.001754694851115346, 'training/mean_value': 1.0553781986236572, 'training/mean_reward': 0.9979001879692078, 'training/mean_advantage_abs': 0.05747867003083229}
{'eval/num_episodes': 200, 'eval/mean_score': np.float64(1.0), 'eval/std_score': np.float64(0.0), 'eval/mean_episode_length': np.float64(1.0)}
{'training/total_steps': 36000, 'training/updates': 18, 'training/walltime': np.float64(3.826), 'training/update_time': np.float64(0.134), 'training/policy_pc_loss': 0.00017353340808767825, 'training/value_pc_loss': 9.753371705301106e-05, 'training/mean_value': 1.0040761232376099, 'training/mean_reward': 0.9983501434326172, 'training/mean_advantage_abs': 0.005726242437958717}
{'eval/num_episodes': 200, 'eval/mean_score': np.float64(0.998), 'eval/std_score': np.float64(0.014), 'eval/mean_episode_length': np.float64(1.0)}
{'training/total_steps': 38000, 'training/updates': 19, 'training/walltime': np.float64(3.957), 'training/update_time': np.float64(0.13), 'training/policy_pc_loss': 2.817831773427315e-05, 'training/value_pc_loss': 0.000888297741767019, 'training/mean_value': 0.9580118060112, 'training/mean_reward': 0.9991500973701477, 'training/mean_advantage_abs': 0.042123984545469284}
{'eval/num_episodes': 200, 'eval/mean_score': np.float64(0.999), 'eval/std_score': np.float64(0.0099), 'eval/mean_episode_length': np.float64(1.0)}
{'training/total_steps': 40000, 'training/updates': 20, 'training/walltime': np.float64(4.095), 'training/update_time': np.float64(0.138), 'training/policy_pc_loss': 3.63756680599181e-06, 'training/value_pc_loss': 0.0032460831571370363, 'training/mean_value': 0.9191000461578369, 'training/mean_reward': 0.9991501569747925, 'training/mean_advantage_abs': 0.08037396520376205}
{'eval/num_episodes': 200, 'eval/mean_score': np.float64(0.999), 'eval/std_score': np.float64(0.0099), 'eval/mean_episode_length': np.float64(1.0)}
{'training/total_steps': 42000, 'training/updates': 21, 'training/walltime': np.float64(4.233), 'training/update_time': np.float64(0.136), 'training/policy_pc_loss': 1.5224721892082016e-06, 'training/value_pc_loss': 0.006167424377053976, 'training/mean_value': 0.8886069059371948, 'training/mean_reward': 0.9994000792503357, 'training/mean_advantage_abs': 0.11079347133636475}
{'eval/num_episodes': 200, 'eval/mean_score': np.float64(0.9995), 'eval/std_score': np.float64(0.0071), 'eval/mean_episode_length': np.float64(1.0)}
{'training/total_steps': 44000, 'training/updates': 22, 'training/walltime': np.float64(4.364), 'training/update_time': np.float64(0.13), 'training/policy_pc_loss': 9.18707337405067e-06, 'training/value_pc_loss': 0.008742861449718475, 'training/mean_value': 0.8672671914100647, 'training/mean_reward': 0.9992001056671143, 'training/mean_advantage_abs': 0.13193313777446747}
{'eval/num_episodes': 200, 'eval/mean_score': np.float64(0.9995), 'eval/std_score': np.float64(0.0071), 'eval/mean_episode_length': np.float64(1.0)}
{'training/total_steps': 46000, 'training/updates': 23, 'training/walltime': np.float64(4.501), 'training/update_time': np.float64(0.137), 'training/policy_pc_loss': 1.2493448593886569e-05, 'training/value_pc_loss': 0.010422369465231895, 'training/mean_value': 0.855229914188385, 'training/mean_reward': 0.9994000792503357, 'training/mean_advantage_abs': 0.14417041838169098}
{'eval/num_episodes': 200, 'eval/mean_score': np.float64(0.9995), 'eval/std_score': np.float64(0.0071), 'eval/mean_episode_length': np.float64(1.0)}
{'training/total_steps': 48000, 'training/updates': 24, 'training/walltime': np.float64(4.643), 'training/update_time': np.float64(0.14), 'training/policy_pc_loss': 7.235700650198851e-06, 'training/value_pc_loss': 0.010896335355937481, 'training/mean_value': 0.8521785140037537, 'training/mean_reward': 0.999700129032135, 'training/mean_advantage_abs': 0.14752210676670074}
{'eval/num_episodes': 200, 'eval/mean_score': np.float64(1.0), 'eval/std_score': np.float64(0.0), 'eval/mean_episode_length': np.float64(1.0)}
{'training/total_steps': 50000, 'training/updates': 25, 'training/walltime': np.float64(4.774), 'training/update_time': np.float64(0.13), 'training/policy_pc_loss': 7.492852546420181e-06, 'training/value_pc_loss': 0.010130281560122967, 'training/mean_value': 0.8574008941650391, 'training/mean_reward': 0.9996001124382019, 'training/mean_advantage_abs': 0.1421995908021927}
{'eval/num_episodes': 200, 'eval/mean_score': np.float64(1.0), 'eval/std_score': np.float64(0.0), 'eval/mean_episode_length': np.float64(1.0)}
{'training/total_steps': 52000, 'training/updates': 26, 'training/walltime': np.float64(4.917), 'training/update_time': np.float64(0.142), 'training/policy_pc_loss': 2.4320409011124866e-06, 'training/value_pc_loss': 0.008449307642877102, 'training/mean_value': 0.8698516488075256, 'training/mean_reward': 0.999750018119812, 'training/mean_advantage_abs': 0.12989887595176697}
{'eval/num_episodes': 200, 'eval/mean_score': np.float64(1.0), 'eval/std_score': np.float64(0.0), 'eval/mean_episode_length': np.float64(1.0)}
{'training/total_steps': 54000, 'training/updates': 27, 'training/walltime': np.float64(5.055), 'training/update_time': np.float64(0.137), 'training/policy_pc_loss': 5.053204290561553e-07, 'training/value_pc_loss': 0.006223842967301607, 'training/mean_value': 0.8882655501365662, 'training/mean_reward': 0.999700129032135, 'training/mean_advantage_abs': 0.11143510788679123}
{'eval/num_episodes': 200, 'eval/mean_score': np.float64(0.999), 'eval/std_score': np.float64(0.0099), 'eval/mean_episode_length': np.float64(1.0)}
{'training/total_steps': 56000, 'training/updates': 28, 'training/walltime': np.float64(5.186), 'training/update_time': np.float64(0.13), 'training/policy_pc_loss': 1.695296134585078e-07, 'training/value_pc_loss': 0.003939212765544653, 'training/mean_value': 0.9111958146095276, 'training/mean_reward': 0.9999000430107117, 'training/mean_advantage_abs': 0.08872663229703903}
{'eval/num_episodes': 200, 'eval/mean_score': np.float64(0.999), 'eval/std_score': np.float64(0.0099), 'eval/mean_episode_length': np.float64(1.0)}
{'training/total_steps': 58000, 'training/updates': 29, 'training/walltime': np.float64(5.324), 'training/update_time': np.float64(0.137), 'training/policy_pc_loss': 2.0727211449411698e-06, 'training/value_pc_loss': 0.001976517727598548, 'training/mean_value': 0.9370957612991333, 'training/mean_reward': 0.9998500347137451, 'training/mean_advantage_abs': 0.06286518275737762}
{'eval/num_episodes': 200, 'eval/mean_score': np.float64(1.0), 'eval/std_score': np.float64(0.0), 'eval/mean_episode_length': np.float64(1.0)}
{'training/total_steps': 60000, 'training/updates': 30, 'training/walltime': np.float64(5.467), 'training/update_time': np.float64(0.143), 'training/policy_pc_loss': 4.129082299186848e-06, 'training/value_pc_loss': 0.0006371661438606679, 'training/mean_value': 0.9643422365188599, 'training/mean_reward': 0.9999000430107117, 'training/mean_advantage_abs': 0.035686276853084564}
{'eval/num_episodes': 200, 'eval/mean_score': np.float64(1.0), 'eval/std_score': np.float64(0.0), 'eval/mean_episode_length': np.float64(1.0)}
TRAINING END: training duration: 5.46818995475769
