|param: value|
|experiment_name:  reinforce_procgen|
|seed:  5|
|platform:  cpu|
|write_logs_to_file:  False|
|save_model:  False|
|env_name:  bandit|
|num_envs:  1|
|num_train_levels:  200|
|distribution_mode:  easy|
|arm_means:  (1.0, 0.9)|
|deterministic_rewards:  True|
|eval_env:  True|
|num_eval_episodes:  200|
|eval_every:  1|
|deterministic_eval:  False|
|normalize_observations:  True|
|total_timesteps:  60000|
|learning_rate:  0.5|
|optimizer:  sgd|
|unroll_length:  2048|
|anneal_lr:  False|
|gamma:  0.99|
|batch_size:  1|
|num_minibatches:  1|
|update_epochs:  1|
|entropy_cost:  0.0|
|max_grad_norm:  0.5|
|reward_scaling:  1.0|
|use_cnn:  False|
|policy_hidden_layer_sizes:  ()|
|value_hidden_layer_sizes:  ()|
|activation:  <jax._src.custom_derivatives.custom_jvp object at 0x116f200d0>|
|policy_init_logit_bias:  [1.0, 0.0]|
{'training/total_steps': 2000, 'training/updates': 1, 'training/sps': np.float64(1993.134), 'training/walltime': np.float64(1.003), 'training/rollout_time': np.float64(0.419), 'training/update_time': np.float64(0.584), 'training/approx_kl': 0.0, 'training/entropy': 0.5822030305862427, 'training/policy_loss': 1.0280721187591553, 'training/total_loss': 2.7441534996032715, 'training/value_loss': 3.4321627616882324}
{'eval/num_episodes': 200, 'eval/num_steps': 200, 'eval/mean_score': np.float64(0.977), 'eval/std_score': np.float64(0.042), 'eval/mean_episode_length': np.float64(1.0), 'eval/std_episode_length': np.float64(0.0), 'eval/eval_time': 0.07683920860290527}
{'training/total_steps': 4000, 'training/updates': 2, 'training/sps': np.float64(5862.679), 'training/walltime': np.float64(1.422), 'training/rollout_time': np.float64(0.337), 'training/update_time': np.float64(0.004), 'training/approx_kl': 0.0, 'training/entropy': 0.5784167647361755, 'training/policy_loss': 0.8432000875473022, 'training/total_loss': 1.9657325744628906, 'training/value_loss': 2.2450649738311768}
{'eval/num_episodes': 200, 'eval/num_steps': 200, 'eval/mean_score': np.float64(0.969), 'eval/std_score': np.float64(0.046), 'eval/mean_episode_length': np.float64(1.0), 'eval/std_episode_length': np.float64(0.0), 'eval/eval_time': 0.14589285850524902}
{'training/total_steps': 6000, 'training/updates': 3, 'training/sps': np.float64(5879.394), 'training/walltime': np.float64(1.908), 'training/rollout_time': np.float64(0.339), 'training/update_time': np.float64(0.002), 'training/approx_kl': 0.0, 'training/entropy': 0.576286256313324, 'training/policy_loss': 0.6446731090545654, 'training/total_loss': 1.2997184991836548, 'training/value_loss': 1.3100908994674683}
{'eval/num_episodes': 200, 'eval/num_steps': 200, 'eval/mean_score': np.float64(0.972), 'eval/std_score': np.float64(0.045), 'eval/mean_episode_length': np.float64(1.0), 'eval/std_episode_length': np.float64(0.0), 'eval/eval_time': 0.07605409622192383}
{'training/total_steps': 8000, 'training/updates': 4, 'training/sps': np.float64(5601.143), 'training/walltime': np.float64(2.342), 'training/rollout_time': np.float64(0.356), 'training/update_time': np.float64(0.002), 'training/approx_kl': 0.0, 'training/entropy': 0.5745513439178467, 'training/policy_loss': 0.4326161742210388, 'training/total_loss': 0.7465226054191589, 'training/value_loss': 0.6278128623962402}
{'eval/num_episodes': 200, 'eval/num_steps': 200, 'eval/mean_score': np.float64(0.972), 'eval/std_score': np.float64(0.045), 'eval/mean_episode_length': np.float64(1.0), 'eval/std_episode_length': np.float64(0.0), 'eval/eval_time': 0.07766866683959961}
{'training/total_steps': 10000, 'training/updates': 5, 'training/sps': np.float64(5926.104), 'training/walltime': np.float64(2.757), 'training/rollout_time': np.float64(0.336), 'training/update_time': np.float64(0.002), 'training/approx_kl': 0.0, 'training/entropy': 0.5707520246505737, 'training/policy_loss': 0.23547403514385223, 'training/total_loss': 0.3316617012023926, 'training/value_loss': 0.1923753172159195}
{'eval/num_episodes': 200, 'eval/num_steps': 200, 'eval/mean_score': np.float64(0.977), 'eval/std_score': np.float64(0.042), 'eval/mean_episode_length': np.float64(1.0), 'eval/std_episode_length': np.float64(0.0), 'eval/eval_time': 0.07614374160766602}
{'training/total_steps': 12000, 'training/updates': 6, 'training/sps': np.float64(5479.137), 'training/walltime': np.float64(3.199), 'training/rollout_time': np.float64(0.363), 'training/update_time': np.float64(0.002), 'training/approx_kl': 0.0, 'training/entropy': 0.566530168056488, 'training/policy_loss': 0.027912646532058716, 'training/total_loss': 0.03252207860350609, 'training/value_loss': 0.009218866005539894}
{'eval/num_episodes': 200, 'eval/num_steps': 200, 'eval/mean_score': np.float64(0.978), 'eval/std_score': np.float64(0.041), 'eval/mean_episode_length': np.float64(1.0), 'eval/std_episode_length': np.float64(0.0), 'eval/eval_time': 0.08135199546813965}
{'training/total_steps': 14000, 'training/updates': 7, 'training/sps': np.float64(6028.382), 'training/walltime': np.float64(3.613), 'training/rollout_time': np.float64(0.33), 'training/update_time': np.float64(0.002), 'training/approx_kl': 0.0, 'training/entropy': 0.5586299896240234, 'training/policy_loss': -0.020035680383443832, 'training/total_loss': -0.01912217028439045, 'training/value_loss': 0.0018270215950906277}
{'eval/num_episodes': 200, 'eval/num_steps': 200, 'eval/mean_score': np.float64(0.974), 'eval/std_score': np.float64(0.044), 'eval/mean_episode_length': np.float64(1.0), 'eval/std_episode_length': np.float64(0.0), 'eval/eval_time': 0.07356905937194824}
{'training/total_steps': 16000, 'training/updates': 8, 'training/sps': np.float64(6005.543), 'training/walltime': np.float64(4.019), 'training/rollout_time': np.float64(0.331), 'training/update_time': np.float64(0.002), 'training/approx_kl': 0.0, 'training/entropy': 0.5509968400001526, 'training/policy_loss': -0.021407078951597214, 'training/total_loss': -0.020485995337367058, 'training/value_loss': 0.0018421683926135302}
{'eval/num_episodes': 200, 'eval/num_steps': 200, 'eval/mean_score': np.float64(0.977), 'eval/std_score': np.float64(0.042), 'eval/mean_episode_length': np.float64(1.0), 'eval/std_episode_length': np.float64(0.0), 'eval/eval_time': 0.07544922828674316}
{'training/total_steps': 18000, 'training/updates': 9, 'training/sps': np.float64(4513.766), 'training/walltime': np.float64(4.538), 'training/rollout_time': np.float64(0.442), 'training/update_time': np.float64(0.001), 'training/approx_kl': 0.0, 'training/entropy': 0.5432015657424927, 'training/policy_loss': -0.020986609160900116, 'training/total_loss': -0.02008609101176262, 'training/value_loss': 0.0018010381609201431}
{'eval/num_episodes': 200, 'eval/num_steps': 200, 'eval/mean_score': np.float64(0.975), 'eval/std_score': np.float64(0.043), 'eval/mean_episode_length': np.float64(1.0), 'eval/std_episode_length': np.float64(0.0), 'eval/eval_time': 0.07723283767700195}
{'training/total_steps': 20000, 'training/updates': 10, 'training/sps': np.float64(6007.431), 'training/walltime': np.float64(4.949), 'training/rollout_time': np.float64(0.331), 'training/update_time': np.float64(0.001), 'training/approx_kl': 0.0, 'training/entropy': 0.535497784614563, 'training/policy_loss': -0.022071480751037598, 'training/total_loss': -0.02117128111422062, 'training/value_loss': 0.0018003984587267041}
{'eval/num_episodes': 200, 'eval/num_steps': 200, 'eval/mean_score': np.float64(0.977), 'eval/std_score': np.float64(0.042), 'eval/mean_episode_length': np.float64(1.0), 'eval/std_episode_length': np.float64(0.0), 'eval/eval_time': 0.07726502418518066}
{'training/total_steps': 22000, 'training/updates': 11, 'training/sps': np.float64(5493.932), 'training/walltime': np.float64(5.391), 'training/rollout_time': np.float64(0.362), 'training/update_time': np.float64(0.002), 'training/approx_kl': 0.0, 'training/entropy': 0.5277186632156372, 'training/policy_loss': -0.022234199568629265, 'training/total_loss': -0.021344579756259918, 'training/value_loss': 0.0017792388098314404}
{'eval/num_episodes': 200, 'eval/num_steps': 200, 'eval/mean_score': np.float64(0.972), 'eval/std_score': np.float64(0.045), 'eval/mean_episode_length': np.float64(1.0), 'eval/std_episode_length': np.float64(0.0), 'eval/eval_time': 0.08013796806335449}
{'training/total_steps': 24000, 'training/updates': 12, 'training/sps': np.float64(5868.991), 'training/walltime': np.float64(5.812), 'training/rollout_time': np.float64(0.339), 'training/update_time': np.float64(0.002), 'training/approx_kl': 0.0, 'training/entropy': 0.5199689865112305, 'training/policy_loss': -0.02085399255156517, 'training/total_loss': -0.020012782886624336, 'training/value_loss': 0.0016824183985590935}
{'eval/num_episodes': 200, 'eval/num_steps': 200, 'eval/mean_score': np.float64(0.973), 'eval/std_score': np.float64(0.044), 'eval/mean_episode_length': np.float64(1.0), 'eval/std_episode_length': np.float64(0.0), 'eval/eval_time': 0.08146524429321289}
{'training/total_steps': 26000, 'training/updates': 13, 'training/sps': np.float64(6130.625), 'training/walltime': np.float64(6.22), 'training/rollout_time': np.float64(0.325), 'training/update_time': np.float64(0.002), 'training/approx_kl': 0.0, 'training/entropy': 0.512600839138031, 'training/policy_loss': -0.020749757066369057, 'training/total_loss': -0.019945980980992317, 'training/value_loss': 0.001607553567737341}
{'eval/num_episodes': 200, 'eval/num_steps': 200, 'eval/mean_score': np.float64(0.975), 'eval/std_score': np.float64(0.043), 'eval/mean_episode_length': np.float64(1.0), 'eval/std_episode_length': np.float64(0.0), 'eval/eval_time': 0.07268309593200684}
{'training/total_steps': 28000, 'training/updates': 14, 'training/sps': np.float64(5517.757), 'training/walltime': np.float64(6.656), 'training/rollout_time': np.float64(0.361), 'training/update_time': np.float64(0.002), 'training/approx_kl': 0.0, 'training/entropy': 0.5055103898048401, 'training/policy_loss': -0.021761644631624222, 'training/total_loss': -0.020961638540029526, 'training/value_loss': 0.0016000104369595647}
{'eval/num_episodes': 200, 'eval/num_steps': 200, 'eval/mean_score': np.float64(0.982), 'eval/std_score': np.float64(0.038), 'eval/mean_episode_length': np.float64(1.0), 'eval/std_episode_length': np.float64(0.0), 'eval/eval_time': 0.07970213890075684}
{'training/total_steps': 30000, 'training/updates': 15, 'training/sps': np.float64(6049.519), 'training/walltime': np.float64(7.066), 'training/rollout_time': np.float64(0.329), 'training/update_time': np.float64(0.002), 'training/approx_kl': 0.0, 'training/entropy': 0.4984188377857208, 'training/policy_loss': -0.02212306298315525, 'training/total_loss': -0.021327562630176544, 'training/value_loss': 0.0015910009387880564}
{'eval/num_episodes': 200, 'eval/num_steps': 200, 'eval/mean_score': np.float64(0.983), 'eval/std_score': np.float64(0.037), 'eval/mean_episode_length': np.float64(1.0), 'eval/std_episode_length': np.float64(0.0), 'eval/eval_time': 0.07639598846435547}
{'training/total_steps': 32000, 'training/updates': 16, 'training/sps': np.float64(5540.447), 'training/walltime': np.float64(7.504), 'training/rollout_time': np.float64(0.36), 'training/update_time': np.float64(0.001), 'training/approx_kl': 0.0, 'training/entropy': 0.49134165048599243, 'training/policy_loss': -0.022839996963739395, 'training/total_loss': -0.02204149216413498, 'training/value_loss': 0.0015970082022249699}
{'eval/num_episodes': 200, 'eval/num_steps': 200, 'eval/mean_score': np.float64(0.981), 'eval/std_score': np.float64(0.039), 'eval/mean_episode_length': np.float64(1.0), 'eval/std_episode_length': np.float64(0.0), 'eval/eval_time': 0.07989883422851562}
{'training/total_steps': 34000, 'training/updates': 17, 'training/sps': np.float64(5580.155), 'training/walltime': np.float64(7.943), 'training/rollout_time': np.float64(0.357), 'training/update_time': np.float64(0.001), 'training/approx_kl': 0.0, 'training/entropy': 0.48421767354011536, 'training/policy_loss': -0.022198548540472984, 'training/total_loss': -0.02142408862709999, 'training/value_loss': 0.001548918429762125}
{'eval/num_episodes': 200, 'eval/num_steps': 200, 'eval/mean_score': np.float64(0.985), 'eval/std_score': np.float64(0.035), 'eval/mean_episode_length': np.float64(1.0), 'eval/std_episode_length': np.float64(0.0), 'eval/eval_time': 0.07452797889709473}
{'training/total_steps': 36000, 'training/updates': 18, 'training/sps': np.float64(5798.007), 'training/walltime': np.float64(8.363), 'training/rollout_time': np.float64(0.343), 'training/update_time': np.float64(0.002), 'training/approx_kl': 0.0, 'training/entropy': 0.4772987961769104, 'training/policy_loss': -0.0220830999314785, 'training/total_loss': -0.02133055590093136, 'training/value_loss': 0.0015050886431708932}
{'eval/num_episodes': 200, 'eval/num_steps': 200, 'eval/mean_score': np.float64(0.981), 'eval/std_score': np.float64(0.039), 'eval/mean_episode_length': np.float64(1.0), 'eval/std_episode_length': np.float64(0.0), 'eval/eval_time': 0.08569598197937012}
{'training/total_steps': 38000, 'training/updates': 19, 'training/sps': np.float64(5341.28), 'training/walltime': np.float64(8.823), 'training/rollout_time': np.float64(0.373), 'training/update_time': np.float64(0.002), 'training/approx_kl': 0.0, 'training/entropy': 0.4705658555030823, 'training/policy_loss': -0.02013952098786831, 'training/total_loss': -0.019447166472673416, 'training/value_loss': 0.0013847084483131766}
{'eval/num_episodes': 200, 'eval/num_steps': 200, 'eval/mean_score': np.float64(0.983), 'eval/std_score': np.float64(0.038), 'eval/mean_episode_length': np.float64(1.0), 'eval/std_episode_length': np.float64(0.0), 'eval/eval_time': 0.07965493202209473}
{'training/total_steps': 40000, 'training/updates': 20, 'training/sps': np.float64(5946.537), 'training/walltime': np.float64(9.239), 'training/rollout_time': np.float64(0.335), 'training/update_time': np.float64(0.001), 'training/approx_kl': 0.0, 'training/entropy': 0.4643707275390625, 'training/policy_loss': -0.02352800779044628, 'training/total_loss': -0.02278895676136017, 'training/value_loss': 0.0014781034551560879}
{'eval/num_episodes': 200, 'eval/num_steps': 200, 'eval/mean_score': np.float64(0.976), 'eval/std_score': np.float64(0.043), 'eval/mean_episode_length': np.float64(1.0), 'eval/std_episode_length': np.float64(0.0), 'eval/eval_time': 0.07541394233703613}
{'training/total_steps': 42000, 'training/updates': 21, 'training/sps': np.float64(4598.438), 'training/walltime': np.float64(9.75), 'training/rollout_time': np.float64(0.433), 'training/update_time': np.float64(0.002), 'training/approx_kl': 0.0, 'training/entropy': 0.45775991678237915, 'training/policy_loss': -0.020614271983504295, 'training/total_loss': -0.019933871924877167, 'training/value_loss': 0.0013608008157461882}
{'eval/num_episodes': 200, 'eval/num_steps': 200, 'eval/mean_score': np.float64(0.975), 'eval/std_score': np.float64(0.043), 'eval/mean_episode_length': np.float64(1.0), 'eval/std_episode_length': np.float64(0.0), 'eval/eval_time': 0.08015990257263184}
{'training/total_steps': 44000, 'training/updates': 22, 'training/sps': np.float64(5413.469), 'training/walltime': np.float64(10.2), 'training/rollout_time': np.float64(0.368), 'training/update_time': np.float64(0.002), 'training/approx_kl': 0.0, 'training/entropy': 0.4516792297363281, 'training/policy_loss': -0.022545048967003822, 'training/total_loss': -0.021849369630217552, 'training/value_loss': 0.0013913600705564022}
{'eval/num_episodes': 200, 'eval/num_steps': 200, 'eval/mean_score': np.float64(0.982), 'eval/std_score': np.float64(0.038), 'eval/mean_episode_length': np.float64(1.0), 'eval/std_episode_length': np.float64(0.0), 'eval/eval_time': 0.08237314224243164}
{'training/total_steps': 46000, 'training/updates': 23, 'training/sps': np.float64(5969.49), 'training/walltime': np.float64(10.618), 'training/rollout_time': np.float64(0.333), 'training/update_time': np.float64(0.002), 'training/approx_kl': 0.0, 'training/entropy': 0.44546231627464294, 'training/policy_loss': -0.021399036049842834, 'training/total_loss': -0.020731786265969276, 'training/value_loss': 0.0013345003826543689}
{'eval/num_episodes': 200, 'eval/num_steps': 200, 'eval/mean_score': np.float64(0.985), 'eval/std_score': np.float64(0.036), 'eval/mean_episode_length': np.float64(1.0), 'eval/std_episode_length': np.float64(0.0), 'eval/eval_time': 0.07966804504394531}
{'training/total_steps': 48000, 'training/updates': 24, 'training/sps': np.float64(5455.413), 'training/walltime': np.float64(11.065), 'training/rollout_time': np.float64(0.365), 'training/update_time': np.float64(0.001), 'training/approx_kl': 0.0, 'training/entropy': 0.43951040506362915, 'training/policy_loss': -0.021263008937239647, 'training/total_loss': -0.020614901557564735, 'training/value_loss': 0.0012962132459506392}
{'eval/num_episodes': 200, 'eval/num_steps': 200, 'eval/mean_score': np.float64(0.985), 'eval/std_score': np.float64(0.036), 'eval/mean_episode_length': np.float64(1.0), 'eval/std_episode_length': np.float64(0.0), 'eval/eval_time': 0.07535219192504883}
{'training/total_steps': 50000, 'training/updates': 25, 'training/sps': np.float64(5927.959), 'training/walltime': np.float64(11.478), 'training/rollout_time': np.float64(0.336), 'training/update_time': np.float64(0.002), 'training/approx_kl': 0.0, 'training/entropy': 0.4337387681007385, 'training/policy_loss': -0.0251086987555027, 'training/total_loss': -0.024389607831835747, 'training/value_loss': 0.001438180566765368}
{'eval/num_episodes': 200, 'eval/num_steps': 200, 'eval/mean_score': np.float64(0.986), 'eval/std_score': np.float64(0.034), 'eval/mean_episode_length': np.float64(1.0), 'eval/std_episode_length': np.float64(0.0), 'eval/eval_time': 0.07404899597167969}
{'training/total_steps': 52000, 'training/updates': 26, 'training/sps': np.float64(5902.578), 'training/walltime': np.float64(11.891), 'training/rollout_time': np.float64(0.337), 'training/update_time': np.float64(0.002), 'training/approx_kl': 0.0, 'training/entropy': 0.42735555768013, 'training/policy_loss': -0.020222438499331474, 'training/total_loss': -0.01959523744881153, 'training/value_loss': 0.0012544027995318174}
{'eval/num_episodes': 200, 'eval/num_steps': 200, 'eval/mean_score': np.float64(0.986), 'eval/std_score': np.float64(0.035), 'eval/mean_episode_length': np.float64(1.0), 'eval/std_episode_length': np.float64(0.0), 'eval/eval_time': 0.07741808891296387}
{'training/total_steps': 54000, 'training/updates': 27, 'training/sps': np.float64(5538.914), 'training/walltime': np.float64(12.33), 'training/rollout_time': np.float64(0.36), 'training/update_time': np.float64(0.002), 'training/approx_kl': 0.0, 'training/entropy': 0.42182642221450806, 'training/policy_loss': -0.021430455148220062, 'training/total_loss': -0.020812345668673515, 'training/value_loss': 0.0012362207053229213}
{'eval/num_episodes': 200, 'eval/num_steps': 200, 'eval/mean_score': np.float64(0.988), 'eval/std_score': np.float64(0.032), 'eval/mean_episode_length': np.float64(1.0), 'eval/std_episode_length': np.float64(0.0), 'eval/eval_time': 0.07892584800720215}
{'training/total_steps': 56000, 'training/updates': 28, 'training/sps': np.float64(5838.535), 'training/walltime': np.float64(12.752), 'training/rollout_time': np.float64(0.341), 'training/update_time': np.float64(0.002), 'training/approx_kl': 0.0, 'training/entropy': 0.41636955738067627, 'training/policy_loss': -0.022131474688649178, 'training/total_loss': -0.021506264805793762, 'training/value_loss': 0.0012504184851422906}
{'eval/num_episodes': 200, 'eval/num_steps': 200, 'eval/mean_score': np.float64(0.985), 'eval/std_score': np.float64(0.035), 'eval/mean_episode_length': np.float64(1.0), 'eval/std_episode_length': np.float64(0.0), 'eval/eval_time': 0.07762622833251953}
{'training/total_steps': 58000, 'training/updates': 29, 'training/sps': np.float64(5487.513), 'training/walltime': np.float64(13.194), 'training/rollout_time': np.float64(0.363), 'training/update_time': np.float64(0.002), 'training/approx_kl': 0.0, 'training/entropy': 0.41086965799331665, 'training/policy_loss': -0.02446206472814083, 'training/total_loss': -0.02379268780350685, 'training/value_loss': 0.0013387528015300632}
{'eval/num_episodes': 200, 'eval/num_steps': 200, 'eval/mean_score': np.float64(0.982), 'eval/std_score': np.float64(0.038), 'eval/mean_episode_length': np.float64(1.0), 'eval/std_episode_length': np.float64(0.0), 'eval/eval_time': 0.07650113105773926}
{'training/total_steps': 60000, 'training/updates': 30, 'training/sps': np.float64(6061.085), 'training/walltime': np.float64(13.601), 'training/rollout_time': np.float64(0.328), 'training/update_time': np.float64(0.001), 'training/approx_kl': 0.0, 'training/entropy': 0.4050028622150421, 'training/policy_loss': -0.02158767357468605, 'training/total_loss': -0.02097363770008087, 'training/value_loss': 0.0012280712835490704}
{'eval/num_episodes': 200, 'eval/num_steps': 200, 'eval/mean_score': np.float64(0.985), 'eval/std_score': np.float64(0.036), 'eval/mean_episode_length': np.float64(1.0), 'eval/std_episode_length': np.float64(0.0), 'eval/eval_time': 0.07630705833435059}
TRAINING END: training duration: 13.67786192893982
{'final_eval/num_episodes': 200, 'final_eval/num_steps': 200, 'final_eval/mean_score': np.float64(1.0), 'final_eval/std_score': np.float64(0.0), 'final_eval/mean_episode_length': np.float64(1.0), 'final_eval/std_episode_length': np.float64(0.0)}
