|param: value|
|experiment_name:  cleanba_ppo|
|seed:  6|
|platform:  cpu|
|write_logs_to_file:  False|
|save_model:  False|
|env_name:  bandit|
|num_envs:  8|
|num_train_levels:  200|
|distribution_mode:  easy|
|arm_means:  (1.0, 0.9)|
|deterministic_rewards:  True|
|eval_env:  True|
|num_eval_episodes:  200|
|eval_every:  1|
|deterministic_eval:  False|
|total_timesteps:  60000|
|learning_rate:  0.00025|
|adam_eps:  1e-05|
|unroll_length:  250|
|anneal_lr:  False|
|gamma:  0.99|
|gae_lambda:  0.95|
|num_minibatches:  4|
|update_epochs:  4|
|normalize_advantages:  True|
|clip_eps:  0.1|
|clip_vloss:  True|
|entropy_cost:  0.0|
|vf_cost:  0.5|
|max_grad_norm:  0.5|
|use_cnn:  False|
|policy_hidden_layer_sizes:  ()|
|value_hidden_layer_sizes:  ()|
|activation:  <jax._src.custom_derivatives.custom_jvp object at 0x1193fff50>|
|policy_init_logit_bias:  [1.0, 0.0]|
{'training/total_steps': 2000, 'training/updates': 1, 'training/sps': np.float64(2182.989), 'training/walltime': np.float64(0.916), 'training/rollout_time': np.float64(0.416), 'training/update_time': np.float64(0.5), 'training/approx_kl': 1.8480452126823366e-05, 'training/entropy': 0.5795390605926514, 'training/policy_loss': -0.006042676977813244, 'training/total_loss': 0.08213599026203156, 'training/value_loss': 0.17635732889175415}
{'eval/num_episodes': 200, 'eval/num_steps': 200, 'eval/mean_score': np.float64(0.977), 'eval/std_score': np.float64(0.042), 'eval/mean_episode_length': np.float64(1.0), 'eval/std_episode_length': np.float64(0.0), 'eval/eval_time': 0.07325315475463867}
{'training/total_steps': 4000, 'training/updates': 2, 'training/sps': np.float64(13271.224), 'training/walltime': np.float64(1.14), 'training/rollout_time': np.float64(0.143), 'training/update_time': np.float64(0.008), 'training/approx_kl': 1.7688318621367216e-05, 'training/entropy': 0.5763580799102783, 'training/policy_loss': -0.005911634303629398, 'training/total_loss': 0.07942946255207062, 'training/value_loss': 0.17068219184875488}
{'eval/num_episodes': 200, 'eval/num_steps': 200, 'eval/mean_score': np.float64(0.973), 'eval/std_score': np.float64(0.044), 'eval/mean_episode_length': np.float64(1.0), 'eval/std_episode_length': np.float64(0.0), 'eval/eval_time': 0.0746769905090332}
{'training/total_steps': 6000, 'training/updates': 3, 'training/sps': np.float64(13779.783), 'training/walltime': np.float64(1.361), 'training/rollout_time': np.float64(0.137), 'training/update_time': np.float64(0.008), 'training/approx_kl': 1.781486025720369e-05, 'training/entropy': 0.5731498003005981, 'training/policy_loss': -0.00592072494328022, 'training/total_loss': 0.07709696888923645, 'training/value_loss': 0.16603538393974304}
{'eval/num_episodes': 200, 'eval/num_steps': 200, 'eval/mean_score': np.float64(0.975), 'eval/std_score': np.float64(0.043), 'eval/mean_episode_length': np.float64(1.0), 'eval/std_episode_length': np.float64(0.0), 'eval/eval_time': 0.07365894317626953}
{'training/total_steps': 8000, 'training/updates': 4, 'training/sps': np.float64(13475.719), 'training/walltime': np.float64(1.583), 'training/rollout_time': np.float64(0.14), 'training/update_time': np.float64(0.008), 'training/approx_kl': 1.831230656534899e-05, 'training/entropy': 0.5699104070663452, 'training/policy_loss': -0.006016937084496021, 'training/total_loss': 0.07508452981710434, 'training/value_loss': 0.16220293939113617}
{'eval/num_episodes': 200, 'eval/num_steps': 200, 'eval/mean_score': np.float64(0.974), 'eval/std_score': np.float64(0.044), 'eval/mean_episode_length': np.float64(1.0), 'eval/std_episode_length': np.float64(0.0), 'eval/eval_time': 0.07561707496643066}
{'training/total_steps': 10000, 'training/updates': 5, 'training/sps': np.float64(10865.383), 'training/walltime': np.float64(1.843), 'training/rollout_time': np.float64(0.175), 'training/update_time': np.float64(0.009), 'training/approx_kl': 1.7980979464482516e-05, 'training/entropy': 0.5666435956954956, 'training/policy_loss': -0.005948389880359173, 'training/total_loss': 0.07263055443763733, 'training/value_loss': 0.15715789794921875}
{'eval/num_episodes': 200, 'eval/num_steps': 200, 'eval/mean_score': np.float64(0.97), 'eval/std_score': np.float64(0.046), 'eval/mean_episode_length': np.float64(1.0), 'eval/std_episode_length': np.float64(0.0), 'eval/eval_time': 0.07563304901123047}
{'training/total_steps': 12000, 'training/updates': 6, 'training/sps': np.float64(9302.03), 'training/walltime': np.float64(2.134), 'training/rollout_time': np.float64(0.207), 'training/update_time': np.float64(0.008), 'training/approx_kl': 1.7459513401263393e-05, 'training/entropy': 0.5633534789085388, 'training/policy_loss': -0.005873767659068108, 'training/total_loss': 0.07025212049484253, 'training/value_loss': 0.15225178003311157}
{'eval/num_episodes': 200, 'eval/num_steps': 200, 'eval/mean_score': np.float64(0.977), 'eval/std_score': np.float64(0.042), 'eval/mean_episode_length': np.float64(1.0), 'eval/std_episode_length': np.float64(0.0), 'eval/eval_time': 0.08487915992736816}
{'training/total_steps': 14000, 'training/updates': 7, 'training/sps': np.float64(11705.633), 'training/walltime': np.float64(2.39), 'training/rollout_time': np.float64(0.163), 'training/update_time': np.float64(0.008), 'training/approx_kl': 1.722830711514689e-05, 'training/entropy': 0.5600412487983704, 'training/policy_loss': -0.005830320995301008, 'training/total_loss': 0.06796649098396301, 'training/value_loss': 0.1475936323404312}
{'eval/num_episodes': 200, 'eval/num_steps': 200, 'eval/mean_score': np.float64(0.973), 'eval/std_score': np.float64(0.044), 'eval/mean_episode_length': np.float64(1.0), 'eval/std_episode_length': np.float64(0.0), 'eval/eval_time': 0.0750579833984375}
{'training/total_steps': 16000, 'training/updates': 8, 'training/sps': np.float64(13743.728), 'training/walltime': np.float64(2.611), 'training/rollout_time': np.float64(0.137), 'training/update_time': np.float64(0.008), 'training/approx_kl': 1.7449438018957153e-05, 'training/entropy': 0.5567045211791992, 'training/policy_loss': -0.005858529359102249, 'training/total_loss': 0.06590715050697327, 'training/value_loss': 0.14353138208389282}
{'eval/num_episodes': 200, 'eval/num_steps': 200, 'eval/mean_score': np.float64(0.974), 'eval/std_score': np.float64(0.044), 'eval/mean_episode_length': np.float64(1.0), 'eval/std_episode_length': np.float64(0.0), 'eval/eval_time': 0.0720682144165039}
{'training/total_steps': 18000, 'training/updates': 9, 'training/sps': np.float64(13919.951), 'training/walltime': np.float64(2.827), 'training/rollout_time': np.float64(0.136), 'training/update_time': np.float64(0.008), 'training/approx_kl': 1.6761781807872467e-05, 'training/entropy': 0.5533452033996582, 'training/policy_loss': -0.005749180912971497, 'training/total_loss': 0.06360875070095062, 'training/value_loss': 0.13871586322784424}
{'eval/num_episodes': 200, 'eval/num_steps': 200, 'eval/mean_score': np.float64(0.977), 'eval/std_score': np.float64(0.042), 'eval/mean_episode_length': np.float64(1.0), 'eval/std_episode_length': np.float64(0.0), 'eval/eval_time': 0.0840909481048584}
{'training/total_steps': 20000, 'training/updates': 10, 'training/sps': np.float64(13503.376), 'training/walltime': np.float64(3.06), 'training/rollout_time': np.float64(0.14), 'training/update_time': np.float64(0.008), 'training/approx_kl': 1.598498238308821e-05, 'training/entropy': 0.5499691963195801, 'training/policy_loss': -0.005618490744382143, 'training/total_loss': 0.06128203123807907, 'training/value_loss': 0.13380104303359985}
{'eval/num_episodes': 200, 'eval/num_steps': 200, 'eval/mean_score': np.float64(0.98), 'eval/std_score': np.float64(0.04), 'eval/mean_episode_length': np.float64(1.0), 'eval/std_episode_length': np.float64(0.0), 'eval/eval_time': 0.07292795181274414}
{'training/total_steps': 22000, 'training/updates': 11, 'training/sps': np.float64(14011.301), 'training/walltime': np.float64(3.276), 'training/rollout_time': np.float64(0.135), 'training/update_time': np.float64(0.008), 'training/approx_kl': 1.6802221580292098e-05, 'training/entropy': 0.5465695858001709, 'training/policy_loss': -0.005756153259426355, 'training/total_loss': 0.059561386704444885, 'training/value_loss': 0.1306350827217102}
{'eval/num_episodes': 200, 'eval/num_steps': 200, 'eval/mean_score': np.float64(0.977), 'eval/std_score': np.float64(0.042), 'eval/mean_episode_length': np.float64(1.0), 'eval/std_episode_length': np.float64(0.0), 'eval/eval_time': 0.07267498970031738}
{'training/total_steps': 24000, 'training/updates': 12, 'training/sps': np.float64(13740.036), 'training/walltime': np.float64(3.494), 'training/rollout_time': np.float64(0.137), 'training/update_time': np.float64(0.008), 'training/approx_kl': 1.6750382201280445e-05, 'training/entropy': 0.5431444644927979, 'training/policy_loss': -0.005751579999923706, 'training/total_loss': 0.05756397545337677, 'training/value_loss': 0.12663111090660095}
{'eval/num_episodes': 200, 'eval/num_steps': 200, 'eval/mean_score': np.float64(0.977), 'eval/std_score': np.float64(0.042), 'eval/mean_episode_length': np.float64(1.0), 'eval/std_episode_length': np.float64(0.0), 'eval/eval_time': 0.07545208930969238}
{'training/total_steps': 26000, 'training/updates': 13, 'training/sps': np.float64(13764.249), 'training/walltime': np.float64(3.715), 'training/rollout_time': np.float64(0.137), 'training/update_time': np.float64(0.008), 'training/approx_kl': 1.649737350817304e-05, 'training/entropy': 0.5396990776062012, 'training/policy_loss': -0.005678905639797449, 'training/total_loss': 0.0555986687541008, 'training/value_loss': 0.12255515158176422}
{'eval/num_episodes': 200, 'eval/num_steps': 200, 'eval/mean_score': np.float64(0.984), 'eval/std_score': np.float64(0.036), 'eval/mean_episode_length': np.float64(1.0), 'eval/std_episode_length': np.float64(0.0), 'eval/eval_time': 0.07686400413513184}
{'training/total_steps': 28000, 'training/updates': 14, 'training/sps': np.float64(13796.145), 'training/walltime': np.float64(3.937), 'training/rollout_time': np.float64(0.137), 'training/update_time': np.float64(0.008), 'training/approx_kl': 1.6498730474268086e-05, 'training/entropy': 0.5362356901168823, 'training/policy_loss': -0.005702419206500053, 'training/total_loss': 0.053679659962654114, 'training/value_loss': 0.11876416206359863}
{'eval/num_episodes': 200, 'eval/num_steps': 200, 'eval/mean_score': np.float64(0.977), 'eval/std_score': np.float64(0.042), 'eval/mean_episode_length': np.float64(1.0), 'eval/std_episode_length': np.float64(0.0), 'eval/eval_time': 0.07518386840820312}
{'training/total_steps': 30000, 'training/updates': 15, 'training/sps': np.float64(13916.626), 'training/walltime': np.float64(4.157), 'training/rollout_time': np.float64(0.136), 'training/update_time': np.float64(0.008), 'training/approx_kl': 1.7016947822412476e-05, 'training/entropy': 0.5327502489089966, 'training/policy_loss': -0.005790689028799534, 'training/total_loss': 0.05201299116015434, 'training/value_loss': 0.1156073585152626}
{'eval/num_episodes': 200, 'eval/num_steps': 200, 'eval/mean_score': np.float64(0.978), 'eval/std_score': np.float64(0.041), 'eval/mean_episode_length': np.float64(1.0), 'eval/std_episode_length': np.float64(0.0), 'eval/eval_time': 0.07511520385742188}
{'training/total_steps': 32000, 'training/updates': 16, 'training/sps': np.float64(13204.106), 'training/walltime': np.float64(4.383), 'training/rollout_time': np.float64(0.144), 'training/update_time': np.float64(0.008), 'training/approx_kl': 1.592875923961401e-05, 'training/entropy': 0.5292490720748901, 'training/policy_loss': -0.005604454316198826, 'training/total_loss': 0.049925338476896286, 'training/value_loss': 0.11105958372354507}
{'eval/num_episodes': 200, 'eval/num_steps': 200, 'eval/mean_score': np.float64(0.974), 'eval/std_score': np.float64(0.044), 'eval/mean_episode_length': np.float64(1.0), 'eval/std_episode_length': np.float64(0.0), 'eval/eval_time': 0.07942509651184082}
{'training/total_steps': 34000, 'training/updates': 17, 'training/sps': np.float64(9551.591), 'training/walltime': np.float64(4.673), 'training/rollout_time': np.float64(0.201), 'training/update_time': np.float64(0.008), 'training/approx_kl': 1.6178473742911592e-05, 'training/entropy': 0.5257341861724854, 'training/policy_loss': -0.0056396909058094025, 'training/total_loss': 0.048224322497844696, 'training/value_loss': 0.1077280268073082}
{'eval/num_episodes': 200, 'eval/num_steps': 200, 'eval/mean_score': np.float64(0.979), 'eval/std_score': np.float64(0.041), 'eval/mean_episode_length': np.float64(1.0), 'eval/std_episode_length': np.float64(0.0), 'eval/eval_time': 0.07438206672668457}
{'training/total_steps': 36000, 'training/updates': 18, 'training/sps': np.float64(13814.457), 'training/walltime': np.float64(4.892), 'training/rollout_time': np.float64(0.137), 'training/update_time': np.float64(0.008), 'training/approx_kl': 1.48322887980612e-05, 'training/entropy': 0.522209882736206, 'training/policy_loss': -0.005416183732450008, 'training/total_loss': 0.046208299696445465, 'training/value_loss': 0.1032489687204361}
{'eval/num_episodes': 200, 'eval/num_steps': 200, 'eval/mean_score': np.float64(0.981), 'eval/std_score': np.float64(0.039), 'eval/mean_episode_length': np.float64(1.0), 'eval/std_episode_length': np.float64(0.0), 'eval/eval_time': 0.07495665550231934}
{'training/total_steps': 38000, 'training/updates': 19, 'training/sps': np.float64(13772.317), 'training/walltime': np.float64(5.112), 'training/rollout_time': np.float64(0.137), 'training/update_time': np.float64(0.008), 'training/approx_kl': 1.5837224054848775e-05, 'training/entropy': 0.5186703205108643, 'training/policy_loss': -0.005586683284491301, 'training/total_loss': 0.04473248869180679, 'training/value_loss': 0.10063834488391876}
{'eval/num_episodes': 200, 'eval/num_steps': 200, 'eval/mean_score': np.float64(0.982), 'eval/std_score': np.float64(0.038), 'eval/mean_episode_length': np.float64(1.0), 'eval/std_episode_length': np.float64(0.0), 'eval/eval_time': 0.07264995574951172}
{'training/total_steps': 40000, 'training/updates': 20, 'training/sps': np.float64(13763.211), 'training/walltime': np.float64(5.331), 'training/rollout_time': np.float64(0.137), 'training/update_time': np.float64(0.008), 'training/approx_kl': 1.5629681001883e-05, 'training/entropy': 0.5151115655899048, 'training/policy_loss': -0.0055437274277210236, 'training/total_loss': 0.04305456578731537, 'training/value_loss': 0.09719658643007278}
{'eval/num_episodes': 200, 'eval/num_steps': 200, 'eval/mean_score': np.float64(0.979), 'eval/std_score': np.float64(0.041), 'eval/mean_episode_length': np.float64(1.0), 'eval/std_episode_length': np.float64(0.0), 'eval/eval_time': 0.07512307167053223}
{'training/total_steps': 42000, 'training/updates': 21, 'training/sps': np.float64(13870.305), 'training/walltime': np.float64(5.55), 'training/rollout_time': np.float64(0.136), 'training/update_time': np.float64(0.008), 'training/approx_kl': 1.558827716507949e-05, 'training/entropy': 0.5115388035774231, 'training/policy_loss': -0.005552435293793678, 'training/total_loss': 0.04149526357650757, 'training/value_loss': 0.0940953940153122}
{'eval/num_episodes': 200, 'eval/num_steps': 200, 'eval/mean_score': np.float64(0.984), 'eval/std_score': np.float64(0.036), 'eval/mean_episode_length': np.float64(1.0), 'eval/std_episode_length': np.float64(0.0), 'eval/eval_time': 0.0800776481628418}
{'training/total_steps': 44000, 'training/updates': 22, 'training/sps': np.float64(13589.632), 'training/walltime': np.float64(5.778), 'training/rollout_time': np.float64(0.139), 'training/update_time': np.float64(0.008), 'training/approx_kl': 1.5670844732085243e-05, 'training/entropy': 0.5079529285430908, 'training/policy_loss': -0.005553686525672674, 'training/total_loss': 0.03986659273505211, 'training/value_loss': 0.09084055572748184}
{'eval/num_episodes': 200, 'eval/num_steps': 200, 'eval/mean_score': np.float64(0.982), 'eval/std_score': np.float64(0.038), 'eval/mean_episode_length': np.float64(1.0), 'eval/std_episode_length': np.float64(0.0), 'eval/eval_time': 0.07593989372253418}
{'training/total_steps': 46000, 'training/updates': 23, 'training/sps': np.float64(13692.155), 'training/walltime': np.float64(6.0), 'training/rollout_time': np.float64(0.138), 'training/update_time': np.float64(0.008), 'training/approx_kl': 1.6075835446827114e-05, 'training/entropy': 0.5043525695800781, 'training/policy_loss': -0.005632299929857254, 'training/total_loss': 0.03852240741252899, 'training/value_loss': 0.08830942213535309}
{'eval/num_episodes': 200, 'eval/num_steps': 200, 'eval/mean_score': np.float64(0.982), 'eval/std_score': np.float64(0.038), 'eval/mean_episode_length': np.float64(1.0), 'eval/std_episode_length': np.float64(0.0), 'eval/eval_time': 0.07484984397888184}
{'training/total_steps': 48000, 'training/updates': 24, 'training/sps': np.float64(10604.41), 'training/walltime': np.float64(6.264), 'training/rollout_time': np.float64(0.181), 'training/update_time': np.float64(0.008), 'training/approx_kl': 1.4826597180217505e-05, 'training/entropy': 0.5007443428039551, 'training/policy_loss': -0.005417196545749903, 'training/total_loss': 0.036744363605976105, 'training/value_loss': 0.08432312309741974}
{'eval/num_episodes': 200, 'eval/num_steps': 200, 'eval/mean_score': np.float64(0.98), 'eval/std_score': np.float64(0.04), 'eval/mean_episode_length': np.float64(1.0), 'eval/std_episode_length': np.float64(0.0), 'eval/eval_time': 0.0746908187866211}
{'training/total_steps': 50000, 'training/updates': 25, 'training/sps': np.float64(14201.636), 'training/walltime': np.float64(6.48), 'training/rollout_time': np.float64(0.133), 'training/update_time': np.float64(0.008), 'training/approx_kl': 1.3841898180544376e-05, 'training/entropy': 0.4971369802951813, 'training/policy_loss': -0.005219861399382353, 'training/total_loss': 0.03509848937392235, 'training/value_loss': 0.08063670247793198}
{'eval/num_episodes': 200, 'eval/num_steps': 200, 'eval/mean_score': np.float64(0.98), 'eval/std_score': np.float64(0.04), 'eval/mean_episode_length': np.float64(1.0), 'eval/std_episode_length': np.float64(0.0), 'eval/eval_time': 0.07658505439758301}
{'training/total_steps': 52000, 'training/updates': 26, 'training/sps': np.float64(13933.801), 'training/walltime': np.float64(6.7), 'training/rollout_time': np.float64(0.135), 'training/update_time': np.float64(0.008), 'training/approx_kl': 1.4183656276145484e-05, 'training/entropy': 0.49352407455444336, 'training/policy_loss': -0.005285987630486488, 'training/total_loss': 0.033727116882801056, 'training/value_loss': 0.07802620530128479}
{'eval/num_episodes': 200, 'eval/num_steps': 200, 'eval/mean_score': np.float64(0.981), 'eval/std_score': np.float64(0.039), 'eval/mean_episode_length': np.float64(1.0), 'eval/std_episode_length': np.float64(0.0), 'eval/eval_time': 0.07616209983825684}
{'training/total_steps': 54000, 'training/updates': 27, 'training/sps': np.float64(13702.778), 'training/walltime': np.float64(6.923), 'training/rollout_time': np.float64(0.138), 'training/update_time': np.float64(0.008), 'training/approx_kl': 1.4998869119153824e-05, 'training/entropy': 0.48989635705947876, 'training/policy_loss': -0.0054301549680531025, 'training/total_loss': 0.03244224935770035, 'training/value_loss': 0.07574480772018433}
{'eval/num_episodes': 200, 'eval/num_steps': 200, 'eval/mean_score': np.float64(0.975), 'eval/std_score': np.float64(0.043), 'eval/mean_episode_length': np.float64(1.0), 'eval/std_episode_length': np.float64(0.0), 'eval/eval_time': 0.07356595993041992}
{'training/total_steps': 56000, 'training/updates': 28, 'training/sps': np.float64(13732.299), 'training/walltime': np.float64(7.142), 'training/rollout_time': np.float64(0.138), 'training/update_time': np.float64(0.008), 'training/approx_kl': 1.4252693290472962e-05, 'training/entropy': 0.486259400844574, 'training/policy_loss': -0.005301695317029953, 'training/total_loss': 0.0309904795140028, 'training/value_loss': 0.0725843533873558}
{'eval/num_episodes': 200, 'eval/num_steps': 200, 'eval/mean_score': np.float64(0.978), 'eval/std_score': np.float64(0.041), 'eval/mean_episode_length': np.float64(1.0), 'eval/std_episode_length': np.float64(0.0), 'eval/eval_time': 0.07476615905761719}
{'training/total_steps': 58000, 'training/updates': 29, 'training/sps': np.float64(13746.926), 'training/walltime': np.float64(7.363), 'training/rollout_time': np.float64(0.138), 'training/update_time': np.float64(0.008), 'training/approx_kl': 1.449133560527116e-05, 'training/entropy': 0.4826151132583618, 'training/policy_loss': -0.0053544375114142895, 'training/total_loss': 0.029734071344137192, 'training/value_loss': 0.07017701864242554}
{'eval/num_episodes': 200, 'eval/num_steps': 200, 'eval/mean_score': np.float64(0.975), 'eval/std_score': np.float64(0.043), 'eval/mean_episode_length': np.float64(1.0), 'eval/std_episode_length': np.float64(0.0), 'eval/eval_time': 0.07510685920715332}
{'training/total_steps': 60000, 'training/updates': 30, 'training/sps': np.float64(13746.453), 'training/walltime': np.float64(7.584), 'training/rollout_time': np.float64(0.137), 'training/update_time': np.float64(0.008), 'training/approx_kl': 1.5186556993285194e-05, 'training/entropy': 0.47896239161491394, 'training/policy_loss': -0.005455804988741875, 'training/total_loss': 0.02851802483201027, 'training/value_loss': 0.06794765591621399}
{'eval/num_episodes': 200, 'eval/num_steps': 200, 'eval/mean_score': np.float64(0.984), 'eval/std_score': np.float64(0.037), 'eval/mean_episode_length': np.float64(1.0), 'eval/std_episode_length': np.float64(0.0), 'eval/eval_time': 0.08360981941223145}
TRAINING END: training duration: 7.667446136474609
{'final_eval/num_episodes': 200, 'final_eval/num_steps': 200, 'final_eval/mean_score': np.float64(1.0), 'final_eval/std_score': np.float64(0.0), 'final_eval/mean_episode_length': np.float64(1.0), 'final_eval/std_episode_length': np.float64(0.0)}
4(0.0)}
