|param: value|
|experiment_name:  reinforce_procgen|
|seed:  6|
|platform:  cpu|
|write_logs_to_file:  False|
|save_model:  False|
|env_name:  bandit|
|num_envs:  1|
|num_train_levels:  200|
|distribution_mode:  easy|
|arm_means:  (1.0, 0.9)|
|deterministic_rewards:  True|
|eval_env:  True|
|num_eval_episodes:  200|
|eval_every:  1|
|deterministic_eval:  False|
|normalize_observations:  True|
|total_timesteps:  60000|
|learning_rate:  0.5|
|optimizer:  sgd|
|unroll_length:  2048|
|anneal_lr:  False|
|gamma:  0.99|
|batch_size:  1|
|num_minibatches:  1|
|update_epochs:  1|
|entropy_cost:  0.0|
|max_grad_norm:  0.5|
|reward_scaling:  1.0|
|use_cnn:  False|
|policy_hidden_layer_sizes:  ()|
|value_hidden_layer_sizes:  ()|
|activation:  <jax._src.custom_derivatives.custom_jvp object at 0x1193fff50>|
|policy_init_logit_bias:  [1.0, 0.0]|
{'training/total_steps': 2000, 'training/updates': 1, 'training/sps': np.float64(1957.821), 'training/walltime': np.float64(1.022), 'training/rollout_time': np.float64(0.426), 'training/update_time': np.float64(0.596), 'training/approx_kl': 0.0, 'training/entropy': 0.5822030305862427, 'training/policy_loss': 0.7020249962806702, 'training/total_loss': 1.4698686599731445, 'training/value_loss': 1.5356873273849487}
{'eval/num_episodes': 200, 'eval/num_steps': 200, 'eval/mean_score': np.float64(0.975), 'eval/std_score': np.float64(0.043), 'eval/mean_episode_length': np.float64(1.0), 'eval/std_episode_length': np.float64(0.0), 'eval/eval_time': 0.07401180267333984}
{'training/total_steps': 4000, 'training/updates': 2, 'training/sps': np.float64(6158.901), 'training/walltime': np.float64(1.421), 'training/rollout_time': np.float64(0.323), 'training/update_time': np.float64(0.002), 'training/approx_kl': 0.0, 'training/entropy': 0.5800648331642151, 'training/policy_loss': 0.48557230830192566, 'training/total_loss': 0.8792575597763062, 'training/value_loss': 0.787370502948761}
{'eval/num_episodes': 200, 'eval/num_steps': 200, 'eval/mean_score': np.float64(0.97), 'eval/std_score': np.float64(0.046), 'eval/mean_episode_length': np.float64(1.0), 'eval/std_episode_length': np.float64(0.0), 'eval/eval_time': 0.07474827766418457}
{'training/total_steps': 6000, 'training/updates': 3, 'training/sps': np.float64(5545.575), 'training/walltime': np.float64(1.856), 'training/rollout_time': np.float64(0.351), 'training/update_time': np.float64(0.009), 'training/approx_kl': 0.0, 'training/entropy': 0.5755927562713623, 'training/policy_loss': 0.28163430094718933, 'training/total_loss': 0.4249229431152344, 'training/value_loss': 0.2865772843360901}
{'eval/num_episodes': 200, 'eval/num_steps': 200, 'eval/mean_score': np.float64(0.976), 'eval/std_score': np.float64(0.043), 'eval/mean_episode_length': np.float64(1.0), 'eval/std_episode_length': np.float64(0.0), 'eval/eval_time': 0.10012292861938477}
{'training/total_steps': 8000, 'training/updates': 4, 'training/sps': np.float64(5710.125), 'training/walltime': np.float64(2.307), 'training/rollout_time': np.float64(0.349), 'training/update_time': np.float64(0.002), 'training/approx_kl': 0.0, 'training/entropy': 0.5690184831619263, 'training/policy_loss': 0.0821845754981041, 'training/total_loss': 0.09940969198942184, 'training/value_loss': 0.0344502292573452}
{'eval/num_episodes': 200, 'eval/num_steps': 200, 'eval/mean_score': np.float64(0.976), 'eval/std_score': np.float64(0.043), 'eval/mean_episode_length': np.float64(1.0), 'eval/std_episode_length': np.float64(0.0), 'eval/eval_time': 0.07926011085510254}
{'training/total_steps': 10000, 'training/updates': 5, 'training/sps': np.float64(5991.555), 'training/walltime': np.float64(2.721), 'training/rollout_time': np.float64(0.332), 'training/update_time': np.float64(0.002), 'training/approx_kl': 0.0, 'training/entropy': 0.561149537563324, 'training/policy_loss': -0.020480435341596603, 'training/total_loss': -0.019541583955287933, 'training/value_loss': 0.0018777026562020183}
{'eval/num_episodes': 200, 'eval/num_steps': 200, 'eval/mean_score': np.float64(0.975), 'eval/std_score': np.float64(0.043), 'eval/mean_episode_length': np.float64(1.0), 'eval/std_episode_length': np.float64(0.0), 'eval/eval_time': 0.07390689849853516}
{'training/total_steps': 12000, 'training/updates': 6, 'training/sps': np.float64(5498.113), 'training/walltime': np.float64(3.159), 'training/rollout_time': np.float64(0.362), 'training/update_time': np.float64(0.001), 'training/approx_kl': 0.0, 'training/entropy': 0.5533398985862732, 'training/policy_loss': -0.020702946931123734, 'training/total_loss': -0.019780414178967476, 'training/value_loss': 0.0018450639909133315}
{'eval/num_episodes': 200, 'eval/num_steps': 200, 'eval/mean_score': np.float64(0.979), 'eval/std_score': np.float64(0.041), 'eval/mean_episode_length': np.float64(1.0), 'eval/std_episode_length': np.float64(0.0), 'eval/eval_time': 0.07774591445922852}
{'training/total_steps': 14000, 'training/updates': 7, 'training/sps': np.float64(6013.843), 'training/walltime': np.float64(3.57), 'training/rollout_time': np.float64(0.33), 'training/update_time': np.float64(0.003), 'training/approx_kl': 0.0, 'training/entropy': 0.5455637574195862, 'training/policy_loss': -0.02110695280134678, 'training/total_loss': -0.02019871212542057, 'training/value_loss': 0.0018164810026064515}
{'eval/num_episodes': 200, 'eval/num_steps': 200, 'eval/mean_score': np.float64(0.98), 'eval/std_score': np.float64(0.04), 'eval/mean_episode_length': np.float64(1.0), 'eval/std_episode_length': np.float64(0.0), 'eval/eval_time': 0.0732581615447998}
{'training/total_steps': 16000, 'training/updates': 8, 'training/sps': np.float64(6117.463), 'training/walltime': np.float64(3.97), 'training/rollout_time': np.float64(0.325), 'training/update_time': np.float64(0.002), 'training/approx_kl': 0.0, 'training/entropy': 0.5378178954124451, 'training/policy_loss': -0.020883657038211823, 'training/total_loss': -0.020001716911792755, 'training/value_loss': 0.0017638786230236292}
{'eval/num_episodes': 200, 'eval/num_steps': 200, 'eval/mean_score': np.float64(0.975), 'eval/std_score': np.float64(0.043), 'eval/mean_episode_length': np.float64(1.0), 'eval/std_episode_length': np.float64(0.0), 'eval/eval_time': 0.0728309154510498}
{'training/total_steps': 18000, 'training/updates': 9, 'training/sps': np.float64(5507.766), 'training/walltime': np.float64(4.406), 'training/rollout_time': np.float64(0.361), 'training/update_time': np.float64(0.002), 'training/approx_kl': 0.0, 'training/entropy': 0.5302220582962036, 'training/policy_loss': -0.020339520648121834, 'training/total_loss': -0.019496090710163116, 'training/value_loss': 0.0016868584789335728}
{'eval/num_episodes': 200, 'eval/num_steps': 200, 'eval/mean_score': np.float64(0.972), 'eval/std_score': np.float64(0.045), 'eval/mean_episode_length': np.float64(1.0), 'eval/std_episode_length': np.float64(0.0), 'eval/eval_time': 0.07329630851745605}
{'training/total_steps': 20000, 'training/updates': 10, 'training/sps': np.float64(6099.87), 'training/walltime': np.float64(4.808), 'training/rollout_time': np.float64(0.326), 'training/update_time': np.float64(0.001), 'training/approx_kl': 0.0, 'training/entropy': 0.522895872592926, 'training/policy_loss': -0.021761054173111916, 'training/total_loss': -0.020915750414133072, 'training/value_loss': 0.0016906081000342965}
{'eval/num_episodes': 200, 'eval/num_steps': 200, 'eval/mean_score': np.float64(0.979), 'eval/std_score': np.float64(0.04), 'eval/mean_episode_length': np.float64(1.0), 'eval/std_episode_length': np.float64(0.0), 'eval/eval_time': 0.07506895065307617}
{'training/total_steps': 22000, 'training/updates': 11, 'training/sps': np.float64(5609.597), 'training/walltime': np.float64(5.24), 'training/rollout_time': np.float64(0.355), 'training/update_time': np.float64(0.001), 'training/approx_kl': 0.0, 'training/entropy': 0.5154973268508911, 'training/policy_loss': -0.02259835973381996, 'training/total_loss': -0.021745948120951653, 'training/value_loss': 0.0017048231093212962}
{'eval/num_episodes': 200, 'eval/num_steps': 200, 'eval/mean_score': np.float64(0.977), 'eval/std_score': np.float64(0.042), 'eval/mean_episode_length': np.float64(1.0), 'eval/std_episode_length': np.float64(0.0), 'eval/eval_time': 0.07553696632385254}
{'training/total_steps': 24000, 'training/updates': 12, 'training/sps': np.float64(4464.412), 'training/walltime': np.float64(5.764), 'training/rollout_time': np.float64(0.447), 'training/update_time': np.float64(0.001), 'training/approx_kl': 0.0, 'training/entropy': 0.5079899430274963, 'training/policy_loss': -0.0206025131046772, 'training/total_loss': -0.019803712144494057, 'training/value_loss': 0.0015976012218743563}
{'eval/num_episodes': 200, 'eval/num_steps': 200, 'eval/mean_score': np.float64(0.976), 'eval/std_score': np.float64(0.042), 'eval/mean_episode_length': np.float64(1.0), 'eval/std_episode_length': np.float64(0.0), 'eval/eval_time': 0.07367587089538574}
{'training/total_steps': 26000, 'training/updates': 13, 'training/sps': np.float64(6076.605), 'training/walltime': np.float64(6.167), 'training/rollout_time': np.float64(0.328), 'training/update_time': np.float64(0.002), 'training/approx_kl': 0.0, 'training/entropy': 0.5009299516677856, 'training/policy_loss': -0.021060386672616005, 'training/total_loss': -0.020285965874791145, 'training/value_loss': 0.0015488406643271446}
{'eval/num_episodes': 200, 'eval/num_steps': 200, 'eval/mean_score': np.float64(0.983), 'eval/std_score': np.float64(0.037), 'eval/mean_episode_length': np.float64(1.0), 'eval/std_episode_length': np.float64(0.0), 'eval/eval_time': 0.07795906066894531}
{'training/total_steps': 28000, 'training/updates': 14, 'training/sps': np.float64(5519.377), 'training/walltime': np.float64(6.608), 'training/rollout_time': np.float64(0.361), 'training/update_time': np.float64(0.002), 'training/approx_kl': 0.0, 'training/entropy': 0.4940490424633026, 'training/policy_loss': -0.02251911722123623, 'training/total_loss': -0.021731095388531685, 'training/value_loss': 0.0015760435489937663}
{'eval/num_episodes': 200, 'eval/num_steps': 200, 'eval/mean_score': np.float64(0.977), 'eval/std_score': np.float64(0.042), 'eval/mean_episode_length': np.float64(1.0), 'eval/std_episode_length': np.float64(0.0), 'eval/eval_time': 0.08198904991149902}
{'training/total_steps': 30000, 'training/updates': 15, 'training/sps': np.float64(4795.345), 'training/walltime': np.float64(7.107), 'training/rollout_time': np.float64(0.416), 'training/update_time': np.float64(0.002), 'training/approx_kl': 0.0, 'training/entropy': 0.4870262145996094, 'training/policy_loss': -0.02162494696676731, 'training/total_loss': -0.020862866193056107, 'training/value_loss': 0.0015241611981764436}
{'eval/num_episodes': 200, 'eval/num_steps': 200, 'eval/mean_score': np.float64(0.984), 'eval/std_score': np.float64(0.036), 'eval/mean_episode_length': np.float64(1.0), 'eval/std_episode_length': np.float64(0.0), 'eval/eval_time': 0.08886909484863281}
{'training/total_steps': 32000, 'training/updates': 16, 'training/sps': np.float64(5448.078), 'training/walltime': np.float64(7.564), 'training/rollout_time': np.float64(0.366), 'training/update_time': np.float64(0.002), 'training/approx_kl': 0.0, 'training/entropy': 0.4802207946777344, 'training/policy_loss': -0.022710293531417847, 'training/total_loss': -0.021943887695670128, 'training/value_loss': 0.0015328131848946214}
{'eval/num_episodes': 200, 'eval/num_steps': 200, 'eval/mean_score': np.float64(0.98), 'eval/std_score': np.float64(0.04), 'eval/mean_episode_length': np.float64(1.0), 'eval/std_episode_length': np.float64(0.0), 'eval/eval_time': 0.07787609100341797}
{'training/total_steps': 34000, 'training/updates': 17, 'training/sps': np.float64(5524.858), 'training/walltime': np.float64(8.004), 'training/rollout_time': np.float64(0.36), 'training/update_time': np.float64(0.002), 'training/approx_kl': 0.0, 'training/entropy': 0.4733639061450958, 'training/policy_loss': -0.02054665796458721, 'training/total_loss': -0.019836243242025375, 'training/value_loss': 0.0014208308421075344}
{'eval/num_episodes': 200, 'eval/num_steps': 200, 'eval/mean_score': np.float64(0.985), 'eval/std_score': np.float64(0.036), 'eval/mean_episode_length': np.float64(1.0), 'eval/std_episode_length': np.float64(0.0), 'eval/eval_time': 0.07363295555114746}
{'training/total_steps': 36000, 'training/updates': 18, 'training/sps': np.float64(5979.89), 'training/walltime': np.float64(8.412), 'training/rollout_time': np.float64(0.333), 'training/update_time': np.float64(0.002), 'training/approx_kl': 0.0, 'training/entropy': 0.46700960397720337, 'training/policy_loss': -0.022213665768504143, 'training/total_loss': -0.021494999527931213, 'training/value_loss': 0.0014373313169926405}
{'eval/num_episodes': 200, 'eval/num_steps': 200, 'eval/mean_score': np.float64(0.981), 'eval/std_score': np.float64(0.039), 'eval/mean_episode_length': np.float64(1.0), 'eval/std_episode_length': np.float64(0.0), 'eval/eval_time': 0.07379817962646484}
{'training/total_steps': 38000, 'training/updates': 19, 'training/sps': np.float64(4957.156), 'training/walltime': np.float64(8.89), 'training/rollout_time': np.float64(0.402), 'training/update_time': np.float64(0.002), 'training/approx_kl': 0.0, 'training/entropy': 0.4605751931667328, 'training/policy_loss': -0.02248810976743698, 'training/total_loss': -0.021769490092992783, 'training/value_loss': 0.0014372410951182246}
{'eval/num_episodes': 200, 'eval/num_steps': 200, 'eval/mean_score': np.float64(0.979), 'eval/std_score': np.float64(0.041), 'eval/mean_episode_length': np.float64(1.0), 'eval/std_episode_length': np.float64(0.0), 'eval/eval_time': 0.07897496223449707}
{'training/total_steps': 40000, 'training/updates': 20, 'training/sps': np.float64(4681.861), 'training/walltime': np.float64(9.396), 'training/rollout_time': np.float64(0.425), 'training/update_time': np.float64(0.002), 'training/approx_kl': 0.0, 'training/entropy': 0.4541435241699219, 'training/policy_loss': -0.02425229549407959, 'training/total_loss': -0.023504335433244705, 'training/value_loss': 0.0014959212858229876}
{'eval/num_episodes': 200, 'eval/num_steps': 200, 'eval/mean_score': np.float64(0.984), 'eval/std_score': np.float64(0.037), 'eval/mean_episode_length': np.float64(1.0), 'eval/std_episode_length': np.float64(0.0), 'eval/eval_time': 0.07520198822021484}
{'training/total_steps': 42000, 'training/updates': 21, 'training/sps': np.float64(5900.992), 'training/walltime': np.float64(9.811), 'training/rollout_time': np.float64(0.337), 'training/update_time': np.float64(0.002), 'training/approx_kl': 0.0, 'training/entropy': 0.44745349884033203, 'training/policy_loss': -0.02133355475962162, 'training/total_loss': -0.020647814497351646, 'training/value_loss': 0.0013714806409552693}
{'eval/num_episodes': 200, 'eval/num_steps': 200, 'eval/mean_score': np.float64(0.989), 'eval/std_score': np.float64(0.031), 'eval/mean_episode_length': np.float64(1.0), 'eval/std_episode_length': np.float64(0.0), 'eval/eval_time': 0.07368087768554688}
{'training/total_steps': 44000, 'training/updates': 22, 'training/sps': np.float64(5414.213), 'training/walltime': np.float64(10.255), 'training/rollout_time': np.float64(0.365), 'training/update_time': np.float64(0.004), 'training/approx_kl': 0.0, 'training/entropy': 0.4413471221923828, 'training/policy_loss': -0.02195378579199314, 'training/total_loss': -0.021283406764268875, 'training/value_loss': 0.0013407584046944976}
{'eval/num_episodes': 200, 'eval/num_steps': 200, 'eval/mean_score': np.float64(0.985), 'eval/std_score': np.float64(0.035), 'eval/mean_episode_length': np.float64(1.0), 'eval/std_episode_length': np.float64(0.0), 'eval/eval_time': 0.07927417755126953}
{'training/total_steps': 46000, 'training/updates': 23, 'training/sps': np.float64(5709.379), 'training/walltime': np.float64(10.685), 'training/rollout_time': np.float64(0.349), 'training/update_time': np.float64(0.002), 'training/approx_kl': 0.0, 'training/entropy': 0.43537425994873047, 'training/policy_loss': -0.02383282221853733, 'training/total_loss': -0.02313357964158058, 'training/value_loss': 0.0013984835240989923}
{'eval/num_episodes': 200, 'eval/num_steps': 200, 'eval/mean_score': np.float64(0.982), 'eval/std_score': np.float64(0.038), 'eval/mean_episode_length': np.float64(1.0), 'eval/std_episode_length': np.float64(0.0), 'eval/eval_time': 0.07767295837402344}
{'training/total_steps': 48000, 'training/updates': 24, 'training/sps': np.float64(5534.876), 'training/walltime': np.float64(11.124), 'training/rollout_time': np.float64(0.36), 'training/update_time': np.float64(0.001), 'training/approx_kl': 0.0, 'training/entropy': 0.42915821075439453, 'training/policy_loss': -0.022094186395406723, 'training/total_loss': -0.021431826055049896, 'training/value_loss': 0.00132472044788301}
{'eval/num_episodes': 200, 'eval/num_steps': 200, 'eval/mean_score': np.float64(0.983), 'eval/std_score': np.float64(0.038), 'eval/mean_episode_length': np.float64(1.0), 'eval/std_episode_length': np.float64(0.0), 'eval/eval_time': 0.07934784889221191}
{'training/total_steps': 50000, 'training/updates': 25, 'training/sps': np.float64(5995.726), 'training/walltime': np.float64(11.537), 'training/rollout_time': np.float64(0.332), 'training/update_time': np.float64(0.002), 'training/approx_kl': 0.0, 'training/entropy': 0.4232948124408722, 'training/policy_loss': -0.02138078771531582, 'training/total_loss': -0.02075161784887314, 'training/value_loss': 0.0012583406642079353}
{'eval/num_episodes': 200, 'eval/num_steps': 200, 'eval/mean_score': np.float64(0.983), 'eval/std_score': np.float64(0.037), 'eval/mean_episode_length': np.float64(1.0), 'eval/std_episode_length': np.float64(0.0), 'eval/eval_time': 0.07539796829223633}
{'training/total_steps': 52000, 'training/updates': 26, 'training/sps': np.float64(5604.691), 'training/walltime': np.float64(11.97), 'training/rollout_time': np.float64(0.355), 'training/update_time': np.float64(0.002), 'training/approx_kl': 0.0, 'training/entropy': 0.4177388548851013, 'training/policy_loss': -0.020354576408863068, 'training/total_loss': -0.01976286992430687, 'training/value_loss': 0.0011834133183583617}
{'eval/num_episodes': 200, 'eval/num_steps': 200, 'eval/mean_score': np.float64(0.986), 'eval/std_score': np.float64(0.034), 'eval/mean_episode_length': np.float64(1.0), 'eval/std_episode_length': np.float64(0.0), 'eval/eval_time': 0.07517004013061523}
{'training/total_steps': 54000, 'training/updates': 27, 'training/sps': np.float64(5430.641), 'training/walltime': np.float64(12.414), 'training/rollout_time': np.float64(0.367), 'training/update_time': np.float64(0.002), 'training/approx_kl': 0.0, 'training/entropy': 0.4125281572341919, 'training/policy_loss': -0.022154435515403748, 'training/total_loss': -0.021539684385061264, 'training/value_loss': 0.0012295006308704615}
{'eval/num_episodes': 200, 'eval/num_steps': 200, 'eval/mean_score': np.float64(0.989), 'eval/std_score': np.float64(0.031), 'eval/mean_episode_length': np.float64(1.0), 'eval/std_episode_length': np.float64(0.0), 'eval/eval_time': 0.07831501960754395}
{'training/total_steps': 56000, 'training/updates': 28, 'training/sps': np.float64(6039.306), 'training/walltime': np.float64(12.824), 'training/rollout_time': np.float64(0.33), 'training/update_time': np.float64(0.001), 'training/approx_kl': 0.0, 'training/entropy': 0.4071366786956787, 'training/policy_loss': -0.021594734862446785, 'training/total_loss': -0.020992673933506012, 'training/value_loss': 0.0012041230220347643}
{'eval/num_episodes': 200, 'eval/num_steps': 200, 'eval/mean_score': np.float64(0.985), 'eval/std_score': np.float64(0.036), 'eval/mean_episode_length': np.float64(1.0), 'eval/std_episode_length': np.float64(0.0), 'eval/eval_time': 0.07496500015258789}
{'training/total_steps': 58000, 'training/updates': 29, 'training/sps': np.float64(5306.985), 'training/walltime': np.float64(13.276), 'training/rollout_time': np.float64(0.373), 'training/update_time': np.float64(0.004), 'training/approx_kl': 0.0, 'training/entropy': 0.40187549591064453, 'training/policy_loss': -0.021681996062397957, 'training/total_loss': -0.021087195724248886, 'training/value_loss': 0.0011896005598828197}
{'eval/num_episodes': 200, 'eval/num_steps': 200, 'eval/mean_score': np.float64(0.984), 'eval/std_score': np.float64(0.037), 'eval/mean_episode_length': np.float64(1.0), 'eval/std_episode_length': np.float64(0.0), 'eval/eval_time': 0.07499909400939941}
{'training/total_steps': 60000, 'training/updates': 30, 'training/sps': np.float64(5854.835), 'training/walltime': np.float64(13.693), 'training/rollout_time': np.float64(0.34), 'training/update_time': np.float64(0.002), 'training/approx_kl': 0.0, 'training/entropy': 0.39669904112815857, 'training/policy_loss': -0.02143518626689911, 'training/total_loss': -0.02085307613015175, 'training/value_loss': 0.001164220622740686}
{'eval/num_episodes': 200, 'eval/num_steps': 200, 'eval/mean_score': np.float64(0.987), 'eval/std_score': np.float64(0.033), 'eval/mean_episode_length': np.float64(1.0), 'eval/std_episode_length': np.float64(0.0), 'eval/eval_time': 0.07505512237548828}
TRAINING END: training duration: 13.768245220184326
{'final_eval/num_episodes': 200, 'final_eval/num_steps': 200, 'final_eval/mean_score': np.float64(1.0), 'final_eval/std_score': np.float64(0.0), 'final_eval/mean_episode_length': np.float64(1.0), 'final_eval/std_episode_length': np.float64(0.0)}
