|param: value|
|experiment_name:  pc_reinforce|
|seed:  7|
|write_logs_to_file:  False|
|save_model:  False|
|env_name:  bandit|
|num_envs:  8|
|num_train_levels:  200|
|distribution_mode:  easy|
|arm_means:  (1.0, 0.9)|
|deterministic_rewards:  True|
|eval_env:  True|
|num_eval_episodes:  200|
|eval_every:  1|
|total_timesteps:  60000|
|unroll_length:  250|
|learning_rate:  0.01|
|target_scale:  1.0|
|pc_steps_per_update:  1|
|max_t1:  20|
|width:  32|
|depth:  2|
|act_fn:  relu|
|policy_init_logit_bias:  [0.0, 1.0]|
|use_cnn:  False|
|policy_hidden_layer_sizes:  ()|
|value_hidden_layer_sizes:  ()|
|anneal_lr:  False|
|entropy_cost:  0.0|
|deterministic_eval:  False|
|gamma:  0.99|
{'training/total_steps': 2000, 'training/updates': 1, 'training/walltime': np.float64(1.497), 'training/update_time': np.float64(1.497), 'training/pc_loss': 0.000823383976239711, 'training/mean_reward': 0.9288498759269714, 'training/mean_advantage_abs': 0.04105350375175476}
{'eval/num_episodes': 200, 'eval/mean_score': np.float64(0.929), 'eval/std_score': np.float64(0.0454), 'eval/mean_episode_length': np.float64(1.0)}
{'training/total_steps': 4000, 'training/updates': 2, 'training/walltime': np.float64(1.777), 'training/update_time': np.float64(0.11), 'training/pc_loss': 0.0007769261719658971, 'training/mean_reward': 0.9301998615264893, 'training/mean_advantage_abs': 0.04215916618704796}
{'eval/num_episodes': 200, 'eval/mean_score': np.float64(0.9295), 'eval/std_score': np.float64(0.0456), 'eval/mean_episode_length': np.float64(1.0)}
{'training/total_steps': 6000, 'training/updates': 3, 'training/walltime': np.float64(1.881), 'training/update_time': np.float64(0.103), 'training/pc_loss': 0.0007358457078225911, 'training/mean_reward': 0.9330998659133911, 'training/mean_advantage_abs': 0.044287774711847305}
{'eval/num_episodes': 200, 'eval/mean_score': np.float64(0.9385), 'eval/std_score': np.float64(0.0487), 'eval/mean_episode_length': np.float64(1.0)}
{'training/total_steps': 8000, 'training/updates': 4, 'training/walltime': np.float64(1.99), 'training/update_time': np.float64(0.109), 'training/pc_loss': 0.0006959182792343199, 'training/mean_reward': 0.9374999403953552, 'training/mean_advantage_abs': 0.046874988824129105}
{'eval/num_episodes': 200, 'eval/mean_score': np.float64(0.939), 'eval/std_score': np.float64(0.0488), 'eval/mean_episode_length': np.float64(1.0)}
{'training/total_steps': 10000, 'training/updates': 5, 'training/walltime': np.float64(2.103), 'training/update_time': np.float64(0.112), 'training/pc_loss': 0.0006579553009942174, 'training/mean_reward': 0.9424498677253723, 'training/mean_advantage_abs': 0.048859961330890656}
{'eval/num_episodes': 200, 'eval/mean_score': np.float64(0.9475), 'eval/std_score': np.float64(0.0499), 'eval/mean_episode_length': np.float64(1.0)}
{'training/total_steps': 12000, 'training/updates': 6, 'training/walltime': np.float64(2.27), 'training/update_time': np.float64(0.166), 'training/pc_loss': 0.0006316897924989462, 'training/mean_reward': 0.9457500576972961, 'training/mean_advantage_abs': 0.049638789147138596}
{'eval/num_episodes': 200, 'eval/mean_score': np.float64(0.949), 'eval/std_score': np.float64(0.05), 'eval/mean_episode_length': np.float64(1.0)}
{'training/total_steps': 14000, 'training/updates': 7, 'training/walltime': np.float64(2.382), 'training/update_time': np.float64(0.111), 'training/pc_loss': 0.0006254646577872336, 'training/mean_reward': 0.9519999027252197, 'training/mean_advantage_abs': 0.049920015037059784}
{'eval/num_episodes': 200, 'eval/mean_score': np.float64(0.9595), 'eval/std_score': np.float64(0.0491), 'eval/mean_episode_length': np.float64(1.0)}
{'training/total_steps': 16000, 'training/updates': 8, 'training/walltime': np.float64(2.489), 'training/update_time': np.float64(0.106), 'training/pc_loss': 0.0006435000104829669, 'training/mean_reward': 0.95660001039505, 'training/mean_advantage_abs': 0.049128830432891846}
{'eval/num_episodes': 200, 'eval/mean_score': np.float64(0.9585), 'eval/std_score': np.float64(0.0493), 'eval/mean_episode_length': np.float64(1.0)}
{'training/total_steps': 18000, 'training/updates': 9, 'training/walltime': np.float64(2.596), 'training/update_time': np.float64(0.107), 'training/pc_loss': 0.0006845433381386101, 'training/mean_reward': 0.9606000185012817, 'training/mean_advantage_abs': 0.047752805054187775}
{'eval/num_episodes': 200, 'eval/mean_score': np.float64(0.966), 'eval/std_score': np.float64(0.0474), 'eval/mean_episode_length': np.float64(1.0)}
{'training/total_steps': 20000, 'training/updates': 10, 'training/walltime': np.float64(2.703), 'training/update_time': np.float64(0.106), 'training/pc_loss': 0.0007277728873305023, 'training/mean_reward': 0.9685499668121338, 'training/mean_advantage_abs': 0.04311797395348549}
{'eval/num_episodes': 200, 'eval/mean_score': np.float64(0.968), 'eval/std_score': np.float64(0.0466), 'eval/mean_episode_length': np.float64(1.0)}
{'training/total_steps': 22000, 'training/updates': 11, 'training/walltime': np.float64(2.811), 'training/update_time': np.float64(0.108), 'training/pc_loss': 0.0007934008608572185, 'training/mean_reward': 0.97079998254776, 'training/mean_advantage_abs': 0.04134722426533699}
{'eval/num_episodes': 200, 'eval/mean_score': np.float64(0.978), 'eval/std_score': np.float64(0.0414), 'eval/mean_episode_length': np.float64(1.0)}
{'training/total_steps': 24000, 'training/updates': 12, 'training/walltime': np.float64(2.916), 'training/update_time': np.float64(0.104), 'training/pc_loss': 0.0008263451745733619, 'training/mean_reward': 0.9758000373840332, 'training/mean_advantage_abs': 0.03668718785047531}
{'eval/num_episodes': 200, 'eval/mean_score': np.float64(0.9815), 'eval/std_score': np.float64(0.0388), 'eval/mean_episode_length': np.float64(1.0)}
{'training/total_steps': 26000, 'training/updates': 13, 'training/walltime': np.float64(3.026), 'training/update_time': np.float64(0.109), 'training/pc_loss': 0.0008165547042153776, 'training/mean_reward': 0.9807500243186951, 'training/mean_advantage_abs': 0.03108873777091503}
{'eval/num_episodes': 200, 'eval/mean_score': np.float64(0.985), 'eval/std_score': np.float64(0.0357), 'eval/mean_episode_length': np.float64(1.0)}
{'training/total_steps': 28000, 'training/updates': 14, 'training/walltime': np.float64(3.136), 'training/update_time': np.float64(0.109), 'training/pc_loss': 0.0008162018493749201, 'training/mean_reward': 0.9834000468254089, 'training/mean_advantage_abs': 0.02768877148628235}
{'eval/num_episodes': 200, 'eval/mean_score': np.float64(0.9875), 'eval/std_score': np.float64(0.0331), 'eval/mean_episode_length': np.float64(1.0)}
{'training/total_steps': 30000, 'training/updates': 15, 'training/walltime': np.float64(3.244), 'training/update_time': np.float64(0.107), 'training/pc_loss': 0.0007195288199000061, 'training/mean_reward': 0.9876500964164734, 'training/mean_advantage_abs': 0.02164948172867298}
{'eval/num_episodes': 200, 'eval/mean_score': np.float64(0.99), 'eval/std_score': np.float64(0.03), 'eval/mean_episode_length': np.float64(1.0)}
{'training/total_steps': 32000, 'training/updates': 16, 'training/walltime': np.float64(3.347), 'training/update_time': np.float64(0.103), 'training/pc_loss': 0.0006150846020318568, 'training/mean_reward': 0.9907001256942749, 'training/mean_advantage_abs': 0.016870101913809776}
{'eval/num_episodes': 200, 'eval/mean_score': np.float64(0.9895), 'eval/std_score': np.float64(0.0307), 'eval/mean_episode_length': np.float64(1.0)}
{'training/total_steps': 34000, 'training/updates': 17, 'training/walltime': np.float64(3.455), 'training/update_time': np.float64(0.107), 'training/pc_loss': 0.0005764844827353954, 'training/mean_reward': 0.9919000864028931, 'training/mean_advantage_abs': 0.014887731522321701}
{'eval/num_episodes': 200, 'eval/mean_score': np.float64(0.995), 'eval/std_score': np.float64(0.0218), 'eval/mean_episode_length': np.float64(1.0)}
{'training/total_steps': 36000, 'training/updates': 18, 'training/walltime': np.float64(3.567), 'training/update_time': np.float64(0.111), 'training/pc_loss': 0.0005002849502488971, 'training/mean_reward': 0.9934500455856323, 'training/mean_advantage_abs': 0.012241911143064499}
{'eval/num_episodes': 200, 'eval/mean_score': np.float64(0.9925), 'eval/std_score': np.float64(0.0263), 'eval/mean_episode_length': np.float64(1.0)}
{'training/total_steps': 38000, 'training/updates': 19, 'training/walltime': np.float64(3.672), 'training/update_time': np.float64(0.104), 'training/pc_loss': 0.00036581847234629095, 'training/mean_reward': 0.9955500960350037, 'training/mean_advantage_abs': 0.008503862656652927}
{'eval/num_episodes': 200, 'eval/mean_score': np.float64(0.9965), 'eval/std_score': np.float64(0.0184), 'eval/mean_episode_length': np.float64(1.0)}
{'training/total_steps': 40000, 'training/updates': 20, 'training/walltime': np.float64(3.781), 'training/update_time': np.float64(0.108), 'training/pc_loss': 0.00035881681833416224, 'training/mean_reward': 0.9957501888275146, 'training/mean_advantage_abs': 0.00813857652246952}
{'eval/num_episodes': 200, 'eval/mean_score': np.float64(0.9965), 'eval/std_score': np.float64(0.0184), 'eval/mean_episode_length': np.float64(1.0)}
{'training/total_steps': 42000, 'training/updates': 21, 'training/walltime': np.float64(3.887), 'training/update_time': np.float64(0.105), 'training/pc_loss': 0.00026862407685257494, 'training/mean_reward': 0.9969501495361328, 'training/mean_advantage_abs': 0.0059138098731637}
{'eval/num_episodes': 200, 'eval/mean_score': np.float64(0.9995), 'eval/std_score': np.float64(0.0071), 'eval/mean_episode_length': np.float64(1.0)}
{'training/total_steps': 44000, 'training/updates': 22, 'training/walltime': np.float64(3.994), 'training/update_time': np.float64(0.106), 'training/pc_loss': 0.000284746551187709, 'training/mean_reward': 0.9968002438545227, 'training/mean_advantage_abs': 0.006194972433149815}
{'eval/num_episodes': 200, 'eval/mean_score': np.float64(0.9995), 'eval/std_score': np.float64(0.0071), 'eval/mean_episode_length': np.float64(1.0)}
{'training/total_steps': 46000, 'training/updates': 23, 'training/walltime': np.float64(4.1), 'training/update_time': np.float64(0.106), 'training/pc_loss': 0.000215018168091774, 'training/mean_reward': 0.9976500868797302, 'training/mean_advantage_abs': 0.004589468240737915}
{'eval/num_episodes': 200, 'eval/mean_score': np.float64(0.998), 'eval/std_score': np.float64(0.014), 'eval/mean_episode_length': np.float64(1.0)}
{'training/total_steps': 48000, 'training/updates': 24, 'training/walltime': np.float64(4.21), 'training/update_time': np.float64(0.109), 'training/pc_loss': 0.00018579585594125092, 'training/mean_reward': 0.9980000257492065, 'training/mean_advantage_abs': 0.00391997629776597}
{'eval/num_episodes': 200, 'eval/mean_score': np.float64(0.998), 'eval/std_score': np.float64(0.014), 'eval/mean_episode_length': np.float64(1.0)}
{'training/total_steps': 50000, 'training/updates': 25, 'training/walltime': np.float64(4.317), 'training/update_time': np.float64(0.106), 'training/pc_loss': 0.00013707242032978684, 'training/mean_reward': 0.9985501170158386, 'training/mean_advantage_abs': 0.0028578368946909904}
{'eval/num_episodes': 200, 'eval/mean_score': np.float64(0.999), 'eval/std_score': np.float64(0.0099), 'eval/mean_episode_length': np.float64(1.0)}
{'training/total_steps': 52000, 'training/updates': 26, 'training/walltime': np.float64(4.425), 'training/update_time': np.float64(0.108), 'training/pc_loss': 0.00011457145592430606, 'training/mean_reward': 0.9988000988960266, 'training/mean_advantage_abs': 0.0023711039684712887}
{'eval/num_episodes': 200, 'eval/mean_score': np.float64(1.0), 'eval/std_score': np.float64(0.0), 'eval/mean_episode_length': np.float64(1.0)}
{'training/total_steps': 54000, 'training/updates': 27, 'training/walltime': np.float64(4.552), 'training/update_time': np.float64(0.126), 'training/pc_loss': 6.776922236895189e-05, 'training/mean_reward': 0.9993001222610474, 'training/mean_advantage_abs': 0.0013900797348469496}
{'eval/num_episodes': 200, 'eval/mean_score': np.float64(0.999), 'eval/std_score': np.float64(0.0099), 'eval/mean_episode_length': np.float64(1.0)}
{'training/total_steps': 56000, 'training/updates': 28, 'training/walltime': np.float64(4.679), 'training/update_time': np.float64(0.125), 'training/pc_loss': 6.797169044148177e-05, 'training/mean_reward': 0.9993001222610474, 'training/mean_advantage_abs': 0.0013900797348469496}
{'eval/num_episodes': 200, 'eval/mean_score': np.float64(0.999), 'eval/std_score': np.float64(0.0099), 'eval/mean_episode_length': np.float64(1.0)}
{'training/total_steps': 58000, 'training/updates': 29, 'training/walltime': np.float64(4.787), 'training/update_time': np.float64(0.107), 'training/pc_loss': 3.916849527740851e-05, 'training/mean_reward': 0.9996000528335571, 'training/mean_advantage_abs': 0.000796747743152082}
{'eval/num_episodes': 200, 'eval/mean_score': np.float64(1.0), 'eval/std_score': np.float64(0.0), 'eval/mean_episode_length': np.float64(1.0)}
{'training/total_steps': 60000, 'training/updates': 30, 'training/walltime': np.float64(4.896), 'training/update_time': np.float64(0.109), 'training/pc_loss': 5.379544381867163e-05, 'training/mean_reward': 0.999450147151947, 'training/mean_advantage_abs': 0.0010938046034425497}
{'eval/num_episodes': 200, 'eval/mean_score': np.float64(0.999), 'eval/std_score': np.float64(0.0099), 'eval/mean_episode_length': np.float64(1.0)}
TRAINING END: training duration: 4.900274038314819
