|param: value|
|experiment_name:  trpo_procgen|
|seed:  7|
|platform:  cpu|
|write_logs_to_file:  False|
|save_model:  False|
|env_name:  bandit|
|num_envs:  8|
|num_train_levels:  200|
|distribution_mode:  easy|
|arm_means:  (1.0, 0.9)|
|deterministic_rewards:  True|
|eval_env:  True|
|num_eval_episodes:  200|
|eval_every:  1|
|deterministic_eval:  False|
|normalize_observations:  True|
|total_timesteps:  60000|
|learning_rate:  0.01|
|unroll_length:  250|
|anneal_lr:  False|
|gamma:  0.99|
|gae_lambda:  0.95|
|batch_size:  1|
|num_minibatches:  8|
|update_epochs:  10|
|normalize_advantages:  True|
|target_kl:  0.01|
|cg_damping:  0.1|
|cg_max_iterations:  10|
|line_search_max_iter:  10|
|line_search_shrinking_factor:  0.8|
|vf_cost:  1.0|
|max_grad_norm:  0.5|
|reward_scaling:  1.0|
|use_cnn:  False|
|policy_hidden_layer_sizes:  ()|
|value_hidden_layer_sizes:  ()|
|activation:  <jax._src.custom_derivatives.custom_jvp object at 0x10ed988d0>|
|policy_init_logit_bias:  [0.0, 1.0]|
|entropy_cost:  0.0|
{'training/total_steps': 2000, 'training/updates': 1, 'training/sps': np.float64(1473.844), 'training/walltime': np.float64(1.357), 'training/rollout_time': np.float64(0.123), 'training/update_time': np.float64(1.234), 'training/iterations': 1.0, 'training/kl_div': 0.008987074717879295, 'training/line_search_success': 1.0, 'training/new_policy_objective': 0.6605532169342041, 'training/policy_objective': 0.5160431861877441, 'training/value_loss': 0.0133243128657341}
{'eval/num_episodes': 200, 'eval/num_steps': 200, 'eval/mean_score': np.float64(0.981), 'eval/std_score': np.float64(0.039), 'eval/mean_episode_length': np.float64(1.0), 'eval/std_episode_length': np.float64(0.0), 'eval/eval_time': 0.1048891544342041}
{'training/total_steps': 4000, 'training/updates': 2, 'training/sps': np.float64(20092.234), 'training/walltime': np.float64(1.581), 'training/rollout_time': np.float64(0.096), 'training/update_time': np.float64(0.003), 'training/iterations': 1.0, 'training/kl_div': 0.005960363429039717, 'training/line_search_success': 1.0, 'training/new_policy_objective': 0.3779824376106262, 'training/policy_objective': 0.31240183115005493, 'training/value_loss': 0.0010308896889910102}
{'eval/num_episodes': 200, 'eval/num_steps': 200, 'eval/mean_score': np.float64(1.0), 'eval/std_score': np.float64(0.0), 'eval/mean_episode_length': np.float64(1.0), 'eval/std_episode_length': np.float64(0.0), 'eval/eval_time': 0.07683491706848145}
{'training/total_steps': 6000, 'training/updates': 3, 'training/sps': np.float64(20290.765), 'training/walltime': np.float64(1.757), 'training/rollout_time': np.float64(0.095), 'training/update_time': np.float64(0.003), 'training/iterations': 1.0, 'training/kl_div': nan, 'training/line_search_success': 0.75, 'training/new_policy_objective': nan, 'training/policy_objective': 0.041286028921604156, 'training/value_loss': 4.881405402556993e-05}
{'eval/num_episodes': 200, 'eval/num_steps': 200, 'eval/mean_score': np.float64(1.0), 'eval/std_score': np.float64(0.0), 'eval/mean_episode_length': np.float64(1.0), 'eval/std_episode_length': np.float64(0.0), 'eval/eval_time': 0.07176589965820312}
{'training/total_steps': 8000, 'training/updates': 4, 'training/sps': np.float64(19862.544), 'training/walltime': np.float64(1.93), 'training/rollout_time': np.float64(0.097), 'training/update_time': np.float64(0.003), 'training/iterations': 1.0, 'training/kl_div': 0.0004396431031636894, 'training/line_search_success': 1.0, 'training/new_policy_objective': -0.28241461515426636, 'training/policy_objective': -0.6649050116539001, 'training/value_loss': 2.531482095946558e-06}
{'eval/num_episodes': 200, 'eval/num_steps': 200, 'eval/mean_score': np.float64(1.0), 'eval/std_score': np.float64(0.0), 'eval/mean_episode_length': np.float64(1.0), 'eval/std_episode_length': np.float64(0.0), 'eval/eval_time': 0.07556796073913574}
{'training/total_steps': 10000, 'training/updates': 5, 'training/sps': np.float64(20114.251), 'training/walltime': np.float64(2.106), 'training/rollout_time': np.float64(0.096), 'training/update_time': np.float64(0.003), 'training/iterations': 1.0, 'training/kl_div': 0.0032305256463587284, 'training/line_search_success': 1.0, 'training/new_policy_objective': -0.014537137001752853, 'training/policy_objective': -0.052506834268569946, 'training/value_loss': 9.983454219764099e-06}
{'eval/num_episodes': 200, 'eval/num_steps': 200, 'eval/mean_score': np.float64(0.998), 'eval/std_score': np.float64(0.014), 'eval/mean_episode_length': np.float64(1.0), 'eval/std_episode_length': np.float64(0.0), 'eval/eval_time': 0.07307124137878418}
{'training/total_steps': 12000, 'training/updates': 6, 'training/sps': np.float64(20206.064), 'training/walltime': np.float64(2.278), 'training/rollout_time': np.float64(0.096), 'training/update_time': np.float64(0.003), 'training/iterations': 1.0, 'training/kl_div': 0.0015555745922029018, 'training/line_search_success': 1.0, 'training/new_policy_objective': 0.1315779983997345, 'training/policy_objective': 0.1094820648431778, 'training/value_loss': 0.00012467864144127816}
{'eval/num_episodes': 200, 'eval/num_steps': 200, 'eval/mean_score': np.float64(1.0), 'eval/std_score': np.float64(0.0), 'eval/mean_episode_length': np.float64(1.0), 'eval/std_episode_length': np.float64(0.0), 'eval/eval_time': 0.06865906715393066}
{'training/total_steps': 14000, 'training/updates': 7, 'training/sps': np.float64(20451.939), 'training/walltime': np.float64(2.445), 'training/rollout_time': np.float64(0.095), 'training/update_time': np.float64(0.003), 'training/iterations': 1.0, 'training/kl_div': 0.0017016963101923466, 'training/line_search_success': 1.0, 'training/new_policy_objective': -0.02251545339822769, 'training/policy_objective': -0.02263614349067211, 'training/value_loss': 3.0880411827638454e-07}
{'eval/num_episodes': 200, 'eval/num_steps': 200, 'eval/mean_score': np.float64(0.998), 'eval/std_score': np.float64(0.012), 'eval/mean_episode_length': np.float64(1.0), 'eval/std_episode_length': np.float64(0.0), 'eval/eval_time': 0.07190990447998047}
{'training/total_steps': 16000, 'training/updates': 8, 'training/sps': np.float64(19821.993), 'training/walltime': np.float64(2.618), 'training/rollout_time': np.float64(0.098), 'training/update_time': np.float64(0.003), 'training/iterations': 1.0, 'training/kl_div': 0.0018865768797695637, 'training/line_search_success': 1.0, 'training/new_policy_objective': 0.16909712553024292, 'training/policy_objective': 0.14214487373828888, 'training/value_loss': 0.00019525985408108681}
{'eval/num_episodes': 200, 'eval/num_steps': 200, 'eval/mean_score': np.float64(1.0), 'eval/std_score': np.float64(0.0), 'eval/mean_episode_length': np.float64(1.0), 'eval/std_episode_length': np.float64(0.0), 'eval/eval_time': 0.07583117485046387}
{'training/total_steps': 18000, 'training/updates': 9, 'training/sps': np.float64(15733.281), 'training/walltime': np.float64(2.822), 'training/rollout_time': np.float64(0.124), 'training/update_time': np.float64(0.003), 'training/iterations': 1.0, 'training/kl_div': 0.002122444799169898, 'training/line_search_success': 1.0, 'training/new_policy_objective': -0.02243061363697052, 'training/policy_objective': -0.022587578743696213, 'training/value_loss': 4.807279196938907e-07}
{'eval/num_episodes': 200, 'eval/num_steps': 200, 'eval/mean_score': np.float64(0.992), 'eval/std_score': np.float64(0.026), 'eval/mean_episode_length': np.float64(1.0), 'eval/std_episode_length': np.float64(0.0), 'eval/eval_time': 0.07516884803771973}
{'training/total_steps': 20000, 'training/updates': 10, 'training/sps': np.float64(19123.388), 'training/walltime': np.float64(3.002), 'training/rollout_time': np.float64(0.1), 'training/update_time': np.float64(0.004), 'training/iterations': 1.0, 'training/kl_div': 0.002306903712451458, 'training/line_search_success': 1.0, 'training/new_policy_objective': 0.20866863429546356, 'training/policy_objective': 0.17817538976669312, 'training/value_loss': 0.0002766538818832487}
{'eval/num_episodes': 200, 'eval/num_steps': 200, 'eval/mean_score': np.float64(1.0), 'eval/std_score': np.float64(0.0), 'eval/mean_episode_length': np.float64(1.0), 'eval/std_episode_length': np.float64(0.0), 'eval/eval_time': 0.07290005683898926}
{'training/total_steps': 22000, 'training/updates': 11, 'training/sps': np.float64(19466.063), 'training/walltime': np.float64(3.178), 'training/rollout_time': np.float64(0.099), 'training/update_time': np.float64(0.004), 'training/iterations': 1.0, 'training/kl_div': 0.00265701487660408, 'training/line_search_success': 1.0, 'training/new_policy_objective': -0.04361621290445328, 'training/policy_objective': -0.04402075707912445, 'training/value_loss': 1.3571892623076565e-06}
{'eval/num_episodes': 200, 'eval/num_steps': 200, 'eval/mean_score': np.float64(0.992), 'eval/std_score': np.float64(0.027), 'eval/mean_episode_length': np.float64(1.0), 'eval/std_episode_length': np.float64(0.0), 'eval/eval_time': 0.06979084014892578}
{'training/total_steps': 24000, 'training/updates': 12, 'training/sps': np.float64(18608.972), 'training/walltime': np.float64(3.356), 'training/rollout_time': np.float64(0.104), 'training/update_time': np.float64(0.003), 'training/iterations': 1.0, 'training/kl_div': 0.002832364523783326, 'training/line_search_success': 1.0, 'training/new_policy_objective': 0.21690458059310913, 'training/policy_objective': 0.18223899602890015, 'training/value_loss': 0.00031208994914777577}
{'eval/num_episodes': 200, 'eval/num_steps': 200, 'eval/mean_score': np.float64(1.0), 'eval/std_score': np.float64(0.0), 'eval/mean_episode_length': np.float64(1.0), 'eval/std_episode_length': np.float64(0.0), 'eval/eval_time': 0.07092714309692383}
{'training/total_steps': 26000, 'training/updates': 13, 'training/sps': np.float64(20604.553), 'training/walltime': np.float64(3.524), 'training/rollout_time': np.float64(0.094), 'training/update_time': np.float64(0.003), 'training/iterations': 1.0, 'training/kl_div': 0.0033184452913701534, 'training/line_search_success': 1.0, 'training/new_policy_objective': -0.043248433619737625, 'training/policy_objective': -0.04378525912761688, 'training/value_loss': 1.5517136944254162e-06}
{'eval/num_episodes': 200, 'eval/num_steps': 200, 'eval/mean_score': np.float64(0.991), 'eval/std_score': np.float64(0.029), 'eval/mean_episode_length': np.float64(1.0), 'eval/std_episode_length': np.float64(0.0), 'eval/eval_time': 0.07094097137451172}
{'training/total_steps': 28000, 'training/updates': 14, 'training/sps': np.float64(20042.692), 'training/walltime': np.float64(3.695), 'training/rollout_time': np.float64(0.097), 'training/update_time': np.float64(0.003), 'training/iterations': 1.0, 'training/kl_div': 0.0034725794102996588, 'training/line_search_success': 1.0, 'training/new_policy_objective': 0.25411707162857056, 'training/policy_objective': 0.21384935081005096, 'training/value_loss': 0.00042290586861781776}
{'eval/num_episodes': 200, 'eval/num_steps': 200, 'eval/mean_score': np.float64(1.0), 'eval/std_score': np.float64(0.0), 'eval/mean_episode_length': np.float64(1.0), 'eval/std_episode_length': np.float64(0.0), 'eval/eval_time': 0.07842206954956055}
{'training/total_steps': 30000, 'training/updates': 15, 'training/sps': np.float64(20546.717), 'training/walltime': np.float64(3.872), 'training/rollout_time': np.float64(0.094), 'training/update_time': np.float64(0.003), 'training/iterations': 1.0, 'training/kl_div': 0.004108622670173645, 'training/line_search_success': 1.0, 'training/new_policy_objective': -0.08177749812602997, 'training/policy_objective': -0.08313975483179092, 'training/value_loss': 3.4567299280752195e-06}
{'eval/num_episodes': 200, 'eval/num_steps': 200, 'eval/mean_score': np.float64(0.985), 'eval/std_score': np.float64(0.035), 'eval/mean_episode_length': np.float64(1.0), 'eval/std_episode_length': np.float64(0.0), 'eval/eval_time': 0.07541489601135254}
{'training/total_steps': 32000, 'training/updates': 16, 'training/sps': np.float64(19475.328), 'training/walltime': np.float64(4.05), 'training/rollout_time': np.float64(0.099), 'training/update_time': np.float64(0.003), 'training/iterations': 1.0, 'training/kl_div': 0.004223107360303402, 'training/line_search_success': 1.0, 'training/new_policy_objective': 0.27423545718193054, 'training/policy_objective': 0.22890716791152954, 'training/value_loss': 0.0004942346713505685}
{'eval/num_episodes': 200, 'eval/num_steps': 200, 'eval/mean_score': np.float64(1.0), 'eval/std_score': np.float64(0.0), 'eval/mean_episode_length': np.float64(1.0), 'eval/std_episode_length': np.float64(0.0), 'eval/eval_time': 0.06950688362121582}
{'training/total_steps': 34000, 'training/updates': 17, 'training/sps': np.float64(19942.014), 'training/walltime': np.float64(4.22), 'training/rollout_time': np.float64(0.095), 'training/update_time': np.float64(0.005), 'training/iterations': 1.0, 'training/kl_div': nan, 'training/line_search_success': 0.5, 'training/new_policy_objective': nan, 'training/policy_objective': 0.021181751042604446, 'training/value_loss': 1.6635489373584278e-05}
{'eval/num_episodes': 200, 'eval/num_steps': 200, 'eval/mean_score': np.float64(1.0), 'eval/std_score': np.float64(0.0), 'eval/mean_episode_length': np.float64(1.0), 'eval/std_episode_length': np.float64(0.0), 'eval/eval_time': 0.07213616371154785}
{'training/total_steps': 36000, 'training/updates': 18, 'training/sps': np.float64(20345.687), 'training/walltime': np.float64(4.391), 'training/rollout_time': np.float64(0.095), 'training/update_time': np.float64(0.003), 'training/iterations': 1.0, 'training/kl_div': 0.0011544430162757635, 'training/line_search_success': 1.0, 'training/new_policy_objective': -0.0014438402140513062, 'training/policy_objective': -0.0014487853040918708, 'training/value_loss': 2.9527360556613758e-09}
{'eval/num_episodes': 200, 'eval/num_steps': 200, 'eval/mean_score': np.float64(0.996), 'eval/std_score': np.float64(0.02), 'eval/mean_episode_length': np.float64(1.0), 'eval/std_episode_length': np.float64(0.0), 'eval/eval_time': 0.07209205627441406}
{'training/total_steps': 38000, 'training/updates': 19, 'training/sps': np.float64(19873.414), 'training/walltime': np.float64(4.564), 'training/rollout_time': np.float64(0.097), 'training/update_time': np.float64(0.003), 'training/iterations': 1.0, 'training/kl_div': 0.0013258068356662989, 'training/line_search_success': 1.0, 'training/new_policy_objective': 0.13844764232635498, 'training/policy_objective': 0.11810317635536194, 'training/value_loss': 0.0001246351603185758}
{'eval/num_episodes': 200, 'eval/num_steps': 200, 'eval/mean_score': np.float64(1.0), 'eval/std_score': np.float64(0.0), 'eval/mean_episode_length': np.float64(1.0), 'eval/std_episode_length': np.float64(0.0), 'eval/eval_time': 0.07147765159606934}
{'training/total_steps': 40000, 'training/updates': 20, 'training/sps': np.float64(20022.647), 'training/walltime': np.float64(4.736), 'training/rollout_time': np.float64(0.097), 'training/update_time': np.float64(0.003), 'training/iterations': 1.0, 'training/kl_div': 0.0014125914312899113, 'training/line_search_success': 1.0, 'training/new_policy_objective': -0.02256697043776512, 'training/policy_objective': -0.022664260119199753, 'training/value_loss': 2.3105688740088226e-07}
{'eval/num_episodes': 200, 'eval/num_steps': 200, 'eval/mean_score': np.float64(0.997), 'eval/std_score': np.float64(0.017), 'eval/mean_episode_length': np.float64(1.0), 'eval/std_episode_length': np.float64(0.0), 'eval/eval_time': 0.06996297836303711}
{'training/total_steps': 42000, 'training/updates': 21, 'training/sps': np.float64(19454.506), 'training/walltime': np.float64(4.909), 'training/rollout_time': np.float64(0.099), 'training/update_time': np.float64(0.004), 'training/iterations': 1.0, 'training/kl_div': 0.0015928605571389198, 'training/line_search_success': 1.0, 'training/new_policy_objective': 0.14908452332019806, 'training/policy_objective': 0.12813323736190796, 'training/value_loss': 0.0001435553713236004}
{'eval/num_episodes': 200, 'eval/num_steps': 200, 'eval/mean_score': np.float64(1.0), 'eval/std_score': np.float64(0.0), 'eval/mean_episode_length': np.float64(1.0), 'eval/std_episode_length': np.float64(0.0), 'eval/eval_time': 0.07451868057250977}
{'training/total_steps': 44000, 'training/updates': 22, 'training/sps': np.float64(19915.17), 'training/walltime': np.float64(5.085), 'training/rollout_time': np.float64(0.097), 'training/update_time': np.float64(0.003), 'training/iterations': 1.0, 'training/kl_div': 0.001748927985318005, 'training/line_search_success': 1.0, 'training/new_policy_objective': -0.022506531327962875, 'training/policy_objective': -0.02263115718960762, 'training/value_loss': 2.412879496205278e-07}
{'eval/num_episodes': 200, 'eval/num_steps': 200, 'eval/mean_score': np.float64(0.995), 'eval/std_score': np.float64(0.022), 'eval/mean_episode_length': np.float64(1.0), 'eval/std_episode_length': np.float64(0.0), 'eval/eval_time': 0.07246112823486328}
{'training/total_steps': 46000, 'training/updates': 23, 'training/sps': np.float64(20295.33), 'training/walltime': np.float64(5.256), 'training/rollout_time': np.float64(0.095), 'training/update_time': np.float64(0.003), 'training/iterations': 1.0, 'training/kl_div': 0.001934140920639038, 'training/line_search_success': 1.0, 'training/new_policy_objective': 0.18613502383232117, 'training/policy_objective': 0.15781201422214508, 'training/value_loss': 0.0002249816170660779}
{'eval/num_episodes': 200, 'eval/num_steps': 200, 'eval/mean_score': np.float64(1.0), 'eval/std_score': np.float64(0.0), 'eval/mean_episode_length': np.float64(1.0), 'eval/std_episode_length': np.float64(0.0), 'eval/eval_time': 0.07395195960998535}
{'training/total_steps': 48000, 'training/updates': 24, 'training/sps': np.float64(18678.542), 'training/walltime': np.float64(5.438), 'training/rollout_time': np.float64(0.101), 'training/update_time': np.float64(0.006), 'training/iterations': 1.0, 'training/kl_div': nan, 'training/line_search_success': 0.125, 'training/new_policy_objective': nan, 'training/policy_objective': -1.907348723406699e-09, 'training/value_loss': 3.246653022870305e-06}
{'eval/num_episodes': 200, 'eval/num_steps': 200, 'eval/mean_score': np.float64(1.0), 'eval/std_score': np.float64(0.0), 'eval/mean_episode_length': np.float64(1.0), 'eval/std_episode_length': np.float64(0.0), 'eval/eval_time': 0.0716238021850586}
{'training/total_steps': 50000, 'training/updates': 25, 'training/sps': np.float64(19736.09), 'training/walltime': np.float64(5.611), 'training/rollout_time': np.float64(0.098), 'training/update_time': np.float64(0.003), 'training/iterations': 1.0, 'training/kl_div': 2.4841492631821893e-06, 'training/line_search_success': 1.0, 'training/new_policy_objective': 0.0001818723394535482, 'training/policy_objective': 0.00018187145178671926, 'training/value_loss': 2.9024760025975205e-11}
{'eval/num_episodes': 200, 'eval/num_steps': 200, 'eval/mean_score': np.float64(1.0), 'eval/std_score': np.float64(0.0), 'eval/mean_episode_length': np.float64(1.0), 'eval/std_episode_length': np.float64(0.0), 'eval/eval_time': 0.07392716407775879}
{'training/total_steps': 52000, 'training/updates': 26, 'training/sps': np.float64(19223.393), 'training/walltime': np.float64(5.79), 'training/rollout_time': np.float64(0.101), 'training/update_time': np.float64(0.003), 'training/iterations': 1.0, 'training/kl_div': nan, 'training/line_search_success': 0.125, 'training/new_policy_objective': nan, 'training/policy_objective': -2.8421636670827866e-06, 'training/value_loss': 4.618528036550535e-15}
{'eval/num_episodes': 200, 'eval/num_steps': 200, 'eval/mean_score': np.float64(1.0), 'eval/std_score': np.float64(0.0), 'eval/mean_episode_length': np.float64(1.0), 'eval/std_episode_length': np.float64(0.0), 'eval/eval_time': 0.07247710227966309}
{'training/total_steps': 54000, 'training/updates': 27, 'training/sps': np.float64(20641.311), 'training/walltime': np.float64(5.959), 'training/rollout_time': np.float64(0.094), 'training/update_time': np.float64(0.003), 'training/iterations': 1.0, 'training/kl_div': nan, 'training/line_search_success': 0.0, 'training/new_policy_objective': nan, 'training/policy_objective': 0.0, 'training/value_loss': 0.0}
{'eval/num_episodes': 200, 'eval/num_steps': 200, 'eval/mean_score': np.float64(1.0), 'eval/std_score': np.float64(0.0), 'eval/mean_episode_length': np.float64(1.0), 'eval/std_episode_length': np.float64(0.0), 'eval/eval_time': 0.07213211059570312}
{'training/total_steps': 56000, 'training/updates': 28, 'training/sps': np.float64(20334.738), 'training/walltime': np.float64(6.13), 'training/rollout_time': np.float64(0.095), 'training/update_time': np.float64(0.003), 'training/iterations': 1.0, 'training/kl_div': nan, 'training/line_search_success': 0.0, 'training/new_policy_objective': nan, 'training/policy_objective': 0.0, 'training/value_loss': 0.0}
{'eval/num_episodes': 200, 'eval/num_steps': 200, 'eval/mean_score': np.float64(1.0), 'eval/std_score': np.float64(0.0), 'eval/mean_episode_length': np.float64(1.0), 'eval/std_episode_length': np.float64(0.0), 'eval/eval_time': 0.0712277889251709}
{'training/total_steps': 58000, 'training/updates': 29, 'training/sps': np.float64(20246.395), 'training/walltime': np.float64(6.301), 'training/rollout_time': np.float64(0.096), 'training/update_time': np.float64(0.003), 'training/iterations': 1.0, 'training/kl_div': nan, 'training/line_search_success': 0.0, 'training/new_policy_objective': nan, 'training/policy_objective': 0.0, 'training/value_loss': 0.0}
{'eval/num_episodes': 200, 'eval/num_steps': 200, 'eval/mean_score': np.float64(1.0), 'eval/std_score': np.float64(0.0), 'eval/mean_episode_length': np.float64(1.0), 'eval/std_episode_length': np.float64(0.0), 'eval/eval_time': 0.06934404373168945}
{'training/total_steps': 60000, 'training/updates': 30, 'training/sps': np.float64(19715.31), 'training/walltime': np.float64(6.472), 'training/rollout_time': np.float64(0.098), 'training/update_time': np.float64(0.003), 'training/iterations': 1.0, 'training/kl_div': nan, 'training/line_search_success': 0.0, 'training/new_policy_objective': nan, 'training/policy_objective': 0.0, 'training/value_loss': 0.0}
{'eval/num_episodes': 200, 'eval/num_steps': 200, 'eval/mean_score': np.float64(1.0), 'eval/std_score': np.float64(0.0), 'eval/mean_episode_length': np.float64(1.0), 'eval/std_episode_length': np.float64(0.0), 'eval/eval_time': 0.07279586791992188}
TRAINING END: training duration: 6.545258045196533
{'final_eval/num_episodes': 200, 'final_eval/num_steps': 200, 'final_eval/mean_score': np.float64(1.0), 'final_eval/std_score': np.float64(0.0), 'final_eval/mean_episode_length': np.float64(1.0), 'final_eval/std_episode_length': np.float64(0.0)}
