|param: value|
|experiment_name:  pc_reinforce|
|seed:  5|
|write_logs_to_file:  False|
|save_model:  False|
|env_name:  bandit|
|num_envs:  8|
|num_train_levels:  200|
|distribution_mode:  easy|
|arm_means:  (1.0, 0.9)|
|deterministic_rewards:  True|
|eval_env:  True|
|num_eval_episodes:  200|
|eval_every:  1|
|total_timesteps:  60000|
|unroll_length:  250|
|learning_rate:  0.01|
|target_scale:  1.0|
|pc_steps_per_update:  1|
|max_t1:  20|
|width:  32|
|depth:  2|
|act_fn:  relu|
|policy_init_logit_bias:  [0.0, 0.0]|
|use_cnn:  False|
|policy_hidden_layer_sizes:  ()|
|value_hidden_layer_sizes:  ()|
|anneal_lr:  False|
|entropy_cost:  0.0|
|deterministic_eval:  False|
|gamma:  0.99|
{'training/total_steps': 2000, 'training/updates': 1, 'training/walltime': np.float64(1.552), 'training/update_time': np.float64(1.552), 'training/pc_loss': 0.0006249603466130793, 'training/mean_reward': 0.9503999948501587, 'training/mean_advantage_abs': 0.049996811896562576}
{'eval/num_episodes': 200, 'eval/mean_score': np.float64(0.9565), 'eval/std_score': np.float64(0.0496), 'eval/mean_episode_length': np.float64(1.0)}
{'training/total_steps': 4000, 'training/updates': 2, 'training/walltime': np.float64(1.823), 'training/update_time': np.float64(0.103), 'training/pc_loss': 0.0006411580834537745, 'training/mean_reward': 0.9566999673843384, 'training/mean_advantage_abs': 0.049102213233709335}
{'eval/num_episodes': 200, 'eval/mean_score': np.float64(0.9625), 'eval/std_score': np.float64(0.0484), 'eval/mean_episode_length': np.float64(1.0)}
{'training/total_steps': 6000, 'training/updates': 3, 'training/walltime': np.float64(1.931), 'training/update_time': np.float64(0.107), 'training/pc_loss': 0.0006855506217107177, 'training/mean_reward': 0.9627500176429749, 'training/mean_advantage_abs': 0.046748772263526917}
{'eval/num_episodes': 200, 'eval/mean_score': np.float64(0.965), 'eval/std_score': np.float64(0.0477), 'eval/mean_episode_length': np.float64(1.0)}
{'training/total_steps': 8000, 'training/updates': 4, 'training/walltime': np.float64(2.031), 'training/update_time': np.float64(0.1), 'training/pc_loss': 0.0007452730787917972, 'training/mean_reward': 0.9681500792503357, 'training/mean_advantage_abs': 0.04341151565313339}
{'eval/num_episodes': 200, 'eval/mean_score': np.float64(0.971), 'eval/std_score': np.float64(0.0454), 'eval/mean_episode_length': np.float64(1.0)}
{'training/total_steps': 10000, 'training/updates': 5, 'training/walltime': np.float64(2.129), 'training/update_time': np.float64(0.097), 'training/pc_loss': 0.0008220809977501631, 'training/mean_reward': 0.9706500768661499, 'training/mean_advantage_abs': 0.04147152975201607}
{'eval/num_episodes': 200, 'eval/mean_score': np.float64(0.9785), 'eval/std_score': np.float64(0.0411), 'eval/mean_episode_length': np.float64(1.0)}
{'training/total_steps': 12000, 'training/updates': 6, 'training/walltime': np.float64(2.293), 'training/update_time': np.float64(0.163), 'training/pc_loss': 0.0008160444558598101, 'training/mean_reward': 0.9787499308586121, 'training/mean_advantage_abs': 0.03346879407763481}
{'eval/num_episodes': 200, 'eval/mean_score': np.float64(0.986), 'eval/std_score': np.float64(0.0347), 'eval/mean_episode_length': np.float64(1.0)}
{'training/total_steps': 14000, 'training/updates': 7, 'training/walltime': np.float64(2.397), 'training/update_time': np.float64(0.104), 'training/pc_loss': 0.000858966785017401, 'training/mean_reward': 0.9807500243186951, 'training/mean_advantage_abs': 0.03108873963356018}
{'eval/num_episodes': 200, 'eval/mean_score': np.float64(0.988), 'eval/std_score': np.float64(0.0325), 'eval/mean_episode_length': np.float64(1.0)}
{'training/total_steps': 16000, 'training/updates': 8, 'training/walltime': np.float64(2.502), 'training/update_time': np.float64(0.104), 'training/pc_loss': 0.0007395988795906305, 'training/mean_reward': 0.9868000149726868, 'training/mean_advantage_abs': 0.02291519194841385}
{'eval/num_episodes': 200, 'eval/mean_score': np.float64(0.989), 'eval/std_score': np.float64(0.0313), 'eval/mean_episode_length': np.float64(1.0)}
{'training/total_steps': 18000, 'training/updates': 9, 'training/walltime': np.float64(2.608), 'training/update_time': np.float64(0.105), 'training/pc_loss': 0.0007039025076664984, 'training/mean_reward': 0.9888001680374146, 'training/mean_advantage_abs': 0.019891075789928436}
{'eval/num_episodes': 200, 'eval/mean_score': np.float64(0.9885), 'eval/std_score': np.float64(0.0319), 'eval/mean_episode_length': np.float64(1.0)}
{'training/total_steps': 20000, 'training/updates': 10, 'training/walltime': np.float64(2.711), 'training/update_time': np.float64(0.103), 'training/pc_loss': 0.0005845716223120689, 'training/mean_reward': 0.9917500615119934, 'training/mean_advantage_abs': 0.015138703398406506}
{'eval/num_episodes': 200, 'eval/mean_score': np.float64(0.9945), 'eval/std_score': np.float64(0.0228), 'eval/mean_episode_length': np.float64(1.0)}
{'training/total_steps': 22000, 'training/updates': 11, 'training/walltime': np.float64(2.814), 'training/update_time': np.float64(0.102), 'training/pc_loss': 0.0005186069174669683, 'training/mean_reward': 0.9932000041007996, 'training/mean_advantage_abs': 0.012675197795033455}
{'eval/num_episodes': 200, 'eval/mean_score': np.float64(0.9965), 'eval/std_score': np.float64(0.0184), 'eval/mean_episode_length': np.float64(1.0)}
{'training/total_steps': 24000, 'training/updates': 12, 'training/walltime': np.float64(2.917), 'training/update_time': np.float64(0.102), 'training/pc_loss': 0.00045244937064126134, 'training/mean_reward': 0.9944002032279968, 'training/mean_advantage_abs': 0.01057262159883976}
{'eval/num_episodes': 200, 'eval/mean_score': np.float64(0.9925), 'eval/std_score': np.float64(0.0263), 'eval/mean_episode_length': np.float64(1.0)}
{'training/total_steps': 26000, 'training/updates': 13, 'training/walltime': np.float64(3.018), 'training/update_time': np.float64(0.1), 'training/pc_loss': 0.00033454151707701385, 'training/mean_reward': 0.9961000680923462, 'training/mean_advantage_abs': 0.007495739962905645}
{'eval/num_episodes': 200, 'eval/mean_score': np.float64(0.9995), 'eval/std_score': np.float64(0.0071), 'eval/mean_episode_length': np.float64(1.0)}
{'training/total_steps': 28000, 'training/updates': 14, 'training/walltime': np.float64(3.117), 'training/update_time': np.float64(0.099), 'training/pc_loss': 0.0002290141419507563, 'training/mean_reward': 0.9974501132965088, 'training/mean_advantage_abs': 0.004969842731952667}
{'eval/num_episodes': 200, 'eval/mean_score': np.float64(0.999), 'eval/std_score': np.float64(0.0099), 'eval/mean_episode_length': np.float64(1.0)}
{'training/total_steps': 30000, 'training/updates': 15, 'training/walltime': np.float64(3.217), 'training/update_time': np.float64(0.099), 'training/pc_loss': 0.00021040109277237207, 'training/mean_reward': 0.9977002143859863, 'training/mean_advantage_abs': 0.004493996035307646}
{'eval/num_episodes': 200, 'eval/mean_score': np.float64(0.999), 'eval/std_score': np.float64(0.0099), 'eval/mean_episode_length': np.float64(1.0)}
{'training/total_steps': 32000, 'training/updates': 16, 'training/walltime': np.float64(3.316), 'training/update_time': np.float64(0.098), 'training/pc_loss': 0.0001544712285976857, 'training/mean_reward': 0.9983501434326172, 'training/mean_advantage_abs': 0.0032454112078994513}
{'eval/num_episodes': 200, 'eval/mean_score': np.float64(0.9985), 'eval/std_score': np.float64(0.0122), 'eval/mean_episode_length': np.float64(1.0)}
{'training/total_steps': 34000, 'training/updates': 17, 'training/walltime': np.float64(3.415), 'training/update_time': np.float64(0.099), 'training/pc_loss': 7.675553933950141e-05, 'training/mean_reward': 0.9992001056671143, 'training/mean_advantage_abs': 0.0015870962524786592}
{'eval/num_episodes': 200, 'eval/mean_score': np.float64(0.999), 'eval/std_score': np.float64(0.0099), 'eval/mean_episode_length': np.float64(1.0)}
{'training/total_steps': 36000, 'training/updates': 18, 'training/walltime': np.float64(3.518), 'training/update_time': np.float64(0.102), 'training/pc_loss': 0.00011482751870062202, 'training/mean_reward': 0.9988000988960266, 'training/mean_advantage_abs': 0.0023711039684712887}
{'eval/num_episodes': 200, 'eval/mean_score': np.float64(0.999), 'eval/std_score': np.float64(0.0099), 'eval/mean_episode_length': np.float64(1.0)}
{'training/total_steps': 38000, 'training/updates': 19, 'training/walltime': np.float64(3.627), 'training/update_time': np.float64(0.108), 'training/pc_loss': 8.699974569026381e-05, 'training/mean_reward': 0.9991000294685364, 'training/mean_advantage_abs': 0.0017837713239714503}
{'eval/num_episodes': 200, 'eval/mean_score': np.float64(1.0), 'eval/std_score': np.float64(0.0), 'eval/mean_episode_length': np.float64(1.0)}
{'training/total_steps': 40000, 'training/updates': 20, 'training/walltime': np.float64(3.724), 'training/update_time': np.float64(0.097), 'training/pc_loss': 7.773116522002965e-05, 'training/mean_reward': 0.9992001056671143, 'training/mean_advantage_abs': 0.0015870962524786592}
{'eval/num_episodes': 200, 'eval/mean_score': np.float64(0.9995), 'eval/std_score': np.float64(0.0071), 'eval/mean_episode_length': np.float64(1.0)}
{'training/total_steps': 42000, 'training/updates': 21, 'training/walltime': np.float64(3.829), 'training/update_time': np.float64(0.104), 'training/pc_loss': 5.383851021178998e-05, 'training/mean_reward': 0.999450147151947, 'training/mean_advantage_abs': 0.0010938046034425497}
{'eval/num_episodes': 200, 'eval/mean_score': np.float64(1.0), 'eval/std_score': np.float64(0.0), 'eval/mean_episode_length': np.float64(1.0)}
{'training/total_steps': 44000, 'training/updates': 22, 'training/walltime': np.float64(3.932), 'training/update_time': np.float64(0.103), 'training/pc_loss': 3.9345730328932405e-05, 'training/mean_reward': 0.9996000528335571, 'training/mean_advantage_abs': 0.000796747743152082}
{'eval/num_episodes': 200, 'eval/mean_score': np.float64(1.0), 'eval/std_score': np.float64(0.0), 'eval/mean_episode_length': np.float64(1.0)}
{'training/total_steps': 46000, 'training/updates': 23, 'training/walltime': np.float64(4.03), 'training/update_time': np.float64(0.097), 'training/pc_loss': 4.428289321367629e-05, 'training/mean_reward': 0.9995501041412354, 'training/mean_advantage_abs': 0.0008958469261415303}
{'eval/num_episodes': 200, 'eval/mean_score': np.float64(1.0), 'eval/std_score': np.float64(0.0), 'eval/mean_episode_length': np.float64(1.0)}
{'training/total_steps': 48000, 'training/updates': 24, 'training/walltime': np.float64(4.128), 'training/update_time': np.float64(0.097), 'training/pc_loss': 9.921125638356898e-06, 'training/mean_reward': 0.9999000430107117, 'training/mean_advantage_abs': 0.00019975710893049836}
{'eval/num_episodes': 200, 'eval/mean_score': np.float64(1.0), 'eval/std_score': np.float64(0.0), 'eval/mean_episode_length': np.float64(1.0)}
{'training/total_steps': 50000, 'training/updates': 25, 'training/walltime': np.float64(4.234), 'training/update_time': np.float64(0.105), 'training/pc_loss': 2.9670547519344836e-05, 'training/mean_reward': 0.999700129032135, 'training/mean_advantage_abs': 0.0005980718415230513}
{'eval/num_episodes': 200, 'eval/mean_score': np.float64(0.9995), 'eval/std_score': np.float64(0.0071), 'eval/mean_episode_length': np.float64(1.0)}
{'training/total_steps': 52000, 'training/updates': 26, 'training/walltime': np.float64(4.337), 'training/update_time': np.float64(0.103), 'training/pc_loss': 1.4890453712723684e-05, 'training/mean_reward': 0.9998500943183899, 'training/mean_advantage_abs': 0.0002994560054503381}
{'eval/num_episodes': 200, 'eval/mean_score': np.float64(0.9985), 'eval/std_score': np.float64(0.0122), 'eval/mean_episode_length': np.float64(1.0)}
{'training/total_steps': 54000, 'training/updates': 27, 'training/walltime': np.float64(4.437), 'training/update_time': np.float64(0.099), 'training/pc_loss': 1.984529080800712e-05, 'training/mean_reward': 0.9998000860214233, 'training/mean_advantage_abs': 0.0003991143894381821}
{'eval/num_episodes': 200, 'eval/mean_score': np.float64(0.9995), 'eval/std_score': np.float64(0.0071), 'eval/mean_episode_length': np.float64(1.0)}
{'training/total_steps': 56000, 'training/updates': 28, 'training/walltime': np.float64(4.538), 'training/update_time': np.float64(0.101), 'training/pc_loss': 1.4905777788953856e-05, 'training/mean_reward': 0.9998500347137451, 'training/mean_advantage_abs': 0.0002995154354721308}
{'eval/num_episodes': 200, 'eval/mean_score': np.float64(0.999), 'eval/std_score': np.float64(0.0099), 'eval/mean_episode_length': np.float64(1.0)}
{'training/total_steps': 58000, 'training/updates': 29, 'training/walltime': np.float64(4.638), 'training/update_time': np.float64(0.099), 'training/pc_loss': 9.950927960744593e-06, 'training/mean_reward': 0.9999000430107117, 'training/mean_advantage_abs': 0.00019975710893049836}
{'eval/num_episodes': 200, 'eval/mean_score': np.float64(1.0), 'eval/std_score': np.float64(0.0), 'eval/mean_episode_length': np.float64(1.0)}
{'training/total_steps': 60000, 'training/updates': 30, 'training/walltime': np.float64(4.737), 'training/update_time': np.float64(0.098), 'training/pc_loss': 1.4916118743713014e-05, 'training/mean_reward': 0.9998500347137451, 'training/mean_advantage_abs': 0.0002995154354721308}
{'eval/num_episodes': 200, 'eval/mean_score': np.float64(1.0), 'eval/std_score': np.float64(0.0), 'eval/mean_episode_length': np.float64(1.0)}
TRAINING END: training duration: 4.7374231815338135
