|param: value|
|experiment_name:  reinforce_procgen|
|seed:  5|
|platform:  cpu|
|write_logs_to_file:  False|
|save_model:  False|
|env_name:  bandit|
|num_envs:  1|
|num_train_levels:  200|
|distribution_mode:  easy|
|arm_means:  (1.0, 0.9)|
|deterministic_rewards:  True|
|eval_env:  True|
|num_eval_episodes:  200|
|eval_every:  1|
|deterministic_eval:  False|
|normalize_observations:  True|
|total_timesteps:  60000|
|learning_rate:  0.5|
|optimizer:  sgd|
|unroll_length:  2048|
|anneal_lr:  False|
|gamma:  0.99|
|batch_size:  1|
|num_minibatches:  1|
|update_epochs:  1|
|entropy_cost:  0.0|
|max_grad_norm:  0.5|
|reward_scaling:  1.0|
|use_cnn:  False|
|policy_hidden_layer_sizes:  ()|
|value_hidden_layer_sizes:  ()|
|activation:  <jax._src.custom_derivatives.custom_jvp object at 0x107d999d0>|
|policy_init_logit_bias:  [0.0, 0.0]|
{'training/total_steps': 2000, 'training/updates': 1, 'training/sps': np.float64(1985.388), 'training/walltime': np.float64(1.007), 'training/rollout_time': np.float64(0.422), 'training/update_time': np.float64(0.585), 'training/approx_kl': 0.0, 'training/entropy': 0.693147599697113, 'training/policy_loss': 1.2676626443862915, 'training/total_loss': 2.9412596225738525, 'training/value_loss': 3.347193956375122}
{'eval/num_episodes': 200, 'eval/num_steps': 200, 'eval/mean_score': np.float64(0.958), 'eval/std_score': np.float64(0.049), 'eval/mean_episode_length': np.float64(1.0), 'eval/std_episode_length': np.float64(0.0), 'eval/eval_time': 0.0731351375579834}
{'training/total_steps': 4000, 'training/updates': 2, 'training/sps': np.float64(6226.185), 'training/walltime': np.float64(1.402), 'training/rollout_time': np.float64(0.32), 'training/update_time': np.float64(0.002), 'training/approx_kl': 0.0, 'training/entropy': 0.6930942535400391, 'training/policy_loss': 1.0214122533798218, 'training/total_loss': 2.1095123291015625, 'training/value_loss': 2.1762003898620605}
{'eval/num_episodes': 200, 'eval/num_steps': 200, 'eval/mean_score': np.float64(0.949), 'eval/std_score': np.float64(0.05), 'eval/mean_episode_length': np.float64(1.0), 'eval/std_episode_length': np.float64(0.0), 'eval/eval_time': 0.0704348087310791}
{'training/total_steps': 6000, 'training/updates': 3, 'training/sps': np.float64(5529.677), 'training/walltime': np.float64(1.835), 'training/rollout_time': np.float64(0.36), 'training/update_time': np.float64(0.001), 'training/approx_kl': 0.0, 'training/entropy': 0.6930269002914429, 'training/policy_loss': 0.7760103940963745, 'training/total_loss': 1.404876470565796, 'training/value_loss': 1.2577322721481323}
{'eval/num_episodes': 200, 'eval/num_steps': 200, 'eval/mean_score': np.float64(0.953), 'eval/std_score': np.float64(0.05), 'eval/mean_episode_length': np.float64(1.0), 'eval/std_episode_length': np.float64(0.0), 'eval/eval_time': 0.07353687286376953}
{'training/total_steps': 8000, 'training/updates': 4, 'training/sps': np.float64(5782.906), 'training/walltime': np.float64(2.255), 'training/rollout_time': np.float64(0.344), 'training/update_time': np.float64(0.002), 'training/approx_kl': 0.0, 'training/entropy': 0.6929479837417603, 'training/policy_loss': 0.5317976474761963, 'training/total_loss': 0.8291280269622803, 'training/value_loss': 0.5946608185768127}
{'eval/num_episodes': 200, 'eval/num_steps': 200, 'eval/mean_score': np.float64(0.955), 'eval/std_score': np.float64(0.05), 'eval/mean_episode_length': np.float64(1.0), 'eval/std_episode_length': np.float64(0.0), 'eval/eval_time': 0.07250308990478516}
{'training/total_steps': 10000, 'training/updates': 5, 'training/sps': np.float64(6346.045), 'training/walltime': np.float64(2.643), 'training/rollout_time': np.float64(0.314), 'training/update_time': np.float64(0.001), 'training/approx_kl': 0.0, 'training/entropy': 0.6924806833267212, 'training/policy_loss': 0.28577494621276855, 'training/total_loss': 0.37301141023635864, 'training/value_loss': 0.17447291314601898}
{'eval/num_episodes': 200, 'eval/num_steps': 200, 'eval/mean_score': np.float64(0.949), 'eval/std_score': np.float64(0.05), 'eval/mean_episode_length': np.float64(1.0), 'eval/std_episode_length': np.float64(0.0), 'eval/eval_time': 0.07487010955810547}
{'training/total_steps': 12000, 'training/updates': 6, 'training/sps': np.float64(5920.14), 'training/walltime': np.float64(3.056), 'training/rollout_time': np.float64(0.336), 'training/update_time': np.float64(0.001), 'training/approx_kl': 0.0, 'training/entropy': 0.6917572617530823, 'training/policy_loss': 0.04192627966403961, 'training/total_loss': 0.045248162001371384, 'training/value_loss': 0.006643765140324831}
{'eval/num_episodes': 200, 'eval/num_steps': 200, 'eval/mean_score': np.float64(0.951), 'eval/std_score': np.float64(0.05), 'eval/mean_episode_length': np.float64(1.0), 'eval/std_episode_length': np.float64(0.0), 'eval/eval_time': 0.07280826568603516}
{'training/total_steps': 14000, 'training/updates': 7, 'training/sps': np.float64(6302.088), 'training/walltime': np.float64(3.446), 'training/rollout_time': np.float64(0.316), 'training/update_time': np.float64(0.002), 'training/approx_kl': 0.0, 'training/entropy': 0.690123975276947, 'training/policy_loss': -0.00223357486538589, 'training/total_loss': -0.0009948579827323556, 'training/value_loss': 0.002477433765307069}
{'eval/num_episodes': 200, 'eval/num_steps': 200, 'eval/mean_score': np.float64(0.959), 'eval/std_score': np.float64(0.049), 'eval/mean_episode_length': np.float64(1.0), 'eval/std_episode_length': np.float64(0.0), 'eval/eval_time': 0.07077813148498535}
{'training/total_steps': 16000, 'training/updates': 8, 'training/sps': np.float64(6285.0), 'training/walltime': np.float64(3.836), 'training/rollout_time': np.float64(0.316), 'training/update_time': np.float64(0.002), 'training/approx_kl': 0.0, 'training/entropy': 0.6879082322120667, 'training/policy_loss': -0.0045773363672196865, 'training/total_loss': -0.003345090663060546, 'training/value_loss': 0.002464491408318281}
{'eval/num_episodes': 200, 'eval/num_steps': 200, 'eval/mean_score': np.float64(0.958), 'eval/std_score': np.float64(0.049), 'eval/mean_episode_length': np.float64(1.0), 'eval/std_episode_length': np.float64(0.0), 'eval/eval_time': 0.07459092140197754}
{'training/total_steps': 18000, 'training/updates': 9, 'training/sps': np.float64(5903.621), 'training/walltime': np.float64(4.249), 'training/rollout_time': np.float64(0.337), 'training/update_time': np.float64(0.002), 'training/approx_kl': 0.0, 'training/entropy': 0.6851125955581665, 'training/policy_loss': -0.006952875759452581, 'training/total_loss': -0.005715175066143274, 'training/value_loss': 0.002475401386618614}
{'eval/num_episodes': 200, 'eval/num_steps': 200, 'eval/mean_score': np.float64(0.957), 'eval/std_score': np.float64(0.05), 'eval/mean_episode_length': np.float64(1.0), 'eval/std_episode_length': np.float64(0.0), 'eval/eval_time': 0.07303714752197266}
{'training/total_steps': 20000, 'training/updates': 10, 'training/sps': np.float64(6371.984), 'training/walltime': np.float64(4.637), 'training/rollout_time': np.float64(0.312), 'training/update_time': np.float64(0.001), 'training/approx_kl': 0.0, 'training/entropy': 0.6817225813865662, 'training/policy_loss': -0.005796050187200308, 'training/total_loss': -0.004570920951664448, 'training/value_loss': 0.0024502587039023638}
{'eval/num_episodes': 200, 'eval/num_steps': 200, 'eval/mean_score': np.float64(0.956), 'eval/std_score': np.float64(0.05), 'eval/mean_episode_length': np.float64(1.0), 'eval/std_episode_length': np.float64(0.0), 'eval/eval_time': 0.07216715812683105}
{'training/total_steps': 22000, 'training/updates': 11, 'training/sps': np.float64(5777.374), 'training/walltime': np.float64(5.056), 'training/rollout_time': np.float64(0.345), 'training/update_time': np.float64(0.002), 'training/approx_kl': 0.0, 'training/entropy': 0.6778144836425781, 'training/policy_loss': -0.008370674215257168, 'training/total_loss': -0.007151031866669655, 'training/value_loss': 0.0024392844643443823}
{'eval/num_episodes': 200, 'eval/num_steps': 200, 'eval/mean_score': np.float64(0.954), 'eval/std_score': np.float64(0.05), 'eval/mean_episode_length': np.float64(1.0), 'eval/std_episode_length': np.float64(0.0), 'eval/eval_time': 0.07450580596923828}
{'training/total_steps': 24000, 'training/updates': 12, 'training/sps': np.float64(6378.583), 'training/walltime': np.float64(5.444), 'training/rollout_time': np.float64(0.312), 'training/update_time': np.float64(0.001), 'training/approx_kl': 0.0, 'training/entropy': 0.6733741164207458, 'training/policy_loss': -0.00868201907724142, 'training/total_loss': -0.007474138401448727, 'training/value_loss': 0.002415761584416032}
{'eval/num_episodes': 200, 'eval/num_steps': 200, 'eval/mean_score': np.float64(0.953), 'eval/std_score': np.float64(0.05), 'eval/mean_episode_length': np.float64(1.0), 'eval/std_episode_length': np.float64(0.0), 'eval/eval_time': 0.07100391387939453}
{'training/total_steps': 26000, 'training/updates': 13, 'training/sps': np.float64(6374.564), 'training/walltime': np.float64(5.829), 'training/rollout_time': np.float64(0.312), 'training/update_time': np.float64(0.001), 'training/approx_kl': 0.0, 'training/entropy': 0.668463408946991, 'training/policy_loss': -0.009264160878956318, 'training/total_loss': -0.008076935075223446, 'training/value_loss': 0.0023744513746351004}
{'eval/num_episodes': 200, 'eval/num_steps': 200, 'eval/mean_score': np.float64(0.958), 'eval/std_score': np.float64(0.049), 'eval/mean_episode_length': np.float64(1.0), 'eval/std_episode_length': np.float64(0.0), 'eval/eval_time': 0.07276296615600586}
{'training/total_steps': 28000, 'training/updates': 14, 'training/sps': np.float64(6025.152), 'training/walltime': np.float64(6.234), 'training/rollout_time': np.float64(0.33), 'training/update_time': np.float64(0.002), 'training/approx_kl': 0.0, 'training/entropy': 0.6631527543067932, 'training/policy_loss': -0.011554324068129063, 'training/total_loss': -0.010372723452746868, 'training/value_loss': 0.002363201230764389}
{'eval/num_episodes': 200, 'eval/num_steps': 200, 'eval/mean_score': np.float64(0.963), 'eval/std_score': np.float64(0.048), 'eval/mean_episode_length': np.float64(1.0), 'eval/std_episode_length': np.float64(0.0), 'eval/eval_time': 0.07248091697692871}
{'training/total_steps': 30000, 'training/updates': 15, 'training/sps': np.float64(6283.955), 'training/walltime': np.float64(6.625), 'training/rollout_time': np.float64(0.317), 'training/update_time': np.float64(0.002), 'training/approx_kl': 0.0, 'training/entropy': 0.6573970317840576, 'training/policy_loss': -0.010768021456897259, 'training/total_loss': -0.009617471136152744, 'training/value_loss': 0.00230110133998096}
{'eval/num_episodes': 200, 'eval/num_steps': 200, 'eval/mean_score': np.float64(0.965), 'eval/std_score': np.float64(0.048), 'eval/mean_episode_length': np.float64(1.0), 'eval/std_episode_length': np.float64(0.0), 'eval/eval_time': 0.07130193710327148}
{'training/total_steps': 32000, 'training/updates': 16, 'training/sps': np.float64(5586.108), 'training/walltime': np.float64(7.055), 'training/rollout_time': np.float64(0.356), 'training/update_time': np.float64(0.002), 'training/approx_kl': 0.0, 'training/entropy': 0.6513773798942566, 'training/policy_loss': -0.013015062548220158, 'training/total_loss': -0.011877350509166718, 'training/value_loss': 0.002275423612445593}
{'eval/num_episodes': 200, 'eval/num_steps': 200, 'eval/mean_score': np.float64(0.969), 'eval/std_score': np.float64(0.046), 'eval/mean_episode_length': np.float64(1.0), 'eval/std_episode_length': np.float64(0.0), 'eval/eval_time': 0.07351016998291016}
{'training/total_steps': 34000, 'training/updates': 17, 'training/sps': np.float64(6193.986), 'training/walltime': np.float64(7.452), 'training/rollout_time': np.float64(0.321), 'training/update_time': np.float64(0.002), 'training/approx_kl': 0.0, 'training/entropy': 0.6450170874595642, 'training/policy_loss': -0.013507256284356117, 'training/total_loss': -0.012387005612254143, 'training/value_loss': 0.002240501344203949}
{'eval/num_episodes': 200, 'eval/num_steps': 200, 'eval/mean_score': np.float64(0.971), 'eval/std_score': np.float64(0.045), 'eval/mean_episode_length': np.float64(1.0), 'eval/std_episode_length': np.float64(0.0), 'eval/eval_time': 0.07535195350646973}
{'training/total_steps': 36000, 'training/updates': 18, 'training/sps': np.float64(6164.318), 'training/walltime': np.float64(7.852), 'training/rollout_time': np.float64(0.323), 'training/update_time': np.float64(0.001), 'training/approx_kl': 0.0, 'training/entropy': 0.6383876800537109, 'training/policy_loss': -0.01636461168527603, 'training/total_loss': -0.015224027447402477, 'training/value_loss': 0.0022811689414083958}
{'eval/num_episodes': 200, 'eval/num_steps': 200, 'eval/mean_score': np.float64(0.967), 'eval/std_score': np.float64(0.047), 'eval/mean_episode_length': np.float64(1.0), 'eval/std_episode_length': np.float64(0.0), 'eval/eval_time': 0.0735940933227539}
{'training/total_steps': 38000, 'training/updates': 19, 'training/sps': np.float64(5794.53), 'training/walltime': np.float64(8.271), 'training/rollout_time': np.float64(0.344), 'training/update_time': np.float64(0.001), 'training/approx_kl': 0.0, 'training/entropy': 0.631277859210968, 'training/policy_loss': -0.013315043412148952, 'training/total_loss': -0.012230991385877132, 'training/value_loss': 0.0021681038197129965}
{'eval/num_episodes': 200, 'eval/num_steps': 200, 'eval/mean_score': np.float64(0.967), 'eval/std_score': np.float64(0.047), 'eval/mean_episode_length': np.float64(1.0), 'eval/std_episode_length': np.float64(0.0), 'eval/eval_time': 0.07254481315612793}
{'training/total_steps': 40000, 'training/updates': 20, 'training/sps': np.float64(6245.269), 'training/walltime': np.float64(8.665), 'training/rollout_time': np.float64(0.319), 'training/update_time': np.float64(0.002), 'training/approx_kl': 0.0, 'training/entropy': 0.6242364645004272, 'training/policy_loss': -0.017624631524086, 'training/total_loss': -0.016526220366358757, 'training/value_loss': 0.0021968211513012648}
{'eval/num_episodes': 200, 'eval/num_steps': 200, 'eval/mean_score': np.float64(0.966), 'eval/std_score': np.float64(0.047), 'eval/mean_episode_length': np.float64(1.0), 'eval/std_episode_length': np.float64(0.0), 'eval/eval_time': 0.07275199890136719}
{'training/total_steps': 42000, 'training/updates': 21, 'training/sps': np.float64(6278.471), 'training/walltime': np.float64(9.056), 'training/rollout_time': np.float64(0.317), 'training/update_time': np.float64(0.002), 'training/approx_kl': 0.0, 'training/entropy': 0.6167744398117065, 'training/policy_loss': -0.016718696802854538, 'training/total_loss': -0.015642760321497917, 'training/value_loss': 0.0021518743596971035}
{'eval/num_episodes': 200, 'eval/num_steps': 200, 'eval/mean_score': np.float64(0.97), 'eval/std_score': np.float64(0.046), 'eval/mean_episode_length': np.float64(1.0), 'eval/std_episode_length': np.float64(0.0), 'eval/eval_time': 0.07879376411437988}
{'training/total_steps': 44000, 'training/updates': 22, 'training/sps': np.float64(5797.926), 'training/walltime': np.float64(9.481), 'training/rollout_time': np.float64(0.343), 'training/update_time': np.float64(0.002), 'training/approx_kl': 0.0, 'training/entropy': 0.6091988682746887, 'training/policy_loss': -0.016582423821091652, 'training/total_loss': -0.015543732792139053, 'training/value_loss': 0.0020773818250745535}
{'eval/num_episodes': 200, 'eval/num_steps': 200, 'eval/mean_score': np.float64(0.968), 'eval/std_score': np.float64(0.047), 'eval/mean_episode_length': np.float64(1.0), 'eval/std_episode_length': np.float64(0.0), 'eval/eval_time': 0.07389283180236816}
{'training/total_steps': 46000, 'training/updates': 23, 'training/sps': np.float64(6341.41), 'training/walltime': np.float64(9.87), 'training/rollout_time': np.float64(0.314), 'training/update_time': np.float64(0.002), 'training/approx_kl': 0.0, 'training/entropy': 0.6016483306884766, 'training/policy_loss': -0.017842113971710205, 'training/total_loss': -0.0168218445032835, 'training/value_loss': 0.002040538238361478}
{'eval/num_episodes': 200, 'eval/num_steps': 200, 'eval/mean_score': np.float64(0.972), 'eval/std_score': np.float64(0.045), 'eval/mean_episode_length': np.float64(1.0), 'eval/std_episode_length': np.float64(0.0), 'eval/eval_time': 0.09885406494140625}
{'training/total_steps': 48000, 'training/updates': 24, 'training/sps': np.float64(5531.478), 'training/walltime': np.float64(10.331), 'training/rollout_time': np.float64(0.36), 'training/update_time': np.float64(0.002), 'training/approx_kl': 0.0, 'training/entropy': 0.5940074920654297, 'training/policy_loss': -0.01700100488960743, 'training/total_loss': -0.016027173027396202, 'training/value_loss': 0.0019476633751764894}
{'eval/num_episodes': 200, 'eval/num_steps': 200, 'eval/mean_score': np.float64(0.971), 'eval/std_score': np.float64(0.045), 'eval/mean_episode_length': np.float64(1.0), 'eval/std_episode_length': np.float64(0.0), 'eval/eval_time': 0.07544112205505371}
{'training/total_steps': 50000, 'training/updates': 25, 'training/sps': np.float64(5471.732), 'training/walltime': np.float64(10.772), 'training/rollout_time': np.float64(0.364), 'training/update_time': np.float64(0.002), 'training/approx_kl': 0.0, 'training/entropy': 0.5865315198898315, 'training/policy_loss': -0.021909141913056374, 'training/total_loss': -0.020871540531516075, 'training/value_loss': 0.0020752011332660913}
{'eval/num_episodes': 200, 'eval/num_steps': 200, 'eval/mean_score': np.float64(0.975), 'eval/std_score': np.float64(0.043), 'eval/mean_episode_length': np.float64(1.0), 'eval/std_episode_length': np.float64(0.0), 'eval/eval_time': 0.0746147632598877}
{'training/total_steps': 52000, 'training/updates': 26, 'training/sps': np.float64(6093.082), 'training/walltime': np.float64(11.176), 'training/rollout_time': np.float64(0.327), 'training/update_time': np.float64(0.001), 'training/approx_kl': 0.0, 'training/entropy': 0.5783883333206177, 'training/policy_loss': -0.01726251095533371, 'training/total_loss': -0.016305791214108467, 'training/value_loss': 0.001913440995849669}
{'eval/num_episodes': 200, 'eval/num_steps': 200, 'eval/mean_score': np.float64(0.976), 'eval/std_score': np.float64(0.043), 'eval/mean_episode_length': np.float64(1.0), 'eval/std_episode_length': np.float64(0.0), 'eval/eval_time': 0.07179999351501465}
{'training/total_steps': 54000, 'training/updates': 27, 'training/sps': np.float64(5712.524), 'training/walltime': np.float64(11.598), 'training/rollout_time': np.float64(0.349), 'training/update_time': np.float64(0.002), 'training/approx_kl': 0.0, 'training/entropy': 0.5707550644874573, 'training/policy_loss': -0.020033204928040504, 'training/total_loss': -0.01908455416560173, 'training/value_loss': 0.0018973008263856173}
{'eval/num_episodes': 200, 'eval/num_steps': 200, 'eval/mean_score': np.float64(0.98), 'eval/std_score': np.float64(0.04), 'eval/mean_episode_length': np.float64(1.0), 'eval/std_episode_length': np.float64(0.0), 'eval/eval_time': 0.07523727416992188}
{'training/total_steps': 56000, 'training/updates': 28, 'training/sps': np.float64(6148.685), 'training/walltime': np.float64(11.999), 'training/rollout_time': np.float64(0.324), 'training/update_time': np.float64(0.001), 'training/approx_kl': 0.0, 'training/entropy': 0.5630130767822266, 'training/policy_loss': -0.02033943310379982, 'training/total_loss': -0.01940060406923294, 'training/value_loss': 0.0018776583019644022}
{'eval/num_episodes': 200, 'eval/num_steps': 200, 'eval/mean_score': np.float64(0.973), 'eval/std_score': np.float64(0.044), 'eval/mean_episode_length': np.float64(1.0), 'eval/std_episode_length': np.float64(0.0), 'eval/eval_time': 0.07431292533874512}
{'training/total_steps': 58000, 'training/updates': 29, 'training/sps': np.float64(5651.159), 'training/walltime': np.float64(12.428), 'training/rollout_time': np.float64(0.352), 'training/update_time': np.float64(0.001), 'training/approx_kl': 0.0, 'training/entropy': 0.5552302598953247, 'training/policy_loss': -0.0215517096221447, 'training/total_loss': -0.020606722682714462, 'training/value_loss': 0.00188997364602983}
{'eval/num_episodes': 200, 'eval/num_steps': 200, 'eval/mean_score': np.float64(0.973), 'eval/std_score': np.float64(0.044), 'eval/mean_episode_length': np.float64(1.0), 'eval/std_episode_length': np.float64(0.0), 'eval/eval_time': 0.08032727241516113}
{'training/total_steps': 60000, 'training/updates': 30, 'training/sps': np.float64(6171.756), 'training/walltime': np.float64(12.832), 'training/rollout_time': np.float64(0.322), 'training/update_time': np.float64(0.002), 'training/approx_kl': 0.0, 'training/entropy': 0.5472851991653442, 'training/policy_loss': -0.020121563225984573, 'training/total_loss': -0.019219832494854927, 'training/value_loss': 0.0018034601816907525}
{'eval/num_episodes': 200, 'eval/num_steps': 200, 'eval/mean_score': np.float64(0.977), 'eval/std_score': np.float64(0.042), 'eval/mean_episode_length': np.float64(1.0), 'eval/std_episode_length': np.float64(0.0), 'eval/eval_time': 0.07376813888549805}
TRAINING END: training duration: 12.9065101146698
{'final_eval/num_episodes': 200, 'final_eval/num_steps': 200, 'final_eval/mean_score': np.float64(1.0), 'final_eval/std_score': np.float64(0.0), 'final_eval/mean_episode_length': np.float64(1.0), 'final_eval/std_episode_length': np.float64(0.0)}
