|param: value|
|experiment_name:  trpo_procgen|
|seed:  5|
|platform:  cpu|
|write_logs_to_file:  False|
|save_model:  False|
|env_name:  bandit|
|num_envs:  8|
|num_train_levels:  200|
|distribution_mode:  easy|
|arm_means:  (1.0, 0.9)|
|deterministic_rewards:  True|
|eval_env:  True|
|num_eval_episodes:  200|
|eval_every:  1|
|deterministic_eval:  False|
|normalize_observations:  True|
|total_timesteps:  60000|
|learning_rate:  0.01|
|unroll_length:  250|
|anneal_lr:  False|
|gamma:  0.99|
|gae_lambda:  0.95|
|batch_size:  1|
|num_minibatches:  8|
|update_epochs:  10|
|normalize_advantages:  True|
|target_kl:  0.01|
|cg_damping:  0.1|
|cg_max_iterations:  10|
|line_search_max_iter:  10|
|line_search_shrinking_factor:  0.8|
|vf_cost:  1.0|
|max_grad_norm:  0.5|
|reward_scaling:  1.0|
|use_cnn:  False|
|policy_hidden_layer_sizes:  ()|
|value_hidden_layer_sizes:  ()|
|activation:  <jax._src.custom_derivatives.custom_jvp object at 0x107d999d0>|
|policy_init_logit_bias:  [0.0, 0.0]|
|entropy_cost:  0.0|
{'training/total_steps': 2000, 'training/updates': 1, 'training/sps': np.float64(1417.161), 'training/walltime': np.float64(1.411), 'training/rollout_time': np.float64(0.12), 'training/update_time': np.float64(1.291), 'training/iterations': 1.0, 'training/kl_div': 0.008323755115270615, 'training/line_search_success': 1.0, 'training/new_policy_objective': 0.5293133854866028, 'training/policy_objective': 0.4230509400367737, 'training/value_loss': 0.6469473242759705}
{'eval/num_episodes': 200, 'eval/num_steps': 200, 'eval/mean_score': np.float64(0.993), 'eval/std_score': np.float64(0.025), 'eval/mean_episode_length': np.float64(1.0), 'eval/std_episode_length': np.float64(0.0), 'eval/eval_time': 0.07608699798583984}
{'training/total_steps': 4000, 'training/updates': 2, 'training/sps': np.float64(16027.942), 'training/walltime': np.float64(1.631), 'training/rollout_time': np.float64(0.121), 'training/update_time': np.float64(0.004), 'training/iterations': 1.0, 'training/kl_div': 0.002877887338399887, 'training/line_search_success': 1.0, 'training/new_policy_objective': 0.2273074984550476, 'training/policy_objective': 0.1943269670009613, 'training/value_loss': 0.003310875967144966}
{'eval/num_episodes': 200, 'eval/num_steps': 200, 'eval/mean_score': np.float64(1.0), 'eval/std_score': np.float64(0.0), 'eval/mean_episode_length': np.float64(1.0), 'eval/std_episode_length': np.float64(0.0), 'eval/eval_time': 0.07403993606567383}
{'training/total_steps': 6000, 'training/updates': 3, 'training/sps': np.float64(19534.876), 'training/walltime': np.float64(1.808), 'training/rollout_time': np.float64(0.099), 'training/update_time': np.float64(0.004), 'training/iterations': 1.0, 'training/kl_div': nan, 'training/line_search_success': 0.0, 'training/new_policy_objective': nan, 'training/policy_objective': 0.0, 'training/value_loss': 7.70313727116445e-06}
{'eval/num_episodes': 200, 'eval/num_steps': 200, 'eval/mean_score': np.float64(1.0), 'eval/std_score': np.float64(0.0), 'eval/mean_episode_length': np.float64(1.0), 'eval/std_episode_length': np.float64(0.0), 'eval/eval_time': 0.0739598274230957}
{'training/total_steps': 8000, 'training/updates': 4, 'training/sps': np.float64(16923.366), 'training/walltime': np.float64(2.001), 'training/rollout_time': np.float64(0.115), 'training/update_time': np.float64(0.004), 'training/iterations': 1.0, 'training/kl_div': 0.001598878763616085, 'training/line_search_success': 1.0, 'training/new_policy_objective': -0.012875188142061234, 'training/policy_objective': -0.03974370285868645, 'training/value_loss': 2.4999105789902387e-06}
{'eval/num_episodes': 200, 'eval/num_steps': 200, 'eval/mean_score': np.float64(0.995), 'eval/std_score': np.float64(0.022), 'eval/mean_episode_length': np.float64(1.0), 'eval/std_episode_length': np.float64(0.0), 'eval/eval_time': 0.07399392127990723}
{'training/total_steps': 10000, 'training/updates': 5, 'training/sps': np.float64(19107.663), 'training/walltime': np.float64(2.18), 'training/rollout_time': np.float64(0.101), 'training/update_time': np.float64(0.004), 'training/iterations': 1.0, 'training/kl_div': 0.0016894673462957144, 'training/line_search_success': 1.0, 'training/new_policy_objective': 0.1509472280740738, 'training/policy_objective': 0.13155433535575867, 'training/value_loss': 0.00014359962369780988}
{'eval/num_episodes': 200, 'eval/num_steps': 200, 'eval/mean_score': np.float64(1.0), 'eval/std_score': np.float64(0.0), 'eval/mean_episode_length': np.float64(1.0), 'eval/std_episode_length': np.float64(0.0), 'eval/eval_time': 0.07546210289001465}
{'training/total_steps': 12000, 'training/updates': 6, 'training/sps': np.float64(19264.449), 'training/walltime': np.float64(2.36), 'training/rollout_time': np.float64(0.1), 'training/update_time': np.float64(0.004), 'training/iterations': 1.0, 'training/kl_div': 0.0018715696642175317, 'training/line_search_success': 1.0, 'training/new_policy_objective': -0.02248266711831093, 'training/policy_objective': -0.022617682814598083, 'training/value_loss': 4.6204041836972465e-07}
{'eval/num_episodes': 200, 'eval/num_steps': 200, 'eval/mean_score': np.float64(0.997), 'eval/std_score': np.float64(0.016), 'eval/mean_episode_length': np.float64(1.0), 'eval/std_episode_length': np.float64(0.0), 'eval/eval_time': 0.07587146759033203}
{'training/total_steps': 14000, 'training/updates': 7, 'training/sps': np.float64(19542.522), 'training/walltime': np.float64(2.538), 'training/rollout_time': np.float64(0.099), 'training/update_time': np.float64(0.004), 'training/iterations': 1.0, 'training/kl_div': 0.0020571372006088495, 'training/line_search_success': 1.0, 'training/new_policy_objective': 0.19070959091186523, 'training/policy_objective': 0.1606767475605011, 'training/value_loss': 0.00023879898071754724}
{'eval/num_episodes': 200, 'eval/num_steps': 200, 'eval/mean_score': np.float64(0.999), 'eval/std_score': np.float64(0.007), 'eval/mean_episode_length': np.float64(1.0), 'eval/std_episode_length': np.float64(0.0), 'eval/eval_time': 0.07733511924743652}
{'training/total_steps': 16000, 'training/updates': 8, 'training/sps': np.float64(19243.546), 'training/walltime': np.float64(2.72), 'training/rollout_time': np.float64(0.1), 'training/update_time': np.float64(0.004), 'training/iterations': 1.0, 'training/kl_div': 0.00233967206440866, 'training/line_search_success': 1.0, 'training/new_policy_objective': -0.043767936527729034, 'training/policy_objective': -0.044113531708717346, 'training/value_loss': 1.2508123745647026e-06}
{'eval/num_episodes': 200, 'eval/num_steps': 200, 'eval/mean_score': np.float64(0.992), 'eval/std_score': np.float64(0.027), 'eval/mean_episode_length': np.float64(1.0), 'eval/std_episode_length': np.float64(0.0), 'eval/eval_time': 0.07241106033325195}
{'training/total_steps': 18000, 'training/updates': 9, 'training/sps': np.float64(14716.83), 'training/walltime': np.float64(2.929), 'training/rollout_time': np.float64(0.132), 'training/update_time': np.float64(0.004), 'training/iterations': 1.0, 'training/kl_div': 0.00252140243537724, 'training/line_search_success': 1.0, 'training/new_policy_objective': 0.22087495028972626, 'training/policy_objective': 0.18522419035434723, 'training/value_loss': 0.0003278443473391235}
{'eval/num_episodes': 200, 'eval/num_steps': 200, 'eval/mean_score': np.float64(1.0), 'eval/std_score': np.float64(0.0), 'eval/mean_episode_length': np.float64(1.0), 'eval/std_episode_length': np.float64(0.0), 'eval/eval_time': 0.07617402076721191}
{'training/total_steps': 20000, 'training/updates': 10, 'training/sps': np.float64(19265.555), 'training/walltime': np.float64(3.109), 'training/rollout_time': np.float64(0.1), 'training/update_time': np.float64(0.004), 'training/iterations': 1.0, 'training/kl_div': 0.002928254660218954, 'training/line_search_success': 1.0, 'training/new_policy_objective': -0.04347412660717964, 'training/policy_objective': -0.043931376188993454, 'training/value_loss': 2.31836156672216e-06}
{'eval/num_episodes': 200, 'eval/num_steps': 200, 'eval/mean_score': np.float64(0.991), 'eval/std_score': np.float64(0.029), 'eval/mean_episode_length': np.float64(1.0), 'eval/std_episode_length': np.float64(0.0), 'eval/eval_time': 0.0730891227722168}
{'training/total_steps': 22000, 'training/updates': 11, 'training/sps': np.float64(18919.169), 'training/walltime': np.float64(3.289), 'training/rollout_time': np.float64(0.102), 'training/update_time': np.float64(0.004), 'training/iterations': 1.0, 'training/kl_div': 0.0030961325392127037, 'training/line_search_success': 1.0, 'training/new_policy_objective': 0.23902639746665955, 'training/policy_objective': 0.202175572514534, 'training/value_loss': 0.0003753043129108846}
{'eval/num_episodes': 200, 'eval/num_steps': 200, 'eval/mean_score': np.float64(1.0), 'eval/std_score': np.float64(0.0), 'eval/mean_episode_length': np.float64(1.0), 'eval/std_episode_length': np.float64(0.0), 'eval/eval_time': 0.07479071617126465}
{'training/total_steps': 24000, 'training/updates': 12, 'training/sps': np.float64(19374.616), 'training/walltime': np.float64(3.467), 'training/rollout_time': np.float64(0.1), 'training/update_time': np.float64(0.003), 'training/iterations': 1.0, 'training/kl_div': nan, 'training/line_search_success': 0.0, 'training/new_policy_objective': nan, 'training/policy_objective': 0.0, 'training/value_loss': 2.8896004096168326e-06}
{'eval/num_episodes': 200, 'eval/num_steps': 200, 'eval/mean_score': np.float64(1.0), 'eval/std_score': np.float64(0.0), 'eval/mean_episode_length': np.float64(1.0), 'eval/std_episode_length': np.float64(0.0), 'eval/eval_time': 0.07460618019104004}
{'training/total_steps': 26000, 'training/updates': 13, 'training/sps': np.float64(19131.631), 'training/walltime': np.float64(3.647), 'training/rollout_time': np.float64(0.101), 'training/update_time': np.float64(0.004), 'training/iterations': 1.0, 'training/kl_div': 0.003646241035312414, 'training/line_search_success': 1.0, 'training/new_policy_objective': -0.0007032769499346614, 'training/policy_objective': -0.0007131970487535, 'training/value_loss': 6.532581697804574e-10}
{'eval/num_episodes': 200, 'eval/num_steps': 200, 'eval/mean_score': np.float64(0.989), 'eval/std_score': np.float64(0.031), 'eval/mean_episode_length': np.float64(1.0), 'eval/std_episode_length': np.float64(0.0), 'eval/eval_time': 0.0727851390838623}
{'training/total_steps': 28000, 'training/updates': 14, 'training/sps': np.float64(18903.82), 'training/walltime': np.float64(3.826), 'training/rollout_time': np.float64(0.102), 'training/update_time': np.float64(0.004), 'training/iterations': 1.0, 'training/kl_div': 0.003785989712923765, 'training/line_search_success': 1.0, 'training/new_policy_objective': 0.2719287574291229, 'training/policy_objective': 0.2293536365032196, 'training/value_loss': 0.0004824964271392673}
{'eval/num_episodes': 200, 'eval/num_steps': 200, 'eval/mean_score': np.float64(1.0), 'eval/std_score': np.float64(0.0), 'eval/mean_episode_length': np.float64(1.0), 'eval/std_episode_length': np.float64(0.0), 'eval/eval_time': 0.07401704788208008}
{'training/total_steps': 30000, 'training/updates': 15, 'training/sps': np.float64(18894.495), 'training/walltime': np.float64(4.006), 'training/rollout_time': np.float64(0.102), 'training/update_time': np.float64(0.004), 'training/iterations': 1.0, 'training/kl_div': 0.004488617181777954, 'training/line_search_success': 1.0, 'training/new_policy_objective': -0.08119720220565796, 'training/policy_objective': -0.08273254334926605, 'training/value_loss': 4.353957137936959e-06}
{'eval/num_episodes': 200, 'eval/num_steps': 200, 'eval/mean_score': np.float64(0.987), 'eval/std_score': np.float64(0.034), 'eval/mean_episode_length': np.float64(1.0), 'eval/std_episode_length': np.float64(0.0), 'eval/eval_time': 0.07460808753967285}
{'training/total_steps': 32000, 'training/updates': 16, 'training/sps': np.float64(19162.748), 'training/walltime': np.float64(4.186), 'training/rollout_time': np.float64(0.101), 'training/update_time': np.float64(0.004), 'training/iterations': 1.0, 'training/kl_div': 0.004577073734253645, 'training/line_search_success': 1.0, 'training/new_policy_objective': 0.3124610185623169, 'training/policy_objective': 0.2607560157775879, 'training/value_loss': 0.0006357991951517761}
{'eval/num_episodes': 200, 'eval/num_steps': 200, 'eval/mean_score': np.float64(1.0), 'eval/std_score': np.float64(0.0), 'eval/mean_episode_length': np.float64(1.0), 'eval/std_episode_length': np.float64(0.0), 'eval/eval_time': 0.07170605659484863}
{'training/total_steps': 34000, 'training/updates': 17, 'training/sps': np.float64(19569.283), 'training/walltime': np.float64(4.36), 'training/rollout_time': np.float64(0.099), 'training/update_time': np.float64(0.004), 'training/iterations': 1.0, 'training/kl_div': 0.005095279775559902, 'training/line_search_success': 1.0, 'training/new_policy_objective': -0.40410736203193665, 'training/policy_objective': -0.5686122179031372, 'training/value_loss': 1.1107337741123047e-05}
{'eval/num_episodes': 200, 'eval/num_steps': 200, 'eval/mean_score': np.float64(0.991), 'eval/std_score': np.float64(0.028), 'eval/mean_episode_length': np.float64(1.0), 'eval/std_episode_length': np.float64(0.0), 'eval/eval_time': 0.07431983947753906}
{'training/total_steps': 36000, 'training/updates': 18, 'training/sps': np.float64(19084.319), 'training/walltime': np.float64(4.54), 'training/rollout_time': np.float64(0.101), 'training/update_time': np.float64(0.004), 'training/iterations': 1.0, 'training/kl_div': 0.003560839220881462, 'training/line_search_success': 1.0, 'training/new_policy_objective': 0.26105639338493347, 'training/policy_objective': 0.2191847264766693, 'training/value_loss': 0.00044809404062107205}
{'eval/num_episodes': 200, 'eval/num_steps': 200, 'eval/mean_score': np.float64(0.999), 'eval/std_score': np.float64(0.007), 'eval/mean_episode_length': np.float64(1.0), 'eval/std_episode_length': np.float64(0.0), 'eval/eval_time': 0.07662010192871094}
{'training/total_steps': 38000, 'training/updates': 19, 'training/sps': np.float64(19360.575), 'training/walltime': np.float64(4.72), 'training/rollout_time': np.float64(0.1), 'training/update_time': np.float64(0.004), 'training/iterations': 1.0, 'training/kl_div': 0.004216107539832592, 'training/line_search_success': 1.0, 'training/new_policy_objective': -0.08161906898021698, 'training/policy_objective': -0.08302946388721466, 'training/value_loss': 3.6573896977643017e-06}
{'eval/num_episodes': 200, 'eval/num_steps': 200, 'eval/mean_score': np.float64(0.989), 'eval/std_score': np.float64(0.031), 'eval/mean_episode_length': np.float64(1.0), 'eval/std_episode_length': np.float64(0.0), 'eval/eval_time': 0.07454800605773926}
{'training/total_steps': 40000, 'training/updates': 20, 'training/sps': np.float64(19389.484), 'training/walltime': np.float64(4.898), 'training/rollout_time': np.float64(0.099), 'training/update_time': np.float64(0.004), 'training/iterations': 1.0, 'training/kl_div': 0.004323743283748627, 'training/line_search_success': 1.0, 'training/new_policy_objective': 0.3022596836090088, 'training/policy_objective': 0.25230872631073, 'training/value_loss': 0.0006003252346999943}
{'eval/num_episodes': 200, 'eval/num_steps': 200, 'eval/mean_score': np.float64(1.0), 'eval/std_score': np.float64(0.0), 'eval/mean_episode_length': np.float64(1.0), 'eval/std_episode_length': np.float64(0.0), 'eval/eval_time': 0.07737517356872559}
{'training/total_steps': 42000, 'training/updates': 21, 'training/sps': np.float64(18661.298), 'training/walltime': np.float64(5.084), 'training/rollout_time': np.float64(0.104), 'training/update_time': np.float64(0.004), 'training/iterations': 1.0, 'training/kl_div': nan, 'training/line_search_success': 0.25, 'training/new_policy_objective': nan, 'training/policy_objective': 0.004601437132805586, 'training/value_loss': 1.2376104677969124e-05}
{'eval/num_episodes': 200, 'eval/num_steps': 200, 'eval/mean_score': np.float64(1.0), 'eval/std_score': np.float64(0.0), 'eval/mean_episode_length': np.float64(1.0), 'eval/std_episode_length': np.float64(0.0), 'eval/eval_time': 0.07631087303161621}
{'training/total_steps': 44000, 'training/updates': 22, 'training/sps': np.float64(19902.507), 'training/walltime': np.float64(5.261), 'training/rollout_time': np.float64(0.097), 'training/update_time': np.float64(0.003), 'training/iterations': 1.0, 'training/kl_div': 1.2869903912360314e-05, 'training/line_search_success': 1.0, 'training/new_policy_objective': 0.0007272005314007401, 'training/policy_objective': 0.0007271822541952133, 'training/value_loss': 4.5885101274123485e-10}
{'eval/num_episodes': 200, 'eval/num_steps': 200, 'eval/mean_score': np.float64(1.0), 'eval/std_score': np.float64(0.0), 'eval/mean_episode_length': np.float64(1.0), 'eval/std_episode_length': np.float64(0.0), 'eval/eval_time': 0.07467508316040039}
{'training/total_steps': 46000, 'training/updates': 23, 'training/sps': np.float64(19418.029), 'training/walltime': np.float64(5.439), 'training/rollout_time': np.float64(0.099), 'training/update_time': np.float64(0.004), 'training/iterations': 1.0, 'training/kl_div': 9.62132980930619e-06, 'training/line_search_success': 1.0, 'training/new_policy_objective': -1.1368068953743204e-05, 'training/policy_objective': -1.1368356354068965e-05, 'training/value_loss': 8.071322066651246e-14}
{'eval/num_episodes': 200, 'eval/num_steps': 200, 'eval/mean_score': np.float64(1.0), 'eval/std_score': np.float64(0.0), 'eval/mean_episode_length': np.float64(1.0), 'eval/std_episode_length': np.float64(0.0), 'eval/eval_time': 0.07498311996459961}
{'training/total_steps': 48000, 'training/updates': 24, 'training/sps': np.float64(19128.316), 'training/walltime': np.float64(5.619), 'training/rollout_time': np.float64(0.101), 'training/update_time': np.float64(0.004), 'training/iterations': 1.0, 'training/kl_div': nan, 'training/line_search_success': 0.125, 'training/new_policy_objective': nan, 'training/policy_objective': 7.152557657263969e-09, 'training/value_loss': 2.500393975424231e-06}
{'eval/num_episodes': 200, 'eval/num_steps': 200, 'eval/mean_score': np.float64(1.0), 'eval/std_score': np.float64(0.0), 'eval/mean_episode_length': np.float64(1.0), 'eval/std_episode_length': np.float64(0.0), 'eval/eval_time': 0.08106374740600586}
{'training/total_steps': 50000, 'training/updates': 25, 'training/sps': np.float64(19307.992), 'training/walltime': np.float64(5.804), 'training/rollout_time': np.float64(0.1), 'training/update_time': np.float64(0.004), 'training/iterations': 1.0, 'training/kl_div': 0.002043552929535508, 'training/line_search_success': 1.0, 'training/new_policy_objective': -0.00017942131671588868, 'training/policy_objective': -0.00018061994342133403, 'training/value_loss': 2.829985204511054e-11}
{'eval/num_episodes': 200, 'eval/num_steps': 200, 'eval/mean_score': np.float64(0.993), 'eval/std_score': np.float64(0.025), 'eval/mean_episode_length': np.float64(1.0), 'eval/std_episode_length': np.float64(0.0), 'eval/eval_time': 0.07355713844299316}
{'training/total_steps': 52000, 'training/updates': 26, 'training/sps': np.float64(19685.237), 'training/walltime': np.float64(5.98), 'training/rollout_time': np.float64(0.098), 'training/update_time': np.float64(0.004), 'training/iterations': 1.0, 'training/kl_div': 0.0022285976447165012, 'training/line_search_success': 1.0, 'training/new_policy_objective': 0.2113407850265503, 'training/policy_objective': 0.17958775162696838, 'training/value_loss': 0.00028797934646718204}
{'eval/num_episodes': 200, 'eval/num_steps': 200, 'eval/mean_score': np.float64(1.0), 'eval/std_score': np.float64(0.0), 'eval/mean_episode_length': np.float64(1.0), 'eval/std_episode_length': np.float64(0.0), 'eval/eval_time': 0.07439208030700684}
{'training/total_steps': 54000, 'training/updates': 27, 'training/sps': np.float64(18433.706), 'training/walltime': np.float64(6.163), 'training/rollout_time': np.float64(0.104), 'training/update_time': np.float64(0.004), 'training/iterations': 1.0, 'training/kl_div': 0.0010663769207894802, 'training/line_search_success': 1.0, 'training/new_policy_objective': -0.07847952842712402, 'training/policy_objective': -0.1436680555343628, 'training/value_loss': 3.7962872738717124e-06}
{'eval/num_episodes': 200, 'eval/num_steps': 200, 'eval/mean_score': np.float64(0.999), 'eval/std_score': np.float64(0.01), 'eval/mean_episode_length': np.float64(1.0), 'eval/std_episode_length': np.float64(0.0), 'eval/eval_time': 0.07706689834594727}
{'training/total_steps': 56000, 'training/updates': 28, 'training/sps': np.float64(18946.388), 'training/walltime': np.float64(6.346), 'training/rollout_time': np.float64(0.102), 'training/update_time': np.float64(0.004), 'training/iterations': 1.0, 'training/kl_div': 0.0011108911130577326, 'training/line_search_success': 1.0, 'training/new_policy_objective': 0.1414242386817932, 'training/policy_objective': 0.12082761526107788, 'training/value_loss': 0.0001316330599365756}
{'eval/num_episodes': 200, 'eval/num_steps': 200, 'eval/mean_score': np.float64(0.999), 'eval/std_score': np.float64(0.007), 'eval/mean_episode_length': np.float64(1.0), 'eval/std_episode_length': np.float64(0.0), 'eval/eval_time': 0.0742487907409668}
{'training/total_steps': 58000, 'training/updates': 29, 'training/sps': np.float64(19176.723), 'training/walltime': np.float64(6.525), 'training/rollout_time': np.float64(0.101), 'training/update_time': np.float64(0.004), 'training/iterations': 1.0, 'training/kl_div': 0.001147011760622263, 'training/line_search_success': 1.0, 'training/new_policy_objective': -0.022609803825616837, 'training/policy_objective': -0.022686682641506195, 'training/value_loss': 2.6976644562637375e-07}
{'eval/num_episodes': 200, 'eval/num_steps': 200, 'eval/mean_score': np.float64(0.996), 'eval/std_score': np.float64(0.02), 'eval/mean_episode_length': np.float64(1.0), 'eval/std_episode_length': np.float64(0.0), 'eval/eval_time': 0.07460880279541016}
{'training/total_steps': 60000, 'training/updates': 30, 'training/sps': np.float64(18788.654), 'training/walltime': np.float64(6.707), 'training/rollout_time': np.float64(0.103), 'training/update_time': np.float64(0.004), 'training/iterations': 1.0, 'training/kl_div': 0.0013180460082367063, 'training/line_search_success': 1.0, 'training/new_policy_objective': 0.14670196175575256, 'training/policy_objective': 0.12528398633003235, 'training/value_loss': 0.00013882580969948322}
{'eval/num_episodes': 200, 'eval/num_steps': 200, 'eval/mean_score': np.float64(1.0), 'eval/std_score': np.float64(0.0), 'eval/mean_episode_length': np.float64(1.0), 'eval/std_episode_length': np.float64(0.0), 'eval/eval_time': 0.07642769813537598}
TRAINING END: training duration: 6.783583879470825
{'final_eval/num_episodes': 200, 'final_eval/num_steps': 200, 'final_eval/mean_score': np.float64(1.0), 'final_eval/std_score': np.float64(0.0), 'final_eval/mean_episode_length': np.float64(1.0), 'final_eval/std_episode_length': np.float64(0.0)}
