|param: value|
|experiment_name:  pc_reinforce|
|seed:  13|
|write_logs_to_file:  False|
|save_model:  False|
|env_name:  bandit|
|num_envs:  8|
|num_train_levels:  200|
|distribution_mode:  easy|
|arm_means:  (1.0, 0.9)|
|deterministic_rewards:  True|
|eval_env:  True|
|num_eval_episodes:  200|
|eval_every:  1|
|total_timesteps:  60000|
|unroll_length:  250|
|learning_rate:  0.01|
|target_scale:  1.0|
|pc_steps_per_update:  1|
|max_t1:  20|
|width:  32|
|depth:  2|
|act_fn:  relu|
|policy_init_logit_bias:  [0.0, 4.0]|
|use_cnn:  False|
|policy_hidden_layer_sizes:  ()|
|value_hidden_layer_sizes:  ()|
|anneal_lr:  False|
|entropy_cost:  0.0|
|deterministic_eval:  False|
|gamma:  0.99|
{'training/total_steps': 2000, 'training/updates': 1, 'training/walltime': np.float64(1.539), 'training/update_time': np.float64(1.54), 'training/pc_loss': 0.00019851872639264911, 'training/mean_reward': 0.9021496176719666, 'training/mean_advantage_abs': 0.0042072078213095665}
{'eval/num_episodes': 200, 'eval/mean_score': np.float64(0.9025), 'eval/std_score': np.float64(0.0156), 'eval/mean_episode_length': np.float64(1.0)}
{'training/total_steps': 4000, 'training/updates': 2, 'training/walltime': np.float64(1.831), 'training/update_time': np.float64(0.113), 'training/pc_loss': 0.00016532388690393418, 'training/mean_reward': 0.9017996191978455, 'training/mean_advantage_abs': 0.0035348564852029085}
{'eval/num_episodes': 200, 'eval/mean_score': np.float64(0.905), 'eval/std_score': np.float64(0.0218), 'eval/mean_episode_length': np.float64(1.0)}
{'training/total_steps': 6000, 'training/updates': 3, 'training/walltime': np.float64(1.944), 'training/update_time': np.float64(0.111), 'training/pc_loss': 0.00023092905757948756, 'training/mean_reward': 0.9025996327400208, 'training/mean_advantage_abs': 0.005064475815743208}
{'eval/num_episodes': 200, 'eval/mean_score': np.float64(0.906), 'eval/std_score': np.float64(0.0237), 'eval/mean_episode_length': np.float64(1.0)}
{'training/total_steps': 8000, 'training/updates': 4, 'training/walltime': np.float64(2.056), 'training/update_time': np.float64(0.111), 'training/pc_loss': 0.00042341157677583396, 'training/mean_reward': 0.9051496386528015, 'training/mean_advantage_abs': 0.009769249707460403}
{'eval/num_episodes': 200, 'eval/mean_score': np.float64(0.9035), 'eval/std_score': np.float64(0.0184), 'eval/mean_episode_length': np.float64(1.0)}
{'training/total_steps': 10000, 'training/updates': 5, 'training/walltime': np.float64(2.166), 'training/update_time': np.float64(0.109), 'training/pc_loss': 0.00043797068065032363, 'training/mean_reward': 0.9055496454238892, 'training/mean_advantage_abs': 0.010483656078577042}
{'eval/num_episodes': 200, 'eval/mean_score': np.float64(0.909), 'eval/std_score': np.float64(0.0286), 'eval/mean_episode_length': np.float64(1.0)}
{'training/total_steps': 12000, 'training/updates': 6, 'training/walltime': np.float64(2.372), 'training/update_time': np.float64(0.206), 'training/pc_loss': 0.0006238765781745315, 'training/mean_reward': 0.9088997840881348, 'training/mean_advantage_abs': 0.016215642914175987}
{'eval/num_episodes': 200, 'eval/mean_score': np.float64(0.9135), 'eval/std_score': np.float64(0.0342), 'eval/mean_episode_length': np.float64(1.0)}
{'training/total_steps': 14000, 'training/updates': 7, 'training/walltime': np.float64(2.491), 'training/update_time': np.float64(0.118), 'training/pc_loss': 0.0006415321258828044, 'training/mean_reward': 0.9099997878074646, 'training/mean_advantage_abs': 0.01799985207617283}
{'eval/num_episodes': 200, 'eval/mean_score': np.float64(0.9105), 'eval/std_score': np.float64(0.0307), 'eval/mean_episode_length': np.float64(1.0)}
{'training/total_steps': 16000, 'training/updates': 8, 'training/walltime': np.float64(2.607), 'training/update_time': np.float64(0.116), 'training/pc_loss': 0.0007724837632849813, 'training/mean_reward': 0.9146498441696167, 'training/mean_advantage_abs': 0.02500746212899685}
{'eval/num_episodes': 200, 'eval/mean_score': np.float64(0.9175), 'eval/std_score': np.float64(0.038), 'eval/mean_episode_length': np.float64(1.0)}
{'training/total_steps': 18000, 'training/updates': 9, 'training/walltime': np.float64(2.72), 'training/update_time': np.float64(0.112), 'training/pc_loss': 0.0008176073897629976, 'training/mean_reward': 0.9198497533798218, 'training/mean_advantage_abs': 0.0318194217979908}
{'eval/num_episodes': 200, 'eval/mean_score': np.float64(0.9265), 'eval/std_score': np.float64(0.0441), 'eval/mean_episode_length': np.float64(1.0)}
{'training/total_steps': 20000, 'training/updates': 10, 'training/walltime': np.float64(2.831), 'training/update_time': np.float64(0.11), 'training/pc_loss': 0.0007948472630232573, 'training/mean_reward': 0.927049994468689, 'training/mean_advantage_abs': 0.03946596384048462}
{'eval/num_episodes': 200, 'eval/mean_score': np.float64(0.93), 'eval/std_score': np.float64(0.0458), 'eval/mean_episode_length': np.float64(1.0)}
{'training/total_steps': 22000, 'training/updates': 11, 'training/walltime': np.float64(2.942), 'training/update_time': np.float64(0.11), 'training/pc_loss': 0.000707558763679117, 'training/mean_reward': 0.9362497925758362, 'training/mean_advantage_abs': 0.04621872678399086}
{'eval/num_episodes': 200, 'eval/mean_score': np.float64(0.9475), 'eval/std_score': np.float64(0.0499), 'eval/mean_episode_length': np.float64(1.0)}
{'training/total_steps': 24000, 'training/updates': 12, 'training/walltime': np.float64(3.062), 'training/update_time': np.float64(0.12), 'training/pc_loss': 0.0006307391449809074, 'training/mean_reward': 0.9473499059677124, 'training/mean_advantage_abs': 0.049859561026096344}
{'eval/num_episodes': 200, 'eval/mean_score': np.float64(0.959), 'eval/std_score': np.float64(0.0492), 'eval/mean_episode_length': np.float64(1.0)}
{'training/total_steps': 26000, 'training/updates': 13, 'training/walltime': np.float64(3.182), 'training/update_time': np.float64(0.119), 'training/pc_loss': 0.000652816379442811, 'training/mean_reward': 0.9581499695777893, 'training/mean_advantage_abs': 0.04867159575223923}
{'eval/num_episodes': 200, 'eval/mean_score': np.float64(0.9625), 'eval/std_score': np.float64(0.0484), 'eval/mean_episode_length': np.float64(1.0)}
{'training/total_steps': 28000, 'training/updates': 14, 'training/walltime': np.float64(3.321), 'training/update_time': np.float64(0.138), 'training/pc_loss': 0.0007624252466484904, 'training/mean_reward': 0.9682999849319458, 'training/mean_advantage_abs': 0.04330221936106682}
{'eval/num_episodes': 200, 'eval/mean_score': np.float64(0.9765), 'eval/std_score': np.float64(0.0424), 'eval/mean_episode_length': np.float64(1.0)}
{'training/total_steps': 30000, 'training/updates': 15, 'training/walltime': np.float64(3.437), 'training/update_time': np.float64(0.115), 'training/pc_loss': 0.0008386854315176606, 'training/mean_reward': 0.9778000712394714, 'training/mean_advantage_abs': 0.03454316034913063}
{'eval/num_episodes': 200, 'eval/mean_score': np.float64(0.9835), 'eval/std_score': np.float64(0.0371), 'eval/mean_episode_length': np.float64(1.0)}
{'training/total_steps': 32000, 'training/updates': 16, 'training/walltime': np.float64(3.558), 'training/update_time': np.float64(0.12), 'training/pc_loss': 0.0007764561451040208, 'training/mean_reward': 0.9856500029563904, 'training/mean_advantage_abs': 0.024581551551818848}
{'eval/num_episodes': 200, 'eval/mean_score': np.float64(0.9915), 'eval/std_score': np.float64(0.0279), 'eval/mean_episode_length': np.float64(1.0)}
{'training/total_steps': 34000, 'training/updates': 17, 'training/walltime': np.float64(3.668), 'training/update_time': np.float64(0.108), 'training/pc_loss': 0.0006847664481028914, 'training/mean_reward': 0.9897500276565552, 'training/mean_advantage_abs': 0.01839873194694519}
{'eval/num_episodes': 200, 'eval/mean_score': np.float64(0.995), 'eval/std_score': np.float64(0.0218), 'eval/mean_episode_length': np.float64(1.0)}
{'training/total_steps': 36000, 'training/updates': 18, 'training/walltime': np.float64(3.782), 'training/update_time': np.float64(0.113), 'training/pc_loss': 0.0004839937319047749, 'training/mean_reward': 0.9938501119613647, 'training/mean_advantage_abs': 0.0115434555336833}
{'eval/num_episodes': 200, 'eval/mean_score': np.float64(0.9985), 'eval/std_score': np.float64(0.0122), 'eval/mean_episode_length': np.float64(1.0)}
{'training/total_steps': 38000, 'training/updates': 19, 'training/walltime': np.float64(3.904), 'training/update_time': np.float64(0.122), 'training/pc_loss': 0.00026382505893707275, 'training/mean_reward': 0.9970001578330994, 'training/mean_advantage_abs': 0.005819852463901043}
{'eval/num_episodes': 200, 'eval/mean_score': np.float64(0.9995), 'eval/std_score': np.float64(0.0071), 'eval/mean_episode_length': np.float64(1.0)}
{'training/total_steps': 40000, 'training/updates': 20, 'training/walltime': np.float64(4.017), 'training/update_time': np.float64(0.112), 'training/pc_loss': 0.00023241036979015917, 'training/mean_reward': 0.9974502325057983, 'training/mean_advantage_abs': 0.004969731438905001}
{'eval/num_episodes': 200, 'eval/mean_score': np.float64(0.9965), 'eval/std_score': np.float64(0.0184), 'eval/mean_episode_length': np.float64(1.0)}
{'training/total_steps': 42000, 'training/updates': 21, 'training/walltime': np.float64(4.132), 'training/update_time': np.float64(0.114), 'training/pc_loss': 0.0001464614033466205, 'training/mean_reward': 0.9984501004219055, 'training/mean_advantage_abs': 0.003051853273063898}
{'eval/num_episodes': 200, 'eval/mean_score': np.float64(0.9995), 'eval/std_score': np.float64(0.0071), 'eval/mean_episode_length': np.float64(1.0)}
{'training/total_steps': 44000, 'training/updates': 22, 'training/walltime': np.float64(4.252), 'training/update_time': np.float64(0.119), 'training/pc_loss': 6.792219210183248e-05, 'training/mean_reward': 0.9993001222610474, 'training/mean_advantage_abs': 0.0013900797348469496}
{'eval/num_episodes': 200, 'eval/mean_score': np.float64(0.9995), 'eval/std_score': np.float64(0.0071), 'eval/mean_episode_length': np.float64(1.0)}
{'training/total_steps': 46000, 'training/updates': 23, 'training/walltime': np.float64(4.37), 'training/update_time': np.float64(0.117), 'training/pc_loss': 5.8665718825068325e-05, 'training/mean_reward': 0.9994000792503357, 'training/mean_advantage_abs': 0.0011927218874916434}
{'eval/num_episodes': 200, 'eval/mean_score': np.float64(0.999), 'eval/std_score': np.float64(0.0099), 'eval/mean_episode_length': np.float64(1.0)}
{'training/total_steps': 48000, 'training/updates': 24, 'training/walltime': np.float64(4.489), 'training/update_time': np.float64(0.117), 'training/pc_loss': 1.978162254090421e-05, 'training/mean_reward': 0.9998000860214233, 'training/mean_advantage_abs': 0.0003991143894381821}
{'eval/num_episodes': 200, 'eval/mean_score': np.float64(0.999), 'eval/std_score': np.float64(0.0099), 'eval/mean_episode_length': np.float64(1.0)}
{'training/total_steps': 50000, 'training/updates': 25, 'training/walltime': np.float64(4.605), 'training/update_time': np.float64(0.115), 'training/pc_loss': 4.4382883061189204e-05, 'training/mean_reward': 0.9995501041412354, 'training/mean_advantage_abs': 0.0008958469261415303}
{'eval/num_episodes': 200, 'eval/mean_score': np.float64(1.0), 'eval/std_score': np.float64(0.0), 'eval/mean_episode_length': np.float64(1.0)}
{'training/total_steps': 52000, 'training/updates': 26, 'training/walltime': np.float64(4.729), 'training/update_time': np.float64(0.123), 'training/pc_loss': 9.946456884790678e-06, 'training/mean_reward': 0.9999000430107117, 'training/mean_advantage_abs': 0.00019975710893049836}
{'eval/num_episodes': 200, 'eval/mean_score': np.float64(1.0), 'eval/std_score': np.float64(0.0), 'eval/mean_episode_length': np.float64(1.0)}
{'training/total_steps': 54000, 'training/updates': 27, 'training/walltime': np.float64(4.844), 'training/update_time': np.float64(0.114), 'training/pc_loss': 4.982880909665255e-06, 'training/mean_reward': 0.9999500513076782, 'training/mean_advantage_abs': 9.989875979954377e-05}
{'eval/num_episodes': 200, 'eval/mean_score': np.float64(1.0), 'eval/std_score': np.float64(0.0), 'eval/mean_episode_length': np.float64(1.0)}
{'training/total_steps': 56000, 'training/updates': 28, 'training/walltime': np.float64(4.955), 'training/update_time': np.float64(0.11), 'training/pc_loss': 4.98602321385988e-06, 'training/mean_reward': 0.9999500513076782, 'training/mean_advantage_abs': 9.989875979954377e-05}
{'eval/num_episodes': 200, 'eval/mean_score': np.float64(0.9995), 'eval/std_score': np.float64(0.0071), 'eval/mean_episode_length': np.float64(1.0)}
{'training/total_steps': 58000, 'training/updates': 29, 'training/walltime': np.float64(5.078), 'training/update_time': np.float64(0.122), 'training/pc_loss': 4.988207820133539e-06, 'training/mean_reward': 0.9999500513076782, 'training/mean_advantage_abs': 9.989875979954377e-05}
{'eval/num_episodes': 200, 'eval/mean_score': np.float64(1.0), 'eval/std_score': np.float64(0.0), 'eval/mean_episode_length': np.float64(1.0)}
{'training/total_steps': 60000, 'training/updates': 30, 'training/walltime': np.float64(5.201), 'training/update_time': np.float64(0.122), 'training/pc_loss': 4.989738044969272e-06, 'training/mean_reward': 0.9999500513076782, 'training/mean_advantage_abs': 9.989875979954377e-05}
{'eval/num_episodes': 200, 'eval/mean_score': np.float64(1.0), 'eval/std_score': np.float64(0.0), 'eval/mean_episode_length': np.float64(1.0)}
TRAINING END: training duration: 5.201485872268677
