|param: value|
|experiment_name:  reinforce_procgen|
|seed:  3|
|platform:  cpu|
|write_logs_to_file:  False|
|save_model:  False|
|env_name:  bandit|
|num_envs:  1|
|num_train_levels:  200|
|distribution_mode:  easy|
|arm_means:  (1.0, 0.9)|
|deterministic_rewards:  True|
|eval_env:  True|
|num_eval_episodes:  200|
|eval_every:  1|
|deterministic_eval:  False|
|normalize_observations:  True|
|total_timesteps:  60000|
|learning_rate:  0.5|
|optimizer:  sgd|
|unroll_length:  2048|
|anneal_lr:  False|
|gamma:  0.99|
|batch_size:  1|
|num_minibatches:  1|
|update_epochs:  1|
|entropy_cost:  0.0|
|max_grad_norm:  0.5|
|reward_scaling:  1.0|
|use_cnn:  False|
|policy_hidden_layer_sizes:  ()|
|value_hidden_layer_sizes:  ()|
|activation:  <jax._src.custom_derivatives.custom_jvp object at 0x107b985d0>|
|policy_init_logit_bias:  [4.0, 0.0]|
{'training/total_steps': 2000, 'training/updates': 1, 'training/sps': np.float64(1834.156), 'training/walltime': np.float64(1.09), 'training/rollout_time': np.float64(0.42), 'training/update_time': np.float64(0.67), 'training/approx_kl': 0.0, 'training/entropy': 0.09009480476379395, 'training/policy_loss': 0.05213819444179535, 'training/total_loss': 0.3280728757381439, 'training/value_loss': 0.5518693327903748}
{'eval/num_episodes': 200, 'eval/num_steps': 200, 'eval/mean_score': np.float64(0.998), 'eval/std_score': np.float64(0.014), 'eval/mean_episode_length': np.float64(1.0), 'eval/std_episode_length': np.float64(0.0), 'eval/eval_time': 0.06857705116271973}
{'training/total_steps': 4000, 'training/updates': 2, 'training/sps': np.float64(6386.756), 'training/walltime': np.float64(1.473), 'training/rollout_time': np.float64(0.312), 'training/update_time': np.float64(0.001), 'training/approx_kl': 0.0, 'training/entropy': 0.08984654396772385, 'training/policy_loss': 0.03437774255871773, 'training/total_loss': 0.1099139004945755, 'training/value_loss': 0.15107232332229614}
{'eval/num_episodes': 200, 'eval/num_steps': 200, 'eval/mean_score': np.float64(0.999), 'eval/std_score': np.float64(0.01), 'eval/mean_episode_length': np.float64(1.0), 'eval/std_episode_length': np.float64(0.0), 'eval/eval_time': 0.07079029083251953}
{'training/total_steps': 6000, 'training/updates': 3, 'training/sps': np.float64(5297.116), 'training/walltime': np.float64(1.921), 'training/rollout_time': np.float64(0.376), 'training/update_time': np.float64(0.002), 'training/approx_kl': 0.0, 'training/entropy': 0.0898299291729927, 'training/policy_loss': -0.004140696953982115, 'training/total_loss': -0.003425105707719922, 'training/value_loss': 0.001431182725355029}
{'eval/num_episodes': 200, 'eval/num_steps': 200, 'eval/mean_score': np.float64(0.998), 'eval/std_score': np.float64(0.014), 'eval/mean_episode_length': np.float64(1.0), 'eval/std_episode_length': np.float64(0.0), 'eval/eval_time': 0.07506608963012695}
{'training/total_steps': 8000, 'training/updates': 4, 'training/sps': np.float64(6020.05), 'training/walltime': np.float64(2.329), 'training/rollout_time': np.float64(0.331), 'training/update_time': np.float64(0.001), 'training/approx_kl': 0.0, 'training/entropy': 0.0895729809999466, 'training/policy_loss': -0.006284613162279129, 'training/total_loss': -0.006205847952514887, 'training/value_loss': 0.00015753015759401023}
{'eval/num_episodes': 200, 'eval/num_steps': 200, 'eval/mean_score': np.float64(0.997), 'eval/std_score': np.float64(0.016), 'eval/mean_episode_length': np.float64(1.0), 'eval/std_episode_length': np.float64(0.0), 'eval/eval_time': 0.0721590518951416}
{'training/total_steps': 10000, 'training/updates': 5, 'training/sps': np.float64(6445.814), 'training/walltime': np.float64(2.712), 'training/rollout_time': np.float64(0.309), 'training/update_time': np.float64(0.002), 'training/approx_kl': 0.0, 'training/entropy': 0.08935189992189407, 'training/policy_loss': -0.006512432359158993, 'training/total_loss': -0.006431292276829481, 'training/value_loss': 0.00016228009189944714}
{'eval/num_episodes': 200, 'eval/num_steps': 200, 'eval/mean_score': np.float64(0.999), 'eval/std_score': np.float64(0.01), 'eval/mean_episode_length': np.float64(1.0), 'eval/std_episode_length': np.float64(0.0), 'eval/eval_time': 0.07343411445617676}
{'training/total_steps': 12000, 'training/updates': 6, 'training/sps': np.float64(5959.46), 'training/walltime': np.float64(3.121), 'training/rollout_time': np.float64(0.334), 'training/update_time': np.float64(0.001), 'training/approx_kl': 0.0, 'training/entropy': 0.08912461251020432, 'training/policy_loss': -0.006910047493875027, 'training/total_loss': -0.006824073847383261, 'training/value_loss': 0.00017194758402183652}
{'eval/num_episodes': 200, 'eval/num_steps': 200, 'eval/mean_score': np.float64(0.998), 'eval/std_score': np.float64(0.014), 'eval/mean_episode_length': np.float64(1.0), 'eval/std_episode_length': np.float64(0.0), 'eval/eval_time': 0.07152676582336426}
{'training/total_steps': 14000, 'training/updates': 7, 'training/sps': np.float64(6597.561), 'training/walltime': np.float64(3.496), 'training/rollout_time': np.float64(0.302), 'training/update_time': np.float64(0.002), 'training/approx_kl': 0.0, 'training/entropy': 0.08888436108827591, 'training/policy_loss': -0.00611418392509222, 'training/total_loss': -0.006037865299731493, 'training/value_loss': 0.00015263752720784396}
{'eval/num_episodes': 200, 'eval/num_steps': 200, 'eval/mean_score': np.float64(0.997), 'eval/std_score': np.float64(0.016), 'eval/mean_episode_length': np.float64(1.0), 'eval/std_episode_length': np.float64(0.0), 'eval/eval_time': 0.07245087623596191}
{'training/total_steps': 16000, 'training/updates': 8, 'training/sps': np.float64(6341.535), 'training/walltime': np.float64(3.885), 'training/rollout_time': np.float64(0.306), 'training/update_time': np.float64(0.009), 'training/approx_kl': 0.0, 'training/entropy': 0.08867144584655762, 'training/policy_loss': -0.006333658471703529, 'training/total_loss': -0.006254937034100294, 'training/value_loss': 0.00015744265692774206}
{'eval/num_episodes': 200, 'eval/num_steps': 200, 'eval/mean_score': np.float64(0.998), 'eval/std_score': np.float64(0.014), 'eval/mean_episode_length': np.float64(1.0), 'eval/std_episode_length': np.float64(0.0), 'eval/eval_time': 0.09200072288513184}
{'training/total_steps': 18000, 'training/updates': 9, 'training/sps': np.float64(5899.116), 'training/walltime': np.float64(4.316), 'training/rollout_time': np.float64(0.337), 'training/update_time': np.float64(0.002), 'training/approx_kl': 0.0, 'training/entropy': 0.08845251053571701, 'training/policy_loss': -0.0071298652328550816, 'training/total_loss': -0.007041465025395155, 'training/value_loss': 0.00017680008022580296}
{'eval/num_episodes': 200, 'eval/num_steps': 200, 'eval/mean_score': np.float64(0.999), 'eval/std_score': np.float64(0.01), 'eval/mean_episode_length': np.float64(1.0), 'eval/std_episode_length': np.float64(0.0), 'eval/eval_time': 0.07352089881896973}
{'training/total_steps': 20000, 'training/updates': 10, 'training/sps': np.float64(5037.392), 'training/walltime': np.float64(4.787), 'training/rollout_time': np.float64(0.395), 'training/update_time': np.float64(0.002), 'training/approx_kl': 0.0, 'training/entropy': 0.08820724487304688, 'training/policy_loss': -0.005132006946951151, 'training/total_loss': -0.005067727062851191, 'training/value_loss': 0.00012856004468631}
{'eval/num_episodes': 200, 'eval/num_steps': 200, 'eval/mean_score': np.float64(0.998), 'eval/std_score': np.float64(0.014), 'eval/mean_episode_length': np.float64(1.0), 'eval/std_episode_length': np.float64(0.0), 'eval/eval_time': 0.07270002365112305}
{'training/total_steps': 22000, 'training/updates': 11, 'training/sps': np.float64(5808.416), 'training/walltime': np.float64(5.204), 'training/rollout_time': np.float64(0.343), 'training/update_time': np.float64(0.002), 'training/approx_kl': 0.0, 'training/entropy': 0.08802914619445801, 'training/policy_loss': -0.008366146124899387, 'training/total_loss': -0.008263031020760536, 'training/value_loss': 0.00020623022282961756}
{'eval/num_episodes': 200, 'eval/num_steps': 200, 'eval/mean_score': np.float64(0.999), 'eval/std_score': np.float64(0.01), 'eval/mean_episode_length': np.float64(1.0), 'eval/std_episode_length': np.float64(0.0), 'eval/eval_time': 0.07279729843139648}
{'training/total_steps': 24000, 'training/updates': 12, 'training/sps': np.float64(5392.855), 'training/walltime': np.float64(5.648), 'training/rollout_time': np.float64(0.369), 'training/update_time': np.float64(0.001), 'training/approx_kl': 0.0, 'training/entropy': 0.08774478733539581, 'training/policy_loss': -0.006111231166869402, 'training/total_loss': -0.006034781225025654, 'training/value_loss': 0.00015290007286239415}
{'eval/num_episodes': 200, 'eval/num_steps': 200, 'eval/mean_score': np.float64(0.998), 'eval/std_score': np.float64(0.014), 'eval/mean_episode_length': np.float64(1.0), 'eval/std_episode_length': np.float64(0.0), 'eval/eval_time': 0.079132080078125}
{'training/total_steps': 26000, 'training/updates': 13, 'training/sps': np.float64(6419.768), 'training/walltime': np.float64(6.04), 'training/rollout_time': np.float64(0.31), 'training/update_time': np.float64(0.002), 'training/approx_kl': 0.0, 'training/entropy': 0.08753442764282227, 'training/policy_loss': -0.007756594568490982, 'training/total_loss': -0.007660915609449148, 'training/value_loss': 0.00019135759794153273}
{'eval/num_episodes': 200, 'eval/num_steps': 200, 'eval/mean_score': np.float64(0.997), 'eval/std_score': np.float64(0.017), 'eval/mean_episode_length': np.float64(1.0), 'eval/std_episode_length': np.float64(0.0), 'eval/eval_time': 0.07766890525817871}
{'training/total_steps': 28000, 'training/updates': 14, 'training/sps': np.float64(5875.96), 'training/walltime': np.float64(6.458), 'training/rollout_time': np.float64(0.339), 'training/update_time': np.float64(0.002), 'training/approx_kl': 0.0, 'training/entropy': 0.08727145195007324, 'training/policy_loss': -0.0051389457657933235, 'training/total_loss': -0.005074579268693924, 'training/value_loss': 0.00012873260129708797}
{'eval/num_episodes': 200, 'eval/num_steps': 200, 'eval/mean_score': np.float64(0.999), 'eval/std_score': np.float64(0.007), 'eval/mean_episode_length': np.float64(1.0), 'eval/std_episode_length': np.float64(0.0), 'eval/eval_time': 0.07103490829467773}
{'training/total_steps': 30000, 'training/updates': 15, 'training/sps': np.float64(6427.013), 'training/walltime': np.float64(6.841), 'training/rollout_time': np.float64(0.31), 'training/update_time': np.float64(0.001), 'training/approx_kl': 0.0, 'training/entropy': 0.08709509670734406, 'training/policy_loss': -0.0069912998005747795, 'training/total_loss': -0.006905229762196541, 'training/value_loss': 0.00017214016406796873}
{'eval/num_episodes': 200, 'eval/num_steps': 200, 'eval/mean_score': np.float64(0.997), 'eval/std_score': np.float64(0.016), 'eval/mean_episode_length': np.float64(1.0), 'eval/std_episode_length': np.float64(0.0), 'eval/eval_time': 0.07105302810668945}
{'training/total_steps': 32000, 'training/updates': 16, 'training/sps': np.float64(5818.706), 'training/walltime': np.float64(7.256), 'training/rollout_time': np.float64(0.342), 'training/update_time': np.float64(0.001), 'training/approx_kl': 0.0, 'training/entropy': 0.08685986697673798, 'training/policy_loss': -0.007756159175187349, 'training/total_loss': -0.007660540286451578, 'training/value_loss': 0.00019123751553706825}
{'eval/num_episodes': 200, 'eval/num_steps': 200, 'eval/mean_score': np.float64(0.998), 'eval/std_score': np.float64(0.014), 'eval/mean_episode_length': np.float64(1.0), 'eval/std_episode_length': np.float64(0.0), 'eval/eval_time': 0.07494497299194336}
{'training/total_steps': 34000, 'training/updates': 17, 'training/sps': np.float64(6426.88), 'training/walltime': np.float64(7.642), 'training/rollout_time': np.float64(0.31), 'training/update_time': np.float64(0.002), 'training/approx_kl': 0.0, 'training/entropy': 0.08659886568784714, 'training/policy_loss': -0.006747058127075434, 'training/total_loss': -0.0066634719260036945, 'training/value_loss': 0.00016717264952603728}
{'eval/num_episodes': 200, 'eval/num_steps': 200, 'eval/mean_score': np.float64(0.999), 'eval/std_score': np.float64(0.01), 'eval/mean_episode_length': np.float64(1.0), 'eval/std_episode_length': np.float64(0.0), 'eval/eval_time': 0.07025289535522461}
{'training/total_steps': 36000, 'training/updates': 18, 'training/sps': np.float64(6380.499), 'training/walltime': np.float64(8.026), 'training/rollout_time': np.float64(0.312), 'training/update_time': np.float64(0.001), 'training/approx_kl': 0.0, 'training/entropy': 0.08637142181396484, 'training/policy_loss': -0.004573064856231213, 'training/total_loss': -0.004516074899584055, 'training/value_loss': 0.00011398002970963717}
{'eval/num_episodes': 200, 'eval/num_steps': 200, 'eval/mean_score': np.float64(0.999), 'eval/std_score': np.float64(0.01), 'eval/mean_episode_length': np.float64(1.0), 'eval/std_episode_length': np.float64(0.0), 'eval/eval_time': 0.12112736701965332}
{'training/total_steps': 38000, 'training/updates': 19, 'training/sps': np.float64(5830.228), 'training/walltime': np.float64(8.491), 'training/rollout_time': np.float64(0.342), 'training/update_time': np.float64(0.001), 'training/approx_kl': 0.0, 'training/entropy': 0.08621646463871002, 'training/policy_loss': -0.005617391783744097, 'training/total_loss': -0.005548340734094381, 'training/value_loss': 0.0001381025358568877}
{'eval/num_episodes': 200, 'eval/num_steps': 200, 'eval/mean_score': np.float64(0.998), 'eval/std_score': np.float64(0.014), 'eval/mean_episode_length': np.float64(1.0), 'eval/std_episode_length': np.float64(0.0), 'eval/eval_time': 0.08053994178771973}
{'training/total_steps': 40000, 'training/updates': 20, 'training/sps': np.float64(5292.751), 'training/walltime': np.float64(8.95), 'training/rollout_time': np.float64(0.376), 'training/update_time': np.float64(0.001), 'training/approx_kl': 0.0, 'training/entropy': 0.08602946251630783, 'training/policy_loss': -0.007411295082420111, 'training/total_loss': -0.00732040498405695, 'training/value_loss': 0.00018178013851866126}
{'eval/num_episodes': 200, 'eval/num_steps': 200, 'eval/mean_score': np.float64(0.998), 'eval/std_score': np.float64(0.014), 'eval/mean_episode_length': np.float64(1.0), 'eval/std_episode_length': np.float64(0.0), 'eval/eval_time': 0.07339811325073242}
{'training/total_steps': 42000, 'training/updates': 21, 'training/sps': np.float64(5083.688), 'training/walltime': np.float64(9.417), 'training/rollout_time': np.float64(0.392), 'training/update_time': np.float64(0.002), 'training/approx_kl': 0.0, 'training/entropy': 0.08578365296125412, 'training/policy_loss': -0.005974889267235994, 'training/total_loss': -0.005900952965021133, 'training/value_loss': 0.0001478725898778066}
{'eval/num_episodes': 200, 'eval/num_steps': 200, 'eval/mean_score': np.float64(0.997), 'eval/std_score': np.float64(0.016), 'eval/mean_episode_length': np.float64(1.0), 'eval/std_episode_length': np.float64(0.0), 'eval/eval_time': 0.07687497138977051}
{'training/total_steps': 44000, 'training/updates': 22, 'training/sps': np.float64(5883.646), 'training/walltime': np.float64(9.834), 'training/rollout_time': np.float64(0.338), 'training/update_time': np.float64(0.001), 'training/approx_kl': 0.0, 'training/entropy': 0.08558415621519089, 'training/policy_loss': -0.007615111768245697, 'training/total_loss': -0.007521836552768946, 'training/value_loss': 0.0001865500962594524}
{'eval/num_episodes': 200, 'eval/num_steps': 200, 'eval/mean_score': np.float64(0.998), 'eval/std_score': np.float64(0.014), 'eval/mean_episode_length': np.float64(1.0), 'eval/std_episode_length': np.float64(0.0), 'eval/eval_time': 0.06944799423217773}
{'training/total_steps': 46000, 'training/updates': 23, 'training/sps': np.float64(6184.816), 'training/walltime': np.float64(10.227), 'training/rollout_time': np.float64(0.322), 'training/update_time': np.float64(0.001), 'training/approx_kl': 0.0, 'training/entropy': 0.08533310145139694, 'training/policy_loss': -0.004978694021701813, 'training/total_loss': -0.004916763864457607, 'training/value_loss': 0.0001238599797943607}
{'eval/num_episodes': 200, 'eval/num_steps': 200, 'eval/mean_score': np.float64(0.997), 'eval/std_score': np.float64(0.016), 'eval/mean_episode_length': np.float64(1.0), 'eval/std_episode_length': np.float64(0.0), 'eval/eval_time': 0.07091999053955078}
{'training/total_steps': 48000, 'training/updates': 24, 'training/sps': np.float64(5654.785), 'training/walltime': np.float64(10.652), 'training/rollout_time': np.float64(0.352), 'training/update_time': np.float64(0.002), 'training/approx_kl': 0.0, 'training/entropy': 0.08516685664653778, 'training/policy_loss': -0.00805399939417839, 'training/total_loss': -0.007955717854201794, 'training/value_loss': 0.00019656261429190636}
{'eval/num_episodes': 200, 'eval/num_steps': 200, 'eval/mean_score': np.float64(0.998), 'eval/std_score': np.float64(0.014), 'eval/mean_episode_length': np.float64(1.0), 'eval/std_episode_length': np.float64(0.0), 'eval/eval_time': 0.07390189170837402}
{'training/total_steps': 50000, 'training/updates': 25, 'training/sps': np.float64(6397.15), 'training/walltime': np.float64(11.039), 'training/rollout_time': np.float64(0.311), 'training/update_time': np.float64(0.001), 'training/approx_kl': 0.0, 'training/entropy': 0.0849037915468216, 'training/policy_loss': -0.004779292270541191, 'training/total_loss': -0.0047196922823786736, 'training/value_loss': 0.0001192000272567384}
{'eval/num_episodes': 200, 'eval/num_steps': 200, 'eval/mean_score': np.float64(0.998), 'eval/std_score': np.float64(0.014), 'eval/mean_episode_length': np.float64(1.0), 'eval/std_episode_length': np.float64(0.0), 'eval/eval_time': 0.07122397422790527}
{'training/total_steps': 52000, 'training/updates': 26, 'training/sps': np.float64(6136.473), 'training/walltime': np.float64(11.437), 'training/rollout_time': np.float64(0.324), 'training/update_time': np.float64(0.002), 'training/approx_kl': 0.0, 'training/entropy': 0.08474469184875488, 'training/policy_loss': -0.007464431691914797, 'training/total_loss': -0.007373431697487831, 'training/value_loss': 0.00018200010526925325}
{'eval/num_episodes': 200, 'eval/num_steps': 200, 'eval/mean_score': np.float64(0.999), 'eval/std_score': np.float64(0.007), 'eval/mean_episode_length': np.float64(1.0), 'eval/std_episode_length': np.float64(0.0), 'eval/eval_time': 0.07195591926574707}
{'training/total_steps': 54000, 'training/updates': 27, 'training/sps': np.float64(4735.364), 'training/walltime': np.float64(11.931), 'training/rollout_time': np.float64(0.421), 'training/update_time': np.float64(0.001), 'training/approx_kl': 0.0, 'training/entropy': 0.08450223505496979, 'training/policy_loss': -0.007209936156868935, 'training/total_loss': -0.007121555041521788, 'training/value_loss': 0.00017676259449217469}
{'eval/num_episodes': 200, 'eval/num_steps': 200, 'eval/mean_score': np.float64(0.998), 'eval/std_score': np.float64(0.014), 'eval/mean_episode_length': np.float64(1.0), 'eval/std_episode_length': np.float64(0.0), 'eval/eval_time': 0.07307100296020508}
{'training/total_steps': 56000, 'training/updates': 28, 'training/sps': np.float64(6048.128), 'training/walltime': np.float64(12.335), 'training/rollout_time': np.float64(0.329), 'training/update_time': np.float64(0.002), 'training/approx_kl': 0.0, 'training/entropy': 0.08426706492900848, 'training/policy_loss': -0.0068178726360201836, 'training/total_loss': -0.006734312511980534, 'training/value_loss': 0.00016712010256014764}
{'eval/num_episodes': 200, 'eval/num_steps': 200, 'eval/mean_score': np.float64(0.998), 'eval/std_score': np.float64(0.012), 'eval/mean_episode_length': np.float64(1.0), 'eval/std_episode_length': np.float64(0.0), 'eval/eval_time': 0.0718071460723877}
{'training/total_steps': 58000, 'training/updates': 29, 'training/sps': np.float64(4955.973), 'training/walltime': np.float64(12.811), 'training/rollout_time': np.float64(0.402), 'training/update_time': np.float64(0.001), 'training/approx_kl': 0.0, 'training/entropy': 0.0840451717376709, 'training/policy_loss': -0.005621427670121193, 'training/total_loss': -0.005552362650632858, 'training/value_loss': 0.0001381300389766693}
{'eval/num_episodes': 200, 'eval/num_steps': 200, 'eval/mean_score': np.float64(0.999), 'eval/std_score': np.float64(0.01), 'eval/mean_episode_length': np.float64(1.0), 'eval/std_episode_length': np.float64(0.0), 'eval/eval_time': 0.07166695594787598}
{'training/total_steps': 60000, 'training/updates': 30, 'training/sps': np.float64(6348.259), 'training/walltime': np.float64(13.198), 'training/rollout_time': np.float64(0.313), 'training/update_time': np.float64(0.002), 'training/approx_kl': 0.0, 'training/entropy': 0.08386214077472687, 'training/policy_loss': -0.0060524409636855125, 'training/total_loss': -0.005978561006486416, 'training/value_loss': 0.00014776013267692178}
{'eval/num_episodes': 200, 'eval/num_steps': 200, 'eval/mean_score': np.float64(1.0), 'eval/std_score': np.float64(0.0), 'eval/mean_episode_length': np.float64(1.0), 'eval/std_episode_length': np.float64(0.0), 'eval/eval_time': 0.07087111473083496}
TRAINING END: training duration: 13.269461154937744
{'final_eval/num_episodes': 200, 'final_eval/num_steps': 200, 'final_eval/mean_score': np.float64(1.0), 'final_eval/std_score': np.float64(0.0), 'final_eval/mean_episode_length': np.float64(1.0), 'final_eval/std_episode_length': np.float64(0.0)}
(0.0)}
