|param: value|
|experiment_name:  trpo_procgen|
|seed:  3|
|platform:  cpu|
|write_logs_to_file:  False|
|save_model:  False|
|env_name:  bandit|
|num_envs:  8|
|num_train_levels:  200|
|distribution_mode:  easy|
|arm_means:  (1.0, 0.9)|
|deterministic_rewards:  True|
|eval_env:  True|
|num_eval_episodes:  200|
|eval_every:  1|
|deterministic_eval:  False|
|normalize_observations:  True|
|total_timesteps:  60000|
|learning_rate:  0.01|
|unroll_length:  250|
|anneal_lr:  False|
|gamma:  0.99|
|gae_lambda:  0.95|
|batch_size:  1|
|num_minibatches:  8|
|update_epochs:  10|
|normalize_advantages:  True|
|target_kl:  0.01|
|cg_damping:  0.1|
|cg_max_iterations:  10|
|line_search_max_iter:  10|
|line_search_shrinking_factor:  0.8|
|vf_cost:  1.0|
|max_grad_norm:  0.5|
|reward_scaling:  1.0|
|use_cnn:  False|
|policy_hidden_layer_sizes:  ()|
|value_hidden_layer_sizes:  ()|
|activation:  <jax._src.custom_derivatives.custom_jvp object at 0x107b985d0>|
|policy_init_logit_bias:  [4.0, 0.0]|
|entropy_cost:  0.0|
{'training/total_steps': 2000, 'training/updates': 1, 'training/sps': np.float64(1461.027), 'training/walltime': np.float64(1.369), 'training/rollout_time': np.float64(0.116), 'training/update_time': np.float64(1.253), 'training/iterations': 1.0, 'training/kl_div': 0.0009386284509673715, 'training/line_search_success': 1.0, 'training/new_policy_objective': 0.1135360449552536, 'training/policy_objective': 0.09888751804828644, 'training/value_loss': 0.045021992176771164}
{'eval/num_episodes': 200, 'eval/num_steps': 200, 'eval/mean_score': np.float64(1.0), 'eval/std_score': np.float64(0.0), 'eval/mean_episode_length': np.float64(1.0), 'eval/std_episode_length': np.float64(0.0), 'eval/eval_time': 0.07175898551940918}
{'training/total_steps': 4000, 'training/updates': 2, 'training/sps': np.float64(20475.201), 'training/walltime': np.float64(1.557), 'training/rollout_time': np.float64(0.094), 'training/update_time': np.float64(0.003), 'training/iterations': 1.0, 'training/kl_div': 0.0009396630339324474, 'training/line_search_success': 1.0, 'training/new_policy_objective': -0.005758383311331272, 'training/policy_objective': -0.005774063523858786, 'training/value_loss': 6.625878540944541e-06}
{'eval/num_episodes': 200, 'eval/num_steps': 200, 'eval/mean_score': np.float64(0.998), 'eval/std_score': np.float64(0.012), 'eval/mean_episode_length': np.float64(1.0), 'eval/std_episode_length': np.float64(0.0), 'eval/eval_time': 0.07362985610961914}
{'training/total_steps': 6000, 'training/updates': 3, 'training/sps': np.float64(19900.901), 'training/walltime': np.float64(1.732), 'training/rollout_time': np.float64(0.097), 'training/update_time': np.float64(0.003), 'training/iterations': 1.0, 'training/kl_div': 0.001098986016586423, 'training/line_search_success': 1.0, 'training/new_policy_objective': 0.1495548039674759, 'training/policy_objective': 0.1293444037437439, 'training/value_loss': 0.00013880443293601274}
{'eval/num_episodes': 200, 'eval/num_steps': 200, 'eval/mean_score': np.float64(1.0), 'eval/std_score': np.float64(0.0), 'eval/mean_episode_length': np.float64(1.0), 'eval/std_episode_length': np.float64(0.0), 'eval/eval_time': 0.07341790199279785}
{'training/total_steps': 8000, 'training/updates': 4, 'training/sps': np.float64(19084.667), 'training/walltime': np.float64(1.911), 'training/rollout_time': np.float64(0.101), 'training/update_time': np.float64(0.003), 'training/iterations': 1.0, 'training/kl_div': 0.0011324821971356869, 'training/line_search_success': 1.0, 'training/new_policy_objective': -0.02261202782392502, 'training/policy_objective': -0.022687818855047226, 'training/value_loss': 3.906851020474278e-07}
{'eval/num_episodes': 200, 'eval/num_steps': 200, 'eval/mean_score': np.float64(0.997), 'eval/std_score': np.float64(0.017), 'eval/mean_episode_length': np.float64(1.0), 'eval/std_episode_length': np.float64(0.0), 'eval/eval_time': 0.07581400871276855}
{'training/total_steps': 10000, 'training/updates': 5, 'training/sps': np.float64(18863.182), 'training/walltime': np.float64(2.093), 'training/rollout_time': np.float64(0.103), 'training/update_time': np.float64(0.003), 'training/iterations': 1.0, 'training/kl_div': 0.0013028739485889673, 'training/line_search_success': 1.0, 'training/new_policy_objective': 0.14227864146232605, 'training/policy_objective': 0.12083012610673904, 'training/value_loss': 0.00013411666441243142}
{'eval/num_episodes': 200, 'eval/num_steps': 200, 'eval/mean_score': np.float64(1.0), 'eval/std_score': np.float64(0.0), 'eval/mean_episode_length': np.float64(1.0), 'eval/std_episode_length': np.float64(0.0), 'eval/eval_time': 0.08307528495788574}
{'training/total_steps': 12000, 'training/updates': 6, 'training/sps': np.float64(18229.526), 'training/walltime': np.float64(2.286), 'training/rollout_time': np.float64(0.106), 'training/update_time': np.float64(0.004), 'training/iterations': 1.0, 'training/kl_div': 0.0013839382445439696, 'training/line_search_success': 1.0, 'training/new_policy_objective': -0.02257179096341133, 'training/policy_objective': -0.02266683056950569, 'training/value_loss': 3.3973577728829696e-07}
{'eval/num_episodes': 200, 'eval/num_steps': 200, 'eval/mean_score': np.float64(0.997), 'eval/std_score': np.float64(0.017), 'eval/mean_episode_length': np.float64(1.0), 'eval/std_episode_length': np.float64(0.0), 'eval/eval_time': 0.08544468879699707}
{'training/total_steps': 14000, 'training/updates': 7, 'training/sps': np.float64(10626.427), 'training/walltime': np.float64(2.56), 'training/rollout_time': np.float64(0.185), 'training/update_time': np.float64(0.003), 'training/iterations': 1.0, 'training/kl_div': 0.0015634831506758928, 'training/line_search_success': 1.0, 'training/new_policy_objective': 0.16082507371902466, 'training/policy_objective': 0.13476866483688354, 'training/value_loss': 0.0001741000305628404}
{'eval/num_episodes': 200, 'eval/num_steps': 200, 'eval/mean_score': np.float64(1.0), 'eval/std_score': np.float64(0.0), 'eval/mean_episode_length': np.float64(1.0), 'eval/std_episode_length': np.float64(0.0), 'eval/eval_time': 0.0755162239074707}
{'training/total_steps': 16000, 'training/updates': 8, 'training/sps': np.float64(19383.032), 'training/walltime': np.float64(2.739), 'training/rollout_time': np.float64(0.1), 'training/update_time': np.float64(0.003), 'training/iterations': 1.0, 'training/kl_div': 0.0017117137322202325, 'training/line_search_success': 1.0, 'training/new_policy_objective': -0.022513575851917267, 'training/policy_objective': -0.022635094821453094, 'training/value_loss': 4.99392058372905e-07}
{'eval/num_episodes': 200, 'eval/num_steps': 200, 'eval/mean_score': np.float64(0.995), 'eval/std_score': np.float64(0.021), 'eval/mean_episode_length': np.float64(1.0), 'eval/std_episode_length': np.float64(0.0), 'eval/eval_time': 0.07364797592163086}
{'training/total_steps': 18000, 'training/updates': 9, 'training/sps': np.float64(13275.635), 'training/walltime': np.float64(2.964), 'training/rollout_time': np.float64(0.145), 'training/update_time': np.float64(0.006), 'training/iterations': 1.0, 'training/kl_div': 0.001896668691188097, 'training/line_search_success': 1.0, 'training/new_policy_objective': 0.17956343293190002, 'training/policy_objective': 0.15706026554107666, 'training/value_loss': 0.00019737389811780304}
{'eval/num_episodes': 200, 'eval/num_steps': 200, 'eval/mean_score': np.float64(1.0), 'eval/std_score': np.float64(0.0), 'eval/mean_episode_length': np.float64(1.0), 'eval/std_episode_length': np.float64(0.0), 'eval/eval_time': 0.07539701461791992}
{'training/total_steps': 20000, 'training/updates': 10, 'training/sps': np.float64(12360.254), 'training/walltime': np.float64(3.202), 'training/rollout_time': np.float64(0.155), 'training/update_time': np.float64(0.007), 'training/iterations': 1.0, 'training/kl_div': nan, 'training/line_search_success': 0.0, 'training/new_policy_objective': nan, 'training/policy_objective': 0.0, 'training/value_loss': 6.540065555782348e-07}
{'eval/num_episodes': 200, 'eval/num_steps': 200, 'eval/mean_score': np.float64(1.0), 'eval/std_score': np.float64(0.0), 'eval/mean_episode_length': np.float64(1.0), 'eval/std_episode_length': np.float64(0.0), 'eval/eval_time': 0.08545207977294922}
{'training/total_steps': 22000, 'training/updates': 11, 'training/sps': np.float64(20110.586), 'training/walltime': np.float64(3.394), 'training/rollout_time': np.float64(0.096), 'training/update_time': np.float64(0.003), 'training/iterations': 1.0, 'training/kl_div': 5.808863534184638e-06, 'training/line_search_success': 1.0, 'training/new_policy_objective': 0.00036369572626426816, 'training/policy_objective': 0.0003636915935203433, 'training/value_loss': 1.5584485091313383e-10}
{'eval/num_episodes': 200, 'eval/num_steps': 200, 'eval/mean_score': np.float64(1.0), 'eval/std_score': np.float64(0.0), 'eval/mean_episode_length': np.float64(1.0), 'eval/std_episode_length': np.float64(0.0), 'eval/eval_time': 0.0729820728302002}
{'training/total_steps': 24000, 'training/updates': 12, 'training/sps': np.float64(20047.29), 'training/walltime': np.float64(3.567), 'training/rollout_time': np.float64(0.097), 'training/update_time': np.float64(0.003), 'training/iterations': 1.0, 'training/kl_div': nan, 'training/line_search_success': 0.125, 'training/new_policy_objective': nan, 'training/policy_objective': -5.684311872755643e-06, 'training/value_loss': 3.885780586188048e-14}
{'eval/num_episodes': 200, 'eval/num_steps': 200, 'eval/mean_score': np.float64(1.0), 'eval/std_score': np.float64(0.0), 'eval/mean_episode_length': np.float64(1.0), 'eval/std_episode_length': np.float64(0.0), 'eval/eval_time': 0.07459521293640137}
{'training/total_steps': 26000, 'training/updates': 13, 'training/sps': np.float64(19736.09), 'training/walltime': np.float64(3.744), 'training/rollout_time': np.float64(0.098), 'training/update_time': np.float64(0.003), 'training/iterations': 1.0, 'training/kl_div': nan, 'training/line_search_success': 0.0, 'training/new_policy_objective': nan, 'training/policy_objective': 0.0, 'training/value_loss': 0.0}
{'eval/num_episodes': 200, 'eval/num_steps': 200, 'eval/mean_score': np.float64(1.0), 'eval/std_score': np.float64(0.0), 'eval/mean_episode_length': np.float64(1.0), 'eval/std_episode_length': np.float64(0.0), 'eval/eval_time': 0.07366490364074707}
{'training/total_steps': 28000, 'training/updates': 14, 'training/sps': np.float64(19504.535), 'training/walltime': np.float64(3.92), 'training/rollout_time': np.float64(0.099), 'training/update_time': np.float64(0.003), 'training/iterations': 1.0, 'training/kl_div': nan, 'training/line_search_success': 0.0, 'training/new_policy_objective': nan, 'training/policy_objective': 0.0, 'training/value_loss': 0.0}
{'eval/num_episodes': 200, 'eval/num_steps': 200, 'eval/mean_score': np.float64(1.0), 'eval/std_score': np.float64(0.0), 'eval/mean_episode_length': np.float64(1.0), 'eval/std_episode_length': np.float64(0.0), 'eval/eval_time': 0.07210803031921387}
{'training/total_steps': 30000, 'training/updates': 15, 'training/sps': np.float64(19425.269), 'training/walltime': np.float64(4.096), 'training/rollout_time': np.float64(0.098), 'training/update_time': np.float64(0.005), 'training/iterations': 1.0, 'training/kl_div': nan, 'training/line_search_success': 0.0, 'training/new_policy_objective': nan, 'training/policy_objective': 0.0, 'training/value_loss': 0.0}
{'eval/num_episodes': 200, 'eval/num_steps': 200, 'eval/mean_score': np.float64(1.0), 'eval/std_score': np.float64(0.0), 'eval/mean_episode_length': np.float64(1.0), 'eval/std_episode_length': np.float64(0.0), 'eval/eval_time': 0.07631206512451172}
{'training/total_steps': 32000, 'training/updates': 16, 'training/sps': np.float64(19432.423), 'training/walltime': np.float64(4.275), 'training/rollout_time': np.float64(0.1), 'training/update_time': np.float64(0.003), 'training/iterations': 1.0, 'training/kl_div': nan, 'training/line_search_success': 0.0, 'training/new_policy_objective': nan, 'training/policy_objective': 0.0, 'training/value_loss': 0.0}
{'eval/num_episodes': 200, 'eval/num_steps': 200, 'eval/mean_score': np.float64(1.0), 'eval/std_score': np.float64(0.0), 'eval/mean_episode_length': np.float64(1.0), 'eval/std_episode_length': np.float64(0.0), 'eval/eval_time': 0.07971692085266113}
{'training/total_steps': 34000, 'training/updates': 17, 'training/sps': np.float64(19022.261), 'training/walltime': np.float64(4.461), 'training/rollout_time': np.float64(0.102), 'training/update_time': np.float64(0.003), 'training/iterations': 1.0, 'training/kl_div': nan, 'training/line_search_success': 0.0, 'training/new_policy_objective': nan, 'training/policy_objective': 0.0, 'training/value_loss': 0.0}
{'eval/num_episodes': 200, 'eval/num_steps': 200, 'eval/mean_score': np.float64(1.0), 'eval/std_score': np.float64(0.0), 'eval/mean_episode_length': np.float64(1.0), 'eval/std_episode_length': np.float64(0.0), 'eval/eval_time': 0.07474899291992188}
{'training/total_steps': 36000, 'training/updates': 18, 'training/sps': np.float64(18050.149), 'training/walltime': np.float64(4.647), 'training/rollout_time': np.float64(0.107), 'training/update_time': np.float64(0.003), 'training/iterations': 1.0, 'training/kl_div': nan, 'training/line_search_success': 0.0, 'training/new_policy_objective': nan, 'training/policy_objective': 0.0, 'training/value_loss': 0.0}
{'eval/num_episodes': 200, 'eval/num_steps': 200, 'eval/mean_score': np.float64(1.0), 'eval/std_score': np.float64(0.0), 'eval/mean_episode_length': np.float64(1.0), 'eval/std_episode_length': np.float64(0.0), 'eval/eval_time': 0.07360315322875977}
{'training/total_steps': 38000, 'training/updates': 19, 'training/sps': np.float64(20004.025), 'training/walltime': np.float64(4.821), 'training/rollout_time': np.float64(0.097), 'training/update_time': np.float64(0.003), 'training/iterations': 1.0, 'training/kl_div': nan, 'training/line_search_success': 0.0, 'training/new_policy_objective': nan, 'training/policy_objective': 0.0, 'training/value_loss': 0.0}
{'eval/num_episodes': 200, 'eval/num_steps': 200, 'eval/mean_score': np.float64(1.0), 'eval/std_score': np.float64(0.0), 'eval/mean_episode_length': np.float64(1.0), 'eval/std_episode_length': np.float64(0.0), 'eval/eval_time': 0.07343506813049316}
{'training/total_steps': 40000, 'training/updates': 20, 'training/sps': np.float64(19442.017), 'training/walltime': np.float64(4.998), 'training/rollout_time': np.float64(0.1), 'training/update_time': np.float64(0.003), 'training/iterations': 1.0, 'training/kl_div': nan, 'training/line_search_success': 0.0, 'training/new_policy_objective': nan, 'training/policy_objective': 0.0, 'training/value_loss': 0.0}
{'eval/num_episodes': 200, 'eval/num_steps': 200, 'eval/mean_score': np.float64(1.0), 'eval/std_score': np.float64(0.0), 'eval/mean_episode_length': np.float64(1.0), 'eval/std_episode_length': np.float64(0.0), 'eval/eval_time': 0.07739424705505371}
{'training/total_steps': 42000, 'training/updates': 21, 'training/sps': np.float64(8428.153), 'training/walltime': np.float64(5.313), 'training/rollout_time': np.float64(0.233), 'training/update_time': np.float64(0.004), 'training/iterations': 1.0, 'training/kl_div': nan, 'training/line_search_success': 0.0, 'training/new_policy_objective': nan, 'training/policy_objective': 0.0, 'training/value_loss': 0.0}
{'eval/num_episodes': 200, 'eval/num_steps': 200, 'eval/mean_score': np.float64(1.0), 'eval/std_score': np.float64(0.0), 'eval/mean_episode_length': np.float64(1.0), 'eval/std_episode_length': np.float64(0.0), 'eval/eval_time': 0.1097269058227539}
{'training/total_steps': 44000, 'training/updates': 22, 'training/sps': np.float64(8729.359), 'training/walltime': np.float64(5.653), 'training/rollout_time': np.float64(0.226), 'training/update_time': np.float64(0.003), 'training/iterations': 1.0, 'training/kl_div': nan, 'training/line_search_success': 0.0, 'training/new_policy_objective': nan, 'training/policy_objective': 0.0, 'training/value_loss': 0.0}
{'eval/num_episodes': 200, 'eval/num_steps': 200, 'eval/mean_score': np.float64(1.0), 'eval/std_score': np.float64(0.0), 'eval/mean_episode_length': np.float64(1.0), 'eval/std_episode_length': np.float64(0.0), 'eval/eval_time': 0.07947802543640137}
{'training/total_steps': 46000, 'training/updates': 23, 'training/sps': np.float64(17836.755), 'training/walltime': np.float64(5.845), 'training/rollout_time': np.float64(0.109), 'training/update_time': np.float64(0.003), 'training/iterations': 1.0, 'training/kl_div': nan, 'training/line_search_success': 0.0, 'training/new_policy_objective': nan, 'training/policy_objective': 0.0, 'training/value_loss': 0.0}
{'eval/num_episodes': 200, 'eval/num_steps': 200, 'eval/mean_score': np.float64(1.0), 'eval/std_score': np.float64(0.0), 'eval/mean_episode_length': np.float64(1.0), 'eval/std_episode_length': np.float64(0.0), 'eval/eval_time': 0.07713699340820312}
{'training/total_steps': 48000, 'training/updates': 24, 'training/sps': np.float64(17666.141), 'training/walltime': np.float64(6.036), 'training/rollout_time': np.float64(0.109), 'training/update_time': np.float64(0.004), 'training/iterations': 1.0, 'training/kl_div': nan, 'training/line_search_success': 0.0, 'training/new_policy_objective': nan, 'training/policy_objective': 0.0, 'training/value_loss': 0.0}
{'eval/num_episodes': 200, 'eval/num_steps': 200, 'eval/mean_score': np.float64(1.0), 'eval/std_score': np.float64(0.0), 'eval/mean_episode_length': np.float64(1.0), 'eval/std_episode_length': np.float64(0.0), 'eval/eval_time': 0.07635498046875}
{'training/total_steps': 50000, 'training/updates': 25, 'training/sps': np.float64(18712.876), 'training/walltime': np.float64(6.22), 'training/rollout_time': np.float64(0.103), 'training/update_time': np.float64(0.003), 'training/iterations': 1.0, 'training/kl_div': nan, 'training/line_search_success': 0.0, 'training/new_policy_objective': nan, 'training/policy_objective': 0.0, 'training/value_loss': 0.0}
{'eval/num_episodes': 200, 'eval/num_steps': 200, 'eval/mean_score': np.float64(1.0), 'eval/std_score': np.float64(0.0), 'eval/mean_episode_length': np.float64(1.0), 'eval/std_episode_length': np.float64(0.0), 'eval/eval_time': 0.07683181762695312}
{'training/total_steps': 52000, 'training/updates': 26, 'training/sps': np.float64(18887.178), 'training/walltime': np.float64(6.403), 'training/rollout_time': np.float64(0.103), 'training/update_time': np.float64(0.003), 'training/iterations': 1.0, 'training/kl_div': nan, 'training/line_search_success': 0.0, 'training/new_policy_objective': nan, 'training/policy_objective': 0.0, 'training/value_loss': 0.0}
{'eval/num_episodes': 200, 'eval/num_steps': 200, 'eval/mean_score': np.float64(1.0), 'eval/std_score': np.float64(0.0), 'eval/mean_episode_length': np.float64(1.0), 'eval/std_episode_length': np.float64(0.0), 'eval/eval_time': 0.08970475196838379}
{'training/total_steps': 54000, 'training/updates': 27, 'training/sps': np.float64(19869.084), 'training/walltime': np.float64(6.594), 'training/rollout_time': np.float64(0.097), 'training/update_time': np.float64(0.003), 'training/iterations': 1.0, 'training/kl_div': nan, 'training/line_search_success': 0.0, 'training/new_policy_objective': nan, 'training/policy_objective': 0.0, 'training/value_loss': 0.0}
{'eval/num_episodes': 200, 'eval/num_steps': 200, 'eval/mean_score': np.float64(1.0), 'eval/std_score': np.float64(0.0), 'eval/mean_episode_length': np.float64(1.0), 'eval/std_episode_length': np.float64(0.0), 'eval/eval_time': 0.07373189926147461}
{'training/total_steps': 56000, 'training/updates': 28, 'training/sps': np.float64(19766.551), 'training/walltime': np.float64(6.769), 'training/rollout_time': np.float64(0.098), 'training/update_time': np.float64(0.003), 'training/iterations': 1.0, 'training/kl_div': nan, 'training/line_search_success': 0.0, 'training/new_policy_objective': nan, 'training/policy_objective': 0.0, 'training/value_loss': 0.0}
{'eval/num_episodes': 200, 'eval/num_steps': 200, 'eval/mean_score': np.float64(1.0), 'eval/std_score': np.float64(0.0), 'eval/mean_episode_length': np.float64(1.0), 'eval/std_episode_length': np.float64(0.0), 'eval/eval_time': 0.07274889945983887}
{'training/total_steps': 58000, 'training/updates': 29, 'training/sps': np.float64(19897.361), 'training/walltime': np.float64(6.943), 'training/rollout_time': np.float64(0.097), 'training/update_time': np.float64(0.003), 'training/iterations': 1.0, 'training/kl_div': nan, 'training/line_search_success': 0.0, 'training/new_policy_objective': nan, 'training/policy_objective': 0.0, 'training/value_loss': 0.0}
{'eval/num_episodes': 200, 'eval/num_steps': 200, 'eval/mean_score': np.float64(1.0), 'eval/std_score': np.float64(0.0), 'eval/mean_episode_length': np.float64(1.0), 'eval/std_episode_length': np.float64(0.0), 'eval/eval_time': 0.09382462501525879}
{'training/total_steps': 60000, 'training/updates': 30, 'training/sps': np.float64(18723.736), 'training/walltime': np.float64(7.144), 'training/rollout_time': np.float64(0.104), 'training/update_time': np.float64(0.003), 'training/iterations': 1.0, 'training/kl_div': nan, 'training/line_search_success': 0.0, 'training/new_policy_objective': nan, 'training/policy_objective': 0.0, 'training/value_loss': 0.0}
{'eval/num_episodes': 200, 'eval/num_steps': 200, 'eval/mean_score': np.float64(1.0), 'eval/std_score': np.float64(0.0), 'eval/mean_episode_length': np.float64(1.0), 'eval/std_episode_length': np.float64(0.0), 'eval/eval_time': 0.07413315773010254}
TRAINING END: training duration: 7.218315124511719
{'final_eval/num_episodes': 200, 'final_eval/num_steps': 200, 'final_eval/mean_score': np.float64(1.0), 'final_eval/std_score': np.float64(0.0), 'final_eval/mean_episode_length': np.float64(1.0), 'final_eval/std_episode_length': np.float64(0.0)}
