|param: value|
|experiment_name:  cleanba_ppo|
|seed:  12|
|platform:  cpu|
|write_logs_to_file:  False|
|save_model:  False|
|env_name:  bandit|
|num_envs:  8|
|num_train_levels:  200|
|distribution_mode:  easy|
|arm_means:  (1.0, 0.9)|
|deterministic_rewards:  True|
|eval_env:  True|
|num_eval_episodes:  200|
|eval_every:  1|
|deterministic_eval:  False|
|total_timesteps:  60000|
|learning_rate:  0.00025|
|adam_eps:  1e-05|
|unroll_length:  250|
|anneal_lr:  False|
|gamma:  0.99|
|gae_lambda:  0.95|
|num_minibatches:  4|
|update_epochs:  4|
|normalize_advantages:  True|
|clip_eps:  0.1|
|clip_vloss:  True|
|entropy_cost:  0.0|
|vf_cost:  0.5|
|max_grad_norm:  0.5|
|use_cnn:  False|
|policy_hidden_layer_sizes:  ()|
|value_hidden_layer_sizes:  ()|
|activation:  <jax._src.custom_derivatives.custom_jvp object at 0x10f10aad0>|
|policy_init_logit_bias:  [0.0, 4.0]|
{'training/total_steps': 2000, 'training/updates': 1, 'training/sps': np.float64(2203.136), 'training/walltime': np.float64(0.908), 'training/rollout_time': np.float64(0.423), 'training/update_time': np.float64(0.485), 'training/approx_kl': 1.9532815258571645e-06, 'training/entropy': 0.0910492092370987, 'training/policy_loss': -0.0019268090836703777, 'training/total_loss': 1.3180465698242188, 'training/value_loss': 2.639946699142456}
{'eval/num_episodes': 200, 'eval/num_steps': 200, 'eval/mean_score': np.float64(0.901), 'eval/std_score': np.float64(0.01), 'eval/mean_episode_length': np.float64(1.0), 'eval/std_episode_length': np.float64(0.0), 'eval/eval_time': 0.07730388641357422}
{'training/total_steps': 4000, 'training/updates': 2, 'training/sps': np.float64(12905.988), 'training/walltime': np.float64(1.14), 'training/rollout_time': np.float64(0.146), 'training/update_time': np.float64(0.009), 'training/approx_kl': 1.1142036555611412e-06, 'training/entropy': 0.09213168919086456, 'training/policy_loss': -0.001407783362083137, 'training/total_loss': 1.3085057735443115, 'training/value_loss': 2.6198270320892334}
{'eval/num_episodes': 200, 'eval/num_steps': 200, 'eval/mean_score': np.float64(0.901), 'eval/std_score': np.float64(0.012), 'eval/mean_episode_length': np.float64(1.0), 'eval/std_episode_length': np.float64(0.0), 'eval/eval_time': 0.07699394226074219}
{'training/total_steps': 6000, 'training/updates': 3, 'training/sps': np.float64(13528.769), 'training/walltime': np.float64(1.366), 'training/rollout_time': np.float64(0.14), 'training/update_time': np.float64(0.008), 'training/approx_kl': 1.8584001963972696e-06, 'training/entropy': 0.09326604753732681, 'training/policy_loss': -0.0019277327228337526, 'training/total_loss': 1.299659252166748, 'training/value_loss': 2.6031742095947266}
{'eval/num_episodes': 200, 'eval/num_steps': 200, 'eval/mean_score': np.float64(0.902), 'eval/std_score': np.float64(0.016), 'eval/mean_episode_length': np.float64(1.0), 'eval/std_episode_length': np.float64(0.0), 'eval/eval_time': 0.0765681266784668}
{'training/total_steps': 8000, 'training/updates': 4, 'training/sps': np.float64(13484.882), 'training/walltime': np.float64(1.591), 'training/rollout_time': np.float64(0.14), 'training/update_time': np.float64(0.008), 'training/approx_kl': 1.967701336980099e-06, 'training/entropy': 0.09446146339178085, 'training/policy_loss': -0.0019603793043643236, 'training/total_loss': 1.2904667854309082, 'training/value_loss': 2.5848546028137207}
{'eval/num_episodes': 200, 'eval/num_steps': 200, 'eval/mean_score': np.float64(0.904), 'eval/std_score': np.float64(0.021), 'eval/mean_episode_length': np.float64(1.0), 'eval/std_episode_length': np.float64(0.0), 'eval/eval_time': 0.07361721992492676}
{'training/total_steps': 10000, 'training/updates': 5, 'training/sps': np.float64(13528.682), 'training/walltime': np.float64(1.813), 'training/rollout_time': np.float64(0.14), 'training/update_time': np.float64(0.008), 'training/approx_kl': 2.1983050828566775e-06, 'training/entropy': 0.09568795561790466, 'training/policy_loss': -0.0021184314973652363, 'training/total_loss': 1.2814748287200928, 'training/value_loss': 2.5671865940093994}
{'eval/num_episodes': 200, 'eval/num_steps': 200, 'eval/mean_score': np.float64(0.902), 'eval/std_score': np.float64(0.016), 'eval/mean_episode_length': np.float64(1.0), 'eval/std_episode_length': np.float64(0.0), 'eval/eval_time': 0.07611966133117676}
{'training/total_steps': 12000, 'training/updates': 6, 'training/sps': np.float64(13462.57), 'training/walltime': np.float64(2.038), 'training/rollout_time': np.float64(0.14), 'training/update_time': np.float64(0.008), 'training/approx_kl': 1.326058168160671e-06, 'training/entropy': 0.09687791764736176, 'training/policy_loss': -0.001702542183920741, 'training/total_loss': 1.272038221359253, 'training/value_loss': 2.5474815368652344}
{'eval/num_episodes': 200, 'eval/num_steps': 200, 'eval/mean_score': np.float64(0.901), 'eval/std_score': np.float64(0.012), 'eval/mean_episode_length': np.float64(1.0), 'eval/std_episode_length': np.float64(0.0), 'eval/eval_time': 0.07490301132202148}
{'training/total_steps': 14000, 'training/updates': 7, 'training/sps': np.float64(13534.182), 'training/walltime': np.float64(2.261), 'training/rollout_time': np.float64(0.14), 'training/update_time': np.float64(0.008), 'training/approx_kl': 1.7057639070117148e-06, 'training/entropy': 0.09805995225906372, 'training/policy_loss': -0.0017881733365356922, 'training/total_loss': 1.263511300086975, 'training/value_loss': 2.5305986404418945}
{'eval/num_episodes': 200, 'eval/num_steps': 200, 'eval/mean_score': np.float64(0.901), 'eval/std_score': np.float64(0.012), 'eval/mean_episode_length': np.float64(1.0), 'eval/std_episode_length': np.float64(0.0), 'eval/eval_time': 0.07311224937438965}
{'training/total_steps': 16000, 'training/updates': 8, 'training/sps': np.float64(13243.191), 'training/walltime': np.float64(2.485), 'training/rollout_time': np.float64(0.143), 'training/update_time': np.float64(0.008), 'training/approx_kl': 2.130828761437442e-06, 'training/entropy': 0.09932257235050201, 'training/policy_loss': -0.0019951730500906706, 'training/total_loss': 1.2545040845870972, 'training/value_loss': 2.512998580932617}
{'eval/num_episodes': 200, 'eval/num_steps': 200, 'eval/mean_score': np.float64(0.902), 'eval/std_score': np.float64(0.014), 'eval/mean_episode_length': np.float64(1.0), 'eval/std_episode_length': np.float64(0.0), 'eval/eval_time': 0.07670021057128906}
{'training/total_steps': 18000, 'training/updates': 9, 'training/sps': np.float64(12928.504), 'training/walltime': np.float64(2.717), 'training/rollout_time': np.float64(0.147), 'training/update_time': np.float64(0.008), 'training/approx_kl': 1.097760218726762e-06, 'training/entropy': 0.1005302369594574, 'training/policy_loss': -0.0014780584024265409, 'training/total_loss': 1.2451550960540771, 'training/value_loss': 2.4932663440704346}
{'eval/num_episodes': 200, 'eval/num_steps': 200, 'eval/mean_score': np.float64(0.902), 'eval/std_score': np.float64(0.016), 'eval/mean_episode_length': np.float64(1.0), 'eval/std_episode_length': np.float64(0.0), 'eval/eval_time': 0.07852387428283691}
{'training/total_steps': 20000, 'training/updates': 10, 'training/sps': np.float64(13559.319), 'training/walltime': np.float64(2.943), 'training/rollout_time': np.float64(0.14), 'training/update_time': np.float64(0.008), 'training/approx_kl': 1.5011393088570912e-06, 'training/entropy': 0.10169903934001923, 'training/policy_loss': -0.0017724347999319434, 'training/total_loss': 1.2365014553070068, 'training/value_loss': 2.4765477180480957}
{'eval/num_episodes': 200, 'eval/num_steps': 200, 'eval/mean_score': np.float64(0.901), 'eval/std_score': np.float64(0.012), 'eval/mean_episode_length': np.float64(1.0), 'eval/std_episode_length': np.float64(0.0), 'eval/eval_time': 0.07347726821899414}
{'training/total_steps': 22000, 'training/updates': 11, 'training/sps': np.float64(11570.51), 'training/walltime': np.float64(3.19), 'training/rollout_time': np.float64(0.159), 'training/update_time': np.float64(0.014), 'training/approx_kl': 2.5943436412489973e-06, 'training/entropy': 0.10302719473838806, 'training/policy_loss': -0.002240984933450818, 'training/total_loss': 1.2279006242752075, 'training/value_loss': 2.4602832794189453}
{'eval/num_episodes': 200, 'eval/num_steps': 200, 'eval/mean_score': np.float64(0.902), 'eval/std_score': np.float64(0.014), 'eval/mean_episode_length': np.float64(1.0), 'eval/std_episode_length': np.float64(0.0), 'eval/eval_time': 0.11816787719726562}
{'training/total_steps': 24000, 'training/updates': 12, 'training/sps': np.float64(13544.978), 'training/walltime': np.float64(3.456), 'training/rollout_time': np.float64(0.14), 'training/update_time': np.float64(0.008), 'training/approx_kl': 2.6161160349147394e-06, 'training/entropy': 0.10445332527160645, 'training/policy_loss': -0.002204327145591378, 'training/total_loss': 1.2189475297927856, 'training/value_loss': 2.4423036575317383}
{'eval/num_episodes': 200, 'eval/num_steps': 200, 'eval/mean_score': np.float64(0.902), 'eval/std_score': np.float64(0.016), 'eval/mean_episode_length': np.float64(1.0), 'eval/std_episode_length': np.float64(0.0), 'eval/eval_time': 0.07645702362060547}
{'training/total_steps': 26000, 'training/updates': 13, 'training/sps': np.float64(13636.909), 'training/walltime': np.float64(3.679), 'training/rollout_time': np.float64(0.139), 'training/update_time': np.float64(0.008), 'training/approx_kl': 3.358451976964716e-06, 'training/entropy': 0.10592032968997955, 'training/policy_loss': -0.0025516324676573277, 'training/total_loss': 1.2103238105773926, 'training/value_loss': 2.425750732421875}
{'eval/num_episodes': 200, 'eval/num_steps': 200, 'eval/mean_score': np.float64(0.902), 'eval/std_score': np.float64(0.016), 'eval/mean_episode_length': np.float64(1.0), 'eval/std_episode_length': np.float64(0.0), 'eval/eval_time': 0.08042526245117188}
{'training/total_steps': 28000, 'training/updates': 14, 'training/sps': np.float64(12016.703), 'training/walltime': np.float64(3.927), 'training/rollout_time': np.float64(0.158), 'training/update_time': np.float64(0.009), 'training/approx_kl': 2.601128244350548e-06, 'training/entropy': 0.10739389061927795, 'training/policy_loss': -0.002303668763488531, 'training/total_loss': 1.2011998891830444, 'training/value_loss': 2.4070069789886475}
{'eval/num_episodes': 200, 'eval/num_steps': 200, 'eval/mean_score': np.float64(0.903), 'eval/std_score': np.float64(0.017), 'eval/mean_episode_length': np.float64(1.0), 'eval/std_episode_length': np.float64(0.0), 'eval/eval_time': 0.0761110782623291}
{'training/total_steps': 30000, 'training/updates': 15, 'training/sps': np.float64(12987.934), 'training/walltime': np.float64(4.157), 'training/rollout_time': np.float64(0.146), 'training/update_time': np.float64(0.008), 'training/approx_kl': 2.415120661680703e-06, 'training/entropy': 0.10882273316383362, 'training/policy_loss': -0.0021038614213466644, 'training/total_loss': 1.1926629543304443, 'training/value_loss': 2.389533519744873}
{'eval/num_episodes': 200, 'eval/num_steps': 200, 'eval/mean_score': np.float64(0.903), 'eval/std_score': np.float64(0.017), 'eval/mean_episode_length': np.float64(1.0), 'eval/std_episode_length': np.float64(0.0), 'eval/eval_time': 0.07802987098693848}
{'training/total_steps': 32000, 'training/updates': 16, 'training/sps': np.float64(13988.171), 'training/walltime': np.float64(4.378), 'training/rollout_time': np.float64(0.135), 'training/update_time': np.float64(0.008), 'training/approx_kl': 3.3900123526109383e-06, 'training/entropy': 0.11032997071743011, 'training/policy_loss': -0.0025622225366532803, 'training/total_loss': 1.184295654296875, 'training/value_loss': 2.373715877532959}
{'eval/num_episodes': 200, 'eval/num_steps': 200, 'eval/mean_score': np.float64(0.901), 'eval/std_score': np.float64(0.012), 'eval/mean_episode_length': np.float64(1.0), 'eval/std_episode_length': np.float64(0.0), 'eval/eval_time': 0.0765082836151123}
{'training/total_steps': 34000, 'training/updates': 17, 'training/sps': np.float64(13415.591), 'training/walltime': np.float64(4.604), 'training/rollout_time': np.float64(0.141), 'training/update_time': np.float64(0.008), 'training/approx_kl': 2.1325397483451525e-06, 'training/entropy': 0.11181730777025223, 'training/policy_loss': -0.0019690487533807755, 'training/total_loss': 1.1751675605773926, 'training/value_loss': 2.3542733192443848}
{'eval/num_episodes': 200, 'eval/num_steps': 200, 'eval/mean_score': np.float64(0.902), 'eval/std_score': np.float64(0.016), 'eval/mean_episode_length': np.float64(1.0), 'eval/std_episode_length': np.float64(0.0), 'eval/eval_time': 0.0757288932800293}
{'training/total_steps': 36000, 'training/updates': 18, 'training/sps': np.float64(13200.864), 'training/walltime': np.float64(4.832), 'training/rollout_time': np.float64(0.143), 'training/update_time': np.float64(0.008), 'training/approx_kl': 2.633731810419704e-06, 'training/entropy': 0.11327636986970901, 'training/policy_loss': -0.002323367167264223, 'training/total_loss': 1.1667776107788086, 'training/value_loss': 2.3382017612457275}
{'eval/num_episodes': 200, 'eval/num_steps': 200, 'eval/mean_score': np.float64(0.904), 'eval/std_score': np.float64(0.02), 'eval/mean_episode_length': np.float64(1.0), 'eval/std_episode_length': np.float64(0.0), 'eval/eval_time': 0.07580208778381348}
{'training/total_steps': 38000, 'training/updates': 19, 'training/sps': np.float64(13461.835), 'training/walltime': np.float64(5.057), 'training/rollout_time': np.float64(0.141), 'training/update_time': np.float64(0.008), 'training/approx_kl': 2.5342249045934295e-06, 'training/entropy': 0.11478044837713242, 'training/policy_loss': -0.0022107516415417194, 'training/total_loss': 1.1580078601837158, 'training/value_loss': 2.32043719291687}
{'eval/num_episodes': 200, 'eval/num_steps': 200, 'eval/mean_score': np.float64(0.9), 'eval/std_score': np.float64(0.007), 'eval/mean_episode_length': np.float64(1.0), 'eval/std_episode_length': np.float64(0.0), 'eval/eval_time': 0.07230687141418457}
{'training/total_steps': 40000, 'training/updates': 20, 'training/sps': np.float64(13568.223), 'training/walltime': np.float64(5.277), 'training/rollout_time': np.float64(0.139), 'training/update_time': np.float64(0.008), 'training/approx_kl': 2.339827005926054e-06, 'training/entropy': 0.11627989262342453, 'training/policy_loss': -0.0020919390954077244, 'training/total_loss': 1.1495475769042969, 'training/value_loss': 2.303279161453247}
{'eval/num_episodes': 200, 'eval/num_steps': 200, 'eval/mean_score': np.float64(0.901), 'eval/std_score': np.float64(0.012), 'eval/mean_episode_length': np.float64(1.0), 'eval/std_episode_length': np.float64(0.0), 'eval/eval_time': 0.0752408504486084}
{'training/total_steps': 42000, 'training/updates': 21, 'training/sps': np.float64(12804.162), 'training/walltime': np.float64(5.508), 'training/rollout_time': np.float64(0.148), 'training/update_time': np.float64(0.008), 'training/approx_kl': 2.600561856525019e-06, 'training/entropy': 0.11781416833400726, 'training/policy_loss': -0.0022614477202296257, 'training/total_loss': 1.1410536766052246, 'training/value_loss': 2.286630153656006}
{'eval/num_episodes': 200, 'eval/num_steps': 200, 'eval/mean_score': np.float64(0.903), 'eval/std_score': np.float64(0.018), 'eval/mean_episode_length': np.float64(1.0), 'eval/std_episode_length': np.float64(0.0), 'eval/eval_time': 0.07454586029052734}
{'training/total_steps': 44000, 'training/updates': 22, 'training/sps': np.float64(13451.603), 'training/walltime': np.float64(5.732), 'training/rollout_time': np.float64(0.141), 'training/update_time': np.float64(0.008), 'training/approx_kl': 2.790628968796227e-06, 'training/entropy': 0.11937974393367767, 'training/policy_loss': -0.0022511559072881937, 'training/total_loss': 1.1326100826263428, 'training/value_loss': 2.2697224617004395}
{'eval/num_episodes': 200, 'eval/num_steps': 200, 'eval/mean_score': np.float64(0.902), 'eval/std_score': np.float64(0.016), 'eval/mean_episode_length': np.float64(1.0), 'eval/std_episode_length': np.float64(0.0), 'eval/eval_time': 0.07483792304992676}
{'training/total_steps': 46000, 'training/updates': 23, 'training/sps': np.float64(13896.522), 'training/walltime': np.float64(5.951), 'training/rollout_time': np.float64(0.136), 'training/update_time': np.float64(0.008), 'training/approx_kl': 2.8736890271829907e-06, 'training/entropy': 0.1209879219532013, 'training/policy_loss': -0.0023438730277121067, 'training/total_loss': 1.1241012811660767, 'training/value_loss': 2.252890110015869}
{'eval/num_episodes': 200, 'eval/num_steps': 200, 'eval/mean_score': np.float64(0.904), 'eval/std_score': np.float64(0.021), 'eval/mean_episode_length': np.float64(1.0), 'eval/std_episode_length': np.float64(0.0), 'eval/eval_time': 0.07146596908569336}
{'training/total_steps': 48000, 'training/updates': 24, 'training/sps': np.float64(10473.454), 'training/walltime': np.float64(6.214), 'training/rollout_time': np.float64(0.183), 'training/update_time': np.float64(0.008), 'training/approx_kl': 2.826348918461008e-06, 'training/entropy': 0.12262817472219467, 'training/policy_loss': -0.002333415439352393, 'training/total_loss': 1.1156752109527588, 'training/value_loss': 2.2360169887542725}
{'eval/num_episodes': 200, 'eval/num_steps': 200, 'eval/mean_score': np.float64(0.901), 'eval/std_score': np.float64(0.012), 'eval/mean_episode_length': np.float64(1.0), 'eval/std_episode_length': np.float64(0.0), 'eval/eval_time': 0.07500433921813965}
{'training/total_steps': 50000, 'training/updates': 25, 'training/sps': np.float64(13781.413), 'training/walltime': np.float64(6.434), 'training/rollout_time': np.float64(0.137), 'training/update_time': np.float64(0.008), 'training/approx_kl': 2.4349747036467306e-06, 'training/entropy': 0.12424033135175705, 'training/policy_loss': -0.0021776719950139523, 'training/total_loss': 1.1070929765701294, 'training/value_loss': 2.218541383743286}
{'eval/num_episodes': 200, 'eval/num_steps': 200, 'eval/mean_score': np.float64(0.901), 'eval/std_score': np.float64(0.012), 'eval/mean_episode_length': np.float64(1.0), 'eval/std_episode_length': np.float64(0.0), 'eval/eval_time': 0.07559800148010254}
{'training/total_steps': 52000, 'training/updates': 26, 'training/sps': np.float64(13600.075), 'training/walltime': np.float64(6.657), 'training/rollout_time': np.float64(0.139), 'training/update_time': np.float64(0.008), 'training/approx_kl': 2.3556929136248073e-06, 'training/entropy': 0.12584085762500763, 'training/policy_loss': -0.0021498780697584152, 'training/total_loss': 1.098785638809204, 'training/value_loss': 2.201871156692505}
{'eval/num_episodes': 200, 'eval/num_steps': 200, 'eval/mean_score': np.float64(0.901), 'eval/std_score': np.float64(0.012), 'eval/mean_episode_length': np.float64(1.0), 'eval/std_episode_length': np.float64(0.0), 'eval/eval_time': 0.0736246109008789}
{'training/total_steps': 54000, 'training/updates': 27, 'training/sps': np.float64(13719.115), 'training/walltime': np.float64(6.877), 'training/rollout_time': np.float64(0.138), 'training/update_time': np.float64(0.008), 'training/approx_kl': 2.956426897071651e-06, 'training/entropy': 0.1275007426738739, 'training/policy_loss': -0.0024312466848641634, 'training/total_loss': 1.0905852317810059, 'training/value_loss': 2.186033010482788}
{'eval/num_episodes': 200, 'eval/num_steps': 200, 'eval/mean_score': np.float64(0.903), 'eval/std_score': np.float64(0.018), 'eval/mean_episode_length': np.float64(1.0), 'eval/std_episode_length': np.float64(0.0), 'eval/eval_time': 0.0747079849243164}
{'training/total_steps': 56000, 'training/updates': 28, 'training/sps': np.float64(13859.901), 'training/walltime': np.float64(7.096), 'training/rollout_time': np.float64(0.136), 'training/update_time': np.float64(0.008), 'training/approx_kl': 3.2340681173081975e-06, 'training/entropy': 0.12924914062023163, 'training/policy_loss': -0.00259194104000926, 'training/total_loss': 1.0821763277053833, 'training/value_loss': 2.169536590576172}
{'eval/num_episodes': 200, 'eval/num_steps': 200, 'eval/mean_score': np.float64(0.903), 'eval/std_score': np.float64(0.017), 'eval/mean_episode_length': np.float64(1.0), 'eval/std_episode_length': np.float64(0.0), 'eval/eval_time': 0.07496809959411621}
{'training/total_steps': 58000, 'training/updates': 29, 'training/sps': np.float64(13785.308), 'training/walltime': np.float64(7.317), 'training/rollout_time': np.float64(0.137), 'training/update_time': np.float64(0.008), 'training/approx_kl': 3.3466089917055797e-06, 'training/entropy': 0.1310262680053711, 'training/policy_loss': -0.0025854469276964664, 'training/total_loss': 1.073968529701233, 'training/value_loss': 2.1531078815460205}
{'eval/num_episodes': 200, 'eval/num_steps': 200, 'eval/mean_score': np.float64(0.9), 'eval/std_score': np.float64(0.007), 'eval/mean_episode_length': np.float64(1.0), 'eval/std_episode_length': np.float64(0.0), 'eval/eval_time': 0.07456278800964355}
{'training/total_steps': 60000, 'training/updates': 30, 'training/sps': np.float64(13570.901), 'training/walltime': np.float64(7.539), 'training/rollout_time': np.float64(0.139), 'training/update_time': np.float64(0.008), 'training/approx_kl': 2.9861741950298892e-06, 'training/entropy': 0.13281209766864777, 'training/policy_loss': -0.0024850808549672365, 'training/total_loss': 1.0656201839447021, 'training/value_loss': 2.1362106800079346}
{'eval/num_episodes': 200, 'eval/num_steps': 200, 'eval/mean_score': np.float64(0.905), 'eval/std_score': np.float64(0.022), 'eval/mean_episode_length': np.float64(1.0), 'eval/std_episode_length': np.float64(0.0), 'eval/eval_time': 0.07839369773864746}
TRAINING END: training duration: 7.617509841918945
{'final_eval/num_episodes': 200, 'final_eval/num_steps': 200, 'final_eval/mean_score': np.float64(0.8999999761581421), 'final_eval/std_score': np.float64(0.0), 'final_eval/mean_episode_length': np.float64(1.0), 'final_eval/std_episode_length': np.float64(0.0)}
}
