|param: value|
|experiment_name:  reinforce_procgen|
|seed:  12|
|platform:  cpu|
|write_logs_to_file:  False|
|save_model:  False|
|env_name:  bandit|
|num_envs:  1|
|num_train_levels:  200|
|distribution_mode:  easy|
|arm_means:  (1.0, 0.9)|
|deterministic_rewards:  True|
|eval_env:  True|
|num_eval_episodes:  200|
|eval_every:  1|
|deterministic_eval:  False|
|normalize_observations:  True|
|total_timesteps:  60000|
|learning_rate:  0.5|
|optimizer:  sgd|
|unroll_length:  2048|
|anneal_lr:  False|
|gamma:  0.99|
|batch_size:  1|
|num_minibatches:  1|
|update_epochs:  1|
|entropy_cost:  0.0|
|max_grad_norm:  0.5|
|reward_scaling:  1.0|
|use_cnn:  False|
|policy_hidden_layer_sizes:  ()|
|value_hidden_layer_sizes:  ()|
|activation:  <jax._src.custom_derivatives.custom_jvp object at 0x10f10aad0>|
|policy_init_logit_bias:  [0.0, 4.0]|
{'training/total_steps': 2000, 'training/updates': 1, 'training/sps': np.float64(1988.299), 'training/walltime': np.float64(1.006), 'training/rollout_time': np.float64(0.419), 'training/update_time': np.float64(0.587), 'training/approx_kl': 0.0, 'training/entropy': 0.09009480476379395, 'training/policy_loss': -0.048325683921575546, 'training/total_loss': 0.1478496789932251, 'training/value_loss': 0.3923507332801819}
{'eval/num_episodes': 200, 'eval/num_steps': 200, 'eval/mean_score': np.float64(0.9), 'eval/std_score': np.float64(0.007), 'eval/mean_episode_length': np.float64(1.0), 'eval/std_episode_length': np.float64(0.0), 'eval/eval_time': 0.07396292686462402}
{'training/total_steps': 4000, 'training/updates': 2, 'training/sps': np.float64(6175.455), 'training/walltime': np.float64(1.404), 'training/rollout_time': np.float64(0.322), 'training/update_time': np.float64(0.002), 'training/approx_kl': 0.0, 'training/entropy': 0.09025628864765167, 'training/policy_loss': -0.021685583516955376, 'training/total_loss': 0.015434931963682175, 'training/value_loss': 0.0742410346865654}
{'eval/num_episodes': 200, 'eval/num_steps': 200, 'eval/mean_score': np.float64(0.903), 'eval/std_score': np.float64(0.018), 'eval/mean_episode_length': np.float64(1.0), 'eval/std_episode_length': np.float64(0.0), 'eval/eval_time': 0.07431602478027344}
{'training/total_steps': 6000, 'training/updates': 3, 'training/sps': np.float64(6144.15), 'training/walltime': np.float64(1.804), 'training/rollout_time': np.float64(0.324), 'training/update_time': np.float64(0.001), 'training/approx_kl': 0.0, 'training/entropy': 0.09035785496234894, 'training/policy_loss': 0.005834166891872883, 'training/total_loss': 0.005908446852117777, 'training/value_loss': 0.00014855987683404237}
{'eval/num_episodes': 200, 'eval/num_steps': 200, 'eval/mean_score': np.float64(0.901), 'eval/std_score': np.float64(0.012), 'eval/mean_episode_length': np.float64(1.0), 'eval/std_episode_length': np.float64(0.0), 'eval/eval_time': 0.07474994659423828}
{'training/total_steps': 8000, 'training/updates': 4, 'training/sps': np.float64(5707.161), 'training/walltime': np.float64(2.23), 'training/rollout_time': np.float64(0.349), 'training/update_time': np.float64(0.001), 'training/approx_kl': 0.0, 'training/entropy': 0.09056790173053741, 'training/policy_loss': 0.008666305802762508, 'training/total_loss': 0.00877413060516119, 'training/value_loss': 0.000215649968595244}
{'eval/num_episodes': 200, 'eval/num_steps': 200, 'eval/mean_score': np.float64(0.9), 'eval/std_score': np.float64(0.0), 'eval/mean_episode_length': np.float64(1.0), 'eval/std_episode_length': np.float64(0.0), 'eval/eval_time': 0.07386112213134766}
{'training/total_steps': 10000, 'training/updates': 5, 'training/sps': np.float64(6130.589), 'training/walltime': np.float64(2.63), 'training/rollout_time': np.float64(0.325), 'training/update_time': np.float64(0.001), 'training/approx_kl': 0.0, 'training/entropy': 0.09087419509887695, 'training/policy_loss': 0.006035019177943468, 'training/total_loss': 0.006111529190093279, 'training/value_loss': 0.00015302011161111295}
{'eval/num_episodes': 200, 'eval/num_steps': 200, 'eval/mean_score': np.float64(0.902), 'eval/std_score': np.float64(0.014), 'eval/mean_episode_length': np.float64(1.0), 'eval/std_episode_length': np.float64(0.0), 'eval/eval_time': 0.07296490669250488}
{'training/total_steps': 12000, 'training/updates': 6, 'training/sps': np.float64(5680.814), 'training/walltime': np.float64(3.056), 'training/rollout_time': np.float64(0.351), 'training/update_time': np.float64(0.002), 'training/approx_kl': 0.0, 'training/entropy': 0.09109209477901459, 'training/policy_loss': 0.006476722192019224, 'training/total_loss': 0.006557865999639034, 'training/value_loss': 0.00016228758613578975}
{'eval/num_episodes': 200, 'eval/num_steps': 200, 'eval/mean_score': np.float64(0.902), 'eval/std_score': np.float64(0.014), 'eval/mean_episode_length': np.float64(1.0), 'eval/std_episode_length': np.float64(0.0), 'eval/eval_time': 0.07597613334655762}
{'training/total_steps': 14000, 'training/updates': 7, 'training/sps': np.float64(6142.22), 'training/walltime': np.float64(3.458), 'training/rollout_time': np.float64(0.324), 'training/update_time': np.float64(0.002), 'training/approx_kl': 0.0, 'training/entropy': 0.0913238525390625, 'training/policy_loss': 0.004888863768428564, 'training/total_loss': 0.004950662609189749, 'training/value_loss': 0.00012359755055513233}
{'eval/num_episodes': 200, 'eval/num_steps': 200, 'eval/mean_score': np.float64(0.902), 'eval/std_score': np.float64(0.014), 'eval/mean_episode_length': np.float64(1.0), 'eval/std_episode_length': np.float64(0.0), 'eval/eval_time': 0.0736992359161377}
{'training/total_steps': 16000, 'training/updates': 8, 'training/sps': np.float64(6055.633), 'training/walltime': np.float64(3.862), 'training/rollout_time': np.float64(0.329), 'training/update_time': np.float64(0.001), 'training/approx_kl': 0.0, 'training/entropy': 0.09150093793869019, 'training/policy_loss': 0.005308009684085846, 'training/total_loss': 0.005374603439122438, 'training/value_loss': 0.00013318765559233725}
{'eval/num_episodes': 200, 'eval/num_steps': 200, 'eval/mean_score': np.float64(0.901), 'eval/std_score': np.float64(0.012), 'eval/mean_episode_length': np.float64(1.0), 'eval/std_episode_length': np.float64(0.0), 'eval/eval_time': 0.07370305061340332}
{'training/total_steps': 18000, 'training/updates': 9, 'training/sps': np.float64(5672.282), 'training/walltime': np.float64(4.289), 'training/rollout_time': np.float64(0.351), 'training/update_time': np.float64(0.002), 'training/approx_kl': 0.0, 'training/entropy': 0.09169191122055054, 'training/policy_loss': 0.0072684502229094505, 'training/total_loss': 0.007359364069998264, 'training/value_loss': 0.00018182757776230574}
{'eval/num_episodes': 200, 'eval/num_steps': 200, 'eval/mean_score': np.float64(0.902), 'eval/std_score': np.float64(0.016), 'eval/mean_episode_length': np.float64(1.0), 'eval/std_episode_length': np.float64(0.0), 'eval/eval_time': 0.07515311241149902}
{'training/total_steps': 20000, 'training/updates': 10, 'training/sps': np.float64(6194.521), 'training/walltime': np.float64(4.687), 'training/rollout_time': np.float64(0.321), 'training/update_time': np.float64(0.001), 'training/approx_kl': 0.0, 'training/entropy': 0.09195302426815033, 'training/policy_loss': 0.007411740720272064, 'training/total_loss': 0.0075049372389912605, 'training/value_loss': 0.00018639258632902056}
{'eval/num_episodes': 200, 'eval/num_steps': 200, 'eval/mean_score': np.float64(0.901), 'eval/std_score': np.float64(0.01), 'eval/mean_episode_length': np.float64(1.0), 'eval/std_episode_length': np.float64(0.0), 'eval/eval_time': 0.0753638744354248}
{'training/total_steps': 22000, 'training/updates': 11, 'training/sps': np.float64(5572.315), 'training/walltime': np.float64(5.122), 'training/rollout_time': np.float64(0.357), 'training/update_time': np.float64(0.002), 'training/approx_kl': 0.0, 'training/entropy': 0.09222167730331421, 'training/policy_loss': 0.006421709433197975, 'training/total_loss': 0.0065028793178498745, 'training/value_loss': 0.00016234020586125553}
{'eval/num_episodes': 200, 'eval/num_steps': 200, 'eval/mean_score': np.float64(0.901), 'eval/std_score': np.float64(0.01), 'eval/mean_episode_length': np.float64(1.0), 'eval/std_episode_length': np.float64(0.0), 'eval/eval_time': 0.07708597183227539}
{'training/total_steps': 24000, 'training/updates': 12, 'training/sps': np.float64(5299.907), 'training/walltime': np.float64(5.577), 'training/rollout_time': np.float64(0.376), 'training/update_time': np.float64(0.001), 'training/approx_kl': 0.0, 'training/entropy': 0.09245628118515015, 'training/policy_loss': 0.008397637866437435, 'training/total_loss': 0.008502951823174953, 'training/value_loss': 0.00021062762243673205}
{'eval/num_episodes': 200, 'eval/num_steps': 200, 'eval/mean_score': np.float64(0.901), 'eval/std_score': np.float64(0.01), 'eval/mean_episode_length': np.float64(1.0), 'eval/std_episode_length': np.float64(0.0), 'eval/eval_time': 0.07434391975402832}
{'training/total_steps': 26000, 'training/updates': 13, 'training/sps': np.float64(6189.726), 'training/walltime': np.float64(5.974), 'training/rollout_time': np.float64(0.322), 'training/update_time': np.float64(0.001), 'training/approx_kl': 0.0, 'training/entropy': 0.09276127815246582, 'training/policy_loss': 0.00619374169036746, 'training/total_loss': 0.006272613070905209, 'training/value_loss': 0.00015774249914102256}
{'eval/num_episodes': 200, 'eval/num_steps': 200, 'eval/mean_score': np.float64(0.903), 'eval/std_score': np.float64(0.017), 'eval/mean_episode_length': np.float64(1.0), 'eval/std_episode_length': np.float64(0.0), 'eval/eval_time': 0.07465386390686035}
{'training/total_steps': 28000, 'training/updates': 14, 'training/sps': np.float64(5639.203), 'training/walltime': np.float64(6.404), 'training/rollout_time': np.float64(0.353), 'training/update_time': np.float64(0.002), 'training/approx_kl': 0.0, 'training/entropy': 0.09299015998840332, 'training/policy_loss': 0.006625525187700987, 'training/total_loss': 0.006709085311740637, 'training/value_loss': 0.0001671201316639781}
{'eval/num_episodes': 200, 'eval/num_steps': 200, 'eval/mean_score': np.float64(0.902), 'eval/std_score': np.float64(0.016), 'eval/mean_episode_length': np.float64(1.0), 'eval/std_episode_length': np.float64(0.0), 'eval/eval_time': 0.07526612281799316}
{'training/total_steps': 30000, 'training/updates': 15, 'training/sps': np.float64(5946.327), 'training/walltime': np.float64(6.816), 'training/rollout_time': np.float64(0.335), 'training/update_time': np.float64(0.002), 'training/approx_kl': 0.0, 'training/entropy': 0.09323342144489288, 'training/policy_loss': 0.0062205176800489426, 'training/total_loss': 0.006299242842942476, 'training/value_loss': 0.00015745009295642376}
{'eval/num_episodes': 200, 'eval/num_steps': 200, 'eval/mean_score': np.float64(0.902), 'eval/std_score': np.float64(0.016), 'eval/mean_episode_length': np.float64(1.0), 'eval/std_episode_length': np.float64(0.0), 'eval/eval_time': 0.0729827880859375}
{'training/total_steps': 32000, 'training/updates': 16, 'training/sps': np.float64(5517.257), 'training/walltime': np.float64(7.252), 'training/rollout_time': np.float64(0.361), 'training/update_time': np.float64(0.002), 'training/approx_kl': 0.0, 'training/entropy': 0.09346318989992142, 'training/policy_loss': 0.006810121703892946, 'training/total_loss': 0.0068961018696427345, 'training/value_loss': 0.00017196012777276337}
{'eval/num_episodes': 200, 'eval/num_steps': 200, 'eval/mean_score': np.float64(0.903), 'eval/std_score': np.float64(0.017), 'eval/mean_episode_length': np.float64(1.0), 'eval/std_episode_length': np.float64(0.0), 'eval/eval_time': 0.07531094551086426}
{'training/total_steps': 34000, 'training/updates': 17, 'training/sps': np.float64(5867.444), 'training/walltime': np.float64(7.669), 'training/rollout_time': np.float64(0.339), 'training/update_time': np.float64(0.001), 'training/approx_kl': 0.0, 'training/entropy': 0.0937146544456482, 'training/policy_loss': 0.009325745515525341, 'training/total_loss': 0.009443077258765697, 'training/value_loss': 0.00023466255515813828}
{'eval/num_episodes': 200, 'eval/num_steps': 200, 'eval/mean_score': np.float64(0.9), 'eval/std_score': np.float64(0.007), 'eval/mean_episode_length': np.float64(1.0), 'eval/std_episode_length': np.float64(0.0), 'eval/eval_time': 0.07863092422485352}
{'training/total_steps': 36000, 'training/updates': 18, 'training/sps': np.float64(6118.289), 'training/walltime': np.float64(8.075), 'training/rollout_time': np.float64(0.325), 'training/update_time': np.float64(0.002), 'training/approx_kl': 0.0, 'training/entropy': 0.09405875205993652, 'training/policy_loss': 0.008466852828860283, 'training/total_loss': 0.008574453182518482, 'training/value_loss': 0.0002152000233763829}
{'eval/num_episodes': 200, 'eval/num_steps': 200, 'eval/mean_score': np.float64(0.9), 'eval/std_score': np.float64(0.007), 'eval/mean_episode_length': np.float64(1.0), 'eval/std_episode_length': np.float64(0.0), 'eval/eval_time': 0.07351398468017578}
{'training/total_steps': 38000, 'training/updates': 19, 'training/sps': np.float64(5546.356), 'training/walltime': np.float64(8.509), 'training/rollout_time': np.float64(0.359), 'training/update_time': np.float64(0.002), 'training/approx_kl': 0.0, 'training/entropy': 0.0943753570318222, 'training/policy_loss': 0.0077041322365403175, 'training/total_loss': 0.007802152074873447, 'training/value_loss': 0.0001960400986718014}
{'eval/num_episodes': 200, 'eval/num_steps': 200, 'eval/mean_score': np.float64(0.902), 'eval/std_score': np.float64(0.014), 'eval/mean_episode_length': np.float64(1.0), 'eval/std_episode_length': np.float64(0.0), 'eval/eval_time': 0.08423376083374023}
{'training/total_steps': 40000, 'training/updates': 20, 'training/sps': np.float64(6226.962), 'training/walltime': np.float64(8.915), 'training/rollout_time': np.float64(0.32), 'training/update_time': np.float64(0.001), 'training/approx_kl': 0.0, 'training/entropy': 0.0946645736694336, 'training/policy_loss': 0.007909928448498249, 'training/total_loss': 0.008010328747332096, 'training/value_loss': 0.00020080013200640678}
{'eval/num_episodes': 200, 'eval/num_steps': 200, 'eval/mean_score': np.float64(0.901), 'eval/std_score': np.float64(0.012), 'eval/mean_episode_length': np.float64(1.0), 'eval/std_episode_length': np.float64(0.0), 'eval/eval_time': 0.07508111000061035}
{'training/total_steps': 42000, 'training/updates': 21, 'training/sps': np.float64(6206.483), 'training/walltime': np.float64(9.312), 'training/rollout_time': np.float64(0.321), 'training/update_time': np.float64(0.001), 'training/approx_kl': 0.0, 'training/entropy': 0.09496171772480011, 'training/policy_loss': 0.007896866649389267, 'training/total_loss': 0.007997265085577965, 'training/value_loss': 0.00020079755631741136}
{'eval/num_episodes': 200, 'eval/num_steps': 200, 'eval/mean_score': np.float64(0.902), 'eval/std_score': np.float64(0.016), 'eval/mean_episode_length': np.float64(1.0), 'eval/std_episode_length': np.float64(0.0), 'eval/eval_time': 0.07607793807983398}
{'training/total_steps': 44000, 'training/updates': 22, 'training/sps': np.float64(5787.374), 'training/walltime': np.float64(9.735), 'training/rollout_time': np.float64(0.344), 'training/update_time': np.float64(0.002), 'training/approx_kl': 0.0, 'training/entropy': 0.09525973349809647, 'training/policy_loss': 0.008275564759969711, 'training/total_loss': 0.008380758576095104, 'training/value_loss': 0.00021038754493929446}
{'eval/num_episodes': 200, 'eval/num_steps': 200, 'eval/mean_score': np.float64(0.901), 'eval/std_score': np.float64(0.012), 'eval/mean_episode_length': np.float64(1.0), 'eval/std_episode_length': np.float64(0.0), 'eval/eval_time': 0.07480382919311523}
{'training/total_steps': 46000, 'training/updates': 23, 'training/sps': np.float64(5954.896), 'training/walltime': np.float64(10.146), 'training/rollout_time': np.float64(0.334), 'training/update_time': np.float64(0.001), 'training/approx_kl': 0.0, 'training/entropy': 0.09557295590639114, 'training/policy_loss': 0.007291385903954506, 'training/total_loss': 0.00738461222499609, 'training/value_loss': 0.00018645270029082894}
{'eval/num_episodes': 200, 'eval/num_steps': 200, 'eval/mean_score': np.float64(0.901), 'eval/std_score': np.float64(0.012), 'eval/mean_episode_length': np.float64(1.0), 'eval/std_episode_length': np.float64(0.0), 'eval/eval_time': 0.11931395530700684}
{'training/total_steps': 48000, 'training/updates': 24, 'training/sps': np.float64(5610.948), 'training/walltime': np.float64(10.622), 'training/rollout_time': np.float64(0.355), 'training/update_time': np.float64(0.001), 'training/approx_kl': 0.0, 'training/entropy': 0.09585124999284744, 'training/policy_loss': 0.0053750090301036835, 'training/total_loss': 0.005444154143333435, 'training/value_loss': 0.00013828999362885952}
{'eval/num_episodes': 200, 'eval/num_steps': 200, 'eval/mean_score': np.float64(0.902), 'eval/std_score': np.float64(0.016), 'eval/mean_episode_length': np.float64(1.0), 'eval/std_episode_length': np.float64(0.0), 'eval/eval_time': 0.07901501655578613}
{'training/total_steps': 50000, 'training/updates': 25, 'training/sps': np.float64(6098.73), 'training/walltime': np.float64(11.029), 'training/rollout_time': np.float64(0.326), 'training/update_time': np.float64(0.001), 'training/approx_kl': 0.0, 'training/entropy': 0.09605813771486282, 'training/policy_loss': 0.0056025926023721695, 'training/total_loss': 0.005674042738974094, 'training/value_loss': 0.00014290011313278228}
{'eval/num_episodes': 200, 'eval/num_steps': 200, 'eval/mean_score': np.float64(0.901), 'eval/std_score': np.float64(0.012), 'eval/mean_episode_length': np.float64(1.0), 'eval/std_episode_length': np.float64(0.0), 'eval/eval_time': 0.07809090614318848}
{'training/total_steps': 52000, 'training/updates': 26, 'training/sps': np.float64(6109.132), 'training/walltime': np.float64(11.435), 'training/rollout_time': np.float64(0.326), 'training/update_time': np.float64(0.002), 'training/approx_kl': 0.0, 'training/entropy': 0.09627246856689453, 'training/policy_loss': 0.009472819976508617, 'training/total_loss': 0.009592819027602673, 'training/value_loss': 0.00023999752011150122}
{'eval/num_episodes': 200, 'eval/num_steps': 200, 'eval/mean_score': np.float64(0.902), 'eval/std_score': np.float64(0.014), 'eval/mean_episode_length': np.float64(1.0), 'eval/std_episode_length': np.float64(0.0), 'eval/eval_time': 0.07597494125366211}
{'training/total_steps': 54000, 'training/updates': 27, 'training/sps': np.float64(5671.78), 'training/walltime': np.float64(11.864), 'training/rollout_time': np.float64(0.351), 'training/update_time': np.float64(0.001), 'training/approx_kl': 0.0, 'training/entropy': 0.09663248062133789, 'training/policy_loss': 0.00877055712044239, 'training/total_loss': 0.008882923051714897, 'training/value_loss': 0.00022473264834843576}
{'eval/num_episodes': 200, 'eval/num_steps': 200, 'eval/mean_score': np.float64(0.902), 'eval/std_score': np.float64(0.014), 'eval/mean_episode_length': np.float64(1.0), 'eval/std_episode_length': np.float64(0.0), 'eval/eval_time': 0.07213997840881348}
{'training/total_steps': 56000, 'training/updates': 28, 'training/sps': np.float64(6055.087), 'training/walltime': np.float64(12.267), 'training/rollout_time': np.float64(0.329), 'training/update_time': np.float64(0.002), 'training/approx_kl': 0.0, 'training/entropy': 0.09697125852108002, 'training/policy_loss': 0.006475335452705622, 'training/total_loss': 0.006559070665389299, 'training/value_loss': 0.00016747007612138987}
{'eval/num_episodes': 200, 'eval/num_steps': 200, 'eval/mean_score': np.float64(0.901), 'eval/std_score': np.float64(0.01), 'eval/mean_episode_length': np.float64(1.0), 'eval/std_episode_length': np.float64(0.0), 'eval/eval_time': 0.07544779777526855}
{'training/total_steps': 58000, 'training/updates': 29, 'training/sps': np.float64(5536.209), 'training/walltime': np.float64(12.704), 'training/rollout_time': np.float64(0.36), 'training/update_time': np.float64(0.002), 'training/approx_kl': 0.0, 'training/entropy': 0.09722423553466797, 'training/policy_loss': 0.006714360788464546, 'training/total_loss': 0.006800330709666014, 'training/value_loss': 0.00017194014799315482}
{'eval/num_episodes': 200, 'eval/num_steps': 200, 'eval/mean_score': np.float64(0.901), 'eval/std_score': np.float64(0.012), 'eval/mean_episode_length': np.float64(1.0), 'eval/std_episode_length': np.float64(0.0), 'eval/eval_time': 0.07863664627075195}
{'training/total_steps': 60000, 'training/updates': 30, 'training/sps': np.float64(4885.46), 'training/walltime': np.float64(13.192), 'training/rollout_time': np.float64(0.408), 'training/update_time': np.float64(0.001), 'training/approx_kl': -1.199497035031527e-07, 'training/entropy': 0.09748481959104538, 'training/policy_loss': 0.008244396187365055, 'training/total_loss': 0.008349664509296417, 'training/value_loss': 0.00021053753152955323}
{'eval/num_episodes': 200, 'eval/num_steps': 200, 'eval/mean_score': np.float64(0.903), 'eval/std_score': np.float64(0.017), 'eval/mean_episode_length': np.float64(1.0), 'eval/std_episode_length': np.float64(0.0), 'eval/eval_time': 0.07399678230285645}
TRAINING END: training duration: 13.266772031784058
{'final_eval/num_episodes': 200, 'final_eval/num_steps': 200, 'final_eval/mean_score': np.float64(0.8999999761581421), 'final_eval/std_score': np.float64(0.0), 'final_eval/mean_episode_length': np.float64(1.0), 'final_eval/std_episode_length': np.float64(0.0)}
