|param: value|
|experiment_name:  trpo_procgen|
|seed:  12|
|platform:  cpu|
|write_logs_to_file:  False|
|save_model:  False|
|env_name:  bandit|
|num_envs:  8|
|num_train_levels:  200|
|distribution_mode:  easy|
|arm_means:  (1.0, 0.9)|
|deterministic_rewards:  True|
|eval_env:  True|
|num_eval_episodes:  200|
|eval_every:  1|
|deterministic_eval:  False|
|normalize_observations:  True|
|total_timesteps:  60000|
|learning_rate:  0.01|
|unroll_length:  250|
|anneal_lr:  False|
|gamma:  0.99|
|gae_lambda:  0.95|
|batch_size:  1|
|num_minibatches:  8|
|update_epochs:  10|
|normalize_advantages:  True|
|target_kl:  0.01|
|cg_damping:  0.1|
|cg_max_iterations:  10|
|line_search_max_iter:  10|
|line_search_shrinking_factor:  0.8|
|vf_cost:  1.0|
|max_grad_norm:  0.5|
|reward_scaling:  1.0|
|use_cnn:  False|
|policy_hidden_layer_sizes:  ()|
|value_hidden_layer_sizes:  ()|
|activation:  <jax._src.custom_derivatives.custom_jvp object at 0x10f10aad0>|
|policy_init_logit_bias:  [0.0, 4.0]|
|entropy_cost:  0.0|
{'training/total_steps': 2000, 'training/updates': 1, 'training/sps': np.float64(1383.716), 'training/walltime': np.float64(1.445), 'training/rollout_time': np.float64(0.124), 'training/update_time': np.float64(1.321), 'training/iterations': 1.0, 'training/kl_div': 0.008209986612200737, 'training/line_search_success': 1.0, 'training/new_policy_objective': 1.2418149709701538, 'training/policy_objective': 0.9053603410720825, 'training/value_loss': 0.027413850650191307}
{'eval/num_episodes': 200, 'eval/num_steps': 200, 'eval/mean_score': np.float64(0.936), 'eval/std_score': np.float64(0.048), 'eval/mean_episode_length': np.float64(1.0), 'eval/std_episode_length': np.float64(0.0), 'eval/eval_time': 0.07681417465209961}
{'training/total_steps': 4000, 'training/updates': 2, 'training/sps': np.float64(18863.988), 'training/walltime': np.float64(1.648), 'training/rollout_time': np.float64(0.103), 'training/update_time': np.float64(0.003), 'training/iterations': 1.0, 'training/kl_div': 0.008749930188059807, 'training/line_search_success': 1.0, 'training/new_policy_objective': 0.5870930552482605, 'training/policy_objective': 0.4642326533794403, 'training/value_loss': 0.0011713082203641534}
{'eval/num_episodes': 200, 'eval/num_steps': 200, 'eval/mean_score': np.float64(0.986), 'eval/std_score': np.float64(0.034), 'eval/mean_episode_length': np.float64(1.0), 'eval/std_episode_length': np.float64(0.0), 'eval/eval_time': 0.07973599433898926}
{'training/total_steps': 6000, 'training/updates': 3, 'training/sps': np.float64(19227.27), 'training/walltime': np.float64(1.832), 'training/rollout_time': np.float64(0.101), 'training/update_time': np.float64(0.003), 'training/iterations': 1.0, 'training/kl_div': 0.004530302248895168, 'training/line_search_success': 1.0, 'training/new_policy_objective': 0.3033856749534607, 'training/policy_objective': 0.252718448638916, 'training/value_loss': 0.0007289682398550212}
{'eval/num_episodes': 200, 'eval/num_steps': 200, 'eval/mean_score': np.float64(0.999), 'eval/std_score': np.float64(0.007), 'eval/mean_episode_length': np.float64(1.0), 'eval/std_episode_length': np.float64(0.0), 'eval/eval_time': 0.0763559341430664}
{'training/total_steps': 8000, 'training/updates': 4, 'training/sps': np.float64(18814.149), 'training/walltime': np.float64(2.015), 'training/rollout_time': np.float64(0.103), 'training/update_time': np.float64(0.003), 'training/iterations': 1.0, 'training/kl_div': 0.004205621313303709, 'training/line_search_success': 1.0, 'training/new_policy_objective': -0.3692303001880646, 'training/policy_objective': -0.5801815390586853, 'training/value_loss': 1.3283245607453864e-05}
{'eval/num_episodes': 200, 'eval/num_steps': 200, 'eval/mean_score': np.float64(0.993), 'eval/std_score': np.float64(0.026), 'eval/mean_episode_length': np.float64(1.0), 'eval/std_episode_length': np.float64(0.0), 'eval/eval_time': 0.0786130428314209}
{'training/total_steps': 10000, 'training/updates': 5, 'training/sps': np.float64(18971.883), 'training/walltime': np.float64(2.199), 'training/rollout_time': np.float64(0.102), 'training/update_time': np.float64(0.003), 'training/iterations': 1.0, 'training/kl_div': 0.0017818488413468003, 'training/line_search_success': 1.0, 'training/new_policy_objective': 0.18552520871162415, 'training/policy_objective': 0.15488648414611816, 'training/value_loss': 0.00023171072825789452}
{'eval/num_episodes': 200, 'eval/num_steps': 200, 'eval/mean_score': np.float64(1.0), 'eval/std_score': np.float64(0.0), 'eval/mean_episode_length': np.float64(1.0), 'eval/std_episode_length': np.float64(0.0), 'eval/eval_time': 0.07782483100891113}
{'training/total_steps': 12000, 'training/updates': 6, 'training/sps': np.float64(18925.955), 'training/walltime': np.float64(2.383), 'training/rollout_time': np.float64(0.102), 'training/update_time': np.float64(0.003), 'training/iterations': 1.0, 'training/kl_div': 0.0019890954717993736, 'training/line_search_success': 1.0, 'training/new_policy_objective': -0.043918363749980927, 'training/policy_objective': -0.04420226812362671, 'training/value_loss': 1.0013525297836168e-06}
{'eval/num_episodes': 200, 'eval/num_steps': 200, 'eval/mean_score': np.float64(0.991), 'eval/std_score': np.float64(0.028), 'eval/mean_episode_length': np.float64(1.0), 'eval/std_episode_length': np.float64(0.0), 'eval/eval_time': 0.0744619369506836}
{'training/total_steps': 14000, 'training/updates': 7, 'training/sps': np.float64(19446.929), 'training/walltime': np.float64(2.561), 'training/rollout_time': np.float64(0.099), 'training/update_time': np.float64(0.004), 'training/iterations': 1.0, 'training/kl_div': 0.0021744288969784975, 'training/line_search_success': 1.0, 'training/new_policy_objective': 0.1988517791032791, 'training/policy_objective': 0.1684734970331192, 'training/value_loss': 0.0002567115589044988}
{'eval/num_episodes': 200, 'eval/num_steps': 200, 'eval/mean_score': np.float64(1.0), 'eval/std_score': np.float64(0.0), 'eval/mean_episode_length': np.float64(1.0), 'eval/std_episode_length': np.float64(0.0), 'eval/eval_time': 0.07650995254516602}
{'training/total_steps': 16000, 'training/updates': 8, 'training/sps': np.float64(19020.665), 'training/walltime': np.float64(2.743), 'training/rollout_time': np.float64(0.101), 'training/update_time': np.float64(0.004), 'training/iterations': 1.0, 'training/kl_div': 0.0022258227691054344, 'training/line_search_success': 1.0, 'training/new_policy_objective': -2.026561975479126, 'training/policy_objective': -3.4831507205963135, 'training/value_loss': 6.0916345319128595e-06}
{'eval/num_episodes': 200, 'eval/num_steps': 200, 'eval/mean_score': np.float64(0.998), 'eval/std_score': np.float64(0.012), 'eval/mean_episode_length': np.float64(1.0), 'eval/std_episode_length': np.float64(0.0), 'eval/eval_time': 0.07702088356018066}
{'training/total_steps': 18000, 'training/updates': 9, 'training/sps': np.float64(14353.265), 'training/walltime': np.float64(2.96), 'training/rollout_time': np.float64(0.136), 'training/update_time': np.float64(0.003), 'training/iterations': 1.0, 'training/kl_div': 0.0011435018386691809, 'training/line_search_success': 1.0, 'training/new_policy_objective': 0.1104523241519928, 'training/policy_objective': 0.09410208463668823, 'training/value_loss': 8.617500134278089e-05}
{'eval/num_episodes': 200, 'eval/num_steps': 200, 'eval/mean_score': np.float64(1.0), 'eval/std_score': np.float64(0.0), 'eval/mean_episode_length': np.float64(1.0), 'eval/std_episode_length': np.float64(0.0), 'eval/eval_time': 0.07458186149597168}
{'training/total_steps': 20000, 'training/updates': 10, 'training/sps': np.float64(19437.872), 'training/walltime': np.float64(3.138), 'training/rollout_time': np.float64(0.1), 'training/update_time': np.float64(0.003), 'training/iterations': 1.0, 'training/kl_div': 0.001186892157420516, 'training/line_search_success': 1.0, 'training/new_policy_objective': -0.011431872844696045, 'training/policy_objective': -0.011472269892692566, 'training/value_loss': 1.2184483466626261e-07}
{'eval/num_episodes': 200, 'eval/num_steps': 200, 'eval/mean_score': np.float64(0.996), 'eval/std_score': np.float64(0.018), 'eval/mean_episode_length': np.float64(1.0), 'eval/std_episode_length': np.float64(0.0), 'eval/eval_time': 0.08160114288330078}
{'training/total_steps': 22000, 'training/updates': 11, 'training/sps': np.float64(18727.08), 'training/walltime': np.float64(3.327), 'training/rollout_time': np.float64(0.103), 'training/update_time': np.float64(0.003), 'training/iterations': 1.0, 'training/kl_div': 0.0013596961507573724, 'training/line_search_success': 1.0, 'training/new_policy_objective': 0.14839909970760345, 'training/policy_objective': 0.12706181406974792, 'training/value_loss': 0.00014359780470840633}
{'eval/num_episodes': 200, 'eval/num_steps': 200, 'eval/mean_score': np.float64(1.0), 'eval/std_score': np.float64(0.0), 'eval/mean_episode_length': np.float64(1.0), 'eval/std_episode_length': np.float64(0.0), 'eval/eval_time': 0.07677507400512695}
{'training/total_steps': 24000, 'training/updates': 12, 'training/sps': np.float64(14939.933), 'training/walltime': np.float64(3.538), 'training/rollout_time': np.float64(0.118), 'training/update_time': np.float64(0.016), 'training/iterations': 1.0, 'training/kl_div': 0.001454950775951147, 'training/line_search_success': 1.0, 'training/new_policy_objective': -0.02255975268781185, 'training/policy_objective': -0.02266039326786995, 'training/value_loss': 2.635697740061005e-07}
{'eval/num_episodes': 200, 'eval/num_steps': 200, 'eval/mean_score': np.float64(0.995), 'eval/std_score': np.float64(0.021), 'eval/mean_episode_length': np.float64(1.0), 'eval/std_episode_length': np.float64(0.0), 'eval/eval_time': 0.07409024238586426}
{'training/total_steps': 26000, 'training/updates': 13, 'training/sps': np.float64(16398.188), 'training/walltime': np.float64(3.735), 'training/rollout_time': np.float64(0.118), 'training/update_time': np.float64(0.004), 'training/iterations': 1.0, 'training/kl_div': 0.001636221306398511, 'training/line_search_success': 1.0, 'training/new_policy_objective': 0.17151322960853577, 'training/policy_objective': 0.14940941333770752, 'training/value_loss': 0.00018103615730069578}
{'eval/num_episodes': 200, 'eval/num_steps': 200, 'eval/mean_score': np.float64(1.0), 'eval/std_score': np.float64(0.0), 'eval/mean_episode_length': np.float64(1.0), 'eval/std_episode_length': np.float64(0.0), 'eval/eval_time': 0.09667801856994629}
{'training/total_steps': 28000, 'training/updates': 14, 'training/sps': np.float64(17814.066), 'training/walltime': np.float64(3.944), 'training/rollout_time': np.float64(0.109), 'training/update_time': np.float64(0.003), 'training/iterations': 1.0, 'training/kl_div': nan, 'training/line_search_success': 0.0, 'training/new_policy_objective': nan, 'training/policy_objective': 0.0, 'training/value_loss': 5.684819939233421e-07}
{'eval/num_episodes': 200, 'eval/num_steps': 200, 'eval/mean_score': np.float64(1.0), 'eval/std_score': np.float64(0.0), 'eval/mean_episode_length': np.float64(1.0), 'eval/std_episode_length': np.float64(0.0), 'eval/eval_time': 0.07979393005371094}
{'training/total_steps': 30000, 'training/updates': 15, 'training/sps': np.float64(18435.853), 'training/walltime': np.float64(4.133), 'training/rollout_time': np.float64(0.105), 'training/update_time': np.float64(0.003), 'training/iterations': 1.0, 'training/kl_div': 0.0018039123388007283, 'training/line_search_success': 1.0, 'training/new_policy_objective': -0.0003595524758566171, 'training/policy_objective': -0.00036161841126158834, 'training/value_loss': 1.333463062191953e-10}
{'eval/num_episodes': 200, 'eval/num_steps': 200, 'eval/mean_score': np.float64(0.994), 'eval/std_score': np.float64(0.024), 'eval/mean_episode_length': np.float64(1.0), 'eval/std_episode_length': np.float64(0.0), 'eval/eval_time': 0.07942700386047363}
{'training/total_steps': 32000, 'training/updates': 16, 'training/sps': np.float64(18068.344), 'training/walltime': np.float64(4.323), 'training/rollout_time': np.float64(0.107), 'training/update_time': np.float64(0.003), 'training/iterations': 1.0, 'training/kl_div': 0.001989370211958885, 'training/line_search_success': 1.0, 'training/new_policy_objective': 0.18339498341083527, 'training/policy_objective': 0.15728050470352173, 'training/value_loss': 0.00021334188932087272}
{'eval/num_episodes': 200, 'eval/num_steps': 200, 'eval/mean_score': np.float64(1.0), 'eval/std_score': np.float64(0.0), 'eval/mean_episode_length': np.float64(1.0), 'eval/std_episode_length': np.float64(0.0), 'eval/eval_time': 0.08255481719970703}
{'training/total_steps': 34000, 'training/updates': 17, 'training/sps': np.float64(16704.252), 'training/walltime': np.float64(4.526), 'training/rollout_time': np.float64(0.116), 'training/update_time': np.float64(0.004), 'training/iterations': 1.0, 'training/kl_div': nan, 'training/line_search_success': 0.0, 'training/new_policy_objective': nan, 'training/policy_objective': 0.0, 'training/value_loss': 7.566547424175951e-07}
{'eval/num_episodes': 200, 'eval/num_steps': 200, 'eval/mean_score': np.float64(1.0), 'eval/std_score': np.float64(0.0), 'eval/mean_episode_length': np.float64(1.0), 'eval/std_episode_length': np.float64(0.0), 'eval/eval_time': 0.08255791664123535}
{'training/total_steps': 36000, 'training/updates': 18, 'training/sps': np.float64(16256.583), 'training/walltime': np.float64(4.732), 'training/rollout_time': np.float64(0.113), 'training/update_time': np.float64(0.01), 'training/iterations': 1.0, 'training/kl_div': nan, 'training/line_search_success': 0.125, 'training/new_policy_objective': nan, 'training/policy_objective': 2.273805148433894e-05, 'training/value_loss': 1.4542159143537958e-10}
{'eval/num_episodes': 200, 'eval/num_steps': 200, 'eval/mean_score': np.float64(1.0), 'eval/std_score': np.float64(0.0), 'eval/mean_episode_length': np.float64(1.0), 'eval/std_episode_length': np.float64(0.0), 'eval/eval_time': 0.07645583152770996}
{'training/total_steps': 38000, 'training/updates': 19, 'training/sps': np.float64(13058.76), 'training/walltime': np.float64(4.962), 'training/rollout_time': np.float64(0.146), 'training/update_time': np.float64(0.007), 'training/iterations': 1.0, 'training/kl_div': 2.670529738679761e-06, 'training/line_search_success': 1.0, 'training/new_policy_objective': 5.684526513505261e-06, 'training/policy_objective': 5.684496954927454e-06, 'training/value_loss': 3.237410407569592e-14}
{'eval/num_episodes': 200, 'eval/num_steps': 200, 'eval/mean_score': np.float64(1.0), 'eval/std_score': np.float64(0.0), 'eval/mean_episode_length': np.float64(1.0), 'eval/std_episode_length': np.float64(0.0), 'eval/eval_time': 0.0860741138458252}
{'training/total_steps': 40000, 'training/updates': 20, 'training/sps': np.float64(19094.18), 'training/walltime': np.float64(5.154), 'training/rollout_time': np.float64(0.099), 'training/update_time': np.float64(0.006), 'training/iterations': 1.0, 'training/kl_div': nan, 'training/line_search_success': 0.0, 'training/new_policy_objective': nan, 'training/policy_objective': 0.0, 'training/value_loss': 0.0}
{'eval/num_episodes': 200, 'eval/num_steps': 200, 'eval/mean_score': np.float64(1.0), 'eval/std_score': np.float64(0.0), 'eval/mean_episode_length': np.float64(1.0), 'eval/std_episode_length': np.float64(0.0), 'eval/eval_time': 0.07371401786804199}
{'training/total_steps': 42000, 'training/updates': 21, 'training/sps': np.float64(19055.707), 'training/walltime': np.float64(5.333), 'training/rollout_time': np.float64(0.102), 'training/update_time': np.float64(0.003), 'training/iterations': 1.0, 'training/kl_div': nan, 'training/line_search_success': 0.0, 'training/new_policy_objective': nan, 'training/policy_objective': 0.0, 'training/value_loss': 0.0}
{'eval/num_episodes': 200, 'eval/num_steps': 200, 'eval/mean_score': np.float64(1.0), 'eval/std_score': np.float64(0.0), 'eval/mean_episode_length': np.float64(1.0), 'eval/std_episode_length': np.float64(0.0), 'eval/eval_time': 0.07449984550476074}
{'training/total_steps': 44000, 'training/updates': 22, 'training/sps': np.float64(18810.099), 'training/walltime': np.float64(5.514), 'training/rollout_time': np.float64(0.103), 'training/update_time': np.float64(0.003), 'training/iterations': 1.0, 'training/kl_div': nan, 'training/line_search_success': 0.0, 'training/new_policy_objective': nan, 'training/policy_objective': 0.0, 'training/value_loss': 0.0}
{'eval/num_episodes': 200, 'eval/num_steps': 200, 'eval/mean_score': np.float64(1.0), 'eval/std_score': np.float64(0.0), 'eval/mean_episode_length': np.float64(1.0), 'eval/std_episode_length': np.float64(0.0), 'eval/eval_time': 0.07733511924743652}
{'training/total_steps': 46000, 'training/updates': 23, 'training/sps': np.float64(18043.432), 'training/walltime': np.float64(5.703), 'training/rollout_time': np.float64(0.107), 'training/update_time': np.float64(0.004), 'training/iterations': 1.0, 'training/kl_div': nan, 'training/line_search_success': 0.0, 'training/new_policy_objective': nan, 'training/policy_objective': 0.0, 'training/value_loss': 0.0}
{'eval/num_episodes': 200, 'eval/num_steps': 200, 'eval/mean_score': np.float64(1.0), 'eval/std_score': np.float64(0.0), 'eval/mean_episode_length': np.float64(1.0), 'eval/std_episode_length': np.float64(0.0), 'eval/eval_time': 0.07757115364074707}
{'training/total_steps': 48000, 'training/updates': 24, 'training/sps': np.float64(18389.295), 'training/walltime': np.float64(5.89), 'training/rollout_time': np.float64(0.105), 'training/update_time': np.float64(0.004), 'training/iterations': 1.0, 'training/kl_div': nan, 'training/line_search_success': 0.0, 'training/new_policy_objective': nan, 'training/policy_objective': 0.0, 'training/value_loss': 0.0}
{'eval/num_episodes': 200, 'eval/num_steps': 200, 'eval/mean_score': np.float64(1.0), 'eval/std_score': np.float64(0.0), 'eval/mean_episode_length': np.float64(1.0), 'eval/std_episode_length': np.float64(0.0), 'eval/eval_time': 0.07691788673400879}
{'training/total_steps': 50000, 'training/updates': 25, 'training/sps': np.float64(19049.562), 'training/walltime': np.float64(6.072), 'training/rollout_time': np.float64(0.102), 'training/update_time': np.float64(0.003), 'training/iterations': 1.0, 'training/kl_div': nan, 'training/line_search_success': 0.0, 'training/new_policy_objective': nan, 'training/policy_objective': 0.0, 'training/value_loss': 0.0}
{'eval/num_episodes': 200, 'eval/num_steps': 200, 'eval/mean_score': np.float64(1.0), 'eval/std_score': np.float64(0.0), 'eval/mean_episode_length': np.float64(1.0), 'eval/std_episode_length': np.float64(0.0), 'eval/eval_time': 0.07554006576538086}
{'training/total_steps': 52000, 'training/updates': 26, 'training/sps': np.float64(19034.347), 'training/walltime': np.float64(6.253), 'training/rollout_time': np.float64(0.102), 'training/update_time': np.float64(0.003), 'training/iterations': 1.0, 'training/kl_div': nan, 'training/line_search_success': 0.0, 'training/new_policy_objective': nan, 'training/policy_objective': 0.0, 'training/value_loss': 0.0}
{'eval/num_episodes': 200, 'eval/num_steps': 200, 'eval/mean_score': np.float64(1.0), 'eval/std_score': np.float64(0.0), 'eval/mean_episode_length': np.float64(1.0), 'eval/std_episode_length': np.float64(0.0), 'eval/eval_time': 0.07684707641601562}
{'training/total_steps': 54000, 'training/updates': 27, 'training/sps': np.float64(19164.981), 'training/walltime': np.float64(6.435), 'training/rollout_time': np.float64(0.101), 'training/update_time': np.float64(0.003), 'training/iterations': 1.0, 'training/kl_div': nan, 'training/line_search_success': 0.0, 'training/new_policy_objective': nan, 'training/policy_objective': 0.0, 'training/value_loss': 0.0}
{'eval/num_episodes': 200, 'eval/num_steps': 200, 'eval/mean_score': np.float64(1.0), 'eval/std_score': np.float64(0.0), 'eval/mean_episode_length': np.float64(1.0), 'eval/std_episode_length': np.float64(0.0), 'eval/eval_time': 0.07789421081542969}
{'training/total_steps': 56000, 'training/updates': 28, 'training/sps': np.float64(18336.156), 'training/walltime': np.float64(6.622), 'training/rollout_time': np.float64(0.106), 'training/update_time': np.float64(0.003), 'training/iterations': 1.0, 'training/kl_div': nan, 'training/line_search_success': 0.0, 'training/new_policy_objective': nan, 'training/policy_objective': 0.0, 'training/value_loss': 0.0}
{'eval/num_episodes': 200, 'eval/num_steps': 200, 'eval/mean_score': np.float64(1.0), 'eval/std_score': np.float64(0.0), 'eval/mean_episode_length': np.float64(1.0), 'eval/std_episode_length': np.float64(0.0), 'eval/eval_time': 0.07425189018249512}
{'training/total_steps': 58000, 'training/updates': 29, 'training/sps': np.float64(19255.959), 'training/walltime': np.float64(6.801), 'training/rollout_time': np.float64(0.101), 'training/update_time': np.float64(0.003), 'training/iterations': 1.0, 'training/kl_div': nan, 'training/line_search_success': 0.0, 'training/new_policy_objective': nan, 'training/policy_objective': 0.0, 'training/value_loss': 0.0}
{'eval/num_episodes': 200, 'eval/num_steps': 200, 'eval/mean_score': np.float64(1.0), 'eval/std_score': np.float64(0.0), 'eval/mean_episode_length': np.float64(1.0), 'eval/std_episode_length': np.float64(0.0), 'eval/eval_time': 0.0769510269165039}
{'training/total_steps': 60000, 'training/updates': 30, 'training/sps': np.float64(19112.757), 'training/walltime': np.float64(6.983), 'training/rollout_time': np.float64(0.101), 'training/update_time': np.float64(0.003), 'training/iterations': 1.0, 'training/kl_div': nan, 'training/line_search_success': 0.0, 'training/new_policy_objective': nan, 'training/policy_objective': 0.0, 'training/value_loss': 0.0}
{'eval/num_episodes': 200, 'eval/num_steps': 200, 'eval/mean_score': np.float64(1.0), 'eval/std_score': np.float64(0.0), 'eval/mean_episode_length': np.float64(1.0), 'eval/std_episode_length': np.float64(0.0), 'eval/eval_time': 0.07774782180786133}
TRAINING END: training duration: 7.0609071254730225
{'final_eval/num_episodes': 200, 'final_eval/num_steps': 200, 'final_eval/mean_score': np.float64(1.0), 'final_eval/std_score': np.float64(0.0), 'final_eval/mean_episode_length': np.float64(1.0), 'final_eval/std_episode_length': np.float64(0.0)}
