|param: value|
|experiment_name:  cleanba_ppo|
|seed:  9|
|platform:  cpu|
|write_logs_to_file:  False|
|save_model:  False|
|env_name:  bandit|
|num_envs:  8|
|num_train_levels:  200|
|distribution_mode:  easy|
|arm_means:  (1.0, 0.9)|
|deterministic_rewards:  True|
|eval_env:  True|
|num_eval_episodes:  200|
|eval_every:  1|
|deterministic_eval:  False|
|total_timesteps:  60000|
|learning_rate:  0.00025|
|adam_eps:  1e-05|
|unroll_length:  250|
|anneal_lr:  False|
|gamma:  0.99|
|gae_lambda:  0.95|
|num_minibatches:  4|
|update_epochs:  4|
|normalize_advantages:  True|
|clip_eps:  0.1|
|clip_vloss:  True|
|entropy_cost:  0.0|
|vf_cost:  0.5|
|max_grad_norm:  0.5|
|use_cnn:  False|
|policy_hidden_layer_sizes:  ()|
|value_hidden_layer_sizes:  ()|
|activation:  <jax._src.custom_derivatives.custom_jvp object at 0x12a388090>|
|policy_init_logit_bias:  [0.0, 6.0]|
{'training/total_steps': 2000, 'training/updates': 1, 'training/sps': np.float64(2151.637), 'training/walltime': np.float64(0.93), 'training/rollout_time': np.float64(0.43), 'training/update_time': np.float64(0.499), 'training/approx_kl': 3.013055902556516e-07, 'training/entropy': 0.017490871250629425, 'training/policy_loss': -0.0007611702894791961, 'training/total_loss': 0.06577801704406738, 'training/value_loss': 0.13307836651802063}
{'eval/num_episodes': 200, 'eval/num_steps': 200, 'eval/mean_score': np.float64(0.9), 'eval/std_score': np.float64(0.007), 'eval/mean_episode_length': np.float64(1.0), 'eval/std_episode_length': np.float64(0.0), 'eval/eval_time': 0.07968401908874512}
{'training/total_steps': 4000, 'training/updates': 2, 'training/sps': np.float64(8327.716), 'training/walltime': np.float64(1.25), 'training/rollout_time': np.float64(0.232), 'training/update_time': np.float64(0.008), 'training/approx_kl': 1.3959082423298241e-07, 'training/entropy': 0.017680130898952484, 'training/policy_loss': -0.237245112657547, 'training/total_loss': -0.1728149950504303, 'training/value_loss': 0.128860205411911}
{'eval/num_episodes': 200, 'eval/num_steps': 200, 'eval/mean_score': np.float64(0.9), 'eval/std_score': np.float64(0.0), 'eval/mean_episode_length': np.float64(1.0), 'eval/std_episode_length': np.float64(0.0), 'eval/eval_time': 0.10132598876953125}
{'training/total_steps': 6000, 'training/updates': 3, 'training/sps': np.float64(12711.765), 'training/walltime': np.float64(1.509), 'training/rollout_time': np.float64(0.147), 'training/update_time': np.float64(0.01), 'training/approx_kl': 3.879645760207495e-08, 'training/entropy': 0.01782289333641529, 'training/policy_loss': 0.47336235642433167, 'training/total_loss': 0.5357570648193359, 'training/value_loss': 0.12478944659233093}
{'eval/num_episodes': 200, 'eval/num_steps': 200, 'eval/mean_score': np.float64(0.9), 'eval/std_score': np.float64(0.007), 'eval/mean_episode_length': np.float64(1.0), 'eval/std_episode_length': np.float64(0.0), 'eval/eval_time': 0.0851430892944336}
{'training/total_steps': 8000, 'training/updates': 4, 'training/sps': np.float64(13406.629), 'training/walltime': np.float64(1.743), 'training/rollout_time': np.float64(0.141), 'training/update_time': np.float64(0.008), 'training/approx_kl': 1.0335236311220797e-07, 'training/entropy': 0.017985213547945023, 'training/policy_loss': -0.4688771367073059, 'training/total_loss': -0.40837639570236206, 'training/value_loss': 0.12100151926279068}
{'eval/num_episodes': 200, 'eval/num_steps': 200, 'eval/mean_score': np.float64(0.9), 'eval/std_score': np.float64(0.007), 'eval/mean_episode_length': np.float64(1.0), 'eval/std_episode_length': np.float64(0.0), 'eval/eval_time': 0.07994318008422852}
{'training/total_steps': 10000, 'training/updates': 5, 'training/sps': np.float64(13596.019), 'training/walltime': np.float64(1.971), 'training/rollout_time': np.float64(0.139), 'training/update_time': np.float64(0.008), 'training/approx_kl': 2.317471796686732e-07, 'training/entropy': 0.018194902688264847, 'training/policy_loss': 0.23004524409770966, 'training/total_loss': 0.28865566849708557, 'training/value_loss': 0.11722084879875183}
{'eval/num_episodes': 200, 'eval/num_steps': 200, 'eval/mean_score': np.float64(0.9), 'eval/std_score': np.float64(0.007), 'eval/mean_episode_length': np.float64(1.0), 'eval/std_episode_length': np.float64(0.0), 'eval/eval_time': 0.07810378074645996}
{'training/total_steps': 12000, 'training/updates': 6, 'training/sps': np.float64(13532.698), 'training/walltime': np.float64(2.197), 'training/rollout_time': np.float64(0.14), 'training/update_time': np.float64(0.008), 'training/approx_kl': 1.0583607945591211e-07, 'training/entropy': 0.018409360200166702, 'training/policy_loss': -0.23720933496952057, 'training/total_loss': -0.18049676716327667, 'training/value_loss': 0.11342513561248779}
{'eval/num_episodes': 200, 'eval/num_steps': 200, 'eval/mean_score': np.float64(0.9), 'eval/std_score': np.float64(0.0), 'eval/mean_episode_length': np.float64(1.0), 'eval/std_episode_length': np.float64(0.0), 'eval/eval_time': 0.08104872703552246}
{'training/total_steps': 14000, 'training/updates': 7, 'training/sps': np.float64(13595.446), 'training/walltime': np.float64(2.426), 'training/rollout_time': np.float64(0.139), 'training/update_time': np.float64(0.008), 'training/approx_kl': 4.430623050666327e-07, 'training/entropy': 0.01864616759121418, 'training/policy_loss': -0.000931768212467432, 'training/total_loss': 0.05404508486390114, 'training/value_loss': 0.10995370149612427}
{'eval/num_episodes': 200, 'eval/num_steps': 200, 'eval/mean_score': np.float64(0.9), 'eval/std_score': np.float64(0.0), 'eval/mean_episode_length': np.float64(1.0), 'eval/std_episode_length': np.float64(0.0), 'eval/eval_time': 0.08028197288513184}
{'training/total_steps': 16000, 'training/updates': 8, 'training/sps': np.float64(12986.587), 'training/walltime': np.float64(2.66), 'training/rollout_time': np.float64(0.146), 'training/update_time': np.float64(0.008), 'training/approx_kl': 5.801455245091347e-07, 'training/entropy': 0.018940400332212448, 'training/policy_loss': -0.0010359238367527723, 'training/total_loss': 0.052169978618621826, 'training/value_loss': 0.10641179978847504}
{'eval/num_episodes': 200, 'eval/num_steps': 200, 'eval/mean_score': np.float64(0.9), 'eval/std_score': np.float64(0.0), 'eval/mean_episode_length': np.float64(1.0), 'eval/std_episode_length': np.float64(0.0), 'eval/eval_time': 0.08408975601196289}
{'training/total_steps': 18000, 'training/updates': 9, 'training/sps': np.float64(12951.019), 'training/walltime': np.float64(2.899), 'training/rollout_time': np.float64(0.146), 'training/update_time': np.float64(0.008), 'training/approx_kl': 2.403482994850492e-07, 'training/entropy': 0.019197845831513405, 'training/policy_loss': -0.2254219353199005, 'training/total_loss': -0.174006387591362, 'training/value_loss': 0.10283111035823822}
{'eval/num_episodes': 200, 'eval/num_steps': 200, 'eval/mean_score': np.float64(0.9), 'eval/std_score': np.float64(0.007), 'eval/mean_episode_length': np.float64(1.0), 'eval/std_episode_length': np.float64(0.0), 'eval/eval_time': 0.07653689384460449}
{'training/total_steps': 20000, 'training/updates': 10, 'training/sps': np.float64(13436.714), 'training/walltime': np.float64(3.125), 'training/rollout_time': np.float64(0.141), 'training/update_time': np.float64(0.008), 'training/approx_kl': 3.044249297090573e-08, 'training/entropy': 0.019367143511772156, 'training/policy_loss': 0.427970290184021, 'training/total_loss': 0.4776654839515686, 'training/value_loss': 0.09939034283161163}
{'eval/num_episodes': 200, 'eval/num_steps': 200, 'eval/mean_score': np.float64(0.9), 'eval/std_score': np.float64(0.0), 'eval/mean_episode_length': np.float64(1.0), 'eval/std_episode_length': np.float64(0.0), 'eval/eval_time': 0.08337211608886719}
{'training/total_steps': 22000, 'training/updates': 11, 'training/sps': np.float64(13017.521), 'training/walltime': np.float64(3.362), 'training/rollout_time': np.float64(0.146), 'training/update_time': np.float64(0.008), 'training/approx_kl': 4.288647659222988e-08, 'training/entropy': 0.019513007253408432, 'training/policy_loss': 0.23041027784347534, 'training/total_loss': 0.27847713232040405, 'training/value_loss': 0.09613372385501862}
{'eval/num_episodes': 200, 'eval/num_steps': 200, 'eval/mean_score': np.float64(0.9), 'eval/std_score': np.float64(0.0), 'eval/mean_episode_length': np.float64(1.0), 'eval/std_episode_length': np.float64(0.0), 'eval/eval_time': 0.07841277122497559}
{'training/total_steps': 24000, 'training/updates': 12, 'training/sps': np.float64(13822.857), 'training/walltime': np.float64(3.586), 'training/rollout_time': np.float64(0.137), 'training/update_time': np.float64(0.008), 'training/approx_kl': 4.305969980578084e-08, 'training/entropy': 0.019660694524645805, 'training/policy_loss': -0.18745313584804535, 'training/total_loss': -0.14098584651947021, 'training/value_loss': 0.09293460100889206}
{'eval/num_episodes': 200, 'eval/num_steps': 200, 'eval/mean_score': np.float64(0.9), 'eval/std_score': np.float64(0.007), 'eval/mean_episode_length': np.float64(1.0), 'eval/std_episode_length': np.float64(0.0), 'eval/eval_time': 0.0809321403503418}
{'training/total_steps': 26000, 'training/updates': 13, 'training/sps': np.float64(13194.428), 'training/walltime': np.float64(3.818), 'training/rollout_time': np.float64(0.144), 'training/update_time': np.float64(0.008), 'training/approx_kl': 1.3959676437025337e-07, 'training/entropy': 0.019849568605422974, 'training/policy_loss': -0.0005529294139705598, 'training/total_loss': 0.044390685856342316, 'training/value_loss': 0.08988723158836365}
{'eval/num_episodes': 200, 'eval/num_steps': 200, 'eval/mean_score': np.float64(0.9), 'eval/std_score': np.float64(0.0), 'eval/mean_episode_length': np.float64(1.0), 'eval/std_episode_length': np.float64(0.0), 'eval/eval_time': 0.07949328422546387}
{'training/total_steps': 28000, 'training/updates': 14, 'training/sps': np.float64(13077.021), 'training/walltime': np.float64(4.051), 'training/rollout_time': np.float64(0.145), 'training/update_time': np.float64(0.008), 'training/approx_kl': 2.523273110455193e-07, 'training/entropy': 0.020098667591810226, 'training/policy_loss': -0.0006696222117170691, 'training/total_loss': 0.042753905057907104, 'training/value_loss': 0.08684705197811127}
{'eval/num_episodes': 200, 'eval/num_steps': 200, 'eval/mean_score': np.float64(0.9), 'eval/std_score': np.float64(0.0), 'eval/mean_episode_length': np.float64(1.0), 'eval/std_episode_length': np.float64(0.0), 'eval/eval_time': 0.08238792419433594}
{'training/total_steps': 30000, 'training/updates': 15, 'training/sps': np.float64(13477.537), 'training/walltime': np.float64(4.284), 'training/rollout_time': np.float64(0.14), 'training/update_time': np.float64(0.008), 'training/approx_kl': 2.2876471916788432e-07, 'training/entropy': 0.02034713886678219, 'training/policy_loss': -0.2348191738128662, 'training/total_loss': -0.19287647306919098, 'training/value_loss': 0.08388536423444748}
{'eval/num_episodes': 200, 'eval/num_steps': 200, 'eval/mean_score': np.float64(0.9), 'eval/std_score': np.float64(0.0), 'eval/mean_episode_length': np.float64(1.0), 'eval/std_episode_length': np.float64(0.0), 'eval/eval_time': 0.07642698287963867}
{'training/total_steps': 32000, 'training/updates': 16, 'training/sps': np.float64(13119.315), 'training/walltime': np.float64(4.513), 'training/rollout_time': np.float64(0.145), 'training/update_time': np.float64(0.008), 'training/approx_kl': 1.766854040852195e-07, 'training/entropy': 0.020584940910339355, 'training/policy_loss': -0.0005703606875613332, 'training/total_loss': 0.03991885855793953, 'training/value_loss': 0.08097843825817108}
{'eval/num_episodes': 200, 'eval/num_steps': 200, 'eval/mean_score': np.float64(0.9), 'eval/std_score': np.float64(0.0), 'eval/mean_episode_length': np.float64(1.0), 'eval/std_episode_length': np.float64(0.0), 'eval/eval_time': 0.08092689514160156}
{'training/total_steps': 34000, 'training/updates': 17, 'training/sps': np.float64(14159.47), 'training/walltime': np.float64(4.736), 'training/rollout_time': np.float64(0.133), 'training/update_time': np.float64(0.008), 'training/approx_kl': 1.8215936847809644e-07, 'training/entropy': 0.02083185315132141, 'training/policy_loss': 0.23626390099525452, 'training/total_loss': 0.2753491699695587, 'training/value_loss': 0.07817055284976959}
{'eval/num_episodes': 200, 'eval/num_steps': 200, 'eval/mean_score': np.float64(0.901), 'eval/std_score': np.float64(0.012), 'eval/mean_episode_length': np.float64(1.0), 'eval/std_episode_length': np.float64(0.0), 'eval/eval_time': 0.07733917236328125}
{'training/total_steps': 36000, 'training/updates': 18, 'training/sps': np.float64(13626.741), 'training/walltime': np.float64(4.96), 'training/rollout_time': np.float64(0.137), 'training/update_time': np.float64(0.009), 'training/approx_kl': 3.843229592348507e-07, 'training/entropy': 0.021116789430379868, 'training/policy_loss': -0.0008342898217961192, 'training/total_loss': 0.036917027086019516, 'training/value_loss': 0.07550263404846191}
{'eval/num_episodes': 200, 'eval/num_steps': 200, 'eval/mean_score': np.float64(0.9), 'eval/std_score': np.float64(0.007), 'eval/mean_episode_length': np.float64(1.0), 'eval/std_episode_length': np.float64(0.0), 'eval/eval_time': 0.07776713371276855}
{'training/total_steps': 38000, 'training/updates': 19, 'training/sps': np.float64(13454.904), 'training/walltime': np.float64(5.187), 'training/rollout_time': np.float64(0.139), 'training/update_time': np.float64(0.009), 'training/approx_kl': 3.299273316770268e-07, 'training/entropy': 0.021415920928120613, 'training/policy_loss': -0.0007696676766499877, 'training/total_loss': 0.03564015030860901, 'training/value_loss': 0.07281963527202606}
{'eval/num_episodes': 200, 'eval/num_steps': 200, 'eval/mean_score': np.float64(0.9), 'eval/std_score': np.float64(0.0), 'eval/mean_episode_length': np.float64(1.0), 'eval/std_episode_length': np.float64(0.0), 'eval/eval_time': 0.07514786720275879}
{'training/total_steps': 40000, 'training/updates': 20, 'training/sps': np.float64(13721.472), 'training/walltime': np.float64(5.408), 'training/rollout_time': np.float64(0.138), 'training/update_time': np.float64(0.008), 'training/approx_kl': 5.267003189146635e-07, 'training/entropy': 0.021743768826127052, 'training/policy_loss': -0.0009999952744692564, 'training/total_loss': 0.03413639962673187, 'training/value_loss': 0.0702727884054184}
{'eval/num_episodes': 200, 'eval/num_steps': 200, 'eval/mean_score': np.float64(0.9), 'eval/std_score': np.float64(0.007), 'eval/mean_episode_length': np.float64(1.0), 'eval/std_episode_length': np.float64(0.0), 'eval/eval_time': 0.07628417015075684}
{'training/total_steps': 42000, 'training/updates': 21, 'training/sps': np.float64(13825.978), 'training/walltime': np.float64(5.63), 'training/rollout_time': np.float64(0.137), 'training/update_time': np.float64(0.008), 'training/approx_kl': 5.70769373098301e-07, 'training/entropy': 0.022086743265390396, 'training/policy_loss': -0.001038223272189498, 'training/total_loss': 0.03283844515681267, 'training/value_loss': 0.06775332987308502}
{'eval/num_episodes': 200, 'eval/num_steps': 200, 'eval/mean_score': np.float64(0.9), 'eval/std_score': np.float64(0.0), 'eval/mean_episode_length': np.float64(1.0), 'eval/std_episode_length': np.float64(0.0), 'eval/eval_time': 0.0746622085571289}
{'training/total_steps': 44000, 'training/updates': 22, 'training/sps': np.float64(13535.711), 'training/walltime': np.float64(5.852), 'training/rollout_time': np.float64(0.14), 'training/update_time': np.float64(0.008), 'training/approx_kl': 1.5104527051335026e-07, 'training/entropy': 0.022380705922842026, 'training/policy_loss': 0.23381200432777405, 'training/total_loss': 0.26641279458999634, 'training/value_loss': 0.06520163267850876}
{'eval/num_episodes': 200, 'eval/num_steps': 200, 'eval/mean_score': np.float64(0.9), 'eval/std_score': np.float64(0.007), 'eval/mean_episode_length': np.float64(1.0), 'eval/std_episode_length': np.float64(0.0), 'eval/eval_time': 0.07633399963378906}
{'training/total_steps': 46000, 'training/updates': 23, 'training/sps': np.float64(10914.467), 'training/walltime': np.float64(6.112), 'training/rollout_time': np.float64(0.175), 'training/update_time': np.float64(0.008), 'training/approx_kl': 8.117626748571638e-07, 'training/entropy': 0.02270509861409664, 'training/policy_loss': -0.0012213191948831081, 'training/total_loss': 0.03029073029756546, 'training/value_loss': 0.06302409619092941}
{'eval/num_episodes': 200, 'eval/num_steps': 200, 'eval/mean_score': np.float64(0.9), 'eval/std_score': np.float64(0.0), 'eval/mean_episode_length': np.float64(1.0), 'eval/std_episode_length': np.float64(0.0), 'eval/eval_time': 0.1690082550048828}
{'training/total_steps': 48000, 'training/updates': 24, 'training/sps': np.float64(7670.686), 'training/walltime': np.float64(6.543), 'training/rollout_time': np.float64(0.253), 'training/update_time': np.float64(0.008), 'training/approx_kl': 2.9097802212163515e-07, 'training/entropy': 0.023056164383888245, 'training/policy_loss': -0.000725383055396378, 'training/total_loss': 0.029539186507463455, 'training/value_loss': 0.060529135167598724}
{'eval/num_episodes': 200, 'eval/num_steps': 200, 'eval/mean_score': np.float64(0.9), 'eval/std_score': np.float64(0.007), 'eval/mean_episode_length': np.float64(1.0), 'eval/std_episode_length': np.float64(0.0), 'eval/eval_time': 0.09071111679077148}
{'training/total_steps': 50000, 'training/updates': 25, 'training/sps': np.float64(11892.375), 'training/walltime': np.float64(6.802), 'training/rollout_time': np.float64(0.157), 'training/update_time': np.float64(0.012), 'training/approx_kl': 3.691117740345362e-07, 'training/entropy': 0.023377684876322746, 'training/policy_loss': -0.0008353143348358572, 'training/total_loss': 0.028335392475128174, 'training/value_loss': 0.058341413736343384}
{'eval/num_episodes': 200, 'eval/num_steps': 200, 'eval/mean_score': np.float64(0.9), 'eval/std_score': np.float64(0.0), 'eval/mean_episode_length': np.float64(1.0), 'eval/std_episode_length': np.float64(0.0), 'eval/eval_time': 0.07424116134643555}
{'training/total_steps': 52000, 'training/updates': 26, 'training/sps': np.float64(12721.269), 'training/walltime': np.float64(7.034), 'training/rollout_time': np.float64(0.145), 'training/update_time': np.float64(0.013), 'training/approx_kl': 2.3727306341925214e-08, 'training/entropy': 0.023607514798641205, 'training/policy_loss': 0.6421374082565308, 'training/total_loss': 0.6701497435569763, 'training/value_loss': 0.05602462589740753}
{'eval/num_episodes': 200, 'eval/num_steps': 200, 'eval/mean_score': np.float64(0.901), 'eval/std_score': np.float64(0.01), 'eval/mean_episode_length': np.float64(1.0), 'eval/std_episode_length': np.float64(0.0), 'eval/eval_time': 0.07600212097167969}
{'training/total_steps': 54000, 'training/updates': 27, 'training/sps': np.float64(13212.133), 'training/walltime': np.float64(7.261), 'training/rollout_time': np.float64(0.141), 'training/update_time': np.float64(0.011), 'training/approx_kl': 1.7482159364590188e-07, 'training/entropy': 0.02380695939064026, 'training/policy_loss': -0.000522518646903336, 'training/total_loss': 0.02649768814444542, 'training/value_loss': 0.05404041334986687}
{'eval/num_episodes': 200, 'eval/num_steps': 200, 'eval/mean_score': np.float64(0.9), 'eval/std_score': np.float64(0.007), 'eval/mean_episode_length': np.float64(1.0), 'eval/std_episode_length': np.float64(0.0), 'eval/eval_time': 0.07594704627990723}
{'training/total_steps': 56000, 'training/updates': 28, 'training/sps': np.float64(13408.707), 'training/walltime': np.float64(7.487), 'training/rollout_time': np.float64(0.138), 'training/update_time': np.float64(0.011), 'training/approx_kl': 6.76756002349066e-08, 'training/entropy': 0.024053115397691727, 'training/policy_loss': 0.1868407130241394, 'training/total_loss': 0.21278606355190277, 'training/value_loss': 0.05189067870378494}
{'eval/num_episodes': 200, 'eval/num_steps': 200, 'eval/mean_score': np.float64(0.9), 'eval/std_score': np.float64(0.007), 'eval/mean_episode_length': np.float64(1.0), 'eval/std_episode_length': np.float64(0.0), 'eval/eval_time': 0.07560896873474121}
{'training/total_steps': 58000, 'training/updates': 29, 'training/sps': np.float64(12222.768), 'training/walltime': np.float64(7.726), 'training/rollout_time': np.float64(0.151), 'training/update_time': np.float64(0.013), 'training/approx_kl': 3.94607326370533e-07, 'training/entropy': 0.024343958124518394, 'training/policy_loss': -0.0008914645295590162, 'training/total_loss': 0.02412055991590023, 'training/value_loss': 0.05002404749393463}
{'eval/num_episodes': 200, 'eval/num_steps': 200, 'eval/mean_score': np.float64(0.9), 'eval/std_score': np.float64(0.0), 'eval/mean_episode_length': np.float64(1.0), 'eval/std_episode_length': np.float64(0.0), 'eval/eval_time': 0.08443093299865723}
{'training/total_steps': 60000, 'training/updates': 30, 'training/sps': np.float64(13796.327), 'training/walltime': np.float64(7.956), 'training/rollout_time': np.float64(0.137), 'training/update_time': np.float64(0.008), 'training/approx_kl': 2.8648554462051834e-07, 'training/entropy': 0.024685261771082878, 'training/policy_loss': -0.0007266810862347484, 'training/total_loss': 0.023280669003725052, 'training/value_loss': 0.048014700412750244}
{'eval/num_episodes': 200, 'eval/num_steps': 200, 'eval/mean_score': np.float64(0.9), 'eval/std_score': np.float64(0.0), 'eval/mean_episode_length': np.float64(1.0), 'eval/std_episode_length': np.float64(0.0), 'eval/eval_time': 0.07498407363891602}
TRAINING END: training duration: 8.031548261642456
{'final_eval/num_episodes': 200, 'final_eval/num_steps': 200, 'final_eval/mean_score': np.float64(0.8999999761581421), 'final_eval/std_score': np.float64(0.0), 'final_eval/mean_episode_length': np.float64(1.0), 'final_eval/std_episode_length': np.float64(0.0)}
