|param: value|
|experiment_name:  trpo_procgen|
|seed:  9|
|platform:  cpu|
|write_logs_to_file:  False|
|save_model:  False|
|env_name:  bandit|
|num_envs:  8|
|num_train_levels:  200|
|distribution_mode:  easy|
|arm_means:  (1.0, 0.9)|
|deterministic_rewards:  True|
|eval_env:  True|
|num_eval_episodes:  200|
|eval_every:  1|
|deterministic_eval:  False|
|normalize_observations:  True|
|total_timesteps:  60000|
|learning_rate:  0.01|
|unroll_length:  250|
|anneal_lr:  False|
|gamma:  0.99|
|gae_lambda:  0.95|
|batch_size:  1|
|num_minibatches:  8|
|update_epochs:  10|
|normalize_advantages:  True|
|target_kl:  0.01|
|cg_damping:  0.1|
|cg_max_iterations:  10|
|line_search_max_iter:  10|
|line_search_shrinking_factor:  0.8|
|vf_cost:  1.0|
|max_grad_norm:  0.5|
|reward_scaling:  1.0|
|use_cnn:  False|
|policy_hidden_layer_sizes:  ()|
|value_hidden_layer_sizes:  ()|
|activation:  <jax._src.custom_derivatives.custom_jvp object at 0x12a388090>|
|policy_init_logit_bias:  [0.0, 6.0]|
|entropy_cost:  0.0|
{'training/total_steps': 2000, 'training/updates': 1, 'training/sps': np.float64(1287.251), 'training/walltime': np.float64(1.554), 'training/rollout_time': np.float64(0.126), 'training/update_time': np.float64(1.428), 'training/iterations': 1.0, 'training/kl_div': 0.0003828393528237939, 'training/line_search_success': 1.0, 'training/new_policy_objective': 0.6051632165908813, 'training/policy_objective': 0.5969885587692261, 'training/value_loss': 0.8006866574287415}
{'eval/num_episodes': 200, 'eval/num_steps': 200, 'eval/mean_score': np.float64(0.9), 'eval/std_score': np.float64(0.0), 'eval/mean_episode_length': np.float64(1.0), 'eval/std_episode_length': np.float64(0.0), 'eval/eval_time': 0.07917022705078125}
{'training/total_steps': 4000, 'training/updates': 2, 'training/sps': np.float64(18719.933), 'training/walltime': np.float64(1.767), 'training/rollout_time': np.float64(0.103), 'training/update_time': np.float64(0.003), 'training/iterations': 1.0, 'training/kl_div': 0.003976829349994659, 'training/line_search_success': 1.0, 'training/new_policy_objective': -0.8876085877418518, 'training/policy_objective': -0.9017306566238403, 'training/value_loss': 0.006184339988976717}
{'eval/num_episodes': 200, 'eval/num_steps': 200, 'eval/mean_score': np.float64(0.915), 'eval/std_score': np.float64(0.036), 'eval/mean_episode_length': np.float64(1.0), 'eval/std_episode_length': np.float64(0.0), 'eval/eval_time': 0.07596397399902344}
{'training/total_steps': 6000, 'training/updates': 3, 'training/sps': np.float64(18964.163), 'training/walltime': np.float64(1.949), 'training/rollout_time': np.float64(0.102), 'training/update_time': np.float64(0.003), 'training/iterations': 1.0, 'training/kl_div': 0.009136985056102276, 'training/line_search_success': 1.0, 'training/new_policy_objective': 0.8296994566917419, 'training/policy_objective': 0.6377825140953064, 'training/value_loss': 0.0005823877290822566}
{'eval/num_episodes': 200, 'eval/num_steps': 200, 'eval/mean_score': np.float64(0.964), 'eval/std_score': np.float64(0.048), 'eval/mean_episode_length': np.float64(1.0), 'eval/std_episode_length': np.float64(0.0), 'eval/eval_time': 0.07990121841430664}
{'training/total_steps': 8000, 'training/updates': 4, 'training/sps': np.float64(19441.836), 'training/walltime': np.float64(2.132), 'training/rollout_time': np.float64(0.099), 'training/update_time': np.float64(0.003), 'training/iterations': 1.0, 'training/kl_div': 0.00768525805324316, 'training/line_search_success': 1.0, 'training/new_policy_objective': 0.46438729763031006, 'training/policy_objective': 0.37587493658065796, 'training/value_loss': 0.0013116445625200868}
{'eval/num_episodes': 200, 'eval/num_steps': 200, 'eval/mean_score': np.float64(0.997), 'eval/std_score': np.float64(0.017), 'eval/mean_episode_length': np.float64(1.0), 'eval/std_episode_length': np.float64(0.0), 'eval/eval_time': 0.07386898994445801}
{'training/total_steps': 10000, 'training/updates': 5, 'training/sps': np.float64(19308.214), 'training/walltime': np.float64(2.31), 'training/rollout_time': np.float64(0.1), 'training/update_time': np.float64(0.003), 'training/iterations': 1.0, 'training/kl_div': 0.0015468100318685174, 'training/line_search_success': 1.0, 'training/new_policy_objective': 0.1444929540157318, 'training/policy_objective': 0.12499593943357468, 'training/value_loss': 0.00019984485697932541}
{'eval/num_episodes': 200, 'eval/num_steps': 200, 'eval/mean_score': np.float64(1.0), 'eval/std_score': np.float64(0.0), 'eval/mean_episode_length': np.float64(1.0), 'eval/std_episode_length': np.float64(0.0), 'eval/eval_time': 0.07402706146240234}
{'training/total_steps': 12000, 'training/updates': 6, 'training/sps': np.float64(17076.186), 'training/walltime': np.float64(2.501), 'training/rollout_time': np.float64(0.114), 'training/update_time': np.float64(0.004), 'training/iterations': 1.0, 'training/kl_div': 0.001690598321147263, 'training/line_search_success': 1.0, 'training/new_policy_objective': -0.022517535835504532, 'training/policy_objective': -0.022637302055954933, 'training/value_loss': 3.779599353492813e-07}
{'eval/num_episodes': 200, 'eval/num_steps': 200, 'eval/mean_score': np.float64(0.997), 'eval/std_score': np.float64(0.016), 'eval/mean_episode_length': np.float64(1.0), 'eval/std_episode_length': np.float64(0.0), 'eval/eval_time': 0.0767669677734375}
{'training/total_steps': 14000, 'training/updates': 7, 'training/sps': np.float64(18820.691), 'training/walltime': np.float64(2.685), 'training/rollout_time': np.float64(0.103), 'training/update_time': np.float64(0.004), 'training/iterations': 1.0, 'training/kl_div': 0.001875388901680708, 'training/line_search_success': 1.0, 'training/new_policy_objective': 0.1776156723499298, 'training/policy_objective': 0.15028373897075653, 'training/value_loss': 0.0002113485534209758}
{'eval/num_episodes': 200, 'eval/num_steps': 200, 'eval/mean_score': np.float64(1.0), 'eval/std_score': np.float64(0.0), 'eval/mean_episode_length': np.float64(1.0), 'eval/std_episode_length': np.float64(0.0), 'eval/eval_time': 0.07662487030029297}
{'training/total_steps': 16000, 'training/updates': 8, 'training/sps': np.float64(18066.67), 'training/walltime': np.float64(2.873), 'training/rollout_time': np.float64(0.107), 'training/update_time': np.float64(0.003), 'training/iterations': 1.0, 'training/kl_div': nan, 'training/line_search_success': 0.0, 'training/new_policy_objective': nan, 'training/policy_objective': 0.0, 'training/value_loss': 9.688695854492835e-07}
{'eval/num_episodes': 200, 'eval/num_steps': 200, 'eval/mean_score': np.float64(1.0), 'eval/std_score': np.float64(0.0), 'eval/mean_episode_length': np.float64(1.0), 'eval/std_episode_length': np.float64(0.0), 'eval/eval_time': 0.07982015609741211}
{'training/total_steps': 18000, 'training/updates': 9, 'training/sps': np.float64(14247.731), 'training/walltime': np.float64(3.093), 'training/rollout_time': np.float64(0.137), 'training/update_time': np.float64(0.003), 'training/iterations': 1.0, 'training/kl_div': nan, 'training/line_search_success': 0.0, 'training/new_policy_objective': nan, 'training/policy_objective': 0.0, 'training/value_loss': 1.8358219111558327e-10}
{'eval/num_episodes': 200, 'eval/num_steps': 200, 'eval/mean_score': np.float64(1.0), 'eval/std_score': np.float64(0.0), 'eval/mean_episode_length': np.float64(1.0), 'eval/std_episode_length': np.float64(0.0), 'eval/eval_time': 0.07378101348876953}
{'training/total_steps': 20000, 'training/updates': 10, 'training/sps': np.float64(19051.379), 'training/walltime': np.float64(3.273), 'training/rollout_time': np.float64(0.101), 'training/update_time': np.float64(0.004), 'training/iterations': 1.0, 'training/kl_div': nan, 'training/line_search_success': 0.125, 'training/new_policy_objective': nan, 'training/policy_objective': -2.841845343937166e-06, 'training/value_loss': 1.6808777609264407e-14}
{'eval/num_episodes': 200, 'eval/num_steps': 200, 'eval/mean_score': np.float64(1.0), 'eval/std_score': np.float64(0.0), 'eval/mean_episode_length': np.float64(1.0), 'eval/std_episode_length': np.float64(0.0), 'eval/eval_time': 0.07443714141845703}
{'training/total_steps': 22000, 'training/updates': 11, 'training/sps': np.float64(18580.407), 'training/walltime': np.float64(3.455), 'training/rollout_time': np.float64(0.104), 'training/update_time': np.float64(0.003), 'training/iterations': 1.0, 'training/kl_div': nan, 'training/line_search_success': 0.125, 'training/new_policy_objective': nan, 'training/policy_objective': 3.3378602104505717e-09, 'training/value_loss': 2.4994958494062303e-06}
{'eval/num_episodes': 200, 'eval/num_steps': 200, 'eval/mean_score': np.float64(1.0), 'eval/std_score': np.float64(0.0), 'eval/mean_episode_length': np.float64(1.0), 'eval/std_episode_length': np.float64(0.0), 'eval/eval_time': 0.07890796661376953}
{'training/total_steps': 24000, 'training/updates': 12, 'training/sps': np.float64(16620.123), 'training/walltime': np.float64(3.655), 'training/rollout_time': np.float64(0.115), 'training/update_time': np.float64(0.005), 'training/iterations': 1.0, 'training/kl_div': nan, 'training/line_search_success': 0.0, 'training/new_policy_objective': nan, 'training/policy_objective': 0.0, 'training/value_loss': 1.4983372875754242e-10}
{'eval/num_episodes': 200, 'eval/num_steps': 200, 'eval/mean_score': np.float64(1.0), 'eval/std_score': np.float64(0.0), 'eval/mean_episode_length': np.float64(1.0), 'eval/std_episode_length': np.float64(0.0), 'eval/eval_time': 0.08428382873535156}
{'training/total_steps': 26000, 'training/updates': 13, 'training/sps': np.float64(17293.425), 'training/walltime': np.float64(3.856), 'training/rollout_time': np.float64(0.112), 'training/update_time': np.float64(0.004), 'training/iterations': 1.0, 'training/kl_div': nan, 'training/line_search_success': 0.125, 'training/new_policy_objective': nan, 'training/policy_objective': -5.683675226464402e-06, 'training/value_loss': 4.8916427142610755e-14}
{'eval/num_episodes': 200, 'eval/num_steps': 200, 'eval/mean_score': np.float64(0.999), 'eval/std_score': np.float64(0.007), 'eval/mean_episode_length': np.float64(1.0), 'eval/std_episode_length': np.float64(0.0), 'eval/eval_time': 0.07354283332824707}
{'training/total_steps': 28000, 'training/updates': 14, 'training/sps': np.float64(18497.237), 'training/walltime': np.float64(4.038), 'training/rollout_time': np.float64(0.105), 'training/update_time': np.float64(0.003), 'training/iterations': 1.0, 'training/kl_div': nan, 'training/line_search_success': 0.0, 'training/new_policy_objective': nan, 'training/policy_objective': 0.0, 'training/value_loss': 0.0}
{'eval/num_episodes': 200, 'eval/num_steps': 200, 'eval/mean_score': np.float64(1.0), 'eval/std_score': np.float64(0.0), 'eval/mean_episode_length': np.float64(1.0), 'eval/std_episode_length': np.float64(0.0), 'eval/eval_time': 0.07793474197387695}
{'training/total_steps': 30000, 'training/updates': 15, 'training/sps': np.float64(17285.371), 'training/walltime': np.float64(4.232), 'training/rollout_time': np.float64(0.112), 'training/update_time': np.float64(0.003), 'training/iterations': 1.0, 'training/kl_div': nan, 'training/line_search_success': 0.0, 'training/new_policy_objective': nan, 'training/policy_objective': 0.0, 'training/value_loss': 0.0}
{'eval/num_episodes': 200, 'eval/num_steps': 200, 'eval/mean_score': np.float64(1.0), 'eval/std_score': np.float64(0.0), 'eval/mean_episode_length': np.float64(1.0), 'eval/std_episode_length': np.float64(0.0), 'eval/eval_time': 0.0769498348236084}
{'training/total_steps': 32000, 'training/updates': 16, 'training/sps': np.float64(18872.391), 'training/walltime': np.float64(4.415), 'training/rollout_time': np.float64(0.103), 'training/update_time': np.float64(0.003), 'training/iterations': 1.0, 'training/kl_div': nan, 'training/line_search_success': 0.25, 'training/new_policy_objective': nan, 'training/policy_objective': 0.004652317613363266, 'training/value_loss': 4.996480129193515e-06}
{'eval/num_episodes': 200, 'eval/num_steps': 200, 'eval/mean_score': np.float64(1.0), 'eval/std_score': np.float64(0.0), 'eval/mean_episode_length': np.float64(1.0), 'eval/std_episode_length': np.float64(0.0), 'eval/eval_time': 0.07651209831237793}
{'training/total_steps': 34000, 'training/updates': 17, 'training/sps': np.float64(18546.517), 'training/walltime': np.float64(4.6), 'training/rollout_time': np.float64(0.105), 'training/update_time': np.float64(0.003), 'training/iterations': 1.0, 'training/kl_div': 0.0012885460164397955, 'training/line_search_success': 1.0, 'training/new_policy_objective': -0.0007217684760689735, 'training/policy_objective': -0.000724568497389555, 'training/value_loss': 3.8517217193501097e-10}
{'eval/num_episodes': 200, 'eval/num_steps': 200, 'eval/mean_score': np.float64(0.995), 'eval/std_score': np.float64(0.021), 'eval/mean_episode_length': np.float64(1.0), 'eval/std_episode_length': np.float64(0.0), 'eval/eval_time': 0.08141016960144043}
{'training/total_steps': 36000, 'training/updates': 18, 'training/sps': np.float64(17974.343), 'training/walltime': np.float64(4.793), 'training/rollout_time': np.float64(0.108), 'training/update_time': np.float64(0.003), 'training/iterations': 1.0, 'training/kl_div': 0.0014652108075097203, 'training/line_search_success': 1.0, 'training/new_policy_objective': 0.1668822020292282, 'training/policy_objective': 0.14232325553894043, 'training/value_loss': 0.00017640087753534317}
{'eval/num_episodes': 200, 'eval/num_steps': 200, 'eval/mean_score': np.float64(1.0), 'eval/std_score': np.float64(0.0), 'eval/mean_episode_length': np.float64(1.0), 'eval/std_episode_length': np.float64(0.0), 'eval/eval_time': 0.08048510551452637}
{'training/total_steps': 38000, 'training/updates': 19, 'training/sps': np.float64(17991.73), 'training/walltime': np.float64(4.985), 'training/rollout_time': np.float64(0.108), 'training/update_time': np.float64(0.003), 'training/iterations': 1.0, 'training/kl_div': 0.0015875139506533742, 'training/line_search_success': 1.0, 'training/new_policy_objective': -0.02253643423318863, 'training/policy_objective': -0.022647734731435776, 'training/value_loss': 5.084710892333533e-07}
{'eval/num_episodes': 200, 'eval/num_steps': 200, 'eval/mean_score': np.float64(0.996), 'eval/std_score': np.float64(0.02), 'eval/mean_episode_length': np.float64(1.0), 'eval/std_episode_length': np.float64(0.0), 'eval/eval_time': 0.08707499504089355}
{'training/total_steps': 40000, 'training/updates': 20, 'training/sps': np.float64(16757.442), 'training/walltime': np.float64(5.192), 'training/rollout_time': np.float64(0.115), 'training/update_time': np.float64(0.004), 'training/iterations': 1.0, 'training/kl_div': 0.001771158305928111, 'training/line_search_success': 1.0, 'training/new_policy_objective': 0.17084354162216187, 'training/policy_objective': 0.14612415432929993, 'training/value_loss': 0.00018801045371219516}
{'eval/num_episodes': 200, 'eval/num_steps': 200, 'eval/mean_score': np.float64(1.0), 'eval/std_score': np.float64(0.0), 'eval/mean_episode_length': np.float64(1.0), 'eval/std_episode_length': np.float64(0.0), 'eval/eval_time': 0.08007502555847168}
{'training/total_steps': 42000, 'training/updates': 21, 'training/sps': np.float64(18905.439), 'training/walltime': np.float64(5.379), 'training/rollout_time': np.float64(0.102), 'training/update_time': np.float64(0.003), 'training/iterations': 1.0, 'training/kl_div': nan, 'training/line_search_success': 0.0, 'training/new_policy_objective': nan, 'training/policy_objective': 0.0, 'training/value_loss': 5.945074690316687e-07}
{'eval/num_episodes': 200, 'eval/num_steps': 200, 'eval/mean_score': np.float64(1.0), 'eval/std_score': np.float64(0.0), 'eval/mean_episode_length': np.float64(1.0), 'eval/std_episode_length': np.float64(0.0), 'eval/eval_time': 0.07812213897705078}
{'training/total_steps': 44000, 'training/updates': 22, 'training/sps': np.float64(17723.397), 'training/walltime': np.float64(5.57), 'training/rollout_time': np.float64(0.107), 'training/update_time': np.float64(0.006), 'training/iterations': 1.0, 'training/kl_div': 4.975759111403022e-06, 'training/line_search_success': 1.0, 'training/new_policy_objective': 0.00036369130248203874, 'training/policy_objective': 0.00036368781002238393, 'training/value_loss': 1.4062384590118882e-10}
{'eval/num_episodes': 200, 'eval/num_steps': 200, 'eval/mean_score': np.float64(1.0), 'eval/std_score': np.float64(0.0), 'eval/mean_episode_length': np.float64(1.0), 'eval/std_episode_length': np.float64(0.0), 'eval/eval_time': 0.07699990272521973}
{'training/total_steps': 46000, 'training/updates': 23, 'training/sps': np.float64(18790.969), 'training/walltime': np.float64(5.754), 'training/rollout_time': np.float64(0.103), 'training/update_time': np.float64(0.004), 'training/iterations': 1.0, 'training/kl_div': 3.4114273148588836e-06, 'training/line_search_success': 1.0, 'training/new_policy_objective': -5.684224561264273e-06, 'training/policy_objective': -5.684275492967572e-06, 'training/value_loss': 2.7666757434845722e-14}
{'eval/num_episodes': 200, 'eval/num_steps': 200, 'eval/mean_score': np.float64(1.0), 'eval/std_score': np.float64(0.0), 'eval/mean_episode_length': np.float64(1.0), 'eval/std_episode_length': np.float64(0.0), 'eval/eval_time': 0.08014297485351562}
{'training/total_steps': 48000, 'training/updates': 24, 'training/sps': np.float64(18563.221), 'training/walltime': np.float64(5.942), 'training/rollout_time': np.float64(0.102), 'training/update_time': np.float64(0.005), 'training/iterations': 1.0, 'training/kl_div': nan, 'training/line_search_success': 0.125, 'training/new_policy_objective': nan, 'training/policy_objective': 1.907348723406699e-09, 'training/value_loss': 2.500441723896074e-06}
{'eval/num_episodes': 200, 'eval/num_steps': 200, 'eval/mean_score': np.float64(1.0), 'eval/std_score': np.float64(0.0), 'eval/mean_episode_length': np.float64(1.0), 'eval/std_episode_length': np.float64(0.0), 'eval/eval_time': 0.07303714752197266}
{'training/total_steps': 50000, 'training/updates': 25, 'training/sps': np.float64(18372.219), 'training/walltime': np.float64(6.125), 'training/rollout_time': np.float64(0.106), 'training/update_time': np.float64(0.003), 'training/iterations': 1.0, 'training/kl_div': 0.0011224697809666395, 'training/line_search_success': 1.0, 'training/new_policy_objective': -0.00018074890249408782, 'training/policy_objective': -0.0001813487324398011, 'training/value_loss': 9.306460463376354e-11}
{'eval/num_episodes': 200, 'eval/num_steps': 200, 'eval/mean_score': np.float64(0.997), 'eval/std_score': np.float64(0.017), 'eval/mean_episode_length': np.float64(1.0), 'eval/std_episode_length': np.float64(0.0), 'eval/eval_time': 0.07717585563659668}
{'training/total_steps': 52000, 'training/updates': 26, 'training/sps': np.float64(18170.611), 'training/walltime': np.float64(6.313), 'training/rollout_time': np.float64(0.107), 'training/update_time': np.float64(0.004), 'training/iterations': 1.0, 'training/kl_div': 0.0012923607137054205, 'training/line_search_success': 1.0, 'training/new_policy_objective': 0.1361081749200821, 'training/policy_objective': 0.11567090451717377, 'training/value_loss': 0.00012215478636790067}
{'eval/num_episodes': 200, 'eval/num_steps': 200, 'eval/mean_score': np.float64(1.0), 'eval/std_score': np.float64(0.0), 'eval/mean_episode_length': np.float64(1.0), 'eval/std_episode_length': np.float64(0.0), 'eval/eval_time': 0.08108115196228027}
{'training/total_steps': 54000, 'training/updates': 27, 'training/sps': np.float64(12732.197), 'training/walltime': np.float64(6.551), 'training/rollout_time': np.float64(0.154), 'training/update_time': np.float64(0.003), 'training/iterations': 1.0, 'training/kl_div': nan, 'training/line_search_success': 0.0, 'training/new_policy_objective': nan, 'training/policy_objective': 0.0, 'training/value_loss': 2.1310493991677504e-07}
{'eval/num_episodes': 200, 'eval/num_steps': 200, 'eval/mean_score': np.float64(1.0), 'eval/std_score': np.float64(0.0), 'eval/mean_episode_length': np.float64(1.0), 'eval/std_episode_length': np.float64(0.0), 'eval/eval_time': 0.08120298385620117}
{'training/total_steps': 56000, 'training/updates': 28, 'training/sps': np.float64(19458.793), 'training/walltime': np.float64(6.736), 'training/rollout_time': np.float64(0.099), 'training/update_time': np.float64(0.003), 'training/iterations': 1.0, 'training/kl_div': nan, 'training/line_search_success': 0.0, 'training/new_policy_objective': nan, 'training/policy_objective': 0.0, 'training/value_loss': 4.363591779577014e-11}
{'eval/num_episodes': 200, 'eval/num_steps': 200, 'eval/mean_score': np.float64(1.0), 'eval/std_score': np.float64(0.0), 'eval/mean_episode_length': np.float64(1.0), 'eval/std_episode_length': np.float64(0.0), 'eval/eval_time': 0.0788419246673584}
{'training/total_steps': 58000, 'training/updates': 29, 'training/sps': np.float64(17592.339), 'training/walltime': np.float64(6.929), 'training/rollout_time': np.float64(0.107), 'training/update_time': np.float64(0.006), 'training/iterations': 1.0, 'training/kl_div': nan, 'training/line_search_success': 0.0, 'training/new_policy_objective': nan, 'training/policy_objective': 0.0, 'training/value_loss': 6.616929480875817e-15}
{'eval/num_episodes': 200, 'eval/num_steps': 200, 'eval/mean_score': np.float64(1.0), 'eval/std_score': np.float64(0.0), 'eval/mean_episode_length': np.float64(1.0), 'eval/std_episode_length': np.float64(0.0), 'eval/eval_time': 0.08090591430664062}
{'training/total_steps': 60000, 'training/updates': 30, 'training/sps': np.float64(18891.772), 'training/walltime': np.float64(7.116), 'training/rollout_time': np.float64(0.103), 'training/update_time': np.float64(0.003), 'training/iterations': 1.0, 'training/kl_div': nan, 'training/line_search_success': 0.0, 'training/new_policy_objective': nan, 'training/policy_objective': 0.0, 'training/value_loss': 0.0}
{'eval/num_episodes': 200, 'eval/num_steps': 200, 'eval/mean_score': np.float64(1.0), 'eval/std_score': np.float64(0.0), 'eval/mean_episode_length': np.float64(1.0), 'eval/std_episode_length': np.float64(0.0), 'eval/eval_time': 0.07735180854797363}
TRAINING END: training duration: 7.193869113922119
{'final_eval/num_episodes': 200, 'final_eval/num_steps': 200, 'final_eval/mean_score': np.float64(1.0), 'final_eval/std_score': np.float64(0.0), 'final_eval/mean_episode_length': np.float64(1.0), 'final_eval/std_episode_length': np.float64(0.0)}
