|param: value|
|experiment_name:  pc_actor_critic|
|seed:  9|
|write_logs_to_file:  False|
|save_model:  False|
|env_name:  bandit|
|num_envs:  8|
|num_train_levels:  200|
|distribution_mode:  easy|
|arm_means:  (1.0, 0.9)|
|deterministic_rewards:  True|
|eval_env:  True|
|num_eval_episodes:  200|
|eval_every:  1|
|total_timesteps:  60000|
|unroll_length:  250|
|gamma:  0.99|
|learning_rate:  0.01|
|value_learning_rate:  0.01|
|target_scale:  1.0|
|pc_steps_per_update:  1|
|max_t1:  20|
|width:  32|
|depth:  2|
|act_fn:  relu|
|policy_init_logit_bias:  [0.0, 0.0]|
|use_cnn:  False|
|policy_hidden_layer_sizes:  ()|
|value_hidden_layer_sizes:  ()|
|anneal_lr:  False|
|entropy_cost:  0.0|
|deterministic_eval:  False|
{'training/total_steps': 2000, 'training/updates': 1, 'training/walltime': np.float64(1.305), 'training/update_time': np.float64(1.305), 'training/policy_pc_loss': 0.31318745017051697, 'training/value_pc_loss': 0.6263753175735474, 'training/mean_value': -0.16694675385951996, 'training/mean_reward': 0.9511998891830444, 'training/mean_advantage_abs': 1.118146538734436}
{'eval/num_episodes': 200, 'eval/mean_score': np.float64(0.9555), 'eval/std_score': np.float64(0.0497), 'eval/mean_episode_length': np.float64(1.0)}
{'training/total_steps': 4000, 'training/updates': 2, 'training/walltime': np.float64(1.466), 'training/update_time': np.float64(0.132), 'training/policy_pc_loss': 0.24636533856391907, 'training/value_pc_loss': 0.5046221017837524, 'training/mean_value': -0.048528194427490234, 'training/mean_reward': 0.9548501372337341, 'training/mean_advantage_abs': 1.0033783912658691}
{'eval/num_episodes': 200, 'eval/mean_score': np.float64(0.9605), 'eval/std_score': np.float64(0.0489), 'eval/mean_episode_length': np.float64(1.0)}
{'training/total_steps': 6000, 'training/updates': 3, 'training/walltime': np.float64(1.606), 'training/update_time': np.float64(0.138), 'training/policy_pc_loss': 0.18709568679332733, 'training/value_pc_loss': 0.39530542492866516, 'training/mean_value': 0.06931556761264801, 'training/mean_reward': 0.9570999145507812, 'training/mean_advantage_abs': 0.8877847194671631}
{'eval/num_episodes': 200, 'eval/mean_score': np.float64(0.9625), 'eval/std_score': np.float64(0.0484), 'eval/mean_episode_length': np.float64(1.0)}
{'training/total_steps': 8000, 'training/updates': 4, 'training/walltime': np.float64(1.763), 'training/update_time': np.float64(0.155), 'training/policy_pc_loss': 0.13513821363449097, 'training/value_pc_loss': 0.30119308829307556, 'training/mean_value': 0.186250701546669, 'training/mean_reward': 0.9608500003814697, 'training/mean_advantage_abs': 0.7745992541313171}
{'eval/num_episodes': 200, 'eval/mean_score': np.float64(0.965), 'eval/std_score': np.float64(0.0477), 'eval/mean_episode_length': np.float64(1.0)}
{'training/total_steps': 10000, 'training/updates': 5, 'training/walltime': np.float64(1.896), 'training/update_time': np.float64(0.132), 'training/policy_pc_loss': 0.09118320792913437, 'training/value_pc_loss': 0.22108927369117737, 'training/mean_value': 0.3019920587539673, 'training/mean_reward': 0.9652498960494995, 'training/mean_advantage_abs': 0.663257896900177}
{'eval/num_episodes': 200, 'eval/mean_score': np.float64(0.965), 'eval/std_score': np.float64(0.0477), 'eval/mean_episode_length': np.float64(1.0)}
{'training/total_steps': 12000, 'training/updates': 6, 'training/walltime': np.float64(2.027), 'training/update_time': np.float64(0.131), 'training/policy_pc_loss': 0.05638927221298218, 'training/value_pc_loss': 0.1542012095451355, 'training/mean_value': 0.4162646234035492, 'training/mean_reward': 0.9696999788284302, 'training/mean_advantage_abs': 0.553435206413269}
{'eval/num_episodes': 200, 'eval/mean_score': np.float64(0.9735), 'eval/std_score': np.float64(0.0441), 'eval/mean_episode_length': np.float64(1.0)}
{'training/total_steps': 14000, 'training/updates': 7, 'training/walltime': np.float64(2.164), 'training/update_time': np.float64(0.136), 'training/policy_pc_loss': 0.03146402910351753, 'training/value_pc_loss': 0.09974588453769684, 'training/mean_value': 0.528709352016449, 'training/mean_reward': 0.9731499552726746, 'training/mean_advantage_abs': 0.4444408416748047}
{'eval/num_episodes': 200, 'eval/mean_score': np.float64(0.9765), 'eval/std_score': np.float64(0.0424), 'eval/mean_episode_length': np.float64(1.0)}
{'training/total_steps': 16000, 'training/updates': 8, 'training/walltime': np.float64(2.342), 'training/update_time': np.float64(0.178), 'training/policy_pc_loss': 0.014885228127241135, 'training/value_pc_loss': 0.05782134085893631, 'training/mean_value': 0.6387679576873779, 'training/mean_reward': 0.9761499762535095, 'training/mean_advantage_abs': 0.33738189935684204}
{'eval/num_episodes': 200, 'eval/mean_score': np.float64(0.9835), 'eval/std_score': np.float64(0.0371), 'eval/mean_episode_length': np.float64(1.0)}
{'training/total_steps': 18000, 'training/updates': 9, 'training/walltime': np.float64(2.479), 'training/update_time': np.float64(0.135), 'training/policy_pc_loss': 0.005059790797531605, 'training/value_pc_loss': 0.02823496423661709, 'training/mean_value': 0.7456262707710266, 'training/mean_reward': 0.9798500537872314, 'training/mean_advantage_abs': 0.23422406613826752}
{'eval/num_episodes': 200, 'eval/mean_score': np.float64(0.9835), 'eval/std_score': np.float64(0.0371), 'eval/mean_episode_length': np.float64(1.0)}
{'training/total_steps': 20000, 'training/updates': 10, 'training/walltime': np.float64(2.618), 'training/update_time': np.float64(0.138), 'training/policy_pc_loss': 0.0008011144818738103, 'training/value_pc_loss': 0.009937992319464684, 'training/mean_value': 0.8481674194335938, 'training/mean_reward': 0.9844000339508057, 'training/mean_advantage_abs': 0.1362326443195343}
{'eval/num_episodes': 200, 'eval/mean_score': np.float64(0.9855), 'eval/std_score': np.float64(0.0352), 'eval/mean_episode_length': np.float64(1.0)}
{'training/total_steps': 22000, 'training/updates': 11, 'training/walltime': np.float64(2.754), 'training/update_time': np.float64(0.136), 'training/policy_pc_loss': 0.0002474930661264807, 'training/value_pc_loss': 0.0014488307060673833, 'training/mean_value': 0.9449386596679688, 'training/mean_reward': 0.986750066280365, 'training/mean_advantage_abs': 0.05372041463851929}
{'eval/num_episodes': 200, 'eval/mean_score': np.float64(0.9885), 'eval/std_score': np.float64(0.0319), 'eval/mean_episode_length': np.float64(1.0)}
{'training/total_steps': 24000, 'training/updates': 12, 'training/walltime': np.float64(2.901), 'training/update_time': np.float64(0.146), 'training/policy_pc_loss': 0.0015092628309503198, 'training/value_pc_loss': 0.0014578482368960977, 'training/mean_value': 1.0340461730957031, 'training/mean_reward': 0.989549994468689, 'training/mean_advantage_abs': 0.04449605569243431}
{'eval/num_episodes': 200, 'eval/mean_score': np.float64(0.9915), 'eval/std_score': np.float64(0.0279), 'eval/mean_episode_length': np.float64(1.0)}
{'training/total_steps': 26000, 'training/updates': 13, 'training/walltime': np.float64(3.032), 'training/update_time': np.float64(0.131), 'training/policy_pc_loss': 0.0034726890735328197, 'training/value_pc_loss': 0.007875540293753147, 'training/mean_value': 1.1133308410644531, 'training/mean_reward': 0.991100013256073, 'training/mean_advantage_abs': 0.12223046272993088}
{'eval/num_episodes': 200, 'eval/mean_score': np.float64(0.9935), 'eval/std_score': np.float64(0.0247), 'eval/mean_episode_length': np.float64(1.0)}
{'training/total_steps': 28000, 'training/updates': 14, 'training/walltime': np.float64(3.178), 'training/update_time': np.float64(0.145), 'training/policy_pc_loss': 0.004826064221560955, 'training/value_pc_loss': 0.017880475148558617, 'training/mean_value': 1.1805610656738281, 'training/mean_reward': 0.993149995803833, 'training/mean_advantage_abs': 0.18741102516651154}
{'eval/num_episodes': 200, 'eval/mean_score': np.float64(0.9925), 'eval/std_score': np.float64(0.0263), 'eval/mean_episode_length': np.float64(1.0)}
{'training/total_steps': 30000, 'training/updates': 15, 'training/walltime': np.float64(3.311), 'training/update_time': np.float64(0.132), 'training/policy_pc_loss': 0.005345502402633429, 'training/value_pc_loss': 0.02883976884186268, 'training/mean_value': 1.2339365482330322, 'training/mean_reward': 0.9948000907897949, 'training/mean_advantage_abs': 0.23913726210594177}
{'eval/num_episodes': 200, 'eval/mean_score': np.float64(0.997), 'eval/std_score': np.float64(0.0171), 'eval/mean_episode_length': np.float64(1.0)}
{'training/total_steps': 32000, 'training/updates': 16, 'training/walltime': np.float64(3.442), 'training/update_time': np.float64(0.131), 'training/policy_pc_loss': 0.005030069500207901, 'training/value_pc_loss': 0.038363922387361526, 'training/mean_value': 1.2724788188934326, 'training/mean_reward': 0.9961500763893127, 'training/mean_advantage_abs': 0.27632904052734375}
{'eval/num_episodes': 200, 'eval/mean_score': np.float64(0.9965), 'eval/std_score': np.float64(0.0184), 'eval/mean_episode_length': np.float64(1.0)}
{'training/total_steps': 34000, 'training/updates': 17, 'training/walltime': np.float64(3.582), 'training/update_time': np.float64(0.138), 'training/policy_pc_loss': 0.0059761423617601395, 'training/value_pc_loss': 0.045354001224040985, 'training/mean_value': 1.296539545059204, 'training/mean_reward': 0.9960000514984131, 'training/mean_advantage_abs': 0.30053943395614624}
{'eval/num_episodes': 200, 'eval/mean_score': np.float64(0.997), 'eval/std_score': np.float64(0.0171), 'eval/mean_episode_length': np.float64(1.0)}
{'training/total_steps': 36000, 'training/updates': 18, 'training/walltime': np.float64(3.721), 'training/update_time': np.float64(0.138), 'training/policy_pc_loss': 0.004377619829028845, 'training/value_pc_loss': 0.04798276722431183, 'training/mean_value': 1.3066014051437378, 'training/mean_reward': 0.9972501397132874, 'training/mean_advantage_abs': 0.3093511462211609}
{'eval/num_episodes': 200, 'eval/mean_score': np.float64(0.997), 'eval/std_score': np.float64(0.0171), 'eval/mean_episode_length': np.float64(1.0)}
{'training/total_steps': 38000, 'training/updates': 19, 'training/walltime': np.float64(3.849), 'training/update_time': np.float64(0.127), 'training/policy_pc_loss': 0.0032524738926440477, 'training/value_pc_loss': 0.04697131738066673, 'training/mean_value': 1.304123044013977, 'training/mean_reward': 0.9979501366615295, 'training/mean_advantage_abs': 0.3061729967594147}
{'eval/num_episodes': 200, 'eval/mean_score': np.float64(1.0), 'eval/std_score': np.float64(0.0), 'eval/mean_episode_length': np.float64(1.0)}
{'training/total_steps': 40000, 'training/updates': 20, 'training/walltime': np.float64(3.987), 'training/update_time': np.float64(0.138), 'training/policy_pc_loss': 0.0020195194520056248, 'training/value_pc_loss': 0.04276961833238602, 'training/mean_value': 1.2908934354782104, 'training/mean_reward': 0.998650074005127, 'training/mean_advantage_abs': 0.29224318265914917}
{'eval/num_episodes': 200, 'eval/mean_score': np.float64(0.998), 'eval/std_score': np.float64(0.014), 'eval/mean_episode_length': np.float64(1.0)}
{'training/total_steps': 42000, 'training/updates': 21, 'training/walltime': np.float64(4.122), 'training/update_time': np.float64(0.134), 'training/policy_pc_loss': 0.001338228234089911, 'training/value_pc_loss': 0.03646023944020271, 'training/mean_value': 1.2688544988632202, 'training/mean_reward': 0.9990001916885376, 'training/mean_advantage_abs': 0.2698545753955841}
{'eval/num_episodes': 200, 'eval/mean_score': np.float64(0.999), 'eval/std_score': np.float64(0.0099), 'eval/mean_episode_length': np.float64(1.0)}
{'training/total_steps': 44000, 'training/updates': 22, 'training/walltime': np.float64(4.256), 'training/update_time': np.float64(0.132), 'training/policy_pc_loss': 0.0009120734175667167, 'training/value_pc_loss': 0.029021793976426125, 'training/mean_value': 1.239957571029663, 'training/mean_reward': 0.9992001056671143, 'training/mean_advantage_abs': 0.24075782299041748}
{'eval/num_episodes': 200, 'eval/mean_score': np.float64(0.9985), 'eval/std_score': np.float64(0.0122), 'eval/mean_episode_length': np.float64(1.0)}
{'training/total_steps': 46000, 'training/updates': 23, 'training/walltime': np.float64(4.398), 'training/update_time': np.float64(0.141), 'training/policy_pc_loss': 0.0005098200053907931, 'training/value_pc_loss': 0.021376535296440125, 'training/mean_value': 1.206085443496704, 'training/mean_reward': 0.999450147151947, 'training/mean_advantage_abs': 0.2066357135772705}
{'eval/num_episodes': 200, 'eval/mean_score': np.float64(0.9995), 'eval/std_score': np.float64(0.0071), 'eval/mean_episode_length': np.float64(1.0)}
{'training/total_steps': 48000, 'training/updates': 24, 'training/walltime': np.float64(4.528), 'training/update_time': np.float64(0.129), 'training/policy_pc_loss': 0.0005369185237213969, 'training/value_pc_loss': 0.014446058310568333, 'training/mean_value': 1.1690077781677246, 'training/mean_reward': 0.9992501139640808, 'training/mean_advantage_abs': 0.16975775361061096}
{'eval/num_episodes': 200, 'eval/mean_score': np.float64(0.998), 'eval/std_score': np.float64(0.014), 'eval/mean_episode_length': np.float64(1.0)}
{'training/total_steps': 50000, 'training/updates': 25, 'training/walltime': np.float64(4.66), 'training/update_time': np.float64(0.132), 'training/policy_pc_loss': 0.0005253228009678423, 'training/value_pc_loss': 0.008673187345266342, 'training/mean_value': 1.1303292512893677, 'training/mean_reward': 0.9990001320838928, 'training/mean_advantage_abs': 0.13132917881011963}
{'eval/num_episodes': 200, 'eval/mean_score': np.float64(1.0), 'eval/std_score': np.float64(0.0), 'eval/mean_episode_length': np.float64(1.0)}
{'training/total_steps': 52000, 'training/updates': 26, 'training/walltime': np.float64(4.801), 'training/update_time': np.float64(0.14), 'training/policy_pc_loss': 0.00027271980070509017, 'training/value_pc_loss': 0.0042908815667033195, 'training/mean_value': 1.091485619544983, 'training/mean_reward': 0.999250054359436, 'training/mean_advantage_abs': 0.09223511070013046}
{'eval/num_episodes': 200, 'eval/mean_score': np.float64(1.0), 'eval/std_score': np.float64(0.0), 'eval/mean_episode_length': np.float64(1.0)}
{'training/total_steps': 54000, 'training/updates': 27, 'training/walltime': np.float64(4.93), 'training/update_time': np.float64(0.128), 'training/policy_pc_loss': 0.00010561280214460567, 'training/value_pc_loss': 0.0014907101867720485, 'training/mean_value': 1.0537413358688354, 'training/mean_reward': 0.9995500445365906, 'training/mean_advantage_abs': 0.05419062450528145}
{'eval/num_episodes': 200, 'eval/mean_score': np.float64(0.9995), 'eval/std_score': np.float64(0.0071), 'eval/mean_episode_length': np.float64(1.0)}
{'training/total_steps': 56000, 'training/updates': 28, 'training/walltime': np.float64(5.063), 'training/update_time': np.float64(0.132), 'training/policy_pc_loss': 4.1629235056461766e-05, 'training/value_pc_loss': 0.0001854176662163809, 'training/mean_value': 1.018163800239563, 'training/mean_reward': 0.999700129032135, 'training/mean_advantage_abs': 0.018464159220457077}
{'eval/num_episodes': 200, 'eval/mean_score': np.float64(1.0), 'eval/std_score': np.float64(0.0), 'eval/mean_episode_length': np.float64(1.0)}
{'training/total_steps': 58000, 'training/updates': 29, 'training/walltime': np.float64(5.189), 'training/update_time': np.float64(0.126), 'training/policy_pc_loss': 1.823036109271925e-05, 'training/value_pc_loss': 0.00011230450036237016, 'training/mean_value': 0.9856187701225281, 'training/mean_reward': 0.999750018119812, 'training/mean_advantage_abs': 0.014558612369000912}
{'eval/num_episodes': 200, 'eval/mean_score': np.float64(1.0), 'eval/std_score': np.float64(0.0), 'eval/mean_episode_length': np.float64(1.0)}
{'training/total_steps': 60000, 'training/updates': 30, 'training/walltime': np.float64(5.318), 'training/update_time': np.float64(0.128), 'training/policy_pc_loss': 4.821664788323687e-06, 'training/value_pc_loss': 0.0009354913490824401, 'training/mean_value': 0.9567682147026062, 'training/mean_reward': 0.9998500347137451, 'training/mean_advantage_abs': 0.043251678347587585}
{'eval/num_episodes': 200, 'eval/mean_score': np.float64(1.0), 'eval/std_score': np.float64(0.0), 'eval/mean_episode_length': np.float64(1.0)}
TRAINING END: training duration: 5.319336891174316
