|param: value|
|experiment_name:  cleanba_ppo|
|seed:  10|
|platform:  cpu|
|write_logs_to_file:  False|
|save_model:  False|
|env_name:  bandit|
|num_envs:  8|
|num_train_levels:  200|
|distribution_mode:  easy|
|arm_means:  (1.0, 0.9)|
|deterministic_rewards:  True|
|eval_env:  True|
|num_eval_episodes:  200|
|eval_every:  1|
|deterministic_eval:  False|
|total_timesteps:  60000|
|learning_rate:  0.00025|
|adam_eps:  1e-05|
|unroll_length:  250|
|anneal_lr:  False|
|gamma:  0.99|
|gae_lambda:  0.95|
|num_minibatches:  4|
|update_epochs:  4|
|normalize_advantages:  True|
|clip_eps:  0.1|
|clip_vloss:  True|
|entropy_cost:  0.0|
|vf_cost:  0.5|
|max_grad_norm:  0.5|
|use_cnn:  False|
|policy_hidden_layer_sizes:  ()|
|value_hidden_layer_sizes:  ()|
|activation:  <jax._src.custom_derivatives.custom_jvp object at 0x1074987d0>|
|policy_init_logit_bias:  [0.0, 0.0]|
{'training/total_steps': 2000, 'training/updates': 1, 'training/sps': np.float64(2372.086), 'training/walltime': np.float64(0.843), 'training/rollout_time': np.float64(0.395), 'training/update_time': np.float64(0.448), 'training/approx_kl': 2.291748023708351e-05, 'training/entropy': 0.6931242942810059, 'training/policy_loss': -0.006743214093148708, 'training/total_loss': 0.02721680887043476, 'training/value_loss': 0.06792004406452179}
{'eval/num_episodes': 200, 'eval/num_steps': 200, 'eval/mean_score': np.float64(0.952), 'eval/std_score': np.float64(0.05), 'eval/mean_episode_length': np.float64(1.0), 'eval/std_episode_length': np.float64(0.0), 'eval/eval_time': 0.06939125061035156}
{'training/total_steps': 4000, 'training/updates': 2, 'training/sps': np.float64(14332.616), 'training/walltime': np.float64(1.052), 'training/rollout_time': np.float64(0.132), 'training/update_time': np.float64(0.008), 'training/approx_kl': 2.2963227820582688e-05, 'training/entropy': 0.6930383443832397, 'training/policy_loss': -0.00674725417047739, 'training/total_loss': 0.02568633109331131, 'training/value_loss': 0.06486716866493225}
{'eval/num_episodes': 200, 'eval/num_steps': 200, 'eval/mean_score': np.float64(0.943), 'eval/std_score': np.float64(0.05), 'eval/mean_episode_length': np.float64(1.0), 'eval/std_episode_length': np.float64(0.0), 'eval/eval_time': 0.0721750259399414}
{'training/total_steps': 6000, 'training/updates': 3, 'training/sps': np.float64(14255.261), 'training/walltime': np.float64(1.265), 'training/rollout_time': np.float64(0.132), 'training/update_time': np.float64(0.008), 'training/approx_kl': 2.300903361174278e-05, 'training/entropy': 0.6928882598876953, 'training/policy_loss': -0.006741068791598082, 'training/total_loss': 0.02415386401116848, 'training/value_loss': 0.0617898628115654}
{'eval/num_episodes': 200, 'eval/num_steps': 200, 'eval/mean_score': np.float64(0.955), 'eval/std_score': np.float64(0.05), 'eval/mean_episode_length': np.float64(1.0), 'eval/std_episode_length': np.float64(0.0), 'eval/eval_time': 0.07169914245605469}
{'training/total_steps': 8000, 'training/updates': 4, 'training/sps': np.float64(14430.003), 'training/walltime': np.float64(1.476), 'training/rollout_time': np.float64(0.131), 'training/update_time': np.float64(0.008), 'training/approx_kl': 2.3001284716883674e-05, 'training/entropy': 0.692673921585083, 'training/policy_loss': -0.006754607893526554, 'training/total_loss': 0.02311854623258114, 'training/value_loss': 0.059746310114860535}
{'eval/num_episodes': 200, 'eval/num_steps': 200, 'eval/mean_score': np.float64(0.95), 'eval/std_score': np.float64(0.05), 'eval/mean_episode_length': np.float64(1.0), 'eval/std_episode_length': np.float64(0.0), 'eval/eval_time': 0.07718205451965332}
{'training/total_steps': 10000, 'training/updates': 5, 'training/sps': np.float64(14277.753), 'training/walltime': np.float64(1.693), 'training/rollout_time': np.float64(0.132), 'training/update_time': np.float64(0.008), 'training/approx_kl': 2.2992491722106934e-05, 'training/entropy': 0.6923955678939819, 'training/policy_loss': -0.0067511266097426414, 'training/total_loss': 0.021853188052773476, 'training/value_loss': 0.057208627462387085}
{'eval/num_episodes': 200, 'eval/num_steps': 200, 'eval/mean_score': np.float64(0.955), 'eval/std_score': np.float64(0.05), 'eval/mean_episode_length': np.float64(1.0), 'eval/std_episode_length': np.float64(0.0), 'eval/eval_time': 0.07238197326660156}
{'training/total_steps': 12000, 'training/updates': 6, 'training/sps': np.float64(14593.757), 'training/walltime': np.float64(1.903), 'training/rollout_time': np.float64(0.129), 'training/update_time': np.float64(0.008), 'training/approx_kl': 2.2977739718044177e-05, 'training/entropy': 0.6920529007911682, 'training/policy_loss': -0.0067496346309781075, 'training/total_loss': 0.020821470767259598, 'training/value_loss': 0.05514220893383026}
{'eval/num_episodes': 200, 'eval/num_steps': 200, 'eval/mean_score': np.float64(0.946), 'eval/std_score': np.float64(0.05), 'eval/mean_episode_length': np.float64(1.0), 'eval/std_episode_length': np.float64(0.0), 'eval/eval_time': 0.0720219612121582}
{'training/total_steps': 14000, 'training/updates': 7, 'training/sps': np.float64(14267.966), 'training/walltime': np.float64(2.116), 'training/rollout_time': np.float64(0.132), 'training/update_time': np.float64(0.008), 'training/approx_kl': 2.3018987121758983e-05, 'training/entropy': 0.6916462182998657, 'training/policy_loss': -0.00674829725176096, 'training/total_loss': 0.01952531188726425, 'training/value_loss': 0.05254722014069557}
{'eval/num_episodes': 200, 'eval/num_steps': 200, 'eval/mean_score': np.float64(0.957), 'eval/std_score': np.float64(0.049), 'eval/mean_episode_length': np.float64(1.0), 'eval/std_episode_length': np.float64(0.0), 'eval/eval_time': 0.0914011001586914}
{'training/total_steps': 16000, 'training/updates': 8, 'training/sps': np.float64(14402.379), 'training/walltime': np.float64(2.346), 'training/rollout_time': np.float64(0.131), 'training/update_time': np.float64(0.008), 'training/approx_kl': 2.297735227330122e-05, 'training/entropy': 0.691175639629364, 'training/policy_loss': -0.006752112414687872, 'training/total_loss': 0.0184326171875, 'training/value_loss': 0.05036945641040802}
{'eval/num_episodes': 200, 'eval/num_steps': 200, 'eval/mean_score': np.float64(0.956), 'eval/std_score': np.float64(0.05), 'eval/mean_episode_length': np.float64(1.0), 'eval/std_episode_length': np.float64(0.0), 'eval/eval_time': 0.07207608222961426}
{'training/total_steps': 18000, 'training/updates': 9, 'training/sps': np.float64(14173.753), 'training/walltime': np.float64(2.56), 'training/rollout_time': np.float64(0.133), 'training/update_time': np.float64(0.008), 'training/approx_kl': 2.28988537855912e-05, 'training/entropy': 0.6906411051750183, 'training/policy_loss': -0.006728725042194128, 'training/total_loss': 0.01764940470457077, 'training/value_loss': 0.04875626042485237}
{'eval/num_episodes': 200, 'eval/num_steps': 200, 'eval/mean_score': np.float64(0.955), 'eval/std_score': np.float64(0.05), 'eval/mean_episode_length': np.float64(1.0), 'eval/std_episode_length': np.float64(0.0), 'eval/eval_time': 0.07263517379760742}
{'training/total_steps': 20000, 'training/updates': 10, 'training/sps': np.float64(13853.034), 'training/walltime': np.float64(2.777), 'training/rollout_time': np.float64(0.136), 'training/update_time': np.float64(0.008), 'training/approx_kl': 2.311772186658345e-05, 'training/entropy': 0.6900426149368286, 'training/policy_loss': -0.006765468046069145, 'training/total_loss': 0.016025729477405548, 'training/value_loss': 0.045582398772239685}
{'eval/num_episodes': 200, 'eval/num_steps': 200, 'eval/mean_score': np.float64(0.952), 'eval/std_score': np.float64(0.05), 'eval/mean_episode_length': np.float64(1.0), 'eval/std_episode_length': np.float64(0.0), 'eval/eval_time': 0.07145977020263672}
{'training/total_steps': 22000, 'training/updates': 11, 'training/sps': np.float64(14357.81), 'training/walltime': np.float64(2.988), 'training/rollout_time': np.float64(0.131), 'training/update_time': np.float64(0.008), 'training/approx_kl': 2.3207008780445904e-05, 'training/entropy': 0.6893805265426636, 'training/policy_loss': -0.0067689791321754456, 'training/total_loss': 0.014916363172233105, 'training/value_loss': 0.04337068647146225}
{'eval/num_episodes': 200, 'eval/num_steps': 200, 'eval/mean_score': np.float64(0.954), 'eval/std_score': np.float64(0.05), 'eval/mean_episode_length': np.float64(1.0), 'eval/std_episode_length': np.float64(0.0), 'eval/eval_time': 0.07025814056396484}
{'training/total_steps': 24000, 'training/updates': 12, 'training/sps': np.float64(14155.48), 'training/walltime': np.float64(3.2), 'training/rollout_time': np.float64(0.133), 'training/update_time': np.float64(0.008), 'training/approx_kl': 2.3029893782222643e-05, 'training/entropy': 0.6886547803878784, 'training/policy_loss': -0.006752140820026398, 'training/total_loss': 0.014273607172071934, 'training/value_loss': 0.042051494121551514}
{'eval/num_episodes': 200, 'eval/num_steps': 200, 'eval/mean_score': np.float64(0.958), 'eval/std_score': np.float64(0.049), 'eval/mean_episode_length': np.float64(1.0), 'eval/std_episode_length': np.float64(0.0), 'eval/eval_time': 0.07073307037353516}
{'training/total_steps': 26000, 'training/updates': 13, 'training/sps': np.float64(14425.015), 'training/walltime': np.float64(3.41), 'training/rollout_time': np.float64(0.131), 'training/update_time': np.float64(0.008), 'training/approx_kl': 2.2991360310697928e-05, 'training/entropy': 0.6878657937049866, 'training/policy_loss': -0.006753174588084221, 'training/total_loss': 0.013298438861966133, 'training/value_loss': 0.04010322690010071}
{'eval/num_episodes': 200, 'eval/num_steps': 200, 'eval/mean_score': np.float64(0.954), 'eval/std_score': np.float64(0.05), 'eval/mean_episode_length': np.float64(1.0), 'eval/std_episode_length': np.float64(0.0), 'eval/eval_time': 0.07460594177246094}
{'training/total_steps': 28000, 'training/updates': 14, 'training/sps': np.float64(14236.801), 'training/walltime': np.float64(3.625), 'training/rollout_time': np.float64(0.133), 'training/update_time': np.float64(0.008), 'training/approx_kl': 2.2981941583566368e-05, 'training/entropy': 0.6870142221450806, 'training/policy_loss': -0.006747413892298937, 'training/total_loss': 0.012378261424601078, 'training/value_loss': 0.038251347839832306}
{'eval/num_episodes': 200, 'eval/num_steps': 200, 'eval/mean_score': np.float64(0.956), 'eval/std_score': np.float64(0.05), 'eval/mean_episode_length': np.float64(1.0), 'eval/std_episode_length': np.float64(0.0), 'eval/eval_time': 0.07105708122253418}
{'training/total_steps': 30000, 'training/updates': 15, 'training/sps': np.float64(14391.384), 'training/walltime': np.float64(3.835), 'training/rollout_time': np.float64(0.131), 'training/update_time': np.float64(0.008), 'training/approx_kl': 2.283674621139653e-05, 'training/entropy': 0.6860994100570679, 'training/policy_loss': -0.00672648660838604, 'training/total_loss': 0.011641854420304298, 'training/value_loss': 0.036736682057380676}
{'eval/num_episodes': 200, 'eval/num_steps': 200, 'eval/mean_score': np.float64(0.951), 'eval/std_score': np.float64(0.05), 'eval/mean_episode_length': np.float64(1.0), 'eval/std_episode_length': np.float64(0.0), 'eval/eval_time': 0.0714268684387207}
{'training/total_steps': 32000, 'training/updates': 16, 'training/sps': np.float64(14458.904), 'training/walltime': np.float64(4.045), 'training/rollout_time': np.float64(0.131), 'training/update_time': np.float64(0.008), 'training/approx_kl': 2.29864726861706e-05, 'training/entropy': 0.6851226091384888, 'training/policy_loss': -0.006747377570718527, 'training/total_loss': 0.010579265654087067, 'training/value_loss': 0.03465329110622406}
{'eval/num_episodes': 200, 'eval/num_steps': 200, 'eval/mean_score': np.float64(0.96), 'eval/std_score': np.float64(0.049), 'eval/mean_episode_length': np.float64(1.0), 'eval/std_episode_length': np.float64(0.0), 'eval/eval_time': 0.07130908966064453}
{'training/total_steps': 34000, 'training/updates': 17, 'training/sps': np.float64(14595.102), 'training/walltime': np.float64(4.254), 'training/rollout_time': np.float64(0.129), 'training/update_time': np.float64(0.008), 'training/approx_kl': 2.278992542414926e-05, 'training/entropy': 0.6840838193893433, 'training/policy_loss': -0.006723147351294756, 'training/total_loss': 0.009942873381078243, 'training/value_loss': 0.03333204239606857}
{'eval/num_episodes': 200, 'eval/num_steps': 200, 'eval/mean_score': np.float64(0.957), 'eval/std_score': np.float64(0.049), 'eval/mean_episode_length': np.float64(1.0), 'eval/std_episode_length': np.float64(0.0), 'eval/eval_time': 0.07520627975463867}
{'training/total_steps': 36000, 'training/updates': 18, 'training/sps': np.float64(14481.319), 'training/walltime': np.float64(4.468), 'training/rollout_time': np.float64(0.13), 'training/update_time': np.float64(0.008), 'training/approx_kl': 2.2859872842673212e-05, 'training/entropy': 0.6829833984375, 'training/policy_loss': -0.006731982342898846, 'training/total_loss': 0.00908525288105011, 'training/value_loss': 0.03163447231054306}
{'eval/num_episodes': 200, 'eval/num_steps': 200, 'eval/mean_score': np.float64(0.955), 'eval/std_score': np.float64(0.05), 'eval/mean_episode_length': np.float64(1.0), 'eval/std_episode_length': np.float64(0.0), 'eval/eval_time': 0.0702362060546875}
{'training/total_steps': 38000, 'training/updates': 19, 'training/sps': np.float64(14172.555), 'training/walltime': np.float64(4.679), 'training/rollout_time': np.float64(0.133), 'training/update_time': np.float64(0.008), 'training/approx_kl': 2.2860498575028032e-05, 'training/entropy': 0.681821346282959, 'training/policy_loss': -0.006721928250044584, 'training/total_loss': 0.008327215909957886, 'training/value_loss': 0.030098289251327515}
{'eval/num_episodes': 200, 'eval/num_steps': 200, 'eval/mean_score': np.float64(0.967), 'eval/std_score': np.float64(0.047), 'eval/mean_episode_length': np.float64(1.0), 'eval/std_episode_length': np.float64(0.0), 'eval/eval_time': 0.07078123092651367}
{'training/total_steps': 40000, 'training/updates': 20, 'training/sps': np.float64(14258.217), 'training/walltime': np.float64(4.89), 'training/rollout_time': np.float64(0.132), 'training/update_time': np.float64(0.008), 'training/approx_kl': 2.2885114958626218e-05, 'training/entropy': 0.6805984973907471, 'training/policy_loss': -0.006724047474563122, 'training/total_loss': 0.0075089335441589355, 'training/value_loss': 0.028465962037444115}
{'eval/num_episodes': 200, 'eval/num_steps': 200, 'eval/mean_score': np.float64(0.96), 'eval/std_score': np.float64(0.049), 'eval/mean_episode_length': np.float64(1.0), 'eval/std_episode_length': np.float64(0.0), 'eval/eval_time': 0.07269978523254395}
{'training/total_steps': 42000, 'training/updates': 21, 'training/sps': np.float64(13975.074), 'training/walltime': np.float64(5.107), 'training/rollout_time': np.float64(0.133), 'training/update_time': np.float64(0.01), 'training/approx_kl': 2.266478622914292e-05, 'training/entropy': 0.6793152093887329, 'training/policy_loss': -0.006688378751277924, 'training/total_loss': 0.006921854801476002, 'training/value_loss': 0.027220468968153}
{'eval/num_episodes': 200, 'eval/num_steps': 200, 'eval/mean_score': np.float64(0.956), 'eval/std_score': np.float64(0.05), 'eval/mean_episode_length': np.float64(1.0), 'eval/std_episode_length': np.float64(0.0), 'eval/eval_time': 0.07192182540893555}
{'training/total_steps': 44000, 'training/updates': 22, 'training/sps': np.float64(13938.038), 'training/walltime': np.float64(5.322), 'training/rollout_time': np.float64(0.136), 'training/update_time': np.float64(0.008), 'training/approx_kl': 2.2651107428828254e-05, 'training/entropy': 0.6779719591140747, 'training/policy_loss': -0.006695340387523174, 'training/total_loss': 0.006282265298068523, 'training/value_loss': 0.025955211371183395}
{'eval/num_episodes': 200, 'eval/num_steps': 200, 'eval/mean_score': np.float64(0.955), 'eval/std_score': np.float64(0.05), 'eval/mean_episode_length': np.float64(1.0), 'eval/std_episode_length': np.float64(0.0), 'eval/eval_time': 0.07256126403808594}
{'training/total_steps': 46000, 'training/updates': 23, 'training/sps': np.float64(14369.788), 'training/walltime': np.float64(5.534), 'training/rollout_time': np.float64(0.131), 'training/update_time': np.float64(0.008), 'training/approx_kl': 2.2496878955280408e-05, 'training/entropy': 0.6765697598457336, 'training/policy_loss': -0.006669515743851662, 'training/total_loss': 0.005748536437749863, 'training/value_loss': 0.02483610436320305}
{'eval/num_episodes': 200, 'eval/num_steps': 200, 'eval/mean_score': np.float64(0.957), 'eval/std_score': np.float64(0.05), 'eval/mean_episode_length': np.float64(1.0), 'eval/std_episode_length': np.float64(0.0), 'eval/eval_time': 0.06990575790405273}
{'training/total_steps': 48000, 'training/updates': 24, 'training/sps': np.float64(10591.744), 'training/walltime': np.float64(5.793), 'training/rollout_time': np.float64(0.181), 'training/update_time': np.float64(0.008), 'training/approx_kl': 2.248251621495001e-05, 'training/entropy': 0.6751083731651306, 'training/policy_loss': -0.0066665168851614, 'training/total_loss': 0.005075906403362751, 'training/value_loss': 0.0234848465770483}
{'eval/num_episodes': 200, 'eval/num_steps': 200, 'eval/mean_score': np.float64(0.957), 'eval/std_score': np.float64(0.05), 'eval/mean_episode_length': np.float64(1.0), 'eval/std_episode_length': np.float64(0.0), 'eval/eval_time': 0.07155203819274902}
{'training/total_steps': 50000, 'training/updates': 25, 'training/sps': np.float64(14369.566), 'training/walltime': np.float64(6.004), 'training/rollout_time': np.float64(0.131), 'training/update_time': np.float64(0.008), 'training/approx_kl': 2.2539348719874397e-05, 'training/entropy': 0.6735882759094238, 'training/policy_loss': -0.006685441359877586, 'training/total_loss': 0.004369383677840233, 'training/value_loss': 0.02210965007543564}
{'eval/num_episodes': 200, 'eval/num_steps': 200, 'eval/mean_score': np.float64(0.953), 'eval/std_score': np.float64(0.05), 'eval/mean_episode_length': np.float64(1.0), 'eval/std_episode_length': np.float64(0.0), 'eval/eval_time': 0.07221722602844238}
{'training/total_steps': 52000, 'training/updates': 26, 'training/sps': np.float64(14261.053), 'training/walltime': np.float64(6.217), 'training/rollout_time': np.float64(0.13), 'training/update_time': np.float64(0.01), 'training/approx_kl': 2.24335199163761e-05, 'training/entropy': 0.6720104813575745, 'training/policy_loss': -0.006663489155471325, 'training/total_loss': 0.003877731505781412, 'training/value_loss': 0.02108243852853775}
{'eval/num_episodes': 200, 'eval/num_steps': 200, 'eval/mean_score': np.float64(0.963), 'eval/std_score': np.float64(0.048), 'eval/mean_episode_length': np.float64(1.0), 'eval/std_episode_length': np.float64(0.0), 'eval/eval_time': 0.07268691062927246}
{'training/total_steps': 54000, 'training/updates': 27, 'training/sps': np.float64(14131.681), 'training/walltime': np.float64(6.432), 'training/rollout_time': np.float64(0.134), 'training/update_time': np.float64(0.008), 'training/approx_kl': 2.2136362531455234e-05, 'training/entropy': 0.6703753471374512, 'training/policy_loss': -0.006611165590584278, 'training/total_loss': 0.003511713584885001, 'training/value_loss': 0.020245758816599846}
{'eval/num_episodes': 200, 'eval/num_steps': 200, 'eval/mean_score': np.float64(0.959), 'eval/std_score': np.float64(0.049), 'eval/mean_episode_length': np.float64(1.0), 'eval/std_episode_length': np.float64(0.0), 'eval/eval_time': 0.07152986526489258}
{'training/total_steps': 56000, 'training/updates': 28, 'training/sps': np.float64(13586.22), 'training/walltime': np.float64(6.651), 'training/rollout_time': np.float64(0.139), 'training/update_time': np.float64(0.008), 'training/approx_kl': 2.2292793801170774e-05, 'training/entropy': 0.6686838865280151, 'training/policy_loss': -0.0066443271934986115, 'training/total_loss': 0.002807808108627796, 'training/value_loss': 0.018904270604252815}
{'eval/num_episodes': 200, 'eval/num_steps': 200, 'eval/mean_score': np.float64(0.956), 'eval/std_score': np.float64(0.05), 'eval/mean_episode_length': np.float64(1.0), 'eval/std_episode_length': np.float64(0.0), 'eval/eval_time': 0.07213473320007324}
{'training/total_steps': 58000, 'training/updates': 29, 'training/sps': np.float64(14251.095), 'training/walltime': np.float64(6.863), 'training/rollout_time': np.float64(0.132), 'training/update_time': np.float64(0.008), 'training/approx_kl': 2.232994302175939e-05, 'training/entropy': 0.6669360995292664, 'training/policy_loss': -0.006641366519033909, 'training/total_loss': 0.0022755800746381283, 'training/value_loss': 0.0178338922560215}
{'eval/num_episodes': 200, 'eval/num_steps': 200, 'eval/mean_score': np.float64(0.96), 'eval/std_score': np.float64(0.049), 'eval/mean_episode_length': np.float64(1.0), 'eval/std_episode_length': np.float64(0.0), 'eval/eval_time': 0.08164691925048828}
{'training/total_steps': 60000, 'training/updates': 30, 'training/sps': np.float64(14373.383), 'training/walltime': np.float64(7.084), 'training/rollout_time': np.float64(0.13), 'training/update_time': np.float64(0.009), 'training/approx_kl': 2.197128560510464e-05, 'training/entropy': 0.6651328802108765, 'training/policy_loss': -0.0065943337976932526, 'training/total_loss': 0.001943910145200789, 'training/value_loss': 0.017076488584280014}
{'eval/num_episodes': 200, 'eval/num_steps': 200, 'eval/mean_score': np.float64(0.96), 'eval/std_score': np.float64(0.049), 'eval/mean_episode_length': np.float64(1.0), 'eval/std_episode_length': np.float64(0.0), 'eval/eval_time': 0.07175087928771973}
TRAINING END: training duration: 7.156397819519043
{'final_eval/num_episodes': 200, 'final_eval/num_steps': 200, 'final_eval/mean_score': np.float64(1.0), 'final_eval/std_score': np.float64(0.0), 'final_eval/mean_episode_length': np.float64(1.0), 'final_eval/std_episode_length': np.float64(0.0)}
)}
