|param: value|
|experiment_name:  pc_reinforce|
|seed:  10|
|write_logs_to_file:  False|
|save_model:  False|
|env_name:  bandit|
|num_envs:  8|
|num_train_levels:  200|
|distribution_mode:  easy|
|arm_means:  (1.0, 0.9)|
|deterministic_rewards:  True|
|eval_env:  True|
|num_eval_episodes:  200|
|eval_every:  1|
|total_timesteps:  60000|
|unroll_length:  250|
|learning_rate:  0.01|
|target_scale:  1.0|
|pc_steps_per_update:  1|
|max_t1:  20|
|width:  32|
|depth:  2|
|act_fn:  relu|
|policy_init_logit_bias:  [0.0, 0.0]|
|use_cnn:  False|
|policy_hidden_layer_sizes:  ()|
|value_hidden_layer_sizes:  ()|
|anneal_lr:  False|
|entropy_cost:  0.0|
|deterministic_eval:  False|
|gamma:  0.99|
{'training/total_steps': 2000, 'training/updates': 1, 'training/walltime': np.float64(1.441), 'training/update_time': np.float64(1.441), 'training/pc_loss': 0.0006248779245652258, 'training/mean_reward': 0.9492999911308289, 'training/mean_advantage_abs': 0.04999018460512161}
{'eval/num_episodes': 200, 'eval/mean_score': np.float64(0.9525), 'eval/std_score': np.float64(0.0499), 'eval/mean_episode_length': np.float64(1.0)}
{'training/total_steps': 4000, 'training/updates': 2, 'training/walltime': np.float64(1.724), 'training/update_time': np.float64(0.112), 'training/pc_loss': 0.0006339031388051808, 'training/mean_reward': 0.9552500247955322, 'training/mean_advantage_abs': 0.04944876208901405}
{'eval/num_episodes': 200, 'eval/mean_score': np.float64(0.959), 'eval/std_score': np.float64(0.0492), 'eval/mean_episode_length': np.float64(1.0)}
{'training/total_steps': 6000, 'training/updates': 3, 'training/walltime': np.float64(1.837), 'training/update_time': np.float64(0.112), 'training/pc_loss': 0.000660398043692112, 'training/mean_reward': 0.9597498774528503, 'training/mean_advantage_abs': 0.04809877276420593}
{'eval/num_episodes': 200, 'eval/mean_score': np.float64(0.9635), 'eval/std_score': np.float64(0.0481), 'eval/mean_episode_length': np.float64(1.0)}
{'training/total_steps': 8000, 'training/updates': 4, 'training/walltime': np.float64(1.945), 'training/update_time': np.float64(0.107), 'training/pc_loss': 0.0007029474363662302, 'training/mean_reward': 0.9630000591278076, 'training/mean_advantage_abs': 0.046619996428489685}
{'eval/num_episodes': 200, 'eval/mean_score': np.float64(0.9705), 'eval/std_score': np.float64(0.0456), 'eval/mean_episode_length': np.float64(1.0)}
{'training/total_steps': 10000, 'training/updates': 5, 'training/walltime': np.float64(2.056), 'training/update_time': np.float64(0.111), 'training/pc_loss': 0.0007563699618913233, 'training/mean_reward': 0.9660500288009644, 'training/mean_advantage_abs': 0.04484795033931732}
{'eval/num_episodes': 200, 'eval/mean_score': np.float64(0.971), 'eval/std_score': np.float64(0.0454), 'eval/mean_episode_length': np.float64(1.0)}
{'training/total_steps': 12000, 'training/updates': 6, 'training/walltime': np.float64(2.216), 'training/update_time': np.float64(0.159), 'training/pc_loss': 0.0007893542642705142, 'training/mean_reward': 0.9725499153137207, 'training/mean_advantage_abs': 0.039830002933740616}
{'eval/num_episodes': 200, 'eval/mean_score': np.float64(0.975), 'eval/std_score': np.float64(0.0433), 'eval/mean_episode_length': np.float64(1.0)}
{'training/total_steps': 14000, 'training/updates': 7, 'training/walltime': np.float64(2.329), 'training/update_time': np.float64(0.112), 'training/pc_loss': 0.0008111383067443967, 'training/mean_reward': 0.9768999218940735, 'training/mean_advantage_abs': 0.03552785888314247}
{'eval/num_episodes': 200, 'eval/mean_score': np.float64(0.98), 'eval/std_score': np.float64(0.04), 'eval/mean_episode_length': np.float64(1.0)}
{'training/total_steps': 16000, 'training/updates': 8, 'training/walltime': np.float64(2.439), 'training/update_time': np.float64(0.11), 'training/pc_loss': 0.000831098819617182, 'training/mean_reward': 0.9797500371932983, 'training/mean_advantage_abs': 0.032298728823661804}
{'eval/num_episodes': 200, 'eval/mean_score': np.float64(0.9755), 'eval/std_score': np.float64(0.043), 'eval/mean_episode_length': np.float64(1.0)}
{'training/total_steps': 18000, 'training/updates': 9, 'training/walltime': np.float64(2.548), 'training/update_time': np.float64(0.108), 'training/pc_loss': 0.0008415423799306154, 'training/mean_reward': 0.9820500612258911, 'training/mean_advantage_abs': 0.029455920681357384}
{'eval/num_episodes': 200, 'eval/mean_score': np.float64(0.9835), 'eval/std_score': np.float64(0.0371), 'eval/mean_episode_length': np.float64(1.0)}
{'training/total_steps': 20000, 'training/updates': 10, 'training/walltime': np.float64(2.659), 'training/update_time': np.float64(0.11), 'training/pc_loss': 0.0007554056355729699, 'training/mean_reward': 0.9864000678062439, 'training/mean_advantage_abs': 0.023500751703977585}
{'eval/num_episodes': 200, 'eval/mean_score': np.float64(0.9855), 'eval/std_score': np.float64(0.0352), 'eval/mean_episode_length': np.float64(1.0)}
{'training/total_steps': 22000, 'training/updates': 11, 'training/walltime': np.float64(2.765), 'training/update_time': np.float64(0.105), 'training/pc_loss': 0.0006888501229695976, 'training/mean_reward': 0.9889500141143799, 'training/mean_advantage_abs': 0.019657937809824944}
{'eval/num_episodes': 200, 'eval/mean_score': np.float64(0.99), 'eval/std_score': np.float64(0.03), 'eval/mean_episode_length': np.float64(1.0)}
{'training/total_steps': 24000, 'training/updates': 12, 'training/walltime': np.float64(2.874), 'training/update_time': np.float64(0.109), 'training/pc_loss': 0.0006849599303677678, 'training/mean_reward': 0.9897000193595886, 'training/mean_advantage_abs': 0.018478184938430786}
{'eval/num_episodes': 200, 'eval/mean_score': np.float64(0.993), 'eval/std_score': np.float64(0.0255), 'eval/mean_episode_length': np.float64(1.0)}
{'training/total_steps': 26000, 'training/updates': 13, 'training/walltime': np.float64(2.983), 'training/update_time': np.float64(0.108), 'training/pc_loss': 0.0005939067923463881, 'training/mean_reward': 0.9918000102043152, 'training/mean_advantage_abs': 0.015055193565785885}
{'eval/num_episodes': 200, 'eval/mean_score': np.float64(0.9955), 'eval/std_score': np.float64(0.0207), 'eval/mean_episode_length': np.float64(1.0)}
{'training/total_steps': 28000, 'training/updates': 14, 'training/walltime': np.float64(3.092), 'training/update_time': np.float64(0.104), 'training/pc_loss': 0.0005040597170591354, 'training/mean_reward': 0.9935001730918884, 'training/mean_advantage_abs': 0.012154852040112019}
{'eval/num_episodes': 200, 'eval/mean_score': np.float64(0.997), 'eval/std_score': np.float64(0.0171), 'eval/mean_episode_length': np.float64(1.0)}
{'training/total_steps': 30000, 'training/updates': 15, 'training/walltime': np.float64(3.197), 'training/update_time': np.float64(0.104), 'training/pc_loss': 0.00033148302463814616, 'training/mean_reward': 0.9960501790046692, 'training/mean_advantage_abs': 0.007587786763906479}
{'eval/num_episodes': 200, 'eval/mean_score': np.float64(0.998), 'eval/std_score': np.float64(0.014), 'eval/mean_episode_length': np.float64(1.0)}
{'training/total_steps': 32000, 'training/updates': 16, 'training/walltime': np.float64(3.305), 'training/update_time': np.float64(0.108), 'training/pc_loss': 0.0003380712296348065, 'training/mean_reward': 0.9960501194000244, 'training/mean_advantage_abs': 0.007587841246277094}
{'eval/num_episodes': 200, 'eval/mean_score': np.float64(0.9985), 'eval/std_score': np.float64(0.0122), 'eval/mean_episode_length': np.float64(1.0)}
{'training/total_steps': 34000, 'training/updates': 17, 'training/walltime': np.float64(3.417), 'training/update_time': np.float64(0.111), 'training/pc_loss': 0.0002450309111736715, 'training/mean_reward': 0.9972500801086426, 'training/mean_advantage_abs': 0.005348674487322569}
{'eval/num_episodes': 200, 'eval/mean_score': np.float64(0.9985), 'eval/std_score': np.float64(0.0122), 'eval/mean_episode_length': np.float64(1.0)}
{'training/total_steps': 36000, 'training/updates': 18, 'training/walltime': np.float64(3.524), 'training/update_time': np.float64(0.106), 'training/pc_loss': 0.0001875325688160956, 'training/mean_reward': 0.9979501366615295, 'training/mean_advantage_abs': 0.004015819635242224}
{'eval/num_episodes': 200, 'eval/mean_score': np.float64(0.9985), 'eval/std_score': np.float64(0.0122), 'eval/mean_episode_length': np.float64(1.0)}
{'training/total_steps': 38000, 'training/updates': 19, 'training/walltime': np.float64(3.626), 'training/update_time': np.float64(0.101), 'training/pc_loss': 0.0002200217713834718, 'training/mean_reward': 0.9976001381874084, 'training/mean_advantage_abs': 0.004684669431298971}
{'eval/num_episodes': 200, 'eval/mean_score': np.float64(0.999), 'eval/std_score': np.float64(0.0099), 'eval/mean_episode_length': np.float64(1.0)}
{'training/total_steps': 40000, 'training/updates': 20, 'training/walltime': np.float64(3.734), 'training/update_time': np.float64(0.107), 'training/pc_loss': 0.00013195149949751794, 'training/mean_reward': 0.9986001253128052, 'training/mean_advantage_abs': 0.0027606787625700235}
{'eval/num_episodes': 200, 'eval/mean_score': np.float64(0.9975), 'eval/std_score': np.float64(0.0156), 'eval/mean_episode_length': np.float64(1.0)}
{'training/total_steps': 42000, 'training/updates': 21, 'training/walltime': np.float64(3.849), 'training/update_time': np.float64(0.114), 'training/pc_loss': 0.0001464782253606245, 'training/mean_reward': 0.9984501004219055, 'training/mean_advantage_abs': 0.003051853273063898}
{'eval/num_episodes': 200, 'eval/mean_score': np.float64(0.9975), 'eval/std_score': np.float64(0.0156), 'eval/mean_episode_length': np.float64(1.0)}
{'training/total_steps': 44000, 'training/updates': 22, 'training/walltime': np.float64(3.959), 'training/update_time': np.float64(0.11), 'training/pc_loss': 0.00011005700071109459, 'training/mean_reward': 0.9988500475883484, 'training/mean_advantage_abs': 0.0022735039237886667}
{'eval/num_episodes': 200, 'eval/mean_score': np.float64(0.9995), 'eval/std_score': np.float64(0.0071), 'eval/mean_episode_length': np.float64(1.0)}
{'training/total_steps': 46000, 'training/updates': 23, 'training/walltime': np.float64(4.068), 'training/update_time': np.float64(0.108), 'training/pc_loss': 8.68761635501869e-05, 'training/mean_reward': 0.9991000294685364, 'training/mean_advantage_abs': 0.0017837713239714503}
{'eval/num_episodes': 200, 'eval/mean_score': np.float64(0.9995), 'eval/std_score': np.float64(0.0071), 'eval/mean_episode_length': np.float64(1.0)}
{'training/total_steps': 48000, 'training/updates': 24, 'training/walltime': np.float64(4.182), 'training/update_time': np.float64(0.113), 'training/pc_loss': 6.803518044762313e-05, 'training/mean_reward': 0.9993001222610474, 'training/mean_advantage_abs': 0.0013900797348469496}
{'eval/num_episodes': 200, 'eval/mean_score': np.float64(0.999), 'eval/std_score': np.float64(0.0099), 'eval/mean_episode_length': np.float64(1.0)}
{'training/total_steps': 50000, 'training/updates': 25, 'training/walltime': np.float64(4.294), 'training/update_time': np.float64(0.111), 'training/pc_loss': 7.77725363150239e-05, 'training/mean_reward': 0.9992001056671143, 'training/mean_advantage_abs': 0.0015870962524786592}
{'eval/num_episodes': 200, 'eval/mean_score': np.float64(0.999), 'eval/std_score': np.float64(0.0099), 'eval/mean_episode_length': np.float64(1.0)}
{'training/total_steps': 52000, 'training/updates': 26, 'training/walltime': np.float64(4.402), 'training/update_time': np.float64(0.107), 'training/pc_loss': 6.349616160150617e-05, 'training/mean_reward': 0.9993500113487244, 'training/mean_advantage_abs': 0.001291539054363966}
{'eval/num_episodes': 200, 'eval/mean_score': np.float64(1.0), 'eval/std_score': np.float64(0.0), 'eval/mean_episode_length': np.float64(1.0)}
{'training/total_steps': 54000, 'training/updates': 27, 'training/walltime': np.float64(4.51), 'training/update_time': np.float64(0.108), 'training/pc_loss': 5.875726856174879e-05, 'training/mean_reward': 0.9994000792503357, 'training/mean_advantage_abs': 0.0011927218874916434}
{'eval/num_episodes': 200, 'eval/mean_score': np.float64(0.9995), 'eval/std_score': np.float64(0.0071), 'eval/mean_episode_length': np.float64(1.0)}
{'training/total_steps': 56000, 'training/updates': 28, 'training/walltime': np.float64(4.625), 'training/update_time': np.float64(0.114), 'training/pc_loss': 4.91218852403108e-05, 'training/mean_reward': 0.9995000958442688, 'training/mean_advantage_abs': 0.0009949052473530173}
{'eval/num_episodes': 200, 'eval/mean_score': np.float64(0.9995), 'eval/std_score': np.float64(0.0071), 'eval/mean_episode_length': np.float64(1.0)}
{'training/total_steps': 58000, 'training/updates': 29, 'training/walltime': np.float64(4.74), 'training/update_time': np.float64(0.114), 'training/pc_loss': 1.9786910343100317e-05, 'training/mean_reward': 0.9998000860214233, 'training/mean_advantage_abs': 0.0003991143894381821}
{'eval/num_episodes': 200, 'eval/mean_score': np.float64(1.0), 'eval/std_score': np.float64(0.0), 'eval/mean_episode_length': np.float64(1.0)}
{'training/total_steps': 60000, 'training/updates': 30, 'training/walltime': np.float64(4.845), 'training/update_time': np.float64(0.104), 'training/pc_loss': 2.9644661481142975e-05, 'training/mean_reward': 0.9997000694274902, 'training/mean_advantage_abs': 0.0005981310969218612}
{'eval/num_episodes': 200, 'eval/mean_score': np.float64(0.9995), 'eval/std_score': np.float64(0.0071), 'eval/mean_episode_length': np.float64(1.0)}
TRAINING END: training duration: 4.8460540771484375
