|param: value|
|experiment_name:  trpo_procgen|
|seed:  10|
|platform:  cpu|
|write_logs_to_file:  False|
|save_model:  False|
|env_name:  bandit|
|num_envs:  8|
|num_train_levels:  200|
|distribution_mode:  easy|
|arm_means:  (1.0, 0.9)|
|deterministic_rewards:  True|
|eval_env:  True|
|num_eval_episodes:  200|
|eval_every:  1|
|deterministic_eval:  False|
|normalize_observations:  True|
|total_timesteps:  60000|
|learning_rate:  0.01|
|unroll_length:  250|
|anneal_lr:  False|
|gamma:  0.99|
|gae_lambda:  0.95|
|batch_size:  1|
|num_minibatches:  8|
|update_epochs:  10|
|normalize_advantages:  True|
|target_kl:  0.01|
|cg_damping:  0.1|
|cg_max_iterations:  10|
|line_search_max_iter:  10|
|line_search_shrinking_factor:  0.8|
|vf_cost:  1.0|
|max_grad_norm:  0.5|
|reward_scaling:  1.0|
|use_cnn:  False|
|policy_hidden_layer_sizes:  ()|
|value_hidden_layer_sizes:  ()|
|activation:  <jax._src.custom_derivatives.custom_jvp object at 0x1074987d0>|
|policy_init_logit_bias:  [0.0, 0.0]|
|entropy_cost:  0.0|
{'training/total_steps': 2000, 'training/updates': 1, 'training/sps': np.float64(1357.98), 'training/walltime': np.float64(1.473), 'training/rollout_time': np.float64(0.117), 'training/update_time': np.float64(1.356), 'training/iterations': 1.0, 'training/kl_div': 0.00832375232130289, 'training/line_search_success': 1.0, 'training/new_policy_objective': 0.5294554233551025, 'training/policy_objective': 0.4232046604156494, 'training/value_loss': 0.015725579112768173}
{'eval/num_episodes': 200, 'eval/num_steps': 200, 'eval/mean_score': np.float64(0.993), 'eval/std_score': np.float64(0.026), 'eval/mean_episode_length': np.float64(1.0), 'eval/std_episode_length': np.float64(0.0), 'eval/eval_time': 0.07732987403869629}
{'training/total_steps': 4000, 'training/updates': 2, 'training/sps': np.float64(19377.57), 'training/walltime': np.float64(1.673), 'training/rollout_time': np.float64(0.1), 'training/update_time': np.float64(0.003), 'training/iterations': 1.0, 'training/kl_div': 0.002877890132367611, 'training/line_search_success': 1.0, 'training/new_policy_objective': 0.22382450103759766, 'training/policy_objective': 0.18987184762954712, 'training/value_loss': 0.0004007609677501023}
{'eval/num_episodes': 200, 'eval/num_steps': 200, 'eval/mean_score': np.float64(1.0), 'eval/std_score': np.float64(0.0), 'eval/mean_episode_length': np.float64(1.0), 'eval/std_episode_length': np.float64(0.0), 'eval/eval_time': 0.07418203353881836}
{'training/total_steps': 6000, 'training/updates': 3, 'training/sps': np.float64(16115.172), 'training/walltime': np.float64(1.871), 'training/rollout_time': np.float64(0.118), 'training/update_time': np.float64(0.007), 'training/iterations': 1.0, 'training/kl_div': 0.0033752229064702988, 'training/line_search_success': 1.0, 'training/new_policy_objective': -0.04321341961622238, 'training/policy_objective': -0.043762192130088806, 'training/value_loss': 2.091850092256209e-06}
{'eval/num_episodes': 200, 'eval/num_steps': 200, 'eval/mean_score': np.float64(0.99), 'eval/std_score': np.float64(0.029), 'eval/mean_episode_length': np.float64(1.0), 'eval/std_episode_length': np.float64(0.0), 'eval/eval_time': 0.07582497596740723}
{'training/total_steps': 8000, 'training/updates': 4, 'training/sps': np.float64(17914.883), 'training/walltime': np.float64(2.059), 'training/rollout_time': np.float64(0.108), 'training/update_time': np.float64(0.003), 'training/iterations': 1.0, 'training/kl_div': 0.0035270589869469404, 'training/line_search_success': 1.0, 'training/new_policy_objective': 0.24656756222248077, 'training/policy_objective': 0.2078569382429123, 'training/value_loss': 0.00039401944377459586}
{'eval/num_episodes': 200, 'eval/num_steps': 200, 'eval/mean_score': np.float64(1.0), 'eval/std_score': np.float64(0.0), 'eval/mean_episode_length': np.float64(1.0), 'eval/std_episode_length': np.float64(0.0), 'eval/eval_time': 0.07289409637451172}
{'training/total_steps': 10000, 'training/updates': 5, 'training/sps': np.float64(18127.928), 'training/walltime': np.float64(2.243), 'training/rollout_time': np.float64(0.106), 'training/update_time': np.float64(0.004), 'training/iterations': 1.0, 'training/kl_div': nan, 'training/line_search_success': 0.25, 'training/new_policy_objective': nan, 'training/policy_objective': 0.004634897690266371, 'training/value_loss': 8.043658453971148e-06}
{'eval/num_episodes': 200, 'eval/num_steps': 200, 'eval/mean_score': np.float64(1.0), 'eval/std_score': np.float64(0.0), 'eval/mean_episode_length': np.float64(1.0), 'eval/std_episode_length': np.float64(0.0), 'eval/eval_time': 0.0752718448638916}
{'training/total_steps': 12000, 'training/updates': 6, 'training/sps': np.float64(18087.902), 'training/walltime': np.float64(2.429), 'training/rollout_time': np.float64(0.107), 'training/update_time': np.float64(0.003), 'training/iterations': 1.0, 'training/kl_div': 0.002140270546078682, 'training/line_search_success': 1.0, 'training/new_policy_objective': -0.0014322226634249091, 'training/policy_objective': -0.0014423487009480596, 'training/value_loss': 9.79141545620621e-10}
{'eval/num_episodes': 200, 'eval/num_steps': 200, 'eval/mean_score': np.float64(0.996), 'eval/std_score': np.float64(0.02), 'eval/mean_episode_length': np.float64(1.0), 'eval/std_episode_length': np.float64(0.0), 'eval/eval_time': 0.07426023483276367}
{'training/total_steps': 14000, 'training/updates': 7, 'training/sps': np.float64(19256.622), 'training/walltime': np.float64(2.608), 'training/rollout_time': np.float64(0.101), 'training/update_time': np.float64(0.003), 'training/iterations': 1.0, 'training/kl_div': 0.0023245566990226507, 'training/line_search_success': 1.0, 'training/new_policy_objective': 0.20614783465862274, 'training/policy_objective': 0.17469549179077148, 'training/value_loss': 0.0002744284283835441}
{'eval/num_episodes': 200, 'eval/num_steps': 200, 'eval/mean_score': np.float64(1.0), 'eval/std_score': np.float64(0.0), 'eval/mean_episode_length': np.float64(1.0), 'eval/std_episode_length': np.float64(0.0), 'eval/eval_time': 0.07719135284423828}
{'training/total_steps': 16000, 'training/updates': 8, 'training/sps': np.float64(14985.625), 'training/walltime': np.float64(2.819), 'training/rollout_time': np.float64(0.125), 'training/update_time': np.float64(0.008), 'training/iterations': 1.0, 'training/kl_div': 0.002679398749023676, 'training/line_search_success': 1.0, 'training/new_policy_objective': -0.043604932725429535, 'training/policy_objective': -0.04401373863220215, 'training/value_loss': 1.2585235253936844e-06}
{'eval/num_episodes': 200, 'eval/num_steps': 200, 'eval/mean_score': np.float64(0.99), 'eval/std_score': np.float64(0.029), 'eval/mean_episode_length': np.float64(1.0), 'eval/std_episode_length': np.float64(0.0), 'eval/eval_time': 0.11548209190368652}
{'training/total_steps': 18000, 'training/updates': 9, 'training/sps': np.float64(12966.714), 'training/walltime': np.float64(3.09), 'training/rollout_time': np.float64(0.151), 'training/update_time': np.float64(0.003), 'training/iterations': 1.0, 'training/kl_div': 0.002854196820408106, 'training/line_search_success': 1.0, 'training/new_policy_objective': 0.22948133945465088, 'training/policy_objective': 0.19135162234306335, 'training/value_loss': 0.00036259807529859245}
{'eval/num_episodes': 200, 'eval/num_steps': 200, 'eval/mean_score': np.float64(1.0), 'eval/std_score': np.float64(0.0), 'eval/mean_episode_length': np.float64(1.0), 'eval/std_episode_length': np.float64(0.0), 'eval/eval_time': 0.08073806762695312}
{'training/total_steps': 20000, 'training/updates': 10, 'training/sps': np.float64(15372.563), 'training/walltime': np.float64(3.301), 'training/rollout_time': np.float64(0.127), 'training/update_time': np.float64(0.003), 'training/iterations': 1.0, 'training/kl_div': nan, 'training/line_search_success': 0.0, 'training/new_policy_objective': nan, 'training/policy_objective': 0.0, 'training/value_loss': 2.4551402475481154e-06}
{'eval/num_episodes': 200, 'eval/num_steps': 200, 'eval/mean_score': np.float64(1.0), 'eval/std_score': np.float64(0.0), 'eval/mean_episode_length': np.float64(1.0), 'eval/std_episode_length': np.float64(0.0), 'eval/eval_time': 0.08029484748840332}
{'training/total_steps': 22000, 'training/updates': 11, 'training/sps': np.float64(18120.214), 'training/walltime': np.float64(3.492), 'training/rollout_time': np.float64(0.105), 'training/update_time': np.float64(0.005), 'training/iterations': 1.0, 'training/kl_div': 0.0023579378612339497, 'training/line_search_success': 1.0, 'training/new_policy_objective': -0.2688118815422058, 'training/policy_objective': -0.5334422588348389, 'training/value_loss': 2.500480604794575e-06}
{'eval/num_episodes': 200, 'eval/num_steps': 200, 'eval/mean_score': np.float64(0.993), 'eval/std_score': np.float64(0.026), 'eval/mean_episode_length': np.float64(1.0), 'eval/std_episode_length': np.float64(0.0), 'eval/eval_time': 0.0826117992401123}
{'training/total_steps': 24000, 'training/updates': 12, 'training/sps': np.float64(17876.362), 'training/walltime': np.float64(3.687), 'training/rollout_time': np.float64(0.108), 'training/update_time': np.float64(0.003), 'training/iterations': 1.0, 'training/kl_div': 0.0017437102505937219, 'training/line_search_success': 1.0, 'training/new_policy_objective': 0.17512504756450653, 'training/policy_objective': 0.14804120361804962, 'training/value_loss': 0.00019958715711254627}
{'eval/num_episodes': 200, 'eval/num_steps': 200, 'eval/mean_score': np.float64(1.0), 'eval/std_score': np.float64(0.0), 'eval/mean_episode_length': np.float64(1.0), 'eval/std_episode_length': np.float64(0.0), 'eval/eval_time': 0.07608699798583984}
{'training/total_steps': 26000, 'training/updates': 13, 'training/sps': np.float64(18022.576), 'training/walltime': np.float64(3.875), 'training/rollout_time': np.float64(0.108), 'training/update_time': np.float64(0.003), 'training/iterations': 1.0, 'training/kl_div': nan, 'training/line_search_success': 0.0, 'training/new_policy_objective': nan, 'training/policy_objective': 0.0, 'training/value_loss': 5.557772624342761e-07}
{'eval/num_episodes': 200, 'eval/num_steps': 200, 'eval/mean_score': np.float64(1.0), 'eval/std_score': np.float64(0.0), 'eval/mean_episode_length': np.float64(1.0), 'eval/std_episode_length': np.float64(0.0), 'eval/eval_time': 0.07656717300415039}
{'training/total_steps': 28000, 'training/updates': 14, 'training/sps': np.float64(19605.323), 'training/walltime': np.float64(4.054), 'training/rollout_time': np.float64(0.099), 'training/update_time': np.float64(0.003), 'training/iterations': 1.0, 'training/kl_div': nan, 'training/line_search_success': 0.0, 'training/new_policy_objective': nan, 'training/policy_objective': 0.0, 'training/value_loss': 8.89982323948324e-11}
{'eval/num_episodes': 200, 'eval/num_steps': 200, 'eval/mean_score': np.float64(1.0), 'eval/std_score': np.float64(0.0), 'eval/mean_episode_length': np.float64(1.0), 'eval/std_episode_length': np.float64(0.0), 'eval/eval_time': 0.07734894752502441}
{'training/total_steps': 30000, 'training/updates': 15, 'training/sps': np.float64(15072.298), 'training/walltime': np.float64(4.264), 'training/rollout_time': np.float64(0.125), 'training/update_time': np.float64(0.008), 'training/iterations': 1.0, 'training/kl_div': nan, 'training/line_search_success': 0.0, 'training/new_policy_objective': nan, 'training/policy_objective': 0.0, 'training/value_loss': 3.670397387173403e-14}
{'eval/num_episodes': 200, 'eval/num_steps': 200, 'eval/mean_score': np.float64(1.0), 'eval/std_score': np.float64(0.0), 'eval/mean_episode_length': np.float64(1.0), 'eval/std_episode_length': np.float64(0.0), 'eval/eval_time': 0.08777427673339844}
{'training/total_steps': 32000, 'training/updates': 16, 'training/sps': np.float64(20184.914), 'training/walltime': np.float64(4.452), 'training/rollout_time': np.float64(0.096), 'training/update_time': np.float64(0.003), 'training/iterations': 1.0, 'training/kl_div': nan, 'training/line_search_success': 0.125, 'training/new_policy_objective': nan, 'training/policy_objective': 4.2915346831762236e-09, 'training/value_loss': 2.500740720279282e-06}
{'eval/num_episodes': 200, 'eval/num_steps': 200, 'eval/mean_score': np.float64(1.0), 'eval/std_score': np.float64(0.0), 'eval/mean_episode_length': np.float64(1.0), 'eval/std_episode_length': np.float64(0.0), 'eval/eval_time': 0.07232522964477539}
{'training/total_steps': 34000, 'training/updates': 17, 'training/sps': np.float64(17115.067), 'training/walltime': np.float64(4.641), 'training/rollout_time': np.float64(0.109), 'training/update_time': np.float64(0.008), 'training/iterations': 1.0, 'training/kl_div': 0.000281316606560722, 'training/line_search_success': 1.0, 'training/new_policy_objective': 0.0040272194892168045, 'training/policy_objective': -0.0006357996608130634, 'training/value_loss': 2.501028120605042e-06}
{'eval/num_episodes': 200, 'eval/num_steps': 200, 'eval/mean_score': np.float64(0.998), 'eval/std_score': np.float64(0.014), 'eval/mean_episode_length': np.float64(1.0), 'eval/std_episode_length': np.float64(0.0), 'eval/eval_time': 0.07135891914367676}
{'training/total_steps': 36000, 'training/updates': 18, 'training/sps': np.float64(19725.973), 'training/walltime': np.float64(4.815), 'training/rollout_time': np.float64(0.098), 'training/update_time': np.float64(0.003), 'training/iterations': 1.0, 'training/kl_div': nan, 'training/line_search_success': 0.75, 'training/new_policy_objective': nan, 'training/policy_objective': 0.05403092876076698, 'training/value_loss': 3.978978929808363e-05}
{'eval/num_episodes': 200, 'eval/num_steps': 200, 'eval/mean_score': np.float64(1.0), 'eval/std_score': np.float64(0.0), 'eval/mean_episode_length': np.float64(1.0), 'eval/std_episode_length': np.float64(0.0), 'eval/eval_time': 0.07141661643981934}
{'training/total_steps': 38000, 'training/updates': 19, 'training/sps': np.float64(19869.272), 'training/walltime': np.float64(4.987), 'training/rollout_time': np.float64(0.097), 'training/update_time': np.float64(0.003), 'training/iterations': 1.0, 'training/kl_div': nan, 'training/line_search_success': 0.0, 'training/new_policy_objective': nan, 'training/policy_objective': 0.0, 'training/value_loss': 3.4616828514799636e-08}
{'eval/num_episodes': 200, 'eval/num_steps': 200, 'eval/mean_score': np.float64(1.0), 'eval/std_score': np.float64(0.0), 'eval/mean_episode_length': np.float64(1.0), 'eval/std_episode_length': np.float64(0.0), 'eval/eval_time': 0.07299304008483887}
{'training/total_steps': 40000, 'training/updates': 20, 'training/sps': np.float64(20061.769), 'training/walltime': np.float64(5.16), 'training/rollout_time': np.float64(0.097), 'training/update_time': np.float64(0.003), 'training/iterations': 1.0, 'training/kl_div': nan, 'training/line_search_success': 0.25, 'training/new_policy_objective': nan, 'training/policy_objective': -1.136705577664543e-05, 'training/value_loss': 6.814993014359061e-12}
{'eval/num_episodes': 200, 'eval/num_steps': 200, 'eval/mean_score': np.float64(1.0), 'eval/std_score': np.float64(0.0), 'eval/mean_episode_length': np.float64(1.0), 'eval/std_episode_length': np.float64(0.0), 'eval/eval_time': 0.07297420501708984}
{'training/total_steps': 42000, 'training/updates': 21, 'training/sps': np.float64(19247.564), 'training/walltime': np.float64(5.338), 'training/rollout_time': np.float64(0.101), 'training/update_time': np.float64(0.003), 'training/iterations': 1.0, 'training/kl_div': nan, 'training/line_search_success': 0.0, 'training/new_policy_objective': nan, 'training/policy_objective': 0.0, 'training/value_loss': 1.465494371329383e-15}
{'eval/num_episodes': 200, 'eval/num_steps': 200, 'eval/mean_score': np.float64(1.0), 'eval/std_score': np.float64(0.0), 'eval/mean_episode_length': np.float64(1.0), 'eval/std_episode_length': np.float64(0.0), 'eval/eval_time': 0.07052016258239746}
{'training/total_steps': 44000, 'training/updates': 22, 'training/sps': np.float64(19294.18), 'training/walltime': np.float64(5.512), 'training/rollout_time': np.float64(0.101), 'training/update_time': np.float64(0.003), 'training/iterations': 1.0, 'training/kl_div': nan, 'training/line_search_success': 0.125, 'training/new_policy_objective': nan, 'training/policy_objective': 3.814697446813398e-09, 'training/value_loss': 2.5011836441990454e-06}
{'eval/num_episodes': 200, 'eval/num_steps': 200, 'eval/mean_score': np.float64(1.0), 'eval/std_score': np.float64(0.0), 'eval/mean_episode_length': np.float64(1.0), 'eval/std_episode_length': np.float64(0.0), 'eval/eval_time': 0.07150697708129883}
{'training/total_steps': 46000, 'training/updates': 23, 'training/sps': np.float64(19522.283), 'training/walltime': np.float64(5.687), 'training/rollout_time': np.float64(0.099), 'training/update_time': np.float64(0.003), 'training/iterations': 1.0, 'training/kl_div': nan, 'training/line_search_success': 0.0, 'training/new_policy_objective': nan, 'training/policy_objective': 0.0, 'training/value_loss': 7.564363579959377e-10}
{'eval/num_episodes': 200, 'eval/num_steps': 200, 'eval/mean_score': np.float64(1.0), 'eval/std_score': np.float64(0.0), 'eval/mean_episode_length': np.float64(1.0), 'eval/std_episode_length': np.float64(0.0), 'eval/eval_time': 0.07433533668518066}
{'training/total_steps': 48000, 'training/updates': 24, 'training/sps': np.float64(19835.726), 'training/walltime': np.float64(5.862), 'training/rollout_time': np.float64(0.098), 'training/update_time': np.float64(0.003), 'training/iterations': 1.0, 'training/kl_div': nan, 'training/line_search_success': 0.0, 'training/new_policy_objective': nan, 'training/policy_objective': 0.0, 'training/value_loss': 1.3409274233523727e-13}
{'eval/num_episodes': 200, 'eval/num_steps': 200, 'eval/mean_score': np.float64(1.0), 'eval/std_score': np.float64(0.0), 'eval/mean_episode_length': np.float64(1.0), 'eval/std_episode_length': np.float64(0.0), 'eval/eval_time': 0.07025980949401855}
{'training/total_steps': 50000, 'training/updates': 25, 'training/sps': np.float64(20178.553), 'training/walltime': np.float64(6.032), 'training/rollout_time': np.float64(0.096), 'training/update_time': np.float64(0.003), 'training/iterations': 1.0, 'training/kl_div': nan, 'training/line_search_success': 0.0, 'training/new_policy_objective': nan, 'training/policy_objective': 0.0, 'training/value_loss': 0.0}
{'eval/num_episodes': 200, 'eval/num_steps': 200, 'eval/mean_score': np.float64(1.0), 'eval/std_score': np.float64(0.0), 'eval/mean_episode_length': np.float64(1.0), 'eval/std_episode_length': np.float64(0.0), 'eval/eval_time': 0.07129716873168945}
{'training/total_steps': 52000, 'training/updates': 26, 'training/sps': np.float64(19888.445), 'training/walltime': np.float64(6.204), 'training/rollout_time': np.float64(0.097), 'training/update_time': np.float64(0.003), 'training/iterations': 1.0, 'training/kl_div': nan, 'training/line_search_success': 0.0, 'training/new_policy_objective': nan, 'training/policy_objective': 0.0, 'training/value_loss': 0.0}
{'eval/num_episodes': 200, 'eval/num_steps': 200, 'eval/mean_score': np.float64(1.0), 'eval/std_score': np.float64(0.0), 'eval/mean_episode_length': np.float64(1.0), 'eval/std_episode_length': np.float64(0.0), 'eval/eval_time': 0.07281994819641113}
{'training/total_steps': 54000, 'training/updates': 27, 'training/sps': np.float64(20753.35), 'training/walltime': np.float64(6.374), 'training/rollout_time': np.float64(0.093), 'training/update_time': np.float64(0.003), 'training/iterations': 1.0, 'training/kl_div': nan, 'training/line_search_success': 0.0, 'training/new_policy_objective': nan, 'training/policy_objective': 0.0, 'training/value_loss': 0.0}
{'eval/num_episodes': 200, 'eval/num_steps': 200, 'eval/mean_score': np.float64(1.0), 'eval/std_score': np.float64(0.0), 'eval/mean_episode_length': np.float64(1.0), 'eval/std_episode_length': np.float64(0.0), 'eval/eval_time': 0.07391214370727539}
{'training/total_steps': 56000, 'training/updates': 28, 'training/sps': np.float64(20400.212), 'training/walltime': np.float64(6.546), 'training/rollout_time': np.float64(0.095), 'training/update_time': np.float64(0.003), 'training/iterations': 1.0, 'training/kl_div': nan, 'training/line_search_success': 0.0, 'training/new_policy_objective': nan, 'training/policy_objective': 0.0, 'training/value_loss': 0.0}
{'eval/num_episodes': 200, 'eval/num_steps': 200, 'eval/mean_score': np.float64(1.0), 'eval/std_score': np.float64(0.0), 'eval/mean_episode_length': np.float64(1.0), 'eval/std_episode_length': np.float64(0.0), 'eval/eval_time': 0.07255887985229492}
{'training/total_steps': 58000, 'training/updates': 29, 'training/sps': np.float64(20199.106), 'training/walltime': np.float64(6.718), 'training/rollout_time': np.float64(0.096), 'training/update_time': np.float64(0.003), 'training/iterations': 1.0, 'training/kl_div': nan, 'training/line_search_success': 0.0, 'training/new_policy_objective': nan, 'training/policy_objective': 0.0, 'training/value_loss': 0.0}
{'eval/num_episodes': 200, 'eval/num_steps': 200, 'eval/mean_score': np.float64(1.0), 'eval/std_score': np.float64(0.0), 'eval/mean_episode_length': np.float64(1.0), 'eval/std_episode_length': np.float64(0.0), 'eval/eval_time': 0.07101273536682129}
{'training/total_steps': 60000, 'training/updates': 30, 'training/sps': np.float64(20394.062), 'training/walltime': np.float64(6.888), 'training/rollout_time': np.float64(0.095), 'training/update_time': np.float64(0.003), 'training/iterations': 1.0, 'training/kl_div': nan, 'training/line_search_success': 0.0, 'training/new_policy_objective': nan, 'training/policy_objective': 0.0, 'training/value_loss': 0.0}
{'eval/num_episodes': 200, 'eval/num_steps': 200, 'eval/mean_score': np.float64(1.0), 'eval/std_score': np.float64(0.0), 'eval/mean_episode_length': np.float64(1.0), 'eval/std_episode_length': np.float64(0.0), 'eval/eval_time': 0.07519912719726562}
TRAINING END: training duration: 6.9636070728302
{'final_eval/num_episodes': 200, 'final_eval/num_steps': 200, 'final_eval/mean_score': np.float64(1.0), 'final_eval/std_score': np.float64(0.0), 'final_eval/mean_episode_length': np.float64(1.0), 'final_eval/std_episode_length': np.float64(0.0)}
