|param: value|
|experiment_name:  cleanba_ppo|
|seed:  8|
|platform:  cpu|
|write_logs_to_file:  False|
|save_model:  False|
|env_name:  bandit|
|num_envs:  8|
|num_train_levels:  200|
|distribution_mode:  easy|
|arm_means:  (1.0, 0.9)|
|deterministic_rewards:  True|
|eval_env:  True|
|num_eval_episodes:  200|
|eval_every:  1|
|deterministic_eval:  False|
|total_timesteps:  60000|
|learning_rate:  0.00025|
|adam_eps:  1e-05|
|unroll_length:  250|
|anneal_lr:  False|
|gamma:  0.99|
|gae_lambda:  0.95|
|num_minibatches:  4|
|update_epochs:  4|
|normalize_advantages:  True|
|clip_eps:  0.1|
|clip_vloss:  True|
|entropy_cost:  0.0|
|vf_cost:  0.5|
|max_grad_norm:  0.5|
|use_cnn:  False|
|policy_hidden_layer_sizes:  ()|
|value_hidden_layer_sizes:  ()|
|activation:  <jax._src.custom_derivatives.custom_jvp object at 0x1286c7790>|
|policy_init_logit_bias:  [4.0, 0.0]|
{'training/total_steps': 2000, 'training/updates': 1, 'training/sps': np.float64(2275.456), 'training/walltime': np.float64(0.879), 'training/rollout_time': np.float64(0.402), 'training/update_time': np.float64(0.477), 'training/approx_kl': 1.8237141148347291e-06, 'training/entropy': 0.08915038406848907, 'training/policy_loss': -0.0019192141480743885, 'training/total_loss': 1.0992624759674072, 'training/value_loss': 2.2023632526397705}
{'eval/num_episodes': 200, 'eval/num_steps': 200, 'eval/mean_score': np.float64(0.997), 'eval/std_score': np.float64(0.016), 'eval/mean_episode_length': np.float64(1.0), 'eval/std_episode_length': np.float64(0.0), 'eval/eval_time': 0.07517194747924805}
{'training/total_steps': 4000, 'training/updates': 2, 'training/sps': np.float64(13340.513), 'training/walltime': np.float64(1.104), 'training/rollout_time': np.float64(0.142), 'training/update_time': np.float64(0.008), 'training/approx_kl': 1.6875686696948833e-06, 'training/entropy': 0.08805028349161148, 'training/policy_loss': -0.0018321804236620665, 'training/total_loss': 1.0910714864730835, 'training/value_loss': 2.185807228088379}
{'eval/num_episodes': 200, 'eval/num_steps': 200, 'eval/mean_score': np.float64(0.998), 'eval/std_score': np.float64(0.014), 'eval/mean_episode_length': np.float64(1.0), 'eval/std_episode_length': np.float64(0.0), 'eval/eval_time': 0.1536860466003418}
{'training/total_steps': 6000, 'training/updates': 3, 'training/sps': np.float64(11186.824), 'training/walltime': np.float64(1.437), 'training/rollout_time': np.float64(0.17), 'training/update_time': np.float64(0.008), 'training/approx_kl': 1.3723197298531886e-06, 'training/entropy': 0.0869898796081543, 'training/policy_loss': -0.0015782027039676905, 'training/total_loss': 1.0833264589309692, 'training/value_loss': 2.169809341430664}
{'eval/num_episodes': 200, 'eval/num_steps': 200, 'eval/mean_score': np.float64(0.998), 'eval/std_score': np.float64(0.012), 'eval/mean_episode_length': np.float64(1.0), 'eval/std_episode_length': np.float64(0.0), 'eval/eval_time': 0.07500219345092773}
{'training/total_steps': 8000, 'training/updates': 4, 'training/sps': np.float64(13797.075), 'training/walltime': np.float64(1.657), 'training/rollout_time': np.float64(0.137), 'training/update_time': np.float64(0.008), 'training/approx_kl': 1.7436697135053691e-06, 'training/entropy': 0.08593083173036575, 'training/policy_loss': -0.0018218441400676966, 'training/total_loss': 1.0744062662124634, 'training/value_loss': 2.152456283569336}
{'eval/num_episodes': 200, 'eval/num_steps': 200, 'eval/mean_score': np.float64(0.999), 'eval/std_score': np.float64(0.007), 'eval/mean_episode_length': np.float64(1.0), 'eval/std_episode_length': np.float64(0.0), 'eval/eval_time': 0.0723106861114502}
{'training/total_steps': 10000, 'training/updates': 5, 'training/sps': np.float64(9820.576), 'training/walltime': np.float64(1.934), 'training/rollout_time': np.float64(0.194), 'training/update_time': np.float64(0.01), 'training/approx_kl': 1.7277450297115138e-06, 'training/entropy': 0.08485888689756393, 'training/policy_loss': -0.0018184600630775094, 'training/total_loss': 1.0662286281585693, 'training/value_loss': 2.136094093322754}
{'eval/num_episodes': 200, 'eval/num_steps': 200, 'eval/mean_score': np.float64(0.999), 'eval/std_score': np.float64(0.01), 'eval/mean_episode_length': np.float64(1.0), 'eval/std_episode_length': np.float64(0.0), 'eval/eval_time': 0.09575915336608887}
{'training/total_steps': 12000, 'training/updates': 6, 'training/sps': np.float64(14054.095), 'training/walltime': np.float64(2.172), 'training/rollout_time': np.float64(0.134), 'training/update_time': np.float64(0.008), 'training/approx_kl': 1.250880814041011e-06, 'training/entropy': 0.08383381366729736, 'training/policy_loss': -0.001579226809553802, 'training/total_loss': 1.0585606098175049, 'training/value_loss': 2.1202797889709473}
{'eval/num_episodes': 200, 'eval/num_steps': 200, 'eval/mean_score': np.float64(0.997), 'eval/std_score': np.float64(0.017), 'eval/mean_episode_length': np.float64(1.0), 'eval/std_episode_length': np.float64(0.0), 'eval/eval_time': 0.07491493225097656}
{'training/total_steps': 14000, 'training/updates': 7, 'training/sps': np.float64(13786.735), 'training/walltime': np.float64(2.392), 'training/rollout_time': np.float64(0.137), 'training/update_time': np.float64(0.008), 'training/approx_kl': 1.0001250529967365e-06, 'training/entropy': 0.08287768810987473, 'training/policy_loss': -0.0013058821205049753, 'training/total_loss': 1.050794005393982, 'training/value_loss': 2.1041998863220215}
{'eval/num_episodes': 200, 'eval/num_steps': 200, 'eval/mean_score': np.float64(0.998), 'eval/std_score': np.float64(0.012), 'eval/mean_episode_length': np.float64(1.0), 'eval/std_episode_length': np.float64(0.0), 'eval/eval_time': 0.07469701766967773}
{'training/total_steps': 16000, 'training/updates': 8, 'training/sps': np.float64(14290.595), 'training/walltime': np.float64(2.607), 'training/rollout_time': np.float64(0.132), 'training/update_time': np.float64(0.008), 'training/approx_kl': 1.0396233847131953e-06, 'training/entropy': 0.08195006847381592, 'training/policy_loss': -0.0013689238112419844, 'training/total_loss': 1.0424680709838867, 'training/value_loss': 2.0876739025115967}
{'eval/num_episodes': 200, 'eval/num_steps': 200, 'eval/mean_score': np.float64(0.998), 'eval/std_score': np.float64(0.012), 'eval/mean_episode_length': np.float64(1.0), 'eval/std_episode_length': np.float64(0.0), 'eval/eval_time': 0.0717167854309082}
{'training/total_steps': 18000, 'training/updates': 9, 'training/sps': np.float64(13665.567), 'training/walltime': np.float64(2.826), 'training/rollout_time': np.float64(0.138), 'training/update_time': np.float64(0.008), 'training/approx_kl': 1.4251974107537535e-06, 'training/entropy': 0.08097157627344131, 'training/policy_loss': -0.0016409605741500854, 'training/total_loss': 1.0336811542510986, 'training/value_loss': 2.070643901824951}
{'eval/num_episodes': 200, 'eval/num_steps': 200, 'eval/mean_score': np.float64(0.999), 'eval/std_score': np.float64(0.01), 'eval/mean_episode_length': np.float64(1.0), 'eval/std_episode_length': np.float64(0.0), 'eval/eval_time': 0.06952500343322754}
{'training/total_steps': 20000, 'training/updates': 10, 'training/sps': np.float64(13855.002), 'training/walltime': np.float64(3.04), 'training/rollout_time': np.float64(0.136), 'training/update_time': np.float64(0.008), 'training/approx_kl': 9.566443850417272e-07, 'training/entropy': 0.0800071507692337, 'training/policy_loss': -0.0013312979135662317, 'training/total_loss': 1.0263508558273315, 'training/value_loss': 2.0553646087646484}
{'eval/num_episodes': 200, 'eval/num_steps': 200, 'eval/mean_score': np.float64(0.998), 'eval/std_score': np.float64(0.012), 'eval/mean_episode_length': np.float64(1.0), 'eval/std_episode_length': np.float64(0.0), 'eval/eval_time': 0.07232284545898438}
{'training/total_steps': 22000, 'training/updates': 11, 'training/sps': np.float64(14348.551), 'training/walltime': np.float64(3.252), 'training/rollout_time': np.float64(0.131), 'training/update_time': np.float64(0.008), 'training/approx_kl': 1.7562713310326217e-06, 'training/entropy': 0.07902486622333527, 'training/policy_loss': -0.0018764276755973697, 'training/total_loss': 1.0169719457626343, 'training/value_loss': 2.0376968383789062}
{'eval/num_episodes': 200, 'eval/num_steps': 200, 'eval/mean_score': np.float64(0.998), 'eval/std_score': np.float64(0.014), 'eval/mean_episode_length': np.float64(1.0), 'eval/std_episode_length': np.float64(0.0), 'eval/eval_time': 0.07251787185668945}
{'training/total_steps': 24000, 'training/updates': 12, 'training/sps': np.float64(14731.226), 'training/walltime': np.float64(3.46), 'training/rollout_time': np.float64(0.128), 'training/update_time': np.float64(0.008), 'training/approx_kl': 1.560377540954505e-06, 'training/entropy': 0.07800470292568207, 'training/policy_loss': -0.0017849744763225317, 'training/total_loss': 1.00930917263031, 'training/value_loss': 2.022188186645508}
{'eval/num_episodes': 200, 'eval/num_steps': 200, 'eval/mean_score': np.float64(0.996), 'eval/std_score': np.float64(0.018), 'eval/mean_episode_length': np.float64(1.0), 'eval/std_episode_length': np.float64(0.0), 'eval/eval_time': 0.07416796684265137}
{'training/total_steps': 26000, 'training/updates': 13, 'training/sps': np.float64(13895.141), 'training/walltime': np.float64(3.679), 'training/rollout_time': np.float64(0.136), 'training/update_time': np.float64(0.008), 'training/approx_kl': 1.5463597264897544e-06, 'training/entropy': 0.07700636237859726, 'training/policy_loss': -0.0016989312134683132, 'training/total_loss': 1.001373529434204, 'training/value_loss': 2.0061450004577637}
{'eval/num_episodes': 200, 'eval/num_steps': 200, 'eval/mean_score': np.float64(0.999), 'eval/std_score': np.float64(0.01), 'eval/mean_episode_length': np.float64(1.0), 'eval/std_episode_length': np.float64(0.0), 'eval/eval_time': 0.07435417175292969}
{'training/total_steps': 28000, 'training/updates': 14, 'training/sps': np.float64(13705.196), 'training/walltime': np.float64(3.899), 'training/rollout_time': np.float64(0.138), 'training/update_time': np.float64(0.008), 'training/approx_kl': 1.4217673651728546e-06, 'training/entropy': 0.07603523135185242, 'training/policy_loss': -0.001673004706390202, 'training/total_loss': 0.9935029745101929, 'training/value_loss': 1.990351915359497}
{'eval/num_episodes': 200, 'eval/num_steps': 200, 'eval/mean_score': np.float64(0.999), 'eval/std_score': np.float64(0.01), 'eval/mean_episode_length': np.float64(1.0), 'eval/std_episode_length': np.float64(0.0), 'eval/eval_time': 0.09015917778015137}
{'training/total_steps': 30000, 'training/updates': 15, 'training/sps': np.float64(9780.375), 'training/walltime': np.float64(4.194), 'training/rollout_time': np.float64(0.196), 'training/update_time': np.float64(0.008), 'training/approx_kl': 1.4653319340141024e-06, 'training/entropy': 0.07507969439029694, 'training/policy_loss': -0.0016859464813023806, 'training/total_loss': 0.9855265617370605, 'training/value_loss': 1.9744248390197754}
{'eval/num_episodes': 200, 'eval/num_steps': 200, 'eval/mean_score': np.float64(0.999), 'eval/std_score': np.float64(0.01), 'eval/mean_episode_length': np.float64(1.0), 'eval/std_episode_length': np.float64(0.0), 'eval/eval_time': 0.07733798027038574}
{'training/total_steps': 32000, 'training/updates': 16, 'training/sps': np.float64(13655.222), 'training/walltime': np.float64(4.418), 'training/rollout_time': np.float64(0.138), 'training/update_time': np.float64(0.008), 'training/approx_kl': 1.2303930816415232e-06, 'training/entropy': 0.07415423542261124, 'training/policy_loss': -0.0015830571064725518, 'training/total_loss': 0.9778371453285217, 'training/value_loss': 1.9588403701782227}
{'eval/num_episodes': 200, 'eval/num_steps': 200, 'eval/mean_score': np.float64(0.998), 'eval/std_score': np.float64(0.014), 'eval/mean_episode_length': np.float64(1.0), 'eval/std_episode_length': np.float64(0.0), 'eval/eval_time': 0.07365179061889648}
{'training/total_steps': 34000, 'training/updates': 17, 'training/sps': np.float64(9641.347), 'training/walltime': np.float64(4.7), 'training/rollout_time': np.float64(0.199), 'training/update_time': np.float64(0.008), 'training/approx_kl': 1.3166834378353087e-06, 'training/entropy': 0.07323966920375824, 'training/policy_loss': -0.0015361515106633306, 'training/total_loss': 0.9698826670646667, 'training/value_loss': 1.9428375959396362}
{'eval/num_episodes': 200, 'eval/num_steps': 200, 'eval/mean_score': np.float64(0.998), 'eval/std_score': np.float64(0.012), 'eval/mean_episode_length': np.float64(1.0), 'eval/std_episode_length': np.float64(0.0), 'eval/eval_time': 0.07174491882324219}
{'training/total_steps': 36000, 'training/updates': 18, 'training/sps': np.float64(14007.955), 'training/walltime': np.float64(4.915), 'training/rollout_time': np.float64(0.135), 'training/update_time': np.float64(0.008), 'training/approx_kl': 8.317316542161279e-07, 'training/entropy': 0.07237610220909119, 'training/policy_loss': -0.0012228855630382895, 'training/total_loss': 0.96269690990448, 'training/value_loss': 1.9278395175933838}
{'eval/num_episodes': 200, 'eval/num_steps': 200, 'eval/mean_score': np.float64(0.999), 'eval/std_score': np.float64(0.01), 'eval/mean_episode_length': np.float64(1.0), 'eval/std_episode_length': np.float64(0.0), 'eval/eval_time': 0.0721590518951416}
{'training/total_steps': 38000, 'training/updates': 19, 'training/sps': np.float64(12242.318), 'training/walltime': np.float64(5.15), 'training/rollout_time': np.float64(0.148), 'training/update_time': np.float64(0.015), 'training/approx_kl': 8.282186740871111e-07, 'training/entropy': 0.07156519591808319, 'training/policy_loss': -0.0013188973534852266, 'training/total_loss': 0.9546920657157898, 'training/value_loss': 1.9120219945907593}
{'eval/num_episodes': 200, 'eval/num_steps': 200, 'eval/mean_score': np.float64(0.999), 'eval/std_score': np.float64(0.007), 'eval/mean_episode_length': np.float64(1.0), 'eval/std_episode_length': np.float64(0.0), 'eval/eval_time': 0.1201629638671875}
{'training/total_steps': 40000, 'training/updates': 20, 'training/sps': np.float64(13972.094), 'training/walltime': np.float64(5.414), 'training/rollout_time': np.float64(0.135), 'training/update_time': np.float64(0.008), 'training/approx_kl': 1.2021247357552056e-06, 'training/entropy': 0.07071705162525177, 'training/policy_loss': -0.0014997210819274187, 'training/total_loss': 0.946407675743103, 'training/value_loss': 1.8958147764205933}
{'eval/num_episodes': 200, 'eval/num_steps': 200, 'eval/mean_score': np.float64(0.998), 'eval/std_score': np.float64(0.012), 'eval/mean_episode_length': np.float64(1.0), 'eval/std_episode_length': np.float64(0.0), 'eval/eval_time': 0.07218408584594727}
{'training/total_steps': 42000, 'training/updates': 21, 'training/sps': np.float64(14593.833), 'training/walltime': np.float64(5.624), 'training/rollout_time': np.float64(0.129), 'training/update_time': np.float64(0.008), 'training/approx_kl': 1.5846617316128686e-06, 'training/entropy': 0.0698033943772316, 'training/policy_loss': -0.0017541359411552548, 'training/total_loss': 0.9381977319717407, 'training/value_loss': 1.879903793334961}
{'eval/num_episodes': 200, 'eval/num_steps': 200, 'eval/mean_score': np.float64(0.999), 'eval/std_score': np.float64(0.007), 'eval/mean_episode_length': np.float64(1.0), 'eval/std_episode_length': np.float64(0.0), 'eval/eval_time': 0.07328581809997559}
{'training/total_steps': 44000, 'training/updates': 22, 'training/sps': np.float64(14319.674), 'training/walltime': np.float64(5.837), 'training/rollout_time': np.float64(0.132), 'training/update_time': np.float64(0.008), 'training/approx_kl': 2.068847607006319e-06, 'training/entropy': 0.06884540617465973, 'training/policy_loss': -0.0020430947188287973, 'training/total_loss': 0.9299553036689758, 'training/value_loss': 1.8639967441558838}
{'eval/num_episodes': 200, 'eval/num_steps': 200, 'eval/mean_score': np.float64(0.998), 'eval/std_score': np.float64(0.012), 'eval/mean_episode_length': np.float64(1.0), 'eval/std_episode_length': np.float64(0.0), 'eval/eval_time': 0.07417702674865723}
{'training/total_steps': 46000, 'training/updates': 23, 'training/sps': np.float64(14346.367), 'training/walltime': np.float64(6.051), 'training/rollout_time': np.float64(0.132), 'training/update_time': np.float64(0.008), 'training/approx_kl': 1.77647461896413e-06, 'training/entropy': 0.06789390742778778, 'training/policy_loss': -0.001829780638217926, 'training/total_loss': 0.9227198958396912, 'training/value_loss': 1.8490992784500122}
{'eval/num_episodes': 200, 'eval/num_steps': 200, 'eval/mean_score': np.float64(0.999), 'eval/std_score': np.float64(0.01), 'eval/mean_episode_length': np.float64(1.0), 'eval/std_episode_length': np.float64(0.0), 'eval/eval_time': 0.07101607322692871}
{'training/total_steps': 48000, 'training/updates': 24, 'training/sps': np.float64(11133.197), 'training/walltime': np.float64(6.302), 'training/rollout_time': np.float64(0.172), 'training/update_time': np.float64(0.008), 'training/approx_kl': 1.4024330994288903e-06, 'training/entropy': 0.06700238585472107, 'training/policy_loss': -0.001597787020727992, 'training/total_loss': 0.9154728651046753, 'training/value_loss': 1.8341412544250488}
{'eval/num_episodes': 200, 'eval/num_steps': 200, 'eval/mean_score': np.float64(0.998), 'eval/std_score': np.float64(0.014), 'eval/mean_episode_length': np.float64(1.0), 'eval/std_episode_length': np.float64(0.0), 'eval/eval_time': 0.07056188583374023}
{'training/total_steps': 50000, 'training/updates': 25, 'training/sps': np.float64(14401.637), 'training/walltime': np.float64(6.511), 'training/rollout_time': np.float64(0.131), 'training/update_time': np.float64(0.008), 'training/approx_kl': 9.414092687620723e-07, 'training/entropy': 0.06618592143058777, 'training/policy_loss': -0.0012970624957233667, 'training/total_loss': 0.908401608467102, 'training/value_loss': 1.8193974494934082}
{'eval/num_episodes': 200, 'eval/num_steps': 200, 'eval/mean_score': np.float64(0.998), 'eval/std_score': np.float64(0.012), 'eval/mean_episode_length': np.float64(1.0), 'eval/std_episode_length': np.float64(0.0), 'eval/eval_time': 0.08583784103393555}
{'training/total_steps': 52000, 'training/updates': 26, 'training/sps': np.float64(14451.606), 'training/walltime': np.float64(6.736), 'training/rollout_time': np.float64(0.13), 'training/update_time': np.float64(0.008), 'training/approx_kl': 1.2021885140711674e-06, 'training/entropy': 0.06538564711809158, 'training/policy_loss': -0.0015345101710408926, 'training/total_loss': 0.9003100395202637, 'training/value_loss': 1.8036892414093018}
{'eval/num_episodes': 200, 'eval/num_steps': 200, 'eval/mean_score': np.float64(0.999), 'eval/std_score': np.float64(0.007), 'eval/mean_episode_length': np.float64(1.0), 'eval/std_episode_length': np.float64(0.0), 'eval/eval_time': 0.07338213920593262}
{'training/total_steps': 54000, 'training/updates': 27, 'training/sps': np.float64(14275.809), 'training/walltime': np.float64(6.95), 'training/rollout_time': np.float64(0.132), 'training/update_time': np.float64(0.008), 'training/approx_kl': 8.283146257781482e-07, 'training/entropy': 0.06461562216281891, 'training/policy_loss': -0.001238954602740705, 'training/total_loss': 0.8933804631233215, 'training/value_loss': 1.7892389297485352}
{'eval/num_episodes': 200, 'eval/num_steps': 200, 'eval/mean_score': np.float64(1.0), 'eval/std_score': np.float64(0.0), 'eval/mean_episode_length': np.float64(1.0), 'eval/std_episode_length': np.float64(0.0), 'eval/eval_time': 0.0745549201965332}
{'training/total_steps': 56000, 'training/updates': 28, 'training/sps': np.float64(14367.499), 'training/walltime': np.float64(7.164), 'training/rollout_time': np.float64(0.131), 'training/update_time': np.float64(0.008), 'training/approx_kl': 1.1525987702043494e-06, 'training/entropy': 0.06384991109371185, 'training/policy_loss': -0.0014239796437323093, 'training/total_loss': 0.8852663636207581, 'training/value_loss': 1.7733807563781738}
{'eval/num_episodes': 200, 'eval/num_steps': 200, 'eval/mean_score': np.float64(0.999), 'eval/std_score': np.float64(0.01), 'eval/mean_episode_length': np.float64(1.0), 'eval/std_episode_length': np.float64(0.0), 'eval/eval_time': 0.12622904777526855}
{'training/total_steps': 58000, 'training/updates': 29, 'training/sps': np.float64(12779.155), 'training/walltime': np.float64(7.447), 'training/rollout_time': np.float64(0.149), 'training/update_time': np.float64(0.008), 'training/approx_kl': 1.1439686886660638e-06, 'training/entropy': 0.06305257230997086, 'training/policy_loss': -0.001517007825896144, 'training/total_loss': 0.8777451515197754, 'training/value_loss': 1.7585242986679077}
{'eval/num_episodes': 200, 'eval/num_steps': 200, 'eval/mean_score': np.float64(0.999), 'eval/std_score': np.float64(0.007), 'eval/mean_episode_length': np.float64(1.0), 'eval/std_episode_length': np.float64(0.0), 'eval/eval_time': 0.07263803482055664}
{'training/total_steps': 60000, 'training/updates': 30, 'training/sps': np.float64(14410.667), 'training/walltime': np.float64(7.658), 'training/rollout_time': np.float64(0.131), 'training/update_time': np.float64(0.008), 'training/approx_kl': 8.834451250550046e-07, 'training/entropy': 0.062286753207445145, 'training/policy_loss': -0.0013793210964649916, 'training/total_loss': 0.8705703020095825, 'training/value_loss': 1.7438993453979492}
{'eval/num_episodes': 200, 'eval/num_steps': 200, 'eval/mean_score': np.float64(0.999), 'eval/std_score': np.float64(0.01), 'eval/mean_episode_length': np.float64(1.0), 'eval/std_episode_length': np.float64(0.0), 'eval/eval_time': 0.07141900062561035}
TRAINING END: training duration: 7.730094909667969
{'final_eval/num_episodes': 200, 'final_eval/num_steps': 200, 'final_eval/mean_score': np.float64(1.0), 'final_eval/std_score': np.float64(0.0), 'final_eval/mean_episode_length': np.float64(1.0), 'final_eval/std_episode_length': np.float64(0.0)}
