|param: value|
|experiment_name:  reinforce_procgen|
|seed:  8|
|platform:  cpu|
|write_logs_to_file:  False|
|save_model:  False|
|env_name:  bandit|
|num_envs:  1|
|num_train_levels:  200|
|distribution_mode:  easy|
|arm_means:  (1.0, 0.9)|
|deterministic_rewards:  True|
|eval_env:  True|
|num_eval_episodes:  200|
|eval_every:  1|
|deterministic_eval:  False|
|normalize_observations:  True|
|total_timesteps:  60000|
|learning_rate:  0.5|
|optimizer:  sgd|
|unroll_length:  2048|
|anneal_lr:  False|
|gamma:  0.99|
|batch_size:  1|
|num_minibatches:  1|
|update_epochs:  1|
|entropy_cost:  0.0|
|max_grad_norm:  0.5|
|reward_scaling:  1.0|
|use_cnn:  False|
|policy_hidden_layer_sizes:  ()|
|value_hidden_layer_sizes:  ()|
|activation:  <jax._src.custom_derivatives.custom_jvp object at 0x1286c7790>|
|policy_init_logit_bias:  [4.0, 0.0]|
{'training/total_steps': 2000, 'training/updates': 1, 'training/sps': np.float64(1728.786), 'training/walltime': np.float64(1.157), 'training/rollout_time': np.float64(0.411), 'training/update_time': np.float64(0.745), 'training/approx_kl': 0.0, 'training/entropy': 0.09009480476379395, 'training/policy_loss': 0.11747241765260696, 'training/total_loss': 1.5659481287002563, 'training/value_loss': 2.896951198577881}
{'eval/num_episodes': 200, 'eval/num_steps': 200, 'eval/mean_score': np.float64(0.997), 'eval/std_score': np.float64(0.017), 'eval/mean_episode_length': np.float64(1.0), 'eval/std_episode_length': np.float64(0.0), 'eval/eval_time': 0.07832598686218262}
{'training/total_steps': 4000, 'training/updates': 2, 'training/sps': np.float64(5140.308), 'training/walltime': np.float64(1.625), 'training/rollout_time': np.float64(0.388), 'training/update_time': np.float64(0.001), 'training/approx_kl': 0.0, 'training/entropy': 0.0898318961262703, 'training/policy_loss': 0.13945668935775757, 'training/total_loss': 1.0474611520767212, 'training/value_loss': 1.8160089254379272}
{'eval/num_episodes': 200, 'eval/num_steps': 200, 'eval/mean_score': np.float64(0.998), 'eval/std_score': np.float64(0.012), 'eval/mean_episode_length': np.float64(1.0), 'eval/std_episode_length': np.float64(0.0), 'eval/eval_time': 0.0757896900177002}
{'training/total_steps': 6000, 'training/updates': 3, 'training/sps': np.float64(4470.641), 'training/walltime': np.float64(2.148), 'training/rollout_time': np.float64(0.446), 'training/update_time': np.float64(0.002), 'training/approx_kl': 0.0, 'training/entropy': 0.09000205993652344, 'training/policy_loss': 0.06644809246063232, 'training/total_loss': 0.5614389181137085, 'training/value_loss': 0.9899815917015076}
{'eval/num_episodes': 200, 'eval/num_steps': 200, 'eval/mean_score': np.float64(0.998), 'eval/std_score': np.float64(0.012), 'eval/mean_episode_length': np.float64(1.0), 'eval/std_episode_length': np.float64(0.0), 'eval/eval_time': 0.07749390602111816}
{'training/total_steps': 8000, 'training/updates': 4, 'training/sps': np.float64(5635.267), 'training/walltime': np.float64(2.581), 'training/rollout_time': np.float64(0.353), 'training/update_time': np.float64(0.002), 'training/approx_kl': 0.0, 'training/entropy': 0.08971293270587921, 'training/policy_loss': 0.05721514672040939, 'training/total_loss': 0.2625148296356201, 'training/value_loss': 0.41059938073158264}
{'eval/num_episodes': 200, 'eval/num_steps': 200, 'eval/mean_score': np.float64(0.998), 'eval/std_score': np.float64(0.014), 'eval/mean_episode_length': np.float64(1.0), 'eval/std_episode_length': np.float64(0.0), 'eval/eval_time': 0.07632780075073242}
{'training/total_steps': 10000, 'training/updates': 5, 'training/sps': np.float64(6116.509), 'training/walltime': np.float64(2.985), 'training/rollout_time': np.float64(0.325), 'training/update_time': np.float64(0.002), 'training/approx_kl': 0.0, 'training/entropy': 0.08970791846513748, 'training/policy_loss': 0.021093735471367836, 'training/total_loss': 0.06240008398890495, 'training/value_loss': 0.08261270076036453}
{'eval/num_episodes': 200, 'eval/num_steps': 200, 'eval/mean_score': np.float64(0.999), 'eval/std_score': np.float64(0.01), 'eval/mean_episode_length': np.float64(1.0), 'eval/std_episode_length': np.float64(0.0), 'eval/eval_time': 0.07458710670471191}
{'training/total_steps': 12000, 'training/updates': 6, 'training/sps': np.float64(5837.251), 'training/walltime': np.float64(3.402), 'training/rollout_time': np.float64(0.341), 'training/update_time': np.float64(0.002), 'training/approx_kl': 0.0, 'training/entropy': 0.0895443707704544, 'training/policy_loss': -0.0052834199741482735, 'training/total_loss': -0.0052165500819683075, 'training/value_loss': 0.0001337400753982365}
{'eval/num_episodes': 200, 'eval/num_steps': 200, 'eval/mean_score': np.float64(1.0), 'eval/std_score': np.float64(0.0), 'eval/mean_episode_length': np.float64(1.0), 'eval/std_episode_length': np.float64(0.0), 'eval/eval_time': 0.07431292533874512}
{'training/total_steps': 14000, 'training/updates': 7, 'training/sps': np.float64(6481.719), 'training/walltime': np.float64(3.786), 'training/rollout_time': np.float64(0.307), 'training/update_time': np.float64(0.002), 'training/approx_kl': 0.0, 'training/entropy': 0.08935698121786118, 'training/policy_loss': -0.007328213192522526, 'training/total_loss': -0.007237299345433712, 'training/value_loss': 0.0001818276650737971}
{'eval/num_episodes': 200, 'eval/num_steps': 200, 'eval/mean_score': np.float64(0.999), 'eval/std_score': np.float64(0.01), 'eval/mean_episode_length': np.float64(1.0), 'eval/std_episode_length': np.float64(0.0), 'eval/eval_time': 0.07240986824035645}
{'training/total_steps': 16000, 'training/updates': 8, 'training/sps': np.float64(6288.854), 'training/walltime': np.float64(4.176), 'training/rollout_time': np.float64(0.316), 'training/update_time': np.float64(0.002), 'training/approx_kl': 0.0, 'training/entropy': 0.08910258114337921, 'training/policy_loss': -0.006299290806055069, 'training/total_loss': -0.006220539566129446, 'training/value_loss': 0.0001575025962665677}
{'eval/num_episodes': 200, 'eval/num_steps': 200, 'eval/mean_score': np.float64(0.997), 'eval/std_score': np.float64(0.016), 'eval/mean_episode_length': np.float64(1.0), 'eval/std_episode_length': np.float64(0.0), 'eval/eval_time': 0.0704810619354248}
{'training/total_steps': 18000, 'training/updates': 9, 'training/sps': np.float64(5857.476), 'training/walltime': np.float64(4.589), 'training/rollout_time': np.float64(0.34), 'training/update_time': np.float64(0.002), 'training/approx_kl': 0.0, 'training/entropy': 0.08888261765241623, 'training/policy_loss': -0.008508740924298763, 'training/total_loss': -0.008403400890529156, 'training/value_loss': 0.00021068018395453691}
{'eval/num_episodes': 200, 'eval/num_steps': 200, 'eval/mean_score': np.float64(0.999), 'eval/std_score': np.float64(0.01), 'eval/mean_episode_length': np.float64(1.0), 'eval/std_episode_length': np.float64(0.0), 'eval/eval_time': 0.0707252025604248}
{'training/total_steps': 20000, 'training/updates': 10, 'training/sps': np.float64(6346.266), 'training/walltime': np.float64(4.975), 'training/rollout_time': np.float64(0.314), 'training/update_time': np.float64(0.002), 'training/approx_kl': 0.0, 'training/entropy': 0.0885891318321228, 'training/policy_loss': -0.0070768059231340885, 'training/total_loss': -0.006988364737480879, 'training/value_loss': 0.00017688260413706303}
{'eval/num_episodes': 200, 'eval/num_steps': 200, 'eval/mean_score': np.float64(0.999), 'eval/std_score': np.float64(0.01), 'eval/mean_episode_length': np.float64(1.0), 'eval/std_episode_length': np.float64(0.0), 'eval/eval_time': 0.0755612850189209}
{'training/total_steps': 22000, 'training/updates': 11, 'training/sps': np.float64(5790.618), 'training/walltime': np.float64(5.396), 'training/rollout_time': np.float64(0.342), 'training/update_time': np.float64(0.003), 'training/approx_kl': 0.0, 'training/entropy': 0.0883435532450676, 'training/policy_loss': -0.006320558954030275, 'training/total_loss': -0.006241818889975548, 'training/value_loss': 0.00015748011355753988}
{'eval/num_episodes': 200, 'eval/num_steps': 200, 'eval/mean_score': np.float64(0.998), 'eval/std_score': np.float64(0.014), 'eval/mean_episode_length': np.float64(1.0), 'eval/std_episode_length': np.float64(0.0), 'eval/eval_time': 0.07137894630432129}
{'training/total_steps': 24000, 'training/updates': 12, 'training/sps': np.float64(6420.318), 'training/walltime': np.float64(5.78), 'training/rollout_time': np.float64(0.31), 'training/update_time': np.float64(0.002), 'training/approx_kl': 0.0, 'training/entropy': 0.08812523633241653, 'training/policy_loss': -0.005943797528743744, 'training/total_loss': -0.005869917571544647, 'training/value_loss': 0.00014776004536543041}
{'eval/num_episodes': 200, 'eval/num_steps': 200, 'eval/mean_score': np.float64(0.998), 'eval/std_score': np.float64(0.012), 'eval/mean_episode_length': np.float64(1.0), 'eval/std_episode_length': np.float64(0.0), 'eval/eval_time': 0.07120299339294434}
{'training/total_steps': 26000, 'training/updates': 13, 'training/sps': np.float64(6433.332), 'training/walltime': np.float64(6.162), 'training/rollout_time': np.float64(0.309), 'training/update_time': np.float64(0.002), 'training/approx_kl': 0.0, 'training/entropy': 0.08792073279619217, 'training/policy_loss': -0.005756557919085026, 'training/total_loss': -0.005685107782483101, 'training/value_loss': 0.00014290008402895182}
{'eval/num_episodes': 200, 'eval/num_steps': 200, 'eval/mean_score': np.float64(0.997), 'eval/std_score': np.float64(0.017), 'eval/mean_episode_length': np.float64(1.0), 'eval/std_episode_length': np.float64(0.0), 'eval/eval_time': 0.0724179744720459}
{'training/total_steps': 28000, 'training/updates': 14, 'training/sps': np.float64(5417.307), 'training/walltime': np.float64(6.604), 'training/rollout_time': np.float64(0.368), 'training/update_time': np.float64(0.002), 'training/approx_kl': 0.0, 'training/entropy': 0.0877234935760498, 'training/policy_loss': -0.007361663971096277, 'training/total_loss': -0.007270795293152332, 'training/value_loss': 0.0001817375741666183}
{'eval/num_episodes': 200, 'eval/num_steps': 200, 'eval/mean_score': np.float64(0.998), 'eval/std_score': np.float64(0.012), 'eval/mean_episode_length': np.float64(1.0), 'eval/std_episode_length': np.float64(0.0), 'eval/eval_time': 0.0765678882598877}
{'training/total_steps': 30000, 'training/updates': 15, 'training/sps': np.float64(4953.593), 'training/walltime': np.float64(7.085), 'training/rollout_time': np.float64(0.402), 'training/update_time': np.float64(0.001), 'training/approx_kl': 0.0, 'training/entropy': 0.0874733254313469, 'training/policy_loss': -0.006535306107252836, 'training/total_loss': -0.006454147398471832, 'training/value_loss': 0.00016231760673690587}
{'eval/num_episodes': 200, 'eval/num_steps': 200, 'eval/mean_score': np.float64(0.997), 'eval/std_score': np.float64(0.016), 'eval/mean_episode_length': np.float64(1.0), 'eval/std_episode_length': np.float64(0.0), 'eval/eval_time': 0.0724480152130127}
{'training/total_steps': 32000, 'training/updates': 16, 'training/sps': np.float64(5557.239), 'training/walltime': np.float64(7.517), 'training/rollout_time': np.float64(0.358), 'training/update_time': np.float64(0.001), 'training/approx_kl': 0.0, 'training/entropy': 0.08725040405988693, 'training/policy_loss': -0.005559494253247976, 'training/total_loss': -0.005490443203598261, 'training/value_loss': 0.0001381025358568877}
{'eval/num_episodes': 200, 'eval/num_steps': 200, 'eval/mean_score': np.float64(0.999), 'eval/std_score': np.float64(0.007), 'eval/mean_episode_length': np.float64(1.0), 'eval/std_episode_length': np.float64(0.0), 'eval/eval_time': 0.07362198829650879}
{'training/total_steps': 34000, 'training/updates': 17, 'training/sps': np.float64(4935.822), 'training/walltime': np.float64(7.997), 'training/rollout_time': np.float64(0.404), 'training/update_time': np.float64(0.001), 'training/approx_kl': 0.0, 'training/entropy': 0.08706100285053253, 'training/policy_loss': -0.008785312995314598, 'training/total_loss': -0.008677412755787373, 'training/value_loss': 0.0002158001734642312}
{'eval/num_episodes': 200, 'eval/num_steps': 200, 'eval/mean_score': np.float64(0.998), 'eval/std_score': np.float64(0.014), 'eval/mean_episode_length': np.float64(1.0), 'eval/std_episode_length': np.float64(0.0), 'eval/eval_time': 0.08155179023742676}
{'training/total_steps': 36000, 'training/updates': 18, 'training/sps': np.float64(6263.96), 'training/walltime': np.float64(8.398), 'training/rollout_time': np.float64(0.316), 'training/update_time': np.float64(0.003), 'training/approx_kl': 0.0, 'training/entropy': 0.08676625043153763, 'training/policy_loss': -0.006721425801515579, 'training/total_loss': -0.006637745536863804, 'training/value_loss': 0.0001673601072980091}
{'eval/num_episodes': 200, 'eval/num_steps': 200, 'eval/mean_score': np.float64(1.0), 'eval/std_score': np.float64(0.0), 'eval/mean_episode_length': np.float64(1.0), 'eval/std_episode_length': np.float64(0.0), 'eval/eval_time': 0.07225871086120605}
{'training/total_steps': 38000, 'training/updates': 19, 'training/sps': np.float64(5872.007), 'training/walltime': np.float64(8.811), 'training/rollout_time': np.float64(0.339), 'training/update_time': np.float64(0.001), 'training/approx_kl': 0.0, 'training/entropy': 0.08653832972049713, 'training/policy_loss': -0.009169857017695904, 'training/total_loss': -0.009057321585714817, 'training/value_loss': 0.00022507009271066636}
{'eval/num_episodes': 200, 'eval/num_steps': 200, 'eval/mean_score': np.float64(1.0), 'eval/std_score': np.float64(0.0), 'eval/mean_episode_length': np.float64(1.0), 'eval/std_episode_length': np.float64(0.0), 'eval/eval_time': 0.07203102111816406}
{'training/total_steps': 40000, 'training/updates': 20, 'training/sps': np.float64(5659.18), 'training/walltime': np.float64(9.237), 'training/rollout_time': np.float64(0.352), 'training/update_time': np.float64(0.002), 'training/approx_kl': 0.0, 'training/entropy': 0.08623234927654266, 'training/policy_loss': -0.007521853316575289, 'training/total_loss': -0.0074285781010985374, 'training/value_loss': 0.00018655008170753717}
{'eval/num_episodes': 200, 'eval/num_steps': 200, 'eval/mean_score': np.float64(0.998), 'eval/std_score': np.float64(0.014), 'eval/mean_episode_length': np.float64(1.0), 'eval/std_episode_length': np.float64(0.0), 'eval/eval_time': 0.07555985450744629}
{'training/total_steps': 42000, 'training/updates': 21, 'training/sps': np.float64(5607.141), 'training/walltime': np.float64(9.67), 'training/rollout_time': np.float64(0.355), 'training/update_time': np.float64(0.002), 'training/approx_kl': 0.0, 'training/entropy': 0.08597969263792038, 'training/policy_loss': -0.007166548632085323, 'training/total_loss': -0.007078163791447878, 'training/value_loss': 0.0001767700450727716}
{'eval/num_episodes': 200, 'eval/num_steps': 200, 'eval/mean_score': np.float64(0.999), 'eval/std_score': np.float64(0.01), 'eval/mean_episode_length': np.float64(1.0), 'eval/std_episode_length': np.float64(0.0), 'eval/eval_time': 0.0733177661895752}
{'training/total_steps': 44000, 'training/updates': 22, 'training/sps': np.float64(4988.349), 'training/walltime': np.float64(10.144), 'training/rollout_time': np.float64(0.399), 'training/update_time': np.float64(0.002), 'training/approx_kl': 0.0, 'training/entropy': 0.08574074506759644, 'training/policy_loss': -0.006781110540032387, 'training/total_loss': -0.006697550415992737, 'training/value_loss': 0.00016712007345631719}
{'eval/num_episodes': 200, 'eval/num_steps': 200, 'eval/mean_score': np.float64(0.999), 'eval/std_score': np.float64(0.01), 'eval/mean_episode_length': np.float64(1.0), 'eval/std_episode_length': np.float64(0.0), 'eval/eval_time': 0.09870386123657227}
{'training/total_steps': 46000, 'training/updates': 23, 'training/sps': np.float64(6251.781), 'training/walltime': np.float64(10.563), 'training/rollout_time': np.float64(0.318), 'training/update_time': np.float64(0.001), 'training/approx_kl': 0.0, 'training/entropy': 0.08551526814699173, 'training/policy_loss': -0.006193180568516254, 'training/total_loss': -0.006116870325058699, 'training/value_loss': 0.0001526200503576547}
{'eval/num_episodes': 200, 'eval/num_steps': 200, 'eval/mean_score': np.float64(0.999), 'eval/std_score': np.float64(0.01), 'eval/mean_episode_length': np.float64(1.0), 'eval/std_episode_length': np.float64(0.0), 'eval/eval_time': 0.07525396347045898}
{'training/total_steps': 48000, 'training/updates': 24, 'training/sps': np.float64(5707.091), 'training/walltime': np.float64(10.99), 'training/rollout_time': np.float64(0.349), 'training/update_time': np.float64(0.002), 'training/approx_kl': 0.0, 'training/entropy': 0.08530990779399872, 'training/policy_loss': -0.007819158025085926, 'training/total_loss': -0.007723479066044092, 'training/value_loss': 0.0001913576270453632}
{'eval/num_episodes': 200, 'eval/num_steps': 200, 'eval/mean_score': np.float64(0.998), 'eval/std_score': np.float64(0.014), 'eval/mean_episode_length': np.float64(1.0), 'eval/std_episode_length': np.float64(0.0), 'eval/eval_time': 0.07066798210144043}
{'training/total_steps': 50000, 'training/updates': 25, 'training/sps': np.float64(5746.33), 'training/walltime': np.float64(11.409), 'training/rollout_time': np.float64(0.346), 'training/update_time': np.float64(0.002), 'training/approx_kl': 0.0, 'training/entropy': 0.08505313843488693, 'training/policy_loss': -0.00638421019539237, 'training/total_loss': -0.006305428687483072, 'training/value_loss': 0.0001575626083649695}
{'eval/num_episodes': 200, 'eval/num_steps': 200, 'eval/mean_score': np.float64(0.997), 'eval/std_score': np.float64(0.016), 'eval/mean_episode_length': np.float64(1.0), 'eval/std_episode_length': np.float64(0.0), 'eval/eval_time': 0.09523677825927734}
{'training/total_steps': 52000, 'training/updates': 26, 'training/sps': np.float64(6293.185), 'training/walltime': np.float64(11.822), 'training/rollout_time': np.float64(0.316), 'training/update_time': np.float64(0.001), 'training/approx_kl': 0.0, 'training/entropy': 0.08484221249818802, 'training/policy_loss': -0.006619282066822052, 'training/total_loss': -0.00653814198449254, 'training/value_loss': 0.00016228007734753191}
{'eval/num_episodes': 200, 'eval/num_steps': 200, 'eval/mean_score': np.float64(0.998), 'eval/std_score': np.float64(0.012), 'eval/mean_episode_length': np.float64(1.0), 'eval/std_episode_length': np.float64(0.0), 'eval/eval_time': 0.0728299617767334}
{'training/total_steps': 54000, 'training/updates': 27, 'training/sps': np.float64(5829.183), 'training/walltime': np.float64(12.238), 'training/rollout_time': np.float64(0.342), 'training/update_time': np.float64(0.002), 'training/approx_kl': 0.0, 'training/entropy': 0.0846252590417862, 'training/policy_loss': -0.0054116155952215195, 'training/total_loss': -0.0053449817933142185, 'training/value_loss': 0.00013326753105502576}
{'eval/num_episodes': 200, 'eval/num_steps': 200, 'eval/mean_score': np.float64(0.999), 'eval/std_score': np.float64(0.01), 'eval/mean_episode_length': np.float64(1.0), 'eval/std_episode_length': np.float64(0.0), 'eval/eval_time': 0.07230687141418457}
{'training/total_steps': 56000, 'training/updates': 28, 'training/sps': np.float64(6306.546), 'training/walltime': np.float64(12.628), 'training/rollout_time': np.float64(0.315), 'training/update_time': np.float64(0.002), 'training/approx_kl': 0.0, 'training/entropy': 0.0844476968050003, 'training/policy_loss': -0.007256487384438515, 'training/total_loss': -0.0071680061519145966, 'training/value_loss': 0.0001769626105669886}
{'eval/num_episodes': 200, 'eval/num_steps': 200, 'eval/mean_score': np.float64(0.999), 'eval/std_score': np.float64(0.007), 'eval/mean_episode_length': np.float64(1.0), 'eval/std_episode_length': np.float64(0.0), 'eval/eval_time': 0.07683205604553223}
{'training/total_steps': 58000, 'training/updates': 29, 'training/sps': np.float64(5426.998), 'training/walltime': np.float64(13.074), 'training/rollout_time': np.float64(0.367), 'training/update_time': np.float64(0.001), 'training/approx_kl': 0.0, 'training/entropy': 0.08421246707439423, 'training/policy_loss': -0.007625038735568523, 'training/total_loss': -0.007531838491559029, 'training/value_loss': 0.0001864000951172784}
{'eval/num_episodes': 200, 'eval/num_steps': 200, 'eval/mean_score': np.float64(0.998), 'eval/std_score': np.float64(0.012), 'eval/mean_episode_length': np.float64(1.0), 'eval/std_episode_length': np.float64(0.0), 'eval/eval_time': 0.07177996635437012}
{'training/total_steps': 60000, 'training/updates': 30, 'training/sps': np.float64(6254.41), 'training/walltime': np.float64(13.466), 'training/rollout_time': np.float64(0.318), 'training/update_time': np.float64(0.002), 'training/approx_kl': 0.0, 'training/entropy': 0.0839652270078659, 'training/policy_loss': -0.006011166609823704, 'training/total_loss': -0.0059372116811573505, 'training/value_loss': 0.00014791004650760442}
{'eval/num_episodes': 200, 'eval/num_steps': 200, 'eval/mean_score': np.float64(0.997), 'eval/std_score': np.float64(0.016), 'eval/mean_episode_length': np.float64(1.0), 'eval/std_episode_length': np.float64(0.0), 'eval/eval_time': 0.07645821571350098}
TRAINING END: training duration: 13.542726755142212
{'final_eval/num_episodes': 200, 'final_eval/num_steps': 200, 'final_eval/mean_score': np.float64(1.0), 'final_eval/std_score': np.float64(0.0), 'final_eval/mean_episode_length': np.float64(1.0), 'final_eval/std_episode_length': np.float64(0.0)}
