|param: value|
|experiment_name:  cleanba_ppo|
|seed:  9|
|platform:  cpu|
|write_logs_to_file:  False|
|save_model:  False|
|env_name:  bandit|
|num_envs:  8|
|num_train_levels:  200|
|distribution_mode:  easy|
|arm_means:  (1.0, 0.9)|
|deterministic_rewards:  True|
|eval_env:  True|
|num_eval_episodes:  200|
|eval_every:  1|
|deterministic_eval:  False|
|total_timesteps:  60000|
|learning_rate:  0.00025|
|adam_eps:  1e-05|
|unroll_length:  250|
|anneal_lr:  False|
|gamma:  0.99|
|gae_lambda:  0.95|
|num_minibatches:  4|
|update_epochs:  4|
|normalize_advantages:  True|
|clip_eps:  0.1|
|clip_vloss:  True|
|entropy_cost:  0.0|
|vf_cost:  0.5|
|max_grad_norm:  0.5|
|use_cnn:  False|
|policy_hidden_layer_sizes:  ()|
|value_hidden_layer_sizes:  ()|
|activation:  <jax._src.custom_derivatives.custom_jvp object at 0x102e5dfd0>|
|policy_init_logit_bias:  [1.0, 0.0]|
{'training/total_steps': 2000, 'training/updates': 1, 'training/sps': np.float64(2000.162), 'training/walltime': np.float64(1.0), 'training/rollout_time': np.float64(0.489), 'training/update_time': np.float64(0.511), 'training/approx_kl': 1.7972946807276458e-05, 'training/entropy': 0.5795393586158752, 'training/policy_loss': -0.005946487654000521, 'training/total_loss': 0.08118565380573273, 'training/value_loss': 0.17426428198814392}
{'eval/num_episodes': 200, 'eval/num_steps': 200, 'eval/mean_score': np.float64(0.975), 'eval/std_score': np.float64(0.043), 'eval/mean_episode_length': np.float64(1.0), 'eval/std_episode_length': np.float64(0.0), 'eval/eval_time': 0.07593488693237305}
{'training/total_steps': 4000, 'training/updates': 2, 'training/sps': np.float64(13255.663), 'training/walltime': np.float64(1.227), 'training/rollout_time': np.float64(0.143), 'training/update_time': np.float64(0.008), 'training/approx_kl': 1.775039709173143e-05, 'training/entropy': 0.5763571262359619, 'training/policy_loss': -0.005921433214098215, 'training/total_loss': 0.07898780703544617, 'training/value_loss': 0.16981849074363708}
{'eval/num_episodes': 200, 'eval/num_steps': 200, 'eval/mean_score': np.float64(0.973), 'eval/std_score': np.float64(0.044), 'eval/mean_episode_length': np.float64(1.0), 'eval/std_episode_length': np.float64(0.0), 'eval/eval_time': 0.0777890682220459}
{'training/total_steps': 6000, 'training/updates': 3, 'training/sps': np.float64(13981.712), 'training/walltime': np.float64(1.448), 'training/rollout_time': np.float64(0.135), 'training/update_time': np.float64(0.008), 'training/approx_kl': 1.8423186702420935e-05, 'training/entropy': 0.5731439590454102, 'training/policy_loss': -0.006032583769410849, 'training/total_loss': 0.07619206607341766, 'training/value_loss': 0.1644493043422699}
{'eval/num_episodes': 200, 'eval/num_steps': 200, 'eval/mean_score': np.float64(0.977), 'eval/std_score': np.float64(0.042), 'eval/mean_episode_length': np.float64(1.0), 'eval/std_episode_length': np.float64(0.0), 'eval/eval_time': 0.07505416870117188}
{'training/total_steps': 8000, 'training/updates': 4, 'training/sps': np.float64(13285.264), 'training/walltime': np.float64(1.674), 'training/rollout_time': np.float64(0.143), 'training/update_time': np.float64(0.008), 'training/approx_kl': 1.7703296180116013e-05, 'training/entropy': 0.5699038505554199, 'training/policy_loss': -0.005912658758461475, 'training/total_loss': 0.07455813884735107, 'training/value_loss': 0.16094160079956055}
{'eval/num_episodes': 200, 'eval/num_steps': 200, 'eval/mean_score': np.float64(0.975), 'eval/std_score': np.float64(0.043), 'eval/mean_episode_length': np.float64(1.0), 'eval/std_episode_length': np.float64(0.0), 'eval/eval_time': 0.07549309730529785}
{'training/total_steps': 10000, 'training/updates': 5, 'training/sps': np.float64(13795.873), 'training/walltime': np.float64(1.895), 'training/rollout_time': np.float64(0.136), 'training/update_time': np.float64(0.009), 'training/approx_kl': 1.7121063137892634e-05, 'training/entropy': 0.5666433572769165, 'training/policy_loss': -0.005810168571770191, 'training/total_loss': 0.07273866981267929, 'training/value_loss': 0.15709766745567322}
{'eval/num_episodes': 200, 'eval/num_steps': 200, 'eval/mean_score': np.float64(0.976), 'eval/std_score': np.float64(0.043), 'eval/mean_episode_length': np.float64(1.0), 'eval/std_episode_length': np.float64(0.0), 'eval/eval_time': 0.07798600196838379}
{'training/total_steps': 12000, 'training/updates': 6, 'training/sps': np.float64(12871.333), 'training/walltime': np.float64(2.129), 'training/rollout_time': np.float64(0.145), 'training/update_time': np.float64(0.01), 'training/approx_kl': 1.5845298548811115e-05, 'training/entropy': 0.5633677244186401, 'training/policy_loss': -0.005571646150201559, 'training/total_loss': 0.07140897214412689, 'training/value_loss': 0.15396122634410858}
{'eval/num_episodes': 200, 'eval/num_steps': 200, 'eval/mean_score': np.float64(0.976), 'eval/std_score': np.float64(0.042), 'eval/mean_episode_length': np.float64(1.0), 'eval/std_episode_length': np.float64(0.0), 'eval/eval_time': 0.07991886138916016}
{'training/total_steps': 14000, 'training/updates': 7, 'training/sps': np.float64(12814.528), 'training/walltime': np.float64(2.365), 'training/rollout_time': np.float64(0.148), 'training/update_time': np.float64(0.008), 'training/approx_kl': 1.69014347193297e-05, 'training/entropy': 0.5600661039352417, 'training/policy_loss': -0.005773674696683884, 'training/total_loss': 0.06847377121448517, 'training/value_loss': 0.1484948992729187}
{'eval/num_episodes': 200, 'eval/num_steps': 200, 'eval/mean_score': np.float64(0.975), 'eval/std_score': np.float64(0.043), 'eval/mean_episode_length': np.float64(1.0), 'eval/std_episode_length': np.float64(0.0), 'eval/eval_time': 0.07735013961791992}
{'training/total_steps': 16000, 'training/updates': 8, 'training/sps': np.float64(13328.622), 'training/walltime': np.float64(2.593), 'training/rollout_time': np.float64(0.142), 'training/update_time': np.float64(0.008), 'training/approx_kl': 1.798398807295598e-05, 'training/entropy': 0.5567235946655273, 'training/policy_loss': -0.00596155971288681, 'training/total_loss': 0.06568676233291626, 'training/value_loss': 0.14329665899276733}
{'eval/num_episodes': 200, 'eval/num_steps': 200, 'eval/mean_score': np.float64(0.975), 'eval/std_score': np.float64(0.043), 'eval/mean_episode_length': np.float64(1.0), 'eval/std_episode_length': np.float64(0.0), 'eval/eval_time': 0.07541012763977051}
{'training/total_steps': 18000, 'training/updates': 9, 'training/sps': np.float64(13422.911), 'training/walltime': np.float64(2.817), 'training/rollout_time': np.float64(0.141), 'training/update_time': np.float64(0.008), 'training/approx_kl': 1.6987636627163738e-05, 'training/entropy': 0.5533576607704163, 'training/policy_loss': -0.005768993869423866, 'training/total_loss': 0.06447875499725342, 'training/value_loss': 0.14049550890922546}
{'eval/num_episodes': 200, 'eval/num_steps': 200, 'eval/mean_score': np.float64(0.971), 'eval/std_score': np.float64(0.045), 'eval/mean_episode_length': np.float64(1.0), 'eval/std_episode_length': np.float64(0.0), 'eval/eval_time': 0.07561874389648438}
{'training/total_steps': 20000, 'training/updates': 10, 'training/sps': np.float64(11124.206), 'training/walltime': np.float64(3.073), 'training/rollout_time': np.float64(0.172), 'training/update_time': np.float64(0.008), 'training/approx_kl': 1.7179669157485478e-05, 'training/entropy': 0.5499724745750427, 'training/policy_loss': -0.005824416410177946, 'training/total_loss': 0.06224055588245392, 'training/value_loss': 0.1361299455165863}
{'eval/num_episodes': 200, 'eval/num_steps': 200, 'eval/mean_score': np.float64(0.97), 'eval/std_score': np.float64(0.046), 'eval/mean_episode_length': np.float64(1.0), 'eval/std_episode_length': np.float64(0.0), 'eval/eval_time': 0.07599282264709473}
{'training/total_steps': 22000, 'training/updates': 11, 'training/sps': np.float64(13581.689), 'training/walltime': np.float64(3.297), 'training/rollout_time': np.float64(0.139), 'training/update_time': np.float64(0.008), 'training/approx_kl': 1.699918539088685e-05, 'training/entropy': 0.5465648174285889, 'training/policy_loss': -0.0057863397523760796, 'training/total_loss': 0.06043514236807823, 'training/value_loss': 0.13244295120239258}
{'eval/num_episodes': 200, 'eval/num_steps': 200, 'eval/mean_score': np.float64(0.975), 'eval/std_score': np.float64(0.043), 'eval/mean_episode_length': np.float64(1.0), 'eval/std_episode_length': np.float64(0.0), 'eval/eval_time': 0.09595227241516113}
{'training/total_steps': 24000, 'training/updates': 12, 'training/sps': np.float64(13641.255), 'training/walltime': np.float64(3.539), 'training/rollout_time': np.float64(0.138), 'training/update_time': np.float64(0.008), 'training/approx_kl': 1.7414884496247396e-05, 'training/entropy': 0.5431346297264099, 'training/policy_loss': -0.005852061323821545, 'training/total_loss': 0.058243200182914734, 'training/value_loss': 0.1281905174255371}
{'eval/num_episodes': 200, 'eval/num_steps': 200, 'eval/mean_score': np.float64(0.979), 'eval/std_score': np.float64(0.04), 'eval/mean_episode_length': np.float64(1.0), 'eval/std_episode_length': np.float64(0.0), 'eval/eval_time': 0.07550692558288574}
{'training/total_steps': 26000, 'training/updates': 13, 'training/sps': np.float64(13667.927), 'training/walltime': np.float64(3.762), 'training/rollout_time': np.float64(0.138), 'training/update_time': np.float64(0.008), 'training/approx_kl': 1.6989426512736827e-05, 'training/entropy': 0.5396851897239685, 'training/policy_loss': -0.005756625905632973, 'training/total_loss': 0.056738998740911484, 'training/value_loss': 0.12499125301837921}
{'eval/num_episodes': 200, 'eval/num_steps': 200, 'eval/mean_score': np.float64(0.977), 'eval/std_score': np.float64(0.042), 'eval/mean_episode_length': np.float64(1.0), 'eval/std_episode_length': np.float64(0.0), 'eval/eval_time': 0.07639598846435547}
{'training/total_steps': 28000, 'training/updates': 14, 'training/sps': np.float64(13556.295), 'training/walltime': np.float64(3.986), 'training/rollout_time': np.float64(0.139), 'training/update_time': np.float64(0.008), 'training/approx_kl': 1.6919449990382418e-05, 'training/entropy': 0.5362179279327393, 'training/policy_loss': -0.00578336464241147, 'training/total_loss': 0.054731301963329315, 'training/value_loss': 0.121029332280159}
{'eval/num_episodes': 200, 'eval/num_steps': 200, 'eval/mean_score': np.float64(0.973), 'eval/std_score': np.float64(0.044), 'eval/mean_episode_length': np.float64(1.0), 'eval/std_episode_length': np.float64(0.0), 'eval/eval_time': 0.07790017127990723}
{'training/total_steps': 30000, 'training/updates': 15, 'training/sps': np.float64(13259.267), 'training/walltime': np.float64(4.215), 'training/rollout_time': np.float64(0.142), 'training/update_time': np.float64(0.008), 'training/approx_kl': 1.475121098337695e-05, 'training/entropy': 0.5327460169792175, 'training/policy_loss': -0.00537875248119235, 'training/total_loss': 0.05424175783991814, 'training/value_loss': 0.11924101412296295}
{'eval/num_episodes': 200, 'eval/num_steps': 200, 'eval/mean_score': np.float64(0.975), 'eval/std_score': np.float64(0.043), 'eval/mean_episode_length': np.float64(1.0), 'eval/std_episode_length': np.float64(0.0), 'eval/eval_time': 0.07767891883850098}
{'training/total_steps': 32000, 'training/updates': 16, 'training/sps': np.float64(13283.939), 'training/walltime': np.float64(4.444), 'training/rollout_time': np.float64(0.143), 'training/update_time': np.float64(0.008), 'training/approx_kl': 1.601749681867659e-05, 'training/entropy': 0.5292612314224243, 'training/policy_loss': -0.005628760904073715, 'training/total_loss': 0.05157490074634552, 'training/value_loss': 0.11440732330083847}
{'eval/num_episodes': 200, 'eval/num_steps': 200, 'eval/mean_score': np.float64(0.977), 'eval/std_score': np.float64(0.042), 'eval/mean_episode_length': np.float64(1.0), 'eval/std_episode_length': np.float64(0.0), 'eval/eval_time': 0.07634687423706055}
{'training/total_steps': 34000, 'training/updates': 17, 'training/sps': np.float64(13507.399), 'training/walltime': np.float64(4.668), 'training/rollout_time': np.float64(0.14), 'training/update_time': np.float64(0.008), 'training/approx_kl': 1.600199902895838e-05, 'training/entropy': 0.5257517099380493, 'training/policy_loss': -0.005616136826574802, 'training/total_loss': 0.04989305138587952, 'training/value_loss': 0.11101838201284409}
{'eval/num_episodes': 200, 'eval/num_steps': 200, 'eval/mean_score': np.float64(0.98), 'eval/std_score': np.float64(0.04), 'eval/mean_episode_length': np.float64(1.0), 'eval/std_episode_length': np.float64(0.0), 'eval/eval_time': 0.07418704032897949}
{'training/total_steps': 36000, 'training/updates': 18, 'training/sps': np.float64(13414.089), 'training/walltime': np.float64(4.892), 'training/rollout_time': np.float64(0.141), 'training/update_time': np.float64(0.008), 'training/approx_kl': 1.5137904483708553e-05, 'training/entropy': 0.5222291946411133, 'training/policy_loss': -0.005457213148474693, 'training/total_loss': 0.04862193763256073, 'training/value_loss': 0.10815830528736115}
{'eval/num_episodes': 200, 'eval/num_steps': 200, 'eval/mean_score': np.float64(0.977), 'eval/std_score': np.float64(0.042), 'eval/mean_episode_length': np.float64(1.0), 'eval/std_episode_length': np.float64(0.0), 'eval/eval_time': 0.07583785057067871}
{'training/total_steps': 38000, 'training/updates': 19, 'training/sps': np.float64(13707.458), 'training/walltime': np.float64(5.114), 'training/rollout_time': np.float64(0.138), 'training/update_time': np.float64(0.008), 'training/approx_kl': 1.566280479892157e-05, 'training/entropy': 0.5186929702758789, 'training/policy_loss': -0.005554278381168842, 'training/total_loss': 0.04660744592547417, 'training/value_loss': 0.10432344675064087}
{'eval/num_episodes': 200, 'eval/num_steps': 200, 'eval/mean_score': np.float64(0.979), 'eval/std_score': np.float64(0.041), 'eval/mean_episode_length': np.float64(1.0), 'eval/std_episode_length': np.float64(0.0), 'eval/eval_time': 0.07327723503112793}
{'training/total_steps': 40000, 'training/updates': 20, 'training/sps': np.float64(13315.674), 'training/walltime': np.float64(5.338), 'training/rollout_time': np.float64(0.142), 'training/update_time': np.float64(0.008), 'training/approx_kl': 1.522173079138156e-05, 'training/entropy': 0.5151407122612, 'training/policy_loss': -0.005483496934175491, 'training/total_loss': 0.04515627771615982, 'training/value_loss': 0.10127954185009003}
{'eval/num_episodes': 200, 'eval/num_steps': 200, 'eval/mean_score': np.float64(0.977), 'eval/std_score': np.float64(0.042), 'eval/mean_episode_length': np.float64(1.0), 'eval/std_episode_length': np.float64(0.0), 'eval/eval_time': 0.0792539119720459}
{'training/total_steps': 42000, 'training/updates': 21, 'training/sps': np.float64(8766.039), 'training/walltime': np.float64(5.646), 'training/rollout_time': np.float64(0.22), 'training/update_time': np.float64(0.008), 'training/approx_kl': 1.4740944607183337e-05, 'training/entropy': 0.5115780830383301, 'training/policy_loss': -0.005401491653174162, 'training/total_loss': 0.04371902346611023, 'training/value_loss': 0.09824103116989136}
{'eval/num_episodes': 200, 'eval/num_steps': 200, 'eval/mean_score': np.float64(0.981), 'eval/std_score': np.float64(0.039), 'eval/mean_episode_length': np.float64(1.0), 'eval/std_episode_length': np.float64(0.0), 'eval/eval_time': 0.07766604423522949}
{'training/total_steps': 44000, 'training/updates': 22, 'training/sps': np.float64(13751.095), 'training/walltime': np.float64(5.869), 'training/rollout_time': np.float64(0.137), 'training/update_time': np.float64(0.008), 'training/approx_kl': 1.4887795259710401e-05, 'training/entropy': 0.5080052018165588, 'training/policy_loss': -0.005417879205197096, 'training/total_loss': 0.04207891225814819, 'training/value_loss': 0.09499357640743256}
{'eval/num_episodes': 200, 'eval/num_steps': 200, 'eval/mean_score': np.float64(0.978), 'eval/std_score': np.float64(0.041), 'eval/mean_episode_length': np.float64(1.0), 'eval/std_episode_length': np.float64(0.0), 'eval/eval_time': 0.07520890235900879}
{'training/total_steps': 46000, 'training/updates': 23, 'training/sps': np.float64(13322.229), 'training/walltime': np.float64(6.095), 'training/rollout_time': np.float64(0.142), 'training/update_time': np.float64(0.008), 'training/approx_kl': 1.5721889212727547e-05, 'training/entropy': 0.5044146180152893, 'training/policy_loss': -0.005567832384258509, 'training/total_loss': 0.040092699229717255, 'training/value_loss': 0.09132105857133865}
{'eval/num_episodes': 200, 'eval/num_steps': 200, 'eval/mean_score': np.float64(0.98), 'eval/std_score': np.float64(0.04), 'eval/mean_episode_length': np.float64(1.0), 'eval/std_episode_length': np.float64(0.0), 'eval/eval_time': 0.07601308822631836}
{'training/total_steps': 48000, 'training/updates': 24, 'training/sps': np.float64(10460.915), 'training/walltime': np.float64(6.362), 'training/rollout_time': np.float64(0.183), 'training/update_time': np.float64(0.008), 'training/approx_kl': 1.5314430129365064e-05, 'training/entropy': 0.5008074641227722, 'training/policy_loss': -0.005506523419171572, 'training/total_loss': 0.038789890706539154, 'training/value_loss': 0.08859282732009888}
{'eval/num_episodes': 200, 'eval/num_steps': 200, 'eval/mean_score': np.float64(0.975), 'eval/std_score': np.float64(0.043), 'eval/mean_episode_length': np.float64(1.0), 'eval/std_episode_length': np.float64(0.0), 'eval/eval_time': 0.0762481689453125}
{'training/total_steps': 50000, 'training/updates': 25, 'training/sps': np.float64(13708.757), 'training/walltime': np.float64(6.585), 'training/rollout_time': np.float64(0.138), 'training/update_time': np.float64(0.008), 'training/approx_kl': 1.559922930027824e-05, 'training/entropy': 0.4971907138824463, 'training/policy_loss': -0.005545077379792929, 'training/total_loss': 0.03722523897886276, 'training/value_loss': 0.08554063737392426}
{'eval/num_episodes': 200, 'eval/num_steps': 200, 'eval/mean_score': np.float64(0.984), 'eval/std_score': np.float64(0.037), 'eval/mean_episode_length': np.float64(1.0), 'eval/std_episode_length': np.float64(0.0), 'eval/eval_time': 0.0735940933227539}
{'training/total_steps': 52000, 'training/updates': 26, 'training/sps': np.float64(13743.638), 'training/walltime': np.float64(6.804), 'training/rollout_time': np.float64(0.137), 'training/update_time': np.float64(0.008), 'training/approx_kl': 1.4572784493793733e-05, 'training/entropy': 0.4935680031776428, 'training/policy_loss': -0.005365392193198204, 'training/total_loss': 0.036215826869010925, 'training/value_loss': 0.08316242694854736}
{'eval/num_episodes': 200, 'eval/num_steps': 200, 'eval/mean_score': np.float64(0.981), 'eval/std_score': np.float64(0.039), 'eval/mean_episode_length': np.float64(1.0), 'eval/std_episode_length': np.float64(0.0), 'eval/eval_time': 0.07504606246948242}
{'training/total_steps': 54000, 'training/updates': 27, 'training/sps': np.float64(13449.619), 'training/walltime': np.float64(7.028), 'training/rollout_time': np.float64(0.141), 'training/update_time': np.float64(0.008), 'training/approx_kl': 1.4764532352273818e-05, 'training/entropy': 0.4899407625198364, 'training/policy_loss': -0.005400142632424831, 'training/total_loss': 0.034721508622169495, 'training/value_loss': 0.0802432969212532}
{'eval/num_episodes': 200, 'eval/num_steps': 200, 'eval/mean_score': np.float64(0.982), 'eval/std_score': np.float64(0.038), 'eval/mean_episode_length': np.float64(1.0), 'eval/std_episode_length': np.float64(0.0), 'eval/eval_time': 0.07553911209106445}
{'training/total_steps': 56000, 'training/updates': 28, 'training/sps': np.float64(13538.529), 'training/walltime': np.float64(7.252), 'training/rollout_time': np.float64(0.14), 'training/update_time': np.float64(0.008), 'training/approx_kl': 1.585146128491033e-05, 'training/entropy': 0.486299991607666, 'training/policy_loss': -0.00557939987629652, 'training/total_loss': 0.03289467841386795, 'training/value_loss': 0.07694815844297409}
{'eval/num_episodes': 200, 'eval/num_steps': 200, 'eval/mean_score': np.float64(0.981), 'eval/std_score': np.float64(0.039), 'eval/mean_episode_length': np.float64(1.0), 'eval/std_episode_length': np.float64(0.0), 'eval/eval_time': 0.07590794563293457}
{'training/total_steps': 58000, 'training/updates': 29, 'training/sps': np.float64(13558.858), 'training/walltime': np.float64(7.475), 'training/rollout_time': np.float64(0.139), 'training/update_time': np.float64(0.008), 'training/approx_kl': 1.4396071492228657e-05, 'training/entropy': 0.4826551079750061, 'training/policy_loss': -0.005318033508956432, 'training/total_loss': 0.032252755016088486, 'training/value_loss': 0.07514157891273499}
{'eval/num_episodes': 200, 'eval/num_steps': 200, 'eval/mean_score': np.float64(0.988), 'eval/std_score': np.float64(0.032), 'eval/mean_episode_length': np.float64(1.0), 'eval/std_episode_length': np.float64(0.0), 'eval/eval_time': 0.07587027549743652}
{'training/total_steps': 60000, 'training/updates': 30, 'training/sps': np.float64(13613.472), 'training/walltime': np.float64(7.698), 'training/rollout_time': np.float64(0.139), 'training/update_time': np.float64(0.008), 'training/approx_kl': 1.4680431377200875e-05, 'training/entropy': 0.47901099920272827, 'training/policy_loss': -0.005361833609640598, 'training/total_loss': 0.030791694298386574, 'training/value_loss': 0.0723070576786995}
{'eval/num_episodes': 200, 'eval/num_steps': 200, 'eval/mean_score': np.float64(0.984), 'eval/std_score': np.float64(0.036), 'eval/mean_episode_length': np.float64(1.0), 'eval/std_episode_length': np.float64(0.0), 'eval/eval_time': 0.0758218765258789}
TRAINING END: training duration: 7.774608135223389
{'final_eval/num_episodes': 200, 'final_eval/num_steps': 200, 'final_eval/mean_score': np.float64(1.0), 'final_eval/std_score': np.float64(0.0), 'final_eval/mean_episode_length': np.float64(1.0), 'final_eval/std_episode_length': np.float64(0.0)}
