|param: value|
|experiment_name:  cleanba_ppo|
|seed:  1|
|platform:  cpu|
|write_logs_to_file:  False|
|save_model:  False|
|env_name:  bandit|
|num_envs:  8|
|num_train_levels:  200|
|distribution_mode:  easy|
|arm_means:  (1.0, 0.9)|
|deterministic_rewards:  True|
|eval_env:  True|
|num_eval_episodes:  200|
|eval_every:  1|
|deterministic_eval:  False|
|total_timesteps:  60000|
|learning_rate:  0.00025|
|adam_eps:  1e-05|
|unroll_length:  250|
|anneal_lr:  False|
|gamma:  0.99|
|gae_lambda:  0.95|
|num_minibatches:  4|
|update_epochs:  4|
|normalize_advantages:  True|
|clip_eps:  0.1|
|clip_vloss:  True|
|entropy_cost:  0.0|
|vf_cost:  0.5|
|max_grad_norm:  0.5|
|use_cnn:  False|
|policy_hidden_layer_sizes:  ()|
|value_hidden_layer_sizes:  ()|
|activation:  <jax._src.custom_derivatives.custom_jvp object at 0x106874d90>|
|policy_init_logit_bias:  [4.0, 0.0]|
{'training/total_steps': 2000, 'training/updates': 1, 'training/sps': np.float64(2313.808), 'training/walltime': np.float64(0.864), 'training/rollout_time': np.float64(0.401), 'training/update_time': np.float64(0.463), 'training/approx_kl': 1.6031871155064437e-06, 'training/entropy': 0.08915571868419647, 'training/policy_loss': -0.0017352134454995394, 'training/total_loss': 0.5813026428222656, 'training/value_loss': 1.1660757064819336}
{'eval/num_episodes': 200, 'eval/num_steps': 200, 'eval/mean_score': np.float64(0.998), 'eval/std_score': np.float64(0.012), 'eval/mean_episode_length': np.float64(1.0), 'eval/std_episode_length': np.float64(0.0), 'eval/eval_time': 0.07137489318847656}
{'training/total_steps': 4000, 'training/updates': 2, 'training/sps': np.float64(14210.898), 'training/walltime': np.float64(1.077), 'training/rollout_time': np.float64(0.132), 'training/update_time': np.float64(0.008), 'training/approx_kl': 1.6218061773543013e-06, 'training/entropy': 0.08805309236049652, 'training/policy_loss': -0.001753330579958856, 'training/total_loss': 0.5752292275428772, 'training/value_loss': 1.1539652347564697}
{'eval/num_episodes': 200, 'eval/num_steps': 200, 'eval/mean_score': np.float64(0.998), 'eval/std_score': np.float64(0.014), 'eval/mean_episode_length': np.float64(1.0), 'eval/std_episode_length': np.float64(0.0), 'eval/eval_time': 0.07040596008300781}
{'training/total_steps': 6000, 'training/updates': 3, 'training/sps': np.float64(12759.659), 'training/walltime': np.float64(1.304), 'training/rollout_time': np.float64(0.148), 'training/update_time': np.float64(0.008), 'training/approx_kl': 1.3906137610320002e-06, 'training/entropy': 0.08698056638240814, 'training/policy_loss': -0.0015817233361303806, 'training/total_loss': 0.5694451332092285, 'training/value_loss': 1.1420538425445557}
{'eval/num_episodes': 200, 'eval/num_steps': 200, 'eval/mean_score': np.float64(0.998), 'eval/std_score': np.float64(0.012), 'eval/mean_episode_length': np.float64(1.0), 'eval/std_episode_length': np.float64(0.0), 'eval/eval_time': 0.07452583312988281}
{'training/total_steps': 8000, 'training/updates': 4, 'training/sps': np.float64(14250.175), 'training/walltime': np.float64(1.519), 'training/rollout_time': np.float64(0.132), 'training/update_time': np.float64(0.009), 'training/approx_kl': 1.2166696023996337e-06, 'training/entropy': 0.08593899011611938, 'training/policy_loss': -0.0014920723624527454, 'training/total_loss': 0.5636048316955566, 'training/value_loss': 1.1301937103271484}
{'eval/num_episodes': 200, 'eval/num_steps': 200, 'eval/mean_score': np.float64(0.997), 'eval/std_score': np.float64(0.017), 'eval/mean_episode_length': np.float64(1.0), 'eval/std_episode_length': np.float64(0.0), 'eval/eval_time': 0.07323908805847168}
{'training/total_steps': 10000, 'training/updates': 5, 'training/sps': np.float64(11361.628), 'training/walltime': np.float64(1.769), 'training/rollout_time': np.float64(0.16), 'training/update_time': np.float64(0.016), 'training/approx_kl': 1.4950633158150595e-06, 'training/entropy': 0.08487626910209656, 'training/policy_loss': -0.001663355389609933, 'training/total_loss': 0.5571824312210083, 'training/value_loss': 1.1176915168762207}
{'eval/num_episodes': 200, 'eval/num_steps': 200, 'eval/mean_score': np.float64(0.998), 'eval/std_score': np.float64(0.012), 'eval/mean_episode_length': np.float64(1.0), 'eval/std_episode_length': np.float64(0.0), 'eval/eval_time': 0.09891080856323242}
{'training/total_steps': 12000, 'training/updates': 6, 'training/sps': np.float64(14312.369), 'training/walltime': np.float64(2.008), 'training/rollout_time': np.float64(0.131), 'training/update_time': np.float64(0.008), 'training/approx_kl': 8.165268354787258e-07, 'training/entropy': 0.08388004451990128, 'training/policy_loss': -0.0012771417386829853, 'training/total_loss': 0.552094578742981, 'training/value_loss': 1.1067434549331665}
{'eval/num_episodes': 200, 'eval/num_steps': 200, 'eval/mean_score': np.float64(0.999), 'eval/std_score': np.float64(0.01), 'eval/mean_episode_length': np.float64(1.0), 'eval/std_episode_length': np.float64(0.0), 'eval/eval_time': 0.07168984413146973}
{'training/total_steps': 14000, 'training/updates': 7, 'training/sps': np.float64(14101.274), 'training/walltime': np.float64(2.222), 'training/rollout_time': np.float64(0.133), 'training/update_time': np.float64(0.008), 'training/approx_kl': 1.1690221981552895e-06, 'training/entropy': 0.08289922773838043, 'training/policy_loss': -0.00148785172495991, 'training/total_loss': 0.5456111431121826, 'training/value_loss': 1.0941979885101318}
{'eval/num_episodes': 200, 'eval/num_steps': 200, 'eval/mean_score': np.float64(0.997), 'eval/std_score': np.float64(0.017), 'eval/mean_episode_length': np.float64(1.0), 'eval/std_episode_length': np.float64(0.0), 'eval/eval_time': 0.07119202613830566}
{'training/total_steps': 16000, 'training/updates': 8, 'training/sps': np.float64(13838.066), 'training/walltime': np.float64(2.438), 'training/rollout_time': np.float64(0.132), 'training/update_time': np.float64(0.012), 'training/approx_kl': 2.005283022299409e-06, 'training/entropy': 0.0818239152431488, 'training/policy_loss': -0.0019037553574889898, 'training/total_loss': 0.5389543771743774, 'training/value_loss': 1.0817160606384277}
{'eval/num_episodes': 200, 'eval/num_steps': 200, 'eval/mean_score': np.float64(0.996), 'eval/std_score': np.float64(0.02), 'eval/mean_episode_length': np.float64(1.0), 'eval/std_episode_length': np.float64(0.0), 'eval/eval_time': 0.1428816318511963}
{'training/total_steps': 18000, 'training/updates': 9, 'training/sps': np.float64(14191.041), 'training/walltime': np.float64(2.722), 'training/rollout_time': np.float64(0.133), 'training/update_time': np.float64(0.008), 'training/approx_kl': 2.1021962766099023e-06, 'training/entropy': 0.08070303499698639, 'training/policy_loss': -0.00205366313457489, 'training/total_loss': 0.5330089926719666, 'training/value_loss': 1.0701253414154053}
{'eval/num_episodes': 200, 'eval/num_steps': 200, 'eval/mean_score': np.float64(0.998), 'eval/std_score': np.float64(0.014), 'eval/mean_episode_length': np.float64(1.0), 'eval/std_episode_length': np.float64(0.0), 'eval/eval_time': 0.0733480453491211}
{'training/total_steps': 20000, 'training/updates': 10, 'training/sps': np.float64(14272.481), 'training/walltime': np.float64(2.936), 'training/rollout_time': np.float64(0.132), 'training/update_time': np.float64(0.008), 'training/approx_kl': 1.5245016129483702e-06, 'training/entropy': 0.07964633405208588, 'training/policy_loss': -0.001710680779069662, 'training/total_loss': 0.5278521776199341, 'training/value_loss': 1.0591256618499756}
{'eval/num_episodes': 200, 'eval/num_steps': 200, 'eval/mean_score': np.float64(1.0), 'eval/std_score': np.float64(0.0), 'eval/mean_episode_length': np.float64(1.0), 'eval/std_episode_length': np.float64(0.0), 'eval/eval_time': 0.07253503799438477}
{'training/total_steps': 22000, 'training/updates': 11, 'training/sps': np.float64(14214.727), 'training/walltime': np.float64(3.15), 'training/rollout_time': np.float64(0.131), 'training/update_time': np.float64(0.009), 'training/approx_kl': 1.7162943777293549e-06, 'training/entropy': 0.07862165570259094, 'training/policy_loss': -0.0018352181650698185, 'training/total_loss': 0.5217587947845459, 'training/value_loss': 1.0471879243850708}
{'eval/num_episodes': 200, 'eval/num_steps': 200, 'eval/mean_score': np.float64(0.998), 'eval/std_score': np.float64(0.012), 'eval/mean_episode_length': np.float64(1.0), 'eval/std_episode_length': np.float64(0.0), 'eval/eval_time': 0.07157182693481445}
{'training/total_steps': 24000, 'training/updates': 12, 'training/sps': np.float64(14110.857), 'training/walltime': np.float64(3.363), 'training/rollout_time': np.float64(0.133), 'training/update_time': np.float64(0.008), 'training/approx_kl': 1.687373583081353e-06, 'training/entropy': 0.07758606225252151, 'training/policy_loss': -0.0018167898524552584, 'training/total_loss': 0.5160573124885559, 'training/value_loss': 1.0357482433319092}
{'eval/num_episodes': 200, 'eval/num_steps': 200, 'eval/mean_score': np.float64(0.999), 'eval/std_score': np.float64(0.01), 'eval/mean_episode_length': np.float64(1.0), 'eval/std_episode_length': np.float64(0.0), 'eval/eval_time': 0.0756521224975586}
{'training/total_steps': 26000, 'training/updates': 13, 'training/sps': np.float64(12451.511), 'training/walltime': np.float64(3.6), 'training/rollout_time': np.float64(0.152), 'training/update_time': np.float64(0.008), 'training/approx_kl': 1.0770954759209417e-06, 'training/entropy': 0.0766252875328064, 'training/policy_loss': -0.0014652288518846035, 'training/total_loss': 0.5110099911689758, 'training/value_loss': 1.024950385093689}
{'eval/num_episodes': 200, 'eval/num_steps': 200, 'eval/mean_score': np.float64(0.999), 'eval/std_score': np.float64(0.01), 'eval/mean_episode_length': np.float64(1.0), 'eval/std_episode_length': np.float64(0.0), 'eval/eval_time': 0.07194805145263672}
{'training/total_steps': 28000, 'training/updates': 14, 'training/sps': np.float64(8523.111), 'training/walltime': np.float64(3.907), 'training/rollout_time': np.float64(0.226), 'training/update_time': np.float64(0.008), 'training/approx_kl': 8.940492080000695e-07, 'training/entropy': 0.07573752105236053, 'training/policy_loss': -0.001276850001886487, 'training/total_loss': 0.505497932434082, 'training/value_loss': 1.013549566268921}
{'eval/num_episodes': 200, 'eval/num_steps': 200, 'eval/mean_score': np.float64(0.999), 'eval/std_score': np.float64(0.007), 'eval/mean_episode_length': np.float64(1.0), 'eval/std_episode_length': np.float64(0.0), 'eval/eval_time': 0.09470796585083008}
{'training/total_steps': 30000, 'training/updates': 15, 'training/sps': np.float64(14259.574), 'training/walltime': np.float64(4.142), 'training/rollout_time': np.float64(0.132), 'training/update_time': np.float64(0.008), 'training/approx_kl': 1.2690369430856663e-06, 'training/entropy': 0.07482339441776276, 'training/policy_loss': -0.001598705886863172, 'training/total_loss': 0.49921298027038574, 'training/value_loss': 1.0016233921051025}
{'eval/num_episodes': 200, 'eval/num_steps': 200, 'eval/mean_score': np.float64(0.998), 'eval/std_score': np.float64(0.012), 'eval/mean_episode_length': np.float64(1.0), 'eval/std_episode_length': np.float64(0.0), 'eval/eval_time': 0.07199311256408691}
{'training/total_steps': 32000, 'training/updates': 16, 'training/sps': np.float64(14087.988), 'training/walltime': np.float64(4.357), 'training/rollout_time': np.float64(0.134), 'training/update_time': np.float64(0.008), 'training/approx_kl': 9.225211670127464e-07, 'training/entropy': 0.07392951846122742, 'training/policy_loss': -0.001255907118320465, 'training/total_loss': 0.4942372441291809, 'training/value_loss': 0.9909862279891968}
{'eval/num_episodes': 200, 'eval/num_steps': 200, 'eval/mean_score': np.float64(0.999), 'eval/std_score': np.float64(0.01), 'eval/mean_episode_length': np.float64(1.0), 'eval/std_episode_length': np.float64(0.0), 'eval/eval_time': 0.07149600982666016}
{'training/total_steps': 34000, 'training/updates': 17, 'training/sps': np.float64(10682.097), 'training/walltime': np.float64(4.616), 'training/rollout_time': np.float64(0.171), 'training/update_time': np.float64(0.016), 'training/approx_kl': 1.0982478215737501e-06, 'training/entropy': 0.07306711375713348, 'training/policy_loss': -0.0014070209581404924, 'training/total_loss': 0.48828330636024475, 'training/value_loss': 0.9793806672096252}
{'eval/num_episodes': 200, 'eval/num_steps': 200, 'eval/mean_score': np.float64(0.998), 'eval/std_score': np.float64(0.012), 'eval/mean_episode_length': np.float64(1.0), 'eval/std_episode_length': np.float64(0.0), 'eval/eval_time': 0.07777619361877441}
{'training/total_steps': 36000, 'training/updates': 18, 'training/sps': np.float64(14542.6), 'training/walltime': np.float64(4.832), 'training/rollout_time': np.float64(0.129), 'training/update_time': np.float64(0.008), 'training/approx_kl': 1.030862449624692e-06, 'training/entropy': 0.0721970647573471, 'training/policy_loss': -0.0014024705160409212, 'training/total_loss': 0.48275917768478394, 'training/value_loss': 0.9683233499526978}
{'eval/num_episodes': 200, 'eval/num_steps': 200, 'eval/mean_score': np.float64(0.999), 'eval/std_score': np.float64(0.007), 'eval/mean_episode_length': np.float64(1.0), 'eval/std_episode_length': np.float64(0.0), 'eval/eval_time': 0.07121682167053223}
{'training/total_steps': 38000, 'training/updates': 19, 'training/sps': np.float64(14280.912), 'training/walltime': np.float64(5.043), 'training/rollout_time': np.float64(0.132), 'training/update_time': np.float64(0.009), 'training/approx_kl': 9.957217343981029e-07, 'training/entropy': 0.07132989168167114, 'training/policy_loss': -0.0014180396683514118, 'training/total_loss': 0.4771805703639984, 'training/value_loss': 0.9571971893310547}
{'eval/num_episodes': 200, 'eval/num_steps': 200, 'eval/mean_score': np.float64(0.997), 'eval/std_score': np.float64(0.016), 'eval/mean_episode_length': np.float64(1.0), 'eval/std_episode_length': np.float64(0.0), 'eval/eval_time': 0.0709686279296875}
{'training/total_steps': 40000, 'training/updates': 20, 'training/sps': np.float64(14241.079), 'training/walltime': np.float64(5.255), 'training/rollout_time': np.float64(0.132), 'training/update_time': np.float64(0.008), 'training/approx_kl': 8.088299523478781e-07, 'training/entropy': 0.07049384713172913, 'training/policy_loss': -0.0012644508387893438, 'training/total_loss': 0.4718966484069824, 'training/value_loss': 0.9463221430778503}
{'eval/num_episodes': 200, 'eval/num_steps': 200, 'eval/mean_score': np.float64(0.998), 'eval/std_score': np.float64(0.014), 'eval/mean_episode_length': np.float64(1.0), 'eval/std_episode_length': np.float64(0.0), 'eval/eval_time': 0.07332420349121094}
{'training/total_steps': 42000, 'training/updates': 21, 'training/sps': np.float64(14280.524), 'training/walltime': np.float64(5.468), 'training/rollout_time': np.float64(0.132), 'training/update_time': np.float64(0.008), 'training/approx_kl': 1.0249260640193825e-06, 'training/entropy': 0.0696600079536438, 'training/policy_loss': -0.0014026593416929245, 'training/total_loss': 0.4661251902580261, 'training/value_loss': 0.9350557327270508}
{'eval/num_episodes': 200, 'eval/num_steps': 200, 'eval/mean_score': np.float64(0.999), 'eval/std_score': np.float64(0.01), 'eval/mean_episode_length': np.float64(1.0), 'eval/std_episode_length': np.float64(0.0), 'eval/eval_time': 0.07283401489257812}
{'training/total_steps': 44000, 'training/updates': 22, 'training/sps': np.float64(14328.577), 'training/walltime': np.float64(5.681), 'training/rollout_time': np.float64(0.131), 'training/update_time': np.float64(0.008), 'training/approx_kl': 1.6583614979026606e-06, 'training/entropy': 0.06874926388263702, 'training/policy_loss': -0.0017625284381210804, 'training/total_loss': 0.46003100275993347, 'training/value_loss': 0.9235870838165283}
{'eval/num_episodes': 200, 'eval/num_steps': 200, 'eval/mean_score': np.float64(0.998), 'eval/std_score': np.float64(0.012), 'eval/mean_episode_length': np.float64(1.0), 'eval/std_episode_length': np.float64(0.0), 'eval/eval_time': 0.07319188117980957}
{'training/total_steps': 46000, 'training/updates': 23, 'training/sps': np.float64(14234.047), 'training/walltime': np.float64(5.895), 'training/rollout_time': np.float64(0.132), 'training/update_time': np.float64(0.008), 'training/approx_kl': 8.696406439412385e-07, 'training/entropy': 0.06787239015102386, 'training/policy_loss': -0.0012666134862229228, 'training/total_loss': 0.45560163259506226, 'training/value_loss': 0.9137364625930786}
{'eval/num_episodes': 200, 'eval/num_steps': 200, 'eval/mean_score': np.float64(0.999), 'eval/std_score': np.float64(0.01), 'eval/mean_episode_length': np.float64(1.0), 'eval/std_episode_length': np.float64(0.0), 'eval/eval_time': 0.0709071159362793}
{'training/total_steps': 48000, 'training/updates': 24, 'training/sps': np.float64(11671.886), 'training/walltime': np.float64(6.138), 'training/rollout_time': np.float64(0.163), 'training/update_time': np.float64(0.009), 'training/approx_kl': 1.0325387620468973e-06, 'training/entropy': 0.06706870347261429, 'training/policy_loss': -0.0012713591568171978, 'training/total_loss': 0.45006102323532104, 'training/value_loss': 0.9026647806167603}
{'eval/num_episodes': 200, 'eval/num_steps': 200, 'eval/mean_score': np.float64(0.998), 'eval/std_score': np.float64(0.014), 'eval/mean_episode_length': np.float64(1.0), 'eval/std_episode_length': np.float64(0.0), 'eval/eval_time': 0.0725407600402832}
{'training/total_steps': 50000, 'training/updates': 25, 'training/sps': np.float64(14374.146), 'training/walltime': np.float64(6.35), 'training/rollout_time': np.float64(0.131), 'training/update_time': np.float64(0.008), 'training/approx_kl': 1.1895532452399493e-06, 'training/entropy': 0.06622833013534546, 'training/policy_loss': -0.0015042673330754042, 'training/total_loss': 0.44434136152267456, 'training/value_loss': 0.8916913270950317}
{'eval/num_episodes': 200, 'eval/num_steps': 200, 'eval/mean_score': np.float64(0.998), 'eval/std_score': np.float64(0.014), 'eval/mean_episode_length': np.float64(1.0), 'eval/std_episode_length': np.float64(0.0), 'eval/eval_time': 0.07204604148864746}
{'training/total_steps': 52000, 'training/updates': 26, 'training/sps': np.float64(14634.339), 'training/walltime': np.float64(6.559), 'training/rollout_time': np.float64(0.128), 'training/update_time': np.float64(0.008), 'training/approx_kl': 1.0048654530692147e-06, 'training/entropy': 0.06538662314414978, 'training/policy_loss': -0.001407860079780221, 'training/total_loss': 0.43924272060394287, 'training/value_loss': 0.8813011646270752}
{'eval/num_episodes': 200, 'eval/num_steps': 200, 'eval/mean_score': np.float64(0.999), 'eval/std_score': np.float64(0.007), 'eval/mean_episode_length': np.float64(1.0), 'eval/std_episode_length': np.float64(0.0), 'eval/eval_time': 0.07074999809265137}
{'training/total_steps': 54000, 'training/updates': 27, 'training/sps': np.float64(13987.587), 'training/walltime': np.float64(6.773), 'training/rollout_time': np.float64(0.135), 'training/update_time': np.float64(0.008), 'training/approx_kl': 3.8956852677074494e-07, 'training/entropy': 0.06465010344982147, 'training/policy_loss': -0.0008879626402631402, 'training/total_loss': 0.43476033210754395, 'training/value_loss': 0.8712965250015259}
{'eval/num_episodes': 200, 'eval/num_steps': 200, 'eval/mean_score': np.float64(0.999), 'eval/std_score': np.float64(0.007), 'eval/mean_episode_length': np.float64(1.0), 'eval/std_episode_length': np.float64(0.0), 'eval/eval_time': 0.07114911079406738}
{'training/total_steps': 56000, 'training/updates': 28, 'training/sps': np.float64(14168.51), 'training/walltime': np.float64(6.985), 'training/rollout_time': np.float64(0.133), 'training/update_time': np.float64(0.008), 'training/approx_kl': 7.517110134358518e-07, 'training/entropy': 0.06392829120159149, 'training/policy_loss': -0.0011815160978585482, 'training/total_loss': 0.4288904666900635, 'training/value_loss': 0.8601438999176025}
{'eval/num_episodes': 200, 'eval/num_steps': 200, 'eval/mean_score': np.float64(0.999), 'eval/std_score': np.float64(0.01), 'eval/mean_episode_length': np.float64(1.0), 'eval/std_episode_length': np.float64(0.0), 'eval/eval_time': 0.07155299186706543}
{'training/total_steps': 58000, 'training/updates': 29, 'training/sps': np.float64(13957.797), 'training/walltime': np.float64(7.2), 'training/rollout_time': np.float64(0.135), 'training/update_time': np.float64(0.008), 'training/approx_kl': 1.0313392522220965e-06, 'training/entropy': 0.06314235925674438, 'training/policy_loss': -0.0014191039372235537, 'training/total_loss': 0.4233557879924774, 'training/value_loss': 0.8495497703552246}
{'eval/num_episodes': 200, 'eval/num_steps': 200, 'eval/mean_score': np.float64(0.997), 'eval/std_score': np.float64(0.016), 'eval/mean_episode_length': np.float64(1.0), 'eval/std_episode_length': np.float64(0.0), 'eval/eval_time': 0.07207703590393066}
{'training/total_steps': 60000, 'training/updates': 30, 'training/sps': np.float64(13873.861), 'training/walltime': np.float64(7.417), 'training/rollout_time': np.float64(0.136), 'training/update_time': np.float64(0.008), 'training/approx_kl': 1.1483729167593992e-06, 'training/entropy': 0.062338680028915405, 'training/policy_loss': -0.0014716156292706728, 'training/total_loss': 0.4181387424468994, 'training/value_loss': 0.8392207026481628}
{'eval/num_episodes': 200, 'eval/num_steps': 200, 'eval/mean_score': np.float64(0.998), 'eval/std_score': np.float64(0.014), 'eval/mean_episode_length': np.float64(1.0), 'eval/std_episode_length': np.float64(0.0), 'eval/eval_time': 0.07531070709228516}
TRAINING END: training duration: 7.492612838745117
{'final_eval/num_episodes': 200, 'final_eval/num_steps': 200, 'final_eval/mean_score': np.float64(1.0), 'final_eval/std_score': np.float64(0.0), 'final_eval/mean_episode_length': np.float64(1.0), 'final_eval/std_episode_length': np.float64(0.0)}
