|param: value|
|experiment_name:  pc_reinforce|
|seed:  1|
|write_logs_to_file:  False|
|save_model:  False|
|env_name:  bandit|
|num_envs:  8|
|num_train_levels:  200|
|distribution_mode:  easy|
|arm_means:  (1.0, 0.9)|
|deterministic_rewards:  True|
|eval_env:  True|
|num_eval_episodes:  200|
|eval_every:  1|
|total_timesteps:  60000|
|unroll_length:  250|
|learning_rate:  0.01|
|target_scale:  1.0|
|pc_steps_per_update:  1|
|max_t1:  20|
|width:  32|
|depth:  2|
|act_fn:  relu|
|policy_init_logit_bias:  [4.0, 0.0]|
|use_cnn:  False|
|policy_hidden_layer_sizes:  ()|
|value_hidden_layer_sizes:  ()|
|anneal_lr:  False|
|entropy_cost:  0.0|
|deterministic_eval:  False|
|gamma:  0.99|
{'training/total_steps': 2000, 'training/updates': 1, 'training/walltime': np.float64(1.551), 'training/update_time': np.float64(1.551), 'training/pc_loss': 0.00014939891116227955, 'training/mean_reward': 0.998400092124939, 'training/mean_advantage_abs': 0.0031487117521464825}
{'eval/num_episodes': 200, 'eval/mean_score': np.float64(0.9985), 'eval/std_score': np.float64(0.0122), 'eval/mean_episode_length': np.float64(1.0)}
{'training/total_steps': 4000, 'training/updates': 2, 'training/walltime': np.float64(1.825), 'training/update_time': np.float64(0.104), 'training/pc_loss': 0.00014136717072688043, 'training/mean_reward': 0.9985000491142273, 'training/mean_advantage_abs': 0.002954952884465456}
{'eval/num_episodes': 200, 'eval/mean_score': np.float64(0.999), 'eval/std_score': np.float64(0.0099), 'eval/mean_episode_length': np.float64(1.0)}
{'training/total_steps': 6000, 'training/updates': 3, 'training/walltime': np.float64(1.931), 'training/update_time': np.float64(0.105), 'training/pc_loss': 0.00019220111425966024, 'training/mean_reward': 0.9979501366615295, 'training/mean_advantage_abs': 0.004015819635242224}
{'eval/num_episodes': 200, 'eval/mean_score': np.float64(0.999), 'eval/std_score': np.float64(0.0099), 'eval/mean_episode_length': np.float64(1.0)}
{'training/total_steps': 8000, 'training/updates': 4, 'training/walltime': np.float64(2.035), 'training/update_time': np.float64(0.103), 'training/pc_loss': 0.00010566550918156281, 'training/mean_reward': 0.9989001154899597, 'training/mean_advantage_abs': 0.0021756873466074467}
{'eval/num_episodes': 200, 'eval/mean_score': np.float64(1.0), 'eval/std_score': np.float64(0.0), 'eval/mean_episode_length': np.float64(1.0)}
{'training/total_steps': 10000, 'training/updates': 5, 'training/walltime': np.float64(2.144), 'training/update_time': np.float64(0.109), 'training/pc_loss': 6.325873982859775e-05, 'training/mean_reward': 0.9993500709533691, 'training/mean_advantage_abs': 0.0012914801482111216}
{'eval/num_episodes': 200, 'eval/mean_score': np.float64(0.9995), 'eval/std_score': np.float64(0.0071), 'eval/mean_episode_length': np.float64(1.0)}
{'training/total_steps': 12000, 'training/updates': 6, 'training/walltime': np.float64(2.329), 'training/update_time': np.float64(0.184), 'training/pc_loss': 4.410700421431102e-05, 'training/mean_reward': 0.9995501041412354, 'training/mean_advantage_abs': 0.0008958469261415303}
{'eval/num_episodes': 200, 'eval/mean_score': np.float64(1.0), 'eval/std_score': np.float64(0.0), 'eval/mean_episode_length': np.float64(1.0)}
{'training/total_steps': 14000, 'training/updates': 7, 'training/walltime': np.float64(2.496), 'training/update_time': np.float64(0.165), 'training/pc_loss': 4.907531547360122e-05, 'training/mean_reward': 0.9995000958442688, 'training/mean_advantage_abs': 0.0009949052473530173}
{'eval/num_episodes': 200, 'eval/mean_score': np.float64(1.0), 'eval/std_score': np.float64(0.0), 'eval/mean_episode_length': np.float64(1.0)}
{'training/total_steps': 16000, 'training/updates': 8, 'training/walltime': np.float64(2.639), 'training/update_time': np.float64(0.143), 'training/pc_loss': 4.429542605066672e-05, 'training/mean_reward': 0.9995501041412354, 'training/mean_advantage_abs': 0.0008958469261415303}
{'eval/num_episodes': 200, 'eval/mean_score': np.float64(0.9985), 'eval/std_score': np.float64(0.0122), 'eval/mean_episode_length': np.float64(1.0)}
{'training/total_steps': 18000, 'training/updates': 9, 'training/walltime': np.float64(2.752), 'training/update_time': np.float64(0.111), 'training/pc_loss': 5.411068559624255e-05, 'training/mean_reward': 0.999450147151947, 'training/mean_advantage_abs': 0.0010938046034425497}
{'eval/num_episodes': 200, 'eval/mean_score': np.float64(1.0), 'eval/std_score': np.float64(0.0), 'eval/mean_episode_length': np.float64(1.0)}
{'training/total_steps': 20000, 'training/updates': 10, 'training/walltime': np.float64(2.866), 'training/update_time': np.float64(0.113), 'training/pc_loss': 1.983897527679801e-05, 'training/mean_reward': 0.9998000860214233, 'training/mean_advantage_abs': 0.0003991143894381821}
{'eval/num_episodes': 200, 'eval/mean_score': np.float64(1.0), 'eval/std_score': np.float64(0.0), 'eval/mean_episode_length': np.float64(1.0)}
{'training/total_steps': 22000, 'training/updates': 11, 'training/walltime': np.float64(3.079), 'training/update_time': np.float64(0.212), 'training/pc_loss': 2.479631257301662e-05, 'training/mean_reward': 0.999750018119812, 'training/mean_advantage_abs': 0.0004987320280633867}
{'eval/num_episodes': 200, 'eval/mean_score': np.float64(1.0), 'eval/std_score': np.float64(0.0), 'eval/mean_episode_length': np.float64(1.0)}
{'training/total_steps': 24000, 'training/updates': 12, 'training/walltime': np.float64(3.192), 'training/update_time': np.float64(0.113), 'training/pc_loss': 4.9826903705252334e-06, 'training/mean_reward': 0.9999500513076782, 'training/mean_advantage_abs': 9.989875979954377e-05}
{'eval/num_episodes': 200, 'eval/mean_score': np.float64(1.0), 'eval/std_score': np.float64(0.0), 'eval/mean_episode_length': np.float64(1.0)}
{'training/total_steps': 26000, 'training/updates': 13, 'training/walltime': np.float64(3.299), 'training/update_time': np.float64(0.106), 'training/pc_loss': 0.0, 'training/mean_reward': 1.0, 'training/mean_advantage_abs': 0.0}
{'eval/num_episodes': 200, 'eval/mean_score': np.float64(1.0), 'eval/std_score': np.float64(0.0), 'eval/mean_episode_length': np.float64(1.0)}
{'training/total_steps': 28000, 'training/updates': 14, 'training/walltime': np.float64(3.421), 'training/update_time': np.float64(0.121), 'training/pc_loss': 4.9871841838466935e-06, 'training/mean_reward': 0.9999500513076782, 'training/mean_advantage_abs': 9.989875979954377e-05}
{'eval/num_episodes': 200, 'eval/mean_score': np.float64(1.0), 'eval/std_score': np.float64(0.0), 'eval/mean_episode_length': np.float64(1.0)}
{'training/total_steps': 30000, 'training/updates': 15, 'training/walltime': np.float64(3.542), 'training/update_time': np.float64(0.119), 'training/pc_loss': 1.989481461350806e-05, 'training/mean_reward': 0.9998000860214233, 'training/mean_advantage_abs': 0.0003991143894381821}
{'eval/num_episodes': 200, 'eval/mean_score': np.float64(1.0), 'eval/std_score': np.float64(0.0), 'eval/mean_episode_length': np.float64(1.0)}
{'training/total_steps': 32000, 'training/updates': 16, 'training/walltime': np.float64(3.654), 'training/update_time': np.float64(0.111), 'training/pc_loss': 4.98988083563745e-06, 'training/mean_reward': 0.9999500513076782, 'training/mean_advantage_abs': 9.989875979954377e-05}
{'eval/num_episodes': 200, 'eval/mean_score': np.float64(1.0), 'eval/std_score': np.float64(0.0), 'eval/mean_episode_length': np.float64(1.0)}
{'training/total_steps': 34000, 'training/updates': 17, 'training/walltime': np.float64(3.796), 'training/update_time': np.float64(0.142), 'training/pc_loss': 0.0, 'training/mean_reward': 1.0, 'training/mean_advantage_abs': 0.0}
{'eval/num_episodes': 200, 'eval/mean_score': np.float64(1.0), 'eval/std_score': np.float64(0.0), 'eval/mean_episode_length': np.float64(1.0)}
{'training/total_steps': 36000, 'training/updates': 18, 'training/walltime': np.float64(3.902), 'training/update_time': np.float64(0.105), 'training/pc_loss': 0.0, 'training/mean_reward': 1.0, 'training/mean_advantage_abs': 0.0}
{'eval/num_episodes': 200, 'eval/mean_score': np.float64(1.0), 'eval/std_score': np.float64(0.0), 'eval/mean_episode_length': np.float64(1.0)}
{'training/total_steps': 38000, 'training/updates': 19, 'training/walltime': np.float64(4.006), 'training/update_time': np.float64(0.103), 'training/pc_loss': 0.0, 'training/mean_reward': 1.0, 'training/mean_advantage_abs': 0.0}
{'eval/num_episodes': 200, 'eval/mean_score': np.float64(1.0), 'eval/std_score': np.float64(0.0), 'eval/mean_episode_length': np.float64(1.0)}
{'training/total_steps': 40000, 'training/updates': 20, 'training/walltime': np.float64(4.115), 'training/update_time': np.float64(0.109), 'training/pc_loss': 0.0, 'training/mean_reward': 1.0, 'training/mean_advantage_abs': 0.0}
{'eval/num_episodes': 200, 'eval/mean_score': np.float64(1.0), 'eval/std_score': np.float64(0.0), 'eval/mean_episode_length': np.float64(1.0)}
{'training/total_steps': 42000, 'training/updates': 21, 'training/walltime': np.float64(4.233), 'training/update_time': np.float64(0.118), 'training/pc_loss': 0.0, 'training/mean_reward': 1.0, 'training/mean_advantage_abs': 0.0}
{'eval/num_episodes': 200, 'eval/mean_score': np.float64(1.0), 'eval/std_score': np.float64(0.0), 'eval/mean_episode_length': np.float64(1.0)}
{'training/total_steps': 44000, 'training/updates': 22, 'training/walltime': np.float64(4.35), 'training/update_time': np.float64(0.115), 'training/pc_loss': 0.0, 'training/mean_reward': 1.0, 'training/mean_advantage_abs': 0.0}
{'eval/num_episodes': 200, 'eval/mean_score': np.float64(1.0), 'eval/std_score': np.float64(0.0), 'eval/mean_episode_length': np.float64(1.0)}
{'training/total_steps': 46000, 'training/updates': 23, 'training/walltime': np.float64(4.458), 'training/update_time': np.float64(0.108), 'training/pc_loss': 0.0, 'training/mean_reward': 1.0, 'training/mean_advantage_abs': 0.0}
{'eval/num_episodes': 200, 'eval/mean_score': np.float64(1.0), 'eval/std_score': np.float64(0.0), 'eval/mean_episode_length': np.float64(1.0)}
{'training/total_steps': 48000, 'training/updates': 24, 'training/walltime': np.float64(4.565), 'training/update_time': np.float64(0.105), 'training/pc_loss': 0.0, 'training/mean_reward': 1.0, 'training/mean_advantage_abs': 0.0}
{'eval/num_episodes': 200, 'eval/mean_score': np.float64(1.0), 'eval/std_score': np.float64(0.0), 'eval/mean_episode_length': np.float64(1.0)}
{'training/total_steps': 50000, 'training/updates': 25, 'training/walltime': np.float64(4.675), 'training/update_time': np.float64(0.11), 'training/pc_loss': 0.0, 'training/mean_reward': 1.0, 'training/mean_advantage_abs': 0.0}
{'eval/num_episodes': 200, 'eval/mean_score': np.float64(1.0), 'eval/std_score': np.float64(0.0), 'eval/mean_episode_length': np.float64(1.0)}
{'training/total_steps': 52000, 'training/updates': 26, 'training/walltime': np.float64(4.783), 'training/update_time': np.float64(0.107), 'training/pc_loss': 0.0, 'training/mean_reward': 1.0, 'training/mean_advantage_abs': 0.0}
{'eval/num_episodes': 200, 'eval/mean_score': np.float64(1.0), 'eval/std_score': np.float64(0.0), 'eval/mean_episode_length': np.float64(1.0)}
{'training/total_steps': 54000, 'training/updates': 27, 'training/walltime': np.float64(4.891), 'training/update_time': np.float64(0.106), 'training/pc_loss': 9.977844456443563e-06, 'training/mean_reward': 0.9999000430107117, 'training/mean_advantage_abs': 0.00019975710893049836}
{'eval/num_episodes': 200, 'eval/mean_score': np.float64(1.0), 'eval/std_score': np.float64(0.0), 'eval/mean_episode_length': np.float64(1.0)}
{'training/total_steps': 56000, 'training/updates': 28, 'training/walltime': np.float64(4.998), 'training/update_time': np.float64(0.107), 'training/pc_loss': 0.0, 'training/mean_reward': 1.0, 'training/mean_advantage_abs': 0.0}
{'eval/num_episodes': 200, 'eval/mean_score': np.float64(1.0), 'eval/std_score': np.float64(0.0), 'eval/mean_episode_length': np.float64(1.0)}
{'training/total_steps': 58000, 'training/updates': 29, 'training/walltime': np.float64(5.106), 'training/update_time': np.float64(0.103), 'training/pc_loss': 4.994114988221554e-06, 'training/mean_reward': 0.9999500513076782, 'training/mean_advantage_abs': 9.989875979954377e-05}
{'eval/num_episodes': 200, 'eval/mean_score': np.float64(1.0), 'eval/std_score': np.float64(0.0), 'eval/mean_episode_length': np.float64(1.0)}
{'training/total_steps': 60000, 'training/updates': 30, 'training/walltime': np.float64(5.212), 'training/update_time': np.float64(0.105), 'training/pc_loss': 0.0, 'training/mean_reward': 1.0, 'training/mean_advantage_abs': 0.0}
{'eval/num_episodes': 200, 'eval/mean_score': np.float64(1.0), 'eval/std_score': np.float64(0.0), 'eval/mean_episode_length': np.float64(1.0)}
TRAINING END: training duration: 5.2128050327301025
