|param: value|
|experiment_name:  reinforce_procgen|
|seed:  8|
|platform:  cpu|
|write_logs_to_file:  False|
|save_model:  False|
|env_name:  bandit|
|num_envs:  1|
|num_train_levels:  200|
|distribution_mode:  easy|
|arm_means:  (1.0, 0.9)|
|deterministic_rewards:  True|
|eval_env:  True|
|num_eval_episodes:  200|
|eval_every:  1|
|deterministic_eval:  False|
|normalize_observations:  True|
|total_timesteps:  60000|
|learning_rate:  0.5|
|optimizer:  sgd|
|unroll_length:  2048|
|anneal_lr:  False|
|gamma:  0.99|
|batch_size:  1|
|num_minibatches:  1|
|update_epochs:  1|
|entropy_cost:  0.0|
|max_grad_norm:  0.5|
|reward_scaling:  1.0|
|use_cnn:  False|
|policy_hidden_layer_sizes:  ()|
|value_hidden_layer_sizes:  ()|
|activation:  <jax._src.custom_derivatives.custom_jvp object at 0x107f59110>|
|policy_init_logit_bias:  [0.0, 1.0]|
{'training/total_steps': 2000, 'training/updates': 1, 'training/sps': np.float64(2068.956), 'training/walltime': np.float64(0.967), 'training/rollout_time': np.float64(0.407), 'training/update_time': np.float64(0.56), 'training/approx_kl': 0.0, 'training/entropy': 0.5822030305862427, 'training/policy_loss': 0.9628273248672485, 'training/total_loss': 2.2920961380004883, 'training/value_loss': 2.6585376262664795}
{'eval/num_episodes': 200, 'eval/num_steps': 200, 'eval/mean_score': np.float64(0.926), 'eval/std_score': np.float64(0.044), 'eval/mean_episode_length': np.float64(1.0), 'eval/std_episode_length': np.float64(0.0), 'eval/eval_time': 0.06990385055541992}
{'training/total_steps': 4000, 'training/updates': 2, 'training/sps': np.float64(6356.186), 'training/walltime': np.float64(1.352), 'training/rollout_time': np.float64(0.313), 'training/update_time': np.float64(0.002), 'training/approx_kl': 0.0, 'training/entropy': 0.5833861827850342, 'training/policy_loss': 0.7739238739013672, 'training/total_loss': 1.5909620523452759, 'training/value_loss': 1.6340762376785278}
{'eval/num_episodes': 200, 'eval/num_steps': 200, 'eval/mean_score': np.float64(0.927), 'eval/std_score': np.float64(0.044), 'eval/mean_episode_length': np.float64(1.0), 'eval/std_episode_length': np.float64(0.0), 'eval/eval_time': 0.07002711296081543}
{'training/total_steps': 6000, 'training/updates': 3, 'training/sps': np.float64(6301.737), 'training/walltime': np.float64(1.739), 'training/rollout_time': np.float64(0.316), 'training/update_time': np.float64(0.002), 'training/approx_kl': 0.0, 'training/entropy': 0.5864952802658081, 'training/policy_loss': 0.5649592876434326, 'training/total_loss': 0.9929896593093872, 'training/value_loss': 0.8560606837272644}
{'eval/num_episodes': 200, 'eval/num_steps': 200, 'eval/mean_score': np.float64(0.929), 'eval/std_score': np.float64(0.045), 'eval/mean_episode_length': np.float64(1.0), 'eval/std_episode_length': np.float64(0.0), 'eval/eval_time': 0.07102394104003906}
{'training/total_steps': 8000, 'training/updates': 4, 'training/sps': np.float64(5938.825), 'training/walltime': np.float64(2.148), 'training/rollout_time': np.float64(0.335), 'training/update_time': np.float64(0.001), 'training/approx_kl': 0.0, 'training/entropy': 0.5899620652198792, 'training/policy_loss': 0.3719934821128845, 'training/total_loss': 0.5373696088790894, 'training/value_loss': 0.33075231313705444}
{'eval/num_episodes': 200, 'eval/num_steps': 200, 'eval/mean_score': np.float64(0.929), 'eval/std_score': np.float64(0.045), 'eval/mean_episode_length': np.float64(1.0), 'eval/std_episode_length': np.float64(0.0), 'eval/eval_time': 0.07054328918457031}
{'training/total_steps': 10000, 'training/updates': 5, 'training/sps': np.float64(6353.033), 'training/walltime': np.float64(2.533), 'training/rollout_time': np.float64(0.313), 'training/update_time': np.float64(0.001), 'training/approx_kl': 9.815395429768614e-08, 'training/entropy': 0.5981636047363281, 'training/policy_loss': 0.15235158801078796, 'training/total_loss': 0.17764291167259216, 'training/value_loss': 0.050582658499479294}
{'eval/num_episodes': 200, 'eval/num_steps': 200, 'eval/mean_score': np.float64(0.923), 'eval/std_score': np.float64(0.042), 'eval/mean_episode_length': np.float64(1.0), 'eval/std_episode_length': np.float64(0.0), 'eval/eval_time': 0.07023000717163086}
{'training/total_steps': 12000, 'training/updates': 6, 'training/sps': np.float64(5528.314), 'training/walltime': np.float64(2.966), 'training/rollout_time': np.float64(0.36), 'training/update_time': np.float64(0.002), 'training/approx_kl': 0.0, 'training/entropy': 0.606444239616394, 'training/policy_loss': 0.017404885962605476, 'training/total_loss': 0.01842721924185753, 'training/value_loss': 0.002044666325673461}
{'eval/num_episodes': 200, 'eval/num_steps': 200, 'eval/mean_score': np.float64(0.923), 'eval/std_score': np.float64(0.042), 'eval/mean_episode_length': np.float64(1.0), 'eval/std_episode_length': np.float64(0.0), 'eval/eval_time': 0.0736699104309082}
{'training/total_steps': 14000, 'training/updates': 7, 'training/sps': np.float64(6324.891), 'training/walltime': np.float64(3.356), 'training/rollout_time': np.float64(0.315), 'training/update_time': np.float64(0.001), 'training/approx_kl': 0.0, 'training/entropy': 0.6137436032295227, 'training/policy_loss': 0.019087255001068115, 'training/total_loss': 0.020156314596533775, 'training/value_loss': 0.0021381182596087456}
{'eval/num_episodes': 200, 'eval/num_steps': 200, 'eval/mean_score': np.float64(0.939), 'eval/std_score': np.float64(0.049), 'eval/mean_episode_length': np.float64(1.0), 'eval/std_episode_length': np.float64(0.0), 'eval/eval_time': 0.07177495956420898}
{'training/total_steps': 16000, 'training/updates': 8, 'training/sps': np.float64(6296.123), 'training/walltime': np.float64(3.746), 'training/rollout_time': np.float64(0.316), 'training/update_time': np.float64(0.002), 'training/approx_kl': 0.0, 'training/entropy': 0.621109127998352, 'training/policy_loss': 0.01787492446601391, 'training/total_loss': 0.018963586539030075, 'training/value_loss': 0.0021773234475404024}
{'eval/num_episodes': 200, 'eval/num_steps': 200, 'eval/mean_score': np.float64(0.934), 'eval/std_score': np.float64(0.047), 'eval/mean_episode_length': np.float64(1.0), 'eval/std_episode_length': np.float64(0.0), 'eval/eval_time': 0.07247686386108398}
{'training/total_steps': 18000, 'training/updates': 9, 'training/sps': np.float64(6028.278), 'training/walltime': np.float64(4.15), 'training/rollout_time': np.float64(0.33), 'training/update_time': np.float64(0.002), 'training/approx_kl': 0.0, 'training/entropy': 0.6283371448516846, 'training/policy_loss': 0.015759047120809555, 'training/total_loss': 0.01683804765343666, 'training/value_loss': 0.0021580010652542114}
{'eval/num_episodes': 200, 'eval/num_steps': 200, 'eval/mean_score': np.float64(0.931), 'eval/std_score': np.float64(0.046), 'eval/mean_episode_length': np.float64(1.0), 'eval/std_episode_length': np.float64(0.0), 'eval/eval_time': 0.0720829963684082}
{'training/total_steps': 20000, 'training/updates': 10, 'training/sps': np.float64(6355.584), 'training/walltime': np.float64(4.538), 'training/rollout_time': np.float64(0.313), 'training/update_time': np.float64(0.001), 'training/approx_kl': 0.0, 'training/entropy': 0.6352024078369141, 'training/policy_loss': 0.015713388100266457, 'training/total_loss': 0.016804289072752, 'training/value_loss': 0.002181801712140441}
{'eval/num_episodes': 200, 'eval/num_steps': 200, 'eval/mean_score': np.float64(0.932), 'eval/std_score': np.float64(0.047), 'eval/mean_episode_length': np.float64(1.0), 'eval/std_episode_length': np.float64(0.0), 'eval/eval_time': 0.07096099853515625}
{'training/total_steps': 22000, 'training/updates': 11, 'training/sps': np.float64(5949.688), 'training/walltime': np.float64(4.945), 'training/rollout_time': np.float64(0.335), 'training/update_time': np.float64(0.001), 'training/approx_kl': 0.0, 'training/entropy': 0.6418195962905884, 'training/policy_loss': 0.016469938680529594, 'training/total_loss': 0.017604360356926918, 'training/value_loss': 0.0022688438184559345}
{'eval/num_episodes': 200, 'eval/num_steps': 200, 'eval/mean_score': np.float64(0.937), 'eval/std_score': np.float64(0.048), 'eval/mean_episode_length': np.float64(1.0), 'eval/std_episode_length': np.float64(0.0), 'eval/eval_time': 0.0709230899810791}
{'training/total_steps': 24000, 'training/updates': 12, 'training/sps': np.float64(6405.185), 'training/walltime': np.float64(5.329), 'training/rollout_time': np.float64(0.311), 'training/update_time': np.float64(0.001), 'training/approx_kl': 0.0, 'training/entropy': 0.6483314037322998, 'training/policy_loss': 0.014657133258879185, 'training/total_loss': 0.015803184360265732, 'training/value_loss': 0.002292101038619876}
{'eval/num_episodes': 200, 'eval/num_steps': 200, 'eval/mean_score': np.float64(0.941), 'eval/std_score': np.float64(0.049), 'eval/mean_episode_length': np.float64(1.0), 'eval/std_episode_length': np.float64(0.0), 'eval/eval_time': 0.06954789161682129}
{'training/total_steps': 26000, 'training/updates': 13, 'training/sps': np.float64(6467.412), 'training/walltime': np.float64(5.708), 'training/rollout_time': np.float64(0.308), 'training/update_time': np.float64(0.001), 'training/approx_kl': -8.147955554704822e-08, 'training/entropy': 0.6545335054397583, 'training/policy_loss': 0.013925613835453987, 'training/total_loss': 0.015087829902768135, 'training/value_loss': 0.0023244330659508705}
{'eval/num_episodes': 200, 'eval/num_steps': 200, 'eval/mean_score': np.float64(0.938), 'eval/std_score': np.float64(0.049), 'eval/mean_episode_length': np.float64(1.0), 'eval/std_episode_length': np.float64(0.0), 'eval/eval_time': 0.0716850757598877}
{'training/total_steps': 28000, 'training/updates': 14, 'training/sps': np.float64(5948.469), 'training/walltime': np.float64(6.116), 'training/rollout_time': np.float64(0.335), 'training/update_time': np.float64(0.002), 'training/approx_kl': 0.0, 'training/entropy': 0.6604048013687134, 'training/policy_loss': 0.012129801325500011, 'training/total_loss': 0.013292022049427032, 'training/value_loss': 0.002324441447854042}
{'eval/num_episodes': 200, 'eval/num_steps': 200, 'eval/mean_score': np.float64(0.935), 'eval/std_score': np.float64(0.048), 'eval/mean_episode_length': np.float64(1.0), 'eval/std_episode_length': np.float64(0.0), 'eval/eval_time': 0.07326793670654297}
{'training/total_steps': 30000, 'training/updates': 15, 'training/sps': np.float64(6047.901), 'training/walltime': np.float64(6.52), 'training/rollout_time': np.float64(0.329), 'training/update_time': np.float64(0.002), 'training/approx_kl': 0.0, 'training/entropy': 0.6658396124839783, 'training/policy_loss': 0.01297577191144228, 'training/total_loss': 0.014171116054058075, 'training/value_loss': 0.0023906889837235212}
{'eval/num_episodes': 200, 'eval/num_steps': 200, 'eval/mean_score': np.float64(0.94), 'eval/std_score': np.float64(0.049), 'eval/mean_episode_length': np.float64(1.0), 'eval/std_episode_length': np.float64(0.0), 'eval/eval_time': 0.07650899887084961}
{'training/total_steps': 32000, 'training/updates': 16, 'training/sps': np.float64(5657.214), 'training/walltime': np.float64(6.951), 'training/rollout_time': np.float64(0.352), 'training/update_time': np.float64(0.002), 'training/approx_kl': 0.0, 'training/entropy': 0.6709461808204651, 'training/policy_loss': 0.01020061131566763, 'training/total_loss': 0.011393368244171143, 'training/value_loss': 0.0023855138570070267}
{'eval/num_episodes': 200, 'eval/num_steps': 200, 'eval/mean_score': np.float64(0.942), 'eval/std_score': np.float64(0.049), 'eval/mean_episode_length': np.float64(1.0), 'eval/std_episode_length': np.float64(0.0), 'eval/eval_time': 0.07171797752380371}
{'training/total_steps': 34000, 'training/updates': 17, 'training/sps': np.float64(4740.561), 'training/walltime': np.float64(7.445), 'training/rollout_time': np.float64(0.42), 'training/update_time': np.float64(0.001), 'training/approx_kl': 0.0, 'training/entropy': 0.6755561232566833, 'training/policy_loss': 0.009930765256285667, 'training/total_loss': 0.01113636139780283, 'training/value_loss': 0.0024111918173730373}
{'eval/num_episodes': 200, 'eval/num_steps': 200, 'eval/mean_score': np.float64(0.94), 'eval/std_score': np.float64(0.049), 'eval/mean_episode_length': np.float64(1.0), 'eval/std_episode_length': np.float64(0.0), 'eval/eval_time': 0.07617902755737305}
{'training/total_steps': 36000, 'training/updates': 18, 'training/sps': np.float64(5793.806), 'training/walltime': np.float64(7.867), 'training/rollout_time': np.float64(0.344), 'training/update_time': np.float64(0.002), 'training/approx_kl': 0.0, 'training/entropy': 0.6796932816505432, 'training/policy_loss': 0.008107044734060764, 'training/total_loss': 0.00931381992995739, 'training/value_loss': 0.0024135506246238947}
{'eval/num_episodes': 200, 'eval/num_steps': 200, 'eval/mean_score': np.float64(0.948), 'eval/std_score': np.float64(0.05), 'eval/mean_episode_length': np.float64(1.0), 'eval/std_episode_length': np.float64(0.0), 'eval/eval_time': 0.07533597946166992}
{'training/total_steps': 38000, 'training/updates': 19, 'training/sps': np.float64(4554.501), 'training/walltime': np.float64(8.382), 'training/rollout_time': np.float64(0.438), 'training/update_time': np.float64(0.002), 'training/approx_kl': 0.0, 'training/entropy': 0.6833020448684692, 'training/policy_loss': 0.0077915433794260025, 'training/total_loss': 0.009010854177176952, 'training/value_loss': 0.0024386218283325434}
{'eval/num_episodes': 200, 'eval/num_steps': 200, 'eval/mean_score': np.float64(0.94), 'eval/std_score': np.float64(0.049), 'eval/mean_episode_length': np.float64(1.0), 'eval/std_episode_length': np.float64(0.0), 'eval/eval_time': 0.07426190376281738}
{'training/total_steps': 40000, 'training/updates': 20, 'training/sps': np.float64(3380.085), 'training/walltime': np.float64(9.048), 'training/rollout_time': np.float64(0.59), 'training/update_time': np.float64(0.002), 'training/approx_kl': 0.0, 'training/entropy': 0.6863880753517151, 'training/policy_loss': 0.007338204886764288, 'training/total_loss': 0.008574889041483402, 'training/value_loss': 0.0024733685422688723}
{'eval/num_episodes': 200, 'eval/num_steps': 200, 'eval/mean_score': np.float64(0.952), 'eval/std_score': np.float64(0.05), 'eval/mean_episode_length': np.float64(1.0), 'eval/std_episode_length': np.float64(0.0), 'eval/eval_time': 0.08011388778686523}
{'training/total_steps': 42000, 'training/updates': 21, 'training/sps': np.float64(5727.654), 'training/walltime': np.float64(9.478), 'training/rollout_time': np.float64(0.344), 'training/update_time': np.float64(0.005), 'training/approx_kl': 0.0, 'training/entropy': 0.6889349222183228, 'training/policy_loss': 0.005035643931478262, 'training/total_loss': 0.006273637991398573, 'training/value_loss': 0.0024759885855019093}
{'eval/num_episodes': 200, 'eval/num_steps': 200, 'eval/mean_score': np.float64(0.945), 'eval/std_score': np.float64(0.05), 'eval/mean_episode_length': np.float64(1.0), 'eval/std_episode_length': np.float64(0.0), 'eval/eval_time': 0.07883596420288086}
{'training/total_steps': 44000, 'training/updates': 22, 'training/sps': np.float64(4559.162), 'training/walltime': np.float64(9.995), 'training/rollout_time': np.float64(0.437), 'training/update_time': np.float64(0.002), 'training/approx_kl': 0.0, 'training/entropy': 0.6908926367759705, 'training/policy_loss': 0.004732481669634581, 'training/total_loss': 0.0059801312163472176, 'training/value_loss': 0.002495299559086561}
{'eval/num_episodes': 200, 'eval/num_steps': 200, 'eval/mean_score': np.float64(0.945), 'eval/std_score': np.float64(0.05), 'eval/mean_episode_length': np.float64(1.0), 'eval/std_episode_length': np.float64(0.0), 'eval/eval_time': 0.08101511001586914}
{'training/total_steps': 46000, 'training/updates': 23, 'training/sps': np.float64(5611.297), 'training/walltime': np.float64(10.433), 'training/rollout_time': np.float64(0.355), 'training/update_time': np.float64(0.002), 'training/approx_kl': 0.0, 'training/entropy': 0.6922531723976135, 'training/policy_loss': 0.0022472133859992027, 'training/total_loss': 0.003493452677503228, 'training/value_loss': 0.0024924788158386946}
{'eval/num_episodes': 200, 'eval/num_steps': 200, 'eval/mean_score': np.float64(0.946), 'eval/std_score': np.float64(0.05), 'eval/mean_episode_length': np.float64(1.0), 'eval/std_episode_length': np.float64(0.0), 'eval/eval_time': 0.07940101623535156}
{'training/total_steps': 48000, 'training/updates': 24, 'training/sps': np.float64(5078.065), 'training/walltime': np.float64(10.907), 'training/rollout_time': np.float64(0.392), 'training/update_time': np.float64(0.002), 'training/approx_kl': 0.0, 'training/entropy': 0.6929964423179626, 'training/policy_loss': 0.0032963508274406195, 'training/total_loss': 0.004552195314317942, 'training/value_loss': 0.002511688508093357}
{'eval/num_episodes': 200, 'eval/num_steps': 200, 'eval/mean_score': np.float64(0.955), 'eval/std_score': np.float64(0.05), 'eval/mean_episode_length': np.float64(1.0), 'eval/std_episode_length': np.float64(0.0), 'eval/eval_time': 0.08029890060424805}
{'training/total_steps': 50000, 'training/updates': 25, 'training/sps': np.float64(5911.742), 'training/walltime': np.float64(11.326), 'training/rollout_time': np.float64(0.337), 'training/update_time': np.float64(0.002), 'training/approx_kl': 0.0, 'training/entropy': 0.6931177377700806, 'training/policy_loss': -0.0005913557833991945, 'training/total_loss': 0.0006585887167602777, 'training/value_loss': 0.0024998891167342663}
{'eval/num_episodes': 200, 'eval/num_steps': 200, 'eval/mean_score': np.float64(0.952), 'eval/std_score': np.float64(0.05), 'eval/mean_episode_length': np.float64(1.0), 'eval/std_episode_length': np.float64(0.0), 'eval/eval_time': 0.08246707916259766}
{'training/total_steps': 52000, 'training/updates': 26, 'training/sps': np.float64(6115.719), 'training/walltime': np.float64(11.736), 'training/rollout_time': np.float64(0.326), 'training/update_time': np.float64(0.001), 'training/approx_kl': 0.0, 'training/entropy': 0.6926136612892151, 'training/policy_loss': -0.0019107831176370382, 'training/total_loss': -0.0006607038085348904, 'training/value_loss': 0.0025001587346196175}
{'eval/num_episodes': 200, 'eval/num_steps': 200, 'eval/mean_score': np.float64(0.953), 'eval/std_score': np.float64(0.05), 'eval/mean_episode_length': np.float64(1.0), 'eval/std_episode_length': np.float64(0.0), 'eval/eval_time': 0.07918000221252441}
{'training/total_steps': 54000, 'training/updates': 27, 'training/sps': np.float64(5428.736), 'training/walltime': np.float64(12.184), 'training/rollout_time': np.float64(0.367), 'training/update_time': np.float64(0.002), 'training/approx_kl': 0.0, 'training/entropy': 0.6914864778518677, 'training/policy_loss': -0.0013549579307436943, 'training/total_loss': -0.00010506849503144622, 'training/value_loss': 0.0024997787550091743}
{'eval/num_episodes': 200, 'eval/num_steps': 200, 'eval/mean_score': np.float64(0.958), 'eval/std_score': np.float64(0.049), 'eval/mean_episode_length': np.float64(1.0), 'eval/std_episode_length': np.float64(0.0), 'eval/eval_time': 0.07966208457946777}
{'training/total_steps': 56000, 'training/updates': 28, 'training/sps': np.float64(5723.723), 'training/walltime': np.float64(12.613), 'training/rollout_time': np.float64(0.348), 'training/update_time': np.float64(0.002), 'training/approx_kl': 0.0, 'training/entropy': 0.6897468566894531, 'training/policy_loss': -0.003631899831816554, 'training/total_loss': -0.00238600536249578, 'training/value_loss': 0.002491788938641548}
{'eval/num_episodes': 200, 'eval/num_steps': 200, 'eval/mean_score': np.float64(0.957), 'eval/std_score': np.float64(0.049), 'eval/mean_episode_length': np.float64(1.0), 'eval/std_episode_length': np.float64(0.0), 'eval/eval_time': 0.07507729530334473}
{'training/total_steps': 58000, 'training/updates': 29, 'training/sps': np.float64(5491.113), 'training/walltime': np.float64(13.053), 'training/rollout_time': np.float64(0.363), 'training/update_time': np.float64(0.001), 'training/approx_kl': 0.0, 'training/entropy': 0.6874008774757385, 'training/policy_loss': -0.0034880510065704584, 'training/total_loss': -0.002250219229608774, 'training/value_loss': 0.002475663786754012}
{'eval/num_episodes': 200, 'eval/num_steps': 200, 'eval/mean_score': np.float64(0.953), 'eval/std_score': np.float64(0.05), 'eval/mean_episode_length': np.float64(1.0), 'eval/std_episode_length': np.float64(0.0), 'eval/eval_time': 0.07970190048217773}
{'training/total_steps': 60000, 'training/updates': 30, 'training/sps': np.float64(6023.534), 'training/walltime': np.float64(13.465), 'training/rollout_time': np.float64(0.331), 'training/update_time': np.float64(0.002), 'training/approx_kl': 0.0, 'training/entropy': 0.6844839453697205, 'training/policy_loss': -0.006061609368771315, 'training/total_loss': -0.004830928985029459, 'training/value_loss': 0.002461361000314355}
{'eval/num_episodes': 200, 'eval/num_steps': 200, 'eval/mean_score': np.float64(0.957), 'eval/std_score': np.float64(0.049), 'eval/mean_episode_length': np.float64(1.0), 'eval/std_episode_length': np.float64(0.0), 'eval/eval_time': 0.07761168479919434}
TRAINING END: training duration: 13.543232917785645
{'final_eval/num_episodes': 200, 'final_eval/num_steps': 200, 'final_eval/mean_score': np.float64(1.0), 'final_eval/std_score': np.float64(0.0), 'final_eval/mean_episode_length': np.float64(1.0), 'final_eval/std_episode_length': np.float64(0.0)}
