|param: value|
|experiment_name:  cleanba_ppo|
|seed:  8|
|platform:  cpu|
|write_logs_to_file:  False|
|save_model:  False|
|env_name:  bandit|
|num_envs:  8|
|num_train_levels:  200|
|distribution_mode:  easy|
|arm_means:  (1.0, 0.9)|
|deterministic_rewards:  True|
|eval_env:  True|
|num_eval_episodes:  200|
|eval_every:  1|
|deterministic_eval:  False|
|total_timesteps:  60000|
|learning_rate:  0.00025|
|adam_eps:  1e-05|
|unroll_length:  250|
|anneal_lr:  False|
|gamma:  0.99|
|gae_lambda:  0.95|
|num_minibatches:  4|
|update_epochs:  4|
|normalize_advantages:  True|
|clip_eps:  0.1|
|clip_vloss:  True|
|entropy_cost:  0.0|
|vf_cost:  0.5|
|max_grad_norm:  0.5|
|use_cnn:  False|
|policy_hidden_layer_sizes:  ()|
|value_hidden_layer_sizes:  ()|
|activation:  <jax._src.custom_derivatives.custom_jvp object at 0x10d06a310>|
|policy_init_logit_bias:  [0.0, 0.0]|
{'training/total_steps': 2000, 'training/updates': 1, 'training/sps': np.float64(2188.967), 'training/walltime': np.float64(0.914), 'training/rollout_time': np.float64(0.417), 'training/update_time': np.float64(0.496), 'training/approx_kl': 2.2923260985407978e-05, 'training/entropy': 0.6931242942810059, 'training/policy_loss': -0.006735233590006828, 'training/total_loss': 1.0458424091339111, 'training/value_loss': 2.1051549911499023}
{'eval/num_episodes': 200, 'eval/num_steps': 200, 'eval/mean_score': np.float64(0.954), 'eval/std_score': np.float64(0.05), 'eval/mean_episode_length': np.float64(1.0), 'eval/std_episode_length': np.float64(0.0), 'eval/eval_time': 0.07437491416931152}
{'training/total_steps': 4000, 'training/updates': 2, 'training/sps': np.float64(13219.441), 'training/walltime': np.float64(1.14), 'training/rollout_time': np.float64(0.143), 'training/update_time': np.float64(0.008), 'training/approx_kl': 2.2938818801776506e-05, 'training/entropy': 0.6930384039878845, 'training/policy_loss': -0.006735730916261673, 'training/total_loss': 1.0394420623779297, 'training/value_loss': 2.092355489730835}
{'eval/num_episodes': 200, 'eval/num_steps': 200, 'eval/mean_score': np.float64(0.943), 'eval/std_score': np.float64(0.05), 'eval/mean_episode_length': np.float64(1.0), 'eval/std_episode_length': np.float64(0.0), 'eval/eval_time': 0.07576489448547363}
{'training/total_steps': 6000, 'training/updates': 3, 'training/sps': np.float64(13818.485), 'training/walltime': np.float64(1.361), 'training/rollout_time': np.float64(0.137), 'training/update_time': np.float64(0.008), 'training/approx_kl': 2.2979589630267583e-05, 'training/entropy': 0.6928881406784058, 'training/policy_loss': -0.006739105097949505, 'training/total_loss': 1.030669927597046, 'training/value_loss': 2.0748181343078613}
{'eval/num_episodes': 200, 'eval/num_steps': 200, 'eval/mean_score': np.float64(0.949), 'eval/std_score': np.float64(0.05), 'eval/mean_episode_length': np.float64(1.0), 'eval/std_episode_length': np.float64(0.0), 'eval/eval_time': 0.07600593566894531}
{'training/total_steps': 8000, 'training/updates': 4, 'training/sps': np.float64(13527.482), 'training/walltime': np.float64(1.585), 'training/rollout_time': np.float64(0.14), 'training/update_time': np.float64(0.008), 'training/approx_kl': 2.3083270207280293e-05, 'training/entropy': 0.6926733255386353, 'training/policy_loss': -0.006760454270988703, 'training/total_loss': 1.0210105180740356, 'training/value_loss': 2.0555419921875}
{'eval/num_episodes': 200, 'eval/num_steps': 200, 'eval/mean_score': np.float64(0.955), 'eval/std_score': np.float64(0.05), 'eval/mean_episode_length': np.float64(1.0), 'eval/std_episode_length': np.float64(0.0), 'eval/eval_time': 0.07346296310424805}
{'training/total_steps': 10000, 'training/updates': 5, 'training/sps': np.float64(13384.66), 'training/walltime': np.float64(1.808), 'training/rollout_time': np.float64(0.141), 'training/update_time': np.float64(0.008), 'training/approx_kl': 2.3187578335637227e-05, 'training/entropy': 0.692393958568573, 'training/policy_loss': -0.006777071859687567, 'training/total_loss': 1.0127695798873901, 'training/value_loss': 2.039093494415283}
{'eval/num_episodes': 200, 'eval/num_steps': 200, 'eval/mean_score': np.float64(0.955), 'eval/std_score': np.float64(0.05), 'eval/mean_episode_length': np.float64(1.0), 'eval/std_episode_length': np.float64(0.0), 'eval/eval_time': 0.07456493377685547}
{'training/total_steps': 12000, 'training/updates': 6, 'training/sps': np.float64(13835.35), 'training/walltime': np.float64(2.027), 'training/rollout_time': np.float64(0.137), 'training/update_time': np.float64(0.008), 'training/approx_kl': 2.321934880455956e-05, 'training/entropy': 0.692050039768219, 'training/policy_loss': -0.006784248165786266, 'training/total_loss': 1.0053794384002686, 'training/value_loss': 2.024327516555786}
{'eval/num_episodes': 200, 'eval/num_steps': 200, 'eval/mean_score': np.float64(0.954), 'eval/std_score': np.float64(0.05), 'eval/mean_episode_length': np.float64(1.0), 'eval/std_episode_length': np.float64(0.0), 'eval/eval_time': 0.08582115173339844}
{'training/total_steps': 14000, 'training/updates': 7, 'training/sps': np.float64(13548.675), 'training/walltime': np.float64(2.261), 'training/rollout_time': np.float64(0.139), 'training/update_time': np.float64(0.009), 'training/approx_kl': 2.326282992726192e-05, 'training/entropy': 0.6916411519050598, 'training/policy_loss': -0.006790156941860914, 'training/total_loss': 0.9977709650993347, 'training/value_loss': 2.009122371673584}
{'eval/num_episodes': 200, 'eval/num_steps': 200, 'eval/mean_score': np.float64(0.957), 'eval/std_score': np.float64(0.05), 'eval/mean_episode_length': np.float64(1.0), 'eval/std_episode_length': np.float64(0.0), 'eval/eval_time': 0.07602310180664062}
{'training/total_steps': 16000, 'training/updates': 8, 'training/sps': np.float64(13154.02), 'training/walltime': np.float64(2.49), 'training/rollout_time': np.float64(0.144), 'training/update_time': np.float64(0.008), 'training/approx_kl': 2.306738679180853e-05, 'training/entropy': 0.6911680102348328, 'training/policy_loss': -0.006760098971426487, 'training/total_loss': 0.9932188987731934, 'training/value_loss': 1.9999580383300781}
{'eval/num_episodes': 200, 'eval/num_steps': 200, 'eval/mean_score': np.float64(0.953), 'eval/std_score': np.float64(0.05), 'eval/mean_episode_length': np.float64(1.0), 'eval/std_episode_length': np.float64(0.0), 'eval/eval_time': 0.07396507263183594}
{'training/total_steps': 18000, 'training/updates': 9, 'training/sps': np.float64(14230.836), 'training/walltime': np.float64(2.705), 'training/rollout_time': np.float64(0.133), 'training/update_time': np.float64(0.008), 'training/approx_kl': 2.321025931451004e-05, 'training/entropy': 0.6906304359436035, 'training/policy_loss': -0.006787465885281563, 'training/total_loss': 0.9836499691009521, 'training/value_loss': 1.9808748960494995}
{'eval/num_episodes': 200, 'eval/num_steps': 200, 'eval/mean_score': np.float64(0.953), 'eval/std_score': np.float64(0.05), 'eval/mean_episode_length': np.float64(1.0), 'eval/std_episode_length': np.float64(0.0), 'eval/eval_time': 0.0780341625213623}
{'training/total_steps': 20000, 'training/updates': 10, 'training/sps': np.float64(13666.257), 'training/walltime': np.float64(2.929), 'training/rollout_time': np.float64(0.138), 'training/update_time': np.float64(0.008), 'training/approx_kl': 2.339878847124055e-05, 'training/entropy': 0.6900273561477661, 'training/policy_loss': -0.0068052527494728565, 'training/total_loss': 0.9747884273529053, 'training/value_loss': 1.963187336921692}
{'eval/num_episodes': 200, 'eval/num_steps': 200, 'eval/mean_score': np.float64(0.959), 'eval/std_score': np.float64(0.049), 'eval/mean_episode_length': np.float64(1.0), 'eval/std_episode_length': np.float64(0.0), 'eval/eval_time': 0.07326602935791016}
{'training/total_steps': 22000, 'training/updates': 11, 'training/sps': np.float64(13966.697), 'training/walltime': np.float64(3.146), 'training/rollout_time': np.float64(0.135), 'training/update_time': np.float64(0.008), 'training/approx_kl': 2.2974702005740255e-05, 'training/entropy': 0.6893607378005981, 'training/policy_loss': -0.006750117056071758, 'training/total_loss': 0.9713568687438965, 'training/value_loss': 1.9562139511108398}
{'eval/num_episodes': 200, 'eval/num_steps': 200, 'eval/mean_score': np.float64(0.953), 'eval/std_score': np.float64(0.05), 'eval/mean_episode_length': np.float64(1.0), 'eval/std_episode_length': np.float64(0.0), 'eval/eval_time': 0.07730579376220703}
{'training/total_steps': 24000, 'training/updates': 12, 'training/sps': np.float64(13557.872), 'training/walltime': np.float64(3.371), 'training/rollout_time': np.float64(0.14), 'training/update_time': np.float64(0.008), 'training/approx_kl': 2.3324908397626132e-05, 'training/entropy': 0.6886300444602966, 'training/policy_loss': -0.006802080664783716, 'training/total_loss': 0.960210919380188, 'training/value_loss': 1.9340261220932007}
{'eval/num_episodes': 200, 'eval/num_steps': 200, 'eval/mean_score': np.float64(0.956), 'eval/std_score': np.float64(0.05), 'eval/mean_episode_length': np.float64(1.0), 'eval/std_episode_length': np.float64(0.0), 'eval/eval_time': 0.07481002807617188}
{'training/total_steps': 26000, 'training/updates': 13, 'training/sps': np.float64(13588.883), 'training/walltime': np.float64(3.594), 'training/rollout_time': np.float64(0.138), 'training/update_time': np.float64(0.01), 'training/approx_kl': 2.298745675943792e-05, 'training/entropy': 0.6878348588943481, 'training/policy_loss': -0.006750133354216814, 'training/total_loss': 0.9561719298362732, 'training/value_loss': 1.9258440732955933}
{'eval/num_episodes': 200, 'eval/num_steps': 200, 'eval/mean_score': np.float64(0.955), 'eval/std_score': np.float64(0.05), 'eval/mean_episode_length': np.float64(1.0), 'eval/std_episode_length': np.float64(0.0), 'eval/eval_time': 0.07535123825073242}
{'training/total_steps': 28000, 'training/updates': 14, 'training/sps': np.float64(13756.485), 'training/walltime': np.float64(3.815), 'training/rollout_time': np.float64(0.137), 'training/update_time': np.float64(0.008), 'training/approx_kl': 2.3490489184041508e-05, 'training/entropy': 0.6869753003120422, 'training/policy_loss': -0.0068038771860301495, 'training/total_loss': 0.9448787569999695, 'training/value_loss': 1.903365135192871}
{'eval/num_episodes': 200, 'eval/num_steps': 200, 'eval/mean_score': np.float64(0.953), 'eval/std_score': np.float64(0.05), 'eval/mean_episode_length': np.float64(1.0), 'eval/std_episode_length': np.float64(0.0), 'eval/eval_time': 0.07436919212341309}
{'training/total_steps': 30000, 'training/updates': 15, 'training/sps': np.float64(13327.817), 'training/walltime': np.float64(4.039), 'training/rollout_time': np.float64(0.142), 'training/update_time': np.float64(0.008), 'training/approx_kl': 2.357325138291344e-05, 'training/entropy': 0.6860489845275879, 'training/policy_loss': -0.0068272859789431095, 'training/total_loss': 0.9374706149101257, 'training/value_loss': 1.8885958194732666}
{'eval/num_episodes': 200, 'eval/num_steps': 200, 'eval/mean_score': np.float64(0.96), 'eval/std_score': np.float64(0.049), 'eval/mean_episode_length': np.float64(1.0), 'eval/std_episode_length': np.float64(0.0), 'eval/eval_time': 0.07511711120605469}
{'training/total_steps': 32000, 'training/updates': 16, 'training/sps': np.float64(13657.134), 'training/walltime': np.float64(4.261), 'training/rollout_time': np.float64(0.138), 'training/update_time': np.float64(0.008), 'training/approx_kl': 2.2987962438492104e-05, 'training/entropy': 0.6850611567497253, 'training/policy_loss': -0.006732575595378876, 'training/total_loss': 0.9337276220321655, 'training/value_loss': 1.88092041015625}
{'eval/num_episodes': 200, 'eval/num_steps': 200, 'eval/mean_score': np.float64(0.957), 'eval/std_score': np.float64(0.049), 'eval/mean_episode_length': np.float64(1.0), 'eval/std_episode_length': np.float64(0.0), 'eval/eval_time': 0.0739450454711914}
{'training/total_steps': 34000, 'training/updates': 17, 'training/sps': np.float64(13457.343), 'training/walltime': np.float64(4.484), 'training/rollout_time': np.float64(0.141), 'training/update_time': np.float64(0.008), 'training/approx_kl': 2.2803218598710373e-05, 'training/entropy': 0.6840137243270874, 'training/policy_loss': -0.006713055074214935, 'training/total_loss': 0.9268705248832703, 'training/value_loss': 1.8671672344207764}
{'eval/num_episodes': 200, 'eval/num_steps': 200, 'eval/mean_score': np.float64(0.958), 'eval/std_score': np.float64(0.049), 'eval/mean_episode_length': np.float64(1.0), 'eval/std_episode_length': np.float64(0.0), 'eval/eval_time': 0.07526230812072754}
{'training/total_steps': 36000, 'training/updates': 18, 'training/sps': np.float64(13879.715), 'training/walltime': np.float64(4.704), 'training/rollout_time': np.float64(0.136), 'training/update_time': np.float64(0.008), 'training/approx_kl': 2.3202002921607345e-05, 'training/entropy': 0.6829013824462891, 'training/policy_loss': -0.006772417575120926, 'training/total_loss': 0.9170953035354614, 'training/value_loss': 1.8477356433868408}
{'eval/num_episodes': 200, 'eval/num_steps': 200, 'eval/mean_score': np.float64(0.965), 'eval/std_score': np.float64(0.048), 'eval/mean_episode_length': np.float64(1.0), 'eval/std_episode_length': np.float64(0.0), 'eval/eval_time': 0.0761411190032959}
{'training/total_steps': 38000, 'training/updates': 19, 'training/sps': np.float64(13884.263), 'training/walltime': np.float64(4.924), 'training/rollout_time': np.float64(0.136), 'training/update_time': np.float64(0.008), 'training/approx_kl': 2.3165197490016e-05, 'training/entropy': 0.6817245483398438, 'training/policy_loss': -0.00677777174860239, 'training/total_loss': 0.9104369878768921, 'training/value_loss': 1.8344295024871826}
{'eval/num_episodes': 200, 'eval/num_steps': 200, 'eval/mean_score': np.float64(0.957), 'eval/std_score': np.float64(0.049), 'eval/mean_episode_length': np.float64(1.0), 'eval/std_episode_length': np.float64(0.0), 'eval/eval_time': 0.07423090934753418}
{'training/total_steps': 40000, 'training/updates': 20, 'training/sps': np.float64(9815.026), 'training/walltime': np.float64(5.203), 'training/rollout_time': np.float64(0.195), 'training/update_time': np.float64(0.009), 'training/approx_kl': 2.3406983018503524e-05, 'training/entropy': 0.6804834008216858, 'training/policy_loss': -0.0068093216978013515, 'training/total_loss': 0.9019322395324707, 'training/value_loss': 1.8174830675125122}
{'eval/num_episodes': 200, 'eval/num_steps': 200, 'eval/mean_score': np.float64(0.954), 'eval/std_score': np.float64(0.05), 'eval/mean_episode_length': np.float64(1.0), 'eval/std_episode_length': np.float64(0.0), 'eval/eval_time': 0.07629990577697754}
{'training/total_steps': 42000, 'training/updates': 21, 'training/sps': np.float64(14143.665), 'training/walltime': np.float64(5.421), 'training/rollout_time': np.float64(0.133), 'training/update_time': np.float64(0.008), 'training/approx_kl': 2.355945252929814e-05, 'training/entropy': 0.6791777014732361, 'training/policy_loss': -0.0068175457417964935, 'training/total_loss': 0.8942095041275024, 'training/value_loss': 1.8020541667938232}
{'eval/num_episodes': 200, 'eval/num_steps': 200, 'eval/mean_score': np.float64(0.961), 'eval/std_score': np.float64(0.049), 'eval/mean_episode_length': np.float64(1.0), 'eval/std_episode_length': np.float64(0.0), 'eval/eval_time': 0.0764920711517334}
{'training/total_steps': 44000, 'training/updates': 22, 'training/sps': np.float64(13892.472), 'training/walltime': np.float64(5.641), 'training/rollout_time': np.float64(0.136), 'training/update_time': np.float64(0.008), 'training/approx_kl': 2.3220600269269198e-05, 'training/entropy': 0.6778106689453125, 'training/policy_loss': -0.00677311047911644, 'training/total_loss': 0.888596773147583, 'training/value_loss': 1.7907397747039795}
{'eval/num_episodes': 200, 'eval/num_steps': 200, 'eval/mean_score': np.float64(0.961), 'eval/std_score': np.float64(0.049), 'eval/mean_episode_length': np.float64(1.0), 'eval/std_episode_length': np.float64(0.0), 'eval/eval_time': 0.07741689682006836}
{'training/total_steps': 46000, 'training/updates': 23, 'training/sps': np.float64(13777.338), 'training/walltime': np.float64(5.864), 'training/rollout_time': np.float64(0.137), 'training/update_time': np.float64(0.008), 'training/approx_kl': 2.304655390616972e-05, 'training/entropy': 0.6763849854469299, 'training/policy_loss': -0.00676011573523283, 'training/total_loss': 0.8818386793136597, 'training/value_loss': 1.7771975994110107}
{'eval/num_episodes': 200, 'eval/num_steps': 200, 'eval/mean_score': np.float64(0.961), 'eval/std_score': np.float64(0.049), 'eval/mean_episode_length': np.float64(1.0), 'eval/std_episode_length': np.float64(0.0), 'eval/eval_time': 0.07460403442382812}
{'training/total_steps': 48000, 'training/updates': 24, 'training/sps': np.float64(10324.301), 'training/walltime': np.float64(6.133), 'training/rollout_time': np.float64(0.186), 'training/update_time': np.float64(0.008), 'training/approx_kl': 2.28156459343154e-05, 'training/entropy': 0.6749005317687988, 'training/policy_loss': -0.0067284926772117615, 'training/total_loss': 0.8753547668457031, 'training/value_loss': 1.7641665935516357}
{'eval/num_episodes': 200, 'eval/num_steps': 200, 'eval/mean_score': np.float64(0.952), 'eval/std_score': np.float64(0.05), 'eval/mean_episode_length': np.float64(1.0), 'eval/std_episode_length': np.float64(0.0), 'eval/eval_time': 0.07309293746948242}
{'training/total_steps': 50000, 'training/updates': 25, 'training/sps': np.float64(13643.851), 'training/walltime': np.float64(6.353), 'training/rollout_time': np.float64(0.138), 'training/update_time': np.float64(0.008), 'training/approx_kl': 2.3117214368539862e-05, 'training/entropy': 0.673354983329773, 'training/policy_loss': -0.006763335317373276, 'training/total_loss': 0.866879940032959, 'training/value_loss': 1.7472865581512451}
{'eval/num_episodes': 200, 'eval/num_steps': 200, 'eval/mean_score': np.float64(0.961), 'eval/std_score': np.float64(0.049), 'eval/mean_episode_length': np.float64(1.0), 'eval/std_episode_length': np.float64(0.0), 'eval/eval_time': 0.07674980163574219}
{'training/total_steps': 52000, 'training/updates': 26, 'training/sps': np.float64(13514.754), 'training/walltime': np.float64(6.578), 'training/rollout_time': np.float64(0.14), 'training/update_time': np.float64(0.008), 'training/approx_kl': 2.2968026314629242e-05, 'training/entropy': 0.6717487573623657, 'training/policy_loss': -0.006749993190169334, 'training/total_loss': 0.860488772392273, 'training/value_loss': 1.7344774007797241}
{'eval/num_episodes': 200, 'eval/num_steps': 200, 'eval/mean_score': np.float64(0.965), 'eval/std_score': np.float64(0.048), 'eval/mean_episode_length': np.float64(1.0), 'eval/std_episode_length': np.float64(0.0), 'eval/eval_time': 0.07716512680053711}
{'training/total_steps': 54000, 'training/updates': 27, 'training/sps': np.float64(12543.6), 'training/walltime': np.float64(6.815), 'training/rollout_time': np.float64(0.137), 'training/update_time': np.float64(0.022), 'training/approx_kl': 2.239206514786929e-05, 'training/entropy': 0.6700878739356995, 'training/policy_loss': -0.006666182074695826, 'training/total_loss': 0.8551968336105347, 'training/value_loss': 1.7237260341644287}
{'eval/num_episodes': 200, 'eval/num_steps': 200, 'eval/mean_score': np.float64(0.965), 'eval/std_score': np.float64(0.048), 'eval/mean_episode_length': np.float64(1.0), 'eval/std_episode_length': np.float64(0.0), 'eval/eval_time': 0.08435893058776855}
{'training/total_steps': 56000, 'training/updates': 28, 'training/sps': np.float64(12749.323), 'training/walltime': np.float64(7.057), 'training/rollout_time': np.float64(0.149), 'training/update_time': np.float64(0.008), 'training/approx_kl': 2.260221663163975e-05, 'training/entropy': 0.6683701872825623, 'training/policy_loss': -0.006699446588754654, 'training/total_loss': 0.8469548225402832, 'training/value_loss': 1.7073085308074951}
{'eval/num_episodes': 200, 'eval/num_steps': 200, 'eval/mean_score': np.float64(0.962), 'eval/std_score': np.float64(0.049), 'eval/mean_episode_length': np.float64(1.0), 'eval/std_episode_length': np.float64(0.0), 'eval/eval_time': 0.07575201988220215}
{'training/total_steps': 58000, 'training/updates': 29, 'training/sps': np.float64(12655.994), 'training/walltime': np.float64(7.291), 'training/rollout_time': np.float64(0.15), 'training/update_time': np.float64(0.008), 'training/approx_kl': 2.2967295080889016e-05, 'training/entropy': 0.6665884256362915, 'training/policy_loss': -0.006746633909642696, 'training/total_loss': 0.838800311088562, 'training/value_loss': 1.691093921661377}
{'eval/num_episodes': 200, 'eval/num_steps': 200, 'eval/mean_score': np.float64(0.962), 'eval/std_score': np.float64(0.048), 'eval/mean_episode_length': np.float64(1.0), 'eval/std_episode_length': np.float64(0.0), 'eval/eval_time': 0.07518887519836426}
{'training/total_steps': 60000, 'training/updates': 30, 'training/sps': np.float64(11007.343), 'training/walltime': np.float64(7.548), 'training/rollout_time': np.float64(0.174), 'training/update_time': np.float64(0.008), 'training/approx_kl': 2.2863256162963808e-05, 'training/entropy': 0.6647460460662842, 'training/policy_loss': -0.006727864034473896, 'training/total_loss': 0.8324426412582397, 'training/value_loss': 1.6783411502838135}
{'eval/num_episodes': 200, 'eval/num_steps': 200, 'eval/mean_score': np.float64(0.959), 'eval/std_score': np.float64(0.049), 'eval/mean_episode_length': np.float64(1.0), 'eval/std_episode_length': np.float64(0.0), 'eval/eval_time': 0.07990193367004395}
TRAINING END: training duration: 7.628461122512817
{'final_eval/num_episodes': 200, 'final_eval/num_steps': 200, 'final_eval/mean_score': np.float64(1.0), 'final_eval/std_score': np.float64(0.0), 'final_eval/mean_episode_length': np.float64(1.0), 'final_eval/std_episode_length': np.float64(0.0)}
