|param: value|
|experiment_name:  pc_reinforce|
|seed:  8|
|write_logs_to_file:  False|
|save_model:  False|
|env_name:  bandit|
|num_envs:  8|
|num_train_levels:  200|
|distribution_mode:  easy|
|arm_means:  (1.0, 0.9)|
|deterministic_rewards:  True|
|eval_env:  True|
|num_eval_episodes:  200|
|eval_every:  1|
|total_timesteps:  60000|
|unroll_length:  250|
|learning_rate:  0.01|
|target_scale:  1.0|
|pc_steps_per_update:  1|
|max_t1:  20|
|width:  32|
|depth:  2|
|act_fn:  relu|
|policy_init_logit_bias:  [0.0, 0.0]|
|use_cnn:  False|
|policy_hidden_layer_sizes:  ()|
|value_hidden_layer_sizes:  ()|
|anneal_lr:  False|
|entropy_cost:  0.0|
|deterministic_eval:  False|
|gamma:  0.99|
{'training/total_steps': 2000, 'training/updates': 1, 'training/walltime': np.float64(1.539), 'training/update_time': np.float64(1.539), 'training/pc_loss': 0.000624577805865556, 'training/mean_reward': 0.948699951171875, 'training/mean_advantage_abs': 0.04996621236205101}
{'eval/num_episodes': 200, 'eval/mean_score': np.float64(0.956), 'eval/std_score': np.float64(0.0496), 'eval/mean_episode_length': np.float64(1.0)}
{'training/total_steps': 4000, 'training/updates': 2, 'training/walltime': np.float64(1.838), 'training/update_time': np.float64(0.113), 'training/pc_loss': 0.000647038861643523, 'training/mean_reward': 0.9570499658584595, 'training/mean_advantage_abs': 0.04900597035884857}
{'eval/num_episodes': 200, 'eval/mean_score': np.float64(0.962), 'eval/std_score': np.float64(0.0485), 'eval/mean_episode_length': np.float64(1.0)}
{'training/total_steps': 6000, 'training/updates': 3, 'training/walltime': np.float64(1.957), 'training/update_time': np.float64(0.118), 'training/pc_loss': 0.0007087131962180138, 'training/mean_reward': 0.9611000418663025, 'training/mean_advantage_abs': 0.04753578454256058}
{'eval/num_episodes': 200, 'eval/mean_score': np.float64(0.968), 'eval/std_score': np.float64(0.0466), 'eval/mean_episode_length': np.float64(1.0)}
{'training/total_steps': 8000, 'training/updates': 4, 'training/walltime': np.float64(2.097), 'training/update_time': np.float64(0.139), 'training/pc_loss': 0.0007812139228917658, 'training/mean_reward': 0.9693500399589539, 'training/mean_advantage_abs': 0.042511530220508575}
{'eval/num_episodes': 200, 'eval/mean_score': np.float64(0.981), 'eval/std_score': np.float64(0.0392), 'eval/mean_episode_length': np.float64(1.0)}
{'training/total_steps': 10000, 'training/updates': 5, 'training/walltime': np.float64(2.214), 'training/update_time': np.float64(0.116), 'training/pc_loss': 0.0008442631224170327, 'training/mean_reward': 0.9746501445770264, 'training/mean_advantage_abs': 0.03784748539328575}
{'eval/num_episodes': 200, 'eval/mean_score': np.float64(0.9835), 'eval/std_score': np.float64(0.0371), 'eval/mean_episode_length': np.float64(1.0)}
{'training/total_steps': 12000, 'training/updates': 6, 'training/walltime': np.float64(2.406), 'training/update_time': np.float64(0.191), 'training/pc_loss': 0.0008240937604568899, 'training/mean_reward': 0.9814501404762268, 'training/mean_advantage_abs': 0.030217863619327545}
{'eval/num_episodes': 200, 'eval/mean_score': np.float64(0.9835), 'eval/std_score': np.float64(0.0371), 'eval/mean_episode_length': np.float64(1.0)}
{'training/total_steps': 14000, 'training/updates': 7, 'training/walltime': np.float64(2.533), 'training/update_time': np.float64(0.126), 'training/pc_loss': 0.0007450366392731667, 'training/mean_reward': 0.986549973487854, 'training/mean_advantage_abs': 0.023281976580619812}
{'eval/num_episodes': 200, 'eval/mean_score': np.float64(0.992), 'eval/std_score': np.float64(0.0271), 'eval/mean_episode_length': np.float64(1.0)}
{'training/total_steps': 16000, 'training/updates': 8, 'training/walltime': np.float64(2.656), 'training/update_time': np.float64(0.121), 'training/pc_loss': 0.000655921408906579, 'training/mean_reward': 0.9898500442504883, 'training/mean_advantage_abs': 0.018239518627524376}
{'eval/num_episodes': 200, 'eval/mean_score': np.float64(0.993), 'eval/std_score': np.float64(0.0255), 'eval/mean_episode_length': np.float64(1.0)}
{'training/total_steps': 18000, 'training/updates': 9, 'training/walltime': np.float64(2.776), 'training/update_time': np.float64(0.119), 'training/pc_loss': 0.0005425732233561575, 'training/mean_reward': 0.9925500154495239, 'training/mean_advantage_abs': 0.013789940625429153}
{'eval/num_episodes': 200, 'eval/mean_score': np.float64(0.995), 'eval/std_score': np.float64(0.0218), 'eval/mean_episode_length': np.float64(1.0)}
{'training/total_steps': 20000, 'training/updates': 10, 'training/walltime': np.float64(2.892), 'training/update_time': np.float64(0.116), 'training/pc_loss': 0.00048160357982851565, 'training/mean_reward': 0.9938501119613647, 'training/mean_advantage_abs': 0.01154345367103815}
{'eval/num_episodes': 200, 'eval/mean_score': np.float64(0.9955), 'eval/std_score': np.float64(0.0207), 'eval/mean_episode_length': np.float64(1.0)}
{'training/total_steps': 22000, 'training/updates': 11, 'training/walltime': np.float64(3.01), 'training/update_time': np.float64(0.117), 'training/pc_loss': 0.0003578907926566899, 'training/mean_reward': 0.9957501292228699, 'training/mean_advantage_abs': 0.008138633333146572}
{'eval/num_episodes': 200, 'eval/mean_score': np.float64(0.9935), 'eval/std_score': np.float64(0.0247), 'eval/mean_episode_length': np.float64(1.0)}
{'training/total_steps': 24000, 'training/updates': 12, 'training/walltime': np.float64(3.147), 'training/update_time': np.float64(0.136), 'training/pc_loss': 0.00025291118072345853, 'training/mean_reward': 0.9971500635147095, 'training/mean_advantage_abs': 0.005537491757422686}
{'eval/num_episodes': 200, 'eval/mean_score': np.float64(0.9995), 'eval/std_score': np.float64(0.0071), 'eval/mean_episode_length': np.float64(1.0)}
{'training/total_steps': 26000, 'training/updates': 13, 'training/walltime': np.float64(3.267), 'training/update_time': np.float64(0.119), 'training/pc_loss': 0.00019241728296037763, 'training/mean_reward': 0.9979000687599182, 'training/mean_advantage_abs': 0.00411173515021801}
{'eval/num_episodes': 200, 'eval/mean_score': np.float64(0.999), 'eval/std_score': np.float64(0.0099), 'eval/mean_episode_length': np.float64(1.0)}
{'training/total_steps': 28000, 'training/updates': 14, 'training/walltime': np.float64(3.391), 'training/update_time': np.float64(0.123), 'training/pc_loss': 0.00013623014092445374, 'training/mean_reward': 0.9985501170158386, 'training/mean_advantage_abs': 0.0028578368946909904}
{'eval/num_episodes': 200, 'eval/mean_score': np.float64(0.999), 'eval/std_score': np.float64(0.0099), 'eval/mean_episode_length': np.float64(1.0)}
{'training/total_steps': 30000, 'training/updates': 15, 'training/walltime': np.float64(3.507), 'training/update_time': np.float64(0.115), 'training/pc_loss': 0.00010029198892880231, 'training/mean_reward': 0.9989501237869263, 'training/mean_advantage_abs': 0.0020778293255716562}
{'eval/num_episodes': 200, 'eval/mean_score': np.float64(0.9995), 'eval/std_score': np.float64(0.0071), 'eval/mean_episode_length': np.float64(1.0)}
{'training/total_steps': 32000, 'training/updates': 16, 'training/walltime': np.float64(3.619), 'training/update_time': np.float64(0.111), 'training/pc_loss': 8.674678974784911e-05, 'training/mean_reward': 0.9991000890731812, 'training/mean_advantage_abs': 0.0017837128834798932}
{'eval/num_episodes': 200, 'eval/mean_score': np.float64(0.9995), 'eval/std_score': np.float64(0.0071), 'eval/mean_episode_length': np.float64(1.0)}
{'training/total_steps': 34000, 'training/updates': 17, 'training/walltime': np.float64(3.731), 'training/update_time': np.float64(0.111), 'training/pc_loss': 2.9394774173852056e-05, 'training/mean_reward': 0.9997000694274902, 'training/mean_advantage_abs': 0.0005981310969218612}
{'eval/num_episodes': 200, 'eval/mean_score': np.float64(0.9985), 'eval/std_score': np.float64(0.0122), 'eval/mean_episode_length': np.float64(1.0)}
{'training/total_steps': 36000, 'training/updates': 18, 'training/walltime': np.float64(3.838), 'training/update_time': np.float64(0.107), 'training/pc_loss': 5.8621448260964826e-05, 'training/mean_reward': 0.9994000792503357, 'training/mean_advantage_abs': 0.0011927218874916434}
{'eval/num_episodes': 200, 'eval/mean_score': np.float64(1.0), 'eval/std_score': np.float64(0.0), 'eval/mean_episode_length': np.float64(1.0)}
{'training/total_steps': 38000, 'training/updates': 19, 'training/walltime': np.float64(3.95), 'training/update_time': np.float64(0.111), 'training/pc_loss': 4.420247205416672e-05, 'training/mean_reward': 0.9995501041412354, 'training/mean_advantage_abs': 0.0008958469261415303}
{'eval/num_episodes': 200, 'eval/mean_score': np.float64(0.9995), 'eval/std_score': np.float64(0.0071), 'eval/mean_episode_length': np.float64(1.0)}
{'training/total_steps': 40000, 'training/updates': 20, 'training/walltime': np.float64(4.066), 'training/update_time': np.float64(0.115), 'training/pc_loss': 2.469914579705801e-05, 'training/mean_reward': 0.999750018119812, 'training/mean_advantage_abs': 0.0004987320280633867}
{'eval/num_episodes': 200, 'eval/mean_score': np.float64(0.9995), 'eval/std_score': np.float64(0.0071), 'eval/mean_episode_length': np.float64(1.0)}
{'training/total_steps': 42000, 'training/updates': 21, 'training/walltime': np.float64(4.178), 'training/update_time': np.float64(0.111), 'training/pc_loss': 1.9805411284323782e-05, 'training/mean_reward': 0.9998000264167786, 'training/mean_advantage_abs': 0.00039917376125231385}
{'eval/num_episodes': 200, 'eval/mean_score': np.float64(1.0), 'eval/std_score': np.float64(0.0), 'eval/mean_episode_length': np.float64(1.0)}
{'training/total_steps': 44000, 'training/updates': 22, 'training/walltime': np.float64(4.299), 'training/update_time': np.float64(0.12), 'training/pc_loss': 2.475700239301659e-05, 'training/mean_reward': 0.999750018119812, 'training/mean_advantage_abs': 0.0004987320280633867}
{'eval/num_episodes': 200, 'eval/mean_score': np.float64(1.0), 'eval/std_score': np.float64(0.0), 'eval/mean_episode_length': np.float64(1.0)}
{'training/total_steps': 46000, 'training/updates': 23, 'training/walltime': np.float64(4.525), 'training/update_time': np.float64(0.222), 'training/pc_loss': 9.940417839970905e-06, 'training/mean_reward': 0.9999000430107117, 'training/mean_advantage_abs': 0.00019975710893049836}
{'eval/num_episodes': 200, 'eval/mean_score': np.float64(0.9995), 'eval/std_score': np.float64(0.0071), 'eval/mean_episode_length': np.float64(1.0)}
{'training/total_steps': 48000, 'training/updates': 24, 'training/walltime': np.float64(4.639), 'training/update_time': np.float64(0.113), 'training/pc_loss': 4.978246579412371e-06, 'training/mean_reward': 0.9999500513076782, 'training/mean_advantage_abs': 9.989875979954377e-05}
{'eval/num_episodes': 200, 'eval/mean_score': np.float64(1.0), 'eval/std_score': np.float64(0.0), 'eval/mean_episode_length': np.float64(1.0)}
{'training/total_steps': 50000, 'training/updates': 25, 'training/walltime': np.float64(4.754), 'training/update_time': np.float64(0.114), 'training/pc_loss': 1.98627731151646e-05, 'training/mean_reward': 0.9998000264167786, 'training/mean_advantage_abs': 0.00039917376125231385}
{'eval/num_episodes': 200, 'eval/mean_score': np.float64(1.0), 'eval/std_score': np.float64(0.0), 'eval/mean_episode_length': np.float64(1.0)}
{'training/total_steps': 52000, 'training/updates': 26, 'training/walltime': np.float64(4.871), 'training/update_time': np.float64(0.116), 'training/pc_loss': 2.481326191627886e-05, 'training/mean_reward': 0.999750018119812, 'training/mean_advantage_abs': 0.0004987320280633867}
{'eval/num_episodes': 200, 'eval/mean_score': np.float64(1.0), 'eval/std_score': np.float64(0.0), 'eval/mean_episode_length': np.float64(1.0)}
{'training/total_steps': 54000, 'training/updates': 27, 'training/walltime': np.float64(4.985), 'training/update_time': np.float64(0.113), 'training/pc_loss': 1.492253977630753e-05, 'training/mean_reward': 0.9998500347137451, 'training/mean_advantage_abs': 0.0002995154354721308}
{'eval/num_episodes': 200, 'eval/mean_score': np.float64(0.9995), 'eval/std_score': np.float64(0.0071), 'eval/mean_episode_length': np.float64(1.0)}
{'training/total_steps': 56000, 'training/updates': 28, 'training/walltime': np.float64(5.103), 'training/update_time': np.float64(0.117), 'training/pc_loss': 4.9854338612931315e-06, 'training/mean_reward': 0.9999500513076782, 'training/mean_advantage_abs': 9.989875979954377e-05}
{'eval/num_episodes': 200, 'eval/mean_score': np.float64(1.0), 'eval/std_score': np.float64(0.0), 'eval/mean_episode_length': np.float64(1.0)}
{'training/total_steps': 58000, 'training/updates': 29, 'training/walltime': np.float64(5.211), 'training/update_time': np.float64(0.108), 'training/pc_loss': 1.9886161680915393e-05, 'training/mean_reward': 0.9998000860214233, 'training/mean_advantage_abs': 0.0003991143894381821}
{'eval/num_episodes': 200, 'eval/mean_score': np.float64(1.0), 'eval/std_score': np.float64(0.0), 'eval/mean_episode_length': np.float64(1.0)}
{'training/total_steps': 60000, 'training/updates': 30, 'training/walltime': np.float64(5.32), 'training/update_time': np.float64(0.107), 'training/pc_loss': 4.987386091670487e-06, 'training/mean_reward': 0.9999500513076782, 'training/mean_advantage_abs': 9.989875979954377e-05}
{'eval/num_episodes': 200, 'eval/mean_score': np.float64(1.0), 'eval/std_score': np.float64(0.0), 'eval/mean_episode_length': np.float64(1.0)}
TRAINING END: training duration: 5.320673942565918
