|param: value|
|experiment_name:  trpo_procgen|
|seed:  8|
|platform:  cpu|
|write_logs_to_file:  False|
|save_model:  False|
|env_name:  bandit|
|num_envs:  8|
|num_train_levels:  200|
|distribution_mode:  easy|
|arm_means:  (1.0, 0.9)|
|deterministic_rewards:  True|
|eval_env:  True|
|num_eval_episodes:  200|
|eval_every:  1|
|deterministic_eval:  False|
|normalize_observations:  True|
|total_timesteps:  60000|
|learning_rate:  0.01|
|unroll_length:  250|
|anneal_lr:  False|
|gamma:  0.99|
|gae_lambda:  0.95|
|batch_size:  1|
|num_minibatches:  8|
|update_epochs:  10|
|normalize_advantages:  True|
|target_kl:  0.01|
|cg_damping:  0.1|
|cg_max_iterations:  10|
|line_search_max_iter:  10|
|line_search_shrinking_factor:  0.8|
|vf_cost:  1.0|
|max_grad_norm:  0.5|
|reward_scaling:  1.0|
|use_cnn:  False|
|policy_hidden_layer_sizes:  ()|
|value_hidden_layer_sizes:  ()|
|activation:  <jax._src.custom_derivatives.custom_jvp object at 0x10d06a310>|
|policy_init_logit_bias:  [0.0, 0.0]|
|entropy_cost:  0.0|
{'training/total_steps': 2000, 'training/updates': 1, 'training/sps': np.float64(1329.412), 'training/walltime': np.float64(1.504), 'training/rollout_time': np.float64(0.113), 'training/update_time': np.float64(1.392), 'training/iterations': 1.0, 'training/kl_div': 0.008323758840560913, 'training/line_search_success': 1.0, 'training/new_policy_objective': 0.5288697481155396, 'training/policy_objective': 0.42268452048301697, 'training/value_loss': 0.4821842610836029}
{'eval/num_episodes': 200, 'eval/num_steps': 200, 'eval/mean_score': np.float64(0.991), 'eval/std_score': np.float64(0.028), 'eval/mean_episode_length': np.float64(1.0), 'eval/std_episode_length': np.float64(0.0), 'eval/eval_time': 0.07682394981384277}
{'training/total_steps': 4000, 'training/updates': 2, 'training/sps': np.float64(18428.967), 'training/walltime': np.float64(1.709), 'training/rollout_time': np.float64(0.105), 'training/update_time': np.float64(0.003), 'training/iterations': 1.0, 'training/kl_div': 0.002877887338399887, 'training/line_search_success': 1.0, 'training/new_policy_objective': 0.22336527705192566, 'training/policy_objective': 0.18943604826927185, 'training/value_loss': 0.0009447280317544937}
{'eval/num_episodes': 200, 'eval/num_steps': 200, 'eval/mean_score': np.float64(1.0), 'eval/std_score': np.float64(0.0), 'eval/mean_episode_length': np.float64(1.0), 'eval/std_episode_length': np.float64(0.0), 'eval/eval_time': 0.07568883895874023}
{'training/total_steps': 6000, 'training/updates': 3, 'training/sps': np.float64(18228.892), 'training/walltime': np.float64(1.895), 'training/rollout_time': np.float64(0.106), 'training/update_time': np.float64(0.003), 'training/iterations': 1.0, 'training/kl_div': nan, 'training/line_search_success': 0.0, 'training/new_policy_objective': nan, 'training/policy_objective': 0.0, 'training/value_loss': 5.255720225250116e-06}
{'eval/num_episodes': 200, 'eval/num_steps': 200, 'eval/mean_score': np.float64(1.0), 'eval/std_score': np.float64(0.0), 'eval/mean_episode_length': np.float64(1.0), 'eval/std_episode_length': np.float64(0.0), 'eval/eval_time': 0.07621097564697266}
{'training/total_steps': 8000, 'training/updates': 4, 'training/sps': np.float64(18751.694), 'training/walltime': np.float64(2.078), 'training/rollout_time': np.float64(0.103), 'training/update_time': np.float64(0.004), 'training/iterations': 1.0, 'training/kl_div': nan, 'training/line_search_success': 0.125, 'training/new_policy_objective': nan, 'training/policy_objective': 5.2452091559018754e-09, 'training/value_loss': 2.499483343854081e-06}
{'eval/num_episodes': 200, 'eval/num_steps': 200, 'eval/mean_score': np.float64(1.0), 'eval/std_score': np.float64(0.0), 'eval/mean_episode_length': np.float64(1.0), 'eval/std_episode_length': np.float64(0.0), 'eval/eval_time': 0.07488179206848145}
{'training/total_steps': 10000, 'training/updates': 5, 'training/sps': np.float64(17930.583), 'training/walltime': np.float64(2.265), 'training/rollout_time': np.float64(0.108), 'training/update_time': np.float64(0.003), 'training/iterations': 1.0, 'training/kl_div': 0.0023709842935204506, 'training/line_search_success': 1.0, 'training/new_policy_objective': -0.00035761273466050625, 'training/policy_objective': -0.00036048388574272394, 'training/value_loss': 1.4842303774909027e-10}
{'eval/num_episodes': 200, 'eval/num_steps': 200, 'eval/mean_score': np.float64(0.995), 'eval/std_score': np.float64(0.021), 'eval/mean_episode_length': np.float64(1.0), 'eval/std_episode_length': np.float64(0.0), 'eval/eval_time': 0.07764291763305664}
{'training/total_steps': 12000, 'training/updates': 6, 'training/sps': np.float64(14795.193), 'training/walltime': np.float64(2.478), 'training/rollout_time': np.float64(0.132), 'training/update_time': np.float64(0.003), 'training/iterations': 1.0, 'training/kl_div': 0.002552218269556761, 'training/line_search_success': 1.0, 'training/new_policy_objective': 0.22031211853027344, 'training/policy_objective': 0.1878969967365265, 'training/value_loss': 0.0003126762749161571}
{'eval/num_episodes': 200, 'eval/num_steps': 200, 'eval/mean_score': np.float64(1.0), 'eval/std_score': np.float64(0.0), 'eval/mean_episode_length': np.float64(1.0), 'eval/std_episode_length': np.float64(0.0), 'eval/eval_time': 0.11137795448303223}
{'training/total_steps': 14000, 'training/updates': 7, 'training/sps': np.float64(10295.044), 'training/walltime': np.float64(2.785), 'training/rollout_time': np.float64(0.191), 'training/update_time': np.float64(0.004), 'training/iterations': 1.0, 'training/kl_div': 0.0029670721851289272, 'training/line_search_success': 1.0, 'training/new_policy_objective': -0.043452825397253036, 'training/policy_objective': -0.04391779378056526, 'training/value_loss': 2.2093743154982803e-06}
{'eval/num_episodes': 200, 'eval/num_steps': 200, 'eval/mean_score': np.float64(0.992), 'eval/std_score': np.float64(0.026), 'eval/mean_episode_length': np.float64(1.0), 'eval/std_episode_length': np.float64(0.0), 'eval/eval_time': 0.08905506134033203}
{'training/total_steps': 16000, 'training/updates': 8, 'training/sps': np.float64(17414.59), 'training/walltime': np.float64(2.989), 'training/rollout_time': np.float64(0.111), 'training/update_time': np.float64(0.003), 'training/iterations': 1.0, 'training/kl_div': 0.003133754711598158, 'training/line_search_success': 1.0, 'training/new_policy_objective': 0.25313714146614075, 'training/policy_objective': 0.21669751405715942, 'training/value_loss': 0.00040507278754375875}
{'eval/num_episodes': 200, 'eval/num_steps': 200, 'eval/mean_score': np.float64(0.999), 'eval/std_score': np.float64(0.007), 'eval/mean_episode_length': np.float64(1.0), 'eval/std_episode_length': np.float64(0.0), 'eval/eval_time': 0.08194994926452637}
{'training/total_steps': 18000, 'training/updates': 9, 'training/sps': np.float64(13573.206), 'training/walltime': np.float64(3.219), 'training/rollout_time': np.float64(0.144), 'training/update_time': np.float64(0.003), 'training/iterations': 1.0, 'training/kl_div': nan, 'training/line_search_success': 0.125, 'training/new_policy_objective': nan, 'training/policy_objective': -1.0967255548166577e-08, 'training/value_loss': 5.968805908196373e-06}
{'eval/num_episodes': 200, 'eval/num_steps': 200, 'eval/mean_score': np.float64(1.0), 'eval/std_score': np.float64(0.0), 'eval/mean_episode_length': np.float64(1.0), 'eval/std_episode_length': np.float64(0.0), 'eval/eval_time': 0.0807797908782959}
{'training/total_steps': 20000, 'training/updates': 10, 'training/sps': np.float64(17490.769), 'training/walltime': np.float64(3.414), 'training/rollout_time': np.float64(0.111), 'training/update_time': np.float64(0.003), 'training/iterations': 1.0, 'training/kl_div': 0.0026637157425284386, 'training/line_search_success': 1.0, 'training/new_policy_objective': -8.913980855140835e-05, 'training/policy_objective': -8.996925316751003e-05, 'training/value_loss': 6.136847696680547e-10}
{'eval/num_episodes': 200, 'eval/num_steps': 200, 'eval/mean_score': np.float64(0.994), 'eval/std_score': np.float64(0.023), 'eval/mean_episode_length': np.float64(1.0), 'eval/std_episode_length': np.float64(0.0), 'eval/eval_time': 0.07431888580322266}
{'training/total_steps': 22000, 'training/updates': 11, 'training/sps': np.float64(17916.49), 'training/walltime': np.float64(3.601), 'training/rollout_time': np.float64(0.107), 'training/update_time': np.float64(0.004), 'training/iterations': 1.0, 'training/kl_div': 0.002838901709765196, 'training/line_search_success': 1.0, 'training/new_policy_objective': 0.2305801808834076, 'training/policy_objective': 0.19605271518230438, 'training/value_loss': 0.000347674562362954}
{'eval/num_episodes': 200, 'eval/num_steps': 200, 'eval/mean_score': np.float64(1.0), 'eval/std_score': np.float64(0.0), 'eval/mean_episode_length': np.float64(1.0), 'eval/std_episode_length': np.float64(0.0), 'eval/eval_time': 0.08187007904052734}
{'training/total_steps': 24000, 'training/updates': 12, 'training/sps': np.float64(17226.058), 'training/walltime': np.float64(3.799), 'training/rollout_time': np.float64(0.108), 'training/update_time': np.float64(0.008), 'training/iterations': 1.0, 'training/kl_div': 0.0033265911042690277, 'training/line_search_success': 1.0, 'training/new_policy_objective': -0.04324345290660858, 'training/policy_objective': -0.04378198832273483, 'training/value_loss': 2.0799798221560195e-06}
{'eval/num_episodes': 200, 'eval/num_steps': 200, 'eval/mean_score': np.float64(0.988), 'eval/std_score': np.float64(0.032), 'eval/mean_episode_length': np.float64(1.0), 'eval/std_episode_length': np.float64(0.0), 'eval/eval_time': 0.07894182205200195}
{'training/total_steps': 26000, 'training/updates': 13, 'training/sps': np.float64(19270.246), 'training/walltime': np.float64(3.982), 'training/rollout_time': np.float64(0.1), 'training/update_time': np.float64(0.003), 'training/iterations': 1.0, 'training/kl_div': 0.0034804067108780146, 'training/line_search_success': 1.0, 'training/new_policy_objective': 0.2507111430168152, 'training/policy_objective': 0.21053820848464966, 'training/value_loss': 0.00041287849307991564}
{'eval/num_episodes': 200, 'eval/num_steps': 200, 'eval/mean_score': np.float64(1.0), 'eval/std_score': np.float64(0.0), 'eval/mean_episode_length': np.float64(1.0), 'eval/std_episode_length': np.float64(0.0), 'eval/eval_time': 0.07864212989807129}
{'training/total_steps': 28000, 'training/updates': 14, 'training/sps': np.float64(18936.166), 'training/walltime': np.float64(4.167), 'training/rollout_time': np.float64(0.102), 'training/update_time': np.float64(0.003), 'training/iterations': 1.0, 'training/kl_div': 0.0036368370056152344, 'training/line_search_success': 1.0, 'training/new_policy_objective': -0.5736167430877686, 'training/policy_objective': -0.8966041803359985, 'training/value_loss': 5.624830009764992e-06}
{'eval/num_episodes': 200, 'eval/num_steps': 200, 'eval/mean_score': np.float64(0.996), 'eval/std_score': np.float64(0.018), 'eval/mean_episode_length': np.float64(1.0), 'eval/std_episode_length': np.float64(0.0), 'eval/eval_time': 0.08076810836791992}
{'training/total_steps': 30000, 'training/updates': 15, 'training/sps': np.float64(18892.708), 'training/walltime': np.float64(4.354), 'training/rollout_time': np.float64(0.103), 'training/update_time': np.float64(0.003), 'training/iterations': 1.0, 'training/kl_div': 0.002401243895292282, 'training/line_search_success': 1.0, 'training/new_policy_objective': 0.20311473309993744, 'training/policy_objective': 0.17182029783725739, 'training/value_loss': 0.0002723040815908462}
{'eval/num_episodes': 200, 'eval/num_steps': 200, 'eval/mean_score': np.float64(1.0), 'eval/std_score': np.float64(0.0), 'eval/mean_episode_length': np.float64(1.0), 'eval/std_episode_length': np.float64(0.0), 'eval/eval_time': 0.07390189170837402}
{'training/total_steps': 32000, 'training/updates': 16, 'training/sps': np.float64(18825.337), 'training/walltime': np.float64(4.535), 'training/rollout_time': np.float64(0.103), 'training/update_time': np.float64(0.003), 'training/iterations': 1.0, 'training/kl_div': 0.002776490757241845, 'training/line_search_success': 1.0, 'training/new_policy_objective': -0.04355507344007492, 'training/policy_objective': -0.043982572853565216, 'training/value_loss': 1.2653002841034322e-06}
{'eval/num_episodes': 200, 'eval/num_steps': 200, 'eval/mean_score': np.float64(0.993), 'eval/std_score': np.float64(0.026), 'eval/mean_episode_length': np.float64(1.0), 'eval/std_episode_length': np.float64(0.0), 'eval/eval_time': 0.07884597778320312}
{'training/total_steps': 34000, 'training/updates': 17, 'training/sps': np.float64(17452.633), 'training/walltime': np.float64(4.729), 'training/rollout_time': np.float64(0.111), 'training/update_time': np.float64(0.003), 'training/iterations': 1.0, 'training/kl_div': 0.0029487675055861473, 'training/line_search_success': 1.0, 'training/new_policy_objective': 0.2307933121919632, 'training/policy_objective': 0.19749003648757935, 'training/value_loss': 0.0003382956492714584}
{'eval/num_episodes': 200, 'eval/num_steps': 200, 'eval/mean_score': np.float64(0.999), 'eval/std_score': np.float64(0.007), 'eval/mean_episode_length': np.float64(1.0), 'eval/std_episode_length': np.float64(0.0), 'eval/eval_time': 0.07464599609375}
{'training/total_steps': 36000, 'training/updates': 18, 'training/sps': np.float64(19271.574), 'training/walltime': np.float64(4.908), 'training/rollout_time': np.float64(0.1), 'training/update_time': np.float64(0.003), 'training/iterations': 1.0, 'training/kl_div': 0.003463470609858632, 'training/line_search_success': 1.0, 'training/new_policy_objective': -0.04315786063671112, 'training/policy_objective': -0.04372538626194, 'training/value_loss': 2.316606469321414e-06}
{'eval/num_episodes': 200, 'eval/num_steps': 200, 'eval/mean_score': np.float64(0.993), 'eval/std_score': np.float64(0.026), 'eval/mean_episode_length': np.float64(1.0), 'eval/std_episode_length': np.float64(0.0), 'eval/eval_time': 0.07648086547851562}
{'training/total_steps': 38000, 'training/updates': 19, 'training/sps': np.float64(18524.155), 'training/walltime': np.float64(5.093), 'training/rollout_time': np.float64(0.105), 'training/update_time': np.float64(0.003), 'training/iterations': 1.0, 'training/kl_div': 0.0036115788388997316, 'training/line_search_success': 1.0, 'training/new_policy_objective': 0.27058571577072144, 'training/policy_objective': 0.22598524391651154, 'training/value_loss': 0.000486523233121261}
{'eval/num_episodes': 200, 'eval/num_steps': 200, 'eval/mean_score': np.float64(1.0), 'eval/std_score': np.float64(0.0), 'eval/mean_episode_length': np.float64(1.0), 'eval/std_episode_length': np.float64(0.0), 'eval/eval_time': 0.07664990425109863}
{'training/total_steps': 40000, 'training/updates': 20, 'training/sps': np.float64(18874.684), 'training/walltime': np.float64(5.276), 'training/rollout_time': np.float64(0.103), 'training/update_time': np.float64(0.003), 'training/iterations': 1.0, 'training/kl_div': 0.00018438149709254503, 'training/line_search_success': 1.0, 'training/new_policy_objective': -0.027025459334254265, 'training/policy_objective': -0.049517929553985596, 'training/value_loss': 1.4176950571709312e-05}
{'eval/num_episodes': 200, 'eval/num_steps': 200, 'eval/mean_score': np.float64(1.0), 'eval/std_score': np.float64(0.0), 'eval/mean_episode_length': np.float64(1.0), 'eval/std_episode_length': np.float64(0.0), 'eval/eval_time': 0.0769810676574707}
{'training/total_steps': 42000, 'training/updates': 21, 'training/sps': np.float64(19153.997), 'training/walltime': np.float64(5.458), 'training/rollout_time': np.float64(0.101), 'training/update_time': np.float64(0.003), 'training/iterations': 1.0, 'training/kl_div': 0.00036609999369829893, 'training/line_search_success': 1.0, 'training/new_policy_objective': 0.0040854839608073235, 'training/policy_objective': -0.02755764126777649, 'training/value_loss': 9.98778978100745e-06}
{'eval/num_episodes': 200, 'eval/num_steps': 200, 'eval/mean_score': np.float64(1.0), 'eval/std_score': np.float64(0.0), 'eval/mean_episode_length': np.float64(1.0), 'eval/std_episode_length': np.float64(0.0), 'eval/eval_time': 0.07730889320373535}
{'training/total_steps': 44000, 'training/updates': 22, 'training/sps': np.float64(18722.398), 'training/walltime': np.float64(5.642), 'training/rollout_time': np.float64(0.103), 'training/update_time': np.float64(0.003), 'training/iterations': 1.0, 'training/kl_div': 0.0028167457785457373, 'training/line_search_success': 1.0, 'training/new_policy_objective': -0.04475134611129761, 'training/policy_objective': -0.12410753965377808, 'training/value_loss': 1.496018285251921e-05}
{'eval/num_episodes': 200, 'eval/num_steps': 200, 'eval/mean_score': np.float64(1.0), 'eval/std_score': np.float64(0.0), 'eval/mean_episode_length': np.float64(1.0), 'eval/std_episode_length': np.float64(0.0), 'eval/eval_time': 0.07621908187866211}
{'training/total_steps': 46000, 'training/updates': 23, 'training/sps': np.float64(18171.083), 'training/walltime': np.float64(5.829), 'training/rollout_time': np.float64(0.106), 'training/update_time': np.float64(0.005), 'training/iterations': 1.0, 'training/kl_div': nan, 'training/line_search_success': 0.25, 'training/new_policy_objective': nan, 'training/policy_objective': 0.0046159932389855385, 'training/value_loss': 4.998193162464304e-06}
{'eval/num_episodes': 200, 'eval/num_steps': 200, 'eval/mean_score': np.float64(1.0), 'eval/std_score': np.float64(0.0), 'eval/mean_episode_length': np.float64(1.0), 'eval/std_episode_length': np.float64(0.0), 'eval/eval_time': 0.07640600204467773}
{'training/total_steps': 48000, 'training/updates': 24, 'training/sps': np.float64(19251.274), 'training/walltime': np.float64(6.01), 'training/rollout_time': np.float64(0.101), 'training/update_time': np.float64(0.003), 'training/iterations': 1.0, 'training/kl_div': 0.0010281323920935392, 'training/line_search_success': 1.0, 'training/new_policy_objective': 0.004023510497063398, 'training/policy_objective': -0.0006344291614368558, 'training/value_loss': 2.500156369933393e-06}
{'eval/num_episodes': 200, 'eval/num_steps': 200, 'eval/mean_score': np.float64(0.997), 'eval/std_score': np.float64(0.016), 'eval/mean_episode_length': np.float64(1.0), 'eval/std_episode_length': np.float64(0.0), 'eval/eval_time': 0.08058500289916992}
{'training/total_steps': 50000, 'training/updates': 25, 'training/sps': np.float64(19251.849), 'training/walltime': np.float64(6.195), 'training/rollout_time': np.float64(0.101), 'training/update_time': np.float64(0.003), 'training/iterations': 1.0, 'training/kl_div': 0.001188795082271099, 'training/line_search_success': 1.0, 'training/new_policy_objective': 0.14640721678733826, 'training/policy_objective': 0.12745057046413422, 'training/value_loss': 0.00013409332314040512}
{'eval/num_episodes': 200, 'eval/num_steps': 200, 'eval/mean_score': np.float64(1.0), 'eval/std_score': np.float64(0.0), 'eval/mean_episode_length': np.float64(1.0), 'eval/std_episode_length': np.float64(0.0), 'eval/eval_time': 0.07670116424560547}
{'training/total_steps': 52000, 'training/updates': 26, 'training/sps': np.float64(18197.691), 'training/walltime': np.float64(6.382), 'training/rollout_time': np.float64(0.107), 'training/update_time': np.float64(0.003), 'training/iterations': 1.0, 'training/kl_div': 0.001242541940882802, 'training/line_search_success': 1.0, 'training/new_policy_objective': -0.022594869136810303, 'training/policy_objective': -0.02267897129058838, 'training/value_loss': 2.7954726533607754e-07}
{'eval/num_episodes': 200, 'eval/num_steps': 200, 'eval/mean_score': np.float64(0.997), 'eval/std_score': np.float64(0.016), 'eval/mean_episode_length': np.float64(1.0), 'eval/std_episode_length': np.float64(0.0), 'eval/eval_time': 0.07319188117980957}
{'training/total_steps': 54000, 'training/updates': 27, 'training/sps': np.float64(15765.512), 'training/walltime': np.float64(6.582), 'training/rollout_time': np.float64(0.118), 'training/update_time': np.float64(0.009), 'training/iterations': 1.0, 'training/kl_div': 0.0014175702817738056, 'training/line_search_success': 1.0, 'training/new_policy_objective': 0.15331831574440002, 'training/policy_objective': 0.13228625059127808, 'training/value_loss': 0.00015063612954691052}
{'eval/num_episodes': 200, 'eval/num_steps': 200, 'eval/mean_score': np.float64(1.0), 'eval/std_score': np.float64(0.0), 'eval/mean_episode_length': np.float64(1.0), 'eval/std_episode_length': np.float64(0.0), 'eval/eval_time': 0.11106324195861816}
{'training/total_steps': 56000, 'training/updates': 28, 'training/sps': np.float64(17167.924), 'training/walltime': np.float64(6.81), 'training/rollout_time': np.float64(0.113), 'training/update_time': np.float64(0.003), 'training/iterations': 1.0, 'training/kl_div': 0.0015275385230779648, 'training/line_search_success': 1.0, 'training/new_policy_objective': -0.022547118365764618, 'training/policy_objective': -0.02265356481075287, 'training/value_loss': 3.58588692961348e-07}
{'eval/num_episodes': 200, 'eval/num_steps': 200, 'eval/mean_score': np.float64(0.997), 'eval/std_score': np.float64(0.017), 'eval/mean_episode_length': np.float64(1.0), 'eval/std_episode_length': np.float64(0.0), 'eval/eval_time': 0.07487010955810547}
{'training/total_steps': 58000, 'training/updates': 29, 'training/sps': np.float64(19150.324), 'training/walltime': np.float64(6.99), 'training/rollout_time': np.float64(0.101), 'training/update_time': np.float64(0.003), 'training/iterations': 1.0, 'training/kl_div': 0.0017102413112297654, 'training/line_search_success': 1.0, 'training/new_policy_objective': 0.15815240144729614, 'training/policy_objective': 0.1375940442085266, 'training/value_loss': 0.00015526961942669004}
{'eval/num_episodes': 200, 'eval/num_steps': 200, 'eval/mean_score': np.float64(0.999), 'eval/std_score': np.float64(0.007), 'eval/mean_episode_length': np.float64(1.0), 'eval/std_episode_length': np.float64(0.0), 'eval/eval_time': 0.07797813415527344}
{'training/total_steps': 60000, 'training/updates': 30, 'training/sps': np.float64(18715.047), 'training/walltime': np.float64(7.175), 'training/rollout_time': np.float64(0.104), 'training/update_time': np.float64(0.003), 'training/iterations': 1.0, 'training/kl_div': 0.0018979713786393404, 'training/line_search_success': 1.0, 'training/new_policy_objective': -0.022477392107248306, 'training/policy_objective': -0.022614672780036926, 'training/value_loss': 3.4985723118552414e-07}
{'eval/num_episodes': 200, 'eval/num_steps': 200, 'eval/mean_score': np.float64(0.994), 'eval/std_score': np.float64(0.024), 'eval/mean_episode_length': np.float64(1.0), 'eval/std_episode_length': np.float64(0.0), 'eval/eval_time': 0.07504487037658691}
TRAINING END: training duration: 7.250881671905518
{'final_eval/num_episodes': 200, 'final_eval/num_steps': 200, 'final_eval/mean_score': np.float64(1.0), 'final_eval/std_score': np.float64(0.0), 'final_eval/mean_episode_length': np.float64(1.0), 'final_eval/std_episode_length': np.float64(0.0)}
