|param: value|
|experiment_name:  cleanba_ppo|
|seed:  4|
|platform:  cpu|
|write_logs_to_file:  False|
|save_model:  False|
|env_name:  bandit|
|num_envs:  8|
|num_train_levels:  200|
|distribution_mode:  easy|
|arm_means:  (1.0, 0.9)|
|deterministic_rewards:  True|
|eval_env:  True|
|num_eval_episodes:  200|
|eval_every:  1|
|deterministic_eval:  False|
|total_timesteps:  60000|
|learning_rate:  0.00025|
|adam_eps:  1e-05|
|unroll_length:  250|
|anneal_lr:  False|
|gamma:  0.99|
|gae_lambda:  0.95|
|num_minibatches:  4|
|update_epochs:  4|
|normalize_advantages:  True|
|clip_eps:  0.1|
|clip_vloss:  True|
|entropy_cost:  0.0|
|vf_cost:  0.5|
|max_grad_norm:  0.5|
|use_cnn:  False|
|policy_hidden_layer_sizes:  ()|
|value_hidden_layer_sizes:  ()|
|activation:  <jax._src.custom_derivatives.custom_jvp object at 0x10f807cd0>|
|policy_init_logit_bias:  [4.0, 0.0]|
{'training/total_steps': 2000, 'training/updates': 1, 'training/sps': np.float64(2098.438), 'training/walltime': np.float64(0.953), 'training/rollout_time': np.float64(0.429), 'training/update_time': np.float64(0.524), 'training/approx_kl': 1.1318354609102244e-06, 'training/entropy': 0.08918291330337524, 'training/policy_loss': -0.0014833991881459951, 'training/total_loss': -0.0006788069731555879, 'training/value_loss': 0.0016091845463961363}
{'eval/num_episodes': 200, 'eval/num_steps': 200, 'eval/mean_score': np.float64(0.998), 'eval/std_score': np.float64(0.012), 'eval/mean_episode_length': np.float64(1.0), 'eval/std_episode_length': np.float64(0.0), 'eval/eval_time': 0.07053899765014648}
{'training/total_steps': 4000, 'training/updates': 2, 'training/sps': np.float64(14682.365), 'training/walltime': np.float64(1.16), 'training/rollout_time': np.float64(0.128), 'training/update_time': np.float64(0.008), 'training/approx_kl': 1.9238461845816346e-06, 'training/entropy': 0.08805819600820541, 'training/policy_loss': -0.0019350668881088495, 'training/total_loss': -0.0012964106863364577, 'training/value_loss': 0.00127731217071414}
{'eval/num_episodes': 200, 'eval/num_steps': 200, 'eval/mean_score': np.float64(0.998), 'eval/std_score': np.float64(0.012), 'eval/mean_episode_length': np.float64(1.0), 'eval/std_episode_length': np.float64(0.0), 'eval/eval_time': 0.07142996788024902}
{'training/total_steps': 6000, 'training/updates': 3, 'training/sps': np.float64(13712.836), 'training/walltime': np.float64(1.378), 'training/rollout_time': np.float64(0.138), 'training/update_time': np.float64(0.008), 'training/approx_kl': 2.155760512323468e-06, 'training/entropy': 0.08689428865909576, 'training/policy_loss': -0.0020607663318514824, 'training/total_loss': -0.0015785105060786009, 'training/value_loss': 0.0009645115933381021}
{'eval/num_episodes': 200, 'eval/num_steps': 200, 'eval/mean_score': np.float64(0.999), 'eval/std_score': np.float64(0.007), 'eval/mean_episode_length': np.float64(1.0), 'eval/std_episode_length': np.float64(0.0), 'eval/eval_time': 0.07491898536682129}
{'training/total_steps': 8000, 'training/updates': 4, 'training/sps': np.float64(14271.243), 'training/walltime': np.float64(1.593), 'training/rollout_time': np.float64(0.132), 'training/update_time': np.float64(0.008), 'training/approx_kl': 1.973867483684444e-06, 'training/entropy': 0.08576185256242752, 'training/policy_loss': -0.001950570149347186, 'training/total_loss': -0.0016034659929573536, 'training/value_loss': 0.0006942081963643432}
{'eval/num_episodes': 200, 'eval/num_steps': 200, 'eval/mean_score': np.float64(0.999), 'eval/std_score': np.float64(0.01), 'eval/mean_episode_length': np.float64(1.0), 'eval/std_episode_length': np.float64(0.0), 'eval/eval_time': 0.07374310493469238}
{'training/total_steps': 10000, 'training/updates': 5, 'training/sps': np.float64(9473.387), 'training/walltime': np.float64(1.878), 'training/rollout_time': np.float64(0.202), 'training/update_time': np.float64(0.009), 'training/approx_kl': 1.2107417433071532e-06, 'training/entropy': 0.08473272621631622, 'training/policy_loss': -0.0014255399582907557, 'training/total_loss': -0.0011970439227297902, 'training/value_loss': 0.000456992129329592}
{'eval/num_episodes': 200, 'eval/num_steps': 200, 'eval/mean_score': np.float64(0.998), 'eval/std_score': np.float64(0.014), 'eval/mean_episode_length': np.float64(1.0), 'eval/std_episode_length': np.float64(0.0), 'eval/eval_time': 0.07376313209533691}
{'training/total_steps': 12000, 'training/updates': 6, 'training/sps': np.float64(14148.962), 'training/walltime': np.float64(2.094), 'training/rollout_time': np.float64(0.133), 'training/update_time': np.float64(0.008), 'training/approx_kl': 1.4330968269860023e-06, 'training/entropy': 0.08373893052339554, 'training/policy_loss': -0.0016638231463730335, 'training/total_loss': -0.0014872881583869457, 'training/value_loss': 0.00035307006328366697}
{'eval/num_episodes': 200, 'eval/num_steps': 200, 'eval/mean_score': np.float64(0.997), 'eval/std_score': np.float64(0.016), 'eval/mean_episode_length': np.float64(1.0), 'eval/std_episode_length': np.float64(0.0), 'eval/eval_time': 0.07283520698547363}
{'training/total_steps': 14000, 'training/updates': 7, 'training/sps': np.float64(14297.123), 'training/walltime': np.float64(2.307), 'training/rollout_time': np.float64(0.132), 'training/update_time': np.float64(0.008), 'training/approx_kl': 1.342352561550797e-06, 'training/entropy': 0.08272458612918854, 'training/policy_loss': -0.0016036734450608492, 'training/total_loss': -0.0014779057819396257, 'training/value_loss': 0.00025153550086542964}
{'eval/num_episodes': 200, 'eval/num_steps': 200, 'eval/mean_score': np.float64(0.999), 'eval/std_score': np.float64(0.01), 'eval/mean_episode_length': np.float64(1.0), 'eval/std_episode_length': np.float64(0.0), 'eval/eval_time': 0.07239103317260742}
{'training/total_steps': 16000, 'training/updates': 8, 'training/sps': np.float64(14011.395), 'training/walltime': np.float64(2.522), 'training/rollout_time': np.float64(0.135), 'training/update_time': np.float64(0.008), 'training/approx_kl': 1.0263491958539817e-06, 'training/entropy': 0.08176115155220032, 'training/policy_loss': -0.0013831744436174631, 'training/total_loss': -0.001298880553804338, 'training/value_loss': 0.000168587954249233}
{'eval/num_episodes': 200, 'eval/num_steps': 200, 'eval/mean_score': np.float64(0.998), 'eval/std_score': np.float64(0.014), 'eval/mean_episode_length': np.float64(1.0), 'eval/std_episode_length': np.float64(0.0), 'eval/eval_time': 0.07460403442382812}
{'training/total_steps': 18000, 'training/updates': 9, 'training/sps': np.float64(14429.705), 'training/walltime': np.float64(2.736), 'training/rollout_time': np.float64(0.131), 'training/update_time': np.float64(0.008), 'training/approx_kl': 7.899236607045168e-07, 'training/entropy': 0.08085718750953674, 'training/policy_loss': -0.0012230153661221266, 'training/total_loss': -0.001163475913926959, 'training/value_loss': 0.0001190790644614026}
{'eval/num_episodes': 200, 'eval/num_steps': 200, 'eval/mean_score': np.float64(0.998), 'eval/std_score': np.float64(0.012), 'eval/mean_episode_length': np.float64(1.0), 'eval/std_episode_length': np.float64(0.0), 'eval/eval_time': 0.07156991958618164}
{'training/total_steps': 20000, 'training/updates': 10, 'training/sps': np.float64(14363.514), 'training/walltime': np.float64(2.947), 'training/rollout_time': np.float64(0.131), 'training/update_time': np.float64(0.008), 'training/approx_kl': 1.225865048581909e-06, 'training/entropy': 0.07993517071008682, 'training/policy_loss': -0.0015081821475178003, 'training/total_loss': -0.0014499503886327147, 'training/value_loss': 0.00011646333587123081}
{'eval/num_episodes': 200, 'eval/num_steps': 200, 'eval/mean_score': np.float64(1.0), 'eval/std_score': np.float64(0.0), 'eval/mean_episode_length': np.float64(1.0), 'eval/std_episode_length': np.float64(0.0), 'eval/eval_time': 0.07268190383911133}
{'training/total_steps': 22000, 'training/updates': 11, 'training/sps': np.float64(14075.271), 'training/walltime': np.float64(3.162), 'training/rollout_time': np.float64(0.134), 'training/update_time': np.float64(0.008), 'training/approx_kl': 1.3742643432124169e-06, 'training/entropy': 0.0789605975151062, 'training/policy_loss': -0.0016129622235894203, 'training/total_loss': -0.0015629924600943923, 'training/value_loss': 9.993965795729309e-05}
{'eval/num_episodes': 200, 'eval/num_steps': 200, 'eval/mean_score': np.float64(0.999), 'eval/std_score': np.float64(0.01), 'eval/mean_episode_length': np.float64(1.0), 'eval/std_episode_length': np.float64(0.0), 'eval/eval_time': 0.07013392448425293}
{'training/total_steps': 24000, 'training/updates': 12, 'training/sps': np.float64(13670.444), 'training/walltime': np.float64(3.378), 'training/rollout_time': np.float64(0.138), 'training/update_time': np.float64(0.008), 'training/approx_kl': 1.3234559901320608e-06, 'training/entropy': 0.0779980719089508, 'training/policy_loss': -0.0015890704235062003, 'training/total_loss': -0.0015452740481123328, 'training/value_loss': 8.759276533965021e-05}
{'eval/num_episodes': 200, 'eval/num_steps': 200, 'eval/mean_score': np.float64(0.998), 'eval/std_score': np.float64(0.014), 'eval/mean_episode_length': np.float64(1.0), 'eval/std_episode_length': np.float64(0.0), 'eval/eval_time': 0.10323476791381836}
{'training/total_steps': 26000, 'training/updates': 13, 'training/sps': np.float64(13832.019), 'training/walltime': np.float64(3.627), 'training/rollout_time': np.float64(0.137), 'training/update_time': np.float64(0.008), 'training/approx_kl': 1.3425728866423015e-06, 'training/entropy': 0.07702968269586563, 'training/policy_loss': -0.0016198812518268824, 'training/total_loss': -0.0015761929098516703, 'training/value_loss': 8.737662574276328e-05}
{'eval/num_episodes': 200, 'eval/num_steps': 200, 'eval/mean_score': np.float64(0.999), 'eval/std_score': np.float64(0.01), 'eval/mean_episode_length': np.float64(1.0), 'eval/std_episode_length': np.float64(0.0), 'eval/eval_time': 0.07498693466186523}
{'training/total_steps': 28000, 'training/updates': 14, 'training/sps': np.float64(9500.746), 'training/walltime': np.float64(3.912), 'training/rollout_time': np.float64(0.201), 'training/update_time': np.float64(0.009), 'training/approx_kl': 1.4331560578284552e-06, 'training/entropy': 0.07606044411659241, 'training/policy_loss': -0.00168047402985394, 'training/total_loss': -0.0016383460024371743, 'training/value_loss': 8.425619307672605e-05}
{'eval/num_episodes': 200, 'eval/num_steps': 200, 'eval/mean_score': np.float64(0.999), 'eval/std_score': np.float64(0.01), 'eval/mean_episode_length': np.float64(1.0), 'eval/std_episode_length': np.float64(0.0), 'eval/eval_time': 0.07255411148071289}
{'training/total_steps': 30000, 'training/updates': 15, 'training/sps': np.float64(14561.306), 'training/walltime': np.float64(4.123), 'training/rollout_time': np.float64(0.13), 'training/update_time': np.float64(0.008), 'training/approx_kl': 8.387723937630653e-07, 'training/entropy': 0.07516723871231079, 'training/policy_loss': -0.001265083672478795, 'training/total_loss': -0.0012362382840365171, 'training/value_loss': 5.769064955529757e-05}
{'eval/num_episodes': 200, 'eval/num_steps': 200, 'eval/mean_score': np.float64(0.999), 'eval/std_score': np.float64(0.01), 'eval/mean_episode_length': np.float64(1.0), 'eval/std_episode_length': np.float64(0.0), 'eval/eval_time': 0.0721120834350586}
{'training/total_steps': 32000, 'training/updates': 16, 'training/sps': np.float64(13418.123), 'training/walltime': np.float64(4.344), 'training/rollout_time': np.float64(0.137), 'training/update_time': np.float64(0.012), 'training/approx_kl': 7.410403668473009e-07, 'training/entropy': 0.07435394078493118, 'training/policy_loss': -0.0012119172606617212, 'training/total_loss': -0.0011833140160888433, 'training/value_loss': 5.720659828511998e-05}
{'eval/num_episodes': 200, 'eval/num_steps': 200, 'eval/mean_score': np.float64(0.999), 'eval/std_score': np.float64(0.01), 'eval/mean_episode_length': np.float64(1.0), 'eval/std_episode_length': np.float64(0.0), 'eval/eval_time': 0.15745091438293457}
{'training/total_steps': 34000, 'training/updates': 17, 'training/sps': np.float64(14730.812), 'training/walltime': np.float64(4.638), 'training/rollout_time': np.float64(0.128), 'training/update_time': np.float64(0.008), 'training/approx_kl': 1.0828479162228177e-06, 'training/entropy': 0.0735115259885788, 'training/policy_loss': -0.0014240342425182462, 'training/total_loss': -0.0013881409540772438, 'training/value_loss': 7.178653322625905e-05}
{'eval/num_episodes': 200, 'eval/num_steps': 200, 'eval/mean_score': np.float64(0.999), 'eval/std_score': np.float64(0.007), 'eval/mean_episode_length': np.float64(1.0), 'eval/std_episode_length': np.float64(0.0), 'eval/eval_time': 0.07208800315856934}
{'training/total_steps': 36000, 'training/updates': 18, 'training/sps': np.float64(13335.741), 'training/walltime': np.float64(4.86), 'training/rollout_time': np.float64(0.142), 'training/update_time': np.float64(0.008), 'training/approx_kl': 1.757698100846028e-06, 'training/entropy': 0.07257774472236633, 'training/policy_loss': -0.0018540658056735992, 'training/total_loss': -0.001807242864742875, 'training/value_loss': 9.364566358271986e-05}
{'eval/num_episodes': 200, 'eval/num_steps': 200, 'eval/mean_score': np.float64(0.999), 'eval/std_score': np.float64(0.007), 'eval/mean_episode_length': np.float64(1.0), 'eval/std_episode_length': np.float64(0.0), 'eval/eval_time': 0.07280802726745605}
{'training/total_steps': 38000, 'training/updates': 19, 'training/sps': np.float64(14350.294), 'training/walltime': np.float64(5.073), 'training/rollout_time': np.float64(0.131), 'training/update_time': np.float64(0.008), 'training/approx_kl': 1.3411031432042364e-06, 'training/entropy': 0.0716414749622345, 'training/policy_loss': -0.0016188062727451324, 'training/total_loss': -0.0015830668853595853, 'training/value_loss': 7.147839642129838e-05}
{'eval/num_episodes': 200, 'eval/num_steps': 200, 'eval/mean_score': np.float64(0.998), 'eval/std_score': np.float64(0.012), 'eval/mean_episode_length': np.float64(1.0), 'eval/std_episode_length': np.float64(0.0), 'eval/eval_time': 0.07166504859924316}
{'training/total_steps': 40000, 'training/updates': 20, 'training/sps': np.float64(14284.268), 'training/walltime': np.float64(5.285), 'training/rollout_time': np.float64(0.132), 'training/update_time': np.float64(0.008), 'training/approx_kl': 9.909063010127284e-07, 'training/entropy': 0.07078969478607178, 'training/policy_loss': -0.0013855807483196259, 'training/total_loss': -0.0013547212583944201, 'training/value_loss': 6.171916902530938e-05}
{'eval/num_episodes': 200, 'eval/num_steps': 200, 'eval/mean_score': np.float64(0.998), 'eval/std_score': np.float64(0.012), 'eval/mean_episode_length': np.float64(1.0), 'eval/std_episode_length': np.float64(0.0), 'eval/eval_time': 0.07310700416564941}
{'training/total_steps': 42000, 'training/updates': 21, 'training/sps': np.float64(14467.283), 'training/walltime': np.float64(5.496), 'training/rollout_time': np.float64(0.13), 'training/update_time': np.float64(0.008), 'training/approx_kl': 8.809003020360251e-07, 'training/entropy': 0.0699806809425354, 'training/policy_loss': -0.0013170370366424322, 'training/total_loss': -0.0012861769646406174, 'training/value_loss': 6.171995482873172e-05}
{'eval/num_episodes': 200, 'eval/num_steps': 200, 'eval/mean_score': np.float64(0.999), 'eval/std_score': np.float64(0.007), 'eval/mean_episode_length': np.float64(1.0), 'eval/std_episode_length': np.float64(0.0), 'eval/eval_time': 0.11152219772338867}
{'training/total_steps': 44000, 'training/updates': 22, 'training/sps': np.float64(13878.084), 'training/walltime': np.float64(5.752), 'training/rollout_time': np.float64(0.136), 'training/update_time': np.float64(0.008), 'training/approx_kl': 6.895885462654405e-07, 'training/entropy': 0.06921690702438354, 'training/policy_loss': -0.0011633093236014247, 'training/total_loss': -0.0011373247252777219, 'training/value_loss': 5.196932761464268e-05}
{'eval/num_episodes': 200, 'eval/num_steps': 200, 'eval/mean_score': np.float64(0.999), 'eval/std_score': np.float64(0.007), 'eval/mean_episode_length': np.float64(1.0), 'eval/std_episode_length': np.float64(0.0), 'eval/eval_time': 0.0706169605255127}
{'training/total_steps': 46000, 'training/updates': 23, 'training/sps': np.float64(14253.226), 'training/walltime': np.float64(5.963), 'training/rollout_time': np.float64(0.132), 'training/update_time': np.float64(0.008), 'training/approx_kl': 4.739579821944062e-07, 'training/entropy': 0.06850536167621613, 'training/policy_loss': -0.0009396410314366221, 'training/total_loss': -0.0009173271246254444, 'training/value_loss': 4.462787910597399e-05}
{'eval/num_episodes': 200, 'eval/num_steps': 200, 'eval/mean_score': np.float64(0.997), 'eval/std_score': np.float64(0.016), 'eval/mean_episode_length': np.float64(1.0), 'eval/std_episode_length': np.float64(0.0), 'eval/eval_time': 0.07055783271789551}
{'training/total_steps': 48000, 'training/updates': 24, 'training/sps': np.float64(11259.604), 'training/walltime': np.float64(6.212), 'training/rollout_time': np.float64(0.17), 'training/update_time': np.float64(0.008), 'training/approx_kl': 5.971091354695091e-07, 'training/entropy': 0.06781527400016785, 'training/policy_loss': -0.0010586957214400172, 'training/total_loss': -0.0010339436121284962, 'training/value_loss': 4.950431321049109e-05}
{'eval/num_episodes': 200, 'eval/num_steps': 200, 'eval/mean_score': np.float64(0.999), 'eval/std_score': np.float64(0.007), 'eval/mean_episode_length': np.float64(1.0), 'eval/std_episode_length': np.float64(0.0), 'eval/eval_time': 0.07689881324768066}
{'training/total_steps': 50000, 'training/updates': 25, 'training/sps': np.float64(14154.763), 'training/walltime': np.float64(6.43), 'training/rollout_time': np.float64(0.133), 'training/update_time': np.float64(0.008), 'training/approx_kl': 4.570284204419295e-07, 'training/entropy': 0.06713154911994934, 'training/policy_loss': -0.0009651724249124527, 'training/total_loss': -0.0009440950816497207, 'training/value_loss': 4.21547083533369e-05}
{'eval/num_episodes': 200, 'eval/num_steps': 200, 'eval/mean_score': np.float64(0.999), 'eval/std_score': np.float64(0.01), 'eval/mean_episode_length': np.float64(1.0), 'eval/std_episode_length': np.float64(0.0), 'eval/eval_time': 0.07302403450012207}
{'training/total_steps': 52000, 'training/updates': 26, 'training/sps': np.float64(14150.561), 'training/walltime': np.float64(6.645), 'training/rollout_time': np.float64(0.134), 'training/update_time': np.float64(0.008), 'training/approx_kl': 1.175816237264371e-06, 'training/entropy': 0.06637785583734512, 'training/policy_loss': -0.0014979358529672027, 'training/total_loss': -0.0014597297413274646, 'training/value_loss': 7.641231786692515e-05}
{'eval/num_episodes': 200, 'eval/num_steps': 200, 'eval/mean_score': np.float64(0.999), 'eval/std_score': np.float64(0.01), 'eval/mean_episode_length': np.float64(1.0), 'eval/std_episode_length': np.float64(0.0), 'eval/eval_time': 0.07138490676879883}
{'training/total_steps': 54000, 'training/updates': 27, 'training/sps': np.float64(14289.378), 'training/walltime': np.float64(6.856), 'training/rollout_time': np.float64(0.132), 'training/update_time': np.float64(0.008), 'training/approx_kl': 1.1078348052251386e-06, 'training/entropy': 0.06555390357971191, 'training/policy_loss': -0.0014772792346775532, 'training/total_loss': -0.0014439777005463839, 'training/value_loss': 6.660327926510945e-05}
{'eval/num_episodes': 200, 'eval/num_steps': 200, 'eval/mean_score': np.float64(0.998), 'eval/std_score': np.float64(0.014), 'eval/mean_episode_length': np.float64(1.0), 'eval/std_episode_length': np.float64(0.0), 'eval/eval_time': 0.06988692283630371}
{'training/total_steps': 56000, 'training/updates': 28, 'training/sps': np.float64(14532.346), 'training/walltime': np.float64(7.064), 'training/rollout_time': np.float64(0.13), 'training/update_time': np.float64(0.008), 'training/approx_kl': 9.031715535456897e-07, 'training/entropy': 0.06476764380931854, 'training/policy_loss': -0.0013323170132935047, 'training/total_loss': -0.0013038954930379987, 'training/value_loss': 5.684292409569025e-05}
{'eval/num_episodes': 200, 'eval/num_steps': 200, 'eval/mean_score': np.float64(0.999), 'eval/std_score': np.float64(0.007), 'eval/mean_episode_length': np.float64(1.0), 'eval/std_episode_length': np.float64(0.0), 'eval/eval_time': 0.07265782356262207}
{'training/total_steps': 58000, 'training/updates': 29, 'training/sps': np.float64(14333.229), 'training/walltime': np.float64(7.277), 'training/rollout_time': np.float64(0.132), 'training/update_time': np.float64(0.008), 'training/approx_kl': 6.000646521897579e-07, 'training/entropy': 0.064054474234581, 'training/policy_loss': -0.0010672200005501509, 'training/total_loss': -0.001044904114678502, 'training/value_loss': 4.4631775381276384e-05}
{'eval/num_episodes': 200, 'eval/num_steps': 200, 'eval/mean_score': np.float64(0.999), 'eval/std_score': np.float64(0.01), 'eval/mean_episode_length': np.float64(1.0), 'eval/std_episode_length': np.float64(0.0), 'eval/eval_time': 0.07131195068359375}
{'training/total_steps': 60000, 'training/updates': 30, 'training/sps': np.float64(14396.669), 'training/walltime': np.float64(7.487), 'training/rollout_time': np.float64(0.131), 'training/update_time': np.float64(0.008), 'training/approx_kl': 1.002155272544769e-06, 'training/entropy': 0.06333258002996445, 'training/policy_loss': -0.0013713301159441471, 'training/total_loss': -0.0013380249729380012, 'training/value_loss': 6.661009683739394e-05}
{'eval/num_episodes': 200, 'eval/num_steps': 200, 'eval/mean_score': np.float64(0.999), 'eval/std_score': np.float64(0.007), 'eval/mean_episode_length': np.float64(1.0), 'eval/std_episode_length': np.float64(0.0), 'eval/eval_time': 0.07500171661376953}
TRAINING END: training duration: 7.562425136566162
{'final_eval/num_episodes': 200, 'final_eval/num_steps': 200, 'final_eval/mean_score': np.float64(1.0), 'final_eval/std_score': np.float64(0.0), 'final_eval/mean_episode_length': np.float64(1.0), 'final_eval/std_episode_length': np.float64(0.0)}

