|param: value|
|experiment_name:  pc_reinforce|
|seed:  4|
|write_logs_to_file:  False|
|save_model:  False|
|env_name:  bandit|
|num_envs:  8|
|num_train_levels:  200|
|distribution_mode:  easy|
|arm_means:  (1.0, 0.9)|
|deterministic_rewards:  True|
|eval_env:  True|
|num_eval_episodes:  200|
|eval_every:  1|
|total_timesteps:  60000|
|unroll_length:  250|
|learning_rate:  0.01|
|target_scale:  1.0|
|pc_steps_per_update:  1|
|max_t1:  20|
|width:  32|
|depth:  2|
|act_fn:  relu|
|policy_init_logit_bias:  [4.0, 0.0]|
|use_cnn:  False|
|policy_hidden_layer_sizes:  ()|
|value_hidden_layer_sizes:  ()|
|anneal_lr:  False|
|entropy_cost:  0.0|
|deterministic_eval:  False|
|gamma:  0.99|
{'training/total_steps': 2000, 'training/updates': 1, 'training/walltime': np.float64(1.629), 'training/update_time': np.float64(1.629), 'training/pc_loss': 0.00019851823162753135, 'training/mean_reward': 0.9978501200675964, 'training/mean_advantage_abs': 0.004207435995340347}
{'eval/num_episodes': 200, 'eval/mean_score': np.float64(0.9975), 'eval/std_score': np.float64(0.0156), 'eval/mean_episode_length': np.float64(1.0)}
{'training/total_steps': 4000, 'training/updates': 2, 'training/walltime': np.float64(1.908), 'training/update_time': np.float64(0.107), 'training/pc_loss': 0.00015969108790159225, 'training/mean_reward': 0.9983001351356506, 'training/mean_advantage_abs': 0.0033420699182897806}
{'eval/num_episodes': 200, 'eval/mean_score': np.float64(1.0), 'eval/std_score': np.float64(0.0), 'eval/mean_episode_length': np.float64(1.0)}
{'training/total_steps': 6000, 'training/updates': 3, 'training/walltime': np.float64(2.019), 'training/update_time': np.float64(0.109), 'training/pc_loss': 0.00012390161282382905, 'training/mean_reward': 0.9987001419067383, 'training/mean_advantage_abs': 0.0025660621467977762}
{'eval/num_episodes': 200, 'eval/mean_score': np.float64(0.999), 'eval/std_score': np.float64(0.0099), 'eval/mean_episode_length': np.float64(1.0)}
{'training/total_steps': 8000, 'training/updates': 4, 'training/walltime': np.float64(2.126), 'training/update_time': np.float64(0.106), 'training/pc_loss': 3.901835225406103e-05, 'training/mean_reward': 0.9996001124382019, 'training/mean_advantage_abs': 0.0007966886041685939}
{'eval/num_episodes': 200, 'eval/mean_score': np.float64(1.0), 'eval/std_score': np.float64(0.0), 'eval/mean_episode_length': np.float64(1.0)}
{'training/total_steps': 10000, 'training/updates': 5, 'training/walltime': np.float64(2.238), 'training/update_time': np.float64(0.111), 'training/pc_loss': 9.198450425174087e-05, 'training/mean_reward': 0.9990500807762146, 'training/mean_advantage_abs': 0.0018818710232153535}
{'eval/num_episodes': 200, 'eval/mean_score': np.float64(0.9995), 'eval/std_score': np.float64(0.0071), 'eval/mean_episode_length': np.float64(1.0)}
{'training/total_steps': 12000, 'training/updates': 6, 'training/walltime': np.float64(2.434), 'training/update_time': np.float64(0.195), 'training/pc_loss': 6.350726471282542e-05, 'training/mean_reward': 0.9993500709533691, 'training/mean_advantage_abs': 0.0012914801482111216}
{'eval/num_episodes': 200, 'eval/mean_score': np.float64(0.9995), 'eval/std_score': np.float64(0.0071), 'eval/mean_episode_length': np.float64(1.0)}
{'training/total_steps': 14000, 'training/updates': 7, 'training/walltime': np.float64(2.551), 'training/update_time': np.float64(0.117), 'training/pc_loss': 2.4680590286152437e-05, 'training/mean_reward': 0.999750018119812, 'training/mean_advantage_abs': 0.0004987320280633867}
{'eval/num_episodes': 200, 'eval/mean_score': np.float64(1.0), 'eval/std_score': np.float64(0.0), 'eval/mean_episode_length': np.float64(1.0)}
{'training/total_steps': 16000, 'training/updates': 8, 'training/walltime': np.float64(2.661), 'training/update_time': np.float64(0.109), 'training/pc_loss': 1.979886474146042e-05, 'training/mean_reward': 0.9998000860214233, 'training/mean_advantage_abs': 0.0003991143894381821}
{'eval/num_episodes': 200, 'eval/mean_score': np.float64(1.0), 'eval/std_score': np.float64(0.0), 'eval/mean_episode_length': np.float64(1.0)}
{'training/total_steps': 18000, 'training/updates': 9, 'training/walltime': np.float64(2.769), 'training/update_time': np.float64(0.107), 'training/pc_loss': 1.9824870832962915e-05, 'training/mean_reward': 0.9998000860214233, 'training/mean_advantage_abs': 0.0003991143894381821}
{'eval/num_episodes': 200, 'eval/mean_score': np.float64(1.0), 'eval/std_score': np.float64(0.0), 'eval/mean_episode_length': np.float64(1.0)}
{'training/total_steps': 20000, 'training/updates': 10, 'training/walltime': np.float64(2.88), 'training/update_time': np.float64(0.11), 'training/pc_loss': 9.94234414974926e-06, 'training/mean_reward': 0.9999000430107117, 'training/mean_advantage_abs': 0.00019975710893049836}
{'eval/num_episodes': 200, 'eval/mean_score': np.float64(1.0), 'eval/std_score': np.float64(0.0), 'eval/mean_episode_length': np.float64(1.0)}
{'training/total_steps': 22000, 'training/updates': 11, 'training/walltime': np.float64(2.986), 'training/update_time': np.float64(0.106), 'training/pc_loss': 4.979935965820914e-06, 'training/mean_reward': 0.9999500513076782, 'training/mean_advantage_abs': 9.989875979954377e-05}
{'eval/num_episodes': 200, 'eval/mean_score': np.float64(1.0), 'eval/std_score': np.float64(0.0), 'eval/mean_episode_length': np.float64(1.0)}
{'training/total_steps': 24000, 'training/updates': 12, 'training/walltime': np.float64(3.095), 'training/update_time': np.float64(0.108), 'training/pc_loss': 9.955672794603743e-06, 'training/mean_reward': 0.9999000430107117, 'training/mean_advantage_abs': 0.00019975710893049836}
{'eval/num_episodes': 200, 'eval/mean_score': np.float64(0.9995), 'eval/std_score': np.float64(0.0071), 'eval/mean_episode_length': np.float64(1.0)}
{'training/total_steps': 26000, 'training/updates': 13, 'training/walltime': np.float64(3.201), 'training/update_time': np.float64(0.105), 'training/pc_loss': 9.960157512978185e-06, 'training/mean_reward': 0.9999000430107117, 'training/mean_advantage_abs': 0.00019975710893049836}
{'eval/num_episodes': 200, 'eval/mean_score': np.float64(1.0), 'eval/std_score': np.float64(0.0), 'eval/mean_episode_length': np.float64(1.0)}
{'training/total_steps': 28000, 'training/updates': 14, 'training/walltime': np.float64(3.308), 'training/update_time': np.float64(0.106), 'training/pc_loss': 9.96375092654489e-06, 'training/mean_reward': 0.9999000430107117, 'training/mean_advantage_abs': 0.00019975710893049836}
{'eval/num_episodes': 200, 'eval/mean_score': np.float64(1.0), 'eval/std_score': np.float64(0.0), 'eval/mean_episode_length': np.float64(1.0)}
{'training/total_steps': 30000, 'training/updates': 15, 'training/walltime': np.float64(3.438), 'training/update_time': np.float64(0.13), 'training/pc_loss': 9.96661856333958e-06, 'training/mean_reward': 0.9999000430107117, 'training/mean_advantage_abs': 0.00019975710893049836}
{'eval/num_episodes': 200, 'eval/mean_score': np.float64(1.0), 'eval/std_score': np.float64(0.0), 'eval/mean_episode_length': np.float64(1.0)}
{'training/total_steps': 32000, 'training/updates': 16, 'training/walltime': np.float64(3.64), 'training/update_time': np.float64(0.202), 'training/pc_loss': 4.989457920601126e-06, 'training/mean_reward': 0.9999500513076782, 'training/mean_advantage_abs': 9.989875979954377e-05}
{'eval/num_episodes': 200, 'eval/mean_score': np.float64(1.0), 'eval/std_score': np.float64(0.0), 'eval/mean_episode_length': np.float64(1.0)}
{'training/total_steps': 34000, 'training/updates': 17, 'training/walltime': np.float64(3.755), 'training/update_time': np.float64(0.114), 'training/pc_loss': 4.990369234292302e-06, 'training/mean_reward': 0.9999500513076782, 'training/mean_advantage_abs': 9.989875979954377e-05}
{'eval/num_episodes': 200, 'eval/mean_score': np.float64(1.0), 'eval/std_score': np.float64(0.0), 'eval/mean_episode_length': np.float64(1.0)}
{'training/total_steps': 36000, 'training/updates': 18, 'training/walltime': np.float64(3.863), 'training/update_time': np.float64(0.107), 'training/pc_loss': 4.991119567421265e-06, 'training/mean_reward': 0.9999500513076782, 'training/mean_advantage_abs': 9.989875979954377e-05}
{'eval/num_episodes': 200, 'eval/mean_score': np.float64(1.0), 'eval/std_score': np.float64(0.0), 'eval/mean_episode_length': np.float64(1.0)}
{'training/total_steps': 38000, 'training/updates': 19, 'training/walltime': np.float64(3.973), 'training/update_time': np.float64(0.109), 'training/pc_loss': 4.99173256685026e-06, 'training/mean_reward': 0.9999500513076782, 'training/mean_advantage_abs': 9.989875979954377e-05}
{'eval/num_episodes': 200, 'eval/mean_score': np.float64(1.0), 'eval/std_score': np.float64(0.0), 'eval/mean_episode_length': np.float64(1.0)}
{'training/total_steps': 40000, 'training/updates': 20, 'training/walltime': np.float64(4.141), 'training/update_time': np.float64(0.167), 'training/pc_loss': 0.0, 'training/mean_reward': 1.0, 'training/mean_advantage_abs': 0.0}
{'eval/num_episodes': 200, 'eval/mean_score': np.float64(1.0), 'eval/std_score': np.float64(0.0), 'eval/mean_episode_length': np.float64(1.0)}
{'training/total_steps': 42000, 'training/updates': 21, 'training/walltime': np.float64(4.275), 'training/update_time': np.float64(0.133), 'training/pc_loss': 4.992602498532506e-06, 'training/mean_reward': 0.9999500513076782, 'training/mean_advantage_abs': 9.989875979954377e-05}
{'eval/num_episodes': 200, 'eval/mean_score': np.float64(1.0), 'eval/std_score': np.float64(0.0), 'eval/mean_episode_length': np.float64(1.0)}
{'training/total_steps': 44000, 'training/updates': 22, 'training/walltime': np.float64(4.378), 'training/update_time': np.float64(0.102), 'training/pc_loss': 0.0, 'training/mean_reward': 1.0, 'training/mean_advantage_abs': 0.0}
{'eval/num_episodes': 200, 'eval/mean_score': np.float64(1.0), 'eval/std_score': np.float64(0.0), 'eval/mean_episode_length': np.float64(1.0)}
{'training/total_steps': 46000, 'training/updates': 23, 'training/walltime': np.float64(4.488), 'training/update_time': np.float64(0.109), 'training/pc_loss': 0.0, 'training/mean_reward': 1.0, 'training/mean_advantage_abs': 0.0}
{'eval/num_episodes': 200, 'eval/mean_score': np.float64(1.0), 'eval/std_score': np.float64(0.0), 'eval/mean_episode_length': np.float64(1.0)}
{'training/total_steps': 48000, 'training/updates': 24, 'training/walltime': np.float64(4.593), 'training/update_time': np.float64(0.105), 'training/pc_loss': 0.0, 'training/mean_reward': 1.0, 'training/mean_advantage_abs': 0.0}
{'eval/num_episodes': 200, 'eval/mean_score': np.float64(1.0), 'eval/std_score': np.float64(0.0), 'eval/mean_episode_length': np.float64(1.0)}
{'training/total_steps': 50000, 'training/updates': 25, 'training/walltime': np.float64(4.696), 'training/update_time': np.float64(0.102), 'training/pc_loss': 0.0, 'training/mean_reward': 1.0, 'training/mean_advantage_abs': 0.0}
{'eval/num_episodes': 200, 'eval/mean_score': np.float64(1.0), 'eval/std_score': np.float64(0.0), 'eval/mean_episode_length': np.float64(1.0)}
{'training/total_steps': 52000, 'training/updates': 26, 'training/walltime': np.float64(4.799), 'training/update_time': np.float64(0.102), 'training/pc_loss': 4.993734364688862e-06, 'training/mean_reward': 0.9999500513076782, 'training/mean_advantage_abs': 9.989875979954377e-05}
{'eval/num_episodes': 200, 'eval/mean_score': np.float64(1.0), 'eval/std_score': np.float64(0.0), 'eval/mean_episode_length': np.float64(1.0)}
{'training/total_steps': 54000, 'training/updates': 27, 'training/walltime': np.float64(4.908), 'training/update_time': np.float64(0.108), 'training/pc_loss': 0.0, 'training/mean_reward': 1.0, 'training/mean_advantage_abs': 0.0}
{'eval/num_episodes': 200, 'eval/mean_score': np.float64(1.0), 'eval/std_score': np.float64(0.0), 'eval/mean_episode_length': np.float64(1.0)}
{'training/total_steps': 56000, 'training/updates': 28, 'training/walltime': np.float64(5.013), 'training/update_time': np.float64(0.104), 'training/pc_loss': 0.0, 'training/mean_reward': 1.0, 'training/mean_advantage_abs': 0.0}
{'eval/num_episodes': 200, 'eval/mean_score': np.float64(1.0), 'eval/std_score': np.float64(0.0), 'eval/mean_episode_length': np.float64(1.0)}
{'training/total_steps': 58000, 'training/updates': 29, 'training/walltime': np.float64(5.114), 'training/update_time': np.float64(0.1), 'training/pc_loss': 0.0, 'training/mean_reward': 1.0, 'training/mean_advantage_abs': 0.0}
{'eval/num_episodes': 200, 'eval/mean_score': np.float64(1.0), 'eval/std_score': np.float64(0.0), 'eval/mean_episode_length': np.float64(1.0)}
{'training/total_steps': 60000, 'training/updates': 30, 'training/walltime': np.float64(5.217), 'training/update_time': np.float64(0.102), 'training/pc_loss': 0.0, 'training/mean_reward': 1.0, 'training/mean_advantage_abs': 0.0}
{'eval/num_episodes': 200, 'eval/mean_score': np.float64(1.0), 'eval/std_score': np.float64(0.0), 'eval/mean_episode_length': np.float64(1.0)}
TRAINING END: training duration: 5.217598915100098
