|param: value|
|experiment_name:  reinforce_procgen|
|seed:  3|
|platform:  cpu|
|write_logs_to_file:  False|
|save_model:  False|
|env_name:  bandit|
|num_envs:  1|
|num_train_levels:  200|
|distribution_mode:  easy|
|arm_means:  (1.0, 0.9)|
|deterministic_rewards:  True|
|eval_env:  True|
|num_eval_episodes:  200|
|eval_every:  1|
|deterministic_eval:  False|
|normalize_observations:  True|
|total_timesteps:  60000|
|learning_rate:  0.5|
|optimizer:  sgd|
|unroll_length:  2048|
|anneal_lr:  False|
|gamma:  0.99|
|batch_size:  1|
|num_minibatches:  1|
|update_epochs:  1|
|entropy_cost:  0.0|
|max_grad_norm:  0.5|
|reward_scaling:  1.0|
|use_cnn:  False|
|policy_hidden_layer_sizes:  ()|
|value_hidden_layer_sizes:  ()|
|activation:  <jax._src.custom_derivatives.custom_jvp object at 0x105d50e90>|
|policy_init_logit_bias:  [0.0, 0.0]|
{'training/total_steps': 2000, 'training/updates': 1, 'training/sps': np.float64(2085.86), 'training/walltime': np.float64(0.959), 'training/rollout_time': np.float64(0.389), 'training/update_time': np.float64(0.569), 'training/approx_kl': 0.0, 'training/entropy': 0.693147599697113, 'training/policy_loss': 0.48071807622909546, 'training/total_loss': 0.7224594354629517, 'training/value_loss': 0.48348268866539}
{'eval/num_episodes': 200, 'eval/num_steps': 200, 'eval/mean_score': np.float64(0.952), 'eval/std_score': np.float64(0.05), 'eval/mean_episode_length': np.float64(1.0), 'eval/std_episode_length': np.float64(0.0), 'eval/eval_time': 0.06984925270080566}
{'training/total_steps': 4000, 'training/updates': 2, 'training/sps': np.float64(5990.378), 'training/walltime': np.float64(1.363), 'training/rollout_time': np.float64(0.332), 'training/update_time': np.float64(0.001), 'training/approx_kl': 0.0, 'training/entropy': 0.6930962204933167, 'training/policy_loss': 0.23597975075244904, 'training/total_loss': 0.2954261302947998, 'training/value_loss': 0.11889278143644333}
{'eval/num_episodes': 200, 'eval/num_steps': 200, 'eval/mean_score': np.float64(0.956), 'eval/std_score': np.float64(0.05), 'eval/mean_episode_length': np.float64(1.0), 'eval/std_episode_length': np.float64(0.0), 'eval/eval_time': 0.07019591331481934}
{'training/total_steps': 6000, 'training/updates': 3, 'training/sps': np.float64(6749.417), 'training/walltime': np.float64(1.73), 'training/rollout_time': np.float64(0.295), 'training/update_time': np.float64(0.001), 'training/approx_kl': 0.0, 'training/entropy': 0.6925736665725708, 'training/policy_loss': 0.0005628354847431183, 'training/total_loss': 0.0018123448826372623, 'training/value_loss': 0.002499018795788288}
{'eval/num_episodes': 200, 'eval/num_steps': 200, 'eval/mean_score': np.float64(0.952), 'eval/std_score': np.float64(0.05), 'eval/mean_episode_length': np.float64(1.0), 'eval/std_episode_length': np.float64(0.0), 'eval/eval_time': 0.06942629814147949}
{'training/total_steps': 8000, 'training/updates': 4, 'training/sps': np.float64(5750.565), 'training/walltime': np.float64(2.148), 'training/rollout_time': np.float64(0.346), 'training/update_time': np.float64(0.001), 'training/approx_kl': 0.0, 'training/entropy': 0.6914209127426147, 'training/policy_loss': -0.0013546374393627048, 'training/total_loss': -0.00011806702241301537, 'training/value_loss': 0.0024731408338993788}
{'eval/num_episodes': 200, 'eval/num_steps': 200, 'eval/mean_score': np.float64(0.95), 'eval/std_score': np.float64(0.05), 'eval/mean_episode_length': np.float64(1.0), 'eval/std_episode_length': np.float64(0.0), 'eval/eval_time': 0.06985116004943848}
{'training/total_steps': 10000, 'training/updates': 5, 'training/sps': np.float64(6800.942), 'training/walltime': np.float64(2.512), 'training/rollout_time': np.float64(0.293), 'training/update_time': np.float64(0.001), 'training/approx_kl': 0.0, 'training/entropy': 0.689668595790863, 'training/policy_loss': -0.0038066785782575607, 'training/total_loss': -0.002575181657448411, 'training/value_loss': 0.0024629938416182995}
{'eval/num_episodes': 200, 'eval/num_steps': 200, 'eval/mean_score': np.float64(0.959), 'eval/std_score': np.float64(0.049), 'eval/mean_episode_length': np.float64(1.0), 'eval/std_episode_length': np.float64(0.0), 'eval/eval_time': 0.06972789764404297}
{'training/total_steps': 12000, 'training/updates': 6, 'training/sps': np.float64(6261.543), 'training/walltime': np.float64(2.901), 'training/rollout_time': np.float64(0.318), 'training/update_time': np.float64(0.002), 'training/approx_kl': 3.206730170290939e-08, 'training/entropy': 0.6873283982276917, 'training/policy_loss': -0.006967113818973303, 'training/total_loss': -0.00572168780490756, 'training/value_loss': 0.002490852028131485}
{'eval/num_episodes': 200, 'eval/num_steps': 200, 'eval/mean_score': np.float64(0.961), 'eval/std_score': np.float64(0.049), 'eval/mean_episode_length': np.float64(1.0), 'eval/std_episode_length': np.float64(0.0), 'eval/eval_time': 0.0719141960144043}
{'training/total_steps': 14000, 'training/updates': 7, 'training/sps': np.float64(6645.421), 'training/walltime': np.float64(3.275), 'training/rollout_time': np.float64(0.3), 'training/update_time': np.float64(0.001), 'training/approx_kl': 0.0, 'training/entropy': 0.6843695640563965, 'training/policy_loss': -0.001987151335924864, 'training/total_loss': -0.0007690707570873201, 'training/value_loss': 0.0024361610412597656}
{'eval/num_episodes': 200, 'eval/num_steps': 200, 'eval/mean_score': np.float64(0.955), 'eval/std_score': np.float64(0.05), 'eval/mean_episode_length': np.float64(1.0), 'eval/std_episode_length': np.float64(0.0), 'eval/eval_time': 0.06958317756652832}
{'training/total_steps': 16000, 'training/updates': 8, 'training/sps': np.float64(6738.455), 'training/walltime': np.float64(3.641), 'training/rollout_time': np.float64(0.295), 'training/update_time': np.float64(0.001), 'training/approx_kl': 0.0, 'training/entropy': 0.6809329986572266, 'training/policy_loss': -0.009042034856975079, 'training/total_loss': -0.007823963649570942, 'training/value_loss': 0.0024361417163163424}
{'eval/num_episodes': 200, 'eval/num_steps': 200, 'eval/mean_score': np.float64(0.965), 'eval/std_score': np.float64(0.048), 'eval/mean_episode_length': np.float64(1.0), 'eval/std_episode_length': np.float64(0.0), 'eval/eval_time': 0.0706179141998291}
{'training/total_steps': 18000, 'training/updates': 9, 'training/sps': np.float64(6148.32), 'training/walltime': np.float64(4.038), 'training/rollout_time': np.float64(0.324), 'training/update_time': np.float64(0.001), 'training/approx_kl': 0.0, 'training/entropy': 0.676930844783783, 'training/policy_loss': -0.006354128941893578, 'training/total_loss': -0.00516579719260335, 'training/value_loss': 0.0023766637314110994}
{'eval/num_episodes': 200, 'eval/num_steps': 200, 'eval/mean_score': np.float64(0.956), 'eval/std_score': np.float64(0.05), 'eval/mean_episode_length': np.float64(1.0), 'eval/std_episode_length': np.float64(0.0), 'eval/eval_time': 0.0701298713684082}
{'training/total_steps': 20000, 'training/updates': 10, 'training/sps': np.float64(6744.501), 'training/walltime': np.float64(4.405), 'training/rollout_time': np.float64(0.295), 'training/update_time': np.float64(0.001), 'training/approx_kl': 0.0, 'training/entropy': 0.6725063323974609, 'training/policy_loss': -0.008608676493167877, 'training/total_loss': -0.00744277611374855, 'training/value_loss': 0.0023318009916692972}
{'eval/num_episodes': 200, 'eval/num_steps': 200, 'eval/mean_score': np.float64(0.961), 'eval/std_score': np.float64(0.049), 'eval/mean_episode_length': np.float64(1.0), 'eval/std_episode_length': np.float64(0.0), 'eval/eval_time': 0.0692911148071289}
{'training/total_steps': 22000, 'training/updates': 11, 'training/sps': np.float64(6185.897), 'training/walltime': np.float64(4.798), 'training/rollout_time': np.float64(0.322), 'training/update_time': np.float64(0.002), 'training/approx_kl': 0.0, 'training/entropy': 0.6676737666130066, 'training/policy_loss': -0.011938822455704212, 'training/total_loss': -0.010752440430223942, 'training/value_loss': 0.002372763818129897}
{'eval/num_episodes': 200, 'eval/num_steps': 200, 'eval/mean_score': np.float64(0.959), 'eval/std_score': np.float64(0.049), 'eval/mean_episode_length': np.float64(1.0), 'eval/std_episode_length': np.float64(0.0), 'eval/eval_time': 0.07105803489685059}
{'training/total_steps': 24000, 'training/updates': 12, 'training/sps': np.float64(6734.457), 'training/walltime': np.float64(5.166), 'training/rollout_time': np.float64(0.296), 'training/update_time': np.float64(0.001), 'training/approx_kl': 0.0, 'training/entropy': 0.6622925400733948, 'training/policy_loss': -0.011727037839591503, 'training/total_loss': -0.010545437224209309, 'training/value_loss': 0.0023632007651031017}
{'eval/num_episodes': 200, 'eval/num_steps': 200, 'eval/mean_score': np.float64(0.959), 'eval/std_score': np.float64(0.049), 'eval/mean_episode_length': np.float64(1.0), 'eval/std_episode_length': np.float64(0.0), 'eval/eval_time': 0.07282805442810059}
{'training/total_steps': 26000, 'training/updates': 13, 'training/sps': np.float64(6554.322), 'training/walltime': np.float64(5.545), 'training/rollout_time': np.float64(0.304), 'training/update_time': np.float64(0.001), 'training/approx_kl': 0.0, 'training/entropy': 0.6564674377441406, 'training/policy_loss': -0.012287860736250877, 'training/total_loss': -0.0111174201592803, 'training/value_loss': 0.002340881386771798}
{'eval/num_episodes': 200, 'eval/num_steps': 200, 'eval/mean_score': np.float64(0.962), 'eval/std_score': np.float64(0.048), 'eval/mean_episode_length': np.float64(1.0), 'eval/std_episode_length': np.float64(0.0), 'eval/eval_time': 0.06910419464111328}
{'training/total_steps': 28000, 'training/updates': 14, 'training/sps': np.float64(6374.768), 'training/walltime': np.float64(5.928), 'training/rollout_time': np.float64(0.312), 'training/update_time': np.float64(0.001), 'training/approx_kl': 0.0, 'training/entropy': 0.6502666473388672, 'training/policy_loss': -0.011205463670194149, 'training/total_loss': -0.010079116560518742, 'training/value_loss': 0.002252693986520171}
{'eval/num_episodes': 200, 'eval/num_steps': 200, 'eval/mean_score': np.float64(0.963), 'eval/std_score': np.float64(0.048), 'eval/mean_episode_length': np.float64(1.0), 'eval/std_episode_length': np.float64(0.0), 'eval/eval_time': 0.06956696510314941}
{'training/total_steps': 30000, 'training/updates': 15, 'training/sps': np.float64(6704.75), 'training/walltime': np.float64(6.296), 'training/rollout_time': np.float64(0.297), 'training/update_time': np.float64(0.001), 'training/approx_kl': 0.0, 'training/entropy': 0.6439222693443298, 'training/policy_loss': -0.01518619991838932, 'training/total_loss': -0.014051314443349838, 'training/value_loss': 0.002269771182909608}
{'eval/num_episodes': 200, 'eval/num_steps': 200, 'eval/mean_score': np.float64(0.962), 'eval/std_score': np.float64(0.049), 'eval/mean_episode_length': np.float64(1.0), 'eval/std_episode_length': np.float64(0.0), 'eval/eval_time': 0.07044196128845215}
{'training/total_steps': 32000, 'training/updates': 16, 'training/sps': np.float64(6015.711), 'training/walltime': np.float64(6.699), 'training/rollout_time': np.float64(0.331), 'training/update_time': np.float64(0.002), 'training/approx_kl': 0.0, 'training/entropy': 0.6371429562568665, 'training/policy_loss': -0.014307474717497826, 'training/total_loss': -0.013196554034948349, 'training/value_loss': 0.0022218404337763786}
{'eval/num_episodes': 200, 'eval/num_steps': 200, 'eval/mean_score': np.float64(0.967), 'eval/std_score': np.float64(0.047), 'eval/mean_episode_length': np.float64(1.0), 'eval/std_episode_length': np.float64(0.0), 'eval/eval_time': 0.07466697692871094}
{'training/total_steps': 34000, 'training/updates': 17, 'training/sps': np.float64(6699.16), 'training/walltime': np.float64(7.073), 'training/rollout_time': np.float64(0.297), 'training/update_time': np.float64(0.001), 'training/approx_kl': 0.0, 'training/entropy': 0.630169689655304, 'training/policy_loss': -0.015705255791544914, 'training/total_loss': -0.014606423676013947, 'training/value_loss': 0.0021976639982312918}
{'eval/num_episodes': 200, 'eval/num_steps': 200, 'eval/mean_score': np.float64(0.965), 'eval/std_score': np.float64(0.048), 'eval/mean_episode_length': np.float64(1.0), 'eval/std_episode_length': np.float64(0.0), 'eval/eval_time': 0.06987595558166504}
{'training/total_steps': 36000, 'training/updates': 18, 'training/sps': np.float64(6710.849), 'training/walltime': np.float64(7.441), 'training/rollout_time': np.float64(0.297), 'training/update_time': np.float64(0.002), 'training/approx_kl': 0.0, 'training/entropy': 0.6229515671730042, 'training/policy_loss': -0.01590842194855213, 'training/total_loss': -0.014832422137260437, 'training/value_loss': 0.002152000553905964}
{'eval/num_episodes': 200, 'eval/num_steps': 200, 'eval/mean_score': np.float64(0.972), 'eval/std_score': np.float64(0.045), 'eval/mean_episode_length': np.float64(1.0), 'eval/std_episode_length': np.float64(0.0), 'eval/eval_time': 0.07078695297241211}
{'training/total_steps': 38000, 'training/updates': 19, 'training/sps': np.float64(6198.068), 'training/walltime': np.float64(7.835), 'training/rollout_time': np.float64(0.321), 'training/update_time': np.float64(0.001), 'training/approx_kl': 0.0, 'training/entropy': 0.6155987977981567, 'training/policy_loss': -0.015737922862172127, 'training/total_loss': -0.014701101928949356, 'training/value_loss': 0.002073641400784254}
{'eval/num_episodes': 200, 'eval/num_steps': 200, 'eval/mean_score': np.float64(0.968), 'eval/std_score': np.float64(0.047), 'eval/mean_episode_length': np.float64(1.0), 'eval/std_episode_length': np.float64(0.0), 'eval/eval_time': 0.0707700252532959}
{'training/total_steps': 40000, 'training/updates': 20, 'training/sps': np.float64(6768.058), 'training/walltime': np.float64(8.202), 'training/rollout_time': np.float64(0.294), 'training/update_time': np.float64(0.002), 'training/approx_kl': 0.0, 'training/entropy': 0.608261227607727, 'training/policy_loss': -0.01966332644224167, 'training/total_loss': -0.018589181825518608, 'training/value_loss': 0.002148288767784834}
{'eval/num_episodes': 200, 'eval/num_steps': 200, 'eval/mean_score': np.float64(0.973), 'eval/std_score': np.float64(0.044), 'eval/mean_episode_length': np.float64(1.0), 'eval/std_episode_length': np.float64(0.0), 'eval/eval_time': 0.07114315032958984}
{'training/total_steps': 42000, 'training/updates': 21, 'training/sps': np.float64(6756.327), 'training/walltime': np.float64(8.569), 'training/rollout_time': np.float64(0.295), 'training/update_time': np.float64(0.002), 'training/approx_kl': 0.0, 'training/entropy': 0.6004111170768738, 'training/policy_loss': -0.01685374230146408, 'training/total_loss': -0.0158313550055027, 'training/value_loss': 0.0020447736606001854}
{'eval/num_episodes': 200, 'eval/num_steps': 200, 'eval/mean_score': np.float64(0.967), 'eval/std_score': np.float64(0.047), 'eval/mean_episode_length': np.float64(1.0), 'eval/std_episode_length': np.float64(0.0), 'eval/eval_time': 0.07054686546325684}
{'training/total_steps': 44000, 'training/updates': 22, 'training/sps': np.float64(6233.556), 'training/walltime': np.float64(8.961), 'training/rollout_time': np.float64(0.319), 'training/update_time': np.float64(0.001), 'training/approx_kl': 0.0, 'training/entropy': 0.592742919921875, 'training/policy_loss': -0.019519342109560966, 'training/total_loss': -0.018495092168450356, 'training/value_loss': 0.00204850104637444}
{'eval/num_episodes': 200, 'eval/num_steps': 200, 'eval/mean_score': np.float64(0.962), 'eval/std_score': np.float64(0.049), 'eval/mean_episode_length': np.float64(1.0), 'eval/std_episode_length': np.float64(0.0), 'eval/eval_time': 0.07093095779418945}
{'training/total_steps': 46000, 'training/updates': 23, 'training/sps': np.float64(6849.571), 'training/walltime': np.float64(9.324), 'training/rollout_time': np.float64(0.291), 'training/update_time': np.float64(0.001), 'training/approx_kl': 0.0, 'training/entropy': 0.5848401188850403, 'training/policy_loss': -0.01709822006523609, 'training/total_loss': -0.01613881252706051, 'training/value_loss': 0.0019188134465366602}
{'eval/num_episodes': 200, 'eval/num_steps': 200, 'eval/mean_score': np.float64(0.972), 'eval/std_score': np.float64(0.045), 'eval/mean_episode_length': np.float64(1.0), 'eval/std_episode_length': np.float64(0.0), 'eval/eval_time': 0.0682229995727539}
{'training/total_steps': 48000, 'training/updates': 24, 'training/sps': np.float64(6076.83), 'training/walltime': np.float64(9.722), 'training/rollout_time': np.float64(0.328), 'training/update_time': np.float64(0.001), 'training/approx_kl': 0.0, 'training/entropy': 0.5772915482521057, 'training/policy_loss': -0.021811967715620995, 'training/total_loss': -0.02080618217587471, 'training/value_loss': 0.0020115706138312817}
{'eval/num_episodes': 200, 'eval/num_steps': 200, 'eval/mean_score': np.float64(0.978), 'eval/std_score': np.float64(0.041), 'eval/mean_episode_length': np.float64(1.0), 'eval/std_episode_length': np.float64(0.0), 'eval/eval_time': 0.07051491737365723}
{'training/total_steps': 50000, 'training/updates': 25, 'training/sps': np.float64(6645.379), 'training/walltime': np.float64(10.094), 'training/rollout_time': np.float64(0.3), 'training/update_time': np.float64(0.001), 'training/approx_kl': 0.0, 'training/entropy': 0.569206178188324, 'training/policy_loss': -0.019565917551517487, 'training/total_loss': -0.01860007643699646, 'training/value_loss': 0.0019316811813041568}
{'eval/num_episodes': 200, 'eval/num_steps': 200, 'eval/mean_score': np.float64(0.978), 'eval/std_score': np.float64(0.041), 'eval/mean_episode_length': np.float64(1.0), 'eval/std_episode_length': np.float64(0.0), 'eval/eval_time': 0.06933712959289551}
{'training/total_steps': 52000, 'training/updates': 26, 'training/sps': np.float64(6803.325), 'training/walltime': np.float64(10.458), 'training/rollout_time': np.float64(0.293), 'training/update_time': np.float64(0.001), 'training/approx_kl': 0.0, 'training/entropy': 0.5613109469413757, 'training/policy_loss': -0.022002041339874268, 'training/total_loss': -0.021022111177444458, 'training/value_loss': 0.00195986102335155}
{'eval/num_episodes': 200, 'eval/num_steps': 200, 'eval/mean_score': np.float64(0.981), 'eval/std_score': np.float64(0.039), 'eval/mean_episode_length': np.float64(1.0), 'eval/std_episode_length': np.float64(0.0), 'eval/eval_time': 0.07127094268798828}
{'training/total_steps': 54000, 'training/updates': 27, 'training/sps': np.float64(6369.081), 'training/walltime': np.float64(10.843), 'training/rollout_time': np.float64(0.313), 'training/update_time': np.float64(0.001), 'training/approx_kl': 0.0, 'training/entropy': 0.5531550645828247, 'training/policy_loss': -0.01927332393825054, 'training/total_loss': -0.018358703702688217, 'training/value_loss': 0.0018292390741407871}
{'eval/num_episodes': 200, 'eval/num_steps': 200, 'eval/mean_score': np.float64(0.971), 'eval/std_score': np.float64(0.045), 'eval/mean_episode_length': np.float64(1.0), 'eval/std_episode_length': np.float64(0.0), 'eval/eval_time': 0.06980514526367188}
{'training/total_steps': 56000, 'training/updates': 28, 'training/sps': np.float64(6680.982), 'training/walltime': np.float64(11.213), 'training/rollout_time': np.float64(0.298), 'training/update_time': np.float64(0.001), 'training/approx_kl': 0.0, 'training/entropy': 0.5454720854759216, 'training/policy_loss': -0.02188626118004322, 'training/total_loss': -0.02096644416451454, 'training/value_loss': 0.0018396337982267141}
{'eval/num_episodes': 200, 'eval/num_steps': 200, 'eval/mean_score': np.float64(0.973), 'eval/std_score': np.float64(0.044), 'eval/mean_episode_length': np.float64(1.0), 'eval/std_episode_length': np.float64(0.0), 'eval/eval_time': 0.07161188125610352}
{'training/total_steps': 58000, 'training/updates': 29, 'training/sps': np.float64(6110.169), 'training/walltime': np.float64(11.612), 'training/rollout_time': np.float64(0.326), 'training/update_time': np.float64(0.002), 'training/approx_kl': 0.0, 'training/entropy': 0.537623405456543, 'training/policy_loss': -0.019713692367076874, 'training/total_loss': -0.018851762637495995, 'training/value_loss': 0.001723860390484333}
{'eval/num_episodes': 200, 'eval/num_steps': 200, 'eval/mean_score': np.float64(0.977), 'eval/std_score': np.float64(0.042), 'eval/mean_episode_length': np.float64(1.0), 'eval/std_episode_length': np.float64(0.0), 'eval/eval_time': 0.07355809211730957}
{'training/total_steps': 60000, 'training/updates': 30, 'training/sps': np.float64(6551.471), 'training/walltime': np.float64(11.991), 'training/rollout_time': np.float64(0.304), 'training/update_time': np.float64(0.002), 'training/approx_kl': 0.0, 'training/entropy': 0.5302087068557739, 'training/policy_loss': -0.019284754991531372, 'training/total_loss': -0.018475666642189026, 'training/value_loss': 0.0016181784449145198}
{'eval/num_episodes': 200, 'eval/num_steps': 200, 'eval/mean_score': np.float64(0.979), 'eval/std_score': np.float64(0.041), 'eval/mean_episode_length': np.float64(1.0), 'eval/std_episode_length': np.float64(0.0), 'eval/eval_time': 0.07140016555786133}
TRAINING END: training duration: 12.063263893127441
{'final_eval/num_episodes': 200, 'final_eval/num_steps': 200, 'final_eval/mean_score': np.float64(1.0), 'final_eval/std_score': np.float64(0.0), 'final_eval/mean_episode_length': np.float64(1.0), 'final_eval/std_episode_length': np.float64(0.0)}
