|param: value|
|experiment_name:  trpo_procgen|
|seed:  2|
|platform:  cpu|
|write_logs_to_file:  False|
|save_model:  False|
|env_name:  bandit|
|num_envs:  8|
|num_train_levels:  200|
|distribution_mode:  easy|
|arm_means:  (1.0, 0.9)|
|deterministic_rewards:  True|
|eval_env:  True|
|num_eval_episodes:  200|
|eval_every:  1|
|deterministic_eval:  False|
|normalize_observations:  True|
|total_timesteps:  60000|
|learning_rate:  0.01|
|unroll_length:  250|
|anneal_lr:  False|
|gamma:  0.99|
|gae_lambda:  0.95|
|batch_size:  1|
|num_minibatches:  8|
|update_epochs:  10|
|normalize_advantages:  True|
|target_kl:  0.01|
|cg_damping:  0.1|
|cg_max_iterations:  10|
|line_search_max_iter:  10|
|line_search_shrinking_factor:  0.8|
|vf_cost:  1.0|
|max_grad_norm:  0.5|
|reward_scaling:  1.0|
|use_cnn:  False|
|policy_hidden_layer_sizes:  ()|
|value_hidden_layer_sizes:  ()|
|activation:  <jax._src.custom_derivatives.custom_jvp object at 0x11360ea90>|
|policy_init_logit_bias:  [0.0, 4.0]|
|entropy_cost:  0.0|
{'training/total_steps': 2000, 'training/updates': 1, 'training/sps': np.float64(1379.681), 'training/walltime': np.float64(1.45), 'training/rollout_time': np.float64(0.125), 'training/update_time': np.float64(1.325), 'training/iterations': 1.0, 'training/kl_div': 0.008209984749555588, 'training/line_search_success': 1.0, 'training/new_policy_objective': 1.2078125476837158, 'training/policy_objective': 0.867121696472168, 'training/value_loss': 0.1370459347963333}
{'eval/num_episodes': 200, 'eval/num_steps': 200, 'eval/mean_score': np.float64(0.939), 'eval/std_score': np.float64(0.049), 'eval/mean_episode_length': np.float64(1.0), 'eval/std_episode_length': np.float64(0.0), 'eval/eval_time': 0.08054304122924805}
{'training/total_steps': 4000, 'training/updates': 2, 'training/sps': np.float64(17531.528), 'training/walltime': np.float64(1.664), 'training/rollout_time': np.float64(0.111), 'training/update_time': np.float64(0.003), 'training/iterations': 1.0, 'training/kl_div': 0.00874989852309227, 'training/line_search_success': 1.0, 'training/new_policy_objective': 0.5894060134887695, 'training/policy_objective': 0.4654902219772339, 'training/value_loss': 0.001158800208941102}
{'eval/num_episodes': 200, 'eval/num_steps': 200, 'eval/mean_score': np.float64(0.984), 'eval/std_score': np.float64(0.037), 'eval/mean_episode_length': np.float64(1.0), 'eval/std_episode_length': np.float64(0.0), 'eval/eval_time': 0.07594990730285645}
{'training/total_steps': 6000, 'training/updates': 3, 'training/sps': np.float64(19041.995), 'training/walltime': np.float64(1.845), 'training/rollout_time': np.float64(0.101), 'training/update_time': np.float64(0.004), 'training/iterations': 1.0, 'training/kl_div': 0.004530306905508041, 'training/line_search_success': 1.0, 'training/new_policy_objective': 0.3142646551132202, 'training/policy_objective': 0.2631838321685791, 'training/value_loss': 0.0007713836967013776}
{'eval/num_episodes': 200, 'eval/num_steps': 200, 'eval/mean_score': np.float64(0.999), 'eval/std_score': np.float64(0.007), 'eval/mean_episode_length': np.float64(1.0), 'eval/std_episode_length': np.float64(0.0), 'eval/eval_time': 0.07337617874145508}
{'training/total_steps': 8000, 'training/updates': 4, 'training/sps': np.float64(19295.334), 'training/walltime': np.float64(2.023), 'training/rollout_time': np.float64(0.1), 'training/update_time': np.float64(0.003), 'training/iterations': 1.0, 'training/kl_div': 0.0010637497762218118, 'training/line_search_success': 1.0, 'training/new_policy_objective': -0.06179535388946533, 'training/policy_objective': -0.10169358551502228, 'training/value_loss': 1.8155460566049442e-05}
{'eval/num_episodes': 200, 'eval/num_steps': 200, 'eval/mean_score': np.float64(0.999), 'eval/std_score': np.float64(0.01), 'eval/mean_episode_length': np.float64(1.0), 'eval/std_episode_length': np.float64(0.0), 'eval/eval_time': 0.07535696029663086}
{'training/total_steps': 10000, 'training/updates': 5, 'training/sps': np.float64(18520.392), 'training/walltime': np.float64(2.207), 'training/rollout_time': np.float64(0.103), 'training/update_time': np.float64(0.005), 'training/iterations': 1.0, 'training/kl_div': 0.0004924718523398042, 'training/line_search_success': 1.0, 'training/new_policy_objective': 0.08061105012893677, 'training/policy_objective': 0.07401401549577713, 'training/value_loss': 4.465099118533544e-05}
{'eval/num_episodes': 200, 'eval/num_steps': 200, 'eval/mean_score': np.float64(1.0), 'eval/std_score': np.float64(0.0), 'eval/mean_episode_length': np.float64(1.0), 'eval/std_episode_length': np.float64(0.0), 'eval/eval_time': 0.07436800003051758}
{'training/total_steps': 12000, 'training/updates': 6, 'training/sps': np.float64(18867.934), 'training/walltime': np.float64(2.388), 'training/rollout_time': np.float64(0.103), 'training/update_time': np.float64(0.003), 'training/iterations': 1.0, 'training/kl_div': 0.00044144439743831754, 'training/line_search_success': 1.0, 'training/new_policy_objective': -0.005774837452918291, 'training/policy_objective': -0.005781837273389101, 'training/value_loss': 4.055259594792915e-08}
{'eval/num_episodes': 200, 'eval/num_steps': 200, 'eval/mean_score': np.float64(0.999), 'eval/std_score': np.float64(0.01), 'eval/mean_episode_length': np.float64(1.0), 'eval/std_episode_length': np.float64(0.0), 'eval/eval_time': 0.07472991943359375}
{'training/total_steps': 14000, 'training/updates': 7, 'training/sps': np.float64(18822.507), 'training/walltime': np.float64(2.569), 'training/rollout_time': np.float64(0.103), 'training/update_time': np.float64(0.003), 'training/iterations': 1.0, 'training/kl_div': 0.0005468603922054172, 'training/line_search_success': 1.0, 'training/new_policy_objective': 0.07406085729598999, 'training/policy_objective': 0.060169801115989685, 'training/value_loss': 3.971203477703966e-05}
{'eval/num_episodes': 200, 'eval/num_steps': 200, 'eval/mean_score': np.float64(1.0), 'eval/std_score': np.float64(0.0), 'eval/mean_episode_length': np.float64(1.0), 'eval/std_episode_length': np.float64(0.0), 'eval/eval_time': 0.07495927810668945}
{'training/total_steps': 16000, 'training/updates': 8, 'training/sps': np.float64(17541.389), 'training/walltime': np.float64(2.758), 'training/rollout_time': np.float64(0.11), 'training/update_time': np.float64(0.004), 'training/iterations': 1.0, 'training/kl_div': 0.0004981973906978965, 'training/line_search_success': 1.0, 'training/new_policy_objective': -0.005773113574832678, 'training/policy_objective': -0.00578105915337801, 'training/value_loss': 3.2261549876011486e-08}
{'eval/num_episodes': 200, 'eval/num_steps': 200, 'eval/mean_score': np.float64(0.999), 'eval/std_score': np.float64(0.007), 'eval/mean_episode_length': np.float64(1.0), 'eval/std_episode_length': np.float64(0.0), 'eval/eval_time': 0.07802700996398926}
{'training/total_steps': 18000, 'training/updates': 9, 'training/sps': np.float64(13793.786), 'training/walltime': np.float64(2.982), 'training/rollout_time': np.float64(0.141), 'training/update_time': np.float64(0.004), 'training/iterations': 1.0, 'training/kl_div': 0.0006122654303908348, 'training/line_search_success': 1.0, 'training/new_policy_objective': 0.09727352112531662, 'training/policy_objective': 0.08570970594882965, 'training/value_loss': 5.9350099036237225e-05}
{'eval/num_episodes': 200, 'eval/num_steps': 200, 'eval/mean_score': np.float64(1.0), 'eval/std_score': np.float64(0.0), 'eval/mean_episode_length': np.float64(1.0), 'eval/std_episode_length': np.float64(0.0), 'eval/eval_time': 0.07712388038635254}
{'training/total_steps': 20000, 'training/updates': 10, 'training/sps': np.float64(18127.771), 'training/walltime': np.float64(3.17), 'training/rollout_time': np.float64(0.107), 'training/update_time': np.float64(0.003), 'training/iterations': 1.0, 'training/kl_div': nan, 'training/line_search_success': 0.125, 'training/new_policy_objective': nan, 'training/policy_objective': 3.814697446813398e-09, 'training/value_loss': 2.5437846034037648e-06}
{'eval/num_episodes': 200, 'eval/num_steps': 200, 'eval/mean_score': np.float64(1.0), 'eval/std_score': np.float64(0.0), 'eval/mean_episode_length': np.float64(1.0), 'eval/std_episode_length': np.float64(0.0), 'eval/eval_time': 0.07537674903869629}
{'training/total_steps': 22000, 'training/updates': 11, 'training/sps': np.float64(19635.979), 'training/walltime': np.float64(3.347), 'training/rollout_time': np.float64(0.098), 'training/update_time': np.float64(0.004), 'training/iterations': 1.0, 'training/kl_div': 0.0002630922826938331, 'training/line_search_success': 1.0, 'training/new_policy_objective': -0.0007261800928972661, 'training/policy_objective': -0.0007266948814503849, 'training/value_loss': 2.493966422267846e-10}
{'eval/num_episodes': 200, 'eval/num_steps': 200, 'eval/mean_score': np.float64(1.0), 'eval/std_score': np.float64(0.0), 'eval/mean_episode_length': np.float64(1.0), 'eval/std_episode_length': np.float64(0.0), 'eval/eval_time': 0.08255505561828613}
{'training/total_steps': 24000, 'training/updates': 12, 'training/sps': np.float64(18656.235), 'training/walltime': np.float64(3.538), 'training/rollout_time': np.float64(0.104), 'training/update_time': np.float64(0.003), 'training/iterations': 1.0, 'training/kl_div': 0.000682158162817359, 'training/line_search_success': 1.0, 'training/new_policy_objective': 0.06675300747156143, 'training/policy_objective': 0.05127345770597458, 'training/value_loss': 3.725268834386952e-05}
{'eval/num_episodes': 200, 'eval/num_steps': 200, 'eval/mean_score': np.float64(1.0), 'eval/std_score': np.float64(0.0), 'eval/mean_episode_length': np.float64(1.0), 'eval/std_episode_length': np.float64(0.0), 'eval/eval_time': 0.08008217811584473}
{'training/total_steps': 26000, 'training/updates': 13, 'training/sps': np.float64(18155.863), 'training/walltime': np.float64(3.728), 'training/rollout_time': np.float64(0.107), 'training/update_time': np.float64(0.003), 'training/iterations': 1.0, 'training/kl_div': 0.00120851572137326, 'training/line_search_success': 1.0, 'training/new_policy_objective': -0.005748155526816845, 'training/policy_objective': -0.005768887232989073, 'training/value_loss': 2.5405412884538237e-08}
{'eval/num_episodes': 200, 'eval/num_steps': 200, 'eval/mean_score': np.float64(0.996), 'eval/std_score': np.float64(0.018), 'eval/mean_episode_length': np.float64(1.0), 'eval/std_episode_length': np.float64(0.0), 'eval/eval_time': 0.127424955368042}
{'training/total_steps': 28000, 'training/updates': 14, 'training/sps': np.float64(15099.591), 'training/walltime': np.float64(3.989), 'training/rollout_time': np.float64(0.129), 'training/update_time': np.float64(0.003), 'training/iterations': 1.0, 'training/kl_div': 0.0013822242617607117, 'training/line_search_success': 1.0, 'training/new_policy_objective': 0.13287785649299622, 'training/policy_objective': 0.1134478747844696, 'training/value_loss': 0.00011741450725821778}
{'eval/num_episodes': 200, 'eval/num_steps': 200, 'eval/mean_score': np.float64(1.0), 'eval/std_score': np.float64(0.0), 'eval/mean_episode_length': np.float64(1.0), 'eval/std_episode_length': np.float64(0.0), 'eval/eval_time': 0.07973122596740723}
{'training/total_steps': 30000, 'training/updates': 15, 'training/sps': np.float64(17770.78), 'training/walltime': np.float64(4.182), 'training/rollout_time': np.float64(0.109), 'training/update_time': np.float64(0.004), 'training/iterations': 1.0, 'training/kl_div': nan, 'training/line_search_success': 0.0, 'training/new_policy_objective': nan, 'training/policy_objective': 0.0, 'training/value_loss': 2.0271640721603035e-07}
{'eval/num_episodes': 200, 'eval/num_steps': 200, 'eval/mean_score': np.float64(1.0), 'eval/std_score': np.float64(0.0), 'eval/mean_episode_length': np.float64(1.0), 'eval/std_episode_length': np.float64(0.0), 'eval/eval_time': 0.07749295234680176}
{'training/total_steps': 32000, 'training/updates': 16, 'training/sps': np.float64(19422.21), 'training/walltime': np.float64(4.362), 'training/rollout_time': np.float64(0.1), 'training/update_time': np.float64(0.003), 'training/iterations': 1.0, 'training/kl_div': nan, 'training/line_search_success': 0.0, 'training/new_policy_objective': nan, 'training/policy_objective': 0.0, 'training/value_loss': 4.381055587754368e-11}
{'eval/num_episodes': 200, 'eval/num_steps': 200, 'eval/mean_score': np.float64(1.0), 'eval/std_score': np.float64(0.0), 'eval/mean_episode_length': np.float64(1.0), 'eval/std_episode_length': np.float64(0.0), 'eval/eval_time': 0.0747520923614502}
{'training/total_steps': 34000, 'training/updates': 17, 'training/sps': np.float64(19302.216), 'training/walltime': np.float64(4.541), 'training/rollout_time': np.float64(0.1), 'training/update_time': np.float64(0.003), 'training/iterations': 1.0, 'training/kl_div': nan, 'training/line_search_success': 0.25, 'training/new_policy_objective': nan, 'training/policy_objective': -2.8416543500497937e-06, 'training/value_loss': 5.88418203051333e-15}
{'eval/num_episodes': 200, 'eval/num_steps': 200, 'eval/mean_score': np.float64(1.0), 'eval/std_score': np.float64(0.0), 'eval/mean_episode_length': np.float64(1.0), 'eval/std_episode_length': np.float64(0.0), 'eval/eval_time': 0.0751962661743164}
{'training/total_steps': 36000, 'training/updates': 18, 'training/sps': np.float64(18502.582), 'training/walltime': np.float64(4.725), 'training/rollout_time': np.float64(0.105), 'training/update_time': np.float64(0.003), 'training/iterations': 1.0, 'training/kl_div': nan, 'training/line_search_success': 0.0, 'training/new_policy_objective': nan, 'training/policy_objective': 0.0, 'training/value_loss': 0.0}
{'eval/num_episodes': 200, 'eval/num_steps': 200, 'eval/mean_score': np.float64(1.0), 'eval/std_score': np.float64(0.0), 'eval/mean_episode_length': np.float64(1.0), 'eval/std_episode_length': np.float64(0.0), 'eval/eval_time': 0.07674384117126465}
{'training/total_steps': 38000, 'training/updates': 19, 'training/sps': np.float64(19194.582), 'training/walltime': np.float64(4.906), 'training/rollout_time': np.float64(0.101), 'training/update_time': np.float64(0.003), 'training/iterations': 1.0, 'training/kl_div': nan, 'training/line_search_success': 0.0, 'training/new_policy_objective': nan, 'training/policy_objective': 0.0, 'training/value_loss': 0.0}
{'eval/num_episodes': 200, 'eval/num_steps': 200, 'eval/mean_score': np.float64(1.0), 'eval/std_score': np.float64(0.0), 'eval/mean_episode_length': np.float64(1.0), 'eval/std_episode_length': np.float64(0.0), 'eval/eval_time': 0.07565474510192871}
{'training/total_steps': 40000, 'training/updates': 20, 'training/sps': np.float64(19191.815), 'training/walltime': np.float64(5.087), 'training/rollout_time': np.float64(0.101), 'training/update_time': np.float64(0.003), 'training/iterations': 1.0, 'training/kl_div': nan, 'training/line_search_success': 0.0, 'training/new_policy_objective': nan, 'training/policy_objective': 0.0, 'training/value_loss': 0.0}
{'eval/num_episodes': 200, 'eval/num_steps': 200, 'eval/mean_score': np.float64(1.0), 'eval/std_score': np.float64(0.0), 'eval/mean_episode_length': np.float64(1.0), 'eval/std_episode_length': np.float64(0.0), 'eval/eval_time': 0.07492470741271973}
{'training/total_steps': 42000, 'training/updates': 21, 'training/sps': np.float64(18366.667), 'training/walltime': np.float64(5.271), 'training/rollout_time': np.float64(0.106), 'training/update_time': np.float64(0.003), 'training/iterations': 1.0, 'training/kl_div': nan, 'training/line_search_success': 0.125, 'training/new_policy_objective': nan, 'training/policy_objective': 2.8610229740877458e-09, 'training/value_loss': 2.5007107069541235e-06}
{'eval/num_episodes': 200, 'eval/num_steps': 200, 'eval/mean_score': np.float64(1.0), 'eval/std_score': np.float64(0.0), 'eval/mean_episode_length': np.float64(1.0), 'eval/std_episode_length': np.float64(0.0), 'eval/eval_time': 0.07580304145812988}
{'training/total_steps': 44000, 'training/updates': 22, 'training/sps': np.float64(19307.236), 'training/walltime': np.float64(5.451), 'training/rollout_time': np.float64(0.1), 'training/update_time': np.float64(0.003), 'training/iterations': 1.0, 'training/kl_div': nan, 'training/line_search_success': 0.875, 'training/new_policy_objective': nan, 'training/policy_objective': 1.1369561434548814e-05, 'training/value_loss': 9.662659561371356e-11}
{'eval/num_episodes': 200, 'eval/num_steps': 200, 'eval/mean_score': np.float64(1.0), 'eval/std_score': np.float64(0.0), 'eval/mean_episode_length': np.float64(1.0), 'eval/std_episode_length': np.float64(0.0), 'eval/eval_time': 0.07494211196899414}
{'training/total_steps': 46000, 'training/updates': 23, 'training/sps': np.float64(19317.774), 'training/walltime': np.float64(5.63), 'training/rollout_time': np.float64(0.1), 'training/update_time': np.float64(0.003), 'training/iterations': 1.0, 'training/kl_div': 1.3061366189504042e-05, 'training/line_search_success': 1.0, 'training/new_policy_objective': -2.841999275915441e-06, 'training/policy_objective': -2.842096591848531e-06, 'training/value_loss': 2.5335289083132893e-14}
{'eval/num_episodes': 200, 'eval/num_steps': 200, 'eval/mean_score': np.float64(1.0), 'eval/std_score': np.float64(0.0), 'eval/mean_episode_length': np.float64(1.0), 'eval/std_episode_length': np.float64(0.0), 'eval/eval_time': 0.07677292823791504}
{'training/total_steps': 48000, 'training/updates': 24, 'training/sps': np.float64(19367.459), 'training/walltime': np.float64(5.81), 'training/rollout_time': np.float64(0.1), 'training/update_time': np.float64(0.003), 'training/iterations': 1.0, 'training/kl_div': nan, 'training/line_search_success': 0.125, 'training/new_policy_objective': nan, 'training/policy_objective': 2.3841859597695247e-09, 'training/value_loss': 2.5008087050082395e-06}
{'eval/num_episodes': 200, 'eval/num_steps': 200, 'eval/mean_score': np.float64(1.0), 'eval/std_score': np.float64(0.0), 'eval/mean_episode_length': np.float64(1.0), 'eval/std_episode_length': np.float64(0.0), 'eval/eval_time': 0.07098507881164551}
{'training/total_steps': 50000, 'training/updates': 25, 'training/sps': np.float64(18646.862), 'training/walltime': np.float64(5.989), 'training/rollout_time': np.float64(0.104), 'training/update_time': np.float64(0.003), 'training/iterations': 1.0, 'training/kl_div': 0.0023631597869098186, 'training/line_search_success': 1.0, 'training/new_policy_objective': -4.471948341233656e-05, 'training/policy_objective': -4.507703852141276e-05, 'training/value_loss': 1.228886853388289e-10}
{'eval/num_episodes': 200, 'eval/num_steps': 200, 'eval/mean_score': np.float64(0.994), 'eval/std_score': np.float64(0.023), 'eval/mean_episode_length': np.float64(1.0), 'eval/std_episode_length': np.float64(0.0), 'eval/eval_time': 0.07480692863464355}
{'training/total_steps': 52000, 'training/updates': 26, 'training/sps': np.float64(18881.439), 'training/walltime': np.float64(6.17), 'training/rollout_time': np.float64(0.103), 'training/update_time': np.float64(0.003), 'training/iterations': 1.0, 'training/kl_div': 0.0025445367209613323, 'training/line_search_success': 1.0, 'training/new_policy_objective': 0.21478775143623352, 'training/policy_objective': 0.18045929074287415, 'training/value_loss': 0.000305791269056499}
{'eval/num_episodes': 200, 'eval/num_steps': 200, 'eval/mean_score': np.float64(1.0), 'eval/std_score': np.float64(0.0), 'eval/mean_episode_length': np.float64(1.0), 'eval/std_episode_length': np.float64(0.0), 'eval/eval_time': 0.07938385009765625}
{'training/total_steps': 54000, 'training/updates': 27, 'training/sps': np.float64(19255.517), 'training/walltime': np.float64(6.354), 'training/rollout_time': np.float64(0.101), 'training/update_time': np.float64(0.003), 'training/iterations': 1.0, 'training/kl_div': 0.0029573894571512938, 'training/line_search_success': 1.0, 'training/new_policy_objective': -0.043458156287670135, 'training/policy_objective': -0.04392119497060776, 'training/value_loss': 1.5467284129044856e-06}
{'eval/num_episodes': 200, 'eval/num_steps': 200, 'eval/mean_score': np.float64(0.99), 'eval/std_score': np.float64(0.029), 'eval/mean_episode_length': np.float64(1.0), 'eval/std_episode_length': np.float64(0.0), 'eval/eval_time': 0.07705187797546387}
{'training/total_steps': 56000, 'training/updates': 28, 'training/sps': np.float64(19111.842), 'training/walltime': np.float64(6.536), 'training/rollout_time': np.float64(0.101), 'training/update_time': np.float64(0.003), 'training/iterations': 1.0, 'training/kl_div': 0.0031243853736668825, 'training/line_search_success': 1.0, 'training/new_policy_objective': 0.2541261911392212, 'training/policy_objective': 0.21555502712726593, 'training/value_loss': 0.00041441383655183017}
{'eval/num_episodes': 200, 'eval/num_steps': 200, 'eval/mean_score': np.float64(1.0), 'eval/std_score': np.float64(0.0), 'eval/mean_episode_length': np.float64(1.0), 'eval/std_episode_length': np.float64(0.0), 'eval/eval_time': 0.08092784881591797}
{'training/total_steps': 58000, 'training/updates': 29, 'training/sps': np.float64(18576.622), 'training/walltime': np.float64(6.725), 'training/rollout_time': np.float64(0.104), 'training/update_time': np.float64(0.004), 'training/iterations': 1.0, 'training/kl_div': nan, 'training/line_search_success': 0.0, 'training/new_policy_objective': nan, 'training/policy_objective': 0.0, 'training/value_loss': 3.3336534670524998e-06}
{'eval/num_episodes': 200, 'eval/num_steps': 200, 'eval/mean_score': np.float64(1.0), 'eval/std_score': np.float64(0.0), 'eval/mean_episode_length': np.float64(1.0), 'eval/std_episode_length': np.float64(0.0), 'eval/eval_time': 0.07729792594909668}
{'training/total_steps': 60000, 'training/updates': 30, 'training/sps': np.float64(19339.998), 'training/walltime': np.float64(6.906), 'training/rollout_time': np.float64(0.1), 'training/update_time': np.float64(0.003), 'training/iterations': 1.0, 'training/kl_div': 2.2785536202718504e-05, 'training/line_search_success': 1.0, 'training/new_policy_objective': 0.0007273043738678098, 'training/policy_objective': 0.0007272718357853591, 'training/value_loss': 5.698352900651571e-10}
{'eval/num_episodes': 200, 'eval/num_steps': 200, 'eval/mean_score': np.float64(1.0), 'eval/std_score': np.float64(0.0), 'eval/mean_episode_length': np.float64(1.0), 'eval/std_episode_length': np.float64(0.0), 'eval/eval_time': 0.07598590850830078}
TRAINING END: training duration: 6.98285698890686
{'final_eval/num_episodes': 200, 'final_eval/num_steps': 200, 'final_eval/mean_score': np.float64(1.0), 'final_eval/std_score': np.float64(0.0), 'final_eval/mean_episode_length': np.float64(1.0), 'final_eval/std_episode_length': np.float64(0.0)}
4(0.0)}
