|param: value|
|experiment_name:  cleanba_ppo|
|seed:  17|
|platform:  cpu|
|write_logs_to_file:  False|
|save_model:  False|
|env_name:  bandit|
|num_envs:  8|
|num_train_levels:  200|
|distribution_mode:  easy|
|arm_means:  (1.0, 0.9)|
|deterministic_rewards:  True|
|eval_env:  True|
|num_eval_episodes:  200|
|eval_every:  1|
|deterministic_eval:  False|
|total_timesteps:  60000|
|learning_rate:  0.00025|
|adam_eps:  1e-05|
|unroll_length:  250|
|anneal_lr:  False|
|gamma:  0.99|
|gae_lambda:  0.95|
|num_minibatches:  4|
|update_epochs:  4|
|normalize_advantages:  True|
|clip_eps:  0.1|
|clip_vloss:  True|
|entropy_cost:  0.0|
|vf_cost:  0.5|
|max_grad_norm:  0.5|
|use_cnn:  False|
|policy_hidden_layer_sizes:  ()|
|value_hidden_layer_sizes:  ()|
|activation:  <jax._src.custom_derivatives.custom_jvp object at 0x10ad0b110>|
|policy_init_logit_bias:  [0.0, 4.0]|
{'training/total_steps': 2000, 'training/updates': 1, 'training/sps': np.float64(2179.609), 'training/walltime': np.float64(0.918), 'training/rollout_time': np.float64(0.433), 'training/update_time': np.float64(0.485), 'training/approx_kl': 1.6864222516232985e-06, 'training/entropy': 0.0910508781671524, 'training/policy_loss': -0.0018434401135891676, 'training/total_loss': 0.017126252874732018, 'training/value_loss': 0.03793938457965851}
{'eval/num_episodes': 200, 'eval/num_steps': 200, 'eval/mean_score': np.float64(0.901), 'eval/std_score': np.float64(0.012), 'eval/mean_episode_length': np.float64(1.0), 'eval/std_episode_length': np.float64(0.0), 'eval/eval_time': 0.07829689979553223}
{'training/total_steps': 4000, 'training/updates': 2, 'training/sps': np.float64(13712.746), 'training/walltime': np.float64(1.142), 'training/rollout_time': np.float64(0.138), 'training/update_time': np.float64(0.008), 'training/approx_kl': 1.8650619040272431e-06, 'training/entropy': 0.0922052189707756, 'training/policy_loss': -0.0019315507961437106, 'training/total_loss': 0.015984944999217987, 'training/value_loss': 0.03583298996090889}
{'eval/num_episodes': 200, 'eval/num_steps': 200, 'eval/mean_score': np.float64(0.9), 'eval/std_score': np.float64(0.007), 'eval/mean_episode_length': np.float64(1.0), 'eval/std_episode_length': np.float64(0.0), 'eval/eval_time': 0.08206415176391602}
{'training/total_steps': 6000, 'training/updates': 3, 'training/sps': np.float64(12664.229), 'training/walltime': np.float64(1.382), 'training/rollout_time': np.float64(0.15), 'training/update_time': np.float64(0.008), 'training/approx_kl': 1.3298821386342752e-06, 'training/entropy': 0.0933288037776947, 'training/policy_loss': -0.0016074266750365496, 'training/total_loss': 0.0151986014097929, 'training/value_loss': 0.03361205756664276}
{'eval/num_episodes': 200, 'eval/num_steps': 200, 'eval/mean_score': np.float64(0.902), 'eval/std_score': np.float64(0.014), 'eval/mean_episode_length': np.float64(1.0), 'eval/std_episode_length': np.float64(0.0), 'eval/eval_time': 0.07570004463195801}
{'training/total_steps': 8000, 'training/updates': 4, 'training/sps': np.float64(14003.559), 'training/walltime': np.float64(1.601), 'training/rollout_time': np.float64(0.135), 'training/update_time': np.float64(0.008), 'training/approx_kl': 1.4187201031745644e-06, 'training/entropy': 0.09443965554237366, 'training/policy_loss': -0.0016642909031361341, 'training/total_loss': 0.01417755801230669, 'training/value_loss': 0.031683698296546936}
{'eval/num_episodes': 200, 'eval/num_steps': 200, 'eval/mean_score': np.float64(0.9), 'eval/std_score': np.float64(0.007), 'eval/mean_episode_length': np.float64(1.0), 'eval/std_episode_length': np.float64(0.0), 'eval/eval_time': 0.08268117904663086}
{'training/total_steps': 10000, 'training/updates': 5, 'training/sps': np.float64(13771.051), 'training/walltime': np.float64(1.829), 'training/rollout_time': np.float64(0.137), 'training/update_time': np.float64(0.008), 'training/approx_kl': 2.1272535377647728e-06, 'training/entropy': 0.09564724564552307, 'training/policy_loss': -0.002045830711722374, 'training/total_loss': 0.012932474724948406, 'training/value_loss': 0.02995660901069641}
{'eval/num_episodes': 200, 'eval/num_steps': 200, 'eval/mean_score': np.float64(0.901), 'eval/std_score': np.float64(0.01), 'eval/mean_episode_length': np.float64(1.0), 'eval/std_episode_length': np.float64(0.0), 'eval/eval_time': 0.0762639045715332}
{'training/total_steps': 12000, 'training/updates': 6, 'training/sps': np.float64(13981.13), 'training/walltime': np.float64(2.049), 'training/rollout_time': np.float64(0.135), 'training/update_time': np.float64(0.008), 'training/approx_kl': 1.7349982499581529e-06, 'training/entropy': 0.09686894714832306, 'training/policy_loss': -0.0018081506714224815, 'training/total_loss': 0.012210294604301453, 'training/value_loss': 0.02803689055144787}
{'eval/num_episodes': 200, 'eval/num_steps': 200, 'eval/mean_score': np.float64(0.901), 'eval/std_score': np.float64(0.012), 'eval/mean_episode_length': np.float64(1.0), 'eval/std_episode_length': np.float64(0.0), 'eval/eval_time': 0.07460784912109375}
{'training/total_steps': 14000, 'training/updates': 7, 'training/sps': np.float64(14163.51), 'training/walltime': np.float64(2.265), 'training/rollout_time': np.float64(0.133), 'training/update_time': np.float64(0.008), 'training/approx_kl': 1.5764339877932798e-06, 'training/entropy': 0.09806375205516815, 'training/policy_loss': -0.0017579718260094523, 'training/total_loss': 0.011394784785807133, 'training/value_loss': 0.026305513456463814}
{'eval/num_episodes': 200, 'eval/num_steps': 200, 'eval/mean_score': np.float64(0.902), 'eval/std_score': np.float64(0.016), 'eval/mean_episode_length': np.float64(1.0), 'eval/std_episode_length': np.float64(0.0), 'eval/eval_time': 0.07161378860473633}
{'training/total_steps': 16000, 'training/updates': 8, 'training/sps': np.float64(14018.653), 'training/walltime': np.float64(2.48), 'training/rollout_time': np.float64(0.135), 'training/update_time': np.float64(0.008), 'training/approx_kl': 1.5890850590949412e-06, 'training/entropy': 0.09925819933414459, 'training/policy_loss': -0.0017791256541386247, 'training/total_loss': 0.010562743060290813, 'training/value_loss': 0.024683736264705658}
{'eval/num_episodes': 200, 'eval/num_steps': 200, 'eval/mean_score': np.float64(0.902), 'eval/std_score': np.float64(0.014), 'eval/mean_episode_length': np.float64(1.0), 'eval/std_episode_length': np.float64(0.0), 'eval/eval_time': 0.07724785804748535}
{'training/total_steps': 18000, 'training/updates': 9, 'training/sps': np.float64(12934.345), 'training/walltime': np.float64(2.712), 'training/rollout_time': np.float64(0.146), 'training/update_time': np.float64(0.008), 'training/approx_kl': 1.975775830942439e-06, 'training/entropy': 0.1005086898803711, 'training/policy_loss': -0.0019529031123965979, 'training/total_loss': 0.009643105790019035, 'training/value_loss': 0.023192016407847404}
{'eval/num_episodes': 200, 'eval/num_steps': 200, 'eval/mean_score': np.float64(0.902), 'eval/std_score': np.float64(0.016), 'eval/mean_episode_length': np.float64(1.0), 'eval/std_episode_length': np.float64(0.0), 'eval/eval_time': 0.07282567024230957}
{'training/total_steps': 20000, 'training/updates': 10, 'training/sps': np.float64(13343.569), 'training/walltime': np.float64(2.935), 'training/rollout_time': np.float64(0.142), 'training/update_time': np.float64(0.008), 'training/approx_kl': 2.440773187117884e-06, 'training/entropy': 0.10184037685394287, 'training/policy_loss': -0.0021870664786547422, 'training/total_loss': 0.008699106052517891, 'training/value_loss': 0.021772343665361404}
{'eval/num_episodes': 200, 'eval/num_steps': 200, 'eval/mean_score': np.float64(0.903), 'eval/std_score': np.float64(0.017), 'eval/mean_episode_length': np.float64(1.0), 'eval/std_episode_length': np.float64(0.0), 'eval/eval_time': 0.13315200805664062}
{'training/total_steps': 22000, 'training/updates': 11, 'training/sps': np.float64(13828.69), 'training/walltime': np.float64(3.213), 'training/rollout_time': np.float64(0.137), 'training/update_time': np.float64(0.008), 'training/approx_kl': 1.7887577996589243e-06, 'training/entropy': 0.1031547263264656, 'training/policy_loss': -0.0018613376887515187, 'training/total_loss': 0.008257515728473663, 'training/value_loss': 0.02023770846426487}
{'eval/num_episodes': 200, 'eval/num_steps': 200, 'eval/mean_score': np.float64(0.902), 'eval/std_score': np.float64(0.014), 'eval/mean_episode_length': np.float64(1.0), 'eval/std_episode_length': np.float64(0.0), 'eval/eval_time': 0.07288289070129395}
{'training/total_steps': 24000, 'training/updates': 12, 'training/sps': np.float64(13929.428), 'training/walltime': np.float64(3.43), 'training/rollout_time': np.float64(0.136), 'training/update_time': np.float64(0.008), 'training/approx_kl': 1.4117156297288602e-06, 'training/entropy': 0.10439128428697586, 'training/policy_loss': -0.0016290642088279128, 'training/total_loss': 0.007805207744240761, 'training/value_loss': 0.018868543207645416}
{'eval/num_episodes': 200, 'eval/num_steps': 200, 'eval/mean_score': np.float64(0.902), 'eval/std_score': np.float64(0.014), 'eval/mean_episode_length': np.float64(1.0), 'eval/std_episode_length': np.float64(0.0), 'eval/eval_time': 0.07567620277404785}
{'training/total_steps': 26000, 'training/updates': 13, 'training/sps': np.float64(14150.871), 'training/walltime': np.float64(3.647), 'training/rollout_time': np.float64(0.133), 'training/update_time': np.float64(0.008), 'training/approx_kl': 1.884556468212395e-06, 'training/entropy': 0.10566075891256332, 'training/policy_loss': -0.0019120670622214675, 'training/total_loss': 0.006937743164598942, 'training/value_loss': 0.017699619755148888}
{'eval/num_episodes': 200, 'eval/num_steps': 200, 'eval/mean_score': np.float64(0.903), 'eval/std_score': np.float64(0.018), 'eval/mean_episode_length': np.float64(1.0), 'eval/std_episode_length': np.float64(0.0), 'eval/eval_time': 0.07535576820373535}
{'training/total_steps': 28000, 'training/updates': 14, 'training/sps': np.float64(13626.187), 'training/walltime': np.float64(3.869), 'training/rollout_time': np.float64(0.139), 'training/update_time': np.float64(0.008), 'training/approx_kl': 2.4089927137538325e-06, 'training/entropy': 0.10703659802675247, 'training/policy_loss': -0.002186628058552742, 'training/total_loss': 0.006097503937780857, 'training/value_loss': 0.016568265855312347}
{'eval/num_episodes': 200, 'eval/num_steps': 200, 'eval/mean_score': np.float64(0.902), 'eval/std_score': np.float64(0.014), 'eval/mean_episode_length': np.float64(1.0), 'eval/std_episode_length': np.float64(0.0), 'eval/eval_time': 0.0753481388092041}
{'training/total_steps': 30000, 'training/updates': 15, 'training/sps': np.float64(9580.466), 'training/walltime': np.float64(4.154), 'training/rollout_time': np.float64(0.2), 'training/update_time': np.float64(0.009), 'training/approx_kl': 2.485776349203661e-06, 'training/entropy': 0.10847309976816177, 'training/policy_loss': -0.0022293473593890667, 'training/total_loss': 0.005480202846229076, 'training/value_loss': 0.015419100411236286}
{'eval/num_episodes': 200, 'eval/num_steps': 200, 'eval/mean_score': np.float64(0.901), 'eval/std_score': np.float64(0.012), 'eval/mean_episode_length': np.float64(1.0), 'eval/std_episode_length': np.float64(0.0), 'eval/eval_time': 0.16901111602783203}
{'training/total_steps': 32000, 'training/updates': 16, 'training/sps': np.float64(13773.719), 'training/walltime': np.float64(4.468), 'training/rollout_time': np.float64(0.137), 'training/update_time': np.float64(0.008), 'training/approx_kl': 2.383984792686533e-06, 'training/entropy': 0.10991387069225311, 'training/policy_loss': -0.002181745832785964, 'training/total_loss': 0.0049849264323711395, 'training/value_loss': 0.014333344995975494}
{'eval/num_episodes': 200, 'eval/num_steps': 200, 'eval/mean_score': np.float64(0.902), 'eval/std_score': np.float64(0.014), 'eval/mean_episode_length': np.float64(1.0), 'eval/std_episode_length': np.float64(0.0), 'eval/eval_time': 0.07239508628845215}
{'training/total_steps': 34000, 'training/updates': 17, 'training/sps': np.float64(13421.644), 'training/walltime': np.float64(4.69), 'training/rollout_time': np.float64(0.141), 'training/update_time': np.float64(0.008), 'training/approx_kl': 2.3425091058015823e-06, 'training/entropy': 0.1113610714673996, 'training/policy_loss': -0.0021603850182145834, 'training/total_loss': 0.004504523240029812, 'training/value_loss': 0.013329816982150078}
{'eval/num_episodes': 200, 'eval/num_steps': 200, 'eval/mean_score': np.float64(0.901), 'eval/std_score': np.float64(0.01), 'eval/mean_episode_length': np.float64(1.0), 'eval/std_episode_length': np.float64(0.0), 'eval/eval_time': 0.07670712471008301}
{'training/total_steps': 36000, 'training/updates': 18, 'training/sps': np.float64(14072.036), 'training/walltime': np.float64(4.909), 'training/rollout_time': np.float64(0.134), 'training/update_time': np.float64(0.008), 'training/approx_kl': 2.9367713523242855e-06, 'training/entropy': 0.11286576837301254, 'training/policy_loss': -0.002412150613963604, 'training/total_loss': 0.0038097784854471684, 'training/value_loss': 0.012443858198821545}
{'eval/num_episodes': 200, 'eval/num_steps': 200, 'eval/mean_score': np.float64(0.901), 'eval/std_score': np.float64(0.012), 'eval/mean_episode_length': np.float64(1.0), 'eval/std_episode_length': np.float64(0.0), 'eval/eval_time': 0.07973504066467285}
{'training/total_steps': 38000, 'training/updates': 19, 'training/sps': np.float64(13507.225), 'training/walltime': np.float64(5.137), 'training/rollout_time': np.float64(0.14), 'training/update_time': np.float64(0.008), 'training/approx_kl': 2.9162922601244645e-06, 'training/entropy': 0.11440400779247284, 'training/policy_loss': -0.00234246370382607, 'training/total_loss': 0.0034124809317290783, 'training/value_loss': 0.011509889736771584}
{'eval/num_episodes': 200, 'eval/num_steps': 200, 'eval/mean_score': np.float64(0.901), 'eval/std_score': np.float64(0.01), 'eval/mean_episode_length': np.float64(1.0), 'eval/std_episode_length': np.float64(0.0), 'eval/eval_time': 0.0924379825592041}
{'training/total_steps': 40000, 'training/updates': 20, 'training/sps': np.float64(13656.512), 'training/walltime': np.float64(5.376), 'training/rollout_time': np.float64(0.138), 'training/update_time': np.float64(0.008), 'training/approx_kl': 1.9206004253646825e-06, 'training/entropy': 0.11586661636829376, 'training/policy_loss': -0.0019517785403877497, 'training/total_loss': 0.0033262688666582108, 'training/value_loss': 0.010556095279753208}
{'eval/num_episodes': 200, 'eval/num_steps': 200, 'eval/mean_score': np.float64(0.902), 'eval/std_score': np.float64(0.016), 'eval/mean_episode_length': np.float64(1.0), 'eval/std_episode_length': np.float64(0.0), 'eval/eval_time': 0.07766604423522949}
{'training/total_steps': 42000, 'training/updates': 21, 'training/sps': np.float64(14239.024), 'training/walltime': np.float64(5.595), 'training/rollout_time': np.float64(0.133), 'training/update_time': np.float64(0.008), 'training/approx_kl': 3.105072437392664e-06, 'training/entropy': 0.11738599836826324, 'training/policy_loss': -0.002454920206218958, 'training/total_loss': 0.0025194366462528706, 'training/value_loss': 0.009948713704943657}
{'eval/num_episodes': 200, 'eval/num_steps': 200, 'eval/mean_score': np.float64(0.901), 'eval/std_score': np.float64(0.012), 'eval/mean_episode_length': np.float64(1.0), 'eval/std_episode_length': np.float64(0.0), 'eval/eval_time': 0.0766451358795166}
{'training/total_steps': 44000, 'training/updates': 22, 'training/sps': np.float64(13747.489), 'training/walltime': np.float64(5.817), 'training/rollout_time': np.float64(0.137), 'training/update_time': np.float64(0.008), 'training/approx_kl': 2.0891429812763818e-06, 'training/entropy': 0.1189279705286026, 'training/policy_loss': -0.002037425758317113, 'training/total_loss': 0.002479701302945614, 'training/value_loss': 0.009034253656864166}
{'eval/num_episodes': 200, 'eval/num_steps': 200, 'eval/mean_score': np.float64(0.902), 'eval/std_score': np.float64(0.014), 'eval/mean_episode_length': np.float64(1.0), 'eval/std_episode_length': np.float64(0.0), 'eval/eval_time': 0.07821893692016602}
{'training/total_steps': 46000, 'training/updates': 23, 'training/sps': np.float64(14050.093), 'training/walltime': np.float64(6.038), 'training/rollout_time': np.float64(0.132), 'training/update_time': np.float64(0.01), 'training/approx_kl': 2.975590632559033e-06, 'training/entropy': 0.12046889215707779, 'training/policy_loss': -0.002425412181764841, 'training/total_loss': 0.0018126430222764611, 'training/value_loss': 0.00847611017525196}
{'eval/num_episodes': 200, 'eval/num_steps': 200, 'eval/mean_score': np.float64(0.904), 'eval/std_score': np.float64(0.02), 'eval/mean_episode_length': np.float64(1.0), 'eval/std_episode_length': np.float64(0.0), 'eval/eval_time': 0.07118391990661621}
{'training/total_steps': 48000, 'training/updates': 24, 'training/sps': np.float64(10714.323), 'training/walltime': np.float64(6.296), 'training/rollout_time': np.float64(0.179), 'training/update_time': np.float64(0.008), 'training/approx_kl': 3.0387707283807686e-06, 'training/entropy': 0.12211030721664429, 'training/policy_loss': -0.0024605647195130587, 'training/total_loss': 0.0014348733238875866, 'training/value_loss': 0.0077908760868012905}
{'eval/num_episodes': 200, 'eval/num_steps': 200, 'eval/mean_score': np.float64(0.902), 'eval/std_score': np.float64(0.016), 'eval/mean_episode_length': np.float64(1.0), 'eval/std_episode_length': np.float64(0.0), 'eval/eval_time': 0.07206296920776367}
{'training/total_steps': 50000, 'training/updates': 25, 'training/sps': np.float64(13625.811), 'training/walltime': np.float64(6.515), 'training/rollout_time': np.float64(0.139), 'training/update_time': np.float64(0.008), 'training/approx_kl': 2.9430734684865456e-06, 'training/entropy': 0.12375546246767044, 'training/policy_loss': -0.002414280315861106, 'training/total_loss': 0.0011691474355757236, 'training/value_loss': 0.007166855037212372}
{'eval/num_episodes': 200, 'eval/num_steps': 200, 'eval/mean_score': np.float64(0.903), 'eval/std_score': np.float64(0.017), 'eval/mean_episode_length': np.float64(1.0), 'eval/std_episode_length': np.float64(0.0), 'eval/eval_time': 0.07558822631835938}
{'training/total_steps': 52000, 'training/updates': 26, 'training/sps': np.float64(13861.55), 'training/walltime': np.float64(6.735), 'training/rollout_time': np.float64(0.136), 'training/update_time': np.float64(0.008), 'training/approx_kl': 3.5540826957003446e-06, 'training/entropy': 0.1254475712776184, 'training/policy_loss': -0.0026384415104985237, 'training/total_loss': 0.0006896008271723986, 'training/value_loss': 0.006656085141003132}
{'eval/num_episodes': 200, 'eval/num_steps': 200, 'eval/mean_score': np.float64(0.905), 'eval/std_score': np.float64(0.023), 'eval/mean_episode_length': np.float64(1.0), 'eval/std_episode_length': np.float64(0.0), 'eval/eval_time': 0.07401585578918457}
{'training/total_steps': 54000, 'training/updates': 27, 'training/sps': np.float64(13895.141), 'training/walltime': np.float64(6.954), 'training/rollout_time': np.float64(0.136), 'training/update_time': np.float64(0.008), 'training/approx_kl': 4.130824891035445e-06, 'training/entropy': 0.1272374987602234, 'training/policy_loss': -0.0028805420733988285, 'training/total_loss': 0.00020125298760831356, 'training/value_loss': 0.0061635905876755714}
{'eval/num_episodes': 200, 'eval/num_steps': 200, 'eval/mean_score': np.float64(0.903), 'eval/std_score': np.float64(0.017), 'eval/mean_episode_length': np.float64(1.0), 'eval/std_episode_length': np.float64(0.0), 'eval/eval_time': 0.07414484024047852}
{'training/total_steps': 56000, 'training/updates': 28, 'training/sps': np.float64(14000.521), 'training/walltime': np.float64(7.171), 'training/rollout_time': np.float64(0.135), 'training/update_time': np.float64(0.008), 'training/approx_kl': 3.384674073458882e-06, 'training/entropy': 0.12901608645915985, 'training/policy_loss': -0.002602449618279934, 'training/total_loss': 0.00018971598183270544, 'training/value_loss': 0.005584331229329109}
{'eval/num_episodes': 200, 'eval/num_steps': 200, 'eval/mean_score': np.float64(0.904), 'eval/std_score': np.float64(0.02), 'eval/mean_episode_length': np.float64(1.0), 'eval/std_episode_length': np.float64(0.0), 'eval/eval_time': 0.07236194610595703}
{'training/total_steps': 58000, 'training/updates': 29, 'training/sps': np.float64(13350.301), 'training/walltime': np.float64(7.393), 'training/rollout_time': np.float64(0.141), 'training/update_time': np.float64(0.008), 'training/approx_kl': 3.643053787527606e-06, 'training/entropy': 0.13078314065933228, 'training/policy_loss': -0.002693829359486699, 'training/total_loss': -0.00011235016427235678, 'training/value_loss': 0.005162958521395922}
{'eval/num_episodes': 200, 'eval/num_steps': 200, 'eval/mean_score': np.float64(0.903), 'eval/std_score': np.float64(0.018), 'eval/mean_episode_length': np.float64(1.0), 'eval/std_episode_length': np.float64(0.0), 'eval/eval_time': 0.07355499267578125}
{'training/total_steps': 60000, 'training/updates': 30, 'training/sps': np.float64(14192.337), 'training/walltime': np.float64(7.608), 'training/rollout_time': np.float64(0.133), 'training/update_time': np.float64(0.008), 'training/approx_kl': 3.82212556360173e-06, 'training/entropy': 0.13259710371494293, 'training/policy_loss': -0.0027518279384821653, 'training/total_loss': -0.00038374995347112417, 'training/value_loss': 0.004736155737191439}
{'eval/num_episodes': 200, 'eval/num_steps': 200, 'eval/mean_score': np.float64(0.903), 'eval/std_score': np.float64(0.018), 'eval/mean_episode_length': np.float64(1.0), 'eval/std_episode_length': np.float64(0.0), 'eval/eval_time': 0.07308793067932129}
TRAINING END: training duration: 7.681595802307129
{'final_eval/num_episodes': 200, 'final_eval/num_steps': 200, 'final_eval/mean_score': np.float64(0.8999999761581421), 'final_eval/std_score': np.float64(0.0), 'final_eval/mean_episode_length': np.float64(1.0), 'final_eval/std_episode_length': np.float64(0.0)}

