|param: value|
|experiment_name:  pc_actor_critic|
|seed:  17|
|write_logs_to_file:  False|
|save_model:  False|
|env_name:  bandit|
|num_envs:  8|
|num_train_levels:  200|
|distribution_mode:  easy|
|arm_means:  (1.0, 0.9)|
|deterministic_rewards:  True|
|eval_env:  True|
|num_eval_episodes:  200|
|eval_every:  1|
|total_timesteps:  60000|
|unroll_length:  250|
|gamma:  0.99|
|learning_rate:  0.01|
|value_learning_rate:  0.01|
|target_scale:  1.0|
|pc_steps_per_update:  1|
|max_t1:  20|
|width:  32|
|depth:  2|
|act_fn:  relu|
|policy_init_logit_bias:  [0.0, 4.0]|
|use_cnn:  False|
|policy_hidden_layer_sizes:  ()|
|value_hidden_layer_sizes:  ()|
|anneal_lr:  False|
|entropy_cost:  0.0|
|deterministic_eval:  False|
{'training/total_steps': 2000, 'training/updates': 1, 'training/walltime': np.float64(1.363), 'training/update_time': np.float64(1.363), 'training/policy_pc_loss': 0.06538113951683044, 'training/value_pc_loss': 1.4222556352615356, 'training/mean_value': -0.7844066619873047, 'training/mean_reward': 0.9020995497703552, 'training/mean_advantage_abs': 1.6865061521530151}
{'eval/num_episodes': 200, 'eval/mean_score': np.float64(0.9055), 'eval/std_score': np.float64(0.0228), 'eval/mean_episode_length': np.float64(1.0)}
{'training/total_steps': 4000, 'training/updates': 2, 'training/walltime': np.float64(1.526), 'training/update_time': np.float64(0.135), 'training/policy_pc_loss': 0.05332903563976288, 'training/value_pc_loss': 1.1764847040176392, 'training/mean_value': -0.6318237781524658, 'training/mean_reward': 0.9020496606826782, 'training/mean_advantage_abs': 1.5338733196258545}
{'eval/num_episodes': 200, 'eval/mean_score': np.float64(0.904), 'eval/std_score': np.float64(0.0196), 'eval/mean_episode_length': np.float64(1.0)}
{'training/total_steps': 6000, 'training/updates': 3, 'training/walltime': np.float64(1.663), 'training/update_time': np.float64(0.136), 'training/policy_pc_loss': 0.054404567927122116, 'training/value_pc_loss': 0.9584816098213196, 'training/mean_value': -0.48190492391586304, 'training/mean_reward': 0.9025496244430542, 'training/mean_advantage_abs': 1.384454607963562}
{'eval/num_episodes': 200, 'eval/mean_score': np.float64(0.9025), 'eval/std_score': np.float64(0.0156), 'eval/mean_episode_length': np.float64(1.0)}
{'training/total_steps': 8000, 'training/updates': 4, 'training/walltime': np.float64(1.795), 'training/update_time': np.float64(0.132), 'training/policy_pc_loss': 0.044078536331653595, 'training/value_pc_loss': 0.7654890418052673, 'training/mean_value': -0.3346767723560333, 'training/mean_reward': 0.902549684047699, 'training/mean_advantage_abs': 1.2372263669967651}
{'eval/num_episodes': 200, 'eval/mean_score': np.float64(0.902), 'eval/std_score': np.float64(0.014), 'eval/mean_episode_length': np.float64(1.0)}
{'training/total_steps': 10000, 'training/updates': 5, 'training/walltime': np.float64(1.942), 'training/update_time': np.float64(0.146), 'training/policy_pc_loss': 0.03967791795730591, 'training/value_pc_loss': 0.5975943803787231, 'training/mean_value': -0.1902180314064026, 'training/mean_reward': 0.9028996825218201, 'training/mean_advantage_abs': 1.0931177139282227}
{'eval/num_episodes': 200, 'eval/mean_score': np.float64(0.9055), 'eval/std_score': np.float64(0.0228), 'eval/mean_episode_length': np.float64(1.0)}
{'training/total_steps': 12000, 'training/updates': 6, 'training/walltime': np.float64(2.083), 'training/update_time': np.float64(0.141), 'training/policy_pc_loss': 0.034355469048023224, 'training/value_pc_loss': 0.4532753825187683, 'training/mean_value': -0.04871472716331482, 'training/mean_reward': 0.9032498002052307, 'training/mean_advantage_abs': 0.9519650340080261}
{'eval/num_episodes': 200, 'eval/mean_score': np.float64(0.9035), 'eval/std_score': np.float64(0.0184), 'eval/mean_episode_length': np.float64(1.0)}
{'training/total_steps': 14000, 'training/updates': 7, 'training/walltime': np.float64(2.22), 'training/update_time': np.float64(0.136), 'training/policy_pc_loss': 0.030440393835306168, 'training/value_pc_loss': 0.33165493607521057, 'training/mean_value': 0.08963894844055176, 'training/mean_reward': 0.9038497805595398, 'training/mean_advantage_abs': 0.814211368560791}
{'eval/num_episodes': 200, 'eval/mean_score': np.float64(0.906), 'eval/std_score': np.float64(0.0237), 'eval/mean_episode_length': np.float64(1.0)}
{'training/total_steps': 16000, 'training/updates': 8, 'training/walltime': np.float64(2.347), 'training/update_time': np.float64(0.126), 'training/policy_pc_loss': 0.024482300505042076, 'training/value_pc_loss': 0.2311846762895584, 'training/mean_value': 0.2246251255273819, 'training/mean_reward': 0.9042997360229492, 'training/mean_advantage_abs': 0.6796750426292419}
{'eval/num_episodes': 200, 'eval/mean_score': np.float64(0.905), 'eval/std_score': np.float64(0.0218), 'eval/mean_episode_length': np.float64(1.0)}
{'training/total_steps': 18000, 'training/updates': 9, 'training/walltime': np.float64(2.48), 'training/update_time': np.float64(0.132), 'training/policy_pc_loss': 0.020166192203760147, 'training/value_pc_loss': 0.15108676254749298, 'training/mean_value': 0.3559455871582031, 'training/mean_reward': 0.9051997661590576, 'training/mean_advantage_abs': 0.549254298210144}
{'eval/num_episodes': 200, 'eval/mean_score': np.float64(0.9045), 'eval/std_score': np.float64(0.0207), 'eval/mean_episode_length': np.float64(1.0)}
{'training/total_steps': 20000, 'training/updates': 10, 'training/walltime': np.float64(2.614), 'training/update_time': np.float64(0.133), 'training/policy_pc_loss': 0.014279824681580067, 'training/value_pc_loss': 0.0895814523100853, 'training/mean_value': 0.4831695556640625, 'training/mean_reward': 0.9057997465133667, 'training/mean_advantage_abs': 0.4226303696632385}
{'eval/num_episodes': 200, 'eval/mean_score': np.float64(0.9075), 'eval/std_score': np.float64(0.0263), 'eval/mean_episode_length': np.float64(1.0)}
{'training/total_steps': 22000, 'training/updates': 11, 'training/walltime': np.float64(2.746), 'training/update_time': np.float64(0.131), 'training/policy_pc_loss': 0.010384686291217804, 'training/value_pc_loss': 0.04588064178824425, 'training/mean_value': 0.6056690812110901, 'training/mean_reward': 0.9074496626853943, 'training/mean_advantage_abs': 0.3017809987068176}
{'eval/num_episodes': 200, 'eval/mean_score': np.float64(0.908), 'eval/std_score': np.float64(0.0271), 'eval/mean_episode_length': np.float64(1.0)}
{'training/total_steps': 24000, 'training/updates': 12, 'training/walltime': np.float64(2.877), 'training/update_time': np.float64(0.13), 'training/policy_pc_loss': 0.006729263812303543, 'training/value_pc_loss': 0.01805649697780609, 'training/mean_value': 0.7225913405418396, 'training/mean_reward': 0.910199761390686, 'training/mean_advantage_abs': 0.18760870397090912}
{'eval/num_episodes': 200, 'eval/mean_score': np.float64(0.912), 'eval/std_score': np.float64(0.0325), 'eval/mean_episode_length': np.float64(1.0)}
{'training/total_steps': 26000, 'training/updates': 13, 'training/walltime': np.float64(3.009), 'training/update_time': np.float64(0.132), 'training/policy_pc_loss': 0.002637017285451293, 'training/value_pc_loss': 0.0036328856367617846, 'training/mean_value': 0.8328266739845276, 'training/mean_reward': 0.9117497801780701, 'training/mean_advantage_abs': 0.07892297953367233}
{'eval/num_episodes': 200, 'eval/mean_score': np.float64(0.914), 'eval/std_score': np.float64(0.0347), 'eval/mean_episode_length': np.float64(1.0)}
{'training/total_steps': 28000, 'training/updates': 14, 'training/walltime': np.float64(3.14), 'training/update_time': np.float64(0.13), 'training/policy_pc_loss': 0.0004982519894838333, 'training/value_pc_loss': 0.0008394496398977935, 'training/mean_value': 0.9348698854446411, 'training/mean_reward': 0.9152998328208923, 'training/mean_advantage_abs': 0.039499856531620026}
{'eval/num_episodes': 200, 'eval/mean_score': np.float64(0.918), 'eval/std_score': np.float64(0.0384), 'eval/mean_episode_length': np.float64(1.0)}
{'training/total_steps': 30000, 'training/updates': 15, 'training/walltime': np.float64(3.268), 'training/update_time': np.float64(0.127), 'training/policy_pc_loss': 0.0005283301579765975, 'training/value_pc_loss': 0.006644471548497677, 'training/mean_value': 1.0273264646530151, 'training/mean_reward': 0.9188998341560364, 'training/mean_advantage_abs': 0.10842577368021011}
{'eval/num_episodes': 200, 'eval/mean_score': np.float64(0.927), 'eval/std_score': np.float64(0.0444), 'eval/mean_episode_length': np.float64(1.0)}
{'training/total_steps': 32000, 'training/updates': 16, 'training/walltime': np.float64(3.399), 'training/update_time': np.float64(0.129), 'training/policy_pc_loss': 0.0033168336376547813, 'training/value_pc_loss': 0.018371621146798134, 'training/mean_value': 1.1084349155426025, 'training/mean_reward': 0.9211497902870178, 'training/mean_advantage_abs': 0.18728461861610413}
{'eval/num_episodes': 200, 'eval/mean_score': np.float64(0.9295), 'eval/std_score': np.float64(0.0456), 'eval/mean_episode_length': np.float64(1.0)}
{'training/total_steps': 34000, 'training/updates': 17, 'training/walltime': np.float64(3.531), 'training/update_time': np.float64(0.132), 'training/policy_pc_loss': 0.009143486618995667, 'training/value_pc_loss': 0.031893275678157806, 'training/mean_value': 1.1765366792678833, 'training/mean_reward': 0.9279999136924744, 'training/mean_advantage_abs': 0.2485368698835373}
{'eval/num_episodes': 200, 'eval/mean_score': np.float64(0.94), 'eval/std_score': np.float64(0.049), 'eval/mean_episode_length': np.float64(1.0)}
{'training/total_steps': 36000, 'training/updates': 18, 'training/walltime': np.float64(3.66), 'training/update_time': np.float64(0.128), 'training/policy_pc_loss': 0.017321888357400894, 'training/value_pc_loss': 0.0441097654402256, 'training/mean_value': 1.2305934429168701, 'training/mean_reward': 0.937549889087677, 'training/mean_advantage_abs': 0.2930436134338379}
{'eval/num_episodes': 200, 'eval/mean_score': np.float64(0.9465), 'eval/std_score': np.float64(0.0499), 'eval/mean_episode_length': np.float64(1.0)}
{'training/total_steps': 38000, 'training/updates': 19, 'training/walltime': np.float64(3.807), 'training/update_time': np.float64(0.146), 'training/policy_pc_loss': 0.02560252882540226, 'training/value_pc_loss': 0.05420598387718201, 'training/mean_value': 1.2703323364257812, 'training/mean_reward': 0.944849967956543, 'training/mean_advantage_abs': 0.3254818618297577}
{'eval/num_episodes': 200, 'eval/mean_score': np.float64(0.949), 'eval/std_score': np.float64(0.05), 'eval/mean_episode_length': np.float64(1.0)}
{'training/total_steps': 40000, 'training/updates': 20, 'training/walltime': np.float64(3.937), 'training/update_time': np.float64(0.13), 'training/policy_pc_loss': 0.03141969442367554, 'training/value_pc_loss': 0.059427957981824875, 'training/mean_value': 1.2960957288742065, 'training/mean_reward': 0.9549499750137329, 'training/mean_advantage_abs': 0.3411458134651184}
{'eval/num_episodes': 200, 'eval/mean_score': np.float64(0.965), 'eval/std_score': np.float64(0.0477), 'eval/mean_episode_length': np.float64(1.0)}
{'training/total_steps': 42000, 'training/updates': 21, 'training/walltime': np.float64(4.075), 'training/update_time': np.float64(0.138), 'training/policy_pc_loss': 0.032009683549404144, 'training/value_pc_loss': 0.05996468663215637, 'training/mean_value': 1.3088953495025635, 'training/mean_reward': 0.9658499360084534, 'training/mean_advantage_abs': 0.343046098947525}
{'eval/num_episodes': 200, 'eval/mean_score': np.float64(0.974), 'eval/std_score': np.float64(0.0439), 'eval/mean_episode_length': np.float64(1.0)}
{'training/total_steps': 44000, 'training/updates': 22, 'training/walltime': np.float64(4.272), 'training/update_time': np.float64(0.196), 'training/policy_pc_loss': 0.028782902285456657, 'training/value_pc_loss': 0.057391636073589325, 'training/mean_value': 1.3101592063903809, 'training/mean_reward': 0.9742000102996826, 'training/mean_advantage_abs': 0.3359597325325012}
{'eval/num_episodes': 200, 'eval/mean_score': np.float64(0.9855), 'eval/std_score': np.float64(0.0352), 'eval/mean_episode_length': np.float64(1.0)}
{'training/total_steps': 46000, 'training/updates': 23, 'training/walltime': np.float64(4.401), 'training/update_time': np.float64(0.128), 'training/policy_pc_loss': 0.022472914308309555, 'training/value_pc_loss': 0.05192701146006584, 'training/mean_value': 1.3014717102050781, 'training/mean_reward': 0.9815500378608704, 'training/mean_advantage_abs': 0.31992092728614807}
{'eval/num_episodes': 200, 'eval/mean_score': np.float64(0.987), 'eval/std_score': np.float64(0.0336), 'eval/mean_episode_length': np.float64(1.0)}
{'training/total_steps': 48000, 'training/updates': 24, 'training/walltime': np.float64(4.533), 'training/update_time': np.float64(0.132), 'training/policy_pc_loss': 0.014515379443764687, 'training/value_pc_loss': 0.044402871280908585, 'training/mean_value': 1.2845078706741333, 'training/mean_reward': 0.9882500171661377, 'training/mean_advantage_abs': 0.29625794291496277}
{'eval/num_episodes': 200, 'eval/mean_score': np.float64(0.99), 'eval/std_score': np.float64(0.03), 'eval/mean_episode_length': np.float64(1.0)}
{'training/total_steps': 50000, 'training/updates': 25, 'training/walltime': np.float64(4.668), 'training/update_time': np.float64(0.134), 'training/policy_pc_loss': 0.009649576619267464, 'training/value_pc_loss': 0.03664736822247505, 'training/mean_value': 1.2609634399414062, 'training/mean_reward': 0.9916500449180603, 'training/mean_advantage_abs': 0.2693130075931549}
{'eval/num_episodes': 200, 'eval/mean_score': np.float64(0.9955), 'eval/std_score': np.float64(0.0207), 'eval/mean_episode_length': np.float64(1.0)}
{'training/total_steps': 52000, 'training/updates': 26, 'training/walltime': np.float64(4.797), 'training/update_time': np.float64(0.128), 'training/policy_pc_loss': 0.005374997388571501, 'training/value_pc_loss': 0.028489872813224792, 'training/mean_value': 1.2324104309082031, 'training/mean_reward': 0.9947501420974731, 'training/mean_advantage_abs': 0.2376600205898285}
{'eval/num_episodes': 200, 'eval/mean_score': np.float64(0.996), 'eval/std_score': np.float64(0.0196), 'eval/mean_episode_length': np.float64(1.0)}
{'training/total_steps': 54000, 'training/updates': 27, 'training/walltime': np.float64(4.932), 'training/update_time': np.float64(0.134), 'training/policy_pc_loss': 0.0023686380591243505, 'training/value_pc_loss': 0.02075791358947754, 'training/mean_value': 1.2003477811813354, 'training/mean_reward': 0.9972501397132874, 'training/mean_advantage_abs': 0.20309698581695557}
{'eval/num_episodes': 200, 'eval/mean_score': np.float64(0.9985), 'eval/std_score': np.float64(0.0122), 'eval/mean_episode_length': np.float64(1.0)}
{'training/total_steps': 56000, 'training/updates': 28, 'training/walltime': np.float64(5.06), 'training/update_time': np.float64(0.127), 'training/policy_pc_loss': 0.0012364580761641264, 'training/value_pc_loss': 0.014192655682563782, 'training/mean_value': 1.166154384613037, 'training/mean_reward': 0.9982001781463623, 'training/mean_advantage_abs': 0.1679539531469345}
{'eval/num_episodes': 200, 'eval/mean_score': np.float64(0.999), 'eval/std_score': np.float64(0.0099), 'eval/mean_episode_length': np.float64(1.0)}
{'training/total_steps': 58000, 'training/updates': 29, 'training/walltime': np.float64(5.195), 'training/update_time': np.float64(0.134), 'training/policy_pc_loss': 0.0004451253917068243, 'training/value_pc_loss': 0.008740343153476715, 'training/mean_value': 1.131046175956726, 'training/mean_reward': 0.9991500973701477, 'training/mean_advantage_abs': 0.13189536333084106}
{'eval/num_episodes': 200, 'eval/mean_score': np.float64(0.9985), 'eval/std_score': np.float64(0.0122), 'eval/mean_episode_length': np.float64(1.0)}
{'training/total_steps': 60000, 'training/updates': 30, 'training/walltime': np.float64(5.326), 'training/update_time': np.float64(0.131), 'training/policy_pc_loss': 0.00032207771437242627, 'training/value_pc_loss': 0.0047417557798326015, 'training/mean_value': 1.0960997343063354, 'training/mean_reward': 0.9991500973701477, 'training/mean_advantage_abs': 0.09694961458444595}
{'eval/num_episodes': 200, 'eval/mean_score': np.float64(1.0), 'eval/std_score': np.float64(0.0), 'eval/mean_episode_length': np.float64(1.0)}
TRAINING END: training duration: 5.327764987945557
725
