|param: value|
|experiment_name:  reinforce_procgen|
|seed:  17|
|platform:  cpu|
|write_logs_to_file:  False|
|save_model:  False|
|env_name:  bandit|
|num_envs:  1|
|num_train_levels:  200|
|distribution_mode:  easy|
|arm_means:  (1.0, 0.9)|
|deterministic_rewards:  True|
|eval_env:  True|
|num_eval_episodes:  200|
|eval_every:  1|
|deterministic_eval:  False|
|normalize_observations:  True|
|total_timesteps:  60000|
|learning_rate:  0.5|
|optimizer:  sgd|
|unroll_length:  2048|
|anneal_lr:  False|
|gamma:  0.99|
|batch_size:  1|
|num_minibatches:  1|
|update_epochs:  1|
|entropy_cost:  0.0|
|max_grad_norm:  0.5|
|reward_scaling:  1.0|
|use_cnn:  False|
|policy_hidden_layer_sizes:  ()|
|value_hidden_layer_sizes:  ()|
|activation:  <jax._src.custom_derivatives.custom_jvp object at 0x10ad0b110>|
|policy_init_logit_bias:  [0.0, 4.0]|
{'training/total_steps': 2000, 'training/updates': 1, 'training/sps': np.float64(2124.033), 'training/walltime': np.float64(0.942), 'training/rollout_time': np.float64(0.395), 'training/update_time': np.float64(0.546), 'training/approx_kl': 0.0, 'training/entropy': 0.09009480476379395, 'training/policy_loss': 0.1639106124639511, 'training/total_loss': 2.1022562980651855, 'training/value_loss': 3.8766915798187256}
{'eval/num_episodes': 200, 'eval/num_steps': 200, 'eval/mean_score': np.float64(0.902), 'eval/std_score': np.float64(0.016), 'eval/mean_episode_length': np.float64(1.0), 'eval/std_episode_length': np.float64(0.0), 'eval/eval_time': 0.07253408432006836}
{'training/total_steps': 4000, 'training/updates': 2, 'training/sps': np.float64(6309.05), 'training/walltime': np.float64(1.332), 'training/rollout_time': np.float64(0.315), 'training/update_time': np.float64(0.002), 'training/approx_kl': 0.0, 'training/entropy': 0.09000939130783081, 'training/policy_loss': 0.207590252161026, 'training/total_loss': 1.514074683189392, 'training/value_loss': 2.612968921661377}
{'eval/num_episodes': 200, 'eval/num_steps': 200, 'eval/mean_score': np.float64(0.903), 'eval/std_score': np.float64(0.017), 'eval/mean_episode_length': np.float64(1.0), 'eval/std_episode_length': np.float64(0.0), 'eval/eval_time': 0.0697789192199707}
{'training/total_steps': 6000, 'training/updates': 3, 'training/sps': np.float64(6384.632), 'training/walltime': np.float64(1.715), 'training/rollout_time': np.float64(0.312), 'training/update_time': np.float64(0.001), 'training/approx_kl': 0.0, 'training/entropy': 0.0904897004365921, 'training/policy_loss': 0.1262715458869934, 'training/total_loss': 0.9229008555412292, 'training/value_loss': 1.5932586193084717}
{'eval/num_episodes': 200, 'eval/num_steps': 200, 'eval/mean_score': np.float64(0.901), 'eval/std_score': np.float64(0.012), 'eval/mean_episode_length': np.float64(1.0), 'eval/std_episode_length': np.float64(0.0), 'eval/eval_time': 0.07133007049560547}
{'training/total_steps': 8000, 'training/updates': 4, 'training/sps': np.float64(5930.747), 'training/walltime': np.float64(2.124), 'training/rollout_time': np.float64(0.336), 'training/update_time': np.float64(0.002), 'training/approx_kl': 0.0, 'training/entropy': 0.09060978889465332, 'training/policy_loss': 0.08493933826684952, 'training/total_loss': 0.4976346790790558, 'training/value_loss': 0.825390636920929}
{'eval/num_episodes': 200, 'eval/num_steps': 200, 'eval/mean_score': np.float64(0.903), 'eval/std_score': np.float64(0.017), 'eval/mean_episode_length': np.float64(1.0), 'eval/std_episode_length': np.float64(0.0), 'eval/eval_time': 0.07230591773986816}
{'training/total_steps': 10000, 'training/updates': 5, 'training/sps': np.float64(6410.648), 'training/walltime': np.float64(2.509), 'training/rollout_time': np.float64(0.31), 'training/update_time': np.float64(0.002), 'training/approx_kl': 0.0, 'training/entropy': 0.09064611047506332, 'training/policy_loss': 0.05839158967137337, 'training/total_loss': 0.21250304579734802, 'training/value_loss': 0.3082229197025299}
{'eval/num_episodes': 200, 'eval/num_steps': 200, 'eval/mean_score': np.float64(0.901), 'eval/std_score': np.float64(0.01), 'eval/mean_episode_length': np.float64(1.0), 'eval/std_episode_length': np.float64(0.0), 'eval/eval_time': 0.07146787643432617}
{'training/total_steps': 12000, 'training/updates': 6, 'training/sps': np.float64(5944.688), 'training/walltime': np.float64(2.917), 'training/rollout_time': np.float64(0.335), 'training/update_time': np.float64(0.001), 'training/approx_kl': 0.0, 'training/entropy': 0.09082955121994019, 'training/policy_loss': 0.025808492675423622, 'training/total_loss': 0.04619356989860535, 'training/value_loss': 0.04077015444636345}
{'eval/num_episodes': 200, 'eval/num_steps': 200, 'eval/mean_score': np.float64(0.901), 'eval/std_score': np.float64(0.012), 'eval/mean_episode_length': np.float64(1.0), 'eval/std_episode_length': np.float64(0.0), 'eval/eval_time': 0.06876206398010254}
{'training/total_steps': 14000, 'training/updates': 7, 'training/sps': np.float64(6451.947), 'training/walltime': np.float64(3.296), 'training/rollout_time': np.float64(0.308), 'training/update_time': np.float64(0.002), 'training/approx_kl': 0.0, 'training/entropy': 0.09109783172607422, 'training/policy_loss': 0.006647884845733643, 'training/total_loss': 0.0067314510233700275, 'training/value_loss': 0.0001671325007919222}
{'eval/num_episodes': 200, 'eval/num_steps': 200, 'eval/mean_score': np.float64(0.9), 'eval/std_score': np.float64(0.0), 'eval/mean_episode_length': np.float64(1.0), 'eval/std_episode_length': np.float64(0.0), 'eval/eval_time': 0.07175493240356445}
{'training/total_steps': 16000, 'training/updates': 8, 'training/sps': np.float64(6509.614), 'training/walltime': np.float64(3.675), 'training/rollout_time': np.float64(0.306), 'training/update_time': np.float64(0.002), 'training/approx_kl': 0.0, 'training/entropy': 0.09133666753768921, 'training/policy_loss': 0.00862185563892126, 'training/total_loss': 0.008729560300707817, 'training/value_loss': 0.0002154100948246196}
{'eval/num_episodes': 200, 'eval/num_steps': 200, 'eval/mean_score': np.float64(0.903), 'eval/std_score': np.float64(0.017), 'eval/mean_episode_length': np.float64(1.0), 'eval/std_episode_length': np.float64(0.0), 'eval/eval_time': 0.06961703300476074}
{'training/total_steps': 18000, 'training/updates': 9, 'training/sps': np.float64(6035.434), 'training/walltime': np.float64(4.077), 'training/rollout_time': np.float64(0.33), 'training/update_time': np.float64(0.002), 'training/approx_kl': 0.0, 'training/entropy': 0.0916452407836914, 'training/policy_loss': 0.0066049243323504925, 'training/total_loss': 0.006688604597002268, 'training/value_loss': 0.00016736013640183955}
{'eval/num_episodes': 200, 'eval/num_steps': 200, 'eval/mean_score': np.float64(0.901), 'eval/std_score': np.float64(0.012), 'eval/mean_episode_length': np.float64(1.0), 'eval/std_episode_length': np.float64(0.0), 'eval/eval_time': 0.07362627983093262}
{'training/total_steps': 20000, 'training/updates': 10, 'training/sps': np.float64(6331.88), 'training/walltime': np.float64(4.467), 'training/rollout_time': np.float64(0.314), 'training/update_time': np.float64(0.001), 'training/approx_kl': 0.0, 'training/entropy': 0.09188539534807205, 'training/policy_loss': 0.0062498371116817, 'training/total_loss': 0.0063285622745752335, 'training/value_loss': 0.0001574500638525933}
{'eval/num_episodes': 200, 'eval/num_steps': 200, 'eval/mean_score': np.float64(0.9), 'eval/std_score': np.float64(0.007), 'eval/mean_episode_length': np.float64(1.0), 'eval/std_episode_length': np.float64(0.0), 'eval/eval_time': 0.07292294502258301}
{'training/total_steps': 22000, 'training/updates': 11, 'training/sps': np.float64(5997.308), 'training/walltime': np.float64(4.873), 'training/rollout_time': np.float64(0.33), 'training/update_time': np.float64(0.003), 'training/approx_kl': 0.0, 'training/entropy': 0.09211225062608719, 'training/policy_loss': 0.007234811782836914, 'training/total_loss': 0.007325632032006979, 'training/value_loss': 0.0001816401636460796}
{'eval/num_episodes': 200, 'eval/num_steps': 200, 'eval/mean_score': np.float64(0.903), 'eval/std_score': np.float64(0.017), 'eval/mean_episode_length': np.float64(1.0), 'eval/std_episode_length': np.float64(0.0), 'eval/eval_time': 0.07358813285827637}
{'training/total_steps': 24000, 'training/updates': 12, 'training/sps': np.float64(5936.413), 'training/walltime': np.float64(5.284), 'training/rollout_time': np.float64(0.335), 'training/update_time': np.float64(0.001), 'training/approx_kl': 0.0, 'training/entropy': 0.09237433224916458, 'training/policy_loss': 0.006813834421336651, 'training/total_loss': 0.006899808067828417, 'training/value_loss': 0.00017194761312566698}
{'eval/num_episodes': 200, 'eval/num_steps': 200, 'eval/mean_score': np.float64(0.903), 'eval/std_score': np.float64(0.018), 'eval/mean_episode_length': np.float64(1.0), 'eval/std_episode_length': np.float64(0.0), 'eval/eval_time': 0.06933307647705078}
{'training/total_steps': 26000, 'training/updates': 13, 'training/sps': np.float64(6431.753), 'training/walltime': np.float64(5.665), 'training/rollout_time': np.float64(0.308), 'training/update_time': np.float64(0.003), 'training/approx_kl': 0.0, 'training/entropy': 0.09262317419052124, 'training/policy_loss': 0.005251111462712288, 'training/total_loss': 0.005317780189216137, 'training/value_loss': 0.00013333751121535897}
{'eval/num_episodes': 200, 'eval/num_steps': 200, 'eval/mean_score': np.float64(0.9), 'eval/std_score': np.float64(0.007), 'eval/mean_episode_length': np.float64(1.0), 'eval/std_episode_length': np.float64(0.0), 'eval/eval_time': 0.0710439682006836}
{'training/total_steps': 28000, 'training/updates': 14, 'training/sps': np.float64(6034.11), 'training/walltime': np.float64(6.068), 'training/rollout_time': np.float64(0.33), 'training/update_time': np.float64(0.001), 'training/approx_kl': 0.0, 'training/entropy': 0.09281659871339798, 'training/policy_loss': 0.007436526007950306, 'training/total_loss': 0.007529872469604015, 'training/value_loss': 0.00018669254495762289}
{'eval/num_episodes': 200, 'eval/num_steps': 200, 'eval/mean_score': np.float64(0.901), 'eval/std_score': np.float64(0.012), 'eval/mean_episode_length': np.float64(1.0), 'eval/std_episode_length': np.float64(0.0), 'eval/eval_time': 0.0726480484008789}
{'training/total_steps': 30000, 'training/updates': 15, 'training/sps': np.float64(6395.355), 'training/walltime': np.float64(6.453), 'training/rollout_time': np.float64(0.311), 'training/update_time': np.float64(0.002), 'training/approx_kl': 0.0, 'training/entropy': 0.09308766573667526, 'training/policy_loss': 0.007572915405035019, 'training/total_loss': 0.0076685152016580105, 'training/value_loss': 0.00019120005890727043}
{'eval/num_episodes': 200, 'eval/num_steps': 200, 'eval/mean_score': np.float64(0.903), 'eval/std_score': np.float64(0.017), 'eval/mean_episode_length': np.float64(1.0), 'eval/std_episode_length': np.float64(0.0), 'eval/eval_time': 0.07182478904724121}
{'training/total_steps': 32000, 'training/updates': 16, 'training/sps': np.float64(5952.808), 'training/walltime': np.float64(6.862), 'training/rollout_time': np.float64(0.334), 'training/update_time': np.float64(0.002), 'training/approx_kl': 0.0, 'training/entropy': 0.09336632490158081, 'training/policy_loss': 0.00736598065122962, 'training/total_loss': 0.007459177169948816, 'training/value_loss': 0.00018639261543285102}
{'eval/num_episodes': 200, 'eval/num_steps': 200, 'eval/mean_score': np.float64(0.901), 'eval/std_score': np.float64(0.012), 'eval/mean_episode_length': np.float64(1.0), 'eval/std_episode_length': np.float64(0.0), 'eval/eval_time': 0.07185196876525879}
{'training/total_steps': 34000, 'training/updates': 17, 'training/sps': np.float64(6531.698), 'training/walltime': np.float64(7.24), 'training/rollout_time': np.float64(0.305), 'training/update_time': np.float64(0.001), 'training/approx_kl': 0.0, 'training/entropy': 0.09363872557878494, 'training/policy_loss': 0.00814268458634615, 'training/total_loss': 0.008245499804615974, 'training/value_loss': 0.00020563005818985403}
{'eval/num_episodes': 200, 'eval/num_steps': 200, 'eval/mean_score': np.float64(0.903), 'eval/std_score': np.float64(0.017), 'eval/mean_episode_length': np.float64(1.0), 'eval/std_episode_length': np.float64(0.0), 'eval/eval_time': 0.06879901885986328}
{'training/total_steps': 36000, 'training/updates': 18, 'training/sps': np.float64(6565.253), 'training/walltime': np.float64(7.614), 'training/rollout_time': np.float64(0.303), 'training/update_time': np.float64(0.001), 'training/approx_kl': 0.0, 'training/entropy': 0.09394004940986633, 'training/policy_loss': 0.006948964670300484, 'training/total_loss': 0.007037389557808638, 'training/value_loss': 0.0001768500660546124}
{'eval/num_episodes': 200, 'eval/num_steps': 200, 'eval/mean_score': np.float64(0.901), 'eval/std_score': np.float64(0.01), 'eval/mean_episode_length': np.float64(1.0), 'eval/std_episode_length': np.float64(0.0), 'eval/eval_time': 0.06960201263427734}
{'training/total_steps': 38000, 'training/updates': 19, 'training/sps': np.float64(5802.025), 'training/walltime': np.float64(8.028), 'training/rollout_time': np.float64(0.343), 'training/update_time': np.float64(0.001), 'training/approx_kl': 0.0, 'training/entropy': 0.09419991075992584, 'training/policy_loss': 0.008331715129315853, 'training/total_loss': 0.008436964824795723, 'training/value_loss': 0.00021050010400358588}
{'eval/num_episodes': 200, 'eval/num_steps': 200, 'eval/mean_score': np.float64(0.902), 'eval/std_score': np.float64(0.014), 'eval/mean_episode_length': np.float64(1.0), 'eval/std_episode_length': np.float64(0.0), 'eval/eval_time': 0.07073783874511719}
{'training/total_steps': 40000, 'training/updates': 20, 'training/sps': np.float64(6333.267), 'training/walltime': np.float64(8.415), 'training/rollout_time': np.float64(0.314), 'training/update_time': np.float64(0.002), 'training/approx_kl': 0.0, 'training/entropy': 0.09451007843017578, 'training/policy_loss': 0.004800357855856419, 'training/total_loss': 0.004862481728196144, 'training/value_loss': 0.00012424752640072256}
{'eval/num_episodes': 200, 'eval/num_steps': 200, 'eval/mean_score': np.float64(0.901), 'eval/std_score': np.float64(0.012), 'eval/mean_episode_length': np.float64(1.0), 'eval/std_episode_length': np.float64(0.0), 'eval/eval_time': 0.0702829360961914}
{'training/total_steps': 42000, 'training/updates': 21, 'training/sps': np.float64(6435.439), 'training/walltime': np.float64(8.797), 'training/rollout_time': np.float64(0.309), 'training/update_time': np.float64(0.002), 'training/approx_kl': 0.0, 'training/entropy': 0.09469325095415115, 'training/policy_loss': 0.00778884207829833, 'training/total_loss': 0.00788712315261364, 'training/value_loss': 0.00019656271615531296}
{'eval/num_episodes': 200, 'eval/num_steps': 200, 'eval/mean_score': np.float64(0.905), 'eval/std_score': np.float64(0.022), 'eval/mean_episode_length': np.float64(1.0), 'eval/std_episode_length': np.float64(0.0), 'eval/eval_time': 0.07118988037109375}
{'training/total_steps': 44000, 'training/updates': 22, 'training/sps': np.float64(5891.265), 'training/walltime': np.float64(9.208), 'training/rollout_time': np.float64(0.338), 'training/update_time': np.float64(0.002), 'training/approx_kl': 0.0, 'training/entropy': 0.09498357027769089, 'training/policy_loss': 0.00848225224763155, 'training/total_loss': 0.00858985260128975, 'training/value_loss': 0.00021520005248021334}
{'eval/num_episodes': 200, 'eval/num_steps': 200, 'eval/mean_score': np.float64(0.902), 'eval/std_score': np.float64(0.016), 'eval/mean_episode_length': np.float64(1.0), 'eval/std_episode_length': np.float64(0.0), 'eval/eval_time': 0.07258176803588867}
{'training/total_steps': 46000, 'training/updates': 23, 'training/sps': np.float64(6162.195), 'training/walltime': np.float64(9.605), 'training/rollout_time': np.float64(0.321), 'training/update_time': np.float64(0.003), 'training/approx_kl': 0.0, 'training/entropy': 0.09530305862426758, 'training/policy_loss': 0.004590590484440327, 'training/total_loss': 0.004650370683521032, 'training/value_loss': 0.00011956001253565773}
{'eval/num_episodes': 200, 'eval/num_steps': 200, 'eval/mean_score': np.float64(0.902), 'eval/std_score': np.float64(0.014), 'eval/mean_episode_length': np.float64(1.0), 'eval/std_episode_length': np.float64(0.0), 'eval/eval_time': 0.07822585105895996}
{'training/total_steps': 48000, 'training/updates': 24, 'training/sps': np.float64(5832.965), 'training/walltime': np.float64(10.027), 'training/rollout_time': np.float64(0.341), 'training/update_time': np.float64(0.001), 'training/approx_kl': 0.0, 'training/entropy': 0.09548068046569824, 'training/policy_loss': 0.008162754587829113, 'training/total_loss': 0.008265954442322254, 'training/value_loss': 0.0002063999854726717}
{'eval/num_episodes': 200, 'eval/num_steps': 200, 'eval/mean_score': np.float64(0.902), 'eval/std_score': np.float64(0.016), 'eval/mean_episode_length': np.float64(1.0), 'eval/std_episode_length': np.float64(0.0), 'eval/eval_time': 0.07186293601989746}
{'training/total_steps': 50000, 'training/updates': 25, 'training/sps': np.float64(6362.139), 'training/walltime': np.float64(10.413), 'training/rollout_time': np.float64(0.313), 'training/update_time': np.float64(0.002), 'training/approx_kl': 0.0, 'training/entropy': 0.09578752517700195, 'training/policy_loss': 0.0067118993028998375, 'training/total_loss': 0.006797929294407368, 'training/value_loss': 0.00017206005577463657}
{'eval/num_episodes': 200, 'eval/num_steps': 200, 'eval/mean_score': np.float64(0.902), 'eval/std_score': np.float64(0.014), 'eval/mean_episode_length': np.float64(1.0), 'eval/std_episode_length': np.float64(0.0), 'eval/eval_time': 0.07120299339294434}
{'training/total_steps': 52000, 'training/updates': 26, 'training/sps': np.float64(4871.433), 'training/walltime': np.float64(10.896), 'training/rollout_time': np.float64(0.403), 'training/update_time': np.float64(0.008), 'training/approx_kl': 0.0, 'training/entropy': 0.09604478627443314, 'training/policy_loss': 0.007123804651200771, 'training/total_loss': 0.00721459835767746, 'training/value_loss': 0.0001815875293686986}
{'eval/num_episodes': 200, 'eval/num_steps': 200, 'eval/mean_score': np.float64(0.9), 'eval/std_score': np.float64(0.0), 'eval/mean_episode_length': np.float64(1.0), 'eval/std_episode_length': np.float64(0.0), 'eval/eval_time': 0.09455990791320801}
{'training/total_steps': 54000, 'training/updates': 27, 'training/sps': np.float64(5788.944), 'training/walltime': np.float64(11.336), 'training/rollout_time': np.float64(0.344), 'training/update_time': np.float64(0.002), 'training/approx_kl': 0.0, 'training/entropy': 0.09631705284118652, 'training/policy_loss': 0.004983942490071058, 'training/total_loss': 0.005048248916864395, 'training/value_loss': 0.00012861262075603008}
{'eval/num_episodes': 200, 'eval/num_steps': 200, 'eval/mean_score': np.float64(0.901), 'eval/std_score': np.float64(0.012), 'eval/mean_episode_length': np.float64(1.0), 'eval/std_episode_length': np.float64(0.0), 'eval/eval_time': 0.08026409149169922}
{'training/total_steps': 56000, 'training/updates': 28, 'training/sps': np.float64(6254.885), 'training/walltime': np.float64(11.737), 'training/rollout_time': np.float64(0.318), 'training/update_time': np.float64(0.002), 'training/approx_kl': 0.0, 'training/entropy': 0.09651041030883789, 'training/policy_loss': 0.006959970574826002, 'training/total_loss': 0.007048475556075573, 'training/value_loss': 0.00017701013712212443}
{'eval/num_episodes': 200, 'eval/num_steps': 200, 'eval/mean_score': np.float64(0.905), 'eval/std_score': np.float64(0.022), 'eval/mean_episode_length': np.float64(1.0), 'eval/std_episode_length': np.float64(0.0), 'eval/eval_time': 0.07166004180908203}
{'training/total_steps': 58000, 'training/updates': 29, 'training/sps': np.float64(4837.439), 'training/walltime': np.float64(12.222), 'training/rollout_time': np.float64(0.412), 'training/update_time': np.float64(0.001), 'training/approx_kl': 0.0, 'training/entropy': 0.09677646309137344, 'training/policy_loss': 0.007294412702322006, 'training/total_loss': 0.007387612946331501, 'training/value_loss': 0.00018640012422110885}
{'eval/num_episodes': 200, 'eval/num_steps': 200, 'eval/mean_score': np.float64(0.901), 'eval/std_score': np.float64(0.012), 'eval/mean_episode_length': np.float64(1.0), 'eval/std_episode_length': np.float64(0.0), 'eval/eval_time': 0.07589292526245117}
{'training/total_steps': 60000, 'training/updates': 30, 'training/sps': np.float64(6334.084), 'training/walltime': np.float64(12.614), 'training/rollout_time': np.float64(0.314), 'training/update_time': np.float64(0.001), 'training/approx_kl': 0.0, 'training/entropy': 0.09705783426761627, 'training/policy_loss': 0.006507949437946081, 'training/total_loss': 0.006591524463146925, 'training/value_loss': 0.00016715006495360285}
{'eval/num_episodes': 200, 'eval/num_steps': 200, 'eval/mean_score': np.float64(0.9), 'eval/std_score': np.float64(0.007), 'eval/mean_episode_length': np.float64(1.0), 'eval/std_episode_length': np.float64(0.0), 'eval/eval_time': 0.07429718971252441}
TRAINING END: training duration: 12.688640117645264
{'final_eval/num_episodes': 200, 'final_eval/num_steps': 200, 'final_eval/mean_score': np.float64(0.8999999761581421), 'final_eval/std_score': np.float64(0.0), 'final_eval/mean_episode_length': np.float64(1.0), 'final_eval/std_episode_length': np.float64(0.0)}
