|param: value|
|experiment_name:  pc_actor_critic|
|seed:  4|
|write_logs_to_file:  False|
|save_model:  False|
|env_name:  bandit|
|num_envs:  8|
|num_train_levels:  200|
|distribution_mode:  easy|
|arm_means:  (1.0, 0.9)|
|deterministic_rewards:  True|
|eval_env:  True|
|num_eval_episodes:  200|
|eval_every:  1|
|total_timesteps:  60000|
|unroll_length:  250|
|gamma:  0.99|
|learning_rate:  0.01|
|value_learning_rate:  0.01|
|target_scale:  1.0|
|pc_steps_per_update:  1|
|max_t1:  20|
|width:  32|
|depth:  2|
|act_fn:  relu|
|policy_init_logit_bias:  [0.0, 6.0]|
|use_cnn:  False|
|policy_hidden_layer_sizes:  ()|
|value_hidden_layer_sizes:  ()|
|anneal_lr:  False|
|entropy_cost:  0.0|
|deterministic_eval:  False|
{'training/total_steps': 2000, 'training/updates': 1, 'training/walltime': np.float64(1.454), 'training/update_time': np.float64(1.454), 'training/policy_pc_loss': 0.0018060513539239764, 'training/value_pc_loss': 0.19222082197666168, 'training/mean_value': 0.28034454584121704, 'training/mean_reward': 0.9003496766090393, 'training/mean_advantage_abs': 0.6200056076049805}
{'eval/num_episodes': 200, 'eval/mean_score': np.float64(0.9), 'eval/std_score': np.float64(0.0), 'eval/mean_episode_length': np.float64(1.0)}
{'training/total_steps': 4000, 'training/updates': 2, 'training/walltime': np.float64(1.62), 'training/update_time': np.float64(0.138), 'training/policy_pc_loss': 0.00023703105398453772, 'training/value_pc_loss': 0.07492057979106903, 'training/mean_value': 0.5130196213722229, 'training/mean_reward': 0.9000996351242065, 'training/mean_advantage_abs': 0.3870801031589508}
{'eval/num_episodes': 200, 'eval/mean_score': np.float64(0.9005), 'eval/std_score': np.float64(0.0071), 'eval/mean_episode_length': np.float64(1.0)}
{'training/total_steps': 6000, 'training/updates': 3, 'training/walltime': np.float64(1.755), 'training/update_time': np.float64(0.133), 'training/policy_pc_loss': 0.0001020422059809789, 'training/value_pc_loss': 0.01304119173437357, 'training/mean_value': 0.7386957406997681, 'training/mean_reward': 0.9001497030258179, 'training/mean_advantage_abs': 0.16145402193069458}
{'eval/num_episodes': 200, 'eval/mean_score': np.float64(0.9), 'eval/std_score': np.float64(0.0), 'eval/mean_episode_length': np.float64(1.0)}
{'training/total_steps': 8000, 'training/updates': 4, 'training/walltime': np.float64(1.898), 'training/update_time': np.float64(0.142), 'training/policy_pc_loss': 6.421437774406513e-06, 'training/value_pc_loss': 0.0009362341370433569, 'training/mean_value': 0.9432411193847656, 'training/mean_reward': 0.9001996517181396, 'training/mean_advantage_abs': 0.04326782375574112}
{'eval/num_episodes': 200, 'eval/mean_score': np.float64(0.9), 'eval/std_score': np.float64(0.0), 'eval/mean_episode_length': np.float64(1.0)}
{'training/total_steps': 10000, 'training/updates': 5, 'training/walltime': np.float64(2.037), 'training/update_time': np.float64(0.138), 'training/policy_pc_loss': 2.6893858375842683e-05, 'training/value_pc_loss': 0.020624680444598198, 'training/mean_value': 1.1032882928848267, 'training/mean_reward': 0.9002496600151062, 'training/mean_advantage_abs': 0.2030380666255951}
{'eval/num_episodes': 200, 'eval/mean_score': np.float64(0.9005), 'eval/std_score': np.float64(0.0071), 'eval/mean_episode_length': np.float64(1.0)}
{'training/total_steps': 12000, 'training/updates': 6, 'training/walltime': np.float64(2.172), 'training/update_time': np.float64(0.134), 'training/policy_pc_loss': 0.00019545738177839667, 'training/value_pc_loss': 0.04424554482102394, 'training/mean_value': 1.197891116142273, 'training/mean_reward': 0.900499701499939, 'training/mean_advantage_abs': 0.29739072918891907}
{'eval/num_episodes': 200, 'eval/mean_score': np.float64(0.9005), 'eval/std_score': np.float64(0.0071), 'eval/mean_episode_length': np.float64(1.0)}
{'training/total_steps': 14000, 'training/updates': 7, 'training/walltime': np.float64(2.327), 'training/update_time': np.float64(0.153), 'training/policy_pc_loss': 0.0002574895625002682, 'training/value_pc_loss': 0.053380776196718216, 'training/mean_value': 1.2271674871444702, 'training/mean_reward': 0.900499701499939, 'training/mean_advantage_abs': 0.32666751742362976}
{'eval/num_episodes': 200, 'eval/mean_score': np.float64(0.9005), 'eval/std_score': np.float64(0.0071), 'eval/mean_episode_length': np.float64(1.0)}
{'training/total_steps': 16000, 'training/updates': 8, 'training/walltime': np.float64(2.47), 'training/update_time': np.float64(0.143), 'training/policy_pc_loss': 0.0001691323850536719, 'training/value_pc_loss': 0.046614695340394974, 'training/mean_value': 1.2056695222854614, 'training/mean_reward': 0.9003996253013611, 'training/mean_advantage_abs': 0.3052697479724884}
{'eval/num_episodes': 200, 'eval/mean_score': np.float64(0.9005), 'eval/std_score': np.float64(0.0071), 'eval/mean_episode_length': np.float64(1.0)}
{'training/total_steps': 18000, 'training/updates': 9, 'training/walltime': np.float64(2.621), 'training/update_time': np.float64(0.149), 'training/policy_pc_loss': 4.520236325333826e-05, 'training/value_pc_loss': 0.031099285930395126, 'training/mean_value': 1.1495566368103027, 'training/mean_reward': 0.9001997113227844, 'training/mean_advantage_abs': 0.24935655295848846}
{'eval/num_episodes': 200, 'eval/mean_score': np.float64(0.9), 'eval/std_score': np.float64(0.0), 'eval/mean_episode_length': np.float64(1.0)}
{'training/total_steps': 20000, 'training/updates': 10, 'training/walltime': np.float64(2.766), 'training/update_time': np.float64(0.144), 'training/policy_pc_loss': 2.1284962713252753e-05, 'training/value_pc_loss': 0.01482668612152338, 'training/mean_value': 1.0724854469299316, 'training/mean_reward': 0.9003996253013611, 'training/mean_advantage_abs': 0.17208582162857056}
{'eval/num_episodes': 200, 'eval/mean_score': np.float64(0.9), 'eval/std_score': np.float64(0.0), 'eval/mean_episode_length': np.float64(1.0)}
{'training/total_steps': 22000, 'training/updates': 11, 'training/walltime': np.float64(2.909), 'training/update_time': np.float64(0.143), 'training/policy_pc_loss': 1.2012969818897545e-06, 'training/value_pc_loss': 0.0036738968919962645, 'training/mean_value': 0.9859503507614136, 'training/mean_reward': 0.9005497097969055, 'training/mean_advantage_abs': 0.08555420488119125}
{'eval/num_episodes': 200, 'eval/mean_score': np.float64(0.9), 'eval/std_score': np.float64(0.0), 'eval/mean_episode_length': np.float64(1.0)}
{'training/total_steps': 24000, 'training/updates': 12, 'training/walltime': np.float64(3.049), 'training/update_time': np.float64(0.139), 'training/policy_pc_loss': 2.970624882436823e-05, 'training/value_pc_loss': 1.4989177543611731e-05, 'training/mean_value': 0.9000380039215088, 'training/mean_reward': 0.9002996683120728, 'training/mean_advantage_abs': 0.0003383921575732529}
{'eval/num_episodes': 200, 'eval/mean_score': np.float64(0.9), 'eval/std_score': np.float64(0.0), 'eval/mean_episode_length': np.float64(1.0)}
{'training/total_steps': 26000, 'training/updates': 13, 'training/walltime': np.float64(3.187), 'training/update_time': np.float64(0.138), 'training/policy_pc_loss': 0.00021578896848950535, 'training/value_pc_loss': 0.0030071481596678495, 'training/mean_value': 0.8235971927642822, 'training/mean_reward': 0.9006996750831604, 'training/mean_advantage_abs': 0.077102430164814}
{'eval/num_episodes': 200, 'eval/mean_score': np.float64(0.9), 'eval/std_score': np.float64(0.0), 'eval/mean_episode_length': np.float64(1.0)}
{'training/total_steps': 28000, 'training/updates': 14, 'training/walltime': np.float64(3.326), 'training/update_time': np.float64(0.138), 'training/policy_pc_loss': 0.00035911620943807065, 'training/value_pc_loss': 0.009396469220519066, 'training/mean_value': 0.7637979984283447, 'training/mean_reward': 0.9006496667861938, 'training/mean_advantage_abs': 0.13685162365436554}
{'eval/num_episodes': 200, 'eval/mean_score': np.float64(0.9005), 'eval/std_score': np.float64(0.0071), 'eval/mean_episode_length': np.float64(1.0)}
{'training/total_steps': 30000, 'training/updates': 15, 'training/walltime': np.float64(3.466), 'training/update_time': np.float64(0.139), 'training/policy_pc_loss': 0.0004112814203836024, 'training/value_pc_loss': 0.015406616032123566, 'training/mean_value': 0.7251688241958618, 'training/mean_reward': 0.9005496501922607, 'training/mean_advantage_abs': 0.17538104951381683}
{'eval/num_episodes': 200, 'eval/mean_score': np.float64(0.9), 'eval/std_score': np.float64(0.0), 'eval/mean_episode_length': np.float64(1.0)}
{'training/total_steps': 32000, 'training/updates': 16, 'training/walltime': np.float64(3.604), 'training/update_time': np.float64(0.137), 'training/policy_pc_loss': 0.000793116632848978, 'training/value_pc_loss': 0.01842954382300377, 'training/mean_value': 0.7092076539993286, 'training/mean_reward': 0.9009496569633484, 'training/mean_advantage_abs': 0.19174207746982574}
{'eval/num_episodes': 200, 'eval/mean_score': np.float64(0.901), 'eval/std_score': np.float64(0.0099), 'eval/mean_episode_length': np.float64(1.0)}
{'training/total_steps': 34000, 'training/updates': 17, 'training/walltime': np.float64(3.739), 'training/update_time': np.float64(0.134), 'training/policy_pc_loss': 0.0008415696793235838, 'training/value_pc_loss': 0.01740483194589615, 'training/mean_value': 0.7147555351257324, 'training/mean_reward': 0.9010496139526367, 'training/mean_advantage_abs': 0.18629489839076996}
{'eval/num_episodes': 200, 'eval/mean_score': np.float64(0.902), 'eval/std_score': np.float64(0.014), 'eval/mean_episode_length': np.float64(1.0)}
{'training/total_steps': 36000, 'training/updates': 18, 'training/walltime': np.float64(3.877), 'training/update_time': np.float64(0.137), 'training/policy_pc_loss': 0.0007712655351497233, 'training/value_pc_loss': 0.013259543105959892, 'training/mean_value': 0.738652765750885, 'training/mean_reward': 0.9011496901512146, 'training/mean_advantage_abs': 0.162497416138649}
{'eval/num_episodes': 200, 'eval/mean_score': np.float64(0.902), 'eval/std_score': np.float64(0.014), 'eval/mean_episode_length': np.float64(1.0)}
{'training/total_steps': 38000, 'training/updates': 19, 'training/walltime': np.float64(4.02), 'training/update_time': np.float64(0.142), 'training/policy_pc_loss': 0.0008527882746420801, 'training/value_pc_loss': 0.007924485951662064, 'training/mean_value': 0.7765425443649292, 'training/mean_reward': 0.9017496705055237, 'training/mean_advantage_abs': 0.12520791590213776}
{'eval/num_episodes': 200, 'eval/mean_score': np.float64(0.901), 'eval/std_score': np.float64(0.0099), 'eval/mean_episode_length': np.float64(1.0)}
{'training/total_steps': 40000, 'training/updates': 20, 'training/walltime': np.float64(4.154), 'training/update_time': np.float64(0.133), 'training/policy_pc_loss': 0.00048345865798182786, 'training/value_pc_loss': 0.0031330434139817953, 'training/mean_value': 0.8234423995018005, 'training/mean_reward': 0.9015995860099792, 'training/mean_advantage_abs': 0.07815785706043243}
{'eval/num_episodes': 200, 'eval/mean_score': np.float64(0.903), 'eval/std_score': np.float64(0.0171), 'eval/mean_episode_length': np.float64(1.0)}
{'training/total_steps': 42000, 'training/updates': 21, 'training/walltime': np.float64(4.298), 'training/update_time': np.float64(0.143), 'training/policy_pc_loss': 0.0004941708757542074, 'training/value_pc_loss': 0.0005857439246028662, 'training/mean_value': 0.8739743232727051, 'training/mean_reward': 0.9032496809959412, 'training/mean_advantage_abs': 0.02927541919052601}
{'eval/num_episodes': 200, 'eval/mean_score': np.float64(0.903), 'eval/std_score': np.float64(0.0171), 'eval/mean_episode_length': np.float64(1.0)}
{'training/total_steps': 44000, 'training/updates': 22, 'training/walltime': np.float64(4.438), 'training/update_time': np.float64(0.14), 'training/policy_pc_loss': 0.00016865719226188958, 'training/value_pc_loss': 0.00034464040072634816, 'training/mean_value': 0.9229565858840942, 'training/mean_reward': 0.9029996991157532, 'training/mean_advantage_abs': 0.024579551070928574}
{'eval/num_episodes': 200, 'eval/mean_score': np.float64(0.902), 'eval/std_score': np.float64(0.014), 'eval/mean_episode_length': np.float64(1.0)}
{'training/total_steps': 46000, 'training/updates': 23, 'training/walltime': np.float64(4.574), 'training/update_time': np.float64(0.135), 'training/policy_pc_loss': 4.046582762384787e-05, 'training/value_pc_loss': 0.0020907726138830185, 'training/mean_value': 0.9654120206832886, 'training/mean_reward': 0.9031497240066528, 'training/mean_advantage_abs': 0.06444039940834045}
{'eval/num_episodes': 200, 'eval/mean_score': np.float64(0.908), 'eval/std_score': np.float64(0.0271), 'eval/mean_episode_length': np.float64(1.0)}
{'training/total_steps': 48000, 'training/updates': 24, 'training/walltime': np.float64(4.714), 'training/update_time': np.float64(0.139), 'training/policy_pc_loss': 2.117857184202876e-05, 'training/value_pc_loss': 0.004545330069959164, 'training/mean_value': 0.9973353743553162, 'training/mean_reward': 0.9040495753288269, 'training/mean_advantage_abs': 0.09350072592496872}
{'eval/num_episodes': 200, 'eval/mean_score': np.float64(0.904), 'eval/std_score': np.float64(0.0196), 'eval/mean_episode_length': np.float64(1.0)}
{'training/total_steps': 50000, 'training/updates': 25, 'training/walltime': np.float64(4.858), 'training/update_time': np.float64(0.144), 'training/policy_pc_loss': 6.763956480426714e-05, 'training/value_pc_loss': 0.0062903971411287785, 'training/mean_value': 1.0162239074707031, 'training/mean_reward': 0.9069996476173401, 'training/mean_advantage_abs': 0.10922357439994812}
{'eval/num_episodes': 200, 'eval/mean_score': np.float64(0.9105), 'eval/std_score': np.float64(0.0307), 'eval/mean_episode_length': np.float64(1.0)}
{'training/total_steps': 52000, 'training/updates': 26, 'training/walltime': np.float64(4.995), 'training/update_time': np.float64(0.136), 'training/policy_pc_loss': 0.00013310018402989954, 'training/value_pc_loss': 0.006763169076293707, 'training/mean_value': 1.0214730501174927, 'training/mean_reward': 0.9085996747016907, 'training/mean_advantage_abs': 0.11287291347980499}
{'eval/num_episodes': 200, 'eval/mean_score': np.float64(0.911), 'eval/std_score': np.float64(0.0313), 'eval/mean_episode_length': np.float64(1.0)}
{'training/total_steps': 54000, 'training/updates': 27, 'training/walltime': np.float64(5.139), 'training/update_time': np.float64(0.143), 'training/policy_pc_loss': 0.00017221472808159888, 'training/value_pc_loss': 0.005767013877630234, 'training/mean_value': 1.0139237642288208, 'training/mean_reward': 0.9112997055053711, 'training/mean_advantage_abs': 0.10262413322925568}
{'eval/num_episodes': 200, 'eval/mean_score': np.float64(0.914), 'eval/std_score': np.float64(0.0347), 'eval/mean_episode_length': np.float64(1.0)}
{'training/total_steps': 56000, 'training/updates': 28, 'training/walltime': np.float64(5.278), 'training/update_time': np.float64(0.138), 'training/policy_pc_loss': 0.0001908724952954799, 'training/value_pc_loss': 0.003868572646752, 'training/mean_value': 0.9958706498146057, 'training/mean_reward': 0.9158497452735901, 'training/mean_advantage_abs': 0.08132988214492798}
{'eval/num_episodes': 200, 'eval/mean_score': np.float64(0.92), 'eval/std_score': np.float64(0.04), 'eval/mean_episode_length': np.float64(1.0)}
{'training/total_steps': 58000, 'training/updates': 29, 'training/walltime': np.float64(5.417), 'training/update_time': np.float64(0.138), 'training/policy_pc_loss': 0.00028892941190861166, 'training/value_pc_loss': 0.0020461210515350103, 'training/mean_value': 0.970725953578949, 'training/mean_reward': 0.9219498634338379, 'training/mean_advantage_abs': 0.06162697821855545}
{'eval/num_episodes': 200, 'eval/mean_score': np.float64(0.93), 'eval/std_score': np.float64(0.0458), 'eval/mean_episode_length': np.float64(1.0)}
{'training/total_steps': 60000, 'training/updates': 30, 'training/walltime': np.float64(5.557), 'training/update_time': np.float64(0.139), 'training/policy_pc_loss': 0.0005518782418221235, 'training/value_pc_loss': 0.0010989466682076454, 'training/mean_value': 0.942527711391449, 'training/mean_reward': 0.9260498285293579, 'training/mean_advantage_abs': 0.04642048850655556}
{'eval/num_episodes': 200, 'eval/mean_score': np.float64(0.935), 'eval/std_score': np.float64(0.0477), 'eval/mean_episode_length': np.float64(1.0)}
TRAINING END: training duration: 5.558022975921631
