|param: value|
|experiment_name:  trpo_procgen|
|seed:  4|
|platform:  cpu|
|write_logs_to_file:  False|
|save_model:  False|
|env_name:  bandit|
|num_envs:  8|
|num_train_levels:  200|
|distribution_mode:  easy|
|arm_means:  (1.0, 0.9)|
|deterministic_rewards:  True|
|eval_env:  True|
|num_eval_episodes:  200|
|eval_every:  1|
|deterministic_eval:  False|
|normalize_observations:  True|
|total_timesteps:  60000|
|learning_rate:  0.01|
|unroll_length:  250|
|anneal_lr:  False|
|gamma:  0.99|
|gae_lambda:  0.95|
|batch_size:  1|
|num_minibatches:  8|
|update_epochs:  10|
|normalize_advantages:  True|
|target_kl:  0.01|
|cg_damping:  0.1|
|cg_max_iterations:  10|
|line_search_max_iter:  10|
|line_search_shrinking_factor:  0.8|
|vf_cost:  1.0|
|max_grad_norm:  0.5|
|reward_scaling:  1.0|
|use_cnn:  False|
|policy_hidden_layer_sizes:  ()|
|value_hidden_layer_sizes:  ()|
|activation:  <jax._src.custom_derivatives.custom_jvp object at 0x11c088650>|
|policy_init_logit_bias:  [0.0, 6.0]|
|entropy_cost:  0.0|
{'training/total_steps': 2000, 'training/updates': 1, 'training/sps': np.float64(1401.172), 'training/walltime': np.float64(1.427), 'training/rollout_time': np.float64(0.118), 'training/update_time': np.float64(1.309), 'training/iterations': 1.0, 'training/kl_div': 0.000991540146060288, 'training/line_search_success': 1.0, 'training/new_policy_objective': 0.6357609033584595, 'training/policy_objective': 0.6076372265815735, 'training/value_loss': 1.6031312942504883}
{'eval/num_episodes': 200, 'eval/num_steps': 200, 'eval/mean_score': np.float64(0.9), 'eval/std_score': np.float64(0.0), 'eval/mean_episode_length': np.float64(1.0), 'eval/std_episode_length': np.float64(0.0), 'eval/eval_time': 0.07079410552978516}
{'training/total_steps': 4000, 'training/updates': 2, 'training/sps': np.float64(20446.555), 'training/walltime': np.float64(1.617), 'training/rollout_time': np.float64(0.095), 'training/update_time': np.float64(0.003), 'training/iterations': 1.0, 'training/kl_div': 0.004083018749952316, 'training/line_search_success': 1.0, 'training/new_policy_objective': -0.9216355085372925, 'training/policy_objective': -0.9368531703948975, 'training/value_loss': 0.08428749442100525}
{'eval/num_episodes': 200, 'eval/num_steps': 200, 'eval/mean_score': np.float64(0.911), 'eval/std_score': np.float64(0.032), 'eval/mean_episode_length': np.float64(1.0), 'eval/std_episode_length': np.float64(0.0), 'eval/eval_time': 0.07447600364685059}
{'training/total_steps': 6000, 'training/updates': 3, 'training/sps': np.float64(19645.59), 'training/walltime': np.float64(1.794), 'training/rollout_time': np.float64(0.099), 'training/update_time': np.float64(0.003), 'training/iterations': 1.0, 'training/kl_div': 0.00913824513554573, 'training/line_search_success': 1.0, 'training/new_policy_objective': 0.8073908686637878, 'training/policy_objective': 0.6213106513023376, 'training/value_loss': 0.0005603930330835283}
{'eval/num_episodes': 200, 'eval/num_steps': 200, 'eval/mean_score': np.float64(0.966), 'eval/std_score': np.float64(0.047), 'eval/mean_episode_length': np.float64(1.0), 'eval/std_episode_length': np.float64(0.0), 'eval/eval_time': 0.07025480270385742}
{'training/total_steps': 8000, 'training/updates': 4, 'training/sps': np.float64(20015.385), 'training/walltime': np.float64(1.965), 'training/rollout_time': np.float64(0.097), 'training/update_time': np.float64(0.003), 'training/iterations': 1.0, 'training/kl_div': 0.007640100084245205, 'training/line_search_success': 1.0, 'training/new_policy_objective': 0.468777596950531, 'training/policy_objective': 0.38013505935668945, 'training/value_loss': 0.0013351894449442625}
{'eval/num_episodes': 200, 'eval/num_steps': 200, 'eval/mean_score': np.float64(0.996), 'eval/std_score': np.float64(0.02), 'eval/mean_episode_length': np.float64(1.0), 'eval/std_episode_length': np.float64(0.0), 'eval/eval_time': 0.0730581283569336}
{'training/total_steps': 10000, 'training/updates': 5, 'training/sps': np.float64(18215.276), 'training/walltime': np.float64(2.148), 'training/rollout_time': np.float64(0.1), 'training/update_time': np.float64(0.009), 'training/iterations': 1.0, 'training/kl_div': 0.0014828478451818228, 'training/line_search_success': 1.0, 'training/new_policy_objective': 0.15334953367710114, 'training/policy_objective': 0.12757143378257751, 'training/value_loss': 0.0002334907476324588}
{'eval/num_episodes': 200, 'eval/num_steps': 200, 'eval/mean_score': np.float64(1.0), 'eval/std_score': np.float64(0.0), 'eval/mean_episode_length': np.float64(1.0), 'eval/std_episode_length': np.float64(0.0), 'eval/eval_time': 0.07201290130615234}
{'training/total_steps': 12000, 'training/updates': 6, 'training/sps': np.float64(20782.864), 'training/walltime': np.float64(2.317), 'training/rollout_time': np.float64(0.093), 'training/update_time': np.float64(0.003), 'training/iterations': 1.0, 'training/kl_div': 0.0016097823390737176, 'training/line_search_success': 1.0, 'training/new_policy_objective': -0.02253241091966629, 'training/policy_objective': -0.022645525634288788, 'training/value_loss': 7.301207460841397e-07}
{'eval/num_episodes': 200, 'eval/num_steps': 200, 'eval/mean_score': np.float64(0.997), 'eval/std_score': np.float64(0.017), 'eval/mean_episode_length': np.float64(1.0), 'eval/std_episode_length': np.float64(0.0), 'eval/eval_time': 0.0696110725402832}
{'training/total_steps': 14000, 'training/updates': 7, 'training/sps': np.float64(19554.913), 'training/walltime': np.float64(2.489), 'training/rollout_time': np.float64(0.099), 'training/update_time': np.float64(0.003), 'training/iterations': 1.0, 'training/kl_div': 0.0017937087686732411, 'training/line_search_success': 1.0, 'training/new_policy_objective': 0.16729775071144104, 'training/policy_objective': 0.1408788561820984, 'training/value_loss': 0.00018595099390950054}
{'eval/num_episodes': 200, 'eval/num_steps': 200, 'eval/mean_score': np.float64(1.0), 'eval/std_score': np.float64(0.0), 'eval/mean_episode_length': np.float64(1.0), 'eval/std_episode_length': np.float64(0.0), 'eval/eval_time': 0.07236909866333008}
{'training/total_steps': 16000, 'training/updates': 8, 'training/sps': np.float64(20165.553), 'training/walltime': np.float64(2.661), 'training/rollout_time': np.float64(0.096), 'training/update_time': np.float64(0.003), 'training/iterations': 1.0, 'training/kl_div': 0.000811104488093406, 'training/line_search_success': 1.0, 'training/new_policy_objective': -0.12870121002197266, 'training/policy_objective': -0.28445959091186523, 'training/value_loss': 3.261356823713868e-06}
{'eval/num_episodes': 200, 'eval/num_steps': 200, 'eval/mean_score': np.float64(0.999), 'eval/std_score': np.float64(0.01), 'eval/mean_episode_length': np.float64(1.0), 'eval/std_episode_length': np.float64(0.0), 'eval/eval_time': 0.0707240104675293}
{'training/total_steps': 18000, 'training/updates': 9, 'training/sps': np.float64(15152.559), 'training/walltime': np.float64(2.864), 'training/rollout_time': np.float64(0.129), 'training/update_time': np.float64(0.003), 'training/iterations': 1.0, 'training/kl_div': 0.0019717311952263117, 'training/line_search_success': 1.0, 'training/new_policy_objective': 0.06471037864685059, 'training/policy_objective': 0.03316395357251167, 'training/value_loss': 5.6915720051620156e-05}
{'eval/num_episodes': 200, 'eval/num_steps': 200, 'eval/mean_score': np.float64(1.0), 'eval/std_score': np.float64(0.0), 'eval/mean_episode_length': np.float64(1.0), 'eval/std_episode_length': np.float64(0.0), 'eval/eval_time': 0.07355856895446777}
{'training/total_steps': 20000, 'training/updates': 10, 'training/sps': np.float64(19888.822), 'training/walltime': np.float64(3.039), 'training/rollout_time': np.float64(0.095), 'training/update_time': np.float64(0.005), 'training/iterations': 1.0, 'training/kl_div': nan, 'training/line_search_success': 0.0, 'training/new_policy_objective': nan, 'training/policy_objective': 0.0, 'training/value_loss': 5.407209968666393e-08}
{'eval/num_episodes': 200, 'eval/num_steps': 200, 'eval/mean_score': np.float64(1.0), 'eval/std_score': np.float64(0.0), 'eval/mean_episode_length': np.float64(1.0), 'eval/std_episode_length': np.float64(0.0), 'eval/eval_time': 0.07263398170471191}
{'training/total_steps': 22000, 'training/updates': 11, 'training/sps': np.float64(20033.119), 'training/walltime': np.float64(3.212), 'training/rollout_time': np.float64(0.097), 'training/update_time': np.float64(0.003), 'training/iterations': 1.0, 'training/kl_div': nan, 'training/line_search_success': 0.125, 'training/new_policy_objective': nan, 'training/policy_objective': 3.3378602104505717e-09, 'training/value_loss': 2.499378751963377e-06}
{'eval/num_episodes': 200, 'eval/num_steps': 200, 'eval/mean_score': np.float64(1.0), 'eval/std_score': np.float64(0.0), 'eval/mean_episode_length': np.float64(1.0), 'eval/std_episode_length': np.float64(0.0), 'eval/eval_time': 0.07513999938964844}
{'training/total_steps': 24000, 'training/updates': 12, 'training/sps': np.float64(20293.808), 'training/walltime': np.float64(3.386), 'training/rollout_time': np.float64(0.095), 'training/update_time': np.float64(0.003), 'training/iterations': 1.0, 'training/kl_div': nan, 'training/line_search_success': 0.0, 'training/new_policy_objective': nan, 'training/policy_objective': 0.0, 'training/value_loss': 2.2261373300302978e-10}
{'eval/num_episodes': 200, 'eval/num_steps': 200, 'eval/mean_score': np.float64(1.0), 'eval/std_score': np.float64(0.0), 'eval/mean_episode_length': np.float64(1.0), 'eval/std_episode_length': np.float64(0.0), 'eval/eval_time': 0.07356905937194824}
{'training/total_steps': 26000, 'training/updates': 13, 'training/sps': np.float64(20904.156), 'training/walltime': np.float64(3.556), 'training/rollout_time': np.float64(0.092), 'training/update_time': np.float64(0.003), 'training/iterations': 1.0, 'training/kl_div': nan, 'training/line_search_success': 0.0, 'training/new_policy_objective': nan, 'training/policy_objective': 0.0, 'training/value_loss': 2.207123406836129e-14}
{'eval/num_episodes': 200, 'eval/num_steps': 200, 'eval/mean_score': np.float64(1.0), 'eval/std_score': np.float64(0.0), 'eval/mean_episode_length': np.float64(1.0), 'eval/std_episode_length': np.float64(0.0), 'eval/eval_time': 0.07237672805786133}
{'training/total_steps': 28000, 'training/updates': 14, 'training/sps': np.float64(19370.634), 'training/walltime': np.float64(3.732), 'training/rollout_time': np.float64(0.099), 'training/update_time': np.float64(0.004), 'training/iterations': 1.0, 'training/kl_div': nan, 'training/line_search_success': 0.125, 'training/new_policy_objective': nan, 'training/policy_objective': 1.907348723406699e-09, 'training/value_loss': 2.499629545127391e-06}
{'eval/num_episodes': 200, 'eval/num_steps': 200, 'eval/mean_score': np.float64(1.0), 'eval/std_score': np.float64(0.0), 'eval/mean_episode_length': np.float64(1.0), 'eval/std_episode_length': np.float64(0.0), 'eval/eval_time': 0.07065200805664062}
{'training/total_steps': 30000, 'training/updates': 15, 'training/sps': np.float64(19895.379), 'training/walltime': np.float64(3.903), 'training/rollout_time': np.float64(0.097), 'training/update_time': np.float64(0.003), 'training/iterations': 1.0, 'training/kl_div': 0.0008332559373229742, 'training/line_search_success': 1.0, 'training/new_policy_objective': -0.0003620994102675468, 'training/policy_objective': -0.00036296367761678994, 'training/value_loss': 1.2504508539734616e-10}
{'eval/num_episodes': 200, 'eval/num_steps': 200, 'eval/mean_score': np.float64(0.997), 'eval/std_score': np.float64(0.016), 'eval/mean_episode_length': np.float64(1.0), 'eval/std_episode_length': np.float64(0.0), 'eval/eval_time': 0.07025003433227539}
{'training/total_steps': 32000, 'training/updates': 16, 'training/sps': np.float64(19315.639), 'training/walltime': np.float64(4.078), 'training/rollout_time': np.float64(0.1), 'training/update_time': np.float64(0.003), 'training/iterations': 1.0, 'training/kl_div': 0.0009845613967627287, 'training/line_search_success': 1.0, 'training/new_policy_objective': 0.11169325560331345, 'training/policy_objective': 0.09438318759202957, 'training/value_loss': 8.125771273626015e-05}
{'eval/num_episodes': 200, 'eval/num_steps': 200, 'eval/mean_score': np.float64(1.0), 'eval/std_score': np.float64(0.0), 'eval/mean_episode_length': np.float64(1.0), 'eval/std_episode_length': np.float64(0.0), 'eval/eval_time': 0.07265806198120117}
{'training/total_steps': 34000, 'training/updates': 17, 'training/sps': np.float64(20352.104), 'training/walltime': np.float64(4.249), 'training/rollout_time': np.float64(0.095), 'training/update_time': np.float64(0.003), 'training/iterations': 1.0, 'training/kl_div': 0.0009943622862920165, 'training/line_search_success': 1.0, 'training/new_policy_objective': -0.011446524411439896, 'training/policy_objective': -0.01147970650345087, 'training/value_loss': 1.0079003232021932e-07}
{'eval/num_episodes': 200, 'eval/num_steps': 200, 'eval/mean_score': np.float64(0.996), 'eval/std_score': np.float64(0.018), 'eval/mean_episode_length': np.float64(1.0), 'eval/std_episode_length': np.float64(0.0), 'eval/eval_time': 0.0736997127532959}
{'training/total_steps': 36000, 'training/updates': 18, 'training/sps': np.float64(20374.447), 'training/walltime': np.float64(4.421), 'training/rollout_time': np.float64(0.095), 'training/update_time': np.float64(0.003), 'training/iterations': 1.0, 'training/kl_div': 0.0011572184739634395, 'training/line_search_success': 1.0, 'training/new_policy_objective': 0.14451532065868378, 'training/policy_objective': 0.12411904335021973, 'training/value_loss': 0.00013643971760757267}
{'eval/num_episodes': 200, 'eval/num_steps': 200, 'eval/mean_score': np.float64(1.0), 'eval/std_score': np.float64(0.0), 'eval/mean_episode_length': np.float64(1.0), 'eval/std_episode_length': np.float64(0.0), 'eval/eval_time': 0.07091617584228516}
{'training/total_steps': 38000, 'training/updates': 19, 'training/sps': np.float64(19768.321), 'training/walltime': np.float64(4.594), 'training/rollout_time': np.float64(0.098), 'training/update_time': np.float64(0.003), 'training/iterations': 1.0, 'training/kl_div': 0.001203725696541369, 'training/line_search_success': 1.0, 'training/new_policy_objective': -0.02260100096464157, 'training/policy_objective': -0.022682152688503265, 'training/value_loss': 2.705139650061028e-07}
{'eval/num_episodes': 200, 'eval/num_steps': 200, 'eval/mean_score': np.float64(0.998), 'eval/std_score': np.float64(0.012), 'eval/mean_episode_length': np.float64(1.0), 'eval/std_episode_length': np.float64(0.0), 'eval/eval_time': 0.07247686386108398}
{'training/total_steps': 40000, 'training/updates': 20, 'training/sps': np.float64(20507.336), 'training/walltime': np.float64(4.767), 'training/rollout_time': np.float64(0.094), 'training/update_time': np.float64(0.003), 'training/iterations': 1.0, 'training/kl_div': 0.0013772244565188885, 'training/line_search_success': 1.0, 'training/new_policy_objective': 0.1588461697101593, 'training/policy_objective': 0.13528811931610107, 'training/value_loss': 0.0001600087562110275}
{'eval/num_episodes': 200, 'eval/num_steps': 200, 'eval/mean_score': np.float64(1.0), 'eval/std_score': np.float64(0.0), 'eval/mean_episode_length': np.float64(1.0), 'eval/std_episode_length': np.float64(0.0), 'eval/eval_time': 0.07163429260253906}
{'training/total_steps': 42000, 'training/updates': 21, 'training/sps': np.float64(20057.356), 'training/walltime': np.float64(4.938), 'training/rollout_time': np.float64(0.096), 'training/update_time': np.float64(0.003), 'training/iterations': 1.0, 'training/kl_div': 0.0014769088011234999, 'training/line_search_success': 1.0, 'training/new_policy_objective': -0.022555962204933167, 'training/policy_objective': -0.022658351808786392, 'training/value_loss': 4.57597082004213e-07}
{'eval/num_episodes': 200, 'eval/num_steps': 200, 'eval/mean_score': np.float64(0.995), 'eval/std_score': np.float64(0.021), 'eval/mean_episode_length': np.float64(1.0), 'eval/std_episode_length': np.float64(0.0), 'eval/eval_time': 0.07283878326416016}
{'training/total_steps': 44000, 'training/updates': 22, 'training/sps': np.float64(20854.837), 'training/walltime': np.float64(5.108), 'training/rollout_time': np.float64(0.093), 'training/update_time': np.float64(0.003), 'training/iterations': 1.0, 'training/kl_div': 0.0016586376586928964, 'training/line_search_success': 1.0, 'training/new_policy_objective': 0.16730161011219025, 'training/policy_objective': 0.1427706629037857, 'training/value_loss': 0.0001810737157939002}
{'eval/num_episodes': 200, 'eval/num_steps': 200, 'eval/mean_score': np.float64(1.0), 'eval/std_score': np.float64(0.0), 'eval/mean_episode_length': np.float64(1.0), 'eval/std_episode_length': np.float64(0.0), 'eval/eval_time': 0.07131814956665039}
{'training/total_steps': 46000, 'training/updates': 23, 'training/sps': np.float64(19959.855), 'training/walltime': np.float64(5.28), 'training/rollout_time': np.float64(0.097), 'training/update_time': np.float64(0.003), 'training/iterations': 1.0, 'training/kl_div': 0.0006137857562862337, 'training/line_search_success': 1.0, 'training/new_policy_objective': -0.059412818402051926, 'training/policy_objective': -0.1260676085948944, 'training/value_loss': 3.028454784725909e-06}
{'eval/num_episodes': 200, 'eval/num_steps': 200, 'eval/mean_score': np.float64(0.996), 'eval/std_score': np.float64(0.018), 'eval/mean_episode_length': np.float64(1.0), 'eval/std_episode_length': np.float64(0.0), 'eval/eval_time': 0.07666921615600586}
{'training/total_steps': 48000, 'training/updates': 24, 'training/sps': np.float64(19966.458), 'training/walltime': np.float64(5.457), 'training/rollout_time': np.float64(0.097), 'training/update_time': np.float64(0.003), 'training/iterations': 1.0, 'training/kl_div': 0.0006759527022950351, 'training/line_search_success': 1.0, 'training/new_policy_objective': 0.11080228537321091, 'training/policy_objective': 0.09478330612182617, 'training/value_loss': 7.88508914411068e-05}
{'eval/num_episodes': 200, 'eval/num_steps': 200, 'eval/mean_score': np.float64(1.0), 'eval/std_score': np.float64(0.0), 'eval/mean_episode_length': np.float64(1.0), 'eval/std_episode_length': np.float64(0.0), 'eval/eval_time': 0.07111120223999023}
{'training/total_steps': 50000, 'training/updates': 25, 'training/sps': np.float64(18859.705), 'training/walltime': np.float64(5.635), 'training/rollout_time': np.float64(0.1), 'training/update_time': np.float64(0.006), 'training/iterations': 1.0, 'training/kl_div': 0.0006378634716384113, 'training/line_search_success': 1.0, 'training/new_policy_objective': -0.011471042409539223, 'training/policy_objective': -0.011491561308503151, 'training/value_loss': 1.0730102673051078e-07}
{'eval/num_episodes': 200, 'eval/num_steps': 200, 'eval/mean_score': np.float64(0.999), 'eval/std_score': np.float64(0.01), 'eval/mean_episode_length': np.float64(1.0), 'eval/std_episode_length': np.float64(0.0), 'eval/eval_time': 0.07280397415161133}
{'training/total_steps': 52000, 'training/updates': 26, 'training/sps': np.float64(19709.89), 'training/walltime': np.float64(5.809), 'training/rollout_time': np.float64(0.096), 'training/update_time': np.float64(0.006), 'training/iterations': 1.0, 'training/kl_div': 0.0007700330461375415, 'training/line_search_success': 1.0, 'training/new_policy_objective': 0.1007038801908493, 'training/policy_objective': 0.08539994060993195, 'training/value_loss': 6.668211426585913e-05}
{'eval/num_episodes': 200, 'eval/num_steps': 200, 'eval/mean_score': np.float64(1.0), 'eval/std_score': np.float64(0.0), 'eval/mean_episode_length': np.float64(1.0), 'eval/std_episode_length': np.float64(0.0), 'eval/eval_time': 0.0708780288696289}
{'training/total_steps': 54000, 'training/updates': 27, 'training/sps': np.float64(19852.72), 'training/walltime': np.float64(5.982), 'training/rollout_time': np.float64(0.098), 'training/update_time': np.float64(0.003), 'training/iterations': 1.0, 'training/kl_div': 0.0007435458828695118, 'training/line_search_success': 1.0, 'training/new_policy_objective': -0.011464107781648636, 'training/policy_objective': -0.011488287709653378, 'training/value_loss': 8.512962779150257e-08}
{'eval/num_episodes': 200, 'eval/num_steps': 200, 'eval/mean_score': np.float64(0.998), 'eval/std_score': np.float64(0.014), 'eval/mean_episode_length': np.float64(1.0), 'eval/std_episode_length': np.float64(0.0), 'eval/eval_time': 0.07294321060180664}
{'training/total_steps': 56000, 'training/updates': 28, 'training/sps': np.float64(20082.517), 'training/walltime': np.float64(6.155), 'training/rollout_time': np.float64(0.096), 'training/update_time': np.float64(0.003), 'training/iterations': 1.0, 'training/kl_div': 0.0008868495933711529, 'training/line_search_success': 1.0, 'training/new_policy_objective': 0.11166414618492126, 'training/policy_objective': 0.09255175292491913, 'training/value_loss': 8.612157398601994e-05}
{'eval/num_episodes': 200, 'eval/num_steps': 200, 'eval/mean_score': np.float64(1.0), 'eval/std_score': np.float64(0.0), 'eval/mean_episode_length': np.float64(1.0), 'eval/std_episode_length': np.float64(0.0), 'eval/eval_time': 0.07230901718139648}
{'training/total_steps': 58000, 'training/updates': 29, 'training/sps': np.float64(20452.437), 'training/walltime': np.float64(6.325), 'training/rollout_time': np.float64(0.095), 'training/update_time': np.float64(0.003), 'training/iterations': 1.0, 'training/kl_div': nan, 'training/line_search_success': 0.0, 'training/new_policy_objective': nan, 'training/policy_objective': 0.0, 'training/value_loss': 1.3497856343747117e-07}
{'eval/num_episodes': 200, 'eval/num_steps': 200, 'eval/mean_score': np.float64(1.0), 'eval/std_score': np.float64(0.0), 'eval/mean_episode_length': np.float64(1.0), 'eval/std_episode_length': np.float64(0.0), 'eval/eval_time': 0.07168102264404297}
{'training/total_steps': 60000, 'training/updates': 30, 'training/sps': np.float64(20005.266), 'training/walltime': np.float64(6.497), 'training/rollout_time': np.float64(0.097), 'training/update_time': np.float64(0.003), 'training/iterations': 1.0, 'training/kl_div': nan, 'training/line_search_success': 0.0, 'training/new_policy_objective': nan, 'training/policy_objective': 0.0, 'training/value_loss': 2.914360072714395e-11}
{'eval/num_episodes': 200, 'eval/num_steps': 200, 'eval/mean_score': np.float64(1.0), 'eval/std_score': np.float64(0.0), 'eval/mean_episode_length': np.float64(1.0), 'eval/std_episode_length': np.float64(0.0), 'eval/eval_time': 0.07404494285583496}
TRAINING END: training duration: 6.571778059005737
{'final_eval/num_episodes': 200, 'final_eval/num_steps': 200, 'final_eval/mean_score': np.float64(1.0), 'final_eval/std_score': np.float64(0.0), 'final_eval/mean_episode_length': np.float64(1.0), 'final_eval/std_episode_length': np.float64(0.0)}
