|param: value|
|experiment_name:  pc_actor_critic|
|seed:  21|
|write_logs_to_file:  False|
|save_model:  False|
|env_name:  bandit|
|num_envs:  8|
|num_train_levels:  200|
|distribution_mode:  easy|
|arm_means:  (1.0, 0.9)|
|deterministic_rewards:  True|
|eval_env:  True|
|num_eval_episodes:  200|
|eval_every:  1|
|total_timesteps:  60000|
|unroll_length:  250|
|gamma:  0.99|
|learning_rate:  0.01|
|value_learning_rate:  0.01|
|target_scale:  1.0|
|pc_steps_per_update:  1|
|max_t1:  20|
|width:  32|
|depth:  2|
|act_fn:  relu|
|policy_init_logit_bias:  [0.0, 4.0]|
|use_cnn:  False|
|policy_hidden_layer_sizes:  ()|
|value_hidden_layer_sizes:  ()|
|anneal_lr:  False|
|entropy_cost:  0.0|
|deterministic_eval:  False|
{'training/total_steps': 2000, 'training/updates': 1, 'training/walltime': np.float64(1.356), 'training/update_time': np.float64(1.356), 'training/policy_pc_loss': 0.00010960677900584415, 'training/value_pc_loss': 0.00022088618425186723, 'training/mean_value': 0.9182722568511963, 'training/mean_reward': 0.9016996026039124, 'training/mean_advantage_abs': 0.0193516556173563}
{'eval/num_episodes': 200, 'eval/mean_score': np.float64(0.902), 'eval/std_score': np.float64(0.014), 'eval/mean_episode_length': np.float64(1.0)}
{'training/total_steps': 4000, 'training/updates': 2, 'training/walltime': np.float64(1.517), 'training/update_time': np.float64(0.132), 'training/policy_pc_loss': 0.0019014867721125484, 'training/value_pc_loss': 0.01798151060938835, 'training/mean_value': 0.7133790254592896, 'training/mean_reward': 0.9023995995521545, 'training/mean_advantage_abs': 0.18902069330215454}
{'eval/num_episodes': 200, 'eval/mean_score': np.float64(0.902), 'eval/std_score': np.float64(0.014), 'eval/mean_episode_length': np.float64(1.0)}
{'training/total_steps': 6000, 'training/updates': 3, 'training/walltime': np.float64(1.686), 'training/update_time': np.float64(0.168), 'training/policy_pc_loss': 0.0006483381730504334, 'training/value_pc_loss': 0.0014294104184955359, 'training/mean_value': 0.852615475654602, 'training/mean_reward': 0.9031496644020081, 'training/mean_advantage_abs': 0.05053453892469406}
{'eval/num_episodes': 200, 'eval/mean_score': np.float64(0.9025), 'eval/std_score': np.float64(0.0156), 'eval/mean_episode_length': np.float64(1.0)}
{'training/total_steps': 8000, 'training/updates': 4, 'training/walltime': np.float64(1.818), 'training/update_time': np.float64(0.13), 'training/policy_pc_loss': 1.2007607438135892e-05, 'training/value_pc_loss': 0.004104567226022482, 'training/mean_value': 0.992173969745636, 'training/mean_reward': 0.9033997058868408, 'training/mean_advantage_abs': 0.08930552750825882}
{'eval/num_episodes': 200, 'eval/mean_score': np.float64(0.906), 'eval/std_score': np.float64(0.0237), 'eval/mean_episode_length': np.float64(1.0)}
{'training/total_steps': 10000, 'training/updates': 5, 'training/walltime': np.float64(1.95), 'training/update_time': np.float64(0.131), 'training/policy_pc_loss': 0.0001195850272779353, 'training/value_pc_loss': 0.010152374394237995, 'training/mean_value': 1.04530930519104, 'training/mean_reward': 0.9042496681213379, 'training/mean_advantage_abs': 0.1410595178604126}
{'eval/num_episodes': 200, 'eval/mean_score': np.float64(0.9035), 'eval/std_score': np.float64(0.0184), 'eval/mean_episode_length': np.float64(1.0)}
{'training/total_steps': 12000, 'training/updates': 6, 'training/walltime': np.float64(2.082), 'training/update_time': np.float64(0.131), 'training/policy_pc_loss': 6.232510349946097e-05, 'training/value_pc_loss': 0.006710678339004517, 'training/mean_value': 1.0192680358886719, 'training/mean_reward': 0.9057997465133667, 'training/mean_advantage_abs': 0.11346802115440369}
{'eval/num_episodes': 200, 'eval/mean_score': np.float64(0.906), 'eval/std_score': np.float64(0.0237), 'eval/mean_episode_length': np.float64(1.0)}
{'training/total_steps': 14000, 'training/updates': 7, 'training/walltime': np.float64(2.213), 'training/update_time': np.float64(0.131), 'training/policy_pc_loss': 0.00013859556929674, 'training/value_pc_loss': 0.001484266365878284, 'training/mean_value': 0.9551564455032349, 'training/mean_reward': 0.9071496725082397, 'training/mean_advantage_abs': 0.054419394582509995}
{'eval/num_episodes': 200, 'eval/mean_score': np.float64(0.91), 'eval/std_score': np.float64(0.03), 'eval/mean_episode_length': np.float64(1.0)}
{'training/total_steps': 16000, 'training/updates': 8, 'training/walltime': np.float64(2.384), 'training/update_time': np.float64(0.17), 'training/policy_pc_loss': 0.0010319865541532636, 'training/value_pc_loss': 0.0007550974260084331, 'training/mean_value': 0.8832225799560547, 'training/mean_reward': 0.9091997742652893, 'training/mean_advantage_abs': 0.02597757801413536}
{'eval/num_episodes': 200, 'eval/mean_score': np.float64(0.9145), 'eval/std_score': np.float64(0.0352), 'eval/mean_episode_length': np.float64(1.0)}
{'training/total_steps': 18000, 'training/updates': 9, 'training/walltime': np.float64(2.534), 'training/update_time': np.float64(0.149), 'training/policy_pc_loss': 0.0026021625380963087, 'training/value_pc_loss': 0.0038296449929475784, 'training/mean_value': 0.829783022403717, 'training/mean_reward': 0.9113497138023376, 'training/mean_advantage_abs': 0.08156662434339523}
{'eval/num_episodes': 200, 'eval/mean_score': np.float64(0.916), 'eval/std_score': np.float64(0.0367), 'eval/mean_episode_length': np.float64(1.0)}
{'training/total_steps': 20000, 'training/updates': 10, 'training/walltime': np.float64(2.668), 'training/update_time': np.float64(0.133), 'training/policy_pc_loss': 0.003906791564077139, 'training/value_pc_loss': 0.00600810069590807, 'training/mean_value': 0.8110256195068359, 'training/mean_reward': 0.914749801158905, 'training/mean_advantage_abs': 0.10372447967529297}
{'eval/num_episodes': 200, 'eval/mean_score': np.float64(0.9215), 'eval/std_score': np.float64(0.0411), 'eval/mean_episode_length': np.float64(1.0)}
{'training/total_steps': 22000, 'training/updates': 11, 'training/walltime': np.float64(2.802), 'training/update_time': np.float64(0.134), 'training/policy_pc_loss': 0.0039971983060240746, 'training/value_pc_loss': 0.00515540037304163, 'training/mean_value': 0.8267345428466797, 'training/mean_reward': 0.9200498461723328, 'training/mean_advantage_abs': 0.09331558644771576}
{'eval/num_episodes': 200, 'eval/mean_score': np.float64(0.927), 'eval/std_score': np.float64(0.0444), 'eval/mean_episode_length': np.float64(1.0)}
{'training/total_steps': 24000, 'training/updates': 12, 'training/walltime': np.float64(2.951), 'training/update_time': np.float64(0.147), 'training/policy_pc_loss': 0.002672887407243252, 'training/value_pc_loss': 0.002784242620691657, 'training/mean_value': 0.8672977089881897, 'training/mean_reward': 0.9271999001502991, 'training/mean_advantage_abs': 0.05990264564752579}
{'eval/num_episodes': 200, 'eval/mean_score': np.float64(0.937), 'eval/std_score': np.float64(0.0483), 'eval/mean_episode_length': np.float64(1.0)}
{'training/total_steps': 26000, 'training/updates': 13, 'training/walltime': np.float64(3.089), 'training/update_time': np.float64(0.138), 'training/policy_pc_loss': 0.000949848210439086, 'training/value_pc_loss': 0.001161464722827077, 'training/mean_value': 0.9203777313232422, 'training/mean_reward': 0.9321998953819275, 'training/mean_advantage_abs': 0.03945445269346237}
{'eval/num_episodes': 200, 'eval/mean_score': np.float64(0.938), 'eval/std_score': np.float64(0.0485), 'eval/mean_episode_length': np.float64(1.0)}
{'training/total_steps': 28000, 'training/updates': 14, 'training/walltime': np.float64(3.223), 'training/update_time': np.float64(0.133), 'training/policy_pc_loss': 0.0006360673578456044, 'training/value_pc_loss': 0.0017292825505137444, 'training/mean_value': 0.9716911911964417, 'training/mean_reward': 0.9387499094009399, 'training/mean_advantage_abs': 0.054880544543266296}
{'eval/num_episodes': 200, 'eval/mean_score': np.float64(0.9515), 'eval/std_score': np.float64(0.05), 'eval/mean_episode_length': np.float64(1.0)}
{'training/total_steps': 30000, 'training/updates': 15, 'training/walltime': np.float64(3.362), 'training/update_time': np.float64(0.138), 'training/policy_pc_loss': 0.0014472348848357797, 'training/value_pc_loss': 0.0028999291826039553, 'training/mean_value': 1.0083006620407104, 'training/mean_reward': 0.9508500099182129, 'training/mean_advantage_abs': 0.05745067074894905}
{'eval/num_episodes': 200, 'eval/mean_score': np.float64(0.9575), 'eval/std_score': np.float64(0.0494), 'eval/mean_episode_length': np.float64(1.0)}{{'training/total_steps': 32000, 'training/updates': 16, 'training/walltime': np.float64(3.495), 'training/update_time': np.float64(0.132), 'training/policy_pc_loss': 0.0021884888410568237, 'training/value_pc_loss': 0.0031941744964569807, 'training/mean_value': 1.0243189334869385, 'training/mean_reward': 0.9609999060630798, 'training/mean_advantage_abs': 0.06331942230463028}
{'eval/num_episodes': 200, 'eval/mean_score': np.float64(0.97), 'eval/std_score': np.float64(0.0458), 'eval/mean_episode_length': np.float64(1.0)}{{'training/total_steps': 34000, 'training/updates': 17, 'training/walltime': np.float64(3.627), 'training/update_time': np.float64(0.131), 'training/policy_pc_loss': 0.0021429473999887705, 'training/value_pc_loss': 0.0023854069877415895, 'training/mean_value': 1.0204390287399292, 'training/mean_reward': 0.9690999984741211, 'training/mean_advantage_abs': 0.0513383187353611}
{'eval/num_episodes': 200, 'eval/mean_score': np.float64(0.9795), 'eval/std_score': np.float64(0.0404), 'eval/mean_episode_length': np.float64(1.0)}{'training/total_steps': 36000, 'training/updates': 18, 'training/walltime': np.float64(3.768), 'training/update_time': np.float64(0.132), 'training/policy_pc_loss': 0.0013835259014740586, 'training/value_pc_loss': 0.0011688931845128536, 'training/mean_value': 1.002405047416687, 'training/mean_reward': 0.9777500629425049, 'training/mean_advantage_abs': 0.024654580280184746}
{'eval/num_episodes': 200, 'eval/mean_score': np.float64(0.9825), 'eval/std_score': np.float64(0.038), 'eval/mean_episode_length': np.float64(1.0)}
{'training/total_steps': 38000, 'training/updates': 19, 'training/walltime': np.float64(3.901), 'training/update_time': np.float64(0.132), 'training/policy_pc_loss': 0.0006726699066348374, 'training/value_pc_loss': 0.0006559318862855434, 'training/mean_value': 0.9791737794876099, 'training/mean_reward': 0.9849501252174377, 'training/mean_advantage_abs': 0.02960757166147232}
{'eval/num_episodes': 200, 'eval/mean_score': np.float64(0.9885), 'eval/std_score': np.float64(0.0319), 'eval/mean_episode_length': np.float64(1.0)}
{'training/total_steps': 40000, 'training/updates': 20, 'training/walltime': np.float64(4.036), 'training/update_time': np.float64(0.134), 'training/policy_pc_loss': 0.00034188691643066704, 'training/value_pc_loss': 0.0009197674808092415, 'training/mean_value': 0.9598160982131958, 'training/mean_reward': 0.9885499477386475, 'training/mean_advantage_abs': 0.0424317941069603}
{'eval/num_episodes': 200, 'eval/mean_score': np.float64(0.993), 'eval/std_score': np.float64(0.0255), 'eval/mean_episode_length': np.float64(1.0)}
{'training/total_steps': 42000, 'training/updates': 21, 'training/walltime': np.float64(4.164), 'training/update_time': np.float64(0.137), 'training/policy_pc_loss': 0.00017098046373575926, 'training/value_pc_loss': 0.0012288657017052174, 'training/mean_value': 0.9504968523979187, 'training/mean_reward': 0.9927499890327454, 'training/mean_advantage_abs': 0.0495748296380043}
{'eval/num_episodes': 200, 'eval/mean_score': np.float64(0.9965), 'eval/std_score': np.float64(0.0184), 'eval/mean_episode_length': np.float64(1.0)}
{'training/total_steps': 44000, 'training/updates': 22, 'training/walltime': np.float64(4.298), 'training/update_time': np.float64(0.133), 'training/policy_pc_loss': 0.00012262423115316778, 'training/value_pc_loss': 0.001072237966582179, 'training/mean_value': 0.9540863037109375, 'training/mean_reward': 0.9955500364303589, 'training/mean_advantage_abs': 0.046277809888124466}
{'eval/num_episodes': 200, 'eval/mean_score': np.float64(0.995), 'eval/std_score': np.float64(0.0218), 'eval/mean_episode_length': np.float64(1.0)}
{'training/total_steps': 46000, 'training/updates': 23, 'training/walltime': np.float64(4.433), 'training/update_time': np.float64(0.135), 'training/policy_pc_loss': 0.0001241976278834045, 'training/value_pc_loss': 0.000528954085893929, 'training/mean_value': 0.9691351652145386, 'training/mean_reward': 0.9972501397132874, 'training/mean_advantage_abs': 0.031917717307806015}
{'eval/num_episodes': 200, 'eval/mean_score': np.float64(0.999), 'eval/std_score': np.float64(0.0099), 'eval/mean_episode_length': np.float64(1.0)}
{'training/total_steps': 48000, 'training/updates': 24, 'training/walltime': np.float64(4.577), 'training/update_time': np.float64(0.134), 'training/policy_pc_loss': 0.00015443596930708736, 'training/value_pc_loss': 0.00012121944746468216, 'training/mean_value': 0.990892231464386, 'training/mean_reward': 0.9980501532554626, 'training/mean_advantage_abs': 0.010703080333769321}
{'eval/num_episodes': 200, 'eval/mean_score': np.float64(0.9985), 'eval/std_score': np.float64(0.0122), 'eval/mean_episode_length': np.float64(1.0)}
{'training/total_steps': 50000, 'training/updates': 25, 'training/walltime': np.float64(4.701), 'training/update_time': np.float64(0.133), 'training/policy_pc_loss': 0.0001731781812850386, 'training/value_pc_loss': 0.00016999893705360591, 'training/mean_value': 1.0128116607666016, 'training/mean_reward': 0.9986001253128052, 'training/mean_advantage_abs': 0.014211185276508331}{{'eval/num_episodes': 200, 'eval/mean_score': np.float64(0.999), 'eval/std_score': np.float64(0.0099), 'eval/mean_episode_length': np.float64(1.0)}{'training/total_steps': 52000, 'training/updates': 26, 'training/walltime': np.float64(4.847), 'training/update_time': np.float64(0.136), 'training/policy_pc_loss': 0.0002350581344217062, 'training/value_pc_loss': 0.0005217002471908927, 'training/mean_value': 1.0285587310791016, 'training/mean_reward': 0.9985502362251282, 'training/mean_advantage_abs': 0.030008379369974136}
{'eval/num_episodes': 200, 'eval/mean_score': np.float64(0.998), 'eval/std_score': np.float64(0.014), 'eval/mean_episode_length': np.float64(1.0)}
{'training/total_steps': 54000, 'training/updates': 27, 'training/walltime': np.float64(4.985), 'training/update_time': np.float64(0.137), 'training/policy_pc_loss': 0.00016792965470813215, 'training/value_pc_loss': 0.0006525756907649338, 'training/mean_value': 1.033849835395813, 'training/mean_reward': 0.9990500807762146, 'training/mean_advantage_abs': 0.03480019420385361}
{'eval/num_episodes': 200, 'eval/mean_score': np.float64(0.9985), 'eval/std_score': np.float64(0.0122), 'eval/mean_episode_length': np.float64(1.0)}
{{'training/total_steps': 56000, 'training/updates': 28, 'training/walltime': np.float64(5.111), 'training/update_time': np.float64(0.134), 'training/policy_pc_loss': 0.00015447074838448316, 'training/value_pc_loss': 0.0004699986020568758, 'training/mean_value': 1.0281336307525635, 'training/mean_reward': 0.9990500807762146, 'training/mean_advantage_abs': 0.029084349051117897{'eval/num_episodes': 200, 'eval/mean_score': np.float64(0.9995), 'eval/std_score': np.float64(0.0071), 'eval/mean_episode_length': np.float64(1.0)}
{'{'training/total_steps': 58000, 'training/updates': 29, 'training/walltime': np.float64(5.246), 'training/update_time': np.float64(0.134), 'training/policy_pc_loss': 2.5868735974654555e-05, 'training/value_pc_loss': 0.00011265613284194842, 'training/mean_value': 1.0141297578811646, 'training/mean_reward': 0.9998000264167786, 'training/mean_advantage_abs': 0.014330116100609303}
{'eval/num_episodes': 200, 'eval/mean_score': np.float64(1.0), 'eval/std_score': np.float64(0.0), 'eval/mean_episode_length': np.float64(1.0){'{'training/total_steps': 60000, 'training/updates': 30, 'training/walltime': np.float64(5.382), 'training/update_time': np.float64(0.135), 'training/policy_pc_loss': 9.368701284984127e-06, 'training/value_pc_loss': 9.06002696865471e-06, 'training/mean_value': 0.9970492124557495, 'training/mean_reward': 0.9999000430107117, 'training/mean_advantage_abs': 0.0030454215593636036}
{'eval/num_episodes': 200, 'eval/mean_score': np.float64(1.0), 'eval/std_score': np.float64(0.0), 'eval/mean_episode_length': np.float64(1.0)}
TRAINING END: training duration: 5.382569074630737
