|param: value|
|experiment_name:  cleanba_ppo|
|seed:  19|
|platform:  cpu|
|write_logs_to_file:  False|
|save_model:  False|
|env_name:  bandit|
|num_envs:  8|
|num_train_levels:  200|
|distribution_mode:  easy|
|arm_means:  (1.0, 0.9)|
|deterministic_rewards:  True|
|eval_env:  True|
|num_eval_episodes:  200|
|eval_every:  1|
|deterministic_eval:  False|
|total_timesteps:  60000|
|learning_rate:  0.00025|
|adam_eps:  1e-05|
|unroll_length:  250|
|anneal_lr:  False|
|gamma:  0.99|
|gae_lambda:  0.95|
|num_minibatches:  4|
|update_epochs:  4|
|normalize_advantages:  True|
|clip_eps:  0.1|
|clip_vloss:  True|
|entropy_cost:  0.0|
|vf_cost:  0.5|
|max_grad_norm:  0.5|
|use_cnn:  False|
|policy_hidden_layer_sizes:  ()|
|value_hidden_layer_sizes:  ()|
|activation:  <jax._src.custom_derivatives.custom_jvp object at 0x110d57650>|
|policy_init_logit_bias:  [0.0, 4.0]|
{'training/total_steps': 2000, 'training/updates': 1, 'training/sps': np.float64(2294.086), 'training/walltime': np.float64(0.872), 'training/rollout_time': np.float64(0.407), 'training/update_time': np.float64(0.465), 'training/approx_kl': 1.5587397683702875e-06, 'training/entropy': 0.09104929864406586, 'training/policy_loss': -0.0016937204636633396, 'training/total_loss': 0.9481990337371826, 'training/value_loss': 1.8997855186462402}
{'eval/num_episodes': 200, 'eval/num_steps': 200, 'eval/mean_score': np.float64(0.902), 'eval/std_score': np.float64(0.014), 'eval/mean_episode_length': np.float64(1.0), 'eval/std_episode_length': np.float64(0.0), 'eval/eval_time': 0.07009720802307129}
{'training/total_steps': 4000, 'training/updates': 2, 'training/sps': np.float64(14163.391), 'training/walltime': np.float64(1.083), 'training/rollout_time': np.float64(0.131), 'training/update_time': np.float64(0.01), 'training/approx_kl': 1.4772761005588109e-06, 'training/entropy': 0.09218936413526535, 'training/policy_loss': -0.0016704628942534328, 'training/total_loss': 0.9403928518295288, 'training/value_loss': 1.8841266632080078}
{'eval/num_episodes': 200, 'eval/num_steps': 200, 'eval/mean_score': np.float64(0.902), 'eval/std_score': np.float64(0.014), 'eval/mean_episode_length': np.float64(1.0), 'eval/std_episode_length': np.float64(0.0), 'eval/eval_time': 0.07177186012268066}
{'training/total_steps': 6000, 'training/updates': 3, 'training/sps': np.float64(14054.024), 'training/walltime': np.float64(1.298), 'training/rollout_time': np.float64(0.133), 'training/update_time': np.float64(0.009), 'training/approx_kl': 1.365301159239607e-06, 'training/entropy': 0.09332291781902313, 'training/policy_loss': -0.001593481982126832, 'training/total_loss': 0.9326194524765015, 'training/value_loss': 1.8684258460998535}
{'eval/num_episodes': 200, 'eval/num_steps': 200, 'eval/mean_score': np.float64(0.901), 'eval/std_score': np.float64(0.012), 'eval/mean_episode_length': np.float64(1.0), 'eval/std_episode_length': np.float64(0.0), 'eval/eval_time': 0.07619714736938477}
{'training/total_steps': 8000, 'training/updates': 4, 'training/sps': np.float64(13968.605), 'training/walltime': np.float64(1.518), 'training/rollout_time': np.float64(0.133), 'training/update_time': np.float64(0.01), 'training/approx_kl': 1.2331624930084217e-06, 'training/entropy': 0.09445160627365112, 'training/policy_loss': -0.0015664473176002502, 'training/total_loss': 0.9248257279396057, 'training/value_loss': 1.8527843952178955}
{'eval/num_episodes': 200, 'eval/num_steps': 200, 'eval/mean_score': np.float64(0.903), 'eval/std_score': np.float64(0.017), 'eval/mean_episode_length': np.float64(1.0), 'eval/std_episode_length': np.float64(0.0), 'eval/eval_time': 0.07024788856506348}
{'training/total_steps': 10000, 'training/updates': 5, 'training/sps': np.float64(14146.886), 'training/walltime': np.float64(1.729), 'training/rollout_time': np.float64(0.129), 'training/update_time': np.float64(0.012), 'training/approx_kl': 1.7967904568649828e-06, 'training/entropy': 0.09564422070980072, 'training/policy_loss': -0.001891797874122858, 'training/total_loss': 0.9172136783599854, 'training/value_loss': 1.8382110595703125}
{'eval/num_episodes': 200, 'eval/num_steps': 200, 'eval/mean_score': np.float64(0.902), 'eval/std_score': np.float64(0.016), 'eval/mean_episode_length': np.float64(1.0), 'eval/std_episode_length': np.float64(0.0), 'eval/eval_time': 0.1287539005279541}
{'training/total_steps': 12000, 'training/updates': 6, 'training/sps': np.float64(13125.391), 'training/walltime': np.float64(2.011), 'training/rollout_time': np.float64(0.142), 'training/update_time': np.float64(0.01), 'training/approx_kl': 1.562260194987175e-06, 'training/entropy': 0.09687398374080658, 'training/policy_loss': -0.0017267083749175072, 'training/total_loss': 0.9095399379730225, 'training/value_loss': 1.822533369064331}
{'eval/num_episodes': 200, 'eval/num_steps': 200, 'eval/mean_score': np.float64(0.902), 'eval/std_score': np.float64(0.016), 'eval/mean_episode_length': np.float64(1.0), 'eval/std_episode_length': np.float64(0.0), 'eval/eval_time': 0.07284188270568848}
{'training/total_steps': 14000, 'training/updates': 7, 'training/sps': np.float64(14434.075), 'training/walltime': np.float64(2.223), 'training/rollout_time': np.float64(0.129), 'training/update_time': np.float64(0.009), 'training/approx_kl': 2.617920927150408e-06, 'training/entropy': 0.09817298501729965, 'training/policy_loss': -0.0022995746694505215, 'training/total_loss': 0.9021017551422119, 'training/value_loss': 1.808802604675293}
{'eval/num_episodes': 200, 'eval/num_steps': 200, 'eval/mean_score': np.float64(0.906), 'eval/std_score': np.float64(0.024), 'eval/mean_episode_length': np.float64(1.0), 'eval/std_episode_length': np.float64(0.0), 'eval/eval_time': 0.07353782653808594}
{'training/total_steps': 16000, 'training/updates': 8, 'training/sps': np.float64(14527.917), 'training/walltime': np.float64(2.434), 'training/rollout_time': np.float64(0.128), 'training/update_time': np.float64(0.01), 'training/approx_kl': 1.5947000520100119e-06, 'training/entropy': 0.09948049485683441, 'training/policy_loss': -0.001794799230992794, 'training/total_loss': 0.894261360168457, 'training/value_loss': 1.7921123504638672}
{'eval/num_episodes': 200, 'eval/num_steps': 200, 'eval/mean_score': np.float64(0.902), 'eval/std_score': np.float64(0.016), 'eval/mean_episode_length': np.float64(1.0), 'eval/std_episode_length': np.float64(0.0), 'eval/eval_time': 0.07071089744567871}
{'training/total_steps': 18000, 'training/updates': 9, 'training/sps': np.float64(14163.725), 'training/walltime': np.float64(2.646), 'training/rollout_time': np.float64(0.133), 'training/update_time': np.float64(0.008), 'training/approx_kl': 1.743317739055783e-06, 'training/entropy': 0.10073210299015045, 'training/policy_loss': -0.0018663742812350392, 'training/total_loss': 0.8868319988250732, 'training/value_loss': 1.77739679813385}
{'eval/num_episodes': 200, 'eval/num_steps': 200, 'eval/mean_score': np.float64(0.901), 'eval/std_score': np.float64(0.01), 'eval/mean_episode_length': np.float64(1.0), 'eval/std_episode_length': np.float64(0.0), 'eval/eval_time': 0.06961297988891602}
{'training/total_steps': 20000, 'training/updates': 10, 'training/sps': np.float64(14564.289), 'training/walltime': np.float64(2.853), 'training/rollout_time': np.float64(0.129), 'training/update_time': np.float64(0.008), 'training/approx_kl': 1.3408642871581833e-06, 'training/entropy': 0.1019752100110054, 'training/policy_loss': -0.0015519706066697836, 'training/total_loss': 0.8793318271636963, 'training/value_loss': 1.7617676258087158}
{'eval/num_episodes': 200, 'eval/num_steps': 200, 'eval/mean_score': np.float64(0.901), 'eval/std_score': np.float64(0.012), 'eval/mean_episode_length': np.float64(1.0), 'eval/std_episode_length': np.float64(0.0), 'eval/eval_time': 0.0726919174194336}
{'training/total_steps': 22000, 'training/updates': 11, 'training/sps': np.float64(14135.705), 'training/walltime': np.float64(3.068), 'training/rollout_time': np.float64(0.132), 'training/update_time': np.float64(0.01), 'training/approx_kl': 1.292075921810465e-06, 'training/entropy': 0.10320384800434113, 'training/policy_loss': -0.0015135707799345255, 'training/total_loss': 0.8719190359115601, 'training/value_loss': 1.7468652725219727}
{'eval/num_episodes': 200, 'eval/num_steps': 200, 'eval/mean_score': np.float64(0.904), 'eval/std_score': np.float64(0.02), 'eval/mean_episode_length': np.float64(1.0), 'eval/std_episode_length': np.float64(0.0), 'eval/eval_time': 0.07102775573730469}
{'training/total_steps': 24000, 'training/updates': 12, 'training/sps': np.float64(14396.472), 'training/walltime': np.float64(3.278), 'training/rollout_time': np.float64(0.129), 'training/update_time': np.float64(0.01), 'training/approx_kl': 1.3743890576733975e-06, 'training/entropy': 0.10444881021976471, 'training/policy_loss': -0.0015433880034834146, 'training/total_loss': 0.8644231557846069, 'training/value_loss': 1.7319331169128418}
{'eval/num_episodes': 200, 'eval/num_steps': 200, 'eval/mean_score': np.float64(0.902), 'eval/std_score': np.float64(0.014), 'eval/mean_episode_length': np.float64(1.0), 'eval/std_episode_length': np.float64(0.0), 'eval/eval_time': 0.06980204582214355}
{'training/total_steps': 26000, 'training/updates': 13, 'training/sps': np.float64(13838.431), 'training/walltime': np.float64(3.493), 'training/rollout_time': np.float64(0.132), 'training/update_time': np.float64(0.012), 'training/approx_kl': 2.2694907784170937e-06, 'training/entropy': 0.10580118745565414, 'training/policy_loss': -0.0021214389707893133, 'training/total_loss': 0.8570995330810547, 'training/value_loss': 1.7184419631958008}
{'eval/num_episodes': 200, 'eval/num_steps': 200, 'eval/mean_score': np.float64(0.903), 'eval/std_score': np.float64(0.017), 'eval/mean_episode_length': np.float64(1.0), 'eval/std_episode_length': np.float64(0.0), 'eval/eval_time': 0.07097196578979492}
{'training/total_steps': 28000, 'training/updates': 14, 'training/sps': np.float64(14131.085), 'training/walltime': np.float64(3.706), 'training/rollout_time': np.float64(0.131), 'training/update_time': np.float64(0.01), 'training/approx_kl': 2.079080786643317e-06, 'training/entropy': 0.107235386967659, 'training/policy_loss': -0.0019937939941883087, 'training/total_loss': 0.8495272994041443, 'training/value_loss': 1.7030422687530518}
{'eval/num_episodes': 200, 'eval/num_steps': 200, 'eval/mean_score': np.float64(0.902), 'eval/std_score': np.float64(0.014), 'eval/mean_episode_length': np.float64(1.0), 'eval/std_episode_length': np.float64(0.0), 'eval/eval_time': 0.07172393798828125}
{'training/total_steps': 30000, 'training/updates': 15, 'training/sps': np.float64(14498.839), 'training/walltime': np.float64(3.915), 'training/rollout_time': np.float64(0.129), 'training/update_time': np.float64(0.008), 'training/approx_kl': 1.9787385099334642e-06, 'training/entropy': 0.10866329818964005, 'training/policy_loss': -0.0020427806302905083, 'training/total_loss': 0.8421834707260132, 'training/value_loss': 1.6884524822235107}
{'eval/num_episodes': 200, 'eval/num_steps': 200, 'eval/mean_score': np.float64(0.903), 'eval/std_score': np.float64(0.017), 'eval/mean_episode_length': np.float64(1.0), 'eval/std_episode_length': np.float64(0.0), 'eval/eval_time': 0.07181596755981445}
{'training/total_steps': 32000, 'training/updates': 16, 'training/sps': np.float64(14394.1), 'training/walltime': np.float64(4.126), 'training/rollout_time': np.float64(0.131), 'training/update_time': np.float64(0.008), 'training/approx_kl': 3.293683903393685e-06, 'training/entropy': 0.11019241064786911, 'training/policy_loss': -0.0025627766735851765, 'training/total_loss': 0.8351274132728577, 'training/value_loss': 1.6753804683685303}
{'eval/num_episodes': 200, 'eval/num_steps': 200, 'eval/mean_score': np.float64(0.902), 'eval/std_score': np.float64(0.016), 'eval/mean_episode_length': np.float64(1.0), 'eval/std_episode_length': np.float64(0.0), 'eval/eval_time': 0.07321333885192871}
{'training/total_steps': 34000, 'training/updates': 17, 'training/sps': np.float64(14059.842), 'training/walltime': np.float64(4.342), 'training/rollout_time': np.float64(0.134), 'training/update_time': np.float64(0.008), 'training/approx_kl': 3.2616239877825137e-06, 'training/entropy': 0.11179864406585693, 'training/policy_loss': -0.002490090671926737, 'training/total_loss': 0.8277243971824646, 'training/value_loss': 1.6604290008544922}
{'eval/num_episodes': 200, 'eval/num_steps': 200, 'eval/mean_score': np.float64(0.901), 'eval/std_score': np.float64(0.012), 'eval/mean_episode_length': np.float64(1.0), 'eval/std_episode_length': np.float64(0.0), 'eval/eval_time': 0.07113814353942871}
{'training/total_steps': 36000, 'training/updates': 18, 'training/sps': np.float64(14133.609), 'training/walltime': np.float64(4.555), 'training/rollout_time': np.float64(0.133), 'training/update_time': np.float64(0.008), 'training/approx_kl': 2.7819612569146557e-06, 'training/entropy': 0.11339811980724335, 'training/policy_loss': -0.00231250561773777, 'training/total_loss': 0.8205461502075195, 'training/value_loss': 1.6457172632217407}
{'eval/num_episodes': 200, 'eval/num_steps': 200, 'eval/mean_score': np.float64(0.904), 'eval/std_score': np.float64(0.021), 'eval/mean_episode_length': np.float64(1.0), 'eval/std_episode_length': np.float64(0.0), 'eval/eval_time': 0.07501792907714844}{{'training/total_steps': 38000, 'training/updates': 19, 'training/sps': np.float64(14297.683), 'training/walltime': np.float64(4.77), 'training/rollout_time': np.float64(0.132), 'training/update_time': np.float64(0.008), 'training/approx_kl': 2.8871215818071505e-06, 'training/entropy': 0.11500158905982971, 'training/policy_loss': -0.002417487557977438, 'training/total_loss': 0.8133924007415771, 'training/value_loss': 1.6316196918487549}
{'eval/num_episodes': 200, 'eval/num_steps': 200, 'eval/mean_score': np.float64(0.903), 'eval/std_score': np.float64(0.018), 'eval/mean_episode_length': np.float64(1.0), 'eval/std_episode_length': np.float64(0.0), 'eval/eval_time': 0.0754392147064209}
{'training/total_steps': 40000, 'training/updates': 20, 'training/sps': np.float64(13979.965), 'training/walltime': np.float64(4.989), 'training/rollout_time': np.float64(0.134), 'training/update_time': np.float64(0.009), 'training/approx_kl': 2.210651473433245e-06, 'training/entropy': 0.11656366288661957, 'training/policy_loss': -0.0020414418540894985, 'training/total_loss': 0.8061360120773315, 'training/value_loss': 1.6163549423217773}
{'eval/num_episodes': 200, 'eval/num_steps': 200, 'eval/mean_score': np.float64(0.901), 'eval/std_score': np.float64(0.012), 'eval/mean_episode_length': np.float64(1.0), 'eval/std_episode_length': np.float64(0.0), 'eval/eval_time': 0.07674074172973633}
{'training/total_steps': 42000, 'training/updates': 21, 'training/sps': np.float64(14730.76), 'training/walltime': np.float64(5.202), 'training/rollout_time': np.float64(0.128), 'training/update_time': np.float64(0.008), 'training/approx_kl': 2.823654767780681e-06, 'training/entropy': 0.1181497722864151, 'training/policy_loss': -0.002358631929382682, 'training/total_loss': 0.7992346286773682, 'training/value_loss': 1.6031863689422607}
{'eval/num_episodes': 200, 'eval/num_steps': 200, 'eval/mean_score': np.float64(0.902), 'eval/std_score': np.float64(0.014), 'eval/mean_episode_length': np.float64(1.0), 'eval/std_episode_length': np.float64(0.0), 'eval/eval_time': 0.07338690757751465}
{'training/total_steps': 44000, 'training/updates': 22, 'training/sps': np.float64(14463.192), 'training/walltime': np.float64(5.414), 'training/rollout_time': np.float64(0.13), 'training/update_time': np.float64(0.008), 'training/approx_kl': 2.498021331120981e-06, 'training/entropy': 0.11976023018360138, 'training/policy_loss': -0.00225859135389328, 'training/total_loss': 0.791864812374115, 'training/value_loss': 1.5882468223571777}
{'eval/num_episodes': 200, 'eval/num_steps': 200, 'eval/mean_score': np.float64(0.904), 'eval/std_score': np.float64(0.02), 'eval/mean_episode_length': np.float64(1.0), 'eval/std_episode_length': np.float64(0.0), 'eval/eval_time': 0.07331991195678711}
{'training/total_steps': 46000, 'training/updates': 23, 'training/sps': np.float64(14481.219), 'training/walltime': np.float64(5.626), 'training/rollout_time': np.float64(0.13), 'training/update_time': np.float64(0.008), 'training/approx_kl': 2.89208446702105e-06, 'training/entropy': 0.12140434980392456, 'training/policy_loss': -0.0023679472506046295, 'training/total_loss': 0.7850069999694824, 'training/value_loss': 1.5747499465942383}
{'eval/num_episodes': 200, 'eval/num_steps': 200, 'eval/mean_score': np.float64(0.901), 'eval/std_score': np.float64(0.01), 'eval/mean_episode_length': np.float64(1.0), 'eval/std_episode_length': np.float64(0.0), 'eval/eval_time': 0.07338476181030273}
{'training/total_steps': 48000, 'training/updates': 24, 'training/sps': np.float64(11055.054), 'training/walltime': np.float64(5.88), 'training/rollout_time': np.float64(0.173), 'training/update_time': np.float64(0.008), 'training/approx_kl': 2.977241820190102e-06, 'training/entropy': 0.12309198826551437, 'training/policy_loss': -0.0024159385357052088, 'training/total_loss': 0.7778828740119934, 'training/value_loss': 1.5605976581573486}
{'eval/num_episodes': 200, 'eval/num_steps': 200, 'eval/mean_score': np.float64(0.903), 'eval/std_score': np.float64(0.018), 'eval/mean_episode_length': np.float64(1.0), 'eval/std_episode_length': np.float64(0.0), 'eval/eval_time': 0.0738527774810791}
{'training/total_steps': 50000, 'training/updates': 25, 'training/sps': np.float64(14596.956), 'training/walltime': np.float64(6.091), 'training/rollout_time': np.float64(0.129), 'training/update_time': np.float64(0.008), 'training/approx_kl': 3.1933673199091572e-06, 'training/entropy': 0.12480334937572479, 'training/policy_loss': -0.002456480171531439, 'training/total_loss': 0.7708896994590759, 'training/value_loss': 1.5466923713684082}
{'eval/num_episodes': 200, 'eval/num_steps': 200, 'eval/mean_score': np.float64(0.904), 'eval/std_score': np.float64(0.02), 'eval/mean_episode_length': np.float64(1.0), 'eval/std_episode_length': np.float64(0.0), 'eval/eval_time': 0.07579803466796875}
{'training/total_steps': 52000, 'training/updates': 26, 'training/sps': np.float64(13708.668), 'training/walltime': np.float64(6.313), 'training/rollout_time': np.float64(0.138), 'training/update_time': np.float64(0.008), 'training/approx_kl': 3.8678340388287324e-06, 'training/entropy': 0.12658372521400452, 'training/policy_loss': -0.002717284020036459, 'training/total_loss': 0.7641284465789795, 'training/value_loss': 1.53369140625}
{'eval/num_episodes': 200, 'eval/num_steps': 200, 'eval/mean_score': np.float64(0.902), 'eval/std_score': np.float64(0.014), 'eval/mean_episode_length': np.float64(1.0), 'eval/std_episode_length': np.float64(0.0), 'eval/eval_time': 0.07651710510253906}
{'training/total_steps': 54000, 'training/updates': 27, 'training/sps': np.float64(14175.262), 'training/walltime': np.float64(6.531), 'training/rollout_time': np.float64(0.133), 'training/update_time': np.float64(0.008), 'training/approx_kl': 4.402154445415363e-06, 'training/entropy': 0.1284642368555069, 'training/policy_loss': -0.0029210043139755726, 'training/total_loss': 0.7572068572044373, 'training/value_loss': 1.5202558040618896}
{'eval/num_episodes': 200, 'eval/num_steps': 200, 'eval/mean_score': np.float64(0.904), 'eval/std_score': np.float64(0.021), 'eval/mean_episode_length': np.float64(1.0), 'eval/std_episode_length': np.float64(0.0), 'eval/eval_time': 0.07384705543518066}
{'training/total_steps': 56000, 'training/updates': 28, 'training/sps': np.float64(14147.148), 'training/walltime': np.float64(6.747), 'training/rollout_time': np.float64(0.133), 'training/update_time': np.float64(0.008), 'training/approx_kl': 3.683661134346039e-06, 'training/entropy': 0.13035663962364197, 'training/policy_loss': -0.002732721623033285, 'training/total_loss': 0.7501704692840576, 'training/value_loss': 1.5058064460754395}
{'eval/num_episodes': 200, 'eval/num_steps': 200, 'eval/mean_score': np.float64(0.903), 'eval/std_score': np.float64(0.018), 'eval/mean_episode_length': np.float64(1.0), 'eval/std_episode_length': np.float64(0.0), 'eval/eval_time': 0.0718238353729248}
{'training/total_steps': 58000, 'training/updates': 29, 'training/sps': np.float64(14419.387), 'training/walltime': np.float64(6.958), 'training/rollout_time': np.float64(0.131), 'training/update_time': np.float64(0.008), 'training/approx_kl': 4.837548658542801e-06, 'training/entropy': 0.13228578865528107, 'training/policy_loss': -0.003101564710959792, 'training/total_loss': 0.743547797203064, 'training/value_loss': 1.4932987689971924}
{'eval/num_episodes': 200, 'eval/num_steps': 200, 'eval/mean_score': np.float64(0.902), 'eval/std_score': np.float64(0.016), 'eval/mean_episode_length': np.float64(1.0), 'eval/std_episode_length': np.float64(0.0), 'eval/eval_time': 0.0720221996307373}
{'training/total_steps': 60000, 'training/updates': 30, 'training/sps': np.float64(14397.188), 'training/walltime': np.float64(7.169), 'training/rollout_time': np.float64(0.131), 'training/update_time': np.float64(0.008), 'training/approx_kl': 3.51237167706131e-06, 'training/entropy': 0.1342075616121292, 'training/policy_loss': -0.0026323774363845587, 'training/total_loss': 0.7364569902420044, 'training/value_loss': 1.47817862033844}
{'eval/num_episodes': 200, 'eval/num_steps': 200, 'eval/mean_score': np.float64(0.901), 'eval/std_score': np.float64(0.012), 'eval/mean_episode_length': np.float64(1.0), 'eval/std_episode_length': np.float64(0.0), 'eval/eval_time': 0.07050490379333496}
TRAINING END: training duration: 7.239544868469238
{'final_eval/num_episodes': 200, 'final_eval/num_steps': 200, 'final_eval/mean_score': np.float64(0.8999999761581421), 'final_eval/std_score': np.float64(0.0), 'final_eval/mean_episode_length': np.float64(1.0), 'final_eval/std_episode_length': np.float64(0.0)}
)}
