|param: value|
|experiment_name:  pc_actor_critic|
|seed:  19|
|write_logs_to_file:  False|
|save_model:  False|
|env_name:  bandit|
|num_envs:  8|
|num_train_levels:  200|
|distribution_mode:  easy|
|arm_means:  (1.0, 0.9)|
|deterministic_rewards:  True|
|eval_env:  True|
|num_eval_episodes:  200|
|eval_every:  1|
|total_timesteps:  60000|
|unroll_length:  250|
|gamma:  0.99|
|learning_rate:  0.01|
|value_learning_rate:  0.01|
|target_scale:  1.0|
|pc_steps_per_update:  1|
|max_t1:  20|
|width:  32|
|depth:  2|
|act_fn:  relu|
|policy_init_logit_bias:  [0.0, 4.0]|
|use_cnn:  False|
|policy_hidden_layer_sizes:  ()|
|value_hidden_layer_sizes:  ()|
|anneal_lr:  False|
|entropy_cost:  0.0|
|deterministic_eval:  False|
{'training/total_steps': 2000, 'training/updates': 1, 'training/walltime': np.float64(1.277), 'training/update_time': np.float64(1.277), 'training/policy_pc_loss': 0.00805556122213602, 'training/value_pc_loss': 0.14834794402122498, 'training/mean_value': 0.3574819564819336, 'training/mean_reward': 0.9019995927810669, 'training/mean_advantage_abs': 0.5445178747177124}
{'eval/num_episodes': 200, 'eval/mean_score': np.float64(0.9015), 'eval/std_score': np.float64(0.0122), 'eval/mean_episode_length': np.float64(1.0){'{'training/total_steps': 4000, 'training/updates': 2, 'training/walltime': np.float64(1.434), 'training/update_time': np.float64(0.128), 'training/policy_pc_loss': 0.006625502835959196, 'training/value_pc_loss': 0.08844079822301865, 'training/mean_value': 0.48227307200431824, 'training/mean_reward': 0.9025496244430542, 'training/mean_advantage_abs': 0.4202774465084076}
{'eval/num_episodes': 200, 'eval/mean_score': np.float64(0.903), 'eval/std_score': np.float64(0.0171), 'eval/mean_episode_length': np.float64(1.0){'{'training/total_steps': 6000, 'training/updates': 3, 'training/walltime': np.float64(1.566), 'training/update_time': np.float64(0.131), 'training/policy_pc_loss': 0.0031308443285524845, 'training/value_pc_loss': 0.04354868829250336, 'training/mean_value': 0.6073257923126221, 'training/mean_reward': 0.902099609375, 'training/mean_advantage_abs': 0.2947741150856018}
{'eval/num_episodes': 200, 'eval/mean_score': np.float64(0.905), 'eval/std_score': np.float64(0.0218), 'eval/mean_episode_length': np.float64(1.0){'{'training/total_steps': 8000, 'training/updates': 4, 'training/walltime': np.float64(1.694), 'training/update_time': np.float64(0.127), 'training/policy_pc_loss': 0.0022855144925415516, 'training/value_pc_loss': 0.015113300643861294, 'training/mean_value': 0.730362057685852, 'training/mean_reward': 0.9032997488975525, 'training/mean_advantage_abs': 0.17293772101402283}
{'eval/num_episodes': 200, 'eval/mean_score': np.float64(0.9025), 'eval/std_score': np.float64(0.0156), 'eval/mean_episode_length': np.float64(1.0){'{'training/total_steps': 10000, 'training/updates': 5, 'training/walltime': np.float64(1.826), 'training/update_time': np.float64(0.131), 'training/policy_pc_loss': 0.00070573715493083, 'training/value_pc_loss': 0.0016980570508167148, 'training/mean_value': 0.8477368354797363, 'training/mean_reward': 0.9032496809959412, 'training/mean_advantage_abs': 0.05551282688975334}
{'eval/num_episodes': 200, 'eval/mean_score': np.float64(0.9075), 'eval/std_score': np.float64(0.0263), 'eval/mean_episode_length': np.float64(1.0){'{'training/total_steps': 12000, 'training/updates': 6, 'training/walltime': np.float64(1.956), 'training/update_time': np.float64(0.129), 'training/policy_pc_loss': 8.342556975549087e-05, 'training/value_pc_loss': 0.0014285669894888997, 'training/mean_value': 0.9537314176559448, 'training/mean_reward': 0.9039996862411499, 'training/mean_advantage_abs': 0.0534321554005146}
{'eval/num_episodes': 200, 'eval/mean_score': np.float64(0.904), 'eval/std_score': np.float64(0.0196), 'eval/mean_episode_length': np.float64(1.0){'{'training/total_steps': 14000, 'training/updates': 7, 'training/walltime': np.float64(2.086), 'training/update_time': np.float64(0.13), 'training/policy_pc_loss': 0.0001207471068482846, 'training/value_pc_loss': 0.009496134705841541, 'training/mean_value': 1.0409775972366333, 'training/mean_reward': 0.904849648475647, 'training/mean_advantage_abs': 0.13612787425518036}
{'eval/num_episodes': 200, 'eval/mean_score': np.float64(0.905), 'eval/std_score': np.float64(0.0218), 'eval/mean_episode_length': np.float64(1.0){'{'training/total_steps': 16000, 'training/updates': 8, 'training/walltime': np.float64(2.217), 'training/update_time': np.float64(0.13), 'training/policy_pc_loss': 0.0007094595930539072, 'training/value_pc_loss': 0.019649123772978783, 'training/mean_value': 1.1028481721878052, 'training/mean_reward': 0.9060497283935547, 'training/mean_advantage_abs': 0.19679898023605347}
{'eval/num_episodes': 200, 'eval/mean_score': np.float64(0.9065), 'eval/std_score': np.float64(0.0247), 'eval/mean_episode_length': np.float64(1.0){'{'training/total_steps': 18000, 'training/updates': 9, 'training/walltime': np.float64(2.354), 'training/update_time': np.float64(0.136), 'training/policy_pc_loss': 0.0015501149464398623, 'training/value_pc_loss': 0.026631223037838936, 'training/mean_value': 1.1370238065719604, 'training/mean_reward': 0.9077997207641602, 'training/mean_advantage_abs': 0.22922329604625702}
{'eval/num_episodes': 200, 'eval/mean_score': np.float64(0.9075), 'eval/std_score': np.float64(0.0263), 'eval/mean_episode_length': np.float64(1.0){'{'training/total_steps': 20000, 'training/updates': 10, 'training/walltime': np.float64(2.488), 'training/update_time': np.float64(0.134), 'training/policy_pc_loss': 0.0021852997597306967, 'training/value_pc_loss': 0.028332913294434547, 'training/mean_value': 1.1458985805511475, 'training/mean_reward': 0.9096997380256653, 'training/mean_advantage_abs': 0.23619875311851501}
{'eval/num_episodes': 200, 'eval/mean_score': np.float64(0.9095), 'eval/std_score': np.float64(0.0293), 'eval/mean_episode_length': np.float64(1.0){'{'training/total_steps': 22000, 'training/updates': 11, 'training/walltime': np.float64(2.615), 'training/update_time': np.float64(0.126), 'training/policy_pc_loss': 0.002486743964254856, 'training/value_pc_loss': 0.025053594261407852, 'training/mean_value': 1.134222388267517, 'training/mean_reward': 0.9128998517990112, 'training/mean_advantage_abs': 0.2213224321603775}
{'eval/num_episodes': 200, 'eval/mean_score': np.float64(0.9175), 'eval/std_score': np.float64(0.038), 'eval/mean_episode_length': np.float64(1.0){'{'training/total_steps': 24000, 'training/updates': 12, 'training/walltime': np.float64(2.756), 'training/update_time': np.float64(0.14), 'training/policy_pc_loss': 0.0020525704603642225, 'training/value_pc_loss': 0.01917964592576027, 'training/mean_value': 1.1072463989257812, 'training/mean_reward': 0.9145998358726501, 'training/mean_advantage_abs': 0.1926458775997162}
{'eval/num_episodes': 200, 'eval/mean_score': np.float64(0.92), 'eval/std_score': np.float64(0.04), 'eval/mean_episode_length': np.float64(1.0)}{{'training/total_steps': 26000, 'training/updates': 13, 'training/walltime': np.float64(2.889), 'training/update_time': np.float64(0.132), 'training/policy_pc_loss': 0.001459419960156083, 'training/value_pc_loss': 0.01213560625910759, 'training/mean_value': 1.0697325468063354, 'training/mean_reward': 0.9189496636390686, 'training/mean_advantage_abs': 0.15078230202198029}
{'eval/num_episodes': 200, 'eval/mean_score': np.float64(0.928), 'eval/std_score': np.float64(0.0449), 'eval/mean_episode_length': np.float64(1.0)}{{'training/total_steps': 28000, 'training/updates': 14, 'training/walltime': np.float64(3.02), 'training/update_time': np.float64(0.131), 'training/policy_pc_loss': 0.0008054139907471836, 'training/value_pc_loss': 0.006213401444256306, 'training/mean_value': 1.0261156558990479, 'training/mean_reward': 0.9228498935699463, 'training/mean_advantage_abs': 0.10326628386974335}
{'eval/num_episodes': 200, 'eval/mean_score': np.float64(0.931), 'eval/std_score': np.float64(0.0462), 'eval/mean_episode_length': np.float64(1.0)}{{'training/total_steps': 30000, 'training/updates': 15, 'training/walltime': np.float64(3.146), 'training/update_time': np.float64(0.125), 'training/policy_pc_loss': 0.0004632577474694699, 'training/value_pc_loss': 0.002264611888676882, 'training/mean_value': 0.9803219437599182, 'training/mean_reward': 0.9316998720169067, 'training/mean_advantage_abs': 0.061097919940948486}
{'eval/num_episodes': 200, 'eval/mean_score': np.float64(0.933), 'eval/std_score': np.float64(0.047), 'eval/mean_episode_length': np.float64(1.0){'{'training/total_steps': 32000, 'training/updates': 16, 'training/walltime': np.float64(3.276), 'training/update_time': np.float64(0.129), 'training/policy_pc_loss': 0.000682927668094635, 'training/value_pc_loss': 0.0011450961465016007, 'training/mean_value': 0.9361631274223328, 'training/mean_reward': 0.9355000257492065, 'training/mean_advantage_abs': 0.04598752036690712}
{'eval/num_episodes': 200, 'eval/mean_score': np.float64(0.95), 'eval/std_score': np.float64(0.05), 'eval/mean_episode_length': np.float64(1.0){'{'training/total_steps': 34000, 'training/updates': 17, 'training/walltime': np.float64(3.408), 'training/update_time': np.float64(0.131), 'training/policy_pc_loss': 0.001501886174082756, 'training/value_pc_loss': 0.0025716095697134733, 'training/mean_value': 0.8966007828712463, 'training/mean_reward': 0.9480499625205994, 'training/mean_advantage_abs': 0.051449209451675415}
{'eval/num_episodes': 200, 'eval/mean_score': np.float64(0.9535), 'eval/std_score': np.float64(0.0499), 'eval/mean_episode_length': np.float64(1.0){'{'training/total_steps': 36000, 'training/updates': 18, 'training/walltime': np.float64(3.532), 'training/update_time': np.float64(0.123), 'training/policy_pc_loss': 0.0022947874385863543, 'training/value_pc_loss': 0.005546124652028084, 'training/mean_value': 0.8645949959754944, 'training/mean_reward': 0.957599937915802, 'training/mean_advantage_abs': 0.09300541877746582}
{'eval/num_episodes': 200, 'eval/mean_score': np.float64(0.962), 'eval/std_score': np.float64(0.0485), 'eval/mean_episode_length': np.float64(1.0){'{'training/total_steps': 38000, 'training/updates': 19, 'training/walltime': np.float64(3.657), 'training/update_time': np.float64(0.124), 'training/policy_pc_loss': 0.002554313512519002, 'training/value_pc_loss': 0.008713344112038612, 'training/mean_value': 0.8420830368995667, 'training/mean_reward': 0.9652000069618225, 'training/mean_advantage_abs': 0.12311673164367676}
{'eval/num_episodes': 200, 'eval/mean_score': np.float64(0.97), 'eval/std_score': np.float64(0.0458), 'eval/mean_episode_length': np.float64(1.0){'{'training/total_steps': 40000, 'training/updates': 20, 'training/walltime': np.float64(3.79), 'training/update_time': np.float64(0.132), 'training/policy_pc_loss': 0.0022500294726341963, 'training/value_pc_loss': 0.010982540436089039, 'training/mean_value': 0.8299961686134338, 'training/mean_reward': 0.9711000323295593, 'training/mean_advantage_abs': 0.1411038637161255}
{'eval/num_episodes': 200, 'eval/mean_score': np.float64(0.9825), 'eval/std_score': np.float64(0.038), 'eval/mean_episode_length': np.float64(1.0)}{{'training/total_steps': 42000, 'training/updates': 21, 'training/walltime': np.float64(3.918), 'training/update_time': np.float64(0.127), 'training/policy_pc_loss': 0.0015648527769371867, 'training/value_pc_loss': 0.012263746932148933, 'training/mean_value': 0.8283405900001526, 'training/mean_reward': 0.9797001481056213, 'training/mean_advantage_abs': 0.15135906636714935}
{'eval/num_episodes': 200, 'eval/mean_score': np.float64(0.986), 'eval/std_score': np.float64(0.0347), 'eval/mean_episode_length': np.float64(1.0)}{{'training/total_steps': 44000, 'training/updates': 22, 'training/walltime': np.float64(4.053), 'training/update_time': np.float64(0.134), 'training/policy_pc_loss': 0.0008272631675936282, 'training/value_pc_loss': 0.011800829321146011, 'training/mean_value': 0.8366451263427734, 'training/mean_reward': 0.9864000678062439, 'training/mean_advantage_abs': 0.14975516498088837}
{'eval/num_episodes': 200, 'eval/mean_score': np.float64(0.9935), 'eval/std_score': np.float64(0.0247), 'eval/mean_episode_length': np.float64(1.0)}{{'training/total_steps': 46000, 'training/updates': 23, 'training/walltime': np.float64(4.18), 'training/update_time': np.float64(0.126), 'training/policy_pc_loss': 0.0003144787042401731, 'training/value_pc_loss': 0.009846258908510208, 'training/mean_value': 0.8537942171096802, 'training/mean_reward': 0.9912500977516174, 'training/mean_advantage_abs': 0.13745573163032532}
{'eval/num_episodes': 200, 'eval/mean_score': np.float64(0.9905), 'eval/std_score': np.float64(0.0293), 'eval/mean_episode_length': np.float64(1.0)}{{'training/total_steps': 48000, 'training/updates': 24, 'training/walltime': np.float64(4.323), 'training/update_time': np.float64(0.142), 'training/policy_pc_loss': 7.207930320873857e-05, 'training/value_pc_loss': 0.0070432741194963455, 'training/mean_value': 0.8782082796096802, 'training/mean_reward': 0.9948001503944397, 'training/mean_advantage_abs': 0.11659159511327744}
{'eval/num_episodes': 200, 'eval/mean_score': np.float64(0.997), 'eval/std_score': np.float64(0.0171), 'eval/mean_episode_length': np.float64(1.0)}{{'training/total_steps': 50000, 'training/updates': 25, 'training/walltime': np.float64(4.466), 'training/update_time': np.float64(0.142), 'training/policy_pc_loss': 1.4790073691983707e-05, 'training/value_pc_loss': 0.004070118069648743, 'training/mean_value': 0.9080027341842651, 'training/mean_reward': 0.9961501359939575, 'training/mean_advantage_abs': 0.08876404911279678}
{'eval/num_episodes': 200, 'eval/mean_score': np.float64(0.9955), 'eval/std_score': np.float64(0.0207), 'eval/mean_episode_length': np.float64(1.0)}{{'training/total_steps': 52000, 'training/updates': 26, 'training/walltime': np.float64(4.594), 'training/update_time': np.float64(0.127), 'training/policy_pc_loss': 5.012576366425492e-05, 'training/value_pc_loss': 0.0017131572822108865, 'training/mean_value': 0.9410057663917542, 'training/mean_reward': 0.9970001578330994, 'training/mean_advantage_abs': 0.05845421925187111}
{'eval/num_episodes': 200, 'eval/mean_score': np.float64(0.999), 'eval/std_score': np.float64(0.0099), 'eval/mean_episode_length': np.float64(1.0)}{{'training/total_steps': 54000, 'training/updates': 27, 'training/walltime': np.float64(4.727), 'training/update_time': np.float64(0.132), 'training/policy_pc_loss': 0.0001141218890552409, 'training/value_pc_loss': 0.00036616632132790983, 'training/mean_value': 0.9749490022659302, 'training/mean_reward': 0.9979000687599182, 'training/mean_advantage_abs': 0.026098741218447685}
{'eval/num_episodes': 200, 'eval/mean_score': np.float64(0.9985), 'eval/std_score': np.float64(0.0122), 'eval/mean_episode_length': np.float64(1.0)}{{'training/total_steps': 56000, 'training/updates': 28, 'training/walltime': np.float64(4.857), 'training/update_time': np.float64(0.129), 'training/policy_pc_loss': 0.00017524669237900525, 'training/value_pc_loss': 0.00011797871411545202, 'training/mean_value': 1.0075799226760864, 'training/mean_reward': 0.9984501004219055, 'training/mean_advantage_abs': 0.009130161255598068}
{'eval/num_episodes': 200, 'eval/mean_score': np.float64(0.9995), 'eval/std_score': np.float64(0.0071), 'eval/mean_episode_length': np.float64(1.0){'{'training/total_steps': 58000, 'training/updates': 29, 'training/walltime': np.float64(4.987), 'training/update_time': np.float64(0.129), 'training/policy_pc_loss': 0.00010131784802069888, 'training/value_pc_loss': 0.0007234591757878661, 'training/mean_value': 1.0367623567581177, 'training/mean_reward': 0.9994500875473022, 'training/mean_advantage_abs': 0.037312477827072144}
{'eval/num_episodes': 200, 'eval/mean_score': np.float64(0.999), 'eval/std_score': np.float64(0.0099), 'eval/mean_episode_length': np.float64(1.0){'{'training/total_steps': 60000, 'training/updates': 30, 'training/walltime': np.float64(5.12), 'training/update_time': np.float64(0.133), 'training/policy_pc_loss': 0.00026821219944395125, 'training/value_pc_loss': 0.0019582188688218594, 'training/mean_value': 1.0606958866119385, 'training/mean_reward': 0.9989501237869263, 'training/mean_advantage_abs': 0.061745766550302505}
{'eval/num_episodes': 200, 'eval/mean_score': np.float64(1.0), 'eval/std_score': np.float64(0.0), 'eval/mean_episode_length': np.float64(1.0)}
TRAINING END: training duration: 5.120987892150879
