|param: value|
|experiment_name:  pc_reinforce|
|seed:  4|
|write_logs_to_file:  False|
|save_model:  False|
|env_name:  bandit|
|num_envs:  8|
|num_train_levels:  200|
|distribution_mode:  easy|
|arm_means:  (1.0, 0.9)|
|deterministic_rewards:  True|
|eval_env:  True|
|num_eval_episodes:  200|
|eval_every:  1|
|total_timesteps:  60000|
|unroll_length:  250|
|learning_rate:  0.01|
|target_scale:  1.0|
|pc_steps_per_update:  1|
|max_t1:  20|
|width:  32|
|depth:  2|
|act_fn:  relu|
|policy_init_logit_bias:  [0.0, 1.0]|
|use_cnn:  False|
|policy_hidden_layer_sizes:  ()|
|value_hidden_layer_sizes:  ()|
|anneal_lr:  False|
|entropy_cost:  0.0|
|deterministic_eval:  False|
|gamma:  0.99|
{'training/total_steps': 2000, 'training/updates': 1, 'training/walltime': np.float64(1.607), 'training/update_time': np.float64(1.607), 'training/pc_loss': 0.0008093932410702109, 'training/mean_reward': 0.9271999597549438, 'training/mean_advantage_abs': 0.03960319980978966}
{'eval/num_episodes': 200, 'eval/mean_score': np.float64(0.9335), 'eval/std_score': np.float64(0.0472), 'eval/mean_episode_length': np.float64(1.0)}
{'training/total_steps': 4000, 'training/updates': 2, 'training/walltime': np.float64(1.92), 'training/update_time': np.float64(0.123), 'training/pc_loss': 0.0007508384296670556, 'training/mean_reward': 0.9314499497413635, 'training/mean_advantage_abs': 0.043117962777614594}
{'eval/num_episodes': 200, 'eval/mean_score': np.float64(0.936), 'eval/std_score': np.float64(0.048), 'eval/mean_episode_length': np.float64(1.0)}
{'training/total_steps': 6000, 'training/updates': 3, 'training/walltime': np.float64(2.032), 'training/update_time': np.float64(0.111), 'training/pc_loss': 0.0006908170180395246, 'training/mean_reward': 0.9387998580932617, 'training/mean_advantage_abs': 0.04749118164181709}
{'eval/num_episodes': 200, 'eval/mean_score': np.float64(0.9405), 'eval/std_score': np.float64(0.0491), 'eval/mean_episode_length': np.float64(1.0)}
{'training/total_steps': 8000, 'training/updates': 4, 'training/walltime': np.float64(2.147), 'training/update_time': np.float64(0.114), 'training/pc_loss': 0.0006387356552295387, 'training/mean_reward': 0.9455499053001404, 'training/mean_advantage_abs': 0.04960393160581589}
{'eval/num_episodes': 200, 'eval/mean_score': np.float64(0.952), 'eval/std_score': np.float64(0.05), 'eval/mean_episode_length': np.float64(1.0)}
{'training/total_steps': 10000, 'training/updates': 5, 'training/walltime': np.float64(2.257), 'training/update_time': np.float64(0.108), 'training/pc_loss': 0.0006266470300033689, 'training/mean_reward': 0.9517999887466431, 'training/mean_advantage_abs': 0.04993521422147751}
{'eval/num_episodes': 200, 'eval/mean_score': np.float64(0.9505), 'eval/std_score': np.float64(0.05), 'eval/mean_episode_length': np.float64(1.0)}
{'training/total_steps': 12000, 'training/updates': 6, 'training/walltime': np.float64(2.442), 'training/update_time': np.float64(0.185), 'training/pc_loss': 0.0006625288515351713, 'training/mean_reward': 0.9611499309539795, 'training/mean_advantage_abs': 0.04751357436180115}
{'eval/num_episodes': 200, 'eval/mean_score': np.float64(0.9695), 'eval/std_score': np.float64(0.046), 'eval/mean_episode_length': np.float64(1.0)}
{'training/total_steps': 14000, 'training/updates': 7, 'training/walltime': np.float64(2.556), 'training/update_time': np.float64(0.113), 'training/pc_loss': 0.0007425985531881452, 'training/mean_reward': 0.964900016784668, 'training/mean_advantage_abs': 0.045559801161289215}
{'eval/num_episodes': 200, 'eval/mean_score': np.float64(0.973), 'eval/std_score': np.float64(0.0444), 'eval/mean_episode_length': np.float64(1.0)}
{'training/total_steps': 16000, 'training/updates': 8, 'training/walltime': np.float64(2.668), 'training/update_time': np.float64(0.112), 'training/pc_loss': 0.0008170430082827806, 'training/mean_reward': 0.9722500443458557, 'training/mean_advantage_abs': 0.04009874910116196}
{'eval/num_episodes': 200, 'eval/mean_score': np.float64(0.98), 'eval/std_score': np.float64(0.04), 'eval/mean_episode_length': np.float64(1.0)}
{'training/total_steps': 18000, 'training/updates': 9, 'training/walltime': np.float64(2.783), 'training/update_time': np.float64(0.114), 'training/pc_loss': 0.0008333753212355077, 'training/mean_reward': 0.9793000817298889, 'training/mean_advantage_abs': 0.03283016383647919}
{'eval/num_episodes': 200, 'eval/mean_score': np.float64(0.9875), 'eval/std_score': np.float64(0.0331), 'eval/mean_episode_length': np.float64(1.0)}
{'training/total_steps': 20000, 'training/updates': 10, 'training/walltime': np.float64(2.892), 'training/update_time': np.float64(0.108), 'training/pc_loss': 0.0007701610447838902, 'training/mean_reward': 0.9852001070976257, 'training/mean_advantage_abs': 0.025219129398465157}
{'eval/num_episodes': 200, 'eval/mean_score': np.float64(0.9915), 'eval/std_score': np.float64(0.0279), 'eval/mean_episode_length': np.float64(1.0)}
{'training/total_steps': 22000, 'training/updates': 11, 'training/walltime': np.float64(3.005), 'training/update_time': np.float64(0.112), 'training/pc_loss': 0.0007024944643490016, 'training/mean_reward': 0.9886000752449036, 'training/mean_advantage_abs': 0.02020074613392353}
{'eval/num_episodes': 200, 'eval/mean_score': np.float64(0.992), 'eval/std_score': np.float64(0.0271), 'eval/mean_episode_length': np.float64(1.0)}
{'training/total_steps': 24000, 'training/updates': 12, 'training/walltime': np.float64(3.121), 'training/update_time': np.float64(0.115), 'training/pc_loss': 0.0006095708813518286, 'training/mean_reward': 0.9913000464439392, 'training/mean_advantage_abs': 0.01588616333901882}
{'eval/num_episodes': 200, 'eval/mean_score': np.float64(0.9925), 'eval/std_score': np.float64(0.0263), 'eval/mean_episode_length': np.float64(1.0)}
{'training/total_steps': 26000, 'training/updates': 13, 'training/walltime': np.float64(3.235), 'training/update_time': np.float64(0.112), 'training/pc_loss': 0.00047859683400020003, 'training/mean_reward': 0.99385005235672, 'training/mean_advantage_abs': 0.011543504893779755}
{'eval/num_episodes': 200, 'eval/mean_score': np.float64(0.996), 'eval/std_score': np.float64(0.0196), 'eval/mean_episode_length': np.float64(1.0)}
{'training/total_steps': 28000, 'training/updates': 14, 'training/walltime': np.float64(3.355), 'training/update_time': np.float64(0.12), 'training/pc_loss': 0.00036437311791814864, 'training/mean_reward': 0.9956501722335815, 'training/mean_advantage_abs': 0.008321395143866539}
{'eval/num_episodes': 200, 'eval/mean_score': np.float64(0.998), 'eval/std_score': np.float64(0.014), 'eval/mean_episode_length': np.float64(1.0)}
{'training/total_steps': 30000, 'training/updates': 15, 'training/walltime': np.float64(3.475), 'training/update_time': np.float64(0.119), 'training/pc_loss': 0.0002566868206486106, 'training/mean_reward': 0.9970999956130981, 'training/mean_advantage_abs': 0.0056318058632314205}
{'eval/num_episodes': 200, 'eval/mean_score': np.float64(0.998), 'eval/std_score': np.float64(0.014), 'eval/mean_episode_length': np.float64(1.0)}
{'training/total_steps': 32000, 'training/updates': 16, 'training/walltime': np.float64(3.586), 'training/update_time': np.float64(0.109), 'training/pc_loss': 0.00025273574283346534, 'training/mean_reward': 0.9972001314163208, 'training/mean_advantage_abs': 0.005443078000098467}
{'eval/num_episodes': 200, 'eval/mean_score': np.float64(0.999), 'eval/std_score': np.float64(0.0099), 'eval/mean_episode_length': np.float64(1.0)}
{'training/total_steps': 34000, 'training/updates': 17, 'training/walltime': np.float64(3.705), 'training/update_time': np.float64(0.118), 'training/pc_loss': 0.00013621336256619543, 'training/mean_reward': 0.9985501170158386, 'training/mean_advantage_abs': 0.0028578368946909904}
{'eval/num_episodes': 200, 'eval/mean_score': np.float64(0.998), 'eval/std_score': np.float64(0.014), 'eval/mean_episode_length': np.float64(1.0)}
{'training/total_steps': 36000, 'training/updates': 18, 'training/walltime': np.float64(3.826), 'training/update_time': np.float64(0.119), 'training/pc_loss': 0.00010963524255203083, 'training/mean_reward': 0.9988501667976379, 'training/mean_advantage_abs': 0.00227338750846684}
{'eval/num_episodes': 200, 'eval/mean_score': np.float64(0.999), 'eval/std_score': np.float64(0.0099), 'eval/mean_episode_length': np.float64(1.0)}
{'training/total_steps': 38000, 'training/updates': 19, 'training/walltime': np.float64(3.942), 'training/update_time': np.float64(0.115), 'training/pc_loss': 8.20286586531438e-05, 'training/mean_reward': 0.9991500973701477, 'training/mean_advantage_abs': 0.00168545451015234}
{'eval/num_episodes': 200, 'eval/mean_score': np.float64(0.999), 'eval/std_score': np.float64(0.0099), 'eval/mean_episode_length': np.float64(1.0)}
{'training/total_steps': 40000, 'training/updates': 20, 'training/walltime': np.float64(4.062), 'training/update_time': np.float64(0.119), 'training/pc_loss': 7.762105815345421e-05, 'training/mean_reward': 0.9992001056671143, 'training/mean_advantage_abs': 0.0015870962524786592}
{'eval/num_episodes': 200, 'eval/mean_score': np.float64(0.9995), 'eval/std_score': np.float64(0.0071), 'eval/mean_episode_length': np.float64(1.0)}
{'training/total_steps': 42000, 'training/updates': 21, 'training/walltime': np.float64(4.177), 'training/update_time': np.float64(0.114), 'training/pc_loss': 8.265252836281434e-05, 'training/mean_reward': 0.9991502165794373, 'training/mean_advantage_abs': 0.001685337396338582}
{'eval/num_episodes': 200, 'eval/mean_score': np.float64(0.999), 'eval/std_score': np.float64(0.0099), 'eval/mean_episode_length': np.float64(1.0)}
{'training/total_steps': 44000, 'training/updates': 22, 'training/walltime': np.float64(4.302), 'training/update_time': np.float64(0.124), 'training/pc_loss': 5.877538933418691e-05, 'training/mean_reward': 0.9994000792503357, 'training/mean_advantage_abs': 0.0011927218874916434}
{'eval/num_episodes': 200, 'eval/mean_score': np.float64(0.9995), 'eval/std_score': np.float64(0.0071), 'eval/mean_episode_length': np.float64(1.0)}
{'training/total_steps': 46000, 'training/updates': 23, 'training/walltime': np.float64(4.436), 'training/update_time': np.float64(0.133), 'training/pc_loss': 2.9617081963806413e-05, 'training/mean_reward': 0.9997000694274902, 'training/mean_advantage_abs': 0.0005981310969218612}
{'eval/num_episodes': 200, 'eval/mean_score': np.float64(1.0), 'eval/std_score': np.float64(0.0), 'eval/mean_episode_length': np.float64(1.0)}
{'training/total_steps': 48000, 'training/updates': 24, 'training/walltime': np.float64(4.548), 'training/update_time': np.float64(0.111), 'training/pc_loss': 3.456388003542088e-05, 'training/mean_reward': 0.9996500611305237, 'training/mean_advantage_abs': 0.0006974894204176962}
{'eval/num_episodes': 200, 'eval/mean_score': np.float64(1.0), 'eval/std_score': np.float64(0.0), 'eval/mean_episode_length': np.float64(1.0)}
{'training/total_steps': 50000, 'training/updates': 25, 'training/walltime': np.float64(4.666), 'training/update_time': np.float64(0.118), 'training/pc_loss': 2.968548687931616e-05, 'training/mean_reward': 0.9997000694274902, 'training/mean_advantage_abs': 0.0005981310969218612}
{'eval/num_episodes': 200, 'eval/mean_score': np.float64(1.0), 'eval/std_score': np.float64(0.0), 'eval/mean_episode_length': np.float64(1.0)}
{'training/total_steps': 52000, 'training/updates': 26, 'training/walltime': np.float64(4.782), 'training/update_time': np.float64(0.115), 'training/pc_loss': 4.442839417606592e-05, 'training/mean_reward': 0.9995501041412354, 'training/mean_advantage_abs': 0.0008958469261415303}
{'eval/num_episodes': 200, 'eval/mean_score': np.float64(0.9995), 'eval/std_score': np.float64(0.0071), 'eval/mean_episode_length': np.float64(1.0)}
{'training/total_steps': 54000, 'training/updates': 27, 'training/walltime': np.float64(4.897), 'training/update_time': np.float64(0.114), 'training/pc_loss': 1.4907845070410985e-05, 'training/mean_reward': 0.9998500943183899, 'training/mean_advantage_abs': 0.0002994560054503381}
{'eval/num_episodes': 200, 'eval/mean_score': np.float64(1.0), 'eval/std_score': np.float64(0.0), 'eval/mean_episode_length': np.float64(1.0)}
{'training/total_steps': 56000, 'training/updates': 28, 'training/walltime': np.float64(5.017), 'training/update_time': np.float64(0.119), 'training/pc_loss': 4.981601705367211e-06, 'training/mean_reward': 0.9999500513076782, 'training/mean_advantage_abs': 9.989875979954377e-05}
{'eval/num_episodes': 200, 'eval/mean_score': np.float64(1.0), 'eval/std_score': np.float64(0.0), 'eval/mean_episode_length': np.float64(1.0)}
{'training/total_steps': 58000, 'training/updates': 29, 'training/walltime': np.float64(5.217), 'training/update_time': np.float64(0.2), 'training/pc_loss': 1.9873990822816268e-05, 'training/mean_reward': 0.9998000860214233, 'training/mean_advantage_abs': 0.0003991143894381821}
{'eval/num_episodes': 200, 'eval/mean_score': np.float64(1.0), 'eval/std_score': np.float64(0.0), 'eval/mean_episode_length': np.float64(1.0)}
{'training/total_steps': 60000, 'training/updates': 30, 'training/walltime': np.float64(5.356), 'training/update_time': np.float64(0.138), 'training/pc_loss': 0.0, 'training/mean_reward': 1.0, 'training/mean_advantage_abs': 0.0}
{'eval/num_episodes': 200, 'eval/mean_score': np.float64(1.0), 'eval/std_score': np.float64(0.0), 'eval/mean_episode_length': np.float64(1.0)}
TRAINING END: training duration: 5.3571860790252686
