|param: value|
|experiment_name:  reinforce_procgen|
|seed:  4|
|platform:  cpu|
|write_logs_to_file:  False|
|save_model:  False|
|env_name:  bandit|
|num_envs:  1|
|num_train_levels:  200|
|distribution_mode:  easy|
|arm_means:  (1.0, 0.9)|
|deterministic_rewards:  True|
|eval_env:  True|
|num_eval_episodes:  200|
|eval_every:  1|
|deterministic_eval:  False|
|normalize_observations:  True|
|total_timesteps:  60000|
|learning_rate:  0.5|
|optimizer:  sgd|
|unroll_length:  2048|
|anneal_lr:  False|
|gamma:  0.99|
|batch_size:  1|
|num_minibatches:  1|
|update_epochs:  1|
|entropy_cost:  0.0|
|max_grad_norm:  0.5|
|reward_scaling:  1.0|
|use_cnn:  False|
|policy_hidden_layer_sizes:  ()|
|value_hidden_layer_sizes:  ()|
|activation:  <jax._src.custom_derivatives.custom_jvp object at 0x117895f90>|
|policy_init_logit_bias:  [0.0, 1.0]|
{'training/total_steps': 2000, 'training/updates': 1, 'training/sps': np.float64(1985.886), 'training/walltime': np.float64(1.007), 'training/rollout_time': np.float64(0.42), 'training/update_time': np.float64(0.588), 'training/approx_kl': 0.0, 'training/entropy': 0.5822030305862427, 'training/policy_loss': 1.4892889261245728, 'training/total_loss': 4.731982707977295, 'training/value_loss': 6.485387325286865}
{'eval/num_episodes': 200, 'eval/num_steps': 200, 'eval/mean_score': np.float64(0.927), 'eval/std_score': np.float64(0.044), 'eval/mean_episode_length': np.float64(1.0), 'eval/std_episode_length': np.float64(0.0), 'eval/eval_time': 0.07638812065124512}
{'training/total_steps': 4000, 'training/updates': 2, 'training/sps': np.float64(6062.241), 'training/walltime': np.float64(1.414), 'training/rollout_time': np.float64(0.328), 'training/update_time': np.float64(0.002), 'training/approx_kl': 0.0, 'training/entropy': 0.5825768113136292, 'training/policy_loss': 1.2783019542694092, 'training/total_loss': 3.682596445083618, 'training/value_loss': 4.808588981628418}
{'eval/num_episodes': 200, 'eval/num_steps': 200, 'eval/mean_score': np.float64(0.927), 'eval/std_score': np.float64(0.045), 'eval/mean_episode_length': np.float64(1.0), 'eval/std_episode_length': np.float64(0.0), 'eval/eval_time': 0.07324481010437012}
{'training/total_steps': 6000, 'training/updates': 3, 'training/sps': np.float64(6127.719), 'training/walltime': np.float64(1.814), 'training/rollout_time': np.float64(0.325), 'training/update_time': np.float64(0.002), 'training/approx_kl': 0.0, 'training/entropy': 0.5826435685157776, 'training/policy_loss': 1.0801130533218384, 'training/total_loss': 2.772240400314331, 'training/value_loss': 3.3842544555664062}
{'eval/num_episodes': 200, 'eval/num_steps': 200, 'eval/mean_score': np.float64(0.932), 'eval/std_score': np.float64(0.047), 'eval/mean_episode_length': np.float64(1.0), 'eval/std_episode_length': np.float64(0.0), 'eval/eval_time': 0.0752558708190918}
{'training/total_steps': 8000, 'training/updates': 4, 'training/sps': np.float64(5511.344), 'training/walltime': np.float64(2.252), 'training/rollout_time': np.float64(0.361), 'training/update_time': np.float64(0.002), 'training/approx_kl': 0.0, 'training/entropy': 0.5832920074462891, 'training/policy_loss': 0.8817002177238464, 'training/total_loss': 1.9866441488265991, 'training/value_loss': 2.209887742996216}
{'eval/num_episodes': 200, 'eval/num_steps': 200, 'eval/mean_score': np.float64(0.934), 'eval/std_score': np.float64(0.048), 'eval/mean_episode_length': np.float64(1.0), 'eval/std_episode_length': np.float64(0.0), 'eval/eval_time': 0.0804591178894043}
{'training/total_steps': 10000, 'training/updates': 5, 'training/sps': np.float64(5892.975), 'training/walltime': np.float64(2.673), 'training/rollout_time': np.float64(0.338), 'training/update_time': np.float64(0.002), 'training/approx_kl': 0.0, 'training/entropy': 0.5846939086914062, 'training/policy_loss': 0.673397958278656, 'training/total_loss': 1.3152453899383545, 'training/value_loss': 1.2836947441101074}
{'eval/num_episodes': 200, 'eval/num_steps': 200, 'eval/mean_score': np.float64(0.924), 'eval/std_score': np.float64(0.043), 'eval/mean_episode_length': np.float64(1.0), 'eval/std_episode_length': np.float64(0.0), 'eval/eval_time': 0.07176804542541504}
{'training/total_steps': 12000, 'training/updates': 6, 'training/sps': np.float64(5586.127), 'training/walltime': np.float64(3.103), 'training/rollout_time': np.float64(0.357), 'training/update_time': np.float64(0.001), 'training/approx_kl': 0.0, 'training/entropy': 0.586104154586792, 'training/policy_loss': 0.4685930907726288, 'training/total_loss': 0.7726559638977051, 'training/value_loss': 0.6081257462501526}
{'eval/num_episodes': 200, 'eval/num_steps': 200, 'eval/mean_score': np.float64(0.926), 'eval/std_score': np.float64(0.044), 'eval/mean_episode_length': np.float64(1.0), 'eval/std_episode_length': np.float64(0.0), 'eval/eval_time': 0.0751490592956543}
{'training/total_steps': 14000, 'training/updates': 7, 'training/sps': np.float64(5965.483), 'training/walltime': np.float64(3.514), 'training/rollout_time': np.float64(0.334), 'training/update_time': np.float64(0.002), 'training/approx_kl': 0.0, 'training/entropy': 0.5883065462112427, 'training/policy_loss': 0.26536235213279724, 'training/total_loss': 0.3567850887775421, 'training/value_loss': 0.18284548819065094}
{'eval/num_episodes': 200, 'eval/num_steps': 200, 'eval/mean_score': np.float64(0.924), 'eval/std_score': np.float64(0.043), 'eval/mean_episode_length': np.float64(1.0), 'eval/std_episode_length': np.float64(0.0), 'eval/eval_time': 0.07618427276611328}
{'training/total_steps': 16000, 'training/updates': 8, 'training/sps': np.float64(6148.996), 'training/walltime': np.float64(3.915), 'training/rollout_time': np.float64(0.324), 'training/update_time': np.float64(0.002), 'training/approx_kl': 0.0, 'training/entropy': 0.593283474445343, 'training/policy_loss': 0.061223018914461136, 'training/total_loss': 0.06486105173826218, 'training/value_loss': 0.007276069838553667}
{'eval/num_episodes': 200, 'eval/num_steps': 200, 'eval/mean_score': np.float64(0.931), 'eval/std_score': np.float64(0.046), 'eval/mean_episode_length': np.float64(1.0), 'eval/std_episode_length': np.float64(0.0), 'eval/eval_time': 0.07499217987060547}
{'training/total_steps': 18000, 'training/updates': 9, 'training/sps': np.float64(5694.013), 'training/walltime': np.float64(4.342), 'training/rollout_time': np.float64(0.35), 'training/update_time': np.float64(0.001), 'training/approx_kl': 0.0, 'training/entropy': 0.6004734635353088, 'training/policy_loss': 0.021034719422459602, 'training/total_loss': 0.022095633670687675, 'training/value_loss': 0.002121829427778721}
{'eval/num_episodes': 200, 'eval/num_steps': 200, 'eval/mean_score': np.float64(0.93), 'eval/std_score': np.float64(0.046), 'eval/mean_episode_length': np.float64(1.0), 'eval/std_episode_length': np.float64(0.0), 'eval/eval_time': 0.07580208778381348}
{'training/total_steps': 20000, 'training/updates': 10, 'training/sps': np.float64(6184.214), 'training/walltime': np.float64(4.742), 'training/rollout_time': np.float64(0.322), 'training/update_time': np.float64(0.001), 'training/approx_kl': 0.0, 'training/entropy': 0.6082108616828918, 'training/policy_loss': 0.01572912558913231, 'training/total_loss': 0.016733860597014427, 'training/value_loss': 0.0020094707142561674}
{'eval/num_episodes': 200, 'eval/num_steps': 200, 'eval/mean_score': np.float64(0.932), 'eval/std_score': np.float64(0.047), 'eval/mean_episode_length': np.float64(1.0), 'eval/std_episode_length': np.float64(0.0), 'eval/eval_time': 0.07536077499389648}
{'training/total_steps': 22000, 'training/updates': 11, 'training/sps': np.float64(5652.689), 'training/walltime': np.float64(5.171), 'training/rollout_time': np.float64(0.352), 'training/update_time': np.float64(0.002), 'training/approx_kl': 0.0, 'training/entropy': 0.6153260469436646, 'training/policy_loss': 0.019673028960824013, 'training/total_loss': 0.020749090239405632, 'training/value_loss': 0.0021521211601793766}
{'eval/num_episodes': 200, 'eval/num_steps': 200, 'eval/mean_score': np.float64(0.934), 'eval/std_score': np.float64(0.047), 'eval/mean_episode_length': np.float64(1.0), 'eval/std_episode_length': np.float64(0.0), 'eval/eval_time': 0.07263016700744629}
{'training/total_steps': 24000, 'training/updates': 12, 'training/sps': np.float64(4960.77), 'training/walltime': np.float64(5.647), 'training/rollout_time': np.float64(0.401), 'training/update_time': np.float64(0.002), 'training/approx_kl': 0.0, 'training/entropy': 0.6226622462272644, 'training/policy_loss': 0.017000237479805946, 'training/total_loss': 0.018077319487929344, 'training/value_loss': 0.0021541642490774393}
{'eval/num_episodes': 200, 'eval/num_steps': 200, 'eval/mean_score': np.float64(0.934), 'eval/std_score': np.float64(0.048), 'eval/mean_episode_length': np.float64(1.0), 'eval/std_episode_length': np.float64(0.0), 'eval/eval_time': 0.07575011253356934}
{'training/total_steps': 26000, 'training/updates': 13, 'training/sps': np.float64(6165.456), 'training/walltime': np.float64(6.048), 'training/rollout_time': np.float64(0.323), 'training/update_time': np.float64(0.002), 'training/approx_kl': 0.0, 'training/entropy': 0.6297532320022583, 'training/policy_loss': 0.01706448383629322, 'training/total_loss': 0.018166614696383476, 'training/value_loss': 0.002204261487349868}
{'eval/num_episodes': 200, 'eval/num_steps': 200, 'eval/mean_score': np.float64(0.932), 'eval/std_score': np.float64(0.047), 'eval/mean_episode_length': np.float64(1.0), 'eval/std_episode_length': np.float64(0.0), 'eval/eval_time': 0.07539820671081543}
{'training/total_steps': 28000, 'training/updates': 14, 'training/sps': np.float64(5596.987), 'training/walltime': np.float64(6.481), 'training/rollout_time': np.float64(0.356), 'training/update_time': np.float64(0.002), 'training/approx_kl': 0.0, 'training/entropy': 0.6366940140724182, 'training/policy_loss': 0.01637292467057705, 'training/total_loss': 0.017496569082140923, 'training/value_loss': 0.002247288590297103}
{'eval/num_episodes': 200, 'eval/num_steps': 200, 'eval/mean_score': np.float64(0.938), 'eval/std_score': np.float64(0.049), 'eval/mean_episode_length': np.float64(1.0), 'eval/std_episode_length': np.float64(0.0), 'eval/eval_time': 0.0753471851348877}
{'training/total_steps': 30000, 'training/updates': 15, 'training/sps': np.float64(5989.873), 'training/walltime': np.float64(6.89), 'training/rollout_time': np.float64(0.331), 'training/update_time': np.float64(0.003), 'training/approx_kl': 0.0, 'training/entropy': 0.6434307098388672, 'training/policy_loss': 0.015038717538118362, 'training/total_loss': 0.016171086579561234, 'training/value_loss': 0.0022647392470389605}
{'eval/num_episodes': 200, 'eval/num_steps': 200, 'eval/mean_score': np.float64(0.941), 'eval/std_score': np.float64(0.049), 'eval/mean_episode_length': np.float64(1.0), 'eval/std_episode_length': np.float64(0.0), 'eval/eval_time': 0.07622194290161133}
{'training/total_steps': 32000, 'training/updates': 16, 'training/sps': np.float64(5614.373), 'training/walltime': np.float64(7.323), 'training/rollout_time': np.float64(0.355), 'training/update_time': np.float64(0.002), 'training/approx_kl': 0.0, 'training/entropy': 0.6498528122901917, 'training/policy_loss': 0.01379207894206047, 'training/total_loss': 0.014927338808774948, 'training/value_loss': 0.0022705188021063805}
{'eval/num_episodes': 200, 'eval/num_steps': 200, 'eval/mean_score': np.float64(0.935), 'eval/std_score': np.float64(0.048), 'eval/mean_episode_length': np.float64(1.0), 'eval/std_episode_length': np.float64(0.0), 'eval/eval_time': 0.07430100440979004}
{'training/total_steps': 34000, 'training/updates': 17, 'training/sps': np.float64(5636.691), 'training/walltime': np.float64(7.753), 'training/rollout_time': np.float64(0.353), 'training/update_time': np.float64(0.002), 'training/approx_kl': 0.0, 'training/entropy': 0.6559035778045654, 'training/policy_loss': 0.014630090445280075, 'training/total_loss': 0.015802446752786636, 'training/value_loss': 0.002344713546335697}
{'eval/num_episodes': 200, 'eval/num_steps': 200, 'eval/mean_score': np.float64(0.939), 'eval/std_score': np.float64(0.049), 'eval/mean_episode_length': np.float64(1.0), 'eval/std_episode_length': np.float64(0.0), 'eval/eval_time': 0.07553315162658691}
{'training/total_steps': 36000, 'training/updates': 18, 'training/sps': np.float64(5606.403), 'training/walltime': np.float64(8.185), 'training/rollout_time': np.float64(0.355), 'training/update_time': np.float64(0.002), 'training/approx_kl': 0.0, 'training/entropy': 0.6617183089256287, 'training/policy_loss': 0.009941576980054379, 'training/total_loss': 0.011079182848334312, 'training/value_loss': 0.002275211038067937}
{'eval/num_episodes': 200, 'eval/num_steps': 200, 'eval/mean_score': np.float64(0.938), 'eval/std_score': np.float64(0.049), 'eval/mean_episode_length': np.float64(1.0), 'eval/std_episode_length': np.float64(0.0), 'eval/eval_time': 0.10551810264587402}
{'training/total_steps': 38000, 'training/updates': 19, 'training/sps': np.float64(5733.076), 'training/walltime': np.float64(8.64), 'training/rollout_time': np.float64(0.347), 'training/update_time': np.float64(0.002), 'training/approx_kl': 0.0, 'training/entropy': 0.6669407486915588, 'training/policy_loss': 0.013018004596233368, 'training/total_loss': 0.014200365170836449, 'training/value_loss': 0.0023647211492061615}
{'eval/num_episodes': 200, 'eval/num_steps': 200, 'eval/mean_score': np.float64(0.943), 'eval/std_score': np.float64(0.05), 'eval/mean_episode_length': np.float64(1.0), 'eval/std_episode_length': np.float64(0.0), 'eval/eval_time': 0.07997298240661621}
{'training/total_steps': 40000, 'training/updates': 20, 'training/sps': np.float64(6216.897), 'training/walltime': np.float64(9.042), 'training/rollout_time': np.float64(0.32), 'training/update_time': np.float64(0.001), 'training/approx_kl': 0.0, 'training/entropy': 0.6718787550926208, 'training/policy_loss': 0.012687251903116703, 'training/total_loss': 0.01390983909368515, 'training/value_loss': 0.0024451736826449633}
{'eval/num_episodes': 200, 'eval/num_steps': 200, 'eval/mean_score': np.float64(0.945), 'eval/std_score': np.float64(0.05), 'eval/mean_episode_length': np.float64(1.0), 'eval/std_episode_length': np.float64(0.0), 'eval/eval_time': 0.07640290260314941}
{'training/total_steps': 42000, 'training/updates': 21, 'training/sps': np.float64(6047.299), 'training/walltime': np.float64(9.45), 'training/rollout_time': np.float64(0.329), 'training/update_time': np.float64(0.002), 'training/approx_kl': 0.0, 'training/entropy': 0.676485002040863, 'training/policy_loss': 0.008025425486266613, 'training/total_loss': 0.009230606257915497, 'training/value_loss': 0.0024103615432977676}
{'eval/num_episodes': 200, 'eval/num_steps': 200, 'eval/mean_score': np.float64(0.947), 'eval/std_score': np.float64(0.05), 'eval/mean_episode_length': np.float64(1.0), 'eval/std_episode_length': np.float64(0.0), 'eval/eval_time': 0.07749223709106445}
{'training/total_steps': 44000, 'training/updates': 22, 'training/sps': np.float64(5672.248), 'training/walltime': np.float64(9.88), 'training/rollout_time': np.float64(0.351), 'training/update_time': np.float64(0.002), 'training/approx_kl': 0.0, 'training/entropy': 0.680509090423584, 'training/policy_loss': 0.007708263583481312, 'training/total_loss': 0.008912662975490093, 'training/value_loss': 0.002408798085525632}
{'eval/num_episodes': 200, 'eval/num_steps': 200, 'eval/mean_score': np.float64(0.944), 'eval/std_score': np.float64(0.05), 'eval/mean_episode_length': np.float64(1.0), 'eval/std_episode_length': np.float64(0.0), 'eval/eval_time': 0.07665205001831055}
{'training/total_steps': 46000, 'training/updates': 23, 'training/sps': np.float64(6085.448), 'training/walltime': np.float64(10.286), 'training/rollout_time': np.float64(0.327), 'training/update_time': np.float64(0.002), 'training/approx_kl': 0.0, 'training/entropy': 0.6839956641197205, 'training/policy_loss': 0.009351802058517933, 'training/total_loss': 0.010592969134449959, 'training/value_loss': 0.0024823336862027645}
{'eval/num_episodes': 200, 'eval/num_steps': 200, 'eval/mean_score': np.float64(0.945), 'eval/std_score': np.float64(0.05), 'eval/mean_episode_length': np.float64(1.0), 'eval/std_episode_length': np.float64(0.0), 'eval/eval_time': 0.07583904266357422}
{'training/total_steps': 48000, 'training/updates': 24, 'training/sps': np.float64(4525.862), 'training/walltime': np.float64(10.804), 'training/rollout_time': np.float64(0.44), 'training/update_time': np.float64(0.001), 'training/approx_kl': 0.0, 'training/entropy': 0.6870022416114807, 'training/policy_loss': 0.004846842028200626, 'training/total_loss': 0.006075467448681593, 'training/value_loss': 0.002457250375300646}
{'eval/num_episodes': 200, 'eval/num_steps': 200, 'eval/mean_score': np.float64(0.943), 'eval/std_score': np.float64(0.05), 'eval/mean_episode_length': np.float64(1.0), 'eval/std_episode_length': np.float64(0.0), 'eval/eval_time': 0.07497692108154297}
{'training/total_steps': 50000, 'training/updates': 25, 'training/sps': np.float64(6128.09), 'training/walltime': np.float64(11.206), 'training/rollout_time': np.float64(0.325), 'training/update_time': np.float64(0.002), 'training/approx_kl': 0.0, 'training/entropy': 0.6894093155860901, 'training/policy_loss': 0.005282780155539513, 'training/total_loss': 0.00652057072147727, 'training/value_loss': 0.0024755808990448713}
{'eval/num_episodes': 200, 'eval/num_steps': 200, 'eval/mean_score': np.float64(0.946), 'eval/std_score': np.float64(0.05), 'eval/mean_episode_length': np.float64(1.0), 'eval/std_episode_length': np.float64(0.0), 'eval/eval_time': 0.0758202075958252}
{'training/total_steps': 52000, 'training/updates': 26, 'training/sps': np.float64(5944.241), 'training/walltime': np.float64(11.618), 'training/rollout_time': np.float64(0.335), 'training/update_time': np.float64(0.001), 'training/approx_kl': 0.0, 'training/entropy': 0.6912347078323364, 'training/policy_loss': 0.0040091825649142265, 'training/total_loss': 0.005252874456346035, 'training/value_loss': 0.0024873840156942606}
{'eval/num_episodes': 200, 'eval/num_steps': 200, 'eval/mean_score': np.float64(0.949), 'eval/std_score': np.float64(0.05), 'eval/mean_episode_length': np.float64(1.0), 'eval/std_episode_length': np.float64(0.0), 'eval/eval_time': 0.07907414436340332}
{'training/total_steps': 54000, 'training/updates': 27, 'training/sps': np.float64(5719.5), 'training/walltime': np.float64(12.047), 'training/rollout_time': np.float64(0.348), 'training/update_time': np.float64(0.001), 'training/approx_kl': 0.0, 'training/entropy': 0.6924610733985901, 'training/policy_loss': 0.004210643470287323, 'training/total_loss': 0.005466344300657511, 'training/value_loss': 0.002511401195079088}
{'eval/num_episodes': 200, 'eval/num_steps': 200, 'eval/mean_score': np.float64(0.957), 'eval/std_score': np.float64(0.05), 'eval/mean_episode_length': np.float64(1.0), 'eval/std_episode_length': np.float64(0.0), 'eval/eval_time': 0.07415509223937988}
{'training/total_steps': 56000, 'training/updates': 28, 'training/sps': np.float64(6151.251), 'training/walltime': np.float64(12.447), 'training/rollout_time': np.float64(0.323), 'training/update_time': np.float64(0.002), 'training/approx_kl': 0.0, 'training/entropy': 0.6930751800537109, 'training/policy_loss': 8.035153587115929e-05, 'training/total_loss': 0.0013299721758812666, 'training/value_loss': 0.0024992411490529776}
{'eval/num_episodes': 200, 'eval/num_steps': 200, 'eval/mean_score': np.float64(0.949), 'eval/std_score': np.float64(0.05), 'eval/mean_episode_length': np.float64(1.0), 'eval/std_episode_length': np.float64(0.0), 'eval/eval_time': 0.07825994491577148}
{'training/total_steps': 58000, 'training/updates': 29, 'training/sps': np.float64(5503.866), 'training/walltime': np.float64(12.889), 'training/rollout_time': np.float64(0.362), 'training/update_time': np.float64(0.002), 'training/approx_kl': 0.0, 'training/entropy': 0.6930631399154663, 'training/policy_loss': 0.0013953286688774824, 'training/total_loss': 0.0026480606757104397, 'training/value_loss': 0.0025054640136659145}
{'eval/num_episodes': 200, 'eval/num_steps': 200, 'eval/mean_score': np.float64(0.953), 'eval/std_score': np.float64(0.05), 'eval/mean_episode_length': np.float64(1.0), 'eval/std_episode_length': np.float64(0.0), 'eval/eval_time': 0.07579779624938965}
{'training/total_steps': 60000, 'training/updates': 30, 'training/sps': np.float64(6063.893), 'training/walltime': np.float64(13.295), 'training/rollout_time': np.float64(0.328), 'training/update_time': np.float64(0.002), 'training/approx_kl': 0.0, 'training/entropy': 0.6924266815185547, 'training/policy_loss': -0.0018967529758810997, 'training/total_loss': -0.0006483722827397287, 'training/value_loss': 0.002496761502698064}
{'eval/num_episodes': 200, 'eval/num_steps': 200, 'eval/mean_score': np.float64(0.948), 'eval/std_score': np.float64(0.05), 'eval/mean_episode_length': np.float64(1.0), 'eval/std_episode_length': np.float64(0.0), 'eval/eval_time': 0.08133721351623535}
TRAINING END: training duration: 13.376907110214233
{'final_eval/num_episodes': 200, 'final_eval/num_steps': 200, 'final_eval/mean_score': np.float64(1.0), 'final_eval/std_score': np.float64(0.0), 'final_eval/mean_episode_length': np.float64(1.0), 'final_eval/std_episode_length': np.float64(0.0)}
