|param: value|
|experiment_name:  trpo_procgen|
|seed:  4|
|platform:  cpu|
|write_logs_to_file:  False|
|save_model:  False|
|env_name:  bandit|
|num_envs:  8|
|num_train_levels:  200|
|distribution_mode:  easy|
|arm_means:  (1.0, 0.9)|
|deterministic_rewards:  True|
|eval_env:  True|
|num_eval_episodes:  200|
|eval_every:  1|
|deterministic_eval:  False|
|normalize_observations:  True|
|total_timesteps:  60000|
|learning_rate:  0.01|
|unroll_length:  250|
|anneal_lr:  False|
|gamma:  0.99|
|gae_lambda:  0.95|
|batch_size:  1|
|num_minibatches:  8|
|update_epochs:  10|
|normalize_advantages:  True|
|target_kl:  0.01|
|cg_damping:  0.1|
|cg_max_iterations:  10|
|line_search_max_iter:  10|
|line_search_shrinking_factor:  0.8|
|vf_cost:  1.0|
|max_grad_norm:  0.5|
|reward_scaling:  1.0|
|use_cnn:  False|
|policy_hidden_layer_sizes:  ()|
|value_hidden_layer_sizes:  ()|
|activation:  <jax._src.custom_derivatives.custom_jvp object at 0x117895f90>|
|policy_init_logit_bias:  [0.0, 1.0]|
|entropy_cost:  0.0|
{'training/total_steps': 2000, 'training/updates': 1, 'training/sps': np.float64(1312.411), 'training/walltime': np.float64(1.524), 'training/rollout_time': np.float64(0.122), 'training/update_time': np.float64(1.402), 'training/iterations': 1.0, 'training/kl_div': 0.0089870635420084, 'training/line_search_success': 1.0, 'training/new_policy_objective': 0.6578202843666077, 'training/policy_objective': 0.5138636827468872, 'training/value_loss': 1.6512740850448608}
{'eval/num_episodes': 200, 'eval/num_steps': 200, 'eval/mean_score': np.float64(0.98), 'eval/std_score': np.float64(0.04), 'eval/mean_episode_length': np.float64(1.0), 'eval/std_episode_length': np.float64(0.0), 'eval/eval_time': 0.07598996162414551}
{'training/total_steps': 4000, 'training/updates': 2, 'training/sps': np.float64(18046.809), 'training/walltime': np.float64(1.731), 'training/rollout_time': np.float64(0.107), 'training/update_time': np.float64(0.003), 'training/iterations': 1.0, 'training/kl_div': 0.005960362032055855, 'training/line_search_success': 1.0, 'training/new_policy_objective': 0.37871700525283813, 'training/policy_objective': 0.3126239776611328, 'training/value_loss': 0.10771926492452621}
{'eval/num_episodes': 200, 'eval/num_steps': 200, 'eval/mean_score': np.float64(1.0), 'eval/std_score': np.float64(0.0), 'eval/mean_episode_length': np.float64(1.0), 'eval/std_episode_length': np.float64(0.0), 'eval/eval_time': 0.080291748046875}
{'training/total_steps': 6000, 'training/updates': 3, 'training/sps': np.float64(19473.248), 'training/walltime': np.float64(1.914), 'training/rollout_time': np.float64(0.099), 'training/update_time': np.float64(0.003), 'training/iterations': 1.0, 'training/kl_div': 0.0003265624400228262, 'training/line_search_success': 1.0, 'training/new_policy_objective': 0.059563230723142624, 'training/policy_objective': 0.05805719643831253, 'training/value_loss': 1.7557655155542307e-05}
{'eval/num_episodes': 200, 'eval/num_steps': 200, 'eval/mean_score': np.float64(1.0), 'eval/std_score': np.float64(0.0), 'eval/mean_episode_length': np.float64(1.0), 'eval/std_episode_length': np.float64(0.0), 'eval/eval_time': 0.07597184181213379}
{'training/total_steps': 8000, 'training/updates': 4, 'training/sps': np.float64(17826.255), 'training/walltime': np.float64(2.103), 'training/rollout_time': np.float64(0.108), 'training/update_time': np.float64(0.004), 'training/iterations': 1.0, 'training/kl_div': 0.000277171959169209, 'training/line_search_success': 1.0, 'training/new_policy_objective': -0.0007261300343088806, 'training/policy_objective': -0.0007266731699928641, 'training/value_loss': 3.814757842945937e-09}
{'eval/num_episodes': 200, 'eval/num_steps': 200, 'eval/mean_score': np.float64(0.999), 'eval/std_score': np.float64(0.007), 'eval/mean_episode_length': np.float64(1.0), 'eval/std_episode_length': np.float64(0.0), 'eval/eval_time': 0.08766603469848633}
{'training/total_steps': 10000, 'training/updates': 5, 'training/sps': np.float64(17913.773), 'training/walltime': np.float64(2.302), 'training/rollout_time': np.float64(0.108), 'training/update_time': np.float64(0.003), 'training/iterations': 1.0, 'training/kl_div': 0.0005250621470622718, 'training/line_search_success': 1.0, 'training/new_policy_objective': 0.05794405937194824, 'training/policy_objective': 0.04511432349681854, 'training/value_loss': 3.2321582693839446e-05}
{'eval/num_episodes': 200, 'eval/num_steps': 200, 'eval/mean_score': np.float64(1.0), 'eval/std_score': np.float64(0.0), 'eval/mean_episode_length': np.float64(1.0), 'eval/std_episode_length': np.float64(0.0), 'eval/eval_time': 0.07354593276977539}
{'training/total_steps': 12000, 'training/updates': 6, 'training/sps': np.float64(19162.048), 'training/walltime': np.float64(2.481), 'training/rollout_time': np.float64(0.1), 'training/update_time': np.float64(0.005), 'training/iterations': 1.0, 'training/kl_div': 0.003018412971869111, 'training/line_search_success': 1.0, 'training/new_policy_objective': -0.00564791914075613, 'training/policy_objective': -0.005709731951355934, 'training/value_loss': 2.616689265266814e-08}
{'eval/num_episodes': 200, 'eval/num_steps': 200, 'eval/mean_score': np.float64(0.991), 'eval/std_score': np.float64(0.028), 'eval/mean_episode_length': np.float64(1.0), 'eval/std_episode_length': np.float64(0.0), 'eval/eval_time': 0.07830286026000977}
{'training/total_steps': 14000, 'training/updates': 7, 'training/sps': np.float64(17630.941), 'training/walltime': np.float64(2.673), 'training/rollout_time': np.float64(0.11), 'training/update_time': np.float64(0.003), 'training/iterations': 1.0, 'training/kl_div': 0.00318345008417964, 'training/line_search_success': 1.0, 'training/new_policy_objective': 0.2451050579547882, 'training/policy_objective': 0.20736508071422577, 'training/value_loss': 0.00038854952435940504}
{'eval/num_episodes': 200, 'eval/num_steps': 200, 'eval/mean_score': np.float64(1.0), 'eval/std_score': np.float64(0.0), 'eval/mean_episode_length': np.float64(1.0), 'eval/std_episode_length': np.float64(0.0), 'eval/eval_time': 0.07357001304626465}
{'training/total_steps': 16000, 'training/updates': 8, 'training/sps': np.float64(18334.994), 'training/walltime': np.float64(2.856), 'training/rollout_time': np.float64(0.102), 'training/update_time': np.float64(0.008), 'training/iterations': 1.0, 'training/kl_div': nan, 'training/line_search_success': 0.125, 'training/new_policy_objective': nan, 'training/policy_objective': -1.7404557794975517e-08, 'training/value_loss': 6.158768428576877e-06}
{'eval/num_episodes': 200, 'eval/num_steps': 200, 'eval/mean_score': np.float64(1.0), 'eval/std_score': np.float64(0.0), 'eval/mean_episode_length': np.float64(1.0), 'eval/std_episode_length': np.float64(0.0), 'eval/eval_time': 0.07825732231140137}
{'training/total_steps': 18000, 'training/updates': 9, 'training/sps': np.float64(13633.651), 'training/walltime': np.float64(3.082), 'training/rollout_time': np.float64(0.139), 'training/update_time': np.float64(0.008), 'training/iterations': 1.0, 'training/kl_div': 1.0009645848185755e-05, 'training/line_search_success': 1.0, 'training/new_policy_objective': 0.00018189186812378466, 'training/policy_objective': 0.00018188831745646894, 'training/value_loss': 3.803621584363981e-10}
{'eval/num_episodes': 200, 'eval/num_steps': 200, 'eval/mean_score': np.float64(1.0), 'eval/std_score': np.float64(0.0), 'eval/mean_episode_length': np.float64(1.0), 'eval/std_episode_length': np.float64(0.0), 'eval/eval_time': 0.07778310775756836}
{'training/total_steps': 20000, 'training/updates': 10, 'training/sps': np.float64(16924.049), 'training/walltime': np.float64(3.279), 'training/rollout_time': np.float64(0.115), 'training/update_time': np.float64(0.003), 'training/iterations': 1.0, 'training/kl_div': nan, 'training/line_search_success': 0.0, 'training/new_policy_objective': nan, 'training/policy_objective': 0.0, 'training/value_loss': 1.0085266226745465e-13}
{'eval/num_episodes': 200, 'eval/num_steps': 200, 'eval/mean_score': np.float64(1.0), 'eval/std_score': np.float64(0.0), 'eval/mean_episode_length': np.float64(1.0), 'eval/std_episode_length': np.float64(0.0), 'eval/eval_time': 0.07466912269592285}
{'training/total_steps': 22000, 'training/updates': 11, 'training/sps': np.float64(18312.339), 'training/walltime': np.float64(3.463), 'training/rollout_time': np.float64(0.106), 'training/update_time': np.float64(0.003), 'training/iterations': 1.0, 'training/kl_div': nan, 'training/line_search_success': 0.0, 'training/new_policy_objective': nan, 'training/policy_objective': 0.0, 'training/value_loss': 7.105427357601002e-15}
{'eval/num_episodes': 200, 'eval/num_steps': 200, 'eval/mean_score': np.float64(1.0), 'eval/std_score': np.float64(0.0), 'eval/mean_episode_length': np.float64(1.0), 'eval/std_episode_length': np.float64(0.0), 'eval/eval_time': 0.07647204399108887}
{'training/total_steps': 24000, 'training/updates': 12, 'training/sps': np.float64(19110.797), 'training/walltime': np.float64(3.644), 'training/rollout_time': np.float64(0.101), 'training/update_time': np.float64(0.003), 'training/iterations': 1.0, 'training/kl_div': nan, 'training/line_search_success': 0.0, 'training/new_policy_objective': nan, 'training/policy_objective': 0.0, 'training/value_loss': 7.105427357601002e-15}
{'eval/num_episodes': 200, 'eval/num_steps': 200, 'eval/mean_score': np.float64(1.0), 'eval/std_score': np.float64(0.0), 'eval/mean_episode_length': np.float64(1.0), 'eval/std_episode_length': np.float64(0.0), 'eval/eval_time': 0.07625508308410645}
{'training/total_steps': 26000, 'training/updates': 13, 'training/sps': np.float64(19057.049), 'training/walltime': np.float64(3.826), 'training/rollout_time': np.float64(0.101), 'training/update_time': np.float64(0.004), 'training/iterations': 1.0, 'training/kl_div': nan, 'training/line_search_success': 0.0, 'training/new_policy_objective': nan, 'training/policy_objective': 0.0, 'training/value_loss': 7.105427357601002e-15}
{'eval/num_episodes': 200, 'eval/num_steps': 200, 'eval/mean_score': np.float64(1.0), 'eval/std_score': np.float64(0.0), 'eval/mean_episode_length': np.float64(1.0), 'eval/std_episode_length': np.float64(0.0), 'eval/eval_time': 0.08132767677307129}
{'training/total_steps': 28000, 'training/updates': 14, 'training/sps': np.float64(18755.929), 'training/walltime': np.float64(4.015), 'training/rollout_time': np.float64(0.103), 'training/update_time': np.float64(0.003), 'training/iterations': 1.0, 'training/kl_div': nan, 'training/line_search_success': 0.0, 'training/new_policy_objective': nan, 'training/policy_objective': 0.0, 'training/value_loss': 7.105427357601002e-15}
{'eval/num_episodes': 200, 'eval/num_steps': 200, 'eval/mean_score': np.float64(1.0), 'eval/std_score': np.float64(0.0), 'eval/mean_episode_length': np.float64(1.0), 'eval/std_episode_length': np.float64(0.0), 'eval/eval_time': 0.07319927215576172}
{'training/total_steps': 30000, 'training/updates': 15, 'training/sps': np.float64(19637.082), 'training/walltime': np.float64(4.19), 'training/rollout_time': np.float64(0.099), 'training/update_time': np.float64(0.003), 'training/iterations': 1.0, 'training/kl_div': nan, 'training/line_search_success': 0.0, 'training/new_policy_objective': nan, 'training/policy_objective': 0.0, 'training/value_loss': 7.105427357601002e-15}
{'eval/num_episodes': 200, 'eval/num_steps': 200, 'eval/mean_score': np.float64(1.0), 'eval/std_score': np.float64(0.0), 'eval/mean_episode_length': np.float64(1.0), 'eval/std_episode_length': np.float64(0.0), 'eval/eval_time': 0.0752708911895752}
{'training/total_steps': 32000, 'training/updates': 16, 'training/sps': np.float64(19113.323), 'training/walltime': np.float64(4.37), 'training/rollout_time': np.float64(0.101), 'training/update_time': np.float64(0.004), 'training/iterations': 1.0, 'training/kl_div': nan, 'training/line_search_success': 0.0, 'training/new_policy_objective': nan, 'training/policy_objective': 0.0, 'training/value_loss': 4.085620645917281e-15}
{'eval/num_episodes': 200, 'eval/num_steps': 200, 'eval/mean_score': np.float64(1.0), 'eval/std_score': np.float64(0.0), 'eval/mean_episode_length': np.float64(1.0), 'eval/std_episode_length': np.float64(0.0), 'eval/eval_time': 0.07526111602783203}
{'training/total_steps': 34000, 'training/updates': 17, 'training/sps': np.float64(19078.677), 'training/walltime': np.float64(4.551), 'training/rollout_time': np.float64(0.101), 'training/update_time': np.float64(0.003), 'training/iterations': 1.0, 'training/kl_div': nan, 'training/line_search_success': 0.0, 'training/new_policy_objective': nan, 'training/policy_objective': 0.0, 'training/value_loss': 0.0}
{'eval/num_episodes': 200, 'eval/num_steps': 200, 'eval/mean_score': np.float64(1.0), 'eval/std_score': np.float64(0.0), 'eval/mean_episode_length': np.float64(1.0), 'eval/std_episode_length': np.float64(0.0), 'eval/eval_time': 0.0747079849243164}
{'training/total_steps': 36000, 'training/updates': 18, 'training/sps': np.float64(18203.141), 'training/walltime': np.float64(4.736), 'training/rollout_time': np.float64(0.107), 'training/update_time': np.float64(0.003), 'training/iterations': 1.0, 'training/kl_div': nan, 'training/line_search_success': 0.0, 'training/new_policy_objective': nan, 'training/policy_objective': 0.0, 'training/value_loss': 0.0}
{'eval/num_episodes': 200, 'eval/num_steps': 200, 'eval/mean_score': np.float64(1.0), 'eval/std_score': np.float64(0.0), 'eval/mean_episode_length': np.float64(1.0), 'eval/std_episode_length': np.float64(0.0), 'eval/eval_time': 0.07942509651184082}
{'training/total_steps': 38000, 'training/updates': 19, 'training/sps': np.float64(18455.118), 'training/walltime': np.float64(4.924), 'training/rollout_time': np.float64(0.105), 'training/update_time': np.float64(0.003), 'training/iterations': 1.0, 'training/kl_div': nan, 'training/line_search_success': 0.0, 'training/new_policy_objective': nan, 'training/policy_objective': 0.0, 'training/value_loss': 0.0}
{'eval/num_episodes': 200, 'eval/num_steps': 200, 'eval/mean_score': np.float64(1.0), 'eval/std_score': np.float64(0.0), 'eval/mean_episode_length': np.float64(1.0), 'eval/std_episode_length': np.float64(0.0), 'eval/eval_time': 0.0781402587890625}
{'training/total_steps': 40000, 'training/updates': 20, 'training/sps': np.float64(19210.714), 'training/walltime': np.float64(5.107), 'training/rollout_time': np.float64(0.101), 'training/update_time': np.float64(0.003), 'training/iterations': 1.0, 'training/kl_div': nan, 'training/line_search_success': 0.0, 'training/new_policy_objective': nan, 'training/policy_objective': 0.0, 'training/value_loss': 0.0}
{'eval/num_episodes': 200, 'eval/num_steps': 200, 'eval/mean_score': np.float64(1.0), 'eval/std_score': np.float64(0.0), 'eval/mean_episode_length': np.float64(1.0), 'eval/std_episode_length': np.float64(0.0), 'eval/eval_time': 0.08090996742248535}
{'training/total_steps': 42000, 'training/updates': 21, 'training/sps': np.float64(18313.859), 'training/walltime': np.float64(5.298), 'training/rollout_time': np.float64(0.106), 'training/update_time': np.float64(0.003), 'training/iterations': 1.0, 'training/kl_div': nan, 'training/line_search_success': 0.0, 'training/new_policy_objective': nan, 'training/policy_objective': 0.0, 'training/value_loss': 0.0}
{'eval/num_episodes': 200, 'eval/num_steps': 200, 'eval/mean_score': np.float64(1.0), 'eval/std_score': np.float64(0.0), 'eval/mean_episode_length': np.float64(1.0), 'eval/std_episode_length': np.float64(0.0), 'eval/eval_time': 0.08127117156982422}
{'training/total_steps': 44000, 'training/updates': 22, 'training/sps': np.float64(18890.964), 'training/walltime': np.float64(5.485), 'training/rollout_time': np.float64(0.103), 'training/update_time': np.float64(0.003), 'training/iterations': 1.0, 'training/kl_div': nan, 'training/line_search_success': 0.0, 'training/new_policy_objective': nan, 'training/policy_objective': 0.0, 'training/value_loss': 0.0}
{'eval/num_episodes': 200, 'eval/num_steps': 200, 'eval/mean_score': np.float64(1.0), 'eval/std_score': np.float64(0.0), 'eval/mean_episode_length': np.float64(1.0), 'eval/std_episode_length': np.float64(0.0), 'eval/eval_time': 0.0790858268737793}
{'training/total_steps': 46000, 'training/updates': 23, 'training/sps': np.float64(18172.934), 'training/walltime': np.float64(5.675), 'training/rollout_time': np.float64(0.104), 'training/update_time': np.float64(0.006), 'training/iterations': 1.0, 'training/kl_div': nan, 'training/line_search_success': 0.0, 'training/new_policy_objective': nan, 'training/policy_objective': 0.0, 'training/value_loss': 0.0}
{'eval/num_episodes': 200, 'eval/num_steps': 200, 'eval/mean_score': np.float64(1.0), 'eval/std_score': np.float64(0.0), 'eval/mean_episode_length': np.float64(1.0), 'eval/std_episode_length': np.float64(0.0), 'eval/eval_time': 0.07563900947570801}
{'training/total_steps': 48000, 'training/updates': 24, 'training/sps': np.float64(19522.238), 'training/walltime': np.float64(5.854), 'training/rollout_time': np.float64(0.099), 'training/update_time': np.float64(0.003), 'training/iterations': 1.0, 'training/kl_div': nan, 'training/line_search_success': 0.0, 'training/new_policy_objective': nan, 'training/policy_objective': 0.0, 'training/value_loss': 0.0}
{'eval/num_episodes': 200, 'eval/num_steps': 200, 'eval/mean_score': np.float64(1.0), 'eval/std_score': np.float64(0.0), 'eval/mean_episode_length': np.float64(1.0), 'eval/std_episode_length': np.float64(0.0), 'eval/eval_time': 0.07187795639038086}
{'training/total_steps': 50000, 'training/updates': 25, 'training/sps': np.float64(17150.9), 'training/walltime': np.float64(6.042), 'training/rollout_time': np.float64(0.113), 'training/update_time': np.float64(0.003), 'training/iterations': 1.0, 'training/kl_div': nan, 'training/line_search_success': 0.0, 'training/new_policy_objective': nan, 'training/policy_objective': 0.0, 'training/value_loss': 0.0}
{'eval/num_episodes': 200, 'eval/num_steps': 200, 'eval/mean_score': np.float64(1.0), 'eval/std_score': np.float64(0.0), 'eval/mean_episode_length': np.float64(1.0), 'eval/std_episode_length': np.float64(0.0), 'eval/eval_time': 0.0750887393951416}
{'training/total_steps': 52000, 'training/updates': 26, 'training/sps': np.float64(18263.659), 'training/walltime': np.float64(6.228), 'training/rollout_time': np.float64(0.106), 'training/update_time': np.float64(0.003), 'training/iterations': 1.0, 'training/kl_div': nan, 'training/line_search_success': 0.0, 'training/new_policy_objective': nan, 'training/policy_objective': 0.0, 'training/value_loss': 0.0}
{'eval/num_episodes': 200, 'eval/num_steps': 200, 'eval/mean_score': np.float64(1.0), 'eval/std_score': np.float64(0.0), 'eval/mean_episode_length': np.float64(1.0), 'eval/std_episode_length': np.float64(0.0), 'eval/eval_time': 0.07493090629577637}
{'training/total_steps': 54000, 'training/updates': 27, 'training/sps': np.float64(18091.529), 'training/walltime': np.float64(6.413), 'training/rollout_time': np.float64(0.108), 'training/update_time': np.float64(0.003), 'training/iterations': 1.0, 'training/kl_div': nan, 'training/line_search_success': 0.0, 'training/new_policy_objective': nan, 'training/policy_objective': 0.0, 'training/value_loss': 0.0}
{'eval/num_episodes': 200, 'eval/num_steps': 200, 'eval/mean_score': np.float64(1.0), 'eval/std_score': np.float64(0.0), 'eval/mean_episode_length': np.float64(1.0), 'eval/std_episode_length': np.float64(0.0), 'eval/eval_time': 0.07426595687866211}
{'training/total_steps': 56000, 'training/updates': 28, 'training/sps': np.float64(19255.959), 'training/walltime': np.float64(6.592), 'training/rollout_time': np.float64(0.1), 'training/update_time': np.float64(0.003), 'training/iterations': 1.0, 'training/kl_div': nan, 'training/line_search_success': 0.0, 'training/new_policy_objective': nan, 'training/policy_objective': 0.0, 'training/value_loss': 0.0}
{'eval/num_episodes': 200, 'eval/num_steps': 200, 'eval/mean_score': np.float64(1.0), 'eval/std_score': np.float64(0.0), 'eval/mean_episode_length': np.float64(1.0), 'eval/std_episode_length': np.float64(0.0), 'eval/eval_time': 0.07422995567321777}
{'training/total_steps': 58000, 'training/updates': 29, 'training/sps': np.float64(19475.69), 'training/walltime': np.float64(6.769), 'training/rollout_time': np.float64(0.1), 'training/update_time': np.float64(0.003), 'training/iterations': 1.0, 'training/kl_div': nan, 'training/line_search_success': 0.0, 'training/new_policy_objective': nan, 'training/policy_objective': 0.0, 'training/value_loss': 0.0}
{'eval/num_episodes': 200, 'eval/num_steps': 200, 'eval/mean_score': np.float64(1.0), 'eval/std_score': np.float64(0.0), 'eval/mean_episode_length': np.float64(1.0), 'eval/std_episode_length': np.float64(0.0), 'eval/eval_time': 0.08392190933227539}
{'training/total_steps': 60000, 'training/updates': 30, 'training/sps': np.float64(20079.056), 'training/walltime': np.float64(6.953), 'training/rollout_time': np.float64(0.096), 'training/update_time': np.float64(0.003), 'training/iterations': 1.0, 'training/kl_div': nan, 'training/line_search_success': 0.0, 'training/new_policy_objective': nan, 'training/policy_objective': 0.0, 'training/value_loss': 0.0}
{'eval/num_episodes': 200, 'eval/num_steps': 200, 'eval/mean_score': np.float64(1.0), 'eval/std_score': np.float64(0.0), 'eval/mean_episode_length': np.float64(1.0), 'eval/std_episode_length': np.float64(0.0), 'eval/eval_time': 0.09480714797973633}
TRAINING END: training duration: 7.048835039138794
{'final_eval/num_episodes': 200, 'final_eval/num_steps': 200, 'final_eval/mean_score': np.float64(1.0), 'final_eval/std_score': np.float64(0.0), 'final_eval/mean_episode_length': np.float64(1.0), 'final_eval/std_episode_length': np.float64(0.0)}
