|param: value|
|experiment_name:  cleanba_ppo|
|seed:  3|
|platform:  cpu|
|write_logs_to_file:  False|
|save_model:  False|
|env_name:  bandit|
|num_envs:  8|
|num_train_levels:  200|
|distribution_mode:  easy|
|arm_means:  (1.0, 0.9)|
|deterministic_rewards:  True|
|eval_env:  True|
|num_eval_episodes:  200|
|eval_every:  1|
|deterministic_eval:  False|
|total_timesteps:  60000|
|learning_rate:  0.00025|
|adam_eps:  1e-05|
|unroll_length:  250|
|anneal_lr:  False|
|gamma:  0.99|
|gae_lambda:  0.95|
|num_minibatches:  4|
|update_epochs:  4|
|normalize_advantages:  True|
|clip_eps:  0.1|
|clip_vloss:  True|
|entropy_cost:  0.0|
|vf_cost:  0.5|
|max_grad_norm:  0.5|
|use_cnn:  False|
|policy_hidden_layer_sizes:  ()|
|value_hidden_layer_sizes:  ()|
|activation:  <jax._src.custom_derivatives.custom_jvp object at 0x1055e5650>|
|policy_init_logit_bias:  [0.0, 4.0]|
{'training/total_steps': 2000, 'training/updates': 1, 'training/sps': np.float64(2063.4), 'training/walltime': np.float64(0.969), 'training/rollout_time': np.float64(0.417), 'training/update_time': np.float64(0.552), 'training/approx_kl': 1.604871954441478e-06, 'training/entropy': 0.0910540372133255, 'training/policy_loss': -0.0017817736370489001, 'training/total_loss': 0.39264506101608276, 'training/value_loss': 0.7888537049293518}
{'eval/num_episodes': 200, 'eval/num_steps': 200, 'eval/mean_score': np.float64(0.903), 'eval/std_score': np.float64(0.018), 'eval/mean_episode_length': np.float64(1.0), 'eval/std_episode_length': np.float64(0.0), 'eval/eval_time': 0.09400486946105957}
{'training/total_steps': 4000, 'training/updates': 2, 'training/sps': np.float64(13462.483), 'training/walltime': np.float64(1.212), 'training/rollout_time': np.float64(0.14), 'training/update_time': np.float64(0.008), 'training/approx_kl': 1.7820876792029594e-06, 'training/entropy': 0.09221071749925613, 'training/policy_loss': -0.0019095793832093477, 'training/total_loss': 0.38767901062965393, 'training/value_loss': 0.779177188873291}
{'eval/num_episodes': 200, 'eval/num_steps': 200, 'eval/mean_score': np.float64(0.902), 'eval/std_score': np.float64(0.014), 'eval/mean_episode_length': np.float64(1.0), 'eval/std_episode_length': np.float64(0.0), 'eval/eval_time': 0.07687807083129883}
{'training/total_steps': 6000, 'training/updates': 3, 'training/sps': np.float64(13621.209), 'training/walltime': np.float64(1.436), 'training/rollout_time': np.float64(0.139), 'training/update_time': np.float64(0.008), 'training/approx_kl': 2.148760358977597e-06, 'training/entropy': 0.09340592473745346, 'training/policy_loss': -0.0020175857935100794, 'training/total_loss': 0.3827398121356964, 'training/value_loss': 0.769514799118042}
{'eval/num_episodes': 200, 'eval/num_steps': 200, 'eval/mean_score': np.float64(0.902), 'eval/std_score': np.float64(0.014), 'eval/mean_episode_length': np.float64(1.0), 'eval/std_episode_length': np.float64(0.0), 'eval/eval_time': 0.07464885711669922}
{'training/total_steps': 8000, 'training/updates': 4, 'training/sps': np.float64(13914.987), 'training/walltime': np.float64(1.655), 'training/rollout_time': np.float64(0.136), 'training/update_time': np.float64(0.008), 'training/approx_kl': 1.7840629880083725e-06, 'training/entropy': 0.09460566937923431, 'training/policy_loss': -0.0018462681910023093, 'training/total_loss': 0.37782055139541626, 'training/value_loss': 0.759333610534668}
{'eval/num_episodes': 200, 'eval/num_steps': 200, 'eval/mean_score': np.float64(0.901), 'eval/std_score': np.float64(0.01), 'eval/mean_episode_length': np.float64(1.0), 'eval/std_episode_length': np.float64(0.0), 'eval/eval_time': 0.07559680938720703}
{'training/total_steps': 10000, 'training/updates': 5, 'training/sps': np.float64(13647.514), 'training/walltime': np.float64(1.877), 'training/rollout_time': np.float64(0.137), 'training/update_time': np.float64(0.01), 'training/approx_kl': 1.4756872133148136e-06, 'training/entropy': 0.09576499462127686, 'training/policy_loss': -0.0016876362496986985, 'training/total_loss': 0.37290066480636597, 'training/value_loss': 0.7491766214370728}
{'eval/num_episodes': 200, 'eval/num_steps': 200, 'eval/mean_score': np.float64(0.903), 'eval/std_score': np.float64(0.017), 'eval/mean_episode_length': np.float64(1.0), 'eval/std_episode_length': np.float64(0.0), 'eval/eval_time': 0.07605290412902832}
{'training/total_steps': 12000, 'training/updates': 6, 'training/sps': np.float64(13760.75), 'training/walltime': np.float64(2.099), 'training/rollout_time': np.float64(0.137), 'training/update_time': np.float64(0.008), 'training/approx_kl': 1.4529946383845527e-06, 'training/entropy': 0.09692472219467163, 'training/policy_loss': -0.00172580243088305, 'training/total_loss': 0.3680027425289154, 'training/value_loss': 0.7394571304321289}
{'eval/num_episodes': 200, 'eval/num_steps': 200, 'eval/mean_score': np.float64(0.901), 'eval/std_score': np.float64(0.01), 'eval/mean_episode_length': np.float64(1.0), 'eval/std_episode_length': np.float64(0.0), 'eval/eval_time': 0.07772994041442871}
{'training/total_steps': 14000, 'training/updates': 7, 'training/sps': np.float64(13675.614), 'training/walltime': np.float64(2.323), 'training/rollout_time': np.float64(0.138), 'training/update_time': np.float64(0.008), 'training/approx_kl': 1.1986951449216576e-06, 'training/entropy': 0.09806375205516815, 'training/policy_loss': -0.001496586250141263, 'training/total_loss': 0.36320754885673523, 'training/value_loss': 0.7294082641601562}
{'eval/num_episodes': 200, 'eval/num_steps': 200, 'eval/mean_score': np.float64(0.902), 'eval/std_score': np.float64(0.014), 'eval/mean_episode_length': np.float64(1.0), 'eval/std_episode_length': np.float64(0.0), 'eval/eval_time': 0.07535386085510254}
{'training/total_steps': 16000, 'training/updates': 8, 'training/sps': np.float64(13989.64), 'training/walltime': np.float64(2.542), 'training/rollout_time': np.float64(0.135), 'training/update_time': np.float64(0.008), 'training/approx_kl': 2.229756773886038e-06, 'training/entropy': 0.09930004179477692, 'training/policy_loss': -0.002082387451082468, 'training/total_loss': 0.3583497405052185, 'training/value_loss': 0.7208642363548279}
{'eval/num_episodes': 200, 'eval/num_steps': 200, 'eval/mean_score': np.float64(0.902), 'eval/std_score': np.float64(0.014), 'eval/mean_episode_length': np.float64(1.0), 'eval/std_episode_length': np.float64(0.0), 'eval/eval_time': 0.07987499237060547}
{'training/total_steps': 18000, 'training/updates': 9, 'training/sps': np.float64(13663.163), 'training/walltime': np.float64(2.769), 'training/rollout_time': np.float64(0.138), 'training/update_time': np.float64(0.008), 'training/approx_kl': 1.5656520417905995e-06, 'training/entropy': 0.10057643055915833, 'training/policy_loss': -0.00176807411480695, 'training/total_loss': 0.35346347093582153, 'training/value_loss': 0.7104631066322327}
{'eval/num_episodes': 200, 'eval/num_steps': 200, 'eval/mean_score': np.float64(0.902), 'eval/std_score': np.float64(0.014), 'eval/mean_episode_length': np.float64(1.0), 'eval/std_episode_length': np.float64(0.0), 'eval/eval_time': 0.07441401481628418}
{'training/total_steps': 20000, 'training/updates': 10, 'training/sps': np.float64(13689.831), 'training/walltime': np.float64(2.99), 'training/rollout_time': np.float64(0.138), 'training/update_time': np.float64(0.008), 'training/approx_kl': 1.8228852241009008e-06, 'training/entropy': 0.10184860229492188, 'training/policy_loss': -0.001906081335619092, 'training/total_loss': 0.3488006591796875, 'training/value_loss': 0.7014134526252747}
{'eval/num_episodes': 200, 'eval/num_steps': 200, 'eval/mean_score': np.float64(0.901), 'eval/std_score': np.float64(0.012), 'eval/mean_episode_length': np.float64(1.0), 'eval/std_episode_length': np.float64(0.0), 'eval/eval_time': 0.07727694511413574}
{'training/total_steps': 22000, 'training/updates': 11, 'training/sps': np.float64(13750.915), 'training/walltime': np.float64(3.213), 'training/rollout_time': np.float64(0.137), 'training/update_time': np.float64(0.008), 'training/approx_kl': 2.7449411845736904e-06, 'training/entropy': 0.10322979092597961, 'training/policy_loss': -0.0023232887033373117, 'training/total_loss': 0.3440787196159363, 'training/value_loss': 0.6928039789199829}
{'eval/num_episodes': 200, 'eval/num_steps': 200, 'eval/mean_score': np.float64(0.901), 'eval/std_score': np.float64(0.012), 'eval/mean_episode_length': np.float64(1.0), 'eval/std_episode_length': np.float64(0.0), 'eval/eval_time': 0.07434201240539551}
{'training/total_steps': 24000, 'training/updates': 12, 'training/sps': np.float64(13572.482), 'training/walltime': np.float64(3.435), 'training/rollout_time': np.float64(0.139), 'training/update_time': np.float64(0.008), 'training/approx_kl': 3.296710701761185e-06, 'training/entropy': 0.10470752418041229, 'training/policy_loss': -0.002549378201365471, 'training/total_loss': 0.3393368721008301, 'training/value_loss': 0.6837725639343262}
{'eval/num_episodes': 200, 'eval/num_steps': 200, 'eval/mean_score': np.float64(0.9), 'eval/std_score': np.float64(0.007), 'eval/mean_episode_length': np.float64(1.0), 'eval/std_episode_length': np.float64(0.0), 'eval/eval_time': 0.07581424713134766}
{'training/total_steps': 26000, 'training/updates': 13, 'training/sps': np.float64(11800.597), 'training/walltime': np.float64(3.68), 'training/rollout_time': np.float64(0.161), 'training/update_time': np.float64(0.008), 'training/approx_kl': 3.1649842640035786e-06, 'training/entropy': 0.10621784627437592, 'training/policy_loss': -0.002487484598532319, 'training/total_loss': 0.3348304033279419, 'training/value_loss': 0.6746357679367065}
{'eval/num_episodes': 200, 'eval/num_steps': 200, 'eval/mean_score': np.float64(0.901), 'eval/std_score': np.float64(0.01), 'eval/mean_episode_length': np.float64(1.0), 'eval/std_episode_length': np.float64(0.0), 'eval/eval_time': 0.08051490783691406}
{'training/total_steps': 28000, 'training/updates': 14, 'training/sps': np.float64(13594.896), 'training/walltime': np.float64(3.908), 'training/rollout_time': np.float64(0.139), 'training/update_time': np.float64(0.008), 'training/approx_kl': 2.215125732618617e-06, 'training/entropy': 0.10766446590423584, 'training/policy_loss': -0.002069290727376938, 'training/total_loss': 0.3302886486053467, 'training/value_loss': 0.6647158861160278}
{'eval/num_episodes': 200, 'eval/num_steps': 200, 'eval/mean_score': np.float64(0.905), 'eval/std_score': np.float64(0.022), 'eval/mean_episode_length': np.float64(1.0), 'eval/std_episode_length': np.float64(0.0), 'eval/eval_time': 0.07309293746948242}
{'training/total_steps': 30000, 'training/updates': 15, 'training/sps': np.float64(13802.91), 'training/walltime': np.float64(4.126), 'training/rollout_time': np.float64(0.137), 'training/update_time': np.float64(0.008), 'training/approx_kl': 2.708917691052193e-06, 'training/entropy': 0.10910887271165848, 'training/policy_loss': -0.002286563627421856, 'training/total_loss': 0.3257950246334076, 'training/value_loss': 0.6561631560325623}
{'eval/num_episodes': 200, 'eval/num_steps': 200, 'eval/mean_score': np.float64(0.903), 'eval/std_score': np.float64(0.017), 'eval/mean_episode_length': np.float64(1.0), 'eval/std_episode_length': np.float64(0.0), 'eval/eval_time': 0.07399773597717285}
{'training/total_steps': 32000, 'training/updates': 16, 'training/sps': np.float64(13757.883), 'training/walltime': np.float64(4.346), 'training/rollout_time': np.float64(0.137), 'training/update_time': np.float64(0.008), 'training/approx_kl': 2.9286193239386193e-06, 'training/entropy': 0.11061173677444458, 'training/policy_loss': -0.0023683379404246807, 'training/total_loss': 0.32121431827545166, 'training/value_loss': 0.6471652984619141}
{'eval/num_episodes': 200, 'eval/num_steps': 200, 'eval/mean_score': np.float64(0.903), 'eval/std_score': np.float64(0.017), 'eval/mean_episode_length': np.float64(1.0), 'eval/std_episode_length': np.float64(0.0), 'eval/eval_time': 0.07306504249572754}
{'training/total_steps': 34000, 'training/updates': 17, 'training/sps': np.float64(13679.249), 'training/walltime': np.float64(4.566), 'training/rollout_time': np.float64(0.138), 'training/update_time': np.float64(0.008), 'training/approx_kl': 4.258172793925041e-06, 'training/entropy': 0.11221310496330261, 'training/policy_loss': -0.0028766703326255083, 'training/total_loss': 0.31680917739868164, 'training/value_loss': 0.6393716931343079}
{'eval/num_episodes': 200, 'eval/num_steps': 200, 'eval/mean_score': np.float64(0.901), 'eval/std_score': np.float64(0.012), 'eval/mean_episode_length': np.float64(1.0), 'eval/std_episode_length': np.float64(0.0), 'eval/eval_time': 0.07361102104187012}
{'training/total_steps': 36000, 'training/updates': 18, 'training/sps': np.float64(13679.517), 'training/walltime': np.float64(4.786), 'training/rollout_time': np.float64(0.138), 'training/update_time': np.float64(0.008), 'training/approx_kl': 3.2838183869898785e-06, 'training/entropy': 0.11383339017629623, 'training/policy_loss': -0.0025207572616636753, 'training/total_loss': 0.3122708201408386, 'training/value_loss': 0.6295831799507141}
{'eval/num_episodes': 200, 'eval/num_steps': 200, 'eval/mean_score': np.float64(0.901), 'eval/std_score': np.float64(0.012), 'eval/mean_episode_length': np.float64(1.0), 'eval/std_episode_length': np.float64(0.0), 'eval/eval_time': 0.07578277587890625}
{'training/total_steps': 38000, 'training/updates': 19, 'training/sps': np.float64(13688.334), 'training/walltime': np.float64(5.008), 'training/rollout_time': np.float64(0.138), 'training/update_time': np.float64(0.008), 'training/approx_kl': 2.5407152861589566e-06, 'training/entropy': 0.11538101732730865, 'training/policy_loss': -0.0022441809996962547, 'training/total_loss': 0.30799609422683716, 'training/value_loss': 0.6204805374145508}
{'eval/num_episodes': 200, 'eval/num_steps': 200, 'eval/mean_score': np.float64(0.903), 'eval/std_score': np.float64(0.018), 'eval/mean_episode_length': np.float64(1.0), 'eval/std_episode_length': np.float64(0.0), 'eval/eval_time': 0.07604789733886719}
{'training/total_steps': 40000, 'training/updates': 20, 'training/sps': np.float64(14102.459), 'training/walltime': np.float64(5.226), 'training/rollout_time': np.float64(0.134), 'training/update_time': np.float64(0.008), 'training/approx_kl': 3.118262839052477e-06, 'training/entropy': 0.11695130169391632, 'training/policy_loss': -0.0025117965415120125, 'training/total_loss': 0.30367451906204224, 'training/value_loss': 0.612372636795044}
{'eval/num_episodes': 200, 'eval/num_steps': 200, 'eval/mean_score': np.float64(0.904), 'eval/std_score': np.float64(0.02), 'eval/mean_episode_length': np.float64(1.0), 'eval/std_episode_length': np.float64(0.0), 'eval/eval_time': 0.07253503799438477}
{'training/total_steps': 42000, 'training/updates': 21, 'training/sps': np.float64(13461.403), 'training/walltime': np.float64(5.448), 'training/rollout_time': np.float64(0.14), 'training/update_time': np.float64(0.009), 'training/approx_kl': 3.0672663342556916e-06, 'training/entropy': 0.11856843531131744, 'training/policy_loss': -0.002432050183415413, 'training/total_loss': 0.2992841899394989, 'training/value_loss': 0.6034324765205383}
{'eval/num_episodes': 200, 'eval/num_steps': 200, 'eval/mean_score': np.float64(0.901), 'eval/std_score': np.float64(0.012), 'eval/mean_episode_length': np.float64(1.0), 'eval/std_episode_length': np.float64(0.0), 'eval/eval_time': 0.07498288154602051}
{'training/total_steps': 44000, 'training/updates': 22, 'training/sps': np.float64(13514.711), 'training/walltime': np.float64(5.671), 'training/rollout_time': np.float64(0.14), 'training/update_time': np.float64(0.008), 'training/approx_kl': 3.984829618275398e-06, 'training/entropy': 0.12024511396884918, 'training/policy_loss': -0.002779465401545167, 'training/total_loss': 0.29500168561935425, 'training/value_loss': 0.5955623388290405}
{'eval/num_episodes': 200, 'eval/num_steps': 200, 'eval/mean_score': np.float64(0.902), 'eval/std_score': np.float64(0.014), 'eval/mean_episode_length': np.float64(1.0), 'eval/std_episode_length': np.float64(0.0), 'eval/eval_time': 0.07507014274597168}
{'training/total_steps': 46000, 'training/updates': 23, 'training/sps': np.float64(14089.55), 'training/walltime': np.float64(5.888), 'training/rollout_time': np.float64(0.134), 'training/update_time': np.float64(0.008), 'training/approx_kl': 3.724469934240915e-06, 'training/entropy': 0.12198834866285324, 'training/policy_loss': -0.0027194342110306025, 'training/total_loss': 0.290752649307251, 'training/value_loss': 0.5869442224502563}
{'eval/num_episodes': 200, 'eval/num_steps': 200, 'eval/mean_score': np.float64(0.902), 'eval/std_score': np.float64(0.016), 'eval/mean_episode_length': np.float64(1.0), 'eval/std_episode_length': np.float64(0.0), 'eval/eval_time': 0.07237029075622559}
{'training/total_steps': 48000, 'training/updates': 24, 'training/sps': np.float64(10313.689), 'training/walltime': np.float64(6.155), 'training/rollout_time': np.float64(0.186), 'training/update_time': np.float64(0.008), 'training/approx_kl': 2.9745046958851162e-06, 'training/entropy': 0.12368474900722504, 'training/policy_loss': -0.002438540803268552, 'training/total_loss': 0.2865581512451172, 'training/value_loss': 0.5779933929443359}
{'eval/num_episodes': 200, 'eval/num_steps': 200, 'eval/mean_score': np.float64(0.901), 'eval/std_score': np.float64(0.01), 'eval/mean_episode_length': np.float64(1.0), 'eval/std_episode_length': np.float64(0.0), 'eval/eval_time': 0.07553291320800781}
{'training/total_steps': 50000, 'training/updates': 25, 'training/sps': np.float64(13877.923), 'training/walltime': np.float64(6.375), 'training/rollout_time': np.float64(0.136), 'training/update_time': np.float64(0.008), 'training/approx_kl': 2.767999831121415e-06, 'training/entropy': 0.12535500526428223, 'training/policy_loss': -0.002334811259061098, 'training/total_loss': 0.28242170810699463, 'training/value_loss': 0.5695130825042725}
{'eval/num_episodes': 200, 'eval/num_steps': 200, 'eval/mean_score': np.float64(0.902), 'eval/std_score': np.float64(0.014), 'eval/mean_episode_length': np.float64(1.0), 'eval/std_episode_length': np.float64(0.0), 'eval/eval_time': 0.07349801063537598}
{'training/total_steps': 52000, 'training/updates': 26, 'training/sps': np.float64(13777.225), 'training/walltime': np.float64(6.594), 'training/rollout_time': np.float64(0.137), 'training/update_time': np.float64(0.008), 'training/approx_kl': 3.903071046806872e-06, 'training/entropy': 0.1270754635334015, 'training/policy_loss': -0.0027477687690407038, 'training/total_loss': 0.27823346853256226, 'training/value_loss': 0.5619624853134155}
{'eval/num_episodes': 200, 'eval/num_steps': 200, 'eval/mean_score': np.float64(0.903), 'eval/std_score': np.float64(0.017), 'eval/mean_episode_length': np.float64(1.0), 'eval/std_episode_length': np.float64(0.0), 'eval/eval_time': 0.07382011413574219}
{'training/total_steps': 54000, 'training/updates': 27, 'training/sps': np.float64(13923.417), 'training/walltime': np.float64(6.812), 'training/rollout_time': np.float64(0.136), 'training/update_time': np.float64(0.008), 'training/approx_kl': 2.5722411010065116e-06, 'training/entropy': 0.1288049817085266, 'training/policy_loss': -0.0022804129403084517, 'training/total_loss': 0.27401435375213623, 'training/value_loss': 0.5525895953178406}
{'eval/num_episodes': 200, 'eval/num_steps': 200, 'eval/mean_score': np.float64(0.901), 'eval/std_score': np.float64(0.01), 'eval/mean_episode_length': np.float64(1.0), 'eval/std_episode_length': np.float64(0.0), 'eval/eval_time': 0.07372808456420898}
{'training/total_steps': 56000, 'training/updates': 28, 'training/sps': np.float64(14076.286), 'training/walltime': np.float64(7.028), 'training/rollout_time': np.float64(0.134), 'training/update_time': np.float64(0.008), 'training/approx_kl': 3.3957614959945204e-06, 'training/entropy': 0.13053685426712036, 'training/policy_loss': -0.002602155087515712, 'training/total_loss': 0.2700168490409851, 'training/value_loss': 0.5452380180358887}
{'eval/num_episodes': 200, 'eval/num_steps': 200, 'eval/mean_score': np.float64(0.903), 'eval/std_score': np.float64(0.017), 'eval/mean_episode_length': np.float64(1.0), 'eval/std_episode_length': np.float64(0.0), 'eval/eval_time': 0.07474589347839355}
{'training/total_steps': 58000, 'training/updates': 29, 'training/sps': np.float64(13612.699), 'training/walltime': np.float64(7.25), 'training/rollout_time': np.float64(0.138), 'training/update_time': np.float64(0.009), 'training/approx_kl': 2.3133543436415493e-06, 'training/entropy': 0.13226255774497986, 'training/policy_loss': -0.0021442901343107224, 'training/total_loss': 0.265864759683609, 'training/value_loss': 0.5360181331634521}
{'eval/num_episodes': 200, 'eval/num_steps': 200, 'eval/mean_score': np.float64(0.902), 'eval/std_score': np.float64(0.014), 'eval/mean_episode_length': np.float64(1.0), 'eval/std_episode_length': np.float64(0.0), 'eval/eval_time': 0.08430171012878418}
{'training/total_steps': 60000, 'training/updates': 30, 'training/sps': np.float64(13844.758), 'training/walltime': np.float64(7.479), 'training/rollout_time': np.float64(0.136), 'training/update_time': np.float64(0.008), 'training/approx_kl': 2.614362983877072e-06, 'training/entropy': 0.13396263122558594, 'training/policy_loss': -0.002313700970262289, 'training/total_loss': 0.2618575692176819, 'training/value_loss': 0.5283425450325012}
{'eval/num_episodes': 200, 'eval/num_steps': 200, 'eval/mean_score': np.float64(0.901), 'eval/std_score': np.float64(0.01), 'eval/mean_episode_length': np.float64(1.0), 'eval/std_episode_length': np.float64(0.0), 'eval/eval_time': 0.07309317588806152}
TRAINING END: training duration: 7.552533149719238
{'final_eval/num_episodes': 200, 'final_eval/num_steps': 200, 'final_eval/mean_score': np.float64(0.8999999761581421), 'final_eval/std_score': np.float64(0.0), 'final_eval/mean_episode_length': np.float64(1.0), 'final_eval/std_episode_length': np.float64(0.0)}
