|param: value|
|experiment_name:  pc_actor_critic|
|seed:  3|
|write_logs_to_file:  False|
|save_model:  False|
|env_name:  bandit|
|num_envs:  8|
|num_train_levels:  200|
|distribution_mode:  easy|
|arm_means:  (1.0, 0.9)|
|deterministic_rewards:  True|
|eval_env:  True|
|num_eval_episodes:  200|
|eval_every:  1|
|total_timesteps:  60000|
|unroll_length:  250|
|gamma:  0.99|
|learning_rate:  0.01|
|value_learning_rate:  0.01|
|target_scale:  1.0|
|pc_steps_per_update:  1|
|max_t1:  20|
|width:  32|
|depth:  2|
|act_fn:  relu|
|policy_init_logit_bias:  [0.0, 4.0]|
|use_cnn:  False|
|policy_hidden_layer_sizes:  ()|
|value_hidden_layer_sizes:  ()|
|anneal_lr:  False|
|entropy_cost:  0.0|
|deterministic_eval:  False|
{'training/total_steps': 2000, 'training/updates': 1, 'training/walltime': np.float64(1.36), 'training/update_time': np.float64(1.36), 'training/policy_pc_loss': 0.007782935630530119, 'training/value_pc_loss': 0.1558620184659958, 'training/mean_value': 0.3436899483203888, 'training/mean_reward': 0.901849627494812, 'training/mean_advantage_abs': 0.5581598281860352}
{'eval/num_episodes': 200, 'eval/mean_score': np.float64(0.903), 'eval/std_score': np.float64(0.0171), 'eval/mean_episode_length': np.float64(1.0)}
{'training/total_steps': 4000, 'training/updates': 2, 'training/walltime': np.float64(1.524), 'training/update_time': np.float64(0.135), 'training/policy_pc_loss': 0.0054618665017187595, 'training/value_pc_loss': 0.075063556432724, 'training/mean_value': 0.5152398347854614, 'training/mean_reward': 0.9023995995521545, 'training/mean_advantage_abs': 0.38715997338294983}
{'eval/num_episodes': 200, 'eval/mean_score': np.float64(0.9015), 'eval/std_score': np.float64(0.0122), 'eval/mean_episode_length': np.float64(1.0)}
{'training/total_steps': 6000, 'training/updates': 3, 'training/walltime': np.float64(1.656), 'training/update_time': np.float64(0.131), 'training/policy_pc_loss': 0.0023102255072444677, 'training/value_pc_loss': 0.023456117138266563, 'training/mean_value': 0.6864103078842163, 'training/mean_reward': 0.9024496078491211, 'training/mean_advantage_abs': 0.21603980660438538}
{'eval/num_episodes': 200, 'eval/mean_score': np.float64(0.902), 'eval/std_score': np.float64(0.014), 'eval/mean_episode_length': np.float64(1.0)}
{'training/total_steps': 8000, 'training/updates': 4, 'training/walltime': np.float64(1.791), 'training/update_time': np.float64(0.134), 'training/policy_pc_loss': 0.0006975388969294727, 'training/value_pc_loss': 0.001550453482195735, 'training/mean_value': 0.8506512641906738, 'training/mean_reward': 0.9033496379852295, 'training/mean_advantage_abs': 0.05269847437739372}
{'eval/num_episodes': 200, 'eval/mean_score': np.float64(0.903), 'eval/std_score': np.float64(0.0171), 'eval/mean_episode_length': np.float64(1.0)}
{'training/total_steps': 10000, 'training/updates': 5, 'training/walltime': np.float64(1.944), 'training/update_time': np.float64(0.152), 'training/policy_pc_loss': 1.9153852917952463e-05, 'training/value_pc_loss': 0.004339592065662146, 'training/mean_value': 0.9955520629882812, 'training/mean_reward': 0.9049497246742249, 'training/mean_advantage_abs': 0.09104213118553162}
{'eval/num_episodes': 200, 'eval/mean_score': np.float64(0.9065), 'eval/std_score': np.float64(0.0247), 'eval/mean_episode_length': np.float64(1.0)}
{'training/total_steps': 12000, 'training/updates': 6, 'training/walltime': np.float64(2.08), 'training/update_time': np.float64(0.134), 'training/policy_pc_loss': 0.0006750308093614876, 'training/value_pc_loss': 0.020068347454071045, 'training/mean_value': 1.1045784950256348, 'training/mean_reward': 0.9055497050285339, 'training/mean_advantage_abs': 0.199028879404068}
{'eval/num_episodes': 200, 'eval/mean_score': np.float64(0.907), 'eval/std_score': np.float64(0.0255), 'eval/mean_episode_length': np.float64(1.0)}
{'training/total_steps': 14000, 'training/updates': 7, 'training/walltime': np.float64(2.215), 'training/update_time': np.float64(0.134), 'training/policy_pc_loss': 0.00203801691532135, 'training/value_pc_loss': 0.03369544446468353, 'training/mean_value': 1.1654243469238281, 'training/mean_reward': 0.9070997834205627, 'training/mean_advantage_abs': 0.25832393765449524}
{'eval/num_episodes': 200, 'eval/mean_score': np.float64(0.909), 'eval/std_score': np.float64(0.0286), 'eval/mean_episode_length': np.float64(1.0)}
{'training/total_steps': 16000, 'training/updates': 8, 'training/walltime': np.float64(2.346), 'training/update_time': np.float64(0.13), 'training/policy_pc_loss': 0.003458404215052724, 'training/value_pc_loss': 0.036870889365673065, 'training/mean_value': 1.1803185939788818, 'training/mean_reward': 0.9104997515678406, 'training/mean_advantage_abs': 0.26981839537620544}
{'eval/num_episodes': 200, 'eval/mean_score': np.float64(0.9095), 'eval/std_score': np.float64(0.0293), 'eval/mean_episode_length': np.float64(1.0)}
{'training/total_steps': 18000, 'training/updates': 9, 'training/walltime': np.float64(2.482), 'training/update_time': np.float64(0.135), 'training/policy_pc_loss': 0.003316860878840089, 'training/value_pc_loss': 0.03126784786581993, 'training/mean_value': 1.1599504947662354, 'training/mean_reward': 0.9119997024536133, 'training/mean_advantage_abs': 0.24795106053352356}
{'eval/num_episodes': 200, 'eval/mean_score': np.float64(0.916), 'eval/std_score': np.float64(0.0367), 'eval/mean_episode_length': np.float64(1.0)}
{'training/total_steps': 20000, 'training/updates': 10, 'training/walltime': np.float64(2.616), 'training/update_time': np.float64(0.133), 'training/policy_pc_loss': 0.0027407160960137844, 'training/value_pc_loss': 0.02034594863653183, 'training/mean_value': 1.1159460544586182, 'training/mean_reward': 0.9178998470306396, 'training/mean_advantage_abs': 0.19804620742797852}
{'eval/num_episodes': 200, 'eval/mean_score': np.float64(0.9205), 'eval/std_score': np.float64(0.0404), 'eval/mean_episode_length': np.float64(1.0)}
{'training/total_steps': 22000, 'training/updates': 11, 'training/walltime': np.float64(2.755), 'training/update_time': np.float64(0.138), 'training/policy_pc_loss': 0.001362805487588048, 'training/value_pc_loss': 0.01012637373059988, 'training/mean_value': 1.0577144622802734, 'training/mean_reward': 0.9214497804641724, 'training/mean_advantage_abs': 0.1362638920545578}
{'eval/num_episodes': 200, 'eval/mean_score': np.float64(0.9235), 'eval/std_score': np.float64(0.0424), 'eval/mean_episode_length': np.float64(1.0)}
{'training/total_steps': 24000, 'training/updates': 12, 'training/walltime': np.float64(2.901), 'training/update_time': np.float64(0.144), 'training/policy_pc_loss': 0.000505598378367722, 'training/value_pc_loss': 0.0031772437505424023, 'training/mean_value': 0.9934369325637817, 'training/mean_reward': 0.927349865436554, 'training/mean_advantage_abs': 0.06967706233263016}
{'eval/num_episodes': 200, 'eval/mean_score': np.float64(0.933), 'eval/std_score': np.float64(0.047), 'eval/mean_episode_length': np.float64(1.0)}
{'training/total_steps': 26000, 'training/updates': 13, 'training/walltime': np.float64(3.032), 'training/update_time': np.float64(0.131), 'training/policy_pc_loss': 0.0007801229367032647, 'training/value_pc_loss': 0.0011510559124872088, 'training/mean_value': 0.9303930997848511, 'training/mean_reward': 0.9351500868797302, 'training/mean_advantage_abs': 0.04417659714818001}
{'eval/num_episodes': 200, 'eval/mean_score': np.float64(0.944), 'eval/std_score': np.float64(0.0496), 'eval/mean_episode_length': np.float64(1.0)}
{'training/total_steps': 28000, 'training/updates': 14, 'training/walltime': np.float64(3.164), 'training/update_time': np.float64(0.131), 'training/policy_pc_loss': 0.0022012970875948668, 'training/value_pc_loss': 0.003651908366009593, 'training/mean_value': 0.8749181032180786, 'training/mean_reward': 0.9444500207901001, 'training/mean_advantage_abs': 0.0695314034819603}
{'eval/num_episodes': 200, 'eval/mean_score': np.float64(0.9575), 'eval/std_score': np.float64(0.0494), 'eval/mean_episode_length': np.float64(1.0)}
{'training/total_steps': 30000, 'training/updates': 15, 'training/walltime': np.float64(3.299), 'training/update_time': np.float64(0.134), 'training/policy_pc_loss': 0.0038010231219232082, 'training/value_pc_loss': 0.008694631978869438, 'training/mean_value': 0.8320578932762146, 'training/mean_reward': 0.9541499614715576, 'training/mean_advantage_abs': 0.12209209054708481}
{'eval/num_episodes': 200, 'eval/mean_score': np.float64(0.965), 'eval/std_score': np.float64(0.0477), 'eval/mean_episode_length': np.float64(1.0)}
{'training/total_steps': 32000, 'training/updates': 16, 'training/walltime': np.float64(3.43), 'training/update_time': np.float64(0.128), 'training/policy_pc_loss': 0.004437751602381468, 'training/value_pc_loss': 0.013821986503899097, 'training/mean_value': 0.8050423860549927, 'training/mean_reward': 0.9642500281333923, 'training/mean_advantage_abs': 0.1592075079679489}
{'eval/num_episodes': 200, 'eval/mean_score': np.float64(0.9745), 'eval/std_score': np.float64(0.0436), 'eval/mean_episode_length': np.float64(1.0)}
{'training/total_steps': 34000, 'training/updates': 17, 'training/walltime': np.float64(3.56), 'training/update_time': np.float64(0.129), 'training/policy_pc_loss': 0.0036783581599593163, 'training/value_pc_loss': 0.017109114676713943, 'training/mean_value': 0.7951582670211792, 'training/mean_reward': 0.9749999046325684, 'training/mean_advantage_abs': 0.17984215915203094}
{'eval/num_episodes': 200, 'eval/mean_score': np.float64(0.9775), 'eval/std_score': np.float64(0.0418), 'eval/mean_episode_length': np.float64(1.0)}
{'training/total_steps': 36000, 'training/updates': 18, 'training/walltime': np.float64(3.7), 'training/update_time': np.float64(0.139), 'training/policy_pc_loss': 0.002330098068341613, 'training/value_pc_loss': 0.016691753640770912, 'training/mean_value': 0.8020114898681641, 'training/mean_reward': 0.9803500175476074, 'training/mean_advantage_abs': 0.17833852767944336}
{'eval/num_episodes': 200, 'eval/mean_score': np.float64(0.981), 'eval/std_score': np.float64(0.0392), 'eval/mean_episode_length': np.float64(1.0)}
{'training/total_steps': 38000, 'training/updates': 19, 'training/walltime': np.float64(3.832), 'training/update_time': np.float64(0.132), 'training/policy_pc_loss': 0.0010303822346031666, 'training/value_pc_loss': 0.013844110071659088, 'training/mean_value': 0.8234939575195312, 'training/mean_reward': 0.986299991607666, 'training/mean_advantage_abs': 0.16280634701251984}
{'eval/num_episodes': 200, 'eval/mean_score': np.float64(0.9915), 'eval/std_score': np.float64(0.0279), 'eval/mean_episode_length': np.float64(1.0)}
{'training/total_steps': 40000, 'training/updates': 20, 'training/walltime': np.float64(3.966), 'training/update_time': np.float64(0.133), 'training/policy_pc_loss': 0.0002555791870690882, 'training/value_pc_loss': 0.009471194818615913, 'training/mean_value': 0.8568272590637207, 'training/mean_reward': 0.9916500449180603, 'training/mean_advantage_abs': 0.1348225176334381}
{'eval/num_episodes': 200, 'eval/mean_score': np.float64(0.9945), 'eval/std_score': np.float64(0.0228), 'eval/mean_episode_length': np.float64(1.0)}
{'training/total_steps': 42000, 'training/updates': 21, 'training/walltime': np.float64(4.101), 'training/update_time': np.float64(0.134), 'training/policy_pc_loss': 2.6668409191188402e-05, 'training/value_pc_loss': 0.00484095886349678, 'training/mean_value': 0.8987274169921875, 'training/mean_reward': 0.9944000840187073, 'training/mean_advantage_abs': 0.09567279368638992}
{'eval/num_episodes': 200, 'eval/mean_score': np.float64(0.9965), 'eval/std_score': np.float64(0.0184), 'eval/mean_episode_length': np.float64(1.0)}
{'training/total_steps': 44000, 'training/updates': 22, 'training/walltime': np.float64(4.237), 'training/update_time': np.float64(0.136), 'training/policy_pc_loss': 8.5888197645545e-05, 'training/value_pc_loss': 0.0014723531203344464, 'training/mean_value': 0.9453696012496948, 'training/mean_reward': 0.9957001209259033, 'training/mean_advantage_abs': 0.05423261597752571}
{'eval/num_episodes': 200, 'eval/mean_score': np.float64(0.999), 'eval/std_score': np.float64(0.0099), 'eval/mean_episode_length': np.float64(1.0)}
{'training/total_steps': 46000, 'training/updates': 23, 'training/walltime': np.float64(4.369), 'training/update_time': np.float64(0.13), 'training/policy_pc_loss': 0.000172331347130239, 'training/value_pc_loss': 0.00011683830962283537, 'training/mean_value': 0.9925996661186218, 'training/mean_reward': 0.9979000687599182, 'training/mean_advantage_abs': 0.009188893251121044}
{'eval/num_episodes': 200, 'eval/mean_score': np.float64(0.9985), 'eval/std_score': np.float64(0.0122), 'eval/mean_episode_length': np.float64(1.0)}
{'training/total_steps': 48000, 'training/updates': 24, 'training/walltime': np.float64(4.506), 'training/update_time': np.float64(0.137), 'training/policy_pc_loss': 0.00028926361119374633, 'training/value_pc_loss': 0.0007987581775523722, 'training/mean_value': 1.0363484621047974, 'training/mean_reward': 0.998400092124939, 'training/mean_advantage_abs': 0.03794834390282631}
{'eval/num_episodes': 200, 'eval/mean_score': np.float64(0.9995), 'eval/std_score': np.float64(0.0071), 'eval/mean_episode_length': np.float64(1.0)}
{'training/total_steps': 50000, 'training/updates': 25, 'training/walltime': np.float64(4.64), 'training/update_time': np.float64(0.133), 'training/policy_pc_loss': 0.00027847866294905543, 'training/value_pc_loss': 0.002760510426014662, 'training/mean_value': 1.0727176666259766, 'training/mean_reward': 0.9990500807762146, 'training/mean_advantage_abs': 0.07366766780614853}
{'eval/num_episodes': 200, 'eval/mean_score': np.float64(0.9995), 'eval/std_score': np.float64(0.0071), 'eval/mean_episode_length': np.float64(1.0)}
{'training/total_steps': 52000, 'training/updates': 26, 'training/walltime': np.float64(4.77), 'training/update_time': np.float64(0.129), 'training/policy_pc_loss': 0.00011726473167072982, 'training/value_pc_loss': 0.0049111382104456425, 'training/mean_value': 1.0986559391021729, 'training/mean_reward': 0.9997000694274902, 'training/mean_advantage_abs': 0.09895641356706619}
{'eval/num_episodes': 200, 'eval/mean_score': np.float64(1.0), 'eval/std_score': np.float64(0.0), 'eval/mean_episode_length': np.float64(1.0)}
{'training/total_steps': 54000, 'training/updates': 27, 'training/walltime': np.float64(4.908), 'training/update_time': np.float64(0.137), 'training/policy_pc_loss': 8.965527376858518e-05, 'training/value_pc_loss': 0.006347826216369867, 'training/mean_value': 1.1123865842819214, 'training/mean_reward': 0.9998000860214233, 'training/mean_advantage_abs': 0.11258628964424133}
{'eval/num_episodes': 200, 'eval/mean_score': np.float64(0.9995), 'eval/std_score': np.float64(0.0071), 'eval/mean_episode_length': np.float64(1.0)}
{'training/total_steps': 56000, 'training/updates': 28, 'training/walltime': np.float64(5.037), 'training/update_time': np.float64(0.128), 'training/policy_pc_loss': 4.544907278614119e-05, 'training/value_pc_loss': 0.006464684847742319, 'training/mean_value': 1.1135635375976562, 'training/mean_reward': 0.9999000430107117, 'training/mean_advantage_abs': 0.11366348713636398}
{'eval/num_episodes': 200, 'eval/mean_score': np.float64(1.0), 'eval/std_score': np.float64(0.0), 'eval/mean_episode_length': np.float64(1.0)}
{'training/total_steps': 58000, 'training/updates': 29, 'training/walltime': np.float64(5.169), 'training/update_time': np.float64(0.131), 'training/policy_pc_loss': 0.00016451056580990553, 'training/value_pc_loss': 0.005392361432313919, 'training/mean_value': 1.1032580137252808, 'training/mean_reward': 0.9996001124382019, 'training/mean_advantage_abs': 0.10365759581327438}
{'eval/num_episodes': 200, 'eval/mean_score': np.float64(0.9995), 'eval/std_score': np.float64(0.0071), 'eval/mean_episode_length': np.float64(1.0)}
{'training/total_steps': 60000, 'training/updates': 30, 'training/walltime': np.float64(5.306), 'training/update_time': np.float64(0.135), 'training/policy_pc_loss': 1.6817733921925537e-05, 'training/value_pc_loss': 0.0035019037313759327, 'training/mean_value': 1.083608865737915, 'training/mean_reward': 0.9999500513076782, 'training/mean_advantage_abs': 0.08365887403488159}
{'eval/num_episodes': 200, 'eval/mean_score': np.float64(0.9995), 'eval/std_score': np.float64(0.0071), 'eval/mean_episode_length': np.float64(1.0)}
TRAINING END: training duration: 5.306711196899414
