|param: value|
|experiment_name:  pc_reinforce|
|seed:  3|
|write_logs_to_file:  False|
|save_model:  False|
|env_name:  bandit|
|num_envs:  8|
|num_train_levels:  200|
|distribution_mode:  easy|
|arm_means:  (1.0, 0.9)|
|deterministic_rewards:  True|
|eval_env:  True|
|num_eval_episodes:  200|
|eval_every:  1|
|total_timesteps:  60000|
|unroll_length:  250|
|learning_rate:  0.01|
|target_scale:  1.0|
|pc_steps_per_update:  1|
|max_t1:  20|
|width:  32|
|depth:  2|
|act_fn:  relu|
|policy_init_logit_bias:  [0.0, 4.0]|
|use_cnn:  False|
|policy_hidden_layer_sizes:  ()|
|value_hidden_layer_sizes:  ()|
|anneal_lr:  False|
|entropy_cost:  0.0|
|deterministic_eval:  False|
|gamma:  0.99|
{'training/total_steps': 2000, 'training/updates': 1, 'training/walltime': np.float64(1.543), 'training/update_time': np.float64(1.543), 'training/pc_loss': 0.0001941001828527078, 'training/mean_reward': 0.902099609375, 'training/mean_advantage_abs': 0.004111449234187603}
{'eval/num_episodes': 200, 'eval/mean_score': np.float64(0.9015), 'eval/std_score': np.float64(0.0122), 'eval/mean_episode_length': np.float64(1.0)}
{'training/total_steps': 4000, 'training/updates': 2, 'training/walltime': np.float64(1.837), 'training/update_time': np.float64(0.114), 'training/pc_loss': 0.0002134623209713027, 'training/mean_reward': 0.9023496508598328, 'training/mean_advantage_abs': 0.004589240998029709}
{'eval/num_episodes': 200, 'eval/mean_score': np.float64(0.9045), 'eval/std_score': np.float64(0.0207), 'eval/mean_episode_length': np.float64(1.0)}
{'training/total_steps': 6000, 'training/updates': 3, 'training/walltime': np.float64(1.947), 'training/update_time': np.float64(0.109), 'training/pc_loss': 0.0003213142335880548, 'training/mean_reward': 0.9036996364593506, 'training/mean_advantage_abs': 0.0071258870884776115}
{'eval/num_episodes': 200, 'eval/mean_score': np.float64(0.9045), 'eval/std_score': np.float64(0.0207), 'eval/mean_episode_length': np.float64(1.0)}
{'training/total_steps': 8000, 'training/updates': 4, 'training/walltime': np.float64(2.067), 'training/update_time': np.float64(0.119), 'training/pc_loss': 0.00031376618426293135, 'training/mean_reward': 0.9036997556686401, 'training/mean_advantage_abs': 0.0071259960532188416}
{'eval/num_episodes': 200, 'eval/mean_score': np.float64(0.9055), 'eval/std_score': np.float64(0.0228), 'eval/mean_episode_length': np.float64(1.0)}
{'training/total_steps': 10000, 'training/updates': 5, 'training/walltime': np.float64(2.208), 'training/update_time': np.float64(0.134), 'training/pc_loss': 0.000548100215382874, 'training/mean_reward': 0.9071998000144958, 'training/mean_advantage_abs': 0.013363049365580082}
{'eval/num_episodes': 200, 'eval/mean_score': np.float64(0.9105), 'eval/std_score': np.float64(0.0307), 'eval/mean_episode_length': np.float64(1.0)}
{'training/total_steps': 12000, 'training/updates': 6, 'training/walltime': np.float64(2.482), 'training/update_time': np.float64(0.273), 'training/pc_loss': 0.0005415651830844581, 'training/mean_reward': 0.9074996709823608, 'training/mean_advantage_abs': 0.013874744065105915}
{'eval/num_episodes': 200, 'eval/mean_score': np.float64(0.912), 'eval/std_score': np.float64(0.0325), 'eval/mean_episode_length': np.float64(1.0)}
{'training/total_steps': 14000, 'training/updates': 7, 'training/walltime': np.float64(2.598), 'training/update_time': np.float64(0.115), 'training/pc_loss': 0.000713969231583178, 'training/mean_reward': 0.9115498661994934, 'training/mean_advantage_abs': 0.020431870594620705}
{'eval/num_episodes': 200, 'eval/mean_score': np.float64(0.9125), 'eval/std_score': np.float64(0.0331), 'eval/mean_episode_length': np.float64(1.0)}
{'training/total_steps': 16000, 'training/updates': 8, 'training/walltime': np.float64(2.71), 'training/update_time': np.float64(0.111), 'training/pc_loss': 0.0007781243184581399, 'training/mean_reward': 0.9148998260498047, 'training/mean_advantage_abs': 0.025359705090522766}
{'eval/num_episodes': 200, 'eval/mean_score': np.float64(0.9195), 'eval/std_score': np.float64(0.0396), 'eval/mean_episode_length': np.float64(1.0)}
{'training/total_steps': 18000, 'training/updates': 9, 'training/walltime': np.float64(2.819), 'training/update_time': np.float64(0.108), 'training/pc_loss': 0.0008390755392611027, 'training/mean_reward': 0.9211499691009521, 'training/mean_advantage_abs': 0.03335355594754219}
{'eval/num_episodes': 200, 'eval/mean_score': np.float64(0.927), 'eval/std_score': np.float64(0.0444), 'eval/mean_episode_length': np.float64(1.0)}
{'training/total_steps': 20000, 'training/updates': 10, 'training/walltime': np.float64(2.931), 'training/update_time': np.float64(0.111), 'training/pc_loss': 0.0007913358858786523, 'training/mean_reward': 0.9273999333381653, 'training/mean_advantage_abs': 0.03978479653596878}
{'eval/num_episodes': 200, 'eval/mean_score': np.float64(0.9375), 'eval/std_score': np.float64(0.0484), 'eval/mean_episode_length': np.float64(1.0)}
{'training/total_steps': 22000, 'training/updates': 11, 'training/walltime': np.float64(3.049), 'training/update_time': np.float64(0.117), 'training/pc_loss': 0.0007010014378465712, 'training/mean_reward': 0.9363999366760254, 'training/mean_advantage_abs': 0.046300798654556274}
{'eval/num_episodes': 200, 'eval/mean_score': np.float64(0.9485), 'eval/std_score': np.float64(0.05), 'eval/mean_episode_length': np.float64(1.0)}
{'training/total_steps': 24000, 'training/updates': 12, 'training/walltime': np.float64(3.158), 'training/update_time': np.float64(0.107), 'training/pc_loss': 0.0006286334246397018, 'training/mean_reward': 0.9472000002861023, 'training/mean_advantage_abs': 0.049843188375234604}
{'eval/num_episodes': 200, 'eval/mean_score': np.float64(0.9575), 'eval/std_score': np.float64(0.0494), 'eval/mean_episode_length': np.float64(1.0)}
{'training/total_steps': 26000, 'training/updates': 13, 'training/walltime': np.float64(3.268), 'training/update_time': np.float64(0.109), 'training/pc_loss': 0.0006591383134946227, 'training/mean_reward': 0.9592499136924744, 'training/mean_advantage_abs': 0.04828875884413719}
{'eval/num_episodes': 200, 'eval/mean_score': np.float64(0.9675), 'eval/std_score': np.float64(0.0468), 'eval/mean_episode_length': np.float64(1.0)}
{'training/total_steps': 28000, 'training/updates': 14, 'training/walltime': np.float64(3.38), 'training/update_time': np.float64(0.112), 'training/pc_loss': 0.0007706335163675249, 'training/mean_reward': 0.9695999026298523, 'training/mean_advantage_abs': 0.042316827923059464}
{'eval/num_episodes': 200, 'eval/mean_score': np.float64(0.977), 'eval/std_score': np.float64(0.0421), 'eval/mean_episode_length': np.float64(1.0)}
{'training/total_steps': 30000, 'training/updates': 15, 'training/walltime': np.float64(3.49), 'training/update_time': np.float64(0.109), 'training/pc_loss': 0.0008296227897517383, 'training/mean_reward': 0.979200005531311, 'training/mean_advantage_abs': 0.032947197556495667}
{'eval/num_episodes': 200, 'eval/mean_score': np.float64(0.984), 'eval/std_score': np.float64(0.0367), 'eval/mean_episode_length': np.float64(1.0)}
{'training/total_steps': 32000, 'training/updates': 16, 'training/walltime': np.float64(3.6), 'training/update_time': np.float64(0.109), 'training/pc_loss': 0.0007393181440420449, 'training/mean_reward': 0.9869500398635864, 'training/mean_advantage_abs': 0.022693928331136703}
{'eval/num_episodes': 200, 'eval/mean_score': np.float64(0.9915), 'eval/std_score': np.float64(0.0279), 'eval/mean_episode_length': np.float64(1.0)}
{'training/total_steps': 34000, 'training/updates': 17, 'training/walltime': np.float64(3.715), 'training/update_time': np.float64(0.114), 'training/pc_loss': 0.0006054828409105539, 'training/mean_reward': 0.991349995136261, 'training/mean_advantage_abs': 0.015803556889295578}
{'eval/num_episodes': 200, 'eval/mean_score': np.float64(0.9955), 'eval/std_score': np.float64(0.0207), 'eval/mean_episode_length': np.float64(1.0)}
{'training/total_steps': 36000, 'training/updates': 18, 'training/walltime': np.float64(3.823), 'training/update_time': np.float64(0.107), 'training/pc_loss': 0.0004841454792767763, 'training/mean_reward': 0.9939000606536865, 'training/mean_advantage_abs': 0.011455747298896313}
{'eval/num_episodes': 200, 'eval/mean_score': np.float64(0.9975), 'eval/std_score': np.float64(0.0156), 'eval/mean_episode_length': np.float64(1.0)}
{'training/total_steps': 38000, 'training/updates': 19, 'training/walltime': np.float64(3.933), 'training/update_time': np.float64(0.109), 'training/pc_loss': 0.00024424909497611225, 'training/mean_reward': 0.9972500205039978, 'training/mean_advantage_abs': 0.0053487312979996204}
{'eval/num_episodes': 200, 'eval/mean_score': np.float64(0.9975), 'eval/std_score': np.float64(0.0156), 'eval/mean_episode_length': np.float64(1.0)}
{'training/total_steps': 40000, 'training/updates': 20, 'training/walltime': np.float64(4.048), 'training/update_time': np.float64(0.114), 'training/pc_loss': 0.00015364222053904086, 'training/mean_reward': 0.9983500838279724, 'training/mean_advantage_abs': 0.0032454694155603647}
{'eval/num_episodes': 200, 'eval/mean_score': np.float64(0.998), 'eval/std_score': np.float64(0.014), 'eval/mean_episode_length': np.float64(1.0)}
{'training/total_steps': 42000, 'training/updates': 21, 'training/walltime': np.float64(4.161), 'training/update_time': np.float64(0.112), 'training/pc_loss': 0.00012369475734885782, 'training/mean_reward': 0.9987001419067383, 'training/mean_advantage_abs': 0.0025660621467977762}
{'eval/num_episodes': 200, 'eval/mean_score': np.float64(0.999), 'eval/std_score': np.float64(0.0099), 'eval/mean_episode_length': np.float64(1.0)}
{'training/total_steps': 44000, 'training/updates': 22, 'training/walltime': np.float64(4.269), 'training/update_time': np.float64(0.107), 'training/pc_loss': 0.00012476617121137679, 'training/mean_reward': 0.9987001419067383, 'training/mean_advantage_abs': 0.00256606237962842}
{'eval/num_episodes': 200, 'eval/mean_score': np.float64(0.9995), 'eval/std_score': np.float64(0.0071), 'eval/mean_episode_length': np.float64(1.0)}
{'training/total_steps': 46000, 'training/updates': 23, 'training/walltime': np.float64(4.376), 'training/update_time': np.float64(0.106), 'training/pc_loss': 3.92987385566812e-05, 'training/mean_reward': 0.9996000528335571, 'training/mean_advantage_abs': 0.000796747743152082}
{'eval/num_episodes': 200, 'eval/mean_score': np.float64(0.9995), 'eval/std_score': np.float64(0.0071), 'eval/mean_episode_length': np.float64(1.0)}
{'training/total_steps': 48000, 'training/updates': 24, 'training/walltime': np.float64(4.486), 'training/update_time': np.float64(0.109), 'training/pc_loss': 1.9792056264122948e-05, 'training/mean_reward': 0.9998000860214233, 'training/mean_advantage_abs': 0.0003991143894381821}
{'eval/num_episodes': 200, 'eval/mean_score': np.float64(1.0), 'eval/std_score': np.float64(0.0), 'eval/mean_episode_length': np.float64(1.0)}
{'training/total_steps': 50000, 'training/updates': 25, 'training/walltime': np.float64(4.593), 'training/update_time': np.float64(0.106), 'training/pc_loss': 1.9832254110951908e-05, 'training/mean_reward': 0.9998000860214233, 'training/mean_advantage_abs': 0.0003991143894381821}
{'eval/num_episodes': 200, 'eval/mean_score': np.float64(0.9995), 'eval/std_score': np.float64(0.0071), 'eval/mean_episode_length': np.float64(1.0)}
{'training/total_steps': 52000, 'training/updates': 26, 'training/walltime': np.float64(4.7), 'training/update_time': np.float64(0.106), 'training/pc_loss': 2.4797884179861285e-05, 'training/mean_reward': 0.999750018119812, 'training/mean_advantage_abs': 0.0004987320280633867}
{'eval/num_episodes': 200, 'eval/mean_score': np.float64(1.0), 'eval/std_score': np.float64(0.0), 'eval/mean_episode_length': np.float64(1.0)}
{'training/total_steps': 54000, 'training/updates': 27, 'training/walltime': np.float64(4.808), 'training/update_time': np.float64(0.106), 'training/pc_loss': 0.0, 'training/mean_reward': 1.0, 'training/mean_advantage_abs': 0.0}
{'eval/num_episodes': 200, 'eval/mean_score': np.float64(0.9995), 'eval/std_score': np.float64(0.0071), 'eval/mean_episode_length': np.float64(1.0)}
{'training/total_steps': 56000, 'training/updates': 28, 'training/walltime': np.float64(4.913), 'training/update_time': np.float64(0.104), 'training/pc_loss': 4.986701696907403e-06, 'training/mean_reward': 0.9999500513076782, 'training/mean_advantage_abs': 9.989875979954377e-05}
{'eval/num_episodes': 200, 'eval/mean_score': np.float64(1.0), 'eval/std_score': np.float64(0.0), 'eval/mean_episode_length': np.float64(1.0)}
{'training/total_steps': 58000, 'training/updates': 29, 'training/walltime': np.float64(5.018), 'training/update_time': np.float64(0.105), 'training/pc_loss': 0.0, 'training/mean_reward': 1.0, 'training/mean_advantage_abs': 0.0}
{'eval/num_episodes': 200, 'eval/mean_score': np.float64(1.0), 'eval/std_score': np.float64(0.0), 'eval/mean_episode_length': np.float64(1.0)}
{'training/total_steps': 60000, 'training/updates': 30, 'training/walltime': np.float64(5.13), 'training/update_time': np.float64(0.111), 'training/pc_loss': 4.990130946680438e-06, 'training/mean_reward': 0.9999500513076782, 'training/mean_advantage_abs': 9.989875979954377e-05}
{'eval/num_episodes': 200, 'eval/mean_score': np.float64(1.0), 'eval/std_score': np.float64(0.0), 'eval/mean_episode_length': np.float64(1.0)}
TRAINING END: training duration: 5.131424188613892
