|param: value|
|experiment_name:  reinforce_procgen|
|seed:  3|
|platform:  cpu|
|write_logs_to_file:  False|
|save_model:  False|
|env_name:  bandit|
|num_envs:  1|
|num_train_levels:  200|
|distribution_mode:  easy|
|arm_means:  (1.0, 0.9)|
|deterministic_rewards:  True|
|eval_env:  True|
|num_eval_episodes:  200|
|eval_every:  1|
|deterministic_eval:  False|
|normalize_observations:  True|
|total_timesteps:  60000|
|learning_rate:  0.5|
|optimizer:  sgd|
|unroll_length:  2048|
|anneal_lr:  False|
|gamma:  0.99|
|batch_size:  1|
|num_minibatches:  1|
|update_epochs:  1|
|entropy_cost:  0.0|
|max_grad_norm:  0.5|
|reward_scaling:  1.0|
|use_cnn:  False|
|policy_hidden_layer_sizes:  ()|
|value_hidden_layer_sizes:  ()|
|activation:  <jax._src.custom_derivatives.custom_jvp object at 0x1055e5650>|
|policy_init_logit_bias:  [0.0, 4.0]|
{'training/total_steps': 2000, 'training/updates': 1, 'training/sps': np.float64(1989.893), 'training/walltime': np.float64(1.005), 'training/rollout_time': np.float64(0.417), 'training/update_time': np.float64(0.588), 'training/approx_kl': 0.0, 'training/entropy': 0.09009480476379395, 'training/policy_loss': 0.06382498890161514, 'training/total_loss': 0.2725881338119507, 'training/value_loss': 0.4175262749195099}
{'eval/num_episodes': 200, 'eval/num_steps': 200, 'eval/mean_score': np.float64(0.903), 'eval/std_score': np.float64(0.017), 'eval/mean_episode_length': np.float64(1.0), 'eval/std_episode_length': np.float64(0.0), 'eval/eval_time': 0.07285189628601074}
{'training/total_steps': 4000, 'training/updates': 2, 'training/sps': np.float64(6015.379), 'training/walltime': np.float64(1.411), 'training/rollout_time': np.float64(0.331), 'training/update_time': np.float64(0.002), 'training/approx_kl': 0.0, 'training/entropy': 0.09020352363586426, 'training/policy_loss': 0.028746670112013817, 'training/total_loss': 0.07151912897825241, 'training/value_loss': 0.08554491400718689}
{'eval/num_episodes': 200, 'eval/num_steps': 200, 'eval/mean_score': np.float64(0.901), 'eval/std_score': np.float64(0.01), 'eval/mean_episode_length': np.float64(1.0), 'eval/std_episode_length': np.float64(0.0), 'eval/eval_time': 0.07479500770568848}
{'training/total_steps': 6000, 'training/updates': 3, 'training/sps': np.float64(6197.995), 'training/walltime': np.float64(1.809), 'training/rollout_time': np.float64(0.321), 'training/update_time': np.float64(0.002), 'training/approx_kl': 0.0, 'training/entropy': 0.0902879387140274, 'training/policy_loss': 0.009663710370659828, 'training/total_loss': 0.009783660992980003, 'training/value_loss': 0.0002399004006292671}
{'eval/num_episodes': 200, 'eval/num_steps': 200, 'eval/mean_score': np.float64(0.901), 'eval/std_score': np.float64(0.012), 'eval/mean_episode_length': np.float64(1.0), 'eval/std_episode_length': np.float64(0.0), 'eval/eval_time': 0.07491016387939453}
{'training/total_steps': 8000, 'training/updates': 4, 'training/sps': np.float64(5731.286), 'training/walltime': np.float64(2.233), 'training/rollout_time': np.float64(0.348), 'training/update_time': np.float64(0.001), 'training/approx_kl': 0.0, 'training/entropy': 0.0906277447938919, 'training/policy_loss': 0.009541922248899937, 'training/total_loss': 0.009661421179771423, 'training/value_loss': 0.0002389976434642449}
{'eval/num_episodes': 200, 'eval/num_steps': 200, 'eval/mean_score': np.float64(0.901), 'eval/std_score': np.float64(0.01), 'eval/mean_episode_length': np.float64(1.0), 'eval/std_episode_length': np.float64(0.0), 'eval/eval_time': 0.07468008995056152}
{'training/total_steps': 10000, 'training/updates': 5, 'training/sps': np.float64(6154.983), 'training/walltime': np.float64(2.633), 'training/rollout_time': np.float64(0.323), 'training/update_time': np.float64(0.001), 'training/approx_kl': 0.0, 'training/entropy': 0.09096790105104446, 'training/policy_loss': 0.009139664471149445, 'training/total_loss': 0.009254408068954945, 'training/value_loss': 0.0002294876321684569}
{'eval/num_episodes': 200, 'eval/num_steps': 200, 'eval/mean_score': np.float64(0.901), 'eval/std_score': np.float64(0.01), 'eval/mean_episode_length': np.float64(1.0), 'eval/std_episode_length': np.float64(0.0), 'eval/eval_time': 0.07641315460205078}
{'training/total_steps': 12000, 'training/updates': 6, 'training/sps': np.float64(5716.211), 'training/walltime': np.float64(3.06), 'training/rollout_time': np.float64(0.348), 'training/update_time': np.float64(0.001), 'training/approx_kl': 0.0, 'training/entropy': 0.09129547327756882, 'training/policy_loss': 0.0073817577213048935, 'training/total_loss': 0.007475053891539574, 'training/value_loss': 0.0001865926169557497}
{'eval/num_episodes': 200, 'eval/num_steps': 200, 'eval/mean_score': np.float64(0.901), 'eval/std_score': np.float64(0.012), 'eval/mean_episode_length': np.float64(1.0), 'eval/std_episode_length': np.float64(0.0), 'eval/eval_time': 0.07510590553283691}
{'training/total_steps': 14000, 'training/updates': 7, 'training/sps': np.float64(6219.104), 'training/walltime': np.float64(3.457), 'training/rollout_time': np.float64(0.32), 'training/update_time': np.float64(0.002), 'training/approx_kl': 0.0, 'training/entropy': 0.09156233817338943, 'training/policy_loss': 0.007417174521833658, 'training/total_loss': 0.007510369643568993, 'training/value_loss': 0.0001863900397438556}
{'eval/num_episodes': 200, 'eval/num_steps': 200, 'eval/mean_score': np.float64(0.902), 'eval/std_score': np.float64(0.014), 'eval/mean_episode_length': np.float64(1.0), 'eval/std_episode_length': np.float64(0.0), 'eval/eval_time': 0.07467293739318848}
{'training/total_steps': 16000, 'training/updates': 8, 'training/sps': np.float64(6213.825), 'training/walltime': np.float64(3.854), 'training/rollout_time': np.float64(0.32), 'training/update_time': np.float64(0.002), 'training/approx_kl': 0.0, 'training/entropy': 0.09182996302843094, 'training/policy_loss': 0.005646799691021442, 'training/total_loss': 0.0057183499448001385, 'training/value_loss': 0.00014310007099993527}
{'eval/num_episodes': 200, 'eval/num_steps': 200, 'eval/mean_score': np.float64(0.903), 'eval/std_score': np.float64(0.017), 'eval/mean_episode_length': np.float64(1.0), 'eval/std_episode_length': np.float64(0.0), 'eval/eval_time': 0.07421278953552246}
{'training/total_steps': 18000, 'training/updates': 9, 'training/sps': np.float64(5650.675), 'training/walltime': np.float64(4.282), 'training/rollout_time': np.float64(0.352), 'training/update_time': np.float64(0.001), 'training/approx_kl': 0.0, 'training/entropy': 0.09203595668077469, 'training/policy_loss': 0.008824086748063564, 'training/total_loss': 0.008934375829994678, 'training/value_loss': 0.00022057769820094109}
{'eval/num_episodes': 200, 'eval/num_steps': 200, 'eval/mean_score': np.float64(0.901), 'eval/std_score': np.float64(0.012), 'eval/mean_episode_length': np.float64(1.0), 'eval/std_episode_length': np.float64(0.0), 'eval/eval_time': 0.07699275016784668}
{'training/total_steps': 20000, 'training/updates': 10, 'training/sps': np.float64(6167.944), 'training/walltime': np.float64(4.684), 'training/rollout_time': np.float64(0.323), 'training/update_time': np.float64(0.001), 'training/approx_kl': 0.0, 'training/entropy': 0.09235376119613647, 'training/policy_loss': 0.008533076383173466, 'training/total_loss': 0.008640658110380173, 'training/value_loss': 0.00021516266860999167}
{'eval/num_episodes': 200, 'eval/num_steps': 200, 'eval/mean_score': np.float64(0.903), 'eval/std_score': np.float64(0.018), 'eval/mean_episode_length': np.float64(1.0), 'eval/std_episode_length': np.float64(0.0), 'eval/eval_time': 0.07448291778564453}
{'training/total_steps': 22000, 'training/updates': 11, 'training/sps': np.float64(5666.03), 'training/walltime': np.float64(5.112), 'training/rollout_time': np.float64(0.352), 'training/update_time': np.float64(0.001), 'training/approx_kl': 0.0, 'training/entropy': 0.09266503155231476, 'training/policy_loss': 0.005607361905276775, 'training/total_loss': 0.005679091904312372, 'training/value_loss': 0.00014346008538268507}
{'eval/num_episodes': 200, 'eval/num_steps': 200, 'eval/mean_score': np.float64(0.9), 'eval/std_score': np.float64(0.0), 'eval/mean_episode_length': np.float64(1.0), 'eval/std_episode_length': np.float64(0.0), 'eval/eval_time': 0.07586503028869629}
{'training/total_steps': 24000, 'training/updates': 12, 'training/sps': np.float64(6216.353), 'training/walltime': np.float64(5.51), 'training/rollout_time': np.float64(0.32), 'training/update_time': np.float64(0.002), 'training/approx_kl': 0.0, 'training/entropy': 0.09287286549806595, 'training/policy_loss': 0.00938700046390295, 'training/total_loss': 0.009504571557044983, 'training/value_loss': 0.00023514266649726778}
{'eval/num_episodes': 200, 'eval/num_steps': 200, 'eval/mean_score': np.float64(0.902), 'eval/std_score': np.float64(0.014), 'eval/mean_episode_length': np.float64(1.0), 'eval/std_episode_length': np.float64(0.0), 'eval/eval_time': 0.07566308975219727}
{'training/total_steps': 26000, 'training/updates': 13, 'training/sps': np.float64(6187.599), 'training/walltime': np.float64(5.909), 'training/rollout_time': np.float64(0.322), 'training/update_time': np.float64(0.002), 'training/approx_kl': 0.0, 'training/entropy': 0.09321451187133789, 'training/policy_loss': 0.00538724334910512, 'training/total_loss': 0.005456763319671154, 'training/value_loss': 0.0001390401303069666}
{'eval/num_episodes': 200, 'eval/num_steps': 200, 'eval/mean_score': np.float64(0.902), 'eval/std_score': np.float64(0.014), 'eval/mean_episode_length': np.float64(1.0), 'eval/std_episode_length': np.float64(0.0), 'eval/eval_time': 0.0778040885925293}
{'training/total_steps': 28000, 'training/updates': 14, 'training/sps': np.float64(5684.097), 'training/walltime': np.float64(6.339), 'training/rollout_time': np.float64(0.35), 'training/update_time': np.float64(0.001), 'training/approx_kl': 0.0, 'training/entropy': 0.0934164747595787, 'training/policy_loss': 0.008395814336836338, 'training/total_loss': 0.008501284755766392, 'training/value_loss': 0.0002109402121277526}
{'eval/num_episodes': 200, 'eval/num_steps': 200, 'eval/mean_score': np.float64(0.902), 'eval/std_score': np.float64(0.014), 'eval/mean_episode_length': np.float64(1.0), 'eval/std_episode_length': np.float64(0.0), 'eval/eval_time': 0.07318997383117676}
{'training/total_steps': 30000, 'training/updates': 15, 'training/sps': np.float64(6121.128), 'training/walltime': np.float64(6.739), 'training/rollout_time': np.float64(0.325), 'training/update_time': np.float64(0.002), 'training/approx_kl': 0.0, 'training/entropy': 0.09372448921203613, 'training/policy_loss': 0.00597873330116272, 'training/total_loss': 0.006055212114006281, 'training/value_loss': 0.00015295748016797006}
{'eval/num_episodes': 200, 'eval/num_steps': 200, 'eval/mean_score': np.float64(0.9), 'eval/std_score': np.float64(0.007), 'eval/mean_episode_length': np.float64(1.0), 'eval/std_episode_length': np.float64(0.0), 'eval/eval_time': 0.07305598258972168}
{'training/total_steps': 32000, 'training/updates': 16, 'training/sps': np.float64(5677.661), 'training/walltime': np.float64(7.165), 'training/rollout_time': np.float64(0.351), 'training/update_time': np.float64(0.002), 'training/approx_kl': 0.0, 'training/entropy': 0.093948595225811, 'training/policy_loss': 0.005241353064775467, 'training/total_loss': 0.005307961720973253, 'training/value_loss': 0.00013321761798579246}
{'eval/num_episodes': 200, 'eval/num_steps': 200, 'eval/mean_score': np.float64(0.903), 'eval/std_score': np.float64(0.018), 'eval/mean_episode_length': np.float64(1.0), 'eval/std_episode_length': np.float64(0.0), 'eval/eval_time': 0.0748138427734375}
{'training/total_steps': 34000, 'training/updates': 17, 'training/sps': np.float64(6207.328), 'training/walltime': np.float64(7.562), 'training/rollout_time': np.float64(0.321), 'training/update_time': np.float64(0.001), 'training/approx_kl': 0.0, 'training/entropy': 0.09414433687925339, 'training/policy_loss': 0.007598143070936203, 'training/total_loss': 0.007693921681493521, 'training/value_loss': 0.00019155757036060095}
{'eval/num_episodes': 200, 'eval/num_steps': 200, 'eval/mean_score': np.float64(0.9), 'eval/std_score': np.float64(0.007), 'eval/mean_episode_length': np.float64(1.0), 'eval/std_episode_length': np.float64(0.0), 'eval/eval_time': 0.07245588302612305}
{'training/total_steps': 36000, 'training/updates': 18, 'training/sps': np.float64(6224.675), 'training/walltime': np.float64(7.957), 'training/rollout_time': np.float64(0.32), 'training/update_time': np.float64(0.001), 'training/approx_kl': 0.0, 'training/entropy': 0.09442592412233353, 'training/policy_loss': 0.0075331758707761765, 'training/total_loss': 0.007628774736076593, 'training/value_loss': 0.0001911975850816816}
{'eval/num_episodes': 200, 'eval/num_steps': 200, 'eval/mean_score': np.float64(0.902), 'eval/std_score': np.float64(0.014), 'eval/mean_episode_length': np.float64(1.0), 'eval/std_episode_length': np.float64(0.0), 'eval/eval_time': 0.0735311508178711}
{'training/total_steps': 38000, 'training/updates': 19, 'training/sps': np.float64(4218.276), 'training/walltime': np.float64(8.505), 'training/rollout_time': np.float64(0.473), 'training/update_time': np.float64(0.001), 'training/approx_kl': 0.0, 'training/entropy': 0.09470823407173157, 'training/policy_loss': 0.009271299466490746, 'training/total_loss': 0.009388520382344723, 'training/value_loss': 0.00023444263206329197}
{'eval/num_episodes': 200, 'eval/num_steps': 200, 'eval/mean_score': np.float64(0.903), 'eval/std_score': np.float64(0.017), 'eval/mean_episode_length': np.float64(1.0), 'eval/std_episode_length': np.float64(0.0), 'eval/eval_time': 0.07546114921569824}
{'training/total_steps': 40000, 'training/updates': 20, 'training/sps': np.float64(6161.072), 'training/walltime': np.float64(8.905), 'training/rollout_time': np.float64(0.323), 'training/update_time': np.float64(0.001), 'training/approx_kl': 0.0, 'training/entropy': 0.09505558013916016, 'training/policy_loss': 0.005159724969416857, 'training/total_loss': 0.005226864945143461, 'training/value_loss': 0.0001342801406281069}
{'eval/num_episodes': 200, 'eval/num_steps': 200, 'eval/mean_score': np.float64(0.903), 'eval/std_score': np.float64(0.017), 'eval/mean_episode_length': np.float64(1.0), 'eval/std_episode_length': np.float64(0.0), 'eval/eval_time': 0.07440304756164551}
{'training/total_steps': 42000, 'training/updates': 21, 'training/sps': np.float64(6075.725), 'training/walltime': np.float64(9.309), 'training/rollout_time': np.float64(0.328), 'training/update_time': np.float64(0.002), 'training/approx_kl': 0.0, 'training/entropy': 0.09525419771671295, 'training/policy_loss': 0.006011340767145157, 'training/total_loss': 0.006087659392505884, 'training/value_loss': 0.00015263758541550487}
{'eval/num_episodes': 200, 'eval/num_steps': 200, 'eval/mean_score': np.float64(0.902), 'eval/std_score': np.float64(0.016), 'eval/mean_episode_length': np.float64(1.0), 'eval/std_episode_length': np.float64(0.0), 'eval/eval_time': 0.07414078712463379}
{'training/total_steps': 44000, 'training/updates': 22, 'training/sps': np.float64(5557.221), 'training/walltime': np.float64(9.744), 'training/rollout_time': np.float64(0.358), 'training/update_time': np.float64(0.001), 'training/approx_kl': 0.0, 'training/entropy': 0.09548116475343704, 'training/policy_loss': 0.008321273140609264, 'training/total_loss': 0.008426642045378685, 'training/value_loss': 0.00021073759126011282}
{'eval/num_episodes': 200, 'eval/num_steps': 200, 'eval/mean_score': np.float64(0.901), 'eval/std_score': np.float64(0.01), 'eval/mean_episode_length': np.float64(1.0), 'eval/std_episode_length': np.float64(0.0), 'eval/eval_time': 0.07466411590576172}
{'training/total_steps': 46000, 'training/updates': 23, 'training/sps': np.float64(6053.597), 'training/walltime': np.float64(10.149), 'training/rollout_time': np.float64(0.329), 'training/update_time': np.float64(0.002), 'training/approx_kl': 0.0, 'training/entropy': 0.0957951694726944, 'training/policy_loss': 0.009792794473469257, 'training/total_loss': 0.0099171232432127, 'training/value_loss': 0.00024865762679837644}
{'eval/num_episodes': 200, 'eval/num_steps': 200, 'eval/mean_score': np.float64(0.902), 'eval/std_score': np.float64(0.014), 'eval/mean_episode_length': np.float64(1.0), 'eval/std_episode_length': np.float64(0.0), 'eval/eval_time': 0.07248401641845703}
{'training/total_steps': 48000, 'training/updates': 24, 'training/sps': np.float64(5653.31), 'training/walltime': np.float64(10.576), 'training/rollout_time': np.float64(0.352), 'training/update_time': np.float64(0.002), 'training/approx_kl': 0.0, 'training/entropy': 0.09616750478744507, 'training/policy_loss': 0.005320708733052015, 'training/total_loss': 0.005390389822423458, 'training/value_loss': 0.00013936257164459676}
{'eval/num_episodes': 200, 'eval/num_steps': 200, 'eval/mean_score': np.float64(0.901), 'eval/std_score': np.float64(0.012), 'eval/mean_episode_length': np.float64(1.0), 'eval/std_episode_length': np.float64(0.0), 'eval/eval_time': 0.07442617416381836}
{'training/total_steps': 50000, 'training/updates': 25, 'training/sps': np.float64(6142.18), 'training/walltime': np.float64(10.976), 'training/rollout_time': np.float64(0.324), 'training/update_time': np.float64(0.001), 'training/approx_kl': 0.0, 'training/entropy': 0.09637553244829178, 'training/policy_loss': 0.006760179530829191, 'training/total_loss': 0.006846209522336721, 'training/value_loss': 0.0001720601721899584}
{'eval/num_episodes': 200, 'eval/num_steps': 200, 'eval/mean_score': np.float64(0.901), 'eval/std_score': np.float64(0.012), 'eval/mean_episode_length': np.float64(1.0), 'eval/std_episode_length': np.float64(0.0), 'eval/eval_time': 0.07743692398071289}
{'training/total_steps': 52000, 'training/updates': 26, 'training/sps': np.float64(6054.134), 'training/walltime': np.float64(11.384), 'training/rollout_time': np.float64(0.329), 'training/update_time': np.float64(0.002), 'training/approx_kl': 0.0, 'training/entropy': 0.09663397818803787, 'training/policy_loss': 0.007109556347131729, 'training/total_loss': 0.0072003500536084175, 'training/value_loss': 0.00018158755847252905}
{'eval/num_episodes': 200, 'eval/num_steps': 200, 'eval/mean_score': np.float64(0.902), 'eval/std_score': np.float64(0.014), 'eval/mean_episode_length': np.float64(1.0), 'eval/std_episode_length': np.float64(0.0), 'eval/eval_time': 0.07807278633117676}
{'training/total_steps': 54000, 'training/updates': 27, 'training/sps': np.float64(5692.07), 'training/walltime': np.float64(11.814), 'training/rollout_time': np.float64(0.35), 'training/update_time': np.float64(0.001), 'training/approx_kl': 0.0, 'training/entropy': 0.0969078540802002, 'training/policy_loss': 0.008057331666350365, 'training/total_loss': 0.008160158060491085, 'training/value_loss': 0.0002056525700027123}
{'eval/num_episodes': 200, 'eval/num_steps': 200, 'eval/mean_score': np.float64(0.901), 'eval/std_score': np.float64(0.012), 'eval/mean_episode_length': np.float64(1.0), 'eval/std_episode_length': np.float64(0.0), 'eval/eval_time': 0.07747602462768555}
{'training/total_steps': 56000, 'training/updates': 28, 'training/sps': np.float64(5059.758), 'training/walltime': np.float64(12.287), 'training/rollout_time': np.float64(0.394), 'training/update_time': np.float64(0.001), 'training/approx_kl': 0.0, 'training/entropy': 0.09721875190734863, 'training/policy_loss': 0.008407462388277054, 'training/total_loss': 0.00851504784077406, 'training/value_loss': 0.00021517009008675814}
{'eval/num_episodes': 200, 'eval/num_steps': 200, 'eval/mean_score': np.float64(0.901), 'eval/std_score': np.float64(0.012), 'eval/mean_episode_length': np.float64(1.0), 'eval/std_episode_length': np.float64(0.0), 'eval/eval_time': 0.07319021224975586}
{'training/total_steps': 58000, 'training/updates': 29, 'training/sps': np.float64(5656.795), 'training/walltime': np.float64(12.714), 'training/rollout_time': np.float64(0.352), 'training/update_time': np.float64(0.001), 'training/approx_kl': 0.0, 'training/entropy': 0.09754491597414017, 'training/policy_loss': 0.007429454475641251, 'training/total_loss': 0.007525084540247917, 'training/value_loss': 0.0001912601146614179}
{'eval/num_episodes': 200, 'eval/num_steps': 200, 'eval/mean_score': np.float64(0.9), 'eval/std_score': np.float64(0.007), 'eval/mean_episode_length': np.float64(1.0), 'eval/std_episode_length': np.float64(0.0), 'eval/eval_time': 0.07666373252868652}
{'training/total_steps': 60000, 'training/updates': 30, 'training/sps': np.float64(6092.993), 'training/walltime': np.float64(13.12), 'training/rollout_time': np.float64(0.327), 'training/update_time': np.float64(0.001), 'training/approx_kl': 0.0, 'training/entropy': 0.09783577173948288, 'training/policy_loss': 0.008213907480239868, 'training/total_loss': 0.008319116197526455, 'training/value_loss': 0.0002104175800923258}
{'eval/num_episodes': 200, 'eval/num_steps': 200, 'eval/mean_score': np.float64(0.903), 'eval/std_score': np.float64(0.018), 'eval/mean_episode_length': np.float64(1.0), 'eval/std_episode_length': np.float64(0.0), 'eval/eval_time': 0.07836103439331055}
TRAINING END: training duration: 13.198448181152344
{'final_eval/num_episodes': 200, 'final_eval/num_steps': 200, 'final_eval/mean_score': np.float64(0.8999999761581421), 'final_eval/std_score': np.float64(0.0), 'final_eval/mean_episode_length': np.float64(1.0), 'final_eval/std_episode_length': np.float64(0.0)}
