|param: value|
|experiment_name:  trpo_procgen|
|seed:  3|
|platform:  cpu|
|write_logs_to_file:  False|
|save_model:  False|
|env_name:  bandit|
|num_envs:  8|
|num_train_levels:  200|
|distribution_mode:  easy|
|arm_means:  (1.0, 0.9)|
|deterministic_rewards:  True|
|eval_env:  True|
|num_eval_episodes:  200|
|eval_every:  1|
|deterministic_eval:  False|
|normalize_observations:  True|
|total_timesteps:  60000|
|learning_rate:  0.01|
|unroll_length:  250|
|anneal_lr:  False|
|gamma:  0.99|
|gae_lambda:  0.95|
|batch_size:  1|
|num_minibatches:  8|
|update_epochs:  10|
|normalize_advantages:  True|
|target_kl:  0.01|
|cg_damping:  0.1|
|cg_max_iterations:  10|
|line_search_max_iter:  10|
|line_search_shrinking_factor:  0.8|
|vf_cost:  1.0|
|max_grad_norm:  0.5|
|reward_scaling:  1.0|
|use_cnn:  False|
|policy_hidden_layer_sizes:  ()|
|value_hidden_layer_sizes:  ()|
|activation:  <jax._src.custom_derivatives.custom_jvp object at 0x1055e5650>|
|policy_init_logit_bias:  [0.0, 4.0]|
|entropy_cost:  0.0|
{'training/total_steps': 2000, 'training/updates': 1, 'training/sps': np.float64(1389.304), 'training/walltime': np.float64(1.44), 'training/rollout_time': np.float64(0.121), 'training/update_time': np.float64(1.319), 'training/iterations': 1.0, 'training/kl_div': 0.008209973573684692, 'training/line_search_success': 1.0, 'training/new_policy_objective': 1.346824288368225, 'training/policy_objective': 0.9933019876480103, 'training/value_loss': 0.03004937805235386}
{'eval/num_episodes': 200, 'eval/num_steps': 200, 'eval/mean_score': np.float64(0.94), 'eval/std_score': np.float64(0.049), 'eval/mean_episode_length': np.float64(1.0), 'eval/std_episode_length': np.float64(0.0), 'eval/eval_time': 0.07488489151000977}
{'training/total_steps': 4000, 'training/updates': 2, 'training/sps': np.float64(15927.636), 'training/walltime': np.float64(1.659), 'training/rollout_time': np.float64(0.122), 'training/update_time': np.float64(0.003), 'training/iterations': 1.0, 'training/kl_div': 0.008749924600124359, 'training/line_search_success': 1.0, 'training/new_policy_objective': 0.5995134115219116, 'training/policy_objective': 0.4741564691066742, 'training/value_loss': 0.001312364125624299}
{'eval/num_episodes': 200, 'eval/num_steps': 200, 'eval/mean_score': np.float64(0.985), 'eval/std_score': np.float64(0.035), 'eval/mean_episode_length': np.float64(1.0), 'eval/std_episode_length': np.float64(0.0), 'eval/eval_time': 0.07380294799804688}
{'training/total_steps': 6000, 'training/updates': 3, 'training/sps': np.float64(17539.372), 'training/walltime': np.float64(1.848), 'training/rollout_time': np.float64(0.108), 'training/update_time': np.float64(0.006), 'training/iterations': 1.0, 'training/kl_div': 0.0045303055085241795, 'training/line_search_success': 1.0, 'training/new_policy_objective': 0.3253668546676636, 'training/policy_objective': 0.2729892134666443, 'training/value_loss': 0.0007745780749246478}
{'eval/num_episodes': 200, 'eval/num_steps': 200, 'eval/mean_score': np.float64(0.999), 'eval/std_score': np.float64(0.01), 'eval/mean_episode_length': np.float64(1.0), 'eval/std_episode_length': np.float64(0.0), 'eval/eval_time': 0.07944512367248535}
{'training/total_steps': 8000, 'training/updates': 4, 'training/sps': np.float64(19099.267), 'training/walltime': np.float64(2.032), 'training/rollout_time': np.float64(0.101), 'training/update_time': np.float64(0.003), 'training/iterations': 1.0, 'training/kl_div': 0.00285712955519557, 'training/line_search_success': 1.0, 'training/new_policy_objective': -0.21761563420295715, 'training/policy_objective': -0.3893294632434845, 'training/value_loss': 2.0937313820468262e-05}
{'eval/num_episodes': 200, 'eval/num_steps': 200, 'eval/mean_score': np.float64(0.998), 'eval/std_score': np.float64(0.012), 'eval/mean_episode_length': np.float64(1.0), 'eval/std_episode_length': np.float64(0.0), 'eval/eval_time': 0.08341670036315918}
{'training/total_steps': 10000, 'training/updates': 5, 'training/sps': np.float64(19318.441), 'training/walltime': np.float64(2.22), 'training/rollout_time': np.float64(0.1), 'training/update_time': np.float64(0.003), 'training/iterations': 1.0, 'training/kl_div': 0.0005717931780964136, 'training/line_search_success': 1.0, 'training/new_policy_objective': 0.10027674585580826, 'training/policy_objective': 0.08572213351726532, 'training/value_loss': 6.420590216293931e-05}
{'eval/num_episodes': 200, 'eval/num_steps': 200, 'eval/mean_score': np.float64(1.0), 'eval/std_score': np.float64(0.0), 'eval/mean_episode_length': np.float64(1.0), 'eval/std_episode_length': np.float64(0.0), 'eval/eval_time': 0.07581496238708496}
{'training/total_steps': 12000, 'training/updates': 6, 'training/sps': np.float64(19448.417), 'training/walltime': np.float64(2.399), 'training/rollout_time': np.float64(0.099), 'training/update_time': np.float64(0.003), 'training/iterations': 1.0, 'training/kl_div': 0.0005246213404461741, 'training/line_search_success': 1.0, 'training/new_policy_objective': -0.01147817075252533, 'training/policy_objective': -0.011494853533804417, 'training/value_loss': 7.748379715621923e-08}
{'eval/num_episodes': 200, 'eval/num_steps': 200, 'eval/mean_score': np.float64(0.998), 'eval/std_score': np.float64(0.012), 'eval/mean_episode_length': np.float64(1.0), 'eval/std_episode_length': np.float64(0.0), 'eval/eval_time': 0.07654404640197754}
{'training/total_steps': 14000, 'training/updates': 7, 'training/sps': np.float64(19201.04), 'training/walltime': np.float64(2.58), 'training/rollout_time': np.float64(0.101), 'training/update_time': np.float64(0.003), 'training/iterations': 1.0, 'training/kl_div': 0.0006434037932194769, 'training/line_search_success': 1.0, 'training/new_policy_objective': 0.09340398013591766, 'training/policy_objective': 0.0785665363073349, 'training/value_loss': 6.422741716960445e-05}
{'eval/num_episodes': 200, 'eval/num_steps': 200, 'eval/mean_score': np.float64(1.0), 'eval/std_score': np.float64(0.0), 'eval/mean_episode_length': np.float64(1.0), 'eval/std_episode_length': np.float64(0.0), 'eval/eval_time': 0.0738382339477539}
{'training/total_steps': 16000, 'training/updates': 8, 'training/sps': np.float64(19452.611), 'training/walltime': np.float64(2.757), 'training/rollout_time': np.float64(0.099), 'training/update_time': np.float64(0.004), 'training/iterations': 1.0, 'training/kl_div': nan, 'training/line_search_success': 0.0, 'training/new_policy_objective': nan, 'training/policy_objective': 0.0, 'training/value_loss': 5.979062933647583e-08}
{'eval/num_episodes': 200, 'eval/num_steps': 200, 'eval/mean_score': np.float64(1.0), 'eval/std_score': np.float64(0.0), 'eval/mean_episode_length': np.float64(1.0), 'eval/std_episode_length': np.float64(0.0), 'eval/eval_time': 0.07300615310668945}
{'training/total_steps': 18000, 'training/updates': 9, 'training/sps': np.float64(13035.079), 'training/walltime': np.float64(2.984), 'training/rollout_time': np.float64(0.147), 'training/update_time': np.float64(0.006), 'training/iterations': 1.0, 'training/kl_div': nan, 'training/line_search_success': 0.0, 'training/new_policy_objective': nan, 'training/policy_objective': 2.2736847313353792e-05, 'training/value_loss': 1.0625655737228623e-11}
{'eval/num_episodes': 200, 'eval/num_steps': 200, 'eval/mean_score': np.float64(1.0), 'eval/std_score': np.float64(0.0), 'eval/mean_episode_length': np.float64(1.0), 'eval/std_episode_length': np.float64(0.0), 'eval/eval_time': 0.0747220516204834}
{'training/total_steps': 20000, 'training/updates': 10, 'training/sps': np.float64(19881.516), 'training/walltime': np.float64(3.16), 'training/rollout_time': np.float64(0.097), 'training/update_time': np.float64(0.003), 'training/iterations': 1.0, 'training/kl_div': nan, 'training/line_search_success': 0.0, 'training/new_policy_objective': nan, 'training/policy_objective': 0.0, 'training/value_loss': 2.7089441377337346e-15}
{'eval/num_episodes': 200, 'eval/num_steps': 200, 'eval/mean_score': np.float64(1.0), 'eval/std_score': np.float64(0.0), 'eval/mean_episode_length': np.float64(1.0), 'eval/std_episode_length': np.float64(0.0), 'eval/eval_time': 0.07409095764160156}
{'training/total_steps': 22000, 'training/updates': 11, 'training/sps': np.float64(19315.816), 'training/walltime': np.float64(3.338), 'training/rollout_time': np.float64(0.1), 'training/update_time': np.float64(0.003), 'training/iterations': 1.0, 'training/kl_div': nan, 'training/line_search_success': 0.0, 'training/new_policy_objective': nan, 'training/policy_objective': 0.0, 'training/value_loss': 1.7763568394002505e-15}
{'eval/num_episodes': 200, 'eval/num_steps': 200, 'eval/mean_score': np.float64(1.0), 'eval/std_score': np.float64(0.0), 'eval/mean_episode_length': np.float64(1.0), 'eval/std_episode_length': np.float64(0.0), 'eval/eval_time': 0.07523083686828613}
{'training/total_steps': 24000, 'training/updates': 12, 'training/sps': np.float64(18900.2), 'training/walltime': np.float64(3.519), 'training/rollout_time': np.float64(0.102), 'training/update_time': np.float64(0.003), 'training/iterations': 1.0, 'training/kl_div': nan, 'training/line_search_success': 0.0, 'training/new_policy_objective': nan, 'training/policy_objective': 0.0, 'training/value_loss': 1.7763568394002505e-15}
{'eval/num_episodes': 200, 'eval/num_steps': 200, 'eval/mean_score': np.float64(1.0), 'eval/std_score': np.float64(0.0), 'eval/mean_episode_length': np.float64(1.0), 'eval/std_episode_length': np.float64(0.0), 'eval/eval_time': 0.07827305793762207}
{'training/total_steps': 26000, 'training/updates': 13, 'training/sps': np.float64(18963.992), 'training/walltime': np.float64(3.704), 'training/rollout_time': np.float64(0.102), 'training/update_time': np.float64(0.003), 'training/iterations': 1.0, 'training/kl_div': nan, 'training/line_search_success': 0.0, 'training/new_policy_objective': nan, 'training/policy_objective': 0.0, 'training/value_loss': 1.088018585308477e-15}
{'eval/num_episodes': 200, 'eval/num_steps': 200, 'eval/mean_score': np.float64(1.0), 'eval/std_score': np.float64(0.0), 'eval/mean_episode_length': np.float64(1.0), 'eval/std_episode_length': np.float64(0.0), 'eval/eval_time': 0.0745551586151123}
{'training/total_steps': 28000, 'training/updates': 14, 'training/sps': np.float64(18554.762), 'training/walltime': np.float64(3.886), 'training/rollout_time': np.float64(0.104), 'training/update_time': np.float64(0.003), 'training/iterations': 1.0, 'training/kl_div': nan, 'training/line_search_success': 0.0, 'training/new_policy_objective': nan, 'training/policy_objective': 0.0, 'training/value_loss': 0.0}
{'eval/num_episodes': 200, 'eval/num_steps': 200, 'eval/mean_score': np.float64(1.0), 'eval/std_score': np.float64(0.0), 'eval/mean_episode_length': np.float64(1.0), 'eval/std_episode_length': np.float64(0.0), 'eval/eval_time': 0.0752420425415039}
{'training/total_steps': 30000, 'training/updates': 15, 'training/sps': np.float64(18759.746), 'training/walltime': np.float64(4.069), 'training/rollout_time': np.float64(0.103), 'training/update_time': np.float64(0.003), 'training/iterations': 1.0, 'training/kl_div': nan, 'training/line_search_success': 0.0, 'training/new_policy_objective': nan, 'training/policy_objective': 0.0, 'training/value_loss': 0.0}
{'eval/num_episodes': 200, 'eval/num_steps': 200, 'eval/mean_score': np.float64(1.0), 'eval/std_score': np.float64(0.0), 'eval/mean_episode_length': np.float64(1.0), 'eval/std_episode_length': np.float64(0.0), 'eval/eval_time': 0.07432293891906738}
{'training/total_steps': 32000, 'training/updates': 16, 'training/sps': np.float64(18552.71), 'training/walltime': np.float64(4.251), 'training/rollout_time': np.float64(0.103), 'training/update_time': np.float64(0.004), 'training/iterations': 1.0, 'training/kl_div': nan, 'training/line_search_success': 0.0, 'training/new_policy_objective': nan, 'training/policy_objective': 0.0, 'training/value_loss': 0.0}
{'eval/num_episodes': 200, 'eval/num_steps': 200, 'eval/mean_score': np.float64(1.0), 'eval/std_score': np.float64(0.0), 'eval/mean_episode_length': np.float64(1.0), 'eval/std_episode_length': np.float64(0.0), 'eval/eval_time': 0.07297801971435547}
{'training/total_steps': 34000, 'training/updates': 17, 'training/sps': np.float64(19310.836), 'training/walltime': np.float64(4.428), 'training/rollout_time': np.float64(0.1), 'training/update_time': np.float64(0.003), 'training/iterations': 1.0, 'training/kl_div': nan, 'training/line_search_success': 0.0, 'training/new_policy_objective': nan, 'training/policy_objective': 0.0, 'training/value_loss': 0.0}
{'eval/num_episodes': 200, 'eval/num_steps': 200, 'eval/mean_score': np.float64(1.0), 'eval/std_score': np.float64(0.0), 'eval/mean_episode_length': np.float64(1.0), 'eval/std_episode_length': np.float64(0.0), 'eval/eval_time': 0.07183170318603516}
{'training/total_steps': 36000, 'training/updates': 18, 'training/sps': np.float64(18642.594), 'training/walltime': np.float64(4.608), 'training/rollout_time': np.float64(0.104), 'training/update_time': np.float64(0.003), 'training/iterations': 1.0, 'training/kl_div': nan, 'training/line_search_success': 0.0, 'training/new_policy_objective': nan, 'training/policy_objective': 0.0, 'training/value_loss': 0.0}
{'eval/num_episodes': 200, 'eval/num_steps': 200, 'eval/mean_score': np.float64(1.0), 'eval/std_score': np.float64(0.0), 'eval/mean_episode_length': np.float64(1.0), 'eval/std_episode_length': np.float64(0.0), 'eval/eval_time': 0.07528495788574219}
{'training/total_steps': 38000, 'training/updates': 19, 'training/sps': np.float64(18432.288), 'training/walltime': np.float64(4.792), 'training/rollout_time': np.float64(0.105), 'training/update_time': np.float64(0.003), 'training/iterations': 1.0, 'training/kl_div': nan, 'training/line_search_success': 0.125, 'training/new_policy_objective': nan, 'training/policy_objective': 3.814697446813398e-09, 'training/value_loss': 2.5004680992424255e-06}
{'eval/num_episodes': 200, 'eval/num_steps': 200, 'eval/mean_score': np.float64(1.0), 'eval/std_score': np.float64(0.0), 'eval/mean_episode_length': np.float64(1.0), 'eval/std_episode_length': np.float64(0.0), 'eval/eval_time': 0.07463216781616211}
{'training/total_steps': 40000, 'training/updates': 20, 'training/sps': np.float64(19309.458), 'training/walltime': np.float64(4.971), 'training/rollout_time': np.float64(0.1), 'training/update_time': np.float64(0.003), 'training/iterations': 1.0, 'training/kl_div': nan, 'training/line_search_success': 0.0, 'training/new_policy_objective': nan, 'training/policy_objective': 0.0, 'training/value_loss': 1.2175309371809107e-10}
{'eval/num_episodes': 200, 'eval/num_steps': 200, 'eval/mean_score': np.float64(1.0), 'eval/std_score': np.float64(0.0), 'eval/mean_episode_length': np.float64(1.0), 'eval/std_episode_length': np.float64(0.0), 'eval/eval_time': 0.07278704643249512}
{'training/total_steps': 42000, 'training/updates': 21, 'training/sps': np.float64(19227.27), 'training/walltime': np.float64(5.148), 'training/rollout_time': np.float64(0.101), 'training/update_time': np.float64(0.003), 'training/iterations': 1.0, 'training/kl_div': 0.0011541593121364713, 'training/line_search_success': 1.0, 'training/new_policy_objective': -1.4120524838290294e-06, 'training/policy_objective': -1.416887471350492e-06, 'training/value_loss': 2.3869795029440866e-14}
{'eval/num_episodes': 200, 'eval/num_steps': 200, 'eval/mean_score': np.float64(0.996), 'eval/std_score': np.float64(0.02), 'eval/mean_episode_length': np.float64(1.0), 'eval/std_episode_length': np.float64(0.0), 'eval/eval_time': 0.07951021194458008}
{'training/total_steps': 44000, 'training/updates': 22, 'training/sps': np.float64(19304.482), 'training/walltime': np.float64(5.332), 'training/rollout_time': np.float64(0.1), 'training/update_time': np.float64(0.003), 'training/iterations': 1.0, 'training/kl_div': 0.0013255404774099588, 'training/line_search_success': 1.0, 'training/new_policy_objective': 0.14162136614322662, 'training/policy_objective': 0.1250983625650406, 'training/value_loss': 0.0001271453802473843}
{'eval/num_episodes': 200, 'eval/num_steps': 200, 'eval/mean_score': np.float64(1.0), 'eval/std_score': np.float64(0.0), 'eval/mean_episode_length': np.float64(1.0), 'eval/std_episode_length': np.float64(0.0), 'eval/eval_time': 0.07914590835571289}
{'training/total_steps': 46000, 'training/updates': 23, 'training/sps': np.float64(18973.514), 'training/walltime': np.float64(5.517), 'training/rollout_time': np.float64(0.102), 'training/update_time': np.float64(0.003), 'training/iterations': 1.0, 'training/kl_div': 0.0005932888016104698, 'training/line_search_success': 1.0, 'training/new_policy_objective': -0.29785552620887756, 'training/policy_objective': -0.6712295413017273, 'training/value_loss': 2.7587802833295427e-06}
{'eval/num_episodes': 200, 'eval/num_steps': 200, 'eval/mean_score': np.float64(0.999), 'eval/std_score': np.float64(0.007), 'eval/mean_episode_length': np.float64(1.0), 'eval/std_episode_length': np.float64(0.0), 'eval/eval_time': 0.0764760971069336}
{'training/total_steps': 48000, 'training/updates': 24, 'training/sps': np.float64(18663.166), 'training/walltime': np.float64(5.701), 'training/rollout_time': np.float64(0.104), 'training/update_time': np.float64(0.003), 'training/iterations': 1.0, 'training/kl_div': 0.00047856930177658796, 'training/line_search_success': 1.0, 'training/new_policy_objective': 0.08883152902126312, 'training/policy_objective': 0.07339867204427719, 'training/value_loss': 5.449416858027689e-05}
{'eval/num_episodes': 200, 'eval/num_steps': 200, 'eval/mean_score': np.float64(1.0), 'eval/std_score': np.float64(0.0), 'eval/mean_episode_length': np.float64(1.0), 'eval/std_episode_length': np.float64(0.0), 'eval/eval_time': 0.0766298770904541}
{'training/total_steps': 50000, 'training/updates': 25, 'training/sps': np.float64(18656.442), 'training/walltime': np.float64(5.885), 'training/rollout_time': np.float64(0.104), 'training/update_time': np.float64(0.003), 'training/iterations': 1.0, 'training/kl_div': 0.0004271510406397283, 'training/line_search_success': 1.0, 'training/new_policy_objective': -0.011484069749712944, 'training/policy_objective': -0.01149751991033554, 'training/value_loss': 7.290955039707114e-08}
{'eval/num_episodes': 200, 'eval/num_steps': 200, 'eval/mean_score': np.float64(0.999), 'eval/std_score': np.float64(0.01), 'eval/mean_episode_length': np.float64(1.0), 'eval/std_episode_length': np.float64(0.0), 'eval/eval_time': 0.07909607887268066}
{'training/total_steps': 52000, 'training/updates': 26, 'training/sps': np.float64(19305.637), 'training/walltime': np.float64(6.068), 'training/rollout_time': np.float64(0.1), 'training/update_time': np.float64(0.003), 'training/iterations': 1.0, 'training/kl_div': 0.000530994264408946, 'training/line_search_success': 1.0, 'training/new_policy_objective': 0.06963784992694855, 'training/policy_objective': 0.056427836418151855, 'training/value_loss': 3.974134961026721e-05}
{'eval/num_episodes': 200, 'eval/num_steps': 200, 'eval/mean_score': np.float64(1.0), 'eval/std_score': np.float64(0.0), 'eval/mean_episode_length': np.float64(1.0), 'eval/std_episode_length': np.float64(0.0), 'eval/eval_time': 0.07934308052062988}
{'training/total_steps': 54000, 'training/updates': 27, 'training/sps': np.float64(18907.016), 'training/walltime': np.float64(6.254), 'training/rollout_time': np.float64(0.103), 'training/update_time': np.float64(0.003), 'training/iterations': 1.0, 'training/kl_div': 0.0016782337334007025, 'training/line_search_success': 1.0, 'training/new_policy_objective': -0.00572770182043314, 'training/policy_objective': -0.005757903680205345, 'training/value_loss': 3.281936500343363e-08}
{'eval/num_episodes': 200, 'eval/num_steps': 200, 'eval/mean_score': np.float64(0.994), 'eval/std_score': np.float64(0.024), 'eval/mean_episode_length': np.float64(1.0), 'eval/std_episode_length': np.float64(0.0), 'eval/eval_time': 0.07612109184265137}
{'training/total_steps': 56000, 'training/updates': 28, 'training/sps': np.float64(18977.291), 'training/walltime': np.float64(6.436), 'training/rollout_time': np.float64(0.102), 'training/update_time': np.float64(0.003), 'training/iterations': 1.0, 'training/kl_div': 0.0018629325786605477, 'training/line_search_success': 1.0, 'training/new_policy_objective': 0.17748874425888062, 'training/policy_objective': 0.15048852562904358, 'training/value_loss': 0.00020672792743425816}
{'eval/num_episodes': 200, 'eval/num_steps': 200, 'eval/mean_score': np.float64(1.0), 'eval/std_score': np.float64(0.0), 'eval/mean_episode_length': np.float64(1.0), 'eval/std_episode_length': np.float64(0.0), 'eval/eval_time': 0.07729911804199219}
{'training/total_steps': 58000, 'training/updates': 29, 'training/sps': np.float64(18792.99), 'training/walltime': np.float64(6.62), 'training/rollout_time': np.float64(0.103), 'training/update_time': np.float64(0.003), 'training/iterations': 1.0, 'training/kl_div': 0.002092318143695593, 'training/line_search_success': 1.0, 'training/new_policy_objective': -0.04387587308883667, 'training/policy_objective': -0.044177569448947906, 'training/value_loss': 8.817016237117059e-07}
{'eval/num_episodes': 200, 'eval/num_steps': 200, 'eval/mean_score': np.float64(0.994), 'eval/std_score': np.float64(0.024), 'eval/mean_episode_length': np.float64(1.0), 'eval/std_episode_length': np.float64(0.0), 'eval/eval_time': 0.07532501220703125}
{'training/total_steps': 60000, 'training/updates': 30, 'training/sps': np.float64(17270.283), 'training/walltime': np.float64(6.811), 'training/rollout_time': np.float64(0.109), 'training/update_time': np.float64(0.007), 'training/iterations': 1.0, 'training/kl_div': 0.002277025254443288, 'training/line_search_success': 1.0, 'training/new_policy_objective': 0.19140201807022095, 'training/policy_objective': 0.16311205923557281, 'training/value_loss': 0.00023661016894038767}
{'eval/num_episodes': 200, 'eval/num_steps': 200, 'eval/mean_score': np.float64(1.0), 'eval/std_score': np.float64(0.0), 'eval/mean_episode_length': np.float64(1.0), 'eval/std_episode_length': np.float64(0.0), 'eval/eval_time': 0.07475709915161133}
TRAINING END: training duration: 6.886637210845947
{'final_eval/num_episodes': 200, 'final_eval/num_steps': 200, 'final_eval/mean_score': np.float64(1.0), 'final_eval/std_score': np.float64(0.0), 'final_eval/mean_episode_length': np.float64(1.0), 'final_eval/std_episode_length': np.float64(0.0)}
.0)}
