|param: value|
|experiment_name:  cleanba_ppo|
|seed:  9|
|platform:  cpu|
|write_logs_to_file:  False|
|save_model:  False|
|env_name:  bandit|
|num_envs:  8|
|num_train_levels:  200|
|distribution_mode:  easy|
|arm_means:  (1.0, 0.9)|
|deterministic_rewards:  True|
|eval_env:  True|
|num_eval_episodes:  200|
|eval_every:  1|
|deterministic_eval:  False|
|total_timesteps:  60000|
|learning_rate:  0.00025|
|adam_eps:  1e-05|
|unroll_length:  250|
|anneal_lr:  False|
|gamma:  0.99|
|gae_lambda:  0.95|
|num_minibatches:  4|
|update_epochs:  4|
|normalize_advantages:  True|
|clip_eps:  0.1|
|clip_vloss:  True|
|entropy_cost:  0.0|
|vf_cost:  0.5|
|max_grad_norm:  0.5|
|use_cnn:  False|
|policy_hidden_layer_sizes:  ()|
|value_hidden_layer_sizes:  ()|
|activation:  <jax._src.custom_derivatives.custom_jvp object at 0x11530a910>|
|policy_init_logit_bias:  [0.0, 4.0]|
{'training/total_steps': 2000, 'training/updates': 1, 'training/sps': np.float64(2168.237), 'training/walltime': np.float64(0.922), 'training/rollout_time': np.float64(0.423), 'training/update_time': np.float64(0.499), 'training/approx_kl': 1.5935293049551547e-06, 'training/entropy': 0.09104669094085693, 'training/policy_loss': -0.0017451574094593525, 'training/total_loss': 0.0651760995388031, 'training/value_loss': 0.13384252786636353}
{'eval/num_episodes': 200, 'eval/num_steps': 200, 'eval/mean_score': np.float64(0.902), 'eval/std_score': np.float64(0.016), 'eval/mean_episode_length': np.float64(1.0), 'eval/std_episode_length': np.float64(0.0), 'eval/eval_time': 0.07662701606750488}
{'training/total_steps': 4000, 'training/updates': 2, 'training/sps': np.float64(13326.504), 'training/walltime': np.float64(1.149), 'training/rollout_time': np.float64(0.141), 'training/update_time': np.float64(0.009), 'training/approx_kl': 1.262701061932603e-06, 'training/entropy': 0.09215142577886581, 'training/policy_loss': -0.0015953639522194862, 'training/total_loss': 0.0631977841258049, 'training/value_loss': 0.12958630919456482}
{'eval/num_episodes': 200, 'eval/num_steps': 200, 'eval/mean_score': np.float64(0.901), 'eval/std_score': np.float64(0.01), 'eval/mean_episode_length': np.float64(1.0), 'eval/std_episode_length': np.float64(0.0), 'eval/eval_time': 0.07677984237670898}
{'training/total_steps': 6000, 'training/updates': 3, 'training/sps': np.float64(13392.075), 'training/walltime': np.float64(1.376), 'training/rollout_time': np.float64(0.141), 'training/update_time': np.float64(0.009), 'training/approx_kl': 1.642178858674015e-06, 'training/entropy': 0.09328944981098175, 'training/policy_loss': -0.0017898869700729847, 'training/total_loss': 0.06107039004564285, 'training/value_loss': 0.1257205605506897}
{'eval/num_episodes': 200, 'eval/num_steps': 200, 'eval/mean_score': np.float64(0.901), 'eval/std_score': np.float64(0.01), 'eval/mean_episode_length': np.float64(1.0), 'eval/std_episode_length': np.float64(0.0), 'eval/eval_time': 0.07349276542663574}
{'training/total_steps': 8000, 'training/updates': 4, 'training/sps': np.float64(13468.471), 'training/walltime': np.float64(1.598), 'training/rollout_time': np.float64(0.14), 'training/update_time': np.float64(0.009), 'training/approx_kl': 1.3548852848543902e-06, 'training/entropy': 0.09444823861122131, 'training/policy_loss': -0.0016472003189846873, 'training/total_loss': 0.05920242890715599, 'training/value_loss': 0.121699258685112}
{'eval/num_episodes': 200, 'eval/num_steps': 200, 'eval/mean_score': np.float64(0.902), 'eval/std_score': np.float64(0.014), 'eval/mean_episode_length': np.float64(1.0), 'eval/std_episode_length': np.float64(0.0), 'eval/eval_time': 0.07623791694641113}
{'training/total_steps': 10000, 'training/updates': 5, 'training/sps': np.float64(13710.729), 'training/walltime': np.float64(1.821), 'training/rollout_time': np.float64(0.137), 'training/update_time': np.float64(0.008), 'training/approx_kl': 1.8324872144148685e-06, 'training/entropy': 0.09563116729259491, 'training/policy_loss': -0.0018941605230793357, 'training/total_loss': 0.057138681411743164, 'training/value_loss': 0.11806568503379822}
{'eval/num_episodes': 200, 'eval/num_steps': 200, 'eval/mean_score': np.float64(0.904), 'eval/std_score': np.float64(0.02), 'eval/mean_episode_length': np.float64(1.0), 'eval/std_episode_length': np.float64(0.0), 'eval/eval_time': 0.07579922676086426}
{'training/total_steps': 12000, 'training/updates': 6, 'training/sps': np.float64(13617.229), 'training/walltime': np.float64(2.044), 'training/rollout_time': np.float64(0.138), 'training/update_time': np.float64(0.008), 'training/approx_kl': 1.551875925542845e-06, 'training/entropy': 0.0968465805053711, 'training/policy_loss': -0.0017482362454757094, 'training/total_loss': 0.05535300448536873, 'training/value_loss': 0.11420248448848724}
{'eval/num_episodes': 200, 'eval/num_steps': 200, 'eval/mean_score': np.float64(0.902), 'eval/std_score': np.float64(0.014), 'eval/mean_episode_length': np.float64(1.0), 'eval/std_episode_length': np.float64(0.0), 'eval/eval_time': 0.07496404647827148}
{'training/total_steps': 14000, 'training/updates': 7, 'training/sps': np.float64(13204.709), 'training/walltime': np.float64(2.27), 'training/rollout_time': np.float64(0.143), 'training/update_time': np.float64(0.009), 'training/approx_kl': 1.9383412563911406e-06, 'training/entropy': 0.09809020161628723, 'training/policy_loss': -0.0019755600951611996, 'training/total_loss': 0.05339605733752251, 'training/value_loss': 0.11074323952198029}
{'eval/num_episodes': 200, 'eval/num_steps': 200, 'eval/mean_score': np.float64(0.901), 'eval/std_score': np.float64(0.012), 'eval/mean_episode_length': np.float64(1.0), 'eval/std_episode_length': np.float64(0.0), 'eval/eval_time': 0.07500600814819336}
{'training/total_steps': 16000, 'training/updates': 8, 'training/sps': np.float64(13561.423), 'training/walltime': np.float64(2.493), 'training/rollout_time': np.float64(0.139), 'training/update_time': np.float64(0.009), 'training/approx_kl': 2.2526030534208985e-06, 'training/entropy': 0.09940551221370697, 'training/policy_loss': -0.002120025921612978, 'training/total_loss': 0.05152449384331703, 'training/value_loss': 0.10728903859853745}
{'eval/num_episodes': 200, 'eval/num_steps': 200, 'eval/mean_score': np.float64(0.901), 'eval/std_score': np.float64(0.01), 'eval/mean_episode_length': np.float64(1.0), 'eval/std_episode_length': np.float64(0.0), 'eval/eval_time': 0.0746309757232666}
{'training/total_steps': 18000, 'training/updates': 9, 'training/sps': np.float64(13483.452), 'training/walltime': np.float64(2.716), 'training/rollout_time': np.float64(0.14), 'training/update_time': np.float64(0.009), 'training/approx_kl': 1.9477438399917446e-06, 'training/entropy': 0.10072251409292221, 'training/policy_loss': -0.001960484776645899, 'training/total_loss': 0.049885619431734085, 'training/value_loss': 0.1036922037601471}
{'eval/num_episodes': 200, 'eval/num_steps': 200, 'eval/mean_score': np.float64(0.903), 'eval/std_score': np.float64(0.018), 'eval/mean_episode_length': np.float64(1.0), 'eval/std_episode_length': np.float64(0.0), 'eval/eval_time': 0.07521510124206543}
{'training/total_steps': 20000, 'training/updates': 10, 'training/sps': np.float64(13745.597), 'training/walltime': np.float64(2.937), 'training/rollout_time': np.float64(0.137), 'training/update_time': np.float64(0.009), 'training/approx_kl': 1.6179485555767315e-06, 'training/entropy': 0.10198931396007538, 'training/policy_loss': -0.001804920262657106, 'training/total_loss': 0.04830050468444824, 'training/value_loss': 0.10021084547042847}
{'eval/num_episodes': 200, 'eval/num_steps': 200, 'eval/mean_score': np.float64(0.901), 'eval/std_score': np.float64(0.01), 'eval/mean_episode_length': np.float64(1.0), 'eval/std_episode_length': np.float64(0.0), 'eval/eval_time': 0.07460284233093262}
{'training/total_steps': 22000, 'training/updates': 11, 'training/sps': np.float64(13425.425), 'training/walltime': np.float64(3.161), 'training/rollout_time': np.float64(0.14), 'training/update_time': np.float64(0.009), 'training/approx_kl': 1.7159544540845673e-06, 'training/entropy': 0.10325401276350021, 'training/policy_loss': -0.0018510245718061924, 'training/total_loss': 0.04663069173693657, 'training/value_loss': 0.09696343541145325}
{'eval/num_episodes': 200, 'eval/num_steps': 200, 'eval/mean_score': np.float64(0.901), 'eval/std_score': np.float64(0.012), 'eval/mean_episode_length': np.float64(1.0), 'eval/std_episode_length': np.float64(0.0), 'eval/eval_time': 0.07450079917907715}
{'training/total_steps': 24000, 'training/updates': 12, 'training/sps': np.float64(13250.554), 'training/walltime': np.float64(3.387), 'training/rollout_time': np.float64(0.142), 'training/update_time': np.float64(0.009), 'training/approx_kl': 2.32318620874139e-06, 'training/entropy': 0.1046009361743927, 'training/policy_loss': -0.0021327442955225706, 'training/total_loss': 0.04486151412129402, 'training/value_loss': 0.09398851543664932}
{'eval/num_episodes': 200, 'eval/num_steps': 200, 'eval/mean_score': np.float64(0.902), 'eval/std_score': np.float64(0.016), 'eval/mean_episode_length': np.float64(1.0), 'eval/std_episode_length': np.float64(0.0), 'eval/eval_time': 0.07505488395690918}
{'training/total_steps': 26000, 'training/updates': 13, 'training/sps': np.float64(13785.512), 'training/walltime': np.float64(3.608), 'training/rollout_time': np.float64(0.137), 'training/update_time': np.float64(0.009), 'training/approx_kl': 2.443589437461924e-06, 'training/entropy': 0.10600976645946503, 'training/policy_loss': -0.002214062260463834, 'training/total_loss': 0.04319861903786659, 'training/value_loss': 0.09082535654306412}
{'eval/num_episodes': 200, 'eval/num_steps': 200, 'eval/mean_score': np.float64(0.902), 'eval/std_score': np.float64(0.016), 'eval/mean_episode_length': np.float64(1.0), 'eval/std_episode_length': np.float64(0.0), 'eval/eval_time': 0.07632088661193848}
{'training/total_steps': 28000, 'training/updates': 14, 'training/sps': np.float64(13009.466), 'training/walltime': np.float64(3.838), 'training/rollout_time': np.float64(0.145), 'training/update_time': np.float64(0.009), 'training/approx_kl': 1.8285057876710198e-06, 'training/entropy': 0.10738376528024673, 'training/policy_loss': -0.0019278624095022678, 'training/total_loss': 0.041862811893224716, 'training/value_loss': 0.08758135139942169}
{'eval/num_episodes': 200, 'eval/num_steps': 200, 'eval/mean_score': np.float64(0.902), 'eval/std_score': np.float64(0.016), 'eval/mean_episode_length': np.float64(1.0), 'eval/std_episode_length': np.float64(0.0), 'eval/eval_time': 0.07547521591186523}
{'training/total_steps': 30000, 'training/updates': 15, 'training/sps': np.float64(13793.672), 'training/walltime': np.float64(4.059), 'training/rollout_time': np.float64(0.136), 'training/update_time': np.float64(0.009), 'training/approx_kl': 2.565651357144816e-06, 'training/entropy': 0.10878196358680725, 'training/policy_loss': -0.0021911144722253084, 'training/total_loss': 0.04023754224181175, 'training/value_loss': 0.08485731482505798}
{'eval/num_episodes': 200, 'eval/num_steps': 200, 'eval/mean_score': np.float64(0.901), 'eval/std_score': np.float64(0.01), 'eval/mean_episode_length': np.float64(1.0), 'eval/std_episode_length': np.float64(0.0), 'eval/eval_time': 0.0748751163482666}
{'training/total_steps': 32000, 'training/updates': 16, 'training/sps': np.float64(12782.407), 'training/walltime': np.float64(4.29), 'training/rollout_time': np.float64(0.148), 'training/update_time': np.float64(0.009), 'training/approx_kl': 2.057784513453953e-06, 'training/entropy': 0.11021340638399124, 'training/policy_loss': -0.0020357039757072926, 'training/total_loss': 0.03885132074356079, 'training/value_loss': 0.08177405595779419}
{'eval/num_episodes': 200, 'eval/num_steps': 200, 'eval/mean_score': np.float64(0.901), 'eval/std_score': np.float64(0.012), 'eval/mean_episode_length': np.float64(1.0), 'eval/std_episode_length': np.float64(0.0), 'eval/eval_time': 0.0744178295135498}
{'training/total_steps': 34000, 'training/updates': 17, 'training/sps': np.float64(13760.93), 'training/walltime': np.float64(4.51), 'training/rollout_time': np.float64(0.137), 'training/update_time': np.float64(0.009), 'training/approx_kl': 2.6342404453316703e-06, 'training/entropy': 0.11167465150356293, 'training/policy_loss': -0.0022963983938097954, 'training/total_loss': 0.03728973865509033, 'training/value_loss': 0.0791722759604454}
{'eval/num_episodes': 200, 'eval/num_steps': 200, 'eval/mean_score': np.float64(0.904), 'eval/std_score': np.float64(0.02), 'eval/mean_episode_length': np.float64(1.0), 'eval/std_episode_length': np.float64(0.0), 'eval/eval_time': 0.07506704330444336}
{'training/total_steps': 36000, 'training/updates': 18, 'training/sps': np.float64(13803.977), 'training/walltime': np.float64(4.731), 'training/rollout_time': np.float64(0.136), 'training/update_time': np.float64(0.008), 'training/approx_kl': 3.111207206529798e-06, 'training/entropy': 0.11321268230676651, 'training/policy_loss': -0.0024589886888861656, 'training/total_loss': 0.03577166423201561, 'training/value_loss': 0.0764613077044487}
{'eval/num_episodes': 200, 'eval/num_steps': 200, 'eval/mean_score': np.float64(0.902), 'eval/std_score': np.float64(0.014), 'eval/mean_episode_length': np.float64(1.0), 'eval/std_episode_length': np.float64(0.0), 'eval/eval_time': 0.08377289772033691}
{'training/total_steps': 38000, 'training/updates': 19, 'training/sps': np.float64(13771.164), 'training/walltime': np.float64(4.96), 'training/rollout_time': np.float64(0.137), 'training/update_time': np.float64(0.009), 'training/approx_kl': 2.785599008348072e-06, 'training/entropy': 0.11475008726119995, 'training/policy_loss': -0.0023244062904268503, 'training/total_loss': 0.03452260047197342, 'training/value_loss': 0.07369400560855865}
{'eval/num_episodes': 200, 'eval/num_steps': 200, 'eval/mean_score': np.float64(0.901), 'eval/std_score': np.float64(0.012), 'eval/mean_episode_length': np.float64(1.0), 'eval/std_episode_length': np.float64(0.0), 'eval/eval_time': 0.07259607315063477}
{'training/total_steps': 40000, 'training/updates': 20, 'training/sps': np.float64(13496.012), 'training/walltime': np.float64(5.181), 'training/rollout_time': np.float64(0.14), 'training/update_time': np.float64(0.008), 'training/approx_kl': 1.868611207100912e-06, 'training/entropy': 0.11621198803186417, 'training/policy_loss': -0.0018734117038547993, 'training/total_loss': 0.03354362025856972, 'training/value_loss': 0.07083407044410706}
{'eval/num_episodes': 200, 'eval/num_steps': 200, 'eval/mean_score': np.float64(0.903), 'eval/std_score': np.float64(0.018), 'eval/mean_episode_length': np.float64(1.0), 'eval/std_episode_length': np.float64(0.0), 'eval/eval_time': 0.07450318336486816}
{'training/total_steps': 42000, 'training/updates': 21, 'training/sps': np.float64(13479.53), 'training/walltime': np.float64(5.404), 'training/rollout_time': np.float64(0.14), 'training/update_time': np.float64(0.009), 'training/approx_kl': 2.177972419303842e-06, 'training/entropy': 0.11764831095933914, 'training/policy_loss': -0.0020953742787241936, 'training/total_loss': 0.0321614071726799, 'training/value_loss': 0.06851355731487274}
{'eval/num_episodes': 200, 'eval/num_steps': 200, 'eval/mean_score': np.float64(0.902), 'eval/std_score': np.float64(0.014), 'eval/mean_episode_length': np.float64(1.0), 'eval/std_episode_length': np.float64(0.0), 'eval/eval_time': 0.07300782203674316}
{'training/total_steps': 44000, 'training/updates': 22, 'training/sps': np.float64(13811.0), 'training/walltime': np.float64(5.622), 'training/rollout_time': np.float64(0.136), 'training/update_time': np.float64(0.009), 'training/approx_kl': 2.431464508845238e-06, 'training/entropy': 0.11917215585708618, 'training/policy_loss': -0.0021996330469846725, 'training/total_loss': 0.0308351032435894, 'training/value_loss': 0.06606946885585785}
{'eval/num_episodes': 200, 'eval/num_steps': 200, 'eval/mean_score': np.float64(0.903), 'eval/std_score': np.float64(0.018), 'eval/mean_episode_length': np.float64(1.0), 'eval/std_episode_length': np.float64(0.0), 'eval/eval_time': 0.07322430610656738}
{'training/total_steps': 46000, 'training/updates': 23, 'training/sps': np.float64(13699.78), 'training/walltime': np.float64(5.842), 'training/rollout_time': np.float64(0.137), 'training/update_time': np.float64(0.009), 'training/approx_kl': 2.197004960180493e-06, 'training/entropy': 0.12069742381572723, 'training/policy_loss': -0.0020411466248333454, 'training/total_loss': 0.029755128547549248, 'training/value_loss': 0.06359254568815231}
{'eval/num_episodes': 200, 'eval/num_steps': 200, 'eval/mean_score': np.float64(0.904), 'eval/std_score': np.float64(0.02), 'eval/mean_episode_length': np.float64(1.0), 'eval/std_episode_length': np.float64(0.0), 'eval/eval_time': 0.07604002952575684}
{'training/total_steps': 48000, 'training/updates': 24, 'training/sps': np.float64(10710.602), 'training/walltime': np.float64(6.105), 'training/rollout_time': np.float64(0.178), 'training/update_time': np.float64(0.009), 'training/approx_kl': 1.3995515928399982e-06, 'training/entropy': 0.12211818248033524, 'training/policy_loss': -0.0016469983384013176, 'training/total_loss': 0.02886730432510376, 'training/value_loss': 0.061028607189655304}
{'eval/num_episodes': 200, 'eval/num_steps': 200, 'eval/mean_score': np.float64(0.904), 'eval/std_score': np.float64(0.02), 'eval/mean_episode_length': np.float64(1.0), 'eval/std_episode_length': np.float64(0.0), 'eval/eval_time': 0.07383012771606445}
{'training/total_steps': 50000, 'training/updates': 25, 'training/sps': np.float64(13710.752), 'training/walltime': np.float64(6.325), 'training/rollout_time': np.float64(0.137), 'training/update_time': np.float64(0.009), 'training/approx_kl': 2.1583400666713715e-06, 'training/entropy': 0.12358170747756958, 'training/policy_loss': -0.002082610037177801, 'training/total_loss': 0.027470014989376068, 'training/value_loss': 0.059105247259140015}
{'eval/num_episodes': 200, 'eval/num_steps': 200, 'eval/mean_score': np.float64(0.903), 'eval/std_score': np.float64(0.017), 'eval/mean_episode_length': np.float64(1.0), 'eval/std_episode_length': np.float64(0.0), 'eval/eval_time': 0.0730581283569336}
{'training/total_steps': 52000, 'training/updates': 26, 'training/sps': np.float64(13555.265), 'training/walltime': np.float64(6.546), 'training/rollout_time': np.float64(0.139), 'training/update_time': np.float64(0.009), 'training/approx_kl': 3.2904913496167865e-06, 'training/entropy': 0.12523992359638214, 'training/policy_loss': -0.0025809991639107466, 'training/total_loss': 0.025977175682783127, 'training/value_loss': 0.057116348296403885}
{'eval/num_episodes': 200, 'eval/num_steps': 200, 'eval/mean_score': np.float64(0.902), 'eval/std_score': np.float64(0.016), 'eval/mean_episode_length': np.float64(1.0), 'eval/std_episode_length': np.float64(0.0), 'eval/eval_time': 0.07366204261779785}
{'training/total_steps': 54000, 'training/updates': 27, 'training/sps': np.float64(13819.373), 'training/walltime': np.float64(6.765), 'training/rollout_time': np.float64(0.136), 'training/update_time': np.float64(0.009), 'training/approx_kl': 3.2601878956484143e-06, 'training/entropy': 0.1269749402999878, 'training/policy_loss': -0.0025367741473019123, 'training/total_loss': 0.024903323501348495, 'training/value_loss': 0.05488019436597824}
{'eval/num_episodes': 200, 'eval/num_steps': 200, 'eval/mean_score': np.float64(0.903), 'eval/std_score': np.float64(0.018), 'eval/mean_episode_length': np.float64(1.0), 'eval/std_episode_length': np.float64(0.0), 'eval/eval_time': 0.0742189884185791}
{'training/total_steps': 56000, 'training/updates': 28, 'training/sps': np.float64(11311.454), 'training/walltime': np.float64(7.016), 'training/rollout_time': np.float64(0.166), 'training/update_time': np.float64(0.01), 'training/approx_kl': 2.3335974219662603e-06, 'training/entropy': 0.12864068150520325, 'training/policy_loss': -0.0021592602133750916, 'training/total_loss': 0.024150140583515167, 'training/value_loss': 0.05261880159378052}
{'eval/num_episodes': 200, 'eval/num_steps': 200, 'eval/mean_score': np.float64(0.902), 'eval/std_score': np.float64(0.016), 'eval/mean_episode_length': np.float64(1.0), 'eval/std_episode_length': np.float64(0.0), 'eval/eval_time': 0.07798099517822266}
{'training/total_steps': 58000, 'training/updates': 29, 'training/sps': np.float64(13821.604), 'training/walltime': np.float64(7.239), 'training/rollout_time': np.float64(0.136), 'training/update_time': np.float64(0.009), 'training/approx_kl': 2.809102625178639e-06, 'training/entropy': 0.13029636442661285, 'training/policy_loss': -0.0023509878665208817, 'training/total_loss': 0.023035194724798203, 'training/value_loss': 0.05077236145734787}
{'eval/num_episodes': 200, 'eval/num_steps': 200, 'eval/mean_score': np.float64(0.903), 'eval/std_score': np.float64(0.018), 'eval/mean_episode_length': np.float64(1.0), 'eval/std_episode_length': np.float64(0.0), 'eval/eval_time': 0.07277679443359375}
{'training/total_steps': 60000, 'training/updates': 30, 'training/sps': np.float64(13762.443), 'training/walltime': np.float64(7.457), 'training/rollout_time': np.float64(0.137), 'training/update_time': np.float64(0.009), 'training/approx_kl': 2.663236045918893e-06, 'training/entropy': 0.1319914162158966, 'training/policy_loss': -0.0022986275143921375, 'training/total_loss': 0.0220835879445076, 'training/value_loss': 0.0487644337117672}
{'eval/num_episodes': 200, 'eval/num_steps': 200, 'eval/mean_score': np.float64(0.902), 'eval/std_score': np.float64(0.014), 'eval/mean_episode_length': np.float64(1.0), 'eval/std_episode_length': np.float64(0.0), 'eval/eval_time': 0.07523393630981445}
TRAINING END: training duration: 7.5327699184417725
{'final_eval/num_episodes': 200, 'final_eval/num_steps': 200, 'final_eval/mean_score': np.float64(0.8999999761581421), 'final_eval/std_score': np.float64(0.0), 'final_eval/mean_episode_length': np.float64(1.0), 'final_eval/std_episode_length': np.float64(0.0)}
.0)}
