|param: value|
|experiment_name:  reinforce_procgen|
|seed:  9|
|platform:  cpu|
|write_logs_to_file:  False|
|save_model:  False|
|env_name:  bandit|
|num_envs:  1|
|num_train_levels:  200|
|distribution_mode:  easy|
|arm_means:  (1.0, 0.9)|
|deterministic_rewards:  True|
|eval_env:  True|
|num_eval_episodes:  200|
|eval_every:  1|
|deterministic_eval:  False|
|normalize_observations:  True|
|total_timesteps:  60000|
|learning_rate:  0.5|
|optimizer:  sgd|
|unroll_length:  2048|
|anneal_lr:  False|
|gamma:  0.99|
|batch_size:  1|
|num_minibatches:  1|
|update_epochs:  1|
|entropy_cost:  0.0|
|max_grad_norm:  0.5|
|reward_scaling:  1.0|
|use_cnn:  False|
|policy_hidden_layer_sizes:  ()|
|value_hidden_layer_sizes:  ()|
|activation:  <jax._src.custom_derivatives.custom_jvp object at 0x11530a910>|
|policy_init_logit_bias:  [0.0, 4.0]|
{'training/total_steps': 2000, 'training/updates': 1, 'training/sps': np.float64(1914.116), 'training/walltime': np.float64(1.045), 'training/rollout_time': np.float64(0.464), 'training/update_time': np.float64(0.581), 'training/approx_kl': 0.0, 'training/entropy': 0.09009480476379395, 'training/policy_loss': 0.1805112063884735, 'training/total_loss': 2.1205623149871826, 'training/value_loss': 3.8801021575927734}
{'eval/num_episodes': 200, 'eval/num_steps': 200, 'eval/mean_score': np.float64(0.901), 'eval/std_score': np.float64(0.012), 'eval/mean_episode_length': np.float64(1.0), 'eval/std_episode_length': np.float64(0.0), 'eval/eval_time': 0.07017302513122559}
{'training/total_steps': 4000, 'training/updates': 2, 'training/sps': np.float64(6365.702), 'training/walltime': np.float64(1.43), 'training/rollout_time': np.float64(0.313), 'training/update_time': np.float64(0.002), 'training/approx_kl': 0.0, 'training/entropy': 0.09011411666870117, 'training/policy_loss': 0.15963400900363922, 'training/total_loss': 1.4660227298736572, 'training/value_loss': 2.6127774715423584}
{'eval/num_episodes': 200, 'eval/num_steps': 200, 'eval/mean_score': np.float64(0.902), 'eval/std_score': np.float64(0.014), 'eval/mean_episode_length': np.float64(1.0), 'eval/std_episode_length': np.float64(0.0), 'eval/eval_time': 0.11025309562683105}
{'training/total_steps': 6000, 'training/updates': 3, 'training/sps': np.float64(3948.684), 'training/walltime': np.float64(2.047), 'training/rollout_time': np.float64(0.505), 'training/update_time': np.float64(0.002), 'training/approx_kl': 0.0, 'training/entropy': 0.09022219479084015, 'training/policy_loss': 0.11001354455947876, 'training/total_loss': 0.9070442318916321, 'training/value_loss': 1.5940613746643066}
{'eval/num_episodes': 200, 'eval/num_steps': 200, 'eval/mean_score': np.float64(0.902), 'eval/std_score': np.float64(0.016), 'eval/mean_episode_length': np.float64(1.0), 'eval/std_episode_length': np.float64(0.0), 'eval/eval_time': 0.07788276672363281}
{'training/total_steps': 8000, 'training/updates': 4, 'training/sps': np.float64(5822.673), 'training/walltime': np.float64(2.469), 'training/rollout_time': np.float64(0.342), 'training/update_time': np.float64(0.002), 'training/approx_kl': 0.0, 'training/entropy': 0.09018366038799286, 'training/policy_loss': 0.09708744287490845, 'training/total_loss': 0.5106403827667236, 'training/value_loss': 0.8271058797836304}
{'eval/num_episodes': 200, 'eval/num_steps': 200, 'eval/mean_score': np.float64(0.902), 'eval/std_score': np.float64(0.014), 'eval/mean_episode_length': np.float64(1.0), 'eval/std_episode_length': np.float64(0.0), 'eval/eval_time': 0.07581901550292969}
{'training/total_steps': 10000, 'training/updates': 5, 'training/sps': np.float64(2932.823), 'training/walltime': np.float64(3.227), 'training/rollout_time': np.float64(0.68), 'training/update_time': np.float64(0.001), 'training/approx_kl': 0.0, 'training/entropy': 0.09039123356342316, 'training/policy_loss': 0.05845734849572182, 'training/total_loss': 0.21292074024677277, 'training/value_loss': 0.3089267611503601}
{'eval/num_episodes': 200, 'eval/num_steps': 200, 'eval/mean_score': np.float64(0.901), 'eval/std_score': np.float64(0.012), 'eval/mean_episode_length': np.float64(1.0), 'eval/std_episode_length': np.float64(0.0), 'eval/eval_time': 0.07567501068115234}
{'training/total_steps': 12000, 'training/updates': 6, 'training/sps': np.float64(5362.333), 'training/walltime': np.float64(3.676), 'training/rollout_time': np.float64(0.371), 'training/update_time': np.float64(0.002), 'training/approx_kl': 0.0, 'training/entropy': 0.0905771404504776, 'training/policy_loss': 0.024672819301486015, 'training/total_loss': 0.045160748064517975, 'training/value_loss': 0.04097585752606392}
{'eval/num_episodes': 200, 'eval/num_steps': 200, 'eval/mean_score': np.float64(0.9), 'eval/std_score': np.float64(0.007), 'eval/mean_episode_length': np.float64(1.0), 'eval/std_episode_length': np.float64(0.0), 'eval/eval_time': 0.16617393493652344}
{'training/total_steps': 14000, 'training/updates': 7, 'training/sps': np.float64(3660.804), 'training/walltime': np.float64(4.389), 'training/rollout_time': np.float64(0.545), 'training/update_time': np.float64(0.001), 'training/approx_kl': 0.0, 'training/entropy': 0.09080417454242706, 'training/policy_loss': 0.008435757830739021, 'training/total_loss': 0.008541027083992958, 'training/value_loss': 0.00021053801174275577}
{'eval/num_episodes': 200, 'eval/num_steps': 200, 'eval/mean_score': np.float64(0.9), 'eval/std_score': np.float64(0.0), 'eval/mean_episode_length': np.float64(1.0), 'eval/std_episode_length': np.float64(0.0), 'eval/eval_time': 0.0908660888671875}
{'training/total_steps': 16000, 'training/updates': 8, 'training/sps': np.float64(3379.358), 'training/walltime': np.float64(5.072), 'training/rollout_time': np.float64(0.59), 'training/update_time': np.float64(0.002), 'training/approx_kl': 0.0, 'training/entropy': 0.09110409766435623, 'training/policy_loss': 0.009756671264767647, 'training/total_loss': 0.009878607466816902, 'training/value_loss': 0.00024387257872149348}
{'eval/num_episodes': 200, 'eval/num_steps': 200, 'eval/mean_score': np.float64(0.9), 'eval/std_score': np.float64(0.007), 'eval/mean_episode_length': np.float64(1.0), 'eval/std_episode_length': np.float64(0.0), 'eval/eval_time': 0.0863947868347168}
{'training/total_steps': 18000, 'training/updates': 9, 'training/sps': np.float64(5679.429), 'training/walltime': np.float64(5.511), 'training/rollout_time': np.float64(0.351), 'training/update_time': np.float64(0.001), 'training/approx_kl': 0.0, 'training/entropy': 0.09145308285951614, 'training/policy_loss': 0.00658355513587594, 'training/total_loss': 0.00666743004694581, 'training/value_loss': 0.00016775006952229887}
{'eval/num_episodes': 200, 'eval/num_steps': 200, 'eval/mean_score': np.float64(0.901), 'eval/std_score': np.float64(0.012), 'eval/mean_episode_length': np.float64(1.0), 'eval/std_episode_length': np.float64(0.0), 'eval/eval_time': 0.07873010635375977}
{'training/total_steps': 20000, 'training/updates': 10, 'training/sps': np.float64(5538.783), 'training/walltime': np.float64(5.951), 'training/rollout_time': np.float64(0.359), 'training/update_time': np.float64(0.002), 'training/approx_kl': 0.0, 'training/entropy': 0.09169285744428635, 'training/policy_loss': 0.00920043233782053, 'training/total_loss': 0.009315382689237595, 'training/value_loss': 0.00022990013530943543}
{'eval/num_episodes': 200, 'eval/num_steps': 200, 'eval/mean_score': np.float64(0.901), 'eval/std_score': np.float64(0.01), 'eval/mean_episode_length': np.float64(1.0), 'eval/std_episode_length': np.float64(0.0), 'eval/eval_time': 0.08091211318969727}
{'training/total_steps': 22000, 'training/updates': 11, 'training/sps': np.float64(5602.868), 'training/walltime': np.float64(6.39), 'training/rollout_time': np.float64(0.356), 'training/update_time': np.float64(0.001), 'training/approx_kl': 0.0, 'training/entropy': 0.09202336519956589, 'training/policy_loss': 0.007947588339447975, 'training/total_loss': 0.008048032410442829, 'training/value_loss': 0.0002008876617765054}
{'eval/num_episodes': 200, 'eval/num_steps': 200, 'eval/mean_score': np.float64(0.901), 'eval/std_score': np.float64(0.01), 'eval/mean_episode_length': np.float64(1.0), 'eval/std_episode_length': np.float64(0.0), 'eval/eval_time': 0.07796406745910645}
{'training/total_steps': 24000, 'training/updates': 12, 'training/sps': np.float64(6027.745), 'training/walltime': np.float64(6.8), 'training/rollout_time': np.float64(0.33), 'training/update_time': np.float64(0.002), 'training/approx_kl': 0.0, 'training/entropy': 0.09231287986040115, 'training/policy_loss': 0.008946136571466923, 'training/total_loss': 0.009058522991836071, 'training/value_loss': 0.0002247725351480767}
{'eval/num_episodes': 200, 'eval/num_steps': 200, 'eval/mean_score': np.float64(0.901), 'eval/std_score': np.float64(0.01), 'eval/mean_episode_length': np.float64(1.0), 'eval/std_episode_length': np.float64(0.0), 'eval/eval_time': 0.07991242408752441}
{'training/total_steps': 26000, 'training/updates': 13, 'training/sps': np.float64(6027.49), 'training/walltime': np.float64(7.212), 'training/rollout_time': np.float64(0.33), 'training/update_time': np.float64(0.002), 'training/approx_kl': 0.0, 'training/entropy': 0.09263823181390762, 'training/policy_loss': 0.005600267089903355, 'training/total_loss': 0.005672077182680368, 'training/value_loss': 0.00014362006913870573}
{'eval/num_episodes': 200, 'eval/num_steps': 200, 'eval/mean_score': np.float64(0.904), 'eval/std_score': np.float64(0.02), 'eval/mean_episode_length': np.float64(1.0), 'eval/std_episode_length': np.float64(0.0), 'eval/eval_time': 0.07747197151184082}
{'training/total_steps': 28000, 'training/updates': 14, 'training/sps': np.float64(5977.504), 'training/walltime': np.float64(7.624), 'training/rollout_time': np.float64(0.333), 'training/update_time': np.float64(0.002), 'training/approx_kl': 0.0, 'training/entropy': 0.09284598380327225, 'training/policy_loss': 0.007622513920068741, 'training/total_loss': 0.007718237582594156, 'training/value_loss': 0.0001914476597448811}
{'eval/num_episodes': 200, 'eval/num_steps': 200, 'eval/mean_score': np.float64(0.901), 'eval/std_score': np.float64(0.01), 'eval/mean_episode_length': np.float64(1.0), 'eval/std_episode_length': np.float64(0.0), 'eval/eval_time': 0.07186627388000488}
{'training/total_steps': 30000, 'training/updates': 15, 'training/sps': np.float64(6505.439), 'training/walltime': np.float64(8.004), 'training/rollout_time': np.float64(0.306), 'training/update_time': np.float64(0.001), 'training/approx_kl': 0.0, 'training/entropy': 0.0931241512298584, 'training/policy_loss': 0.008152075111865997, 'training/total_loss': 0.008254881016910076, 'training/value_loss': 0.00020561263954732567}
{'eval/num_episodes': 200, 'eval/num_steps': 200, 'eval/mean_score': np.float64(0.901), 'eval/std_score': np.float64(0.01), 'eval/mean_episode_length': np.float64(1.0), 'eval/std_episode_length': np.float64(0.0), 'eval/eval_time': 0.07027196884155273}
{'training/total_steps': 32000, 'training/updates': 16, 'training/sps': np.float64(5873.643), 'training/walltime': np.float64(8.415), 'training/rollout_time': np.float64(0.339), 'training/update_time': np.float64(0.002), 'training/approx_kl': 0.0, 'training/entropy': 0.09342391043901443, 'training/policy_loss': 0.006766945123672485, 'training/total_loss': 0.0068529751151800156, 'training/value_loss': 0.00017206008487846702}
{'eval/num_episodes': 200, 'eval/num_steps': 200, 'eval/mean_score': np.float64(0.903), 'eval/std_score': np.float64(0.018), 'eval/mean_episode_length': np.float64(1.0), 'eval/std_episode_length': np.float64(0.0), 'eval/eval_time': 0.07201409339904785}
{'training/total_steps': 34000, 'training/updates': 17, 'training/sps': np.float64(5368.826), 'training/walltime': np.float64(8.86), 'training/rollout_time': np.float64(0.371), 'training/update_time': np.float64(0.002), 'training/approx_kl': 0.0, 'training/entropy': 0.09367544949054718, 'training/policy_loss': 0.006206874269992113, 'training/total_loss': 0.006285605486482382, 'training/value_loss': 0.00015746254939585924}
{'eval/num_episodes': 200, 'eval/num_steps': 200, 'eval/mean_score': np.float64(0.901), 'eval/std_score': np.float64(0.01), 'eval/mean_episode_length': np.float64(1.0), 'eval/std_episode_length': np.float64(0.0), 'eval/eval_time': 0.07507777214050293}
{'training/total_steps': 36000, 'training/updates': 18, 'training/sps': np.float64(6100.371), 'training/walltime': np.float64(9.263), 'training/rollout_time': np.float64(0.326), 'training/update_time': np.float64(0.002), 'training/approx_kl': 0.0, 'training/entropy': 0.09390623867511749, 'training/policy_loss': 0.0077754738740623, 'training/total_loss': 0.007873553782701492, 'training/value_loss': 0.00019616010831668973}
{'eval/num_episodes': 200, 'eval/num_steps': 200, 'eval/mean_score': np.float64(0.901), 'eval/std_score': np.float64(0.01), 'eval/mean_episode_length': np.float64(1.0), 'eval/std_episode_length': np.float64(0.0), 'eval/eval_time': 0.07567191123962402}
{'training/total_steps': 38000, 'training/updates': 19, 'training/sps': np.float64(5543.424), 'training/walltime': np.float64(9.7), 'training/rollout_time': np.float64(0.359), 'training/update_time': np.float64(0.002), 'training/approx_kl': 0.0, 'training/entropy': 0.09419441223144531, 'training/policy_loss': 0.006951857823878527, 'training/total_loss': 0.007040258031338453, 'training/value_loss': 0.00017680009477771819}
{'eval/num_episodes': 200, 'eval/num_steps': 200, 'eval/mean_score': np.float64(0.902), 'eval/std_score': np.float64(0.014), 'eval/mean_episode_length': np.float64(1.0), 'eval/std_episode_length': np.float64(0.0), 'eval/eval_time': 0.07799196243286133}
{'training/total_steps': 40000, 'training/updates': 20, 'training/sps': np.float64(6025.494), 'training/walltime': np.float64(10.11), 'training/rollout_time': np.float64(0.33), 'training/update_time': np.float64(0.002), 'training/approx_kl': 0.0, 'training/entropy': 0.09445476531982422, 'training/policy_loss': 0.007352442946285009, 'training/total_loss': 0.007445643190294504, 'training/value_loss': 0.0001864000951172784}
{'eval/num_episodes': 200, 'eval/num_steps': 200, 'eval/mean_score': np.float64(0.902), 'eval/std_score': np.float64(0.016), 'eval/mean_episode_length': np.float64(1.0), 'eval/std_episode_length': np.float64(0.0), 'eval/eval_time': 0.07655501365661621}
{'training/total_steps': 42000, 'training/updates': 21, 'training/sps': np.float64(4895.41), 'training/walltime': np.float64(10.596), 'training/rollout_time': np.float64(0.406), 'training/update_time': np.float64(0.003), 'training/approx_kl': 0.0, 'training/entropy': 0.0947299674153328, 'training/policy_loss': 0.006948040332645178, 'training/total_loss': 0.007036425173282623, 'training/value_loss': 0.00017677005962468684}
{'eval/num_episodes': 200, 'eval/num_steps': 200, 'eval/mean_score': np.float64(0.904), 'eval/std_score': np.float64(0.02), 'eval/mean_episode_length': np.float64(1.0), 'eval/std_episode_length': np.float64(0.0), 'eval/eval_time': 0.12687015533447266}
{'training/total_steps': 44000, 'training/updates': 22, 'training/sps': np.float64(4872.641), 'training/walltime': np.float64(11.134), 'training/rollout_time': np.float64(0.409), 'training/update_time': np.float64(0.001), 'training/approx_kl': 0.0, 'training/entropy': 0.09499169886112213, 'training/policy_loss': 0.008309152908623219, 'training/total_loss': 0.008414402604103088, 'training/value_loss': 0.0002105001622112468}
{'eval/num_episodes': 200, 'eval/num_steps': 200, 'eval/mean_score': np.float64(0.9), 'eval/std_score': np.float64(0.007), 'eval/mean_episode_length': np.float64(1.0), 'eval/std_episode_length': np.float64(0.0), 'eval/eval_time': 0.08374977111816406}
{'training/total_steps': 46000, 'training/updates': 23, 'training/sps': np.float64(6109.301), 'training/walltime': np.float64(11.545), 'training/rollout_time': np.float64(0.326), 'training/update_time': np.float64(0.002), 'training/approx_kl': 0.0, 'training/entropy': 0.09530426561832428, 'training/policy_loss': 0.007298123557120562, 'training/total_loss': 0.007391349878162146, 'training/value_loss': 0.00018645254021976143}
{'eval/num_episodes': 200, 'eval/num_steps': 200, 'eval/mean_score': np.float64(0.901), 'eval/std_score': np.float64(0.012), 'eval/mean_episode_length': np.float64(1.0), 'eval/std_episode_length': np.float64(0.0), 'eval/eval_time': 0.0736398696899414}
{'training/total_steps': 48000, 'training/updates': 24, 'training/sps': np.float64(5479.72), 'training/walltime': np.float64(11.984), 'training/rollout_time': np.float64(0.363), 'training/update_time': np.float64(0.002), 'training/approx_kl': 0.0, 'training/entropy': 0.09558183699846268, 'training/policy_loss': 0.006153879687190056, 'training/total_loss': 0.006232644896954298, 'training/value_loss': 0.0001575300411786884}
{'eval/num_episodes': 200, 'eval/num_steps': 200, 'eval/mean_score': np.float64(0.902), 'eval/std_score': np.float64(0.016), 'eval/mean_episode_length': np.float64(1.0), 'eval/std_episode_length': np.float64(0.0), 'eval/eval_time': 0.0735018253326416}
{'training/total_steps': 50000, 'training/updates': 25, 'training/sps': np.float64(6041.803), 'training/walltime': np.float64(12.389), 'training/rollout_time': np.float64(0.329), 'training/update_time': np.float64(0.002), 'training/approx_kl': 0.0, 'training/entropy': 0.09581688046455383, 'training/policy_loss': 0.006173629313707352, 'training/total_loss': 0.006252349354326725, 'training/value_loss': 0.00015744012489449233}
{'eval/num_episodes': 200, 'eval/num_steps': 200, 'eval/mean_score': np.float64(0.903), 'eval/std_score': np.float64(0.017), 'eval/mean_episode_length': np.float64(1.0), 'eval/std_episode_length': np.float64(0.0), 'eval/eval_time': 0.07674074172973633}
{'training/total_steps': 52000, 'training/updates': 26, 'training/sps': np.float64(6042.207), 'training/walltime': np.float64(12.797), 'training/rollout_time': np.float64(0.33), 'training/update_time': np.float64(0.001), 'training/approx_kl': 0.0, 'training/entropy': 0.09605258703231812, 'training/policy_loss': 0.0094625074416399, 'training/total_loss': 0.009582367725670338, 'training/value_loss': 0.00023972016060724854}
{'eval/num_episodes': 200, 'eval/num_steps': 200, 'eval/mean_score': np.float64(0.902), 'eval/std_score': np.float64(0.014), 'eval/mean_episode_length': np.float64(1.0), 'eval/std_episode_length': np.float64(0.0), 'eval/eval_time': 0.07732605934143066}
{'training/total_steps': 54000, 'training/updates': 27, 'training/sps': np.float64(5681.318), 'training/walltime': np.float64(13.227), 'training/rollout_time': np.float64(0.351), 'training/update_time': np.float64(0.001), 'training/approx_kl': 0.0, 'training/entropy': 0.09641170501708984, 'training/policy_loss': 0.00800970010459423, 'training/total_loss': 0.008112556301057339, 'training/value_loss': 0.000205712640308775}
{'eval/num_episodes': 200, 'eval/num_steps': 200, 'eval/mean_score': np.float64(0.902), 'eval/std_score': np.float64(0.014), 'eval/mean_episode_length': np.float64(1.0), 'eval/std_episode_length': np.float64(0.0), 'eval/eval_time': 0.07239580154418945}
{'training/total_steps': 56000, 'training/updates': 28, 'training/sps': np.float64(6143.714), 'training/walltime': np.float64(13.625), 'training/rollout_time': np.float64(0.324), 'training/update_time': np.float64(0.002), 'training/approx_kl': 0.0, 'training/entropy': 0.09672093391418457, 'training/policy_loss': 0.011306864209473133, 'training/total_loss': 0.011450374498963356, 'training/value_loss': 0.00028702017152681947}
{'eval/num_episodes': 200, 'eval/num_steps': 200, 'eval/mean_score': np.float64(0.902), 'eval/std_score': np.float64(0.014), 'eval/mean_episode_length': np.float64(1.0), 'eval/std_episode_length': np.float64(0.0), 'eval/eval_time': 0.07565689086914062}
{'training/total_steps': 58000, 'training/updates': 29, 'training/sps': np.float64(5437.914), 'training/walltime': np.float64(14.069), 'training/rollout_time': np.float64(0.366), 'training/update_time': np.float64(0.001), 'training/approx_kl': 0.0, 'training/entropy': 0.09715460240840912, 'training/policy_loss': 0.007938480004668236, 'training/total_loss': 0.00804163608700037, 'training/value_loss': 0.00020631254301406443}
{'eval/num_episodes': 200, 'eval/num_steps': 200, 'eval/mean_score': np.float64(0.901), 'eval/std_score': np.float64(0.012), 'eval/mean_episode_length': np.float64(1.0), 'eval/std_episode_length': np.float64(0.0), 'eval/eval_time': 0.07378530502319336}
{'training/total_steps': 60000, 'training/updates': 30, 'training/sps': np.float64(6136.626), 'training/walltime': np.float64(14.469), 'training/rollout_time': np.float64(0.324), 'training/update_time': np.float64(0.002), 'training/approx_kl': 0.0, 'training/entropy': 0.09746599197387695, 'training/policy_loss': 0.009167944081127644, 'training/total_loss': 0.009285109117627144, 'training/value_loss': 0.00023433013120666146}
{'eval/num_episodes': 200, 'eval/num_steps': 200, 'eval/mean_score': np.float64(0.901), 'eval/std_score': np.float64(0.012), 'eval/mean_episode_length': np.float64(1.0), 'eval/std_episode_length': np.float64(0.0), 'eval/eval_time': 0.0748589038848877}
TRAINING END: training duration: 14.544613122940063
{'final_eval/num_episodes': 200, 'final_eval/num_steps': 200, 'final_eval/mean_score': np.float64(0.8999999761581421), 'final_eval/std_score': np.float64(0.0), 'final_eval/mean_episode_length': np.float64(1.0), 'final_eval/std_episode_length': np.float64(0.0)}
0.0)}
