|param: value|
|experiment_name:  trpo_procgen|
|seed:  9|
|platform:  cpu|
|write_logs_to_file:  False|
|save_model:  False|
|env_name:  bandit|
|num_envs:  8|
|num_train_levels:  200|
|distribution_mode:  easy|
|arm_means:  (1.0, 0.9)|
|deterministic_rewards:  True|
|eval_env:  True|
|num_eval_episodes:  200|
|eval_every:  1|
|deterministic_eval:  False|
|normalize_observations:  True|
|total_timesteps:  60000|
|learning_rate:  0.01|
|unroll_length:  250|
|anneal_lr:  False|
|gamma:  0.99|
|gae_lambda:  0.95|
|batch_size:  1|
|num_minibatches:  8|
|update_epochs:  10|
|normalize_advantages:  True|
|target_kl:  0.01|
|cg_damping:  0.1|
|cg_max_iterations:  10|
|line_search_max_iter:  10|
|line_search_shrinking_factor:  0.8|
|vf_cost:  1.0|
|max_grad_norm:  0.5|
|reward_scaling:  1.0|
|use_cnn:  False|
|policy_hidden_layer_sizes:  ()|
|value_hidden_layer_sizes:  ()|
|activation:  <jax._src.custom_derivatives.custom_jvp object at 0x11530a910>|
|policy_init_logit_bias:  [0.0, 4.0]|
|entropy_cost:  0.0|
{'training/total_steps': 2000, 'training/updates': 1, 'training/sps': np.float64(1410.628), 'training/walltime': np.float64(1.418), 'training/rollout_time': np.float64(0.124), 'training/update_time': np.float64(1.294), 'training/iterations': 1.0, 'training/kl_div': 0.00820998940616846, 'training/line_search_success': 1.0, 'training/new_policy_objective': 1.22444748878479, 'training/policy_objective': 0.8866632580757141, 'training/value_loss': 0.8029533624649048}
{'eval/num_episodes': 200, 'eval/num_steps': 200, 'eval/mean_score': np.float64(0.931), 'eval/std_score': np.float64(0.046), 'eval/mean_episode_length': np.float64(1.0), 'eval/std_episode_length': np.float64(0.0), 'eval/eval_time': 0.07493400573730469}
{'training/total_steps': 4000, 'training/updates': 2, 'training/sps': np.float64(19091.834), 'training/walltime': np.float64(1.617), 'training/rollout_time': np.float64(0.101), 'training/update_time': np.float64(0.004), 'training/iterations': 1.0, 'training/kl_div': 0.008749907836318016, 'training/line_search_success': 1.0, 'training/new_policy_objective': 0.5961841344833374, 'training/policy_objective': 0.4705522060394287, 'training/value_loss': 0.009286914020776749}
{'eval/num_episodes': 200, 'eval/num_steps': 200, 'eval/mean_score': np.float64(0.985), 'eval/std_score': np.float64(0.036), 'eval/mean_episode_length': np.float64(1.0), 'eval/std_episode_length': np.float64(0.0), 'eval/eval_time': 0.07493400573730469}
{'training/total_steps': 6000, 'training/updates': 3, 'training/sps': np.float64(19399.034), 'training/walltime': np.float64(1.795), 'training/rollout_time': np.float64(0.1), 'training/update_time': np.float64(0.003), 'training/iterations': 1.0, 'training/kl_div': 0.004530307836830616, 'training/line_search_success': 1.0, 'training/new_policy_objective': 0.3059043884277344, 'training/policy_objective': 0.2566247582435608, 'training/value_loss': 0.0007794320699758828}
{'eval/num_episodes': 200, 'eval/num_steps': 200, 'eval/mean_score': np.float64(1.0), 'eval/std_score': np.float64(0.0), 'eval/mean_episode_length': np.float64(1.0), 'eval/std_episode_length': np.float64(0.0), 'eval/eval_time': 0.07601571083068848}
{'training/total_steps': 8000, 'training/updates': 4, 'training/sps': np.float64(19659.679), 'training/walltime': np.float64(1.974), 'training/rollout_time': np.float64(0.098), 'training/update_time': np.float64(0.003), 'training/iterations': 1.0, 'training/kl_div': 0.0010639256797730923, 'training/line_search_success': 1.0, 'training/new_policy_objective': -0.06178457289934158, 'training/policy_objective': -0.10168357193470001, 'training/value_loss': 2.043277709162794e-05}
{'eval/num_episodes': 200, 'eval/num_steps': 200, 'eval/mean_score': np.float64(0.999), 'eval/std_score': np.float64(0.01), 'eval/mean_episode_length': np.float64(1.0), 'eval/std_episode_length': np.float64(0.0), 'eval/eval_time': 0.07943606376647949}
{'training/total_steps': 10000, 'training/updates': 5, 'training/sps': np.float64(19292.672), 'training/walltime': np.float64(2.157), 'training/rollout_time': np.float64(0.1), 'training/update_time': np.float64(0.003), 'training/iterations': 1.0, 'training/kl_div': 0.0010552476160228252, 'training/line_search_success': 1.0, 'training/new_policy_objective': 0.04722997546195984, 'training/policy_objective': 0.030665811151266098, 'training/value_loss': 3.230851507396437e-05}
{'eval/num_episodes': 200, 'eval/num_steps': 200, 'eval/mean_score': np.float64(0.999), 'eval/std_score': np.float64(0.007), 'eval/mean_episode_length': np.float64(1.0), 'eval/std_episode_length': np.float64(0.0), 'eval/eval_time': 0.07458090782165527}
{'training/total_steps': 12000, 'training/updates': 6, 'training/sps': np.float64(19217.844), 'training/walltime': np.float64(2.336), 'training/rollout_time': np.float64(0.101), 'training/update_time': np.float64(0.003), 'training/iterations': 1.0, 'training/kl_div': 0.0009490700904279947, 'training/line_search_success': 1.0, 'training/new_policy_objective': 0.010936048813164234, 'training/policy_objective': -0.031087437644600868, 'training/value_loss': 1.496184995630756e-05}
{'eval/num_episodes': 200, 'eval/num_steps': 200, 'eval/mean_score': np.float64(1.0), 'eval/std_score': np.float64(0.0), 'eval/mean_episode_length': np.float64(1.0), 'eval/std_episode_length': np.float64(0.0), 'eval/eval_time': 0.07411479949951172}
{'training/total_steps': 14000, 'training/updates': 7, 'training/sps': np.float64(18815.372), 'training/walltime': np.float64(2.517), 'training/rollout_time': np.float64(0.103), 'training/update_time': np.float64(0.003), 'training/iterations': 1.0, 'training/kl_div': nan, 'training/line_search_success': 0.0, 'training/new_policy_objective': nan, 'training/policy_objective': 0.0, 'training/value_loss': 4.6955492827294165e-09}
{'eval/num_episodes': 200, 'eval/num_steps': 200, 'eval/mean_score': np.float64(1.0), 'eval/std_score': np.float64(0.0), 'eval/mean_episode_length': np.float64(1.0), 'eval/std_episode_length': np.float64(0.0), 'eval/eval_time': 0.07717299461364746}
{'training/total_steps': 16000, 'training/updates': 8, 'training/sps': np.float64(19113.845), 'training/walltime': np.float64(2.699), 'training/rollout_time': np.float64(0.101), 'training/update_time': np.float64(0.003), 'training/iterations': 1.0, 'training/kl_div': nan, 'training/line_search_success': 0.0, 'training/new_policy_objective': nan, 'training/policy_objective': 0.0, 'training/value_loss': 1.0866862965031032e-12}
{'eval/num_episodes': 200, 'eval/num_steps': 200, 'eval/mean_score': np.float64(1.0), 'eval/std_score': np.float64(0.0), 'eval/mean_episode_length': np.float64(1.0), 'eval/std_episode_length': np.float64(0.0), 'eval/eval_time': 0.07233595848083496}
{'training/total_steps': 18000, 'training/updates': 9, 'training/sps': np.float64(12625.232), 'training/walltime': np.float64(2.931), 'training/rollout_time': np.float64(0.155), 'training/update_time': np.float64(0.003), 'training/iterations': 1.0, 'training/kl_div': nan, 'training/line_search_success': 0.0, 'training/new_policy_objective': nan, 'training/policy_objective': 0.0, 'training/value_loss': 0.0}
{'eval/num_episodes': 200, 'eval/num_steps': 200, 'eval/mean_score': np.float64(1.0), 'eval/std_score': np.float64(0.0), 'eval/mean_episode_length': np.float64(1.0), 'eval/std_episode_length': np.float64(0.0), 'eval/eval_time': 0.0766448974609375}
{'training/total_steps': 20000, 'training/updates': 10, 'training/sps': np.float64(17291.892), 'training/walltime': np.float64(3.124), 'training/rollout_time': np.float64(0.112), 'training/update_time': np.float64(0.003), 'training/iterations': 1.0, 'training/kl_div': nan, 'training/line_search_success': 0.0, 'training/new_policy_objective': nan, 'training/policy_objective': 0.0, 'training/value_loss': 0.0}
{'eval/num_episodes': 200, 'eval/num_steps': 200, 'eval/mean_score': np.float64(1.0), 'eval/std_score': np.float64(0.0), 'eval/mean_episode_length': np.float64(1.0), 'eval/std_episode_length': np.float64(0.0), 'eval/eval_time': 0.07692909240722656}
{'training/total_steps': 22000, 'training/updates': 11, 'training/sps': np.float64(19378.913), 'training/walltime': np.float64(3.304), 'training/rollout_time': np.float64(0.1), 'training/update_time': np.float64(0.003), 'training/iterations': 1.0, 'training/kl_div': nan, 'training/line_search_success': 0.0, 'training/new_policy_objective': nan, 'training/policy_objective': 0.0, 'training/value_loss': 0.0}
{'eval/num_episodes': 200, 'eval/num_steps': 200, 'eval/mean_score': np.float64(1.0), 'eval/std_score': np.float64(0.0), 'eval/mean_episode_length': np.float64(1.0), 'eval/std_episode_length': np.float64(0.0), 'eval/eval_time': 0.07478880882263184}
{'training/total_steps': 24000, 'training/updates': 12, 'training/sps': np.float64(19418.748), 'training/walltime': np.float64(3.482), 'training/rollout_time': np.float64(0.1), 'training/update_time': np.float64(0.003), 'training/iterations': 1.0, 'training/kl_div': nan, 'training/line_search_success': 0.0, 'training/new_policy_objective': nan, 'training/policy_objective': 0.0, 'training/value_loss': 0.0}
{'eval/num_episodes': 200, 'eval/num_steps': 200, 'eval/mean_score': np.float64(1.0), 'eval/std_score': np.float64(0.0), 'eval/mean_episode_length': np.float64(1.0), 'eval/std_episode_length': np.float64(0.0), 'eval/eval_time': 0.11375808715820312}
{'training/total_steps': 26000, 'training/updates': 13, 'training/sps': np.float64(17634.611), 'training/walltime': np.float64(3.71), 'training/rollout_time': np.float64(0.11), 'training/update_time': np.float64(0.003), 'training/iterations': 1.0, 'training/kl_div': nan, 'training/line_search_success': 0.0, 'training/new_policy_objective': nan, 'training/policy_objective': 0.0, 'training/value_loss': 0.0}
{'eval/num_episodes': 200, 'eval/num_steps': 200, 'eval/mean_score': np.float64(0.999), 'eval/std_score': np.float64(0.007), 'eval/mean_episode_length': np.float64(1.0), 'eval/std_episode_length': np.float64(0.0), 'eval/eval_time': 0.07725405693054199}
{'training/total_steps': 28000, 'training/updates': 14, 'training/sps': np.float64(19366.877), 'training/walltime': np.float64(3.891), 'training/rollout_time': np.float64(0.1), 'training/update_time': np.float64(0.003), 'training/iterations': 1.0, 'training/kl_div': nan, 'training/line_search_success': 0.0, 'training/new_policy_objective': nan, 'training/policy_objective': 0.0, 'training/value_loss': 0.0}
{'eval/num_episodes': 200, 'eval/num_steps': 200, 'eval/mean_score': np.float64(1.0), 'eval/std_score': np.float64(0.0), 'eval/mean_episode_length': np.float64(1.0), 'eval/std_episode_length': np.float64(0.0), 'eval/eval_time': 0.0761868953704834}
{'training/total_steps': 30000, 'training/updates': 15, 'training/sps': np.float64(19206.447), 'training/walltime': np.float64(4.072), 'training/rollout_time': np.float64(0.101), 'training/update_time': np.float64(0.003), 'training/iterations': 1.0, 'training/kl_div': nan, 'training/line_search_success': 0.0, 'training/new_policy_objective': nan, 'training/policy_objective': 0.0, 'training/value_loss': 0.0}
{'eval/num_episodes': 200, 'eval/num_steps': 200, 'eval/mean_score': np.float64(1.0), 'eval/std_score': np.float64(0.0), 'eval/mean_episode_length': np.float64(1.0), 'eval/std_episode_length': np.float64(0.0), 'eval/eval_time': 0.074127197265625}
{'training/total_steps': 32000, 'training/updates': 16, 'training/sps': np.float64(19776.337), 'training/walltime': np.float64(4.247), 'training/rollout_time': np.float64(0.098), 'training/update_time': np.float64(0.003), 'training/iterations': 1.0, 'training/kl_div': nan, 'training/line_search_success': 0.0, 'training/new_policy_objective': nan, 'training/policy_objective': 0.0, 'training/value_loss': 0.0}
{'eval/num_episodes': 200, 'eval/num_steps': 200, 'eval/mean_score': np.float64(1.0), 'eval/std_score': np.float64(0.0), 'eval/mean_episode_length': np.float64(1.0), 'eval/std_episode_length': np.float64(0.0), 'eval/eval_time': 0.07375383377075195}
{'training/total_steps': 34000, 'training/updates': 17, 'training/sps': np.float64(19203.062), 'training/walltime': np.float64(4.426), 'training/rollout_time': np.float64(0.101), 'training/update_time': np.float64(0.003), 'training/iterations': 1.0, 'training/kl_div': nan, 'training/line_search_success': 0.0, 'training/new_policy_objective': nan, 'training/policy_objective': 0.0, 'training/value_loss': 0.0}
{'eval/num_episodes': 200, 'eval/num_steps': 200, 'eval/mean_score': np.float64(1.0), 'eval/std_score': np.float64(0.0), 'eval/mean_episode_length': np.float64(1.0), 'eval/std_episode_length': np.float64(0.0), 'eval/eval_time': 0.0750741958618164}
{'training/total_steps': 36000, 'training/updates': 18, 'training/sps': np.float64(18833.833), 'training/walltime': np.float64(4.608), 'training/rollout_time': np.float64(0.103), 'training/update_time': np.float64(0.003), 'training/iterations': 1.0, 'training/kl_div': nan, 'training/line_search_success': 0.0, 'training/new_policy_objective': nan, 'training/policy_objective': 0.0, 'training/value_loss': 0.0}
{'eval/num_episodes': 200, 'eval/num_steps': 200, 'eval/mean_score': np.float64(1.0), 'eval/std_score': np.float64(0.0), 'eval/mean_episode_length': np.float64(1.0), 'eval/std_episode_length': np.float64(0.0), 'eval/eval_time': 0.07825303077697754}
{'training/total_steps': 38000, 'training/updates': 19, 'training/sps': np.float64(19414.838), 'training/walltime': np.float64(4.789), 'training/rollout_time': np.float64(0.1), 'training/update_time': np.float64(0.003), 'training/iterations': 1.0, 'training/kl_div': nan, 'training/line_search_success': 0.0, 'training/new_policy_objective': nan, 'training/policy_objective': 0.0, 'training/value_loss': 0.0}
{'eval/num_episodes': 200, 'eval/num_steps': 200, 'eval/mean_score': np.float64(1.0), 'eval/std_score': np.float64(0.0), 'eval/mean_episode_length': np.float64(1.0), 'eval/std_episode_length': np.float64(0.0), 'eval/eval_time': 0.07685208320617676}
{'training/total_steps': 40000, 'training/updates': 20, 'training/sps': np.float64(18908.124), 'training/walltime': np.float64(4.972), 'training/rollout_time': np.float64(0.102), 'training/update_time': np.float64(0.004), 'training/iterations': 1.0, 'training/kl_div': nan, 'training/line_search_success': 0.125, 'training/new_policy_objective': nan, 'training/policy_objective': 1.907348723406699e-09, 'training/value_loss': 2.4997141281346558e-06}
{'eval/num_episodes': 200, 'eval/num_steps': 200, 'eval/mean_score': np.float64(1.0), 'eval/std_score': np.float64(0.0), 'eval/mean_episode_length': np.float64(1.0), 'eval/std_episode_length': np.float64(0.0), 'eval/eval_time': 0.07373499870300293}
{'training/total_steps': 42000, 'training/updates': 21, 'training/sps': np.float64(19350.839), 'training/walltime': np.float64(5.15), 'training/rollout_time': np.float64(0.1), 'training/update_time': np.float64(0.003), 'training/iterations': 1.0, 'training/kl_div': 0.0010383881162852049, 'training/line_search_success': 1.0, 'training/new_policy_objective': -0.00036163354525342584, 'training/policy_objective': -0.00036273355362936854, 'training/value_loss': 2.3178325925243826e-10}
{'eval/num_episodes': 200, 'eval/num_steps': 200, 'eval/mean_score': np.float64(0.997), 'eval/std_score': np.float64(0.016), 'eval/mean_episode_length': np.float64(1.0), 'eval/std_episode_length': np.float64(0.0), 'eval/eval_time': 0.07599687576293945}
{'training/total_steps': 44000, 'training/updates': 22, 'training/sps': np.float64(18632.201), 'training/walltime': np.float64(5.334), 'training/rollout_time': np.float64(0.103), 'training/update_time': np.float64(0.004), 'training/iterations': 1.0, 'training/kl_div': 0.001203848165459931, 'training/line_search_success': 1.0, 'training/new_policy_objective': 0.14263933897018433, 'training/policy_objective': 0.12022116780281067, 'training/value_loss': 0.00013164305710233748}
{'eval/num_episodes': 200, 'eval/num_steps': 200, 'eval/mean_score': np.float64(1.0), 'eval/std_score': np.float64(0.0), 'eval/mean_episode_length': np.float64(1.0), 'eval/std_episode_length': np.float64(0.0), 'eval/eval_time': 0.07526302337646484}
{'training/total_steps': 46000, 'training/updates': 23, 'training/sps': np.float64(18647.318), 'training/walltime': np.float64(5.517), 'training/rollout_time': np.float64(0.104), 'training/update_time': np.float64(0.003), 'training/iterations': 1.0, 'training/kl_div': 0.0012611192651093006, 'training/line_search_success': 1.0, 'training/new_policy_objective': -0.022591905668377876, 'training/policy_objective': -0.022677429020404816, 'training/value_loss': 2.898028412801068e-07}
{'eval/num_episodes': 200, 'eval/num_steps': 200, 'eval/mean_score': np.float64(0.995), 'eval/std_score': np.float64(0.021), 'eval/mean_episode_length': np.float64(1.0), 'eval/std_episode_length': np.float64(0.0), 'eval/eval_time': 0.07639193534851074}
{'training/total_steps': 48000, 'training/updates': 24, 'training/sps': np.float64(19138.178), 'training/walltime': np.float64(5.698), 'training/rollout_time': np.float64(0.101), 'training/update_time': np.float64(0.003), 'training/iterations': 1.0, 'training/kl_div': 0.0014368187403306365, 'training/line_search_success': 1.0, 'training/new_policy_objective': 0.1582878679037094, 'training/policy_objective': 0.13544659316539764, 'training/value_loss': 0.00015761014947202057}
{'eval/num_episodes': 200, 'eval/num_steps': 200, 'eval/mean_score': np.float64(1.0), 'eval/std_score': np.float64(0.0), 'eval/mean_episode_length': np.float64(1.0), 'eval/std_episode_length': np.float64(0.0), 'eval/eval_time': 0.07499575614929199}
{'training/total_steps': 50000, 'training/updates': 25, 'training/sps': np.float64(19944.953), 'training/walltime': np.float64(5.874), 'training/rollout_time': np.float64(0.097), 'training/update_time': np.float64(0.003), 'training/iterations': 1.0, 'training/kl_div': 0.001551775960251689, 'training/line_search_success': 1.0, 'training/new_policy_objective': -0.022542830556631088, 'training/policy_objective': -0.022651229053735733, 'training/value_loss': 4.2026590563182253e-07}
{'eval/num_episodes': 200, 'eval/num_steps': 200, 'eval/mean_score': np.float64(0.995), 'eval/std_score': np.float64(0.022), 'eval/mean_episode_length': np.float64(1.0), 'eval/std_episode_length': np.float64(0.0), 'eval/eval_time': 0.0755317211151123}
{'training/total_steps': 52000, 'training/updates': 26, 'training/sps': np.float64(19286.063), 'training/walltime': np.float64(6.053), 'training/rollout_time': np.float64(0.1), 'training/update_time': np.float64(0.003), 'training/iterations': 1.0, 'training/kl_div': 0.0017348654801025987, 'training/line_search_success': 1.0, 'training/new_policy_objective': 0.15579697489738464, 'training/policy_objective': 0.1317218393087387, 'training/value_loss': 0.00016235974908340722}
{'eval/num_episodes': 200, 'eval/num_steps': 200, 'eval/mean_score': np.float64(1.0), 'eval/std_score': np.float64(0.0), 'eval/mean_episode_length': np.float64(1.0), 'eval/std_episode_length': np.float64(0.0), 'eval/eval_time': 0.0775458812713623}
{'training/total_steps': 54000, 'training/updates': 27, 'training/sps': np.float64(17204.295), 'training/walltime': np.float64(6.248), 'training/rollout_time': np.float64(0.112), 'training/update_time': np.float64(0.004), 'training/iterations': 1.0, 'training/kl_div': 0.0019292952492833138, 'training/line_search_success': 1.0, 'training/new_policy_objective': -0.022471074014902115, 'training/policy_objective': -0.02261105738580227, 'training/value_loss': 4.661801540351007e-07}
{'eval/num_episodes': 200, 'eval/num_steps': 200, 'eval/mean_score': np.float64(0.992), 'eval/std_score': np.float64(0.026), 'eval/mean_episode_length': np.float64(1.0), 'eval/std_episode_length': np.float64(0.0), 'eval/eval_time': 0.07394695281982422}
{'training/total_steps': 56000, 'training/updates': 28, 'training/sps': np.float64(19108.534), 'training/walltime': np.float64(6.427), 'training/rollout_time': np.float64(0.101), 'training/update_time': np.float64(0.003), 'training/iterations': 1.0, 'training/kl_div': 0.002114824252203107, 'training/line_search_success': 1.0, 'training/new_policy_objective': 0.19107797741889954, 'training/policy_objective': 0.1671711504459381, 'training/value_loss': 0.00022945590899325907}
{'eval/num_episodes': 200, 'eval/num_steps': 200, 'eval/mean_score': np.float64(1.0), 'eval/std_score': np.float64(0.0), 'eval/mean_episode_length': np.float64(1.0), 'eval/std_episode_length': np.float64(0.0), 'eval/eval_time': 0.07476997375488281}
{'training/total_steps': 58000, 'training/updates': 29, 'training/sps': np.float64(19224.274), 'training/walltime': np.float64(6.606), 'training/rollout_time': np.float64(0.101), 'training/update_time': np.float64(0.003), 'training/iterations': 1.0, 'training/kl_div': nan, 'training/line_search_success': 0.125, 'training/new_policy_objective': nan, 'training/policy_objective': 9.536743617033494e-10, 'training/value_loss': 3.062970790779218e-06}
{'eval/num_episodes': 200, 'eval/num_steps': 200, 'eval/mean_score': np.float64(1.0), 'eval/std_score': np.float64(0.0), 'eval/mean_episode_length': np.float64(1.0), 'eval/std_episode_length': np.float64(0.0), 'eval/eval_time': 0.0747063159942627}
{'training/total_steps': 60000, 'training/updates': 30, 'training/sps': np.float64(18597.172), 'training/walltime': np.float64(6.789), 'training/rollout_time': np.float64(0.104), 'training/update_time': np.float64(0.003), 'training/iterations': 1.0, 'training/kl_div': 0.0015313576441258192, 'training/line_search_success': 1.0, 'training/new_policy_objective': -0.0007204569992609322, 'training/policy_objective': -0.000723868201021105, 'training/value_loss': 4.269825049085796e-10}
{'eval/num_episodes': 200, 'eval/num_steps': 200, 'eval/mean_score': np.float64(0.993), 'eval/std_score': np.float64(0.025), 'eval/mean_episode_length': np.float64(1.0), 'eval/std_episode_length': np.float64(0.0), 'eval/eval_time': 0.0776209831237793}
TRAINING END: training duration: 6.866766929626465
{'final_eval/num_episodes': 200, 'final_eval/num_steps': 200, 'final_eval/mean_score': np.float64(1.0), 'final_eval/std_score': np.float64(0.0), 'final_eval/mean_episode_length': np.float64(1.0), 'final_eval/std_episode_length': np.float64(0.0)}
loat64(0.0)}
