|param: value|
|experiment_name:  cleanba_ppo|
|seed:  9|
|platform:  cpu|
|write_logs_to_file:  False|
|save_model:  False|
|env_name:  bandit|
|num_envs:  8|
|num_train_levels:  200|
|distribution_mode:  easy|
|arm_means:  (1.0, 0.9)|
|deterministic_rewards:  True|
|eval_env:  True|
|num_eval_episodes:  200|
|eval_every:  1|
|deterministic_eval:  False|
|total_timesteps:  60000|
|learning_rate:  0.00025|
|adam_eps:  1e-05|
|unroll_length:  250|
|anneal_lr:  False|
|gamma:  0.99|
|gae_lambda:  0.95|
|num_minibatches:  4|
|update_epochs:  4|
|normalize_advantages:  True|
|clip_eps:  0.1|
|clip_vloss:  True|
|entropy_cost:  0.0|
|vf_cost:  0.5|
|max_grad_norm:  0.5|
|use_cnn:  False|
|policy_hidden_layer_sizes:  ()|
|value_hidden_layer_sizes:  ()|
|activation:  <jax._src.custom_derivatives.custom_jvp object at 0x10cea5c50>|
|policy_init_logit_bias:  [0.0, 1.0]|
{'training/total_steps': 2000, 'training/updates': 1, 'training/sps': np.float64(2103.246), 'training/walltime': np.float64(0.951), 'training/rollout_time': np.float64(0.434), 'training/update_time': np.float64(0.517), 'training/approx_kl': 1.8035621906165034e-05, 'training/entropy': 0.5848476886749268, 'training/policy_loss': -0.005989180412143469, 'training/total_loss': 0.0680130273103714, 'training/value_loss': 0.148004412651062}
{'eval/num_episodes': 200, 'eval/num_steps': 200, 'eval/mean_score': np.float64(0.929), 'eval/std_score': np.float64(0.046), 'eval/mean_episode_length': np.float64(1.0), 'eval/std_episode_length': np.float64(0.0), 'eval/eval_time': 0.08035588264465332}
{'training/total_steps': 4000, 'training/updates': 2, 'training/sps': np.float64(13197.749), 'training/walltime': np.float64(1.183), 'training/rollout_time': np.float64(0.143), 'training/update_time': np.float64(0.008), 'training/approx_kl': 1.8580854884930886e-05, 'training/entropy': 0.5879587531089783, 'training/policy_loss': -0.00607723742723465, 'training/total_loss': 0.06606049090623856, 'training/value_loss': 0.1442754566669464}
{'eval/num_episodes': 200, 'eval/num_steps': 200, 'eval/mean_score': np.float64(0.929), 'eval/std_score': np.float64(0.046), 'eval/mean_episode_length': np.float64(1.0), 'eval/std_episode_length': np.float64(0.0), 'eval/eval_time': 0.07611489295959473}
{'training/total_steps': 6000, 'training/updates': 3, 'training/sps': np.float64(13356.486), 'training/walltime': np.float64(1.409), 'training/rollout_time': np.float64(0.142), 'training/update_time': np.float64(0.008), 'training/approx_kl': 1.8453731172485277e-05, 'training/entropy': 0.591044545173645, 'training/policy_loss': -0.006060348823666573, 'training/total_loss': 0.06394912302494049, 'training/value_loss': 0.14001895487308502}
{'eval/num_episodes': 200, 'eval/num_steps': 200, 'eval/mean_score': np.float64(0.924), 'eval/std_score': np.float64(0.043), 'eval/mean_episode_length': np.float64(1.0), 'eval/std_episode_length': np.float64(0.0), 'eval/eval_time': 0.08321666717529297}
{'training/total_steps': 8000, 'training/updates': 4, 'training/sps': np.float64(13364.423), 'training/walltime': np.float64(1.642), 'training/rollout_time': np.float64(0.142), 'training/update_time': np.float64(0.008), 'training/approx_kl': 1.8818856915459037e-05, 'training/entropy': 0.5941042900085449, 'training/policy_loss': -0.006127834785729647, 'training/total_loss': 0.06202905997633934, 'training/value_loss': 0.1363137811422348}
{'eval/num_episodes': 200, 'eval/num_steps': 200, 'eval/mean_score': np.float64(0.928), 'eval/std_score': np.float64(0.045), 'eval/mean_episode_length': np.float64(1.0), 'eval/std_episode_length': np.float64(0.0), 'eval/eval_time': 0.07510709762573242}
{'training/total_steps': 10000, 'training/updates': 5, 'training/sps': np.float64(13463.132), 'training/walltime': np.float64(1.866), 'training/rollout_time': np.float64(0.141), 'training/update_time': np.float64(0.008), 'training/approx_kl': 1.8686267139855772e-05, 'training/entropy': 0.5971360206604004, 'training/policy_loss': -0.00609864667057991, 'training/total_loss': 0.05986825376749039, 'training/value_loss': 0.13193379342556}
{'eval/num_episodes': 200, 'eval/num_steps': 200, 'eval/mean_score': np.float64(0.928), 'eval/std_score': np.float64(0.045), 'eval/mean_episode_length': np.float64(1.0), 'eval/std_episode_length': np.float64(0.0), 'eval/eval_time': 0.07894706726074219}
{'training/total_steps': 12000, 'training/updates': 6, 'training/sps': np.float64(13956.845), 'training/walltime': np.float64(2.089), 'training/rollout_time': np.float64(0.135), 'training/update_time': np.float64(0.008), 'training/approx_kl': 1.9333840100443922e-05, 'training/entropy': 0.600139856338501, 'training/policy_loss': -0.006210528314113617, 'training/total_loss': 0.058238234370946884, 'training/value_loss': 0.1288975179195404}
{'eval/num_episodes': 200, 'eval/num_steps': 200, 'eval/mean_score': np.float64(0.927), 'eval/std_score': np.float64(0.045), 'eval/mean_episode_length': np.float64(1.0), 'eval/std_episode_length': np.float64(0.0), 'eval/eval_time': 0.07460880279541016}
{'training/total_steps': 14000, 'training/updates': 7, 'training/sps': np.float64(8336.845), 'training/walltime': np.float64(2.404), 'training/rollout_time': np.float64(0.232), 'training/update_time': np.float64(0.008), 'training/approx_kl': 1.9638420781120658e-05, 'training/entropy': 0.603116512298584, 'training/policy_loss': -0.006247043143957853, 'training/total_loss': 0.056450411677360535, 'training/value_loss': 0.12539491057395935}
{'eval/num_episodes': 200, 'eval/num_steps': 200, 'eval/mean_score': np.float64(0.93), 'eval/std_score': np.float64(0.046), 'eval/mean_episode_length': np.float64(1.0), 'eval/std_episode_length': np.float64(0.0), 'eval/eval_time': 0.07745003700256348}
{'training/total_steps': 16000, 'training/updates': 8, 'training/sps': np.float64(14178.4), 'training/walltime': np.float64(2.623), 'training/rollout_time': np.float64(0.133), 'training/update_time': np.float64(0.008), 'training/approx_kl': 1.9139946743962355e-05, 'training/entropy': 0.6060603857040405, 'training/policy_loss': -0.006180804688483477, 'training/total_loss': 0.05428486317396164, 'training/value_loss': 0.12093132734298706}
{'eval/num_episodes': 200, 'eval/num_steps': 200, 'eval/mean_score': np.float64(0.926), 'eval/std_score': np.float64(0.044), 'eval/mean_episode_length': np.float64(1.0), 'eval/std_episode_length': np.float64(0.0), 'eval/eval_time': 0.07391619682312012}
{'training/total_steps': 18000, 'training/updates': 9, 'training/sps': np.float64(13521.638), 'training/walltime': np.float64(2.845), 'training/rollout_time': np.float64(0.14), 'training/update_time': np.float64(0.008), 'training/approx_kl': 1.9730778149096295e-05, 'training/entropy': 0.6089727878570557, 'training/policy_loss': -0.0062713585793972015, 'training/total_loss': 0.05277170613408089, 'training/value_loss': 0.11808612942695618}
{'eval/num_episodes': 200, 'eval/num_steps': 200, 'eval/mean_score': np.float64(0.93), 'eval/std_score': np.float64(0.046), 'eval/mean_episode_length': np.float64(1.0), 'eval/std_episode_length': np.float64(0.0), 'eval/eval_time': 0.07101917266845703}
{'training/total_steps': 20000, 'training/updates': 10, 'training/sps': np.float64(13867.508), 'training/walltime': np.float64(3.06), 'training/rollout_time': np.float64(0.136), 'training/update_time': np.float64(0.008), 'training/approx_kl': 1.958377833943814e-05, 'training/entropy': 0.6118521094322205, 'training/policy_loss': -0.006249102298170328, 'training/total_loss': 0.050817232578992844, 'training/value_loss': 0.11413265764713287}
{'eval/num_episodes': 200, 'eval/num_steps': 200, 'eval/mean_score': np.float64(0.927), 'eval/std_score': np.float64(0.044), 'eval/mean_episode_length': np.float64(1.0), 'eval/std_episode_length': np.float64(0.0), 'eval/eval_time': 0.07993078231811523}
{'training/total_steps': 22000, 'training/updates': 11, 'training/sps': np.float64(12733.994), 'training/walltime': np.float64(3.298), 'training/rollout_time': np.float64(0.149), 'training/update_time': np.float64(0.008), 'training/approx_kl': 1.901483665278647e-05, 'training/entropy': 0.6146950125694275, 'training/policy_loss': -0.006152123678475618, 'training/total_loss': 0.04880400002002716, 'training/value_loss': 0.10991224646568298}
{'eval/num_episodes': 200, 'eval/num_steps': 200, 'eval/mean_score': np.float64(0.932), 'eval/std_score': np.float64(0.047), 'eval/mean_episode_length': np.float64(1.0), 'eval/std_episode_length': np.float64(0.0), 'eval/eval_time': 0.07555007934570312}
{'training/total_steps': 24000, 'training/updates': 12, 'training/sps': np.float64(12799.766), 'training/walltime': np.float64(3.53), 'training/rollout_time': np.float64(0.148), 'training/update_time': np.float64(0.008), 'training/approx_kl': 1.946969496202655e-05, 'training/entropy': 0.6175022125244141, 'training/policy_loss': -0.0062156133353710175, 'training/total_loss': 0.04725473374128342, 'training/value_loss': 0.10694069415330887}
{'eval/num_episodes': 200, 'eval/num_steps': 200, 'eval/mean_score': np.float64(0.93), 'eval/std_score': np.float64(0.046), 'eval/mean_episode_length': np.float64(1.0), 'eval/std_episode_length': np.float64(0.0), 'eval/eval_time': 0.07733297348022461}
{'training/total_steps': 26000, 'training/updates': 13, 'training/sps': np.float64(13953.13), 'training/walltime': np.float64(3.751), 'training/rollout_time': np.float64(0.135), 'training/update_time': np.float64(0.008), 'training/approx_kl': 1.9588413124438375e-05, 'training/entropy': 0.6202740669250488, 'training/policy_loss': -0.00624485220760107, 'training/total_loss': 0.04559987783432007, 'training/value_loss': 0.10368946194648743}
{'eval/num_episodes': 200, 'eval/num_steps': 200, 'eval/mean_score': np.float64(0.928), 'eval/std_score': np.float64(0.045), 'eval/mean_episode_length': np.float64(1.0), 'eval/std_episode_length': np.float64(0.0), 'eval/eval_time': 0.07549691200256348}
{'training/total_steps': 28000, 'training/updates': 14, 'training/sps': np.float64(13685.989), 'training/walltime': np.float64(3.973), 'training/rollout_time': np.float64(0.137), 'training/update_time': np.float64(0.009), 'training/approx_kl': 1.9908071408281103e-05, 'training/entropy': 0.623009443283081, 'training/policy_loss': -0.0062957205809652805, 'training/total_loss': 0.04406912624835968, 'training/value_loss': 0.10072969645261765}
{'eval/num_episodes': 200, 'eval/num_steps': 200, 'eval/mean_score': np.float64(0.93), 'eval/std_score': np.float64(0.046), 'eval/mean_episode_length': np.float64(1.0), 'eval/std_episode_length': np.float64(0.0), 'eval/eval_time': 0.07277107238769531}
{'training/total_steps': 30000, 'training/updates': 15, 'training/sps': np.float64(13481.285), 'training/walltime': np.float64(4.194), 'training/rollout_time': np.float64(0.14), 'training/update_time': np.float64(0.008), 'training/approx_kl': 2.042634878307581e-05, 'training/entropy': 0.625707745552063, 'training/policy_loss': -0.006377650424838066, 'training/total_loss': 0.042674921452999115, 'training/value_loss': 0.09810514003038406}
{'eval/num_episodes': 200, 'eval/num_steps': 200, 'eval/mean_score': np.float64(0.926), 'eval/std_score': np.float64(0.044), 'eval/mean_episode_length': np.float64(1.0), 'eval/std_episode_length': np.float64(0.0), 'eval/eval_time': 0.07656121253967285}
{'training/total_steps': 32000, 'training/updates': 16, 'training/sps': np.float64(13693.92), 'training/walltime': np.float64(4.417), 'training/rollout_time': np.float64(0.138), 'training/update_time': np.float64(0.008), 'training/approx_kl': 2.1082731109345332e-05, 'training/entropy': 0.6283681392669678, 'training/policy_loss': -0.006458353251218796, 'training/total_loss': 0.04137648642063141, 'training/value_loss': 0.095669686794281}
{'eval/num_episodes': 200, 'eval/num_steps': 200, 'eval/mean_score': np.float64(0.936), 'eval/std_score': np.float64(0.048), 'eval/mean_episode_length': np.float64(1.0), 'eval/std_episode_length': np.float64(0.0), 'eval/eval_time': 0.07715797424316406}
{'training/total_steps': 34000, 'training/updates': 17, 'training/sps': np.float64(13625.081), 'training/walltime': np.float64(4.641), 'training/rollout_time': np.float64(0.139), 'training/update_time': np.float64(0.008), 'training/approx_kl': 2.0950541511410847e-05, 'training/entropy': 0.6309884786605835, 'training/policy_loss': -0.006457822863012552, 'training/total_loss': 0.039823345839977264, 'training/value_loss': 0.09256234019994736}
{'eval/num_episodes': 200, 'eval/num_steps': 200, 'eval/mean_score': np.float64(0.934), 'eval/std_score': np.float64(0.047), 'eval/mean_episode_length': np.float64(1.0), 'eval/std_episode_length': np.float64(0.0), 'eval/eval_time': 0.0734250545501709}
{'training/total_steps': 36000, 'training/updates': 18, 'training/sps': np.float64(13811.091), 'training/walltime': np.float64(4.86), 'training/rollout_time': np.float64(0.137), 'training/update_time': np.float64(0.008), 'training/approx_kl': 2.1041156287537888e-05, 'training/entropy': 0.6335667371749878, 'training/policy_loss': -0.006466353312134743, 'training/total_loss': 0.03833019360899925, 'training/value_loss': 0.08959309756755829}
{'eval/num_episodes': 200, 'eval/num_steps': 200, 'eval/mean_score': np.float64(0.931), 'eval/std_score': np.float64(0.046), 'eval/mean_episode_length': np.float64(1.0), 'eval/std_episode_length': np.float64(0.0), 'eval/eval_time': 0.08084416389465332}
{'training/total_steps': 38000, 'training/updates': 19, 'training/sps': np.float64(13361.294), 'training/walltime': np.float64(5.091), 'training/rollout_time': np.float64(0.142), 'training/update_time': np.float64(0.008), 'training/approx_kl': 2.117955773428548e-05, 'training/entropy': 0.6361020803451538, 'training/policy_loss': -0.006488085258752108, 'training/total_loss': 0.03698957711458206, 'training/value_loss': 0.08695532381534576}
{'eval/num_episodes': 200, 'eval/num_steps': 200, 'eval/mean_score': np.float64(0.932), 'eval/std_score': np.float64(0.047), 'eval/mean_episode_length': np.float64(1.0), 'eval/std_episode_length': np.float64(0.0), 'eval/eval_time': 0.07486987113952637}
{'training/total_steps': 40000, 'training/updates': 20, 'training/sps': np.float64(13676.707), 'training/walltime': np.float64(5.312), 'training/rollout_time': np.float64(0.138), 'training/update_time': np.float64(0.008), 'training/approx_kl': 2.1047802874818444e-05, 'training/entropy': 0.6385934948921204, 'training/policy_loss': -0.00646826159209013, 'training/total_loss': 0.03547627851366997, 'training/value_loss': 0.08388907462358475}
{'eval/num_episodes': 200, 'eval/num_steps': 200, 'eval/mean_score': np.float64(0.938), 'eval/std_score': np.float64(0.049), 'eval/mean_episode_length': np.float64(1.0), 'eval/std_episode_length': np.float64(0.0), 'eval/eval_time': 0.07585000991821289}
{'training/total_steps': 42000, 'training/updates': 21, 'training/sps': np.float64(13836.925), 'training/walltime': np.float64(5.533), 'training/rollout_time': np.float64(0.137), 'training/update_time': np.float64(0.008), 'training/approx_kl': 2.1374153220676817e-05, 'training/entropy': 0.6410398483276367, 'training/policy_loss': -0.006513793952763081, 'training/total_loss': 0.03421658277511597, 'training/value_loss': 0.08146075159311295}
{'eval/num_episodes': 200, 'eval/num_steps': 200, 'eval/mean_score': np.float64(0.93), 'eval/std_score': np.float64(0.046), 'eval/mean_episode_length': np.float64(1.0), 'eval/std_episode_length': np.float64(0.0), 'eval/eval_time': 0.07272815704345703}
{'training/total_steps': 44000, 'training/updates': 22, 'training/sps': np.float64(13908.803), 'training/walltime': np.float64(5.75), 'training/rollout_time': np.float64(0.136), 'training/update_time': np.float64(0.008), 'training/approx_kl': 2.1419213226181455e-05, 'training/entropy': 0.6434404850006104, 'training/policy_loss': -0.006522943265736103, 'training/total_loss': 0.03290194272994995, 'training/value_loss': 0.07884976267814636}
{'eval/num_episodes': 200, 'eval/num_steps': 200, 'eval/mean_score': np.float64(0.935), 'eval/std_score': np.float64(0.048), 'eval/mean_episode_length': np.float64(1.0), 'eval/std_episode_length': np.float64(0.0), 'eval/eval_time': 0.07728099822998047}
{'training/total_steps': 46000, 'training/updates': 23, 'training/sps': np.float64(13484.535), 'training/walltime': np.float64(5.976), 'training/rollout_time': np.float64(0.14), 'training/update_time': np.float64(0.008), 'training/approx_kl': 2.1591680706478655e-05, 'training/entropy': 0.6457948088645935, 'training/policy_loss': -0.006544850766658783, 'training/total_loss': 0.031667936593294144, 'training/value_loss': 0.07642557471990585}
{'eval/num_episodes': 200, 'eval/num_steps': 200, 'eval/mean_score': np.float64(0.938), 'eval/std_score': np.float64(0.049), 'eval/mean_episode_length': np.float64(1.0), 'eval/std_episode_length': np.float64(0.0), 'eval/eval_time': 0.07449102401733398}
{'training/total_steps': 48000, 'training/updates': 24, 'training/sps': np.float64(10229.024), 'training/walltime': np.float64(6.247), 'training/rollout_time': np.float64(0.188), 'training/update_time': np.float64(0.008), 'training/approx_kl': 2.152314846171066e-05, 'training/entropy': 0.6481009721755981, 'training/policy_loss': -0.006546868477016687, 'training/total_loss': 0.030364500358700752, 'training/value_loss': 0.0738227367401123}
{'eval/num_episodes': 200, 'eval/num_steps': 200, 'eval/mean_score': np.float64(0.93), 'eval/std_score': np.float64(0.046), 'eval/mean_episode_length': np.float64(1.0), 'eval/std_episode_length': np.float64(0.0), 'eval/eval_time': 0.0734090805053711}
{'training/total_steps': 50000, 'training/updates': 25, 'training/sps': np.float64(14119.027), 'training/walltime': np.float64(6.462), 'training/rollout_time': np.float64(0.134), 'training/update_time': np.float64(0.008), 'training/approx_kl': 2.1270901925163344e-05, 'training/entropy': 0.6503582000732422, 'training/policy_loss': -0.006501113995909691, 'training/total_loss': 0.028973499312996864, 'training/value_loss': 0.07094922661781311}
{'eval/num_episodes': 200, 'eval/num_steps': 200, 'eval/mean_score': np.float64(0.937), 'eval/std_score': np.float64(0.048), 'eval/mean_episode_length': np.float64(1.0), 'eval/std_episode_length': np.float64(0.0), 'eval/eval_time': 0.07483696937561035}
{'training/total_steps': 52000, 'training/updates': 26, 'training/sps': np.float64(13784.153), 'training/walltime': np.float64(6.682), 'training/rollout_time': np.float64(0.137), 'training/update_time': np.float64(0.008), 'training/approx_kl': 2.2139924112707376e-05, 'training/entropy': 0.6525662541389465, 'training/policy_loss': -0.006629026960581541, 'training/total_loss': 0.02818833291530609, 'training/value_loss': 0.06963472068309784}
{'eval/num_episodes': 200, 'eval/num_steps': 200, 'eval/mean_score': np.float64(0.937), 'eval/std_score': np.float64(0.048), 'eval/mean_episode_length': np.float64(1.0), 'eval/std_episode_length': np.float64(0.0), 'eval/eval_time': 0.0746612548828125}
{'training/total_steps': 54000, 'training/updates': 27, 'training/sps': np.float64(13660.092), 'training/walltime': np.float64(6.904), 'training/rollout_time': np.float64(0.137), 'training/update_time': np.float64(0.009), 'training/approx_kl': 2.2025778889656067e-05, 'training/entropy': 0.6547243595123291, 'training/policy_loss': -0.006617486942559481, 'training/total_loss': 0.02691826969385147, 'training/value_loss': 0.06707151234149933}
{'eval/num_episodes': 200, 'eval/num_steps': 200, 'eval/mean_score': np.float64(0.934), 'eval/std_score': np.float64(0.047), 'eval/mean_episode_length': np.float64(1.0), 'eval/std_episode_length': np.float64(0.0), 'eval/eval_time': 0.07494401931762695}
{'training/total_steps': 56000, 'training/updates': 28, 'training/sps': np.float64(13391.348), 'training/walltime': np.float64(7.128), 'training/rollout_time': np.float64(0.141), 'training/update_time': np.float64(0.008), 'training/approx_kl': 2.205517921538558e-05, 'training/entropy': 0.6568310856819153, 'training/policy_loss': -0.006624903529882431, 'training/total_loss': 0.02579319290816784, 'training/value_loss': 0.06483618915081024}
{'eval/num_episodes': 200, 'eval/num_steps': 200, 'eval/mean_score': np.float64(0.934), 'eval/std_score': np.float64(0.048), 'eval/mean_episode_length': np.float64(1.0), 'eval/std_episode_length': np.float64(0.0), 'eval/eval_time': 0.07531881332397461}
{'training/total_steps': 58000, 'training/updates': 29, 'training/sps': np.float64(13715.168), 'training/walltime': np.float64(7.35), 'training/rollout_time': np.float64(0.138), 'training/update_time': np.float64(0.008), 'training/approx_kl': 2.209191006841138e-05, 'training/entropy': 0.6588854789733887, 'training/policy_loss': -0.006609067786484957, 'training/total_loss': 0.024665523320436478, 'training/value_loss': 0.0625491812825203}
{'eval/num_episodes': 200, 'eval/num_steps': 200, 'eval/mean_score': np.float64(0.944), 'eval/std_score': np.float64(0.05), 'eval/mean_episode_length': np.float64(1.0), 'eval/std_episode_length': np.float64(0.0), 'eval/eval_time': 0.07761597633361816}
{'training/total_steps': 60000, 'training/updates': 30, 'training/sps': np.float64(13368.534), 'training/walltime': np.float64(7.577), 'training/rollout_time': np.float64(0.142), 'training/update_time': np.float64(0.008), 'training/approx_kl': 2.2325531972455792e-05, 'training/entropy': 0.6608868837356567, 'training/policy_loss': -0.006664271466434002, 'training/total_loss': 0.02369464747607708, 'training/value_loss': 0.06071783974766731}
{'eval/num_episodes': 200, 'eval/num_steps': 200, 'eval/mean_score': np.float64(0.941), 'eval/std_score': np.float64(0.049), 'eval/mean_episode_length': np.float64(1.0), 'eval/std_episode_length': np.float64(0.0), 'eval/eval_time': 0.0745248794555664}
TRAINING END: training duration: 7.652276992797852
{'final_eval/num_episodes': 200, 'final_eval/num_steps': 200, 'final_eval/mean_score': np.float64(0.8999999761581421), 'final_eval/std_score': np.float64(0.0), 'final_eval/mean_episode_length': np.float64(1.0), 'final_eval/std_episode_length': np.float64(0.0)}
}
