|param: value|
|experiment_name:  pc_actor_critic|
|seed:  9|
|write_logs_to_file:  False|
|save_model:  False|
|env_name:  bandit|
|num_envs:  8|
|num_train_levels:  200|
|distribution_mode:  easy|
|arm_means:  (1.0, 0.9)|
|deterministic_rewards:  True|
|eval_env:  True|
|num_eval_episodes:  200|
|eval_every:  1|
|total_timesteps:  60000|
|unroll_length:  250|
|gamma:  0.99|
|learning_rate:  0.01|
|value_learning_rate:  0.01|
|target_scale:  1.0|
|pc_steps_per_update:  1|
|max_t1:  20|
|width:  32|
|depth:  2|
|act_fn:  relu|
|policy_init_logit_bias:  [0.0, 1.0]|
|use_cnn:  False|
|policy_hidden_layer_sizes:  ()|
|value_hidden_layer_sizes:  ()|
|anneal_lr:  False|
|entropy_cost:  0.0|
|deterministic_eval:  False|
{'training/total_steps': 2000, 'training/updates': 1, 'training/walltime': np.float64(1.401), 'training/update_time': np.float64(1.401), 'training/policy_pc_loss': 0.26532402634620667, 'training/value_pc_loss': 0.6008532047271729, 'training/mean_value': -0.16694675385951996, 'training/mean_reward': 0.9283497929573059, 'training/mean_advantage_abs': 1.0952965021133423}
{'eval/num_episodes': 200, 'eval/mean_score': np.float64(0.9325), 'eval/std_score': np.float64(0.0468), 'eval/mean_episode_length': np.float64(1.0)}
{'training/total_steps': 4000, 'training/updates': 2, 'training/walltime': np.float64(1.561), 'training/update_time': np.float64(0.131), 'training/policy_pc_loss': 0.21972404420375824, 'training/value_pc_loss': 0.4801084101200104, 'training/mean_value': -0.04852820187807083, 'training/mean_reward': 0.9303000569343567, 'training/mean_advantage_abs': 0.9788283705711365}
{'eval/num_episodes': 200, 'eval/mean_score': np.float64(0.9375), 'eval/std_score': np.float64(0.0484), 'eval/mean_episode_length': np.float64(1.0)}
{'training/total_steps': 6000, 'training/updates': 3, 'training/walltime': np.float64(1.743), 'training/update_time': np.float64(0.181), 'training/policy_pc_loss': 0.18093375861644745, 'training/value_pc_loss': 0.37480708956718445, 'training/mean_value': 0.06929072737693787, 'training/mean_reward': 0.9337999224662781, 'training/mean_advantage_abs': 0.8645095825195312}
{'eval/num_episodes': 200, 'eval/mean_score': np.float64(0.934), 'eval/std_score': np.float64(0.0474), 'eval/mean_episode_length': np.float64(1.0)}
{'training/total_steps': 8000, 'training/updates': 4, 'training/walltime': np.float64(1.889), 'training/update_time': np.float64(0.145), 'training/policy_pc_loss': 0.13944554328918457, 'training/value_pc_loss': 0.28234460949897766, 'training/mean_value': 0.18617837131023407, 'training/mean_reward': 0.9360999464988708, 'training/mean_advantage_abs': 0.7499215602874756}
{'eval/num_episodes': 200, 'eval/mean_score': np.float64(0.9415), 'eval/std_score': np.float64(0.0493), 'eval/mean_episode_length': np.float64(1.0)}
{'training/total_steps': 10000, 'training/updates': 5, 'training/walltime': np.float64(2.052), 'training/update_time': np.float64(0.162), 'training/policy_pc_loss': 0.10575670003890991, 'training/value_pc_loss': 0.20594434440135956, 'training/mean_value': 0.3018112778663635, 'training/mean_reward': 0.9416999220848083, 'training/mean_advantage_abs': 0.6398887038230896}
{'eval/num_episodes': 200, 'eval/mean_score': np.float64(0.942), 'eval/std_score': np.float64(0.0494), 'eval/mean_episode_length': np.float64(1.0)}
{'training/total_steps': 12000, 'training/updates': 6, 'training/walltime': np.float64(2.198), 'training/update_time': np.float64(0.145), 'training/policy_pc_loss': 0.07238521426916122, 'training/value_pc_loss': 0.14136774837970734, 'training/mean_value': 0.41590622067451477, 'training/mean_reward': 0.9452999234199524, 'training/mean_advantage_abs': 0.5293935537338257}
{'eval/num_episodes': 200, 'eval/mean_score': np.float64(0.9505), 'eval/std_score': np.float64(0.05), 'eval/mean_episode_length': np.float64(1.0)}
{'training/total_steps': 14000, 'training/updates': 7, 'training/walltime': np.float64(2.335), 'training/update_time': np.float64(0.136), 'training/policy_pc_loss': 0.04522891715168953, 'training/value_pc_loss': 0.09092442691326141, 'training/mean_value': 0.5280514359474182, 'training/mean_reward': 0.9515499472618103, 'training/mean_advantage_abs': 0.42349880933761597}
{'eval/num_episodes': 200, 'eval/mean_score': np.float64(0.9585), 'eval/std_score': np.float64(0.0493), 'eval/mean_episode_length': np.float64(1.0)}
{'training/total_steps': 16000, 'training/updates': 8, 'training/walltime': np.float64(2.472), 'training/update_time': np.float64(0.136), 'training/policy_pc_loss': 0.02374519221484661, 'training/value_pc_loss': 0.05139274150133133, 'training/mean_value': 0.6376907825469971, 'training/mean_reward': 0.9544000029563904, 'training/mean_advantage_abs': 0.31670942902565}
{'eval/num_episodes': 200, 'eval/mean_score': np.float64(0.966), 'eval/std_score': np.float64(0.0474), 'eval/mean_episode_length': np.float64(1.0)}
{'training/total_steps': 18000, 'training/updates': 9, 'training/walltime': np.float64(2.611), 'training/update_time': np.float64(0.138), 'training/policy_pc_loss': 0.009583665989339352, 'training/value_pc_loss': 0.024263642728328705, 'training/mean_value': 0.7439363598823547, 'training/mean_reward': 0.9586500525474548, 'training/mean_advantage_abs': 0.21471397578716278}
{'eval/num_episodes': 200, 'eval/mean_score': np.float64(0.9685), 'eval/std_score': np.float64(0.0465), 'eval/mean_episode_length': np.float64(1.0)}
{'training/total_steps': 20000, 'training/updates': 10, 'training/walltime': np.float64(2.748), 'training/update_time': np.float64(0.136), 'training/policy_pc_loss': 0.0022313802037388086, 'training/value_pc_loss': 0.008479423820972443, 'training/mean_value': 0.8456020951271057, 'training/mean_reward': 0.9670499563217163, 'training/mean_advantage_abs': 0.12144771218299866}
{'eval/num_episodes': 200, 'eval/mean_score': np.float64(0.975), 'eval/std_score': np.float64(0.0433), 'eval/mean_episode_length': np.float64(1.0)}
{'training/total_steps': 22000, 'training/updates': 11, 'training/walltime': np.float64(2.889), 'training/update_time': np.float64(0.141), 'training/policy_pc_loss': 0.00044739324948750436, 'training/value_pc_loss': 0.0014758730540052056, 'training/mean_value': 0.941253662109375, 'training/mean_reward': 0.9714500308036804, 'training/mean_advantage_abs': 0.053752392530441284}
{'eval/num_episodes': 200, 'eval/mean_score': np.float64(0.9755), 'eval/std_score': np.float64(0.043), 'eval/mean_episode_length': np.float64(1.0)}
{'training/total_steps': 24000, 'training/updates': 12, 'training/walltime': np.float64(3.025), 'training/update_time': np.float64(0.134), 'training/policy_pc_loss': 0.0023503759875893593, 'training/value_pc_loss': 0.0022911764681339264, 'training/mean_value': 1.0289689302444458, 'training/mean_reward': 0.9763001203536987, 'training/mean_advantage_abs': 0.05266916751861572}
{'eval/num_episodes': 200, 'eval/mean_score': np.float64(0.98), 'eval/std_score': np.float64(0.04), 'eval/mean_episode_length': np.float64(1.0)}
{'training/total_steps': 26000, 'training/updates': 13, 'training/walltime': np.float64(3.187), 'training/update_time': np.float64(0.161), 'training/policy_pc_loss': 0.006207654252648354, 'training/value_pc_loss': 0.008961769752204418, 'training/mean_value': 1.1065940856933594, 'training/mean_reward': 0.9790499806404114, 'training/mean_advantage_abs': 0.1275438666343689}
{'eval/num_episodes': 200, 'eval/mean_score': np.float64(0.987), 'eval/std_score': np.float64(0.0336), 'eval/mean_episode_length': np.float64(1.0)}
{'training/total_steps': 28000, 'training/updates': 14, 'training/walltime': np.float64(3.325), 'training/update_time': np.float64(0.137), 'training/policy_pc_loss': 0.008223489858210087, 'training/value_pc_loss': 0.017951134592294693, 'training/mean_value': 1.1719170808792114, 'training/mean_reward': 0.9857000112533569, 'training/mean_advantage_abs': 0.18621696531772614}
{'eval/num_episodes': 200, 'eval/mean_score': np.float64(0.985), 'eval/std_score': np.float64(0.0357), 'eval/mean_episode_length': np.float64(1.0)}
{'training/total_steps': 30000, 'training/updates': 15, 'training/walltime': np.float64(3.464), 'training/update_time': np.float64(0.138), 'training/policy_pc_loss': 0.009511834010481834, 'training/value_pc_loss': 0.02792847342789173, 'training/mean_value': 1.2233772277832031, 'training/mean_reward': 0.9891000390052795, 'training/mean_advantage_abs': 0.23427718877792358}
{'eval/num_episodes': 200, 'eval/mean_score': np.float64(0.9935), 'eval/std_score': np.float64(0.0247), 'eval/mean_episode_length': np.float64(1.0)}
{'training/total_steps': 32000, 'training/updates': 16, 'training/walltime': np.float64(3.61), 'training/update_time': np.float64(0.146), 'training/policy_pc_loss': 0.009804580360651016, 'training/value_pc_loss': 0.03652069345116615, 'training/mean_value': 1.260145902633667, 'training/mean_reward': 0.991349995136261, 'training/mean_advantage_abs': 0.26879602670669556}
{'eval/num_episodes': 200, 'eval/mean_score': np.float64(0.992), 'eval/std_score': np.float64(0.0271), 'eval/mean_episode_length': np.float64(1.0)}
{'training/total_steps': 34000, 'training/updates': 17, 'training/walltime': np.float64(3.746), 'training/update_time': np.float64(0.134), 'training/policy_pc_loss': 0.009440809488296509, 'training/value_pc_loss': 0.042321011424064636, 'training/mean_value': 1.282639741897583, 'training/mean_reward': 0.9928500056266785, 'training/mean_advantage_abs': 0.28978994488716125}
{'eval/num_episodes': 200, 'eval/mean_score': np.float64(0.9945), 'eval/std_score': np.float64(0.0228), 'eval/mean_episode_length': np.float64(1.0)}
{'training/total_steps': 36000, 'training/updates': 18, 'training/walltime': np.float64(3.879), 'training/update_time': np.float64(0.132), 'training/policy_pc_loss': 0.00752343749627471, 'training/value_pc_loss': 0.04428122192621231, 'training/mean_value': 1.2914503812789917, 'training/mean_reward': 0.9947001338005066, 'training/mean_advantage_abs': 0.29674994945526123}
{'eval/num_episodes': 200, 'eval/mean_score': np.float64(0.9955), 'eval/std_score': np.float64(0.0207), 'eval/mean_episode_length': np.float64(1.0)}
{'training/total_steps': 38000, 'training/updates': 19, 'training/walltime': np.float64(4.03), 'training/update_time': np.float64(0.151), 'training/policy_pc_loss': 0.005617977119982243, 'training/value_pc_loss': 0.04282458871603012, 'training/mean_value': 1.2880593538284302, 'training/mean_reward': 0.9960501790046692, 'training/mean_advantage_abs': 0.292010098695755}
{'eval/num_episodes': 200, 'eval/mean_score': np.float64(0.9985), 'eval/std_score': np.float64(0.0122), 'eval/mean_episode_length': np.float64(1.0)}
{'training/total_steps': 40000, 'training/updates': 20, 'training/walltime': np.float64(4.173), 'training/update_time': np.float64(0.142), 'training/policy_pc_loss': 0.0032976644579321146, 'training/value_pc_loss': 0.03840574249625206, 'training/mean_value': 1.2742676734924316, 'training/mean_reward': 0.9975500106811523, 'training/mean_advantage_abs': 0.27671724557876587}
{'eval/num_episodes': 200, 'eval/mean_score': np.float64(0.9975), 'eval/std_score': np.float64(0.0156), 'eval/mean_episode_length': np.float64(1.0)}
{'training/total_steps': 42000, 'training/updates': 21, 'training/walltime': np.float64(4.312), 'training/update_time': np.float64(0.138), 'training/policy_pc_loss': 0.0018081279704347253, 'training/value_pc_loss': 0.0322093740105629, 'training/mean_value': 1.252017855644226, 'training/mean_reward': 0.9985001683235168, 'training/mean_advantage_abs': 0.25351712107658386}
{'eval/num_episodes': 200, 'eval/mean_score': np.float64(0.9975), 'eval/std_score': np.float64(0.0156), 'eval/mean_episode_length': np.float64(1.0)}
{'training/total_steps': 44000, 'training/updates': 22, 'training/walltime': np.float64(4.45), 'training/update_time': np.float64(0.137), 'training/policy_pc_loss': 0.0020333086140453815, 'training/value_pc_loss': 0.025466542690992355, 'training/mean_value': 1.223249077796936, 'training/mean_reward': 0.9980001449584961, 'training/mean_advantage_abs': 0.22524899244308472}
{'eval/num_episodes': 200, 'eval/mean_score': np.float64(0.998), 'eval/std_score': np.float64(0.014), 'eval/mean_episode_length': np.float64(1.0)}
{'training/total_steps': 46000, 'training/updates': 23, 'training/walltime': np.float64(4.585), 'training/update_time': np.float64(0.134), 'training/policy_pc_loss': 0.001069166581146419, 'training/value_pc_loss': 0.0183219276368618, 'training/mean_value': 1.1897903680801392, 'training/mean_reward': 0.9987001419067383, 'training/mean_advantage_abs': 0.19109028577804565}
{'eval/num_episodes': 200, 'eval/mean_score': np.float64(0.999), 'eval/std_score': np.float64(0.0099), 'eval/mean_episode_length': np.float64(1.0)}
{'training/total_steps': 48000, 'training/updates': 24, 'training/walltime': np.float64(4.723), 'training/update_time': np.float64(0.138), 'training/policy_pc_loss': 0.0007570224697701633, 'training/value_pc_loss': 0.012009535916149616, 'training/mean_value': 1.153398036956787, 'training/mean_reward': 0.9988000988960266, 'training/mean_advantage_abs': 0.15459801256656647}
{'eval/num_episodes': 200, 'eval/mean_score': np.float64(0.998), 'eval/std_score': np.float64(0.014), 'eval/mean_episode_length': np.float64(1.0)}
{'training/total_steps': 50000, 'training/updates': 25, 'training/walltime': np.float64(4.868), 'training/update_time': np.float64(0.144), 'training/policy_pc_loss': 0.000595506455283612, 'training/value_pc_loss': 0.006903889123350382, 'training/mean_value': 1.115659475326538, 'training/mean_reward': 0.9987001419067383, 'training/mean_advantage_abs': 0.11695923656225204}
{'eval/num_episodes': 200, 'eval/mean_score': np.float64(0.9995), 'eval/std_score': np.float64(0.0071), 'eval/mean_episode_length': np.float64(1.0)}
{'training/total_steps': 52000, 'training/updates': 26, 'training/walltime': np.float64(4.999), 'training/update_time': np.float64(0.13), 'training/policy_pc_loss': 0.00028158703935332596, 'training/value_pc_loss': 0.0031559544149786234, 'training/mean_value': 1.0779839754104614, 'training/mean_reward': 0.9991000890731812, 'training/mean_advantage_abs': 0.07888425141572952}
{'eval/num_episodes': 200, 'eval/mean_score': np.float64(1.0), 'eval/std_score': np.float64(0.0), 'eval/mean_episode_length': np.float64(1.0)}
{'training/total_steps': 54000, 'training/updates': 27, 'training/walltime': np.float64(5.139), 'training/update_time': np.float64(0.139), 'training/policy_pc_loss': 8.932576020015404e-05, 'training/value_pc_loss': 0.0009070711093954742, 'training/mean_value': 1.0416144132614136, 'training/mean_reward': 0.9995500445365906, 'training/mean_advantage_abs': 0.04206358268857002}
{'eval/num_episodes': 200, 'eval/mean_score': np.float64(0.9995), 'eval/std_score': np.float64(0.0071), 'eval/mean_episode_length': np.float64(1.0)}
{'training/total_steps': 56000, 'training/updates': 28, 'training/walltime': np.float64(5.281), 'training/update_time': np.float64(0.141), 'training/policy_pc_loss': 6.884297908982262e-05, 'training/value_pc_loss': 6.335265788948163e-05, 'training/mean_value': 1.0075894594192505, 'training/mean_reward': 0.9994000792503357, 'training/mean_advantage_abs': 0.008189340122044086}
{'eval/num_episodes': 200, 'eval/mean_score': np.float64(1.0), 'eval/std_score': np.float64(0.0), 'eval/mean_episode_length': np.float64(1.0)}
{'training/total_steps': 58000, 'training/updates': 29, 'training/walltime': np.float64(5.425), 'training/update_time': np.float64(0.143), 'training/policy_pc_loss': 2.046464942395687e-05, 'training/value_pc_loss': 0.0002800421789288521, 'training/mean_value': 0.9767323732376099, 'training/mean_reward': 0.9996500015258789, 'training/mean_advantage_abs': 0.023454518988728523}
{'eval/num_episodes': 200, 'eval/mean_score': np.float64(1.0), 'eval/std_score': np.float64(0.0), 'eval/mean_episode_length': np.float64(1.0)}
{'training/total_steps': 60000, 'training/updates': 30, 'training/walltime': np.float64(5.568), 'training/update_time': np.float64(0.142), 'training/policy_pc_loss': 3.7029199120297562e-06, 'training/value_pc_loss': 0.0012661120854318142, 'training/mean_value': 0.949678361415863, 'training/mean_reward': 0.9998500347137451, 'training/mean_advantage_abs': 0.05032121017575264}
{'eval/num_episodes': 200, 'eval/mean_score': np.float64(1.0), 'eval/std_score': np.float64(0.0), 'eval/mean_episode_length': np.float64(1.0)}
TRAINING END: training duration: 5.5688982009887695
