|param: value|
|experiment_name:  cleanba_ppo|
|seed:  2|
|platform:  cpu|
|write_logs_to_file:  False|
|save_model:  False|
|env_name:  bandit|
|num_envs:  8|
|num_train_levels:  200|
|distribution_mode:  easy|
|arm_means:  (1.0, 0.9)|
|deterministic_rewards:  True|
|eval_env:  True|
|num_eval_episodes:  200|
|eval_every:  1|
|deterministic_eval:  False|
|total_timesteps:  60000|
|learning_rate:  0.00025|
|adam_eps:  1e-05|
|unroll_length:  250|
|anneal_lr:  False|
|gamma:  0.99|
|gae_lambda:  0.95|
|num_minibatches:  4|
|update_epochs:  4|
|normalize_advantages:  True|
|clip_eps:  0.1|
|clip_vloss:  True|
|entropy_cost:  0.0|
|vf_cost:  0.5|
|max_grad_norm:  0.5|
|use_cnn:  False|
|policy_hidden_layer_sizes:  ()|
|value_hidden_layer_sizes:  ()|
|activation:  <jax._src.custom_derivatives.custom_jvp object at 0x11c7f0650>|
|policy_init_logit_bias:  [0.0, -4.0]|
{'training/total_steps': 2000, 'training/updates': 1, 'training/sps': np.float64(2339.603), 'training/walltime': np.float64(0.855), 'training/rollout_time': np.float64(0.401), 'training/update_time': np.float64(0.453), 'training/approx_kl': 1.6172845107575995e-06, 'training/entropy': 0.08914695680141449, 'training/policy_loss': -0.001623526681214571, 'training/total_loss': 1.619605302810669, 'training/value_loss': 3.242457628250122}
{'eval/num_episodes': 200, 'eval/num_steps': 200, 'eval/mean_score': np.float64(0.996), 'eval/std_score': np.float64(0.018), 'eval/mean_episode_length': np.float64(1.0), 'eval/std_episode_length': np.float64(0.0), 'eval/eval_time': 0.0719449520111084}
{'training/total_steps': 4000, 'training/updates': 2, 'training/sps': np.float64(14194.955), 'training/walltime': np.float64(1.068), 'training/rollout_time': np.float64(0.133), 'training/update_time': np.float64(0.008), 'training/approx_kl': 1.8256828298035543e-06, 'training/entropy': 0.08803758025169373, 'training/policy_loss': -0.0018910295329988003, 'training/total_loss': 1.6089212894439697, 'training/value_loss': 3.2216248512268066}
{'eval/num_episodes': 200, 'eval/num_steps': 200, 'eval/mean_score': np.float64(0.998), 'eval/std_score': np.float64(0.014), 'eval/mean_episode_length': np.float64(1.0), 'eval/std_episode_length': np.float64(0.0), 'eval/eval_time': 0.07417607307434082}
{'training/total_steps': 6000, 'training/updates': 3, 'training/sps': np.float64(14117.91), 'training/walltime': np.float64(1.284), 'training/rollout_time': np.float64(0.131), 'training/update_time': np.float64(0.011), 'training/approx_kl': 1.7754780401446624e-06, 'training/entropy': 0.08692794293165207, 'training/policy_loss': -0.0018636805471032858, 'training/total_loss': 1.5989384651184082, 'training/value_loss': 3.2016043663024902}
{'eval/num_episodes': 200, 'eval/num_steps': 200, 'eval/mean_score': np.float64(0.997), 'eval/std_score': np.float64(0.016), 'eval/mean_episode_length': np.float64(1.0), 'eval/std_episode_length': np.float64(0.0), 'eval/eval_time': 0.07248997688293457}
{'training/total_steps': 8000, 'training/updates': 4, 'training/sps': np.float64(13715.437), 'training/walltime': np.float64(1.503), 'training/rollout_time': np.float64(0.138), 'training/update_time': np.float64(0.008), 'training/approx_kl': 1.5522894045716384e-06, 'training/entropy': 0.08586349338293076, 'training/policy_loss': -0.0016487474786117673, 'training/total_loss': 1.5892932415008545, 'training/value_loss': 3.1818840503692627}
{'eval/num_episodes': 200, 'eval/num_steps': 200, 'eval/mean_score': np.float64(0.998), 'eval/std_score': np.float64(0.012), 'eval/mean_episode_length': np.float64(1.0), 'eval/std_episode_length': np.float64(0.0), 'eval/eval_time': 0.0776529312133789}
{'training/total_steps': 10000, 'training/updates': 5, 'training/sps': np.float64(13436.887), 'training/walltime': np.float64(1.73), 'training/rollout_time': np.float64(0.141), 'training/update_time': np.float64(0.008), 'training/approx_kl': 1.1706595159921562e-06, 'training/entropy': 0.08485861122608185, 'training/policy_loss': -0.00139440200291574, 'training/total_loss': 1.5798313617706299, 'training/value_loss': 3.1624515056610107}
{'eval/num_episodes': 200, 'eval/num_steps': 200, 'eval/mean_score': np.float64(0.999), 'eval/std_score': np.float64(0.01), 'eval/mean_episode_length': np.float64(1.0), 'eval/std_episode_length': np.float64(0.0), 'eval/eval_time': 0.07544922828674316}
{'training/total_steps': 12000, 'training/updates': 6, 'training/sps': np.float64(13923.139), 'training/walltime': np.float64(1.949), 'training/rollout_time': np.float64(0.135), 'training/update_time': np.float64(0.008), 'training/approx_kl': 1.5521069371970952e-06, 'training/entropy': 0.08384612202644348, 'training/policy_loss': -0.0016901292838156223, 'training/total_loss': 1.5689940452575684, 'training/value_loss': 3.1413683891296387}
{'eval/num_episodes': 200, 'eval/num_steps': 200, 'eval/mean_score': np.float64(0.998), 'eval/std_score': np.float64(0.014), 'eval/mean_episode_length': np.float64(1.0), 'eval/std_episode_length': np.float64(0.0), 'eval/eval_time': 0.10043644905090332}
{'training/total_steps': 14000, 'training/updates': 7, 'training/sps': np.float64(9705.207), 'training/walltime': np.float64(2.256), 'training/rollout_time': np.float64(0.198), 'training/update_time': np.float64(0.008), 'training/approx_kl': 2.249639692308847e-06, 'training/entropy': 0.08275579661130905, 'training/policy_loss': -0.002084515057504177, 'training/total_loss': 1.5580501556396484, 'training/value_loss': 3.120269298553467}
{'eval/num_episodes': 200, 'eval/num_steps': 200, 'eval/mean_score': np.float64(0.998), 'eval/std_score': np.float64(0.014), 'eval/mean_episode_length': np.float64(1.0), 'eval/std_episode_length': np.float64(0.0), 'eval/eval_time': 0.08606791496276855}
{'training/total_steps': 16000, 'training/updates': 8, 'training/sps': np.float64(13984.346), 'training/walltime': np.float64(2.485), 'training/rollout_time': np.float64(0.135), 'training/update_time': np.float64(0.008), 'training/approx_kl': 1.6001854419300798e-06, 'training/entropy': 0.08168448507785797, 'training/policy_loss': -0.0016907347599044442, 'training/total_loss': 1.5492091178894043, 'training/value_loss': 3.101799726486206}
{'eval/num_episodes': 200, 'eval/num_steps': 200, 'eval/mean_score': np.float64(0.998), 'eval/std_score': np.float64(0.012), 'eval/mean_episode_length': np.float64(1.0), 'eval/std_episode_length': np.float64(0.0), 'eval/eval_time': 0.07635498046875}
{'training/total_steps': 18000, 'training/updates': 9, 'training/sps': np.float64(13745.034), 'training/walltime': np.float64(2.708), 'training/rollout_time': np.float64(0.138), 'training/update_time': np.float64(0.008), 'training/approx_kl': 9.128693818638567e-07, 'training/entropy': 0.08074885606765747, 'training/policy_loss': -0.0012548742815852165, 'training/total_loss': 1.5402923822402954, 'training/value_loss': 3.083094596862793}
{'eval/num_episodes': 200, 'eval/num_steps': 200, 'eval/mean_score': np.float64(0.997), 'eval/std_score': np.float64(0.017), 'eval/mean_episode_length': np.float64(1.0), 'eval/std_episode_length': np.float64(0.0), 'eval/eval_time': 0.07338094711303711}
{'training/total_steps': 20000, 'training/updates': 10, 'training/sps': np.float64(9871.471), 'training/walltime': np.float64(2.984), 'training/rollout_time': np.float64(0.189), 'training/update_time': np.float64(0.014), 'training/approx_kl': 1.166695824394992e-06, 'training/entropy': 0.07984230667352676, 'training/policy_loss': -0.001507026725448668, 'training/total_loss': 1.5296211242675781, 'training/value_loss': 3.062256336212158}
{'eval/num_episodes': 200, 'eval/num_steps': 200, 'eval/mean_score': np.float64(0.998), 'eval/std_score': np.float64(0.012), 'eval/mean_episode_length': np.float64(1.0), 'eval/std_episode_length': np.float64(0.0), 'eval/eval_time': 0.07424402236938477}
{'training/total_steps': 22000, 'training/updates': 11, 'training/sps': np.float64(14201.732), 'training/walltime': np.float64(3.199), 'training/rollout_time': np.float64(0.133), 'training/update_time': np.float64(0.008), 'training/approx_kl': 1.371329290122958e-06, 'training/entropy': 0.07888121902942657, 'training/policy_loss': -0.0017302059568464756, 'training/total_loss': 1.5193886756896973, 'training/value_loss': 3.0422377586364746}
{'eval/num_episodes': 200, 'eval/num_steps': 200, 'eval/mean_score': np.float64(0.999), 'eval/std_score': np.float64(0.01), 'eval/mean_episode_length': np.float64(1.0), 'eval/std_episode_length': np.float64(0.0), 'eval/eval_time': 0.0740818977355957}
{'training/total_steps': 24000, 'training/updates': 12, 'training/sps': np.float64(14194.883), 'training/walltime': np.float64(3.415), 'training/rollout_time': np.float64(0.131), 'training/update_time': np.float64(0.01), 'training/approx_kl': 1.3037799817539053e-06, 'training/entropy': 0.07791883498430252, 'training/policy_loss': -0.001535168499685824, 'training/total_loss': 1.5099096298217773, 'training/value_loss': 3.0228896141052246}
{'eval/num_episodes': 200, 'eval/num_steps': 200, 'eval/mean_score': np.float64(0.998), 'eval/std_score': np.float64(0.012), 'eval/mean_episode_length': np.float64(1.0), 'eval/std_episode_length': np.float64(0.0), 'eval/eval_time': 0.07367491722106934}
{'training/total_steps': 26000, 'training/updates': 13, 'training/sps': np.float64(14213.956), 'training/walltime': np.float64(3.629), 'training/rollout_time': np.float64(0.133), 'training/update_time': np.float64(0.008), 'training/approx_kl': 1.486283281337819e-06, 'training/entropy': 0.07695817202329636, 'training/policy_loss': -0.0017408195417374372, 'training/total_loss': 1.4997029304504395, 'training/value_loss': 3.00288724899292}
{'eval/num_episodes': 200, 'eval/num_steps': 200, 'eval/mean_score': np.float64(0.997), 'eval/std_score': np.float64(0.016), 'eval/mean_episode_length': np.float64(1.0), 'eval/std_episode_length': np.float64(0.0), 'eval/eval_time': 0.07485222816467285}
{'training/total_steps': 28000, 'training/updates': 14, 'training/sps': np.float64(14500.443), 'training/walltime': np.float64(3.842), 'training/rollout_time': np.float64(0.13), 'training/update_time': np.float64(0.008), 'training/approx_kl': 9.857324130280176e-07, 'training/entropy': 0.07604925334453583, 'training/policy_loss': -0.0013944790698587894, 'training/total_loss': 1.4907912015914917, 'training/value_loss': 2.9843711853027344}
{'eval/num_episodes': 200, 'eval/num_steps': 200, 'eval/mean_score': np.float64(0.997), 'eval/std_score': np.float64(0.017), 'eval/mean_episode_length': np.float64(1.0), 'eval/std_episode_length': np.float64(0.0), 'eval/eval_time': 0.07076406478881836}
{'training/total_steps': 30000, 'training/updates': 15, 'training/sps': np.float64(14261.174), 'training/walltime': np.float64(4.054), 'training/rollout_time': np.float64(0.132), 'training/update_time': np.float64(0.008), 'training/approx_kl': 1.6342225990229053e-06, 'training/entropy': 0.07511600852012634, 'training/policy_loss': -0.0017790603451430798, 'training/total_loss': 1.4798141717910767, 'training/value_loss': 2.963186740875244}
{'eval/num_episodes': 200, 'eval/num_steps': 200, 'eval/mean_score': np.float64(0.998), 'eval/std_score': np.float64(0.014), 'eval/mean_episode_length': np.float64(1.0), 'eval/std_episode_length': np.float64(0.0), 'eval/eval_time': 0.07354021072387695}
{'training/total_steps': 32000, 'training/updates': 16, 'training/sps': np.float64(14071.021), 'training/walltime': np.float64(4.27), 'training/rollout_time': np.float64(0.134), 'training/update_time': np.float64(0.008), 'training/approx_kl': 7.077749160089297e-07, 'training/entropy': 0.07423121482133865, 'training/policy_loss': -0.001143863657489419, 'training/total_loss': 1.471907615661621, 'training/value_loss': 2.946103096008301}
{'eval/num_episodes': 200, 'eval/num_steps': 200, 'eval/mean_score': np.float64(1.0), 'eval/std_score': np.float64(0.0), 'eval/mean_episode_length': np.float64(1.0), 'eval/std_episode_length': np.float64(0.0), 'eval/eval_time': 0.0722799301147461}
{'training/total_steps': 34000, 'training/updates': 17, 'training/sps': np.float64(14233.443), 'training/walltime': np.float64(4.483), 'training/rollout_time': np.float64(0.133), 'training/update_time': np.float64(0.008), 'training/approx_kl': 1.3877238416171167e-06, 'training/entropy': 0.07337343692779541, 'training/policy_loss': -0.0016211493639275432, 'training/total_loss': 1.4608345031738281, 'training/value_loss': 2.9249114990234375}
{'eval/num_episodes': 200, 'eval/num_steps': 200, 'eval/mean_score': np.float64(0.998), 'eval/std_score': np.float64(0.014), 'eval/mean_episode_length': np.float64(1.0), 'eval/std_episode_length': np.float64(0.0), 'eval/eval_time': 0.07001495361328125}
{'training/total_steps': 36000, 'training/updates': 18, 'training/sps': np.float64(14072.933), 'training/walltime': np.float64(4.695), 'training/rollout_time': np.float64(0.134), 'training/update_time': np.float64(0.008), 'training/approx_kl': 6.62283582641976e-07, 'training/entropy': 0.07253566384315491, 'training/policy_loss': -0.001154651865363121, 'training/total_loss': 1.4525138139724731, 'training/value_loss': 2.907336711883545}
{'eval/num_episodes': 200, 'eval/num_steps': 200, 'eval/mean_score': np.float64(0.999), 'eval/std_score': np.float64(0.01), 'eval/mean_episode_length': np.float64(1.0), 'eval/std_episode_length': np.float64(0.0), 'eval/eval_time': 0.07204675674438477}
{'training/total_steps': 38000, 'training/updates': 19, 'training/sps': np.float64(12175.525), 'training/walltime': np.float64(4.932), 'training/rollout_time': np.float64(0.156), 'training/update_time': np.float64(0.008), 'training/approx_kl': 1.0186056442762492e-06, 'training/entropy': 0.0717201679944992, 'training/policy_loss': -0.00136418582405895, 'training/total_loss': 1.4420686960220337, 'training/value_loss': 2.8868656158447266}
{'eval/num_episodes': 200, 'eval/num_steps': 200, 'eval/mean_score': np.float64(1.0), 'eval/std_score': np.float64(0.0), 'eval/mean_episode_length': np.float64(1.0), 'eval/std_episode_length': np.float64(0.0), 'eval/eval_time': 0.10456609725952148}
{'training/total_steps': 40000, 'training/updates': 20, 'training/sps': np.float64(13958.261), 'training/walltime': np.float64(5.18), 'training/rollout_time': np.float64(0.134), 'training/update_time': np.float64(0.01), 'training/approx_kl': 1.7700107264317921e-06, 'training/entropy': 0.07080238312482834, 'training/policy_loss': -0.001848964486271143, 'training/total_loss': 1.4315232038497925, 'training/value_loss': 2.8667445182800293}
{'eval/num_episodes': 200, 'eval/num_steps': 200, 'eval/mean_score': np.float64(0.998), 'eval/std_score': np.float64(0.012), 'eval/mean_episode_length': np.float64(1.0), 'eval/std_episode_length': np.float64(0.0), 'eval/eval_time': 0.07411527633666992}
{'training/total_steps': 42000, 'training/updates': 21, 'training/sps': np.float64(14200.314), 'training/walltime': np.float64(5.396), 'training/rollout_time': np.float64(0.133), 'training/update_time': np.float64(0.008), 'training/approx_kl': 1.585497102496447e-06, 'training/entropy': 0.06985576450824738, 'training/policy_loss': -0.0017436177004128695, 'training/total_loss': 1.4223129749298096, 'training/value_loss': 2.8481130599975586}
{'eval/num_episodes': 200, 'eval/num_steps': 200, 'eval/mean_score': np.float64(0.997), 'eval/std_score': np.float64(0.016), 'eval/mean_episode_length': np.float64(1.0), 'eval/std_episode_length': np.float64(0.0), 'eval/eval_time': 0.07266521453857422}
{'training/total_steps': 44000, 'training/updates': 22, 'training/sps': np.float64(12640.07), 'training/walltime': np.float64(5.627), 'training/rollout_time': np.float64(0.148), 'training/update_time': np.float64(0.01), 'training/approx_kl': 1.05270191852469e-06, 'training/entropy': 0.06899368762969971, 'training/policy_loss': -0.001416471553966403, 'training/total_loss': 1.413573980331421, 'training/value_loss': 2.8299808502197266}
{'eval/num_episodes': 200, 'eval/num_steps': 200, 'eval/mean_score': np.float64(0.998), 'eval/std_score': np.float64(0.012), 'eval/mean_episode_length': np.float64(1.0), 'eval/std_episode_length': np.float64(0.0), 'eval/eval_time': 0.07962679862976074}
{'training/total_steps': 46000, 'training/updates': 23, 'training/sps': np.float64(12840.106), 'training/walltime': np.float64(5.863), 'training/rollout_time': np.float64(0.145), 'training/update_time': np.float64(0.011), 'training/approx_kl': 6.989846497162944e-07, 'training/entropy': 0.06821433454751968, 'training/policy_loss': -0.001112049212679267, 'training/total_loss': 1.4046516418457031, 'training/value_loss': 2.8115272521972656}
{'eval/num_episodes': 200, 'eval/num_steps': 200, 'eval/mean_score': np.float64(0.999), 'eval/std_score': np.float64(0.01), 'eval/mean_episode_length': np.float64(1.0), 'eval/std_episode_length': np.float64(0.0), 'eval/eval_time': 0.08190703392028809}
{'training/total_steps': 48000, 'training/updates': 24, 'training/sps': np.float64(6826.706), 'training/walltime': np.float64(6.238), 'training/rollout_time': np.float64(0.285), 'training/update_time': np.float64(0.008), 'training/approx_kl': 1.8367036318522878e-06, 'training/entropy': 0.06736627221107483, 'training/policy_loss': -0.0018134337151423097, 'training/total_loss': 1.3932664394378662, 'training/value_loss': 2.7901597023010254}
{'eval/num_episodes': 200, 'eval/num_steps': 200, 'eval/mean_score': np.float64(0.997), 'eval/std_score': np.float64(0.016), 'eval/mean_episode_length': np.float64(1.0), 'eval/std_episode_length': np.float64(0.0), 'eval/eval_time': 0.07343101501464844}
{'training/total_steps': 50000, 'training/updates': 25, 'training/sps': np.float64(14577.804), 'training/walltime': np.float64(6.449), 'training/rollout_time': np.float64(0.129), 'training/update_time': np.float64(0.008), 'training/approx_kl': 1.1907513908226974e-06, 'training/entropy': 0.06648990511894226, 'training/policy_loss': -0.0015617955941706896, 'training/total_loss': 1.385015845298767, 'training/value_loss': 2.7731552124023438}
{'eval/num_episodes': 200, 'eval/num_steps': 200, 'eval/mean_score': np.float64(0.999), 'eval/std_score': np.float64(0.007), 'eval/mean_episode_length': np.float64(1.0), 'eval/std_episode_length': np.float64(0.0), 'eval/eval_time': 0.07626008987426758}
{'training/total_steps': 52000, 'training/updates': 26, 'training/sps': np.float64(13204.459), 'training/walltime': np.float64(6.677), 'training/rollout_time': np.float64(0.141), 'training/update_time': np.float64(0.01), 'training/approx_kl': 1.3753143548456137e-06, 'training/entropy': 0.06565377116203308, 'training/policy_loss': -0.0016136200865730643, 'training/total_loss': 1.37521493434906, 'training/value_loss': 2.753657102584839}
{'eval/num_episodes': 200, 'eval/num_steps': 200, 'eval/mean_score': np.float64(0.999), 'eval/std_score': np.float64(0.007), 'eval/mean_episode_length': np.float64(1.0), 'eval/std_episode_length': np.float64(0.0), 'eval/eval_time': 0.07573676109313965}
{'training/total_steps': 54000, 'training/updates': 27, 'training/sps': np.float64(9695.123), 'training/walltime': np.float64(6.959), 'training/rollout_time': np.float64(0.198), 'training/update_time': np.float64(0.008), 'training/approx_kl': 1.04572018244653e-06, 'training/entropy': 0.06483189761638641, 'training/policy_loss': -0.0013769492506980896, 'training/total_loss': 1.366422176361084, 'training/value_loss': 2.735598087310791}
{'eval/num_episodes': 200, 'eval/num_steps': 200, 'eval/mean_score': np.float64(0.998), 'eval/std_score': np.float64(0.012), 'eval/mean_episode_length': np.float64(1.0), 'eval/std_episode_length': np.float64(0.0), 'eval/eval_time': 0.07745504379272461}
{'training/total_steps': 56000, 'training/updates': 28, 'training/sps': np.float64(14655.662), 'training/walltime': np.float64(7.174), 'training/rollout_time': np.float64(0.129), 'training/update_time': np.float64(0.008), 'training/approx_kl': 6.963704208828858e-07, 'training/entropy': 0.06410309672355652, 'training/policy_loss': -0.001039181835949421, 'training/total_loss': 1.3578001260757446, 'training/value_loss': 2.7176785469055176}
{'eval/num_episodes': 200, 'eval/num_steps': 200, 'eval/mean_score': np.float64(0.999), 'eval/std_score': np.float64(0.01), 'eval/mean_episode_length': np.float64(1.0), 'eval/std_episode_length': np.float64(0.0), 'eval/eval_time': 0.07180023193359375}
{'training/total_steps': 58000, 'training/updates': 29, 'training/sps': np.float64(14260.253), 'training/walltime': np.float64(7.386), 'training/rollout_time': np.float64(0.132), 'training/update_time': np.float64(0.008), 'training/approx_kl': 7.989034429556341e-07, 'training/entropy': 0.0634002760052681, 'training/policy_loss': -0.0012286265846341848, 'training/total_loss': 1.3479948043823242, 'training/value_loss': 2.6984469890594482}
{'eval/num_episodes': 200, 'eval/num_steps': 200, 'eval/mean_score': np.float64(0.999), 'eval/std_score': np.float64(0.007), 'eval/mean_episode_length': np.float64(1.0), 'eval/std_episode_length': np.float64(0.0), 'eval/eval_time': 0.0720367431640625}
{'training/total_steps': 60000, 'training/updates': 30, 'training/sps': np.float64(14252.718), 'training/walltime': np.float64(7.599), 'training/rollout_time': np.float64(0.132), 'training/update_time': np.float64(0.008), 'training/approx_kl': 9.33100466227188e-07, 'training/entropy': 0.06264987587928772, 'training/policy_loss': -0.0013351128436625004, 'training/total_loss': 1.338430404663086, 'training/value_loss': 2.6795310974121094}
{'eval/num_episodes': 200, 'eval/num_steps': 200, 'eval/mean_score': np.float64(0.999), 'eval/std_score': np.float64(0.007), 'eval/mean_episode_length': np.float64(1.0), 'eval/std_episode_length': np.float64(0.0), 'eval/eval_time': 0.07296991348266602}
TRAINING END: training duration: 7.671966314315796
{'final_eval/num_episodes': 200, 'final_eval/num_steps': 200, 'final_eval/mean_score': np.float64(1.0), 'final_eval/std_score': np.float64(0.0), 'final_eval/mean_episode_length': np.float64(1.0), 'final_eval/std_episode_length': np.float64(0.0)}
