|param: value|
|experiment_name:  reinforce_procgen|
|seed:  2|
|platform:  cpu|
|write_logs_to_file:  False|
|save_model:  False|
|env_name:  bandit|
|num_envs:  1|
|num_train_levels:  200|
|distribution_mode:  easy|
|arm_means:  (1.0, 0.9)|
|deterministic_rewards:  True|
|eval_env:  True|
|num_eval_episodes:  200|
|eval_every:  1|
|deterministic_eval:  False|
|normalize_observations:  True|
|total_timesteps:  60000|
|learning_rate:  0.5|
|optimizer:  sgd|
|unroll_length:  2048|
|anneal_lr:  False|
|gamma:  0.99|
|batch_size:  1|
|num_minibatches:  1|
|update_epochs:  1|
|entropy_cost:  0.0|
|max_grad_norm:  0.5|
|reward_scaling:  1.0|
|use_cnn:  False|
|policy_hidden_layer_sizes:  ()|
|value_hidden_layer_sizes:  ()|
|activation:  <jax._src.custom_derivatives.custom_jvp object at 0x11c7f0650>|
|policy_init_logit_bias:  [0.0, -4.0]|
{'training/total_steps': 2000, 'training/updates': 1, 'training/sps': np.float64(1978.526), 'training/walltime': np.float64(1.011), 'training/rollout_time': np.float64(0.452), 'training/update_time': np.float64(0.559), 'training/approx_kl': 0.0, 'training/entropy': 0.09009480476379395, 'training/policy_loss': 0.0993398055434227, 'training/total_loss': 0.7960634827613831, 'training/value_loss': 1.3934472799301147}
{'eval/num_episodes': 200, 'eval/num_steps': 200, 'eval/mean_score': np.float64(0.997), 'eval/std_score': np.float64(0.017), 'eval/mean_episode_length': np.float64(1.0), 'eval/std_episode_length': np.float64(0.0), 'eval/eval_time': 0.11655783653259277}
{'training/total_steps': 4000, 'training/updates': 2, 'training/sps': np.float64(6230.741), 'training/walltime': np.float64(1.449), 'training/rollout_time': np.float64(0.319), 'training/update_time': np.float64(0.002), 'training/approx_kl': 0.0, 'training/entropy': 0.09002072364091873, 'training/policy_loss': 0.055811557918787, 'training/total_loss': 0.39802396297454834, 'training/value_loss': 0.6844248175621033}
{'eval/num_episodes': 200, 'eval/num_steps': 200, 'eval/mean_score': np.float64(0.997), 'eval/std_score': np.float64(0.017), 'eval/mean_episode_length': np.float64(1.0), 'eval/std_episode_length': np.float64(0.0), 'eval/eval_time': 0.07370710372924805}
{'training/total_steps': 6000, 'training/updates': 3, 'training/sps': np.float64(4974.615), 'training/walltime': np.float64(1.925), 'training/rollout_time': np.float64(0.401), 'training/update_time': np.float64(0.001), 'training/approx_kl': 0.0, 'training/entropy': 0.08973963558673859, 'training/policy_loss': 0.031085314229130745, 'training/total_loss': 0.14329546689987183, 'training/value_loss': 0.22442029416561127}
{'eval/num_episodes': 200, 'eval/num_steps': 200, 'eval/mean_score': np.float64(0.998), 'eval/std_score': np.float64(0.012), 'eval/mean_episode_length': np.float64(1.0), 'eval/std_episode_length': np.float64(0.0), 'eval/eval_time': 0.07545709609985352}
{'training/total_steps': 8000, 'training/updates': 4, 'training/sps': np.float64(5577.68), 'training/walltime': np.float64(2.36), 'training/rollout_time': np.float64(0.356), 'training/update_time': np.float64(0.002), 'training/approx_kl': 0.0, 'training/entropy': 0.08944059163331985, 'training/policy_loss': 0.003707252675667405, 'training/total_loss': 0.010963687673211098, 'training/value_loss': 0.014512869529426098}
{'eval/num_episodes': 200, 'eval/num_steps': 200, 'eval/mean_score': np.float64(0.997), 'eval/std_score': np.float64(0.016), 'eval/mean_episode_length': np.float64(1.0), 'eval/std_episode_length': np.float64(0.0), 'eval/eval_time': 0.09234404563903809}
{'training/total_steps': 10000, 'training/updates': 5, 'training/sps': np.float64(6260.347), 'training/walltime': np.float64(2.772), 'training/rollout_time': np.float64(0.318), 'training/update_time': np.float64(0.001), 'training/approx_kl': 0.0, 'training/entropy': 0.08919574320316315, 'training/policy_loss': -0.008082629181444645, 'training/total_loss': -0.00798219908028841, 'training/value_loss': 0.0002008600567933172}
{'eval/num_episodes': 200, 'eval/num_steps': 200, 'eval/mean_score': np.float64(0.998), 'eval/std_score': np.float64(0.012), 'eval/mean_episode_length': np.float64(1.0), 'eval/std_episode_length': np.float64(0.0), 'eval/eval_time': 0.07555103302001953}
{'training/total_steps': 12000, 'training/updates': 6, 'training/sps': np.float64(5728.84), 'training/walltime': np.float64(3.197), 'training/rollout_time': np.float64(0.347), 'training/update_time': np.float64(0.002), 'training/approx_kl': 0.0, 'training/entropy': 0.08891494572162628, 'training/policy_loss': -0.008065636269748211, 'training/total_loss': -0.007965237833559513, 'training/value_loss': 0.00020079754176549613}
{'eval/num_episodes': 200, 'eval/num_steps': 200, 'eval/mean_score': np.float64(0.999), 'eval/std_score': np.float64(0.01), 'eval/mean_episode_length': np.float64(1.0), 'eval/std_episode_length': np.float64(0.0), 'eval/eval_time': 0.07384514808654785}
{'training/total_steps': 14000, 'training/updates': 7, 'training/sps': np.float64(6284.43), 'training/walltime': np.float64(3.59), 'training/rollout_time': np.float64(0.317), 'training/update_time': np.float64(0.002), 'training/approx_kl': 0.0, 'training/entropy': 0.08863504230976105, 'training/policy_loss': -0.006886849645525217, 'training/total_loss': -0.006800835952162743, 'training/value_loss': 0.00017202753224410117}
{'eval/num_episodes': 200, 'eval/num_steps': 200, 'eval/mean_score': np.float64(0.998), 'eval/std_score': np.float64(0.012), 'eval/mean_episode_length': np.float64(1.0), 'eval/std_episode_length': np.float64(0.0), 'eval/eval_time': 0.072723388671875}
{'training/total_steps': 16000, 'training/updates': 8, 'training/sps': np.float64(6322.355), 'training/walltime': np.float64(3.979), 'training/rollout_time': np.float64(0.315), 'training/update_time': np.float64(0.002), 'training/approx_kl': 0.0, 'training/entropy': 0.08839590847492218, 'training/policy_loss': -0.007514940574765205, 'training/total_loss': -0.007421734277158976, 'training/value_loss': 0.00018641252245288342}
{'eval/num_episodes': 200, 'eval/num_steps': 200, 'eval/mean_score': np.float64(0.999), 'eval/std_score': np.float64(0.01), 'eval/mean_episode_length': np.float64(1.0), 'eval/std_episode_length': np.float64(0.0), 'eval/eval_time': 0.0713498592376709}
{'training/total_steps': 18000, 'training/updates': 9, 'training/sps': np.float64(5924.962), 'training/walltime': np.float64(4.388), 'training/rollout_time': np.float64(0.336), 'training/update_time': np.float64(0.001), 'training/approx_kl': 0.0, 'training/entropy': 0.08813739567995071, 'training/policy_loss': -0.006118573248386383, 'training/total_loss': -0.006042213179171085, 'training/value_loss': 0.0001527200365671888}
{'eval/num_episodes': 200, 'eval/num_steps': 200, 'eval/mean_score': np.float64(0.999), 'eval/std_score': np.float64(0.01), 'eval/mean_episode_length': np.float64(1.0), 'eval/std_episode_length': np.float64(0.0), 'eval/eval_time': 0.07161927223205566}
{'training/total_steps': 20000, 'training/updates': 10, 'training/sps': np.float64(6406.951), 'training/walltime': np.float64(4.773), 'training/rollout_time': np.float64(0.311), 'training/update_time': np.float64(0.002), 'training/approx_kl': 0.0, 'training/entropy': 0.08792614936828613, 'training/policy_loss': -0.008542955853044987, 'training/total_loss': -0.008437586948275566, 'training/value_loss': 0.0002107376349158585}
{'eval/num_episodes': 200, 'eval/num_steps': 200, 'eval/mean_score': np.float64(0.997), 'eval/std_score': np.float64(0.017), 'eval/mean_episode_length': np.float64(1.0), 'eval/std_episode_length': np.float64(0.0), 'eval/eval_time': 0.07321476936340332}
{'training/total_steps': 22000, 'training/updates': 11, 'training/sps': np.float64(5087.739), 'training/walltime': np.float64(5.239), 'training/rollout_time': np.float64(0.392), 'training/update_time': np.float64(0.002), 'training/approx_kl': 0.0, 'training/entropy': 0.08763551712036133, 'training/policy_loss': -0.007894356735050678, 'training/total_loss': -0.00779634527862072, 'training/value_loss': 0.0001960225636139512}
{'eval/num_episodes': 200, 'eval/num_steps': 200, 'eval/mean_score': np.float64(1.0), 'eval/std_score': np.float64(0.0), 'eval/mean_episode_length': np.float64(1.0), 'eval/std_episode_length': np.float64(0.0), 'eval/eval_time': 0.07459092140197754}
{'training/total_steps': 24000, 'training/updates': 12, 'training/sps': np.float64(5264.349), 'training/walltime': np.float64(5.694), 'training/rollout_time': np.float64(0.378), 'training/update_time': np.float64(0.001), 'training/approx_kl': 0.0, 'training/entropy': 0.08736588060855865, 'training/policy_loss': -0.008115564472973347, 'training/total_loss': -0.0080151641741395, 'training/value_loss': 0.00020080013200640678}
{'eval/num_episodes': 200, 'eval/num_steps': 200, 'eval/mean_score': np.float64(0.999), 'eval/std_score': np.float64(0.01), 'eval/mean_episode_length': np.float64(1.0), 'eval/std_episode_length': np.float64(0.0), 'eval/eval_time': 0.07122015953063965}
{'training/total_steps': 26000, 'training/updates': 13, 'training/sps': np.float64(6445.596), 'training/walltime': np.float64(6.076), 'training/rollout_time': np.float64(0.309), 'training/update_time': np.float64(0.001), 'training/approx_kl': 0.0, 'training/entropy': 0.08709042519330978, 'training/policy_loss': -0.0073230755515396595, 'training/total_loss': -0.007232266943901777, 'training/value_loss': 0.00018161765183322132}
{'eval/num_episodes': 200, 'eval/num_steps': 200, 'eval/mean_score': np.float64(0.997), 'eval/std_score': np.float64(0.017), 'eval/mean_episode_length': np.float64(1.0), 'eval/std_episode_length': np.float64(0.0), 'eval/eval_time': 0.11425614356994629}
{'training/total_steps': 28000, 'training/updates': 14, 'training/sps': np.float64(5758.345), 'training/walltime': np.float64(6.538), 'training/rollout_time': np.float64(0.346), 'training/update_time': np.float64(0.001), 'training/approx_kl': 0.0, 'training/entropy': 0.08684205263853073, 'training/policy_loss': -0.006350787356495857, 'training/total_loss': -0.006272036116570234, 'training/value_loss': 0.00015750262537039816}
{'eval/num_episodes': 200, 'eval/num_steps': 200, 'eval/mean_score': np.float64(0.999), 'eval/std_score': np.float64(0.007), 'eval/mean_episode_length': np.float64(1.0), 'eval/std_episode_length': np.float64(0.0), 'eval/eval_time': 0.07162189483642578}
{'training/total_steps': 30000, 'training/updates': 15, 'training/sps': np.float64(6385.555), 'training/walltime': np.float64(6.923), 'training/rollout_time': np.float64(0.312), 'training/update_time': np.float64(0.002), 'training/approx_kl': 0.0, 'training/entropy': 0.08662708103656769, 'training/policy_loss': -0.004975412040948868, 'training/total_loss': -0.004913631826639175, 'training/value_loss': 0.0001235600357176736}
{'eval/num_episodes': 200, 'eval/num_steps': 200, 'eval/mean_score': np.float64(0.997), 'eval/std_score': np.float64(0.016), 'eval/mean_episode_length': np.float64(1.0), 'eval/std_episode_length': np.float64(0.0), 'eval/eval_time': 0.07188892364501953}
{'training/total_steps': 32000, 'training/updates': 16, 'training/sps': np.float64(5958.284), 'training/walltime': np.float64(7.331), 'training/rollout_time': np.float64(0.334), 'training/update_time': np.float64(0.001), 'training/approx_kl': 0.0, 'training/entropy': 0.08645869791507721, 'training/policy_loss': -0.005605081096291542, 'training/total_loss': -0.0055360496044158936, 'training/value_loss': 0.00013806266360916197}
{'eval/num_episodes': 200, 'eval/num_steps': 200, 'eval/mean_score': np.float64(0.998), 'eval/std_score': np.float64(0.014), 'eval/mean_episode_length': np.float64(1.0), 'eval/std_episode_length': np.float64(0.0), 'eval/eval_time': 0.07066583633422852}
{'training/total_steps': 34000, 'training/updates': 17, 'training/sps': np.float64(6493.067), 'training/walltime': np.float64(7.711), 'training/rollout_time': np.float64(0.307), 'training/update_time': np.float64(0.001), 'training/approx_kl': 0.0, 'training/entropy': 0.08627112209796906, 'training/policy_loss': -0.0064009190537035465, 'training/total_loss': -0.006322178989648819, 'training/value_loss': 0.00015748015721328557}
{'eval/num_episodes': 200, 'eval/num_steps': 200, 'eval/mean_score': np.float64(0.998), 'eval/std_score': np.float64(0.014), 'eval/mean_episode_length': np.float64(1.0), 'eval/std_episode_length': np.float64(0.0), 'eval/eval_time': 0.07154417037963867}
{'training/total_steps': 36000, 'training/updates': 18, 'training/sps': np.float64(6448.371), 'training/walltime': np.float64(8.093), 'training/rollout_time': np.float64(0.309), 'training/update_time': np.float64(0.001), 'training/approx_kl': 0.0, 'training/entropy': 0.08605749905109406, 'training/policy_loss': -0.00719156488776207, 'training/total_loss': -0.007103164680302143, 'training/value_loss': 0.00017680008022580296}
{'eval/num_episodes': 200, 'eval/num_steps': 200, 'eval/mean_score': np.float64(0.997), 'eval/std_score': np.float64(0.016), 'eval/mean_episode_length': np.float64(1.0), 'eval/std_episode_length': np.float64(0.0), 'eval/eval_time': 0.07159876823425293}
{'training/total_steps': 38000, 'training/updates': 19, 'training/sps': np.float64(6020.957), 'training/walltime': np.float64(8.497), 'training/rollout_time': np.float64(0.331), 'training/update_time': np.float64(0.002), 'training/approx_kl': 0.0, 'training/entropy': 0.08581822365522385, 'training/policy_loss': -0.006979486905038357, 'training/total_loss': -0.006893516983836889, 'training/value_loss': 0.00017194004612974823}
{'eval/num_episodes': 200, 'eval/num_steps': 200, 'eval/mean_score': np.float64(0.998), 'eval/std_score': np.float64(0.014), 'eval/mean_episode_length': np.float64(1.0), 'eval/std_episode_length': np.float64(0.0), 'eval/eval_time': 0.07222795486450195}
{'training/total_steps': 40000, 'training/updates': 20, 'training/sps': np.float64(6493.294), 'training/walltime': np.float64(8.877), 'training/rollout_time': np.float64(0.307), 'training/update_time': np.float64(0.001), 'training/approx_kl': 0.0, 'training/entropy': 0.0855860635638237, 'training/policy_loss': -0.006588695105165243, 'training/total_loss': -0.006507551297545433, 'training/value_loss': 0.00016228754248004407}
{'eval/num_episodes': 200, 'eval/num_steps': 200, 'eval/mean_score': np.float64(0.996), 'eval/std_score': np.float64(0.018), 'eval/mean_episode_length': np.float64(1.0), 'eval/std_episode_length': np.float64(0.0), 'eval/eval_time': 0.07033705711364746}
{'training/total_steps': 42000, 'training/updates': 21, 'training/sps': np.float64(6349.551), 'training/walltime': np.float64(9.263), 'training/rollout_time': np.float64(0.314), 'training/update_time': np.float64(0.001), 'training/approx_kl': 0.0, 'training/entropy': 0.08536751568317413, 'training/policy_loss': -0.008008806966245174, 'training/total_loss': -0.007910745218396187, 'training/value_loss': 0.000196122593479231}
{'eval/num_episodes': 200, 'eval/num_steps': 200, 'eval/mean_score': np.float64(0.997), 'eval/std_score': np.float64(0.016), 'eval/mean_episode_length': np.float64(1.0), 'eval/std_episode_length': np.float64(0.0), 'eval/eval_time': 0.07333707809448242}
{'training/total_steps': 44000, 'training/updates': 22, 'training/sps': np.float64(5789.587), 'training/walltime': np.float64(9.682), 'training/rollout_time': np.float64(0.344), 'training/update_time': np.float64(0.001), 'training/approx_kl': 0.0, 'training/entropy': 0.08510416001081467, 'training/policy_loss': -0.0055773211643099785, 'training/total_loss': -0.005508121103048325, 'training/value_loss': 0.0001384000206599012}
{'eval/num_episodes': 200, 'eval/num_steps': 200, 'eval/mean_score': np.float64(0.998), 'eval/std_score': np.float64(0.014), 'eval/mean_episode_length': np.float64(1.0), 'eval/std_episode_length': np.float64(0.0), 'eval/eval_time': 0.07160305976867676}
{'training/total_steps': 46000, 'training/updates': 23, 'training/sps': np.float64(6231.439), 'training/walltime': np.float64(10.075), 'training/rollout_time': np.float64(0.319), 'training/update_time': np.float64(0.001), 'training/approx_kl': 0.0, 'training/entropy': 0.08491897583007812, 'training/policy_loss': -0.006634241435676813, 'training/total_loss': -0.006553071551024914, 'training/value_loss': 0.0001623401476535946}
{'eval/num_episodes': 200, 'eval/num_steps': 200, 'eval/mean_score': np.float64(0.999), 'eval/std_score': np.float64(0.01), 'eval/mean_episode_length': np.float64(1.0), 'eval/std_episode_length': np.float64(0.0), 'eval/eval_time': 0.07183718681335449}
{'training/total_steps': 48000, 'training/updates': 24, 'training/sps': np.float64(5835.769), 'training/walltime': np.float64(10.49), 'training/rollout_time': np.float64(0.341), 'training/update_time': np.float64(0.002), 'training/approx_kl': 0.0, 'training/entropy': 0.08470194786787033, 'training/policy_loss': -0.004805889446288347, 'training/total_loss': -0.004746508318930864, 'training/value_loss': 0.00011876253120135516}
{'eval/num_episodes': 200, 'eval/num_steps': 200, 'eval/mean_score': np.float64(0.997), 'eval/std_score': np.float64(0.016), 'eval/mean_episode_length': np.float64(1.0), 'eval/std_episode_length': np.float64(0.0), 'eval/eval_time': 0.10087394714355469}
{'training/total_steps': 50000, 'training/updates': 25, 'training/sps': np.float64(6231.773), 'training/walltime': np.float64(10.913), 'training/rollout_time': np.float64(0.32), 'training/update_time': np.float64(0.001), 'training/approx_kl': 0.0, 'training/entropy': 0.08454345911741257, 'training/policy_loss': -0.006862609181553125, 'training/total_loss': -0.006778929382562637, 'training/value_loss': 0.00016736001998651773}
{'eval/num_episodes': 200, 'eval/num_steps': 200, 'eval/mean_score': np.float64(0.998), 'eval/std_score': np.float64(0.012), 'eval/mean_episode_length': np.float64(1.0), 'eval/std_episode_length': np.float64(0.0), 'eval/eval_time': 0.07466697692871094}
{'training/total_steps': 52000, 'training/updates': 26, 'training/sps': np.float64(4438.537), 'training/walltime': np.float64(11.438), 'training/rollout_time': np.float64(0.449), 'training/update_time': np.float64(0.002), 'training/approx_kl': 0.0, 'training/entropy': 0.08432095497846603, 'training/policy_loss': -0.005212542600929737, 'training/total_loss': -0.005148307420313358, 'training/value_loss': 0.00012847005564253777}
{'eval/num_episodes': 200, 'eval/num_steps': 200, 'eval/mean_score': np.float64(0.999), 'eval/std_score': np.float64(0.01), 'eval/mean_episode_length': np.float64(1.0), 'eval/std_episode_length': np.float64(0.0), 'eval/eval_time': 0.07568693161010742}
{'training/total_steps': 54000, 'training/updates': 27, 'training/sps': np.float64(5865.86), 'training/walltime': np.float64(11.855), 'training/rollout_time': np.float64(0.339), 'training/update_time': np.float64(0.002), 'training/approx_kl': 0.0, 'training/entropy': 0.08415015041828156, 'training/policy_loss': -0.007471430115401745, 'training/total_loss': -0.007380490191280842, 'training/value_loss': 0.00018188015383202583}
{'eval/num_episodes': 200, 'eval/num_steps': 200, 'eval/mean_score': np.float64(0.997), 'eval/std_score': np.float64(0.016), 'eval/mean_episode_length': np.float64(1.0), 'eval/std_episode_length': np.float64(0.0), 'eval/eval_time': 0.07369422912597656}
{'training/total_steps': 56000, 'training/updates': 28, 'training/sps': np.float64(6403.811), 'training/walltime': np.float64(12.242), 'training/rollout_time': np.float64(0.309), 'training/update_time': np.float64(0.003), 'training/approx_kl': 0.0, 'training/entropy': 0.0839092805981636, 'training/policy_loss': -0.007225713226944208, 'training/total_loss': -0.007137332111597061, 'training/value_loss': 0.0001767626090440899}
{'eval/num_episodes': 200, 'eval/num_steps': 200, 'eval/mean_score': np.float64(0.998), 'eval/std_score': np.float64(0.014), 'eval/mean_episode_length': np.float64(1.0), 'eval/std_episode_length': np.float64(0.0), 'eval/eval_time': 0.12269210815429688}
{'training/total_steps': 58000, 'training/updates': 29, 'training/sps': np.float64(5925.154), 'training/walltime': np.float64(12.703), 'training/rollout_time': np.float64(0.336), 'training/update_time': np.float64(0.001), 'training/approx_kl': 0.0, 'training/entropy': 0.08367561548948288, 'training/policy_loss': -0.007841994054615498, 'training/total_loss': -0.007746384013444185, 'training/value_loss': 0.0001912200968945399}
{'eval/num_episodes': 200, 'eval/num_steps': 200, 'eval/mean_score': np.float64(0.999), 'eval/std_score': np.float64(0.01), 'eval/mean_episode_length': np.float64(1.0), 'eval/std_episode_length': np.float64(0.0), 'eval/eval_time': 0.07459878921508789}
{'training/total_steps': 60000, 'training/updates': 30, 'training/sps': np.float64(6472.746), 'training/walltime': np.float64(13.087), 'training/rollout_time': np.float64(0.308), 'training/update_time': np.float64(0.001), 'training/approx_kl': 0.0, 'training/entropy': 0.08342337608337402, 'training/policy_loss': -0.006624544505029917, 'training/total_loss': -0.006543360650539398, 'training/value_loss': 0.00016236760711763054}
{'eval/num_episodes': 200, 'eval/num_steps': 200, 'eval/mean_score': np.float64(0.998), 'eval/std_score': np.float64(0.012), 'eval/mean_episode_length': np.float64(1.0), 'eval/std_episode_length': np.float64(0.0), 'eval/eval_time': 0.07202816009521484}
TRAINING END: training duration: 13.159082889556885
{'final_eval/num_episodes': 200, 'final_eval/num_steps': 200, 'final_eval/mean_score': np.float64(1.0), 'final_eval/std_score': np.float64(0.0), 'final_eval/mean_episode_length': np.float64(1.0), 'final_eval/std_episode_length': np.float64(0.0)}
