|param: value|
|experiment_name:  trpo_procgen|
|seed:  2|
|platform:  cpu|
|write_logs_to_file:  False|
|save_model:  False|
|env_name:  bandit|
|num_envs:  8|
|num_train_levels:  200|
|distribution_mode:  easy|
|arm_means:  (1.0, 0.9)|
|deterministic_rewards:  True|
|eval_env:  True|
|num_eval_episodes:  200|
|eval_every:  1|
|deterministic_eval:  False|
|normalize_observations:  True|
|total_timesteps:  60000|
|learning_rate:  0.01|
|unroll_length:  250|
|anneal_lr:  False|
|gamma:  0.99|
|gae_lambda:  0.95|
|batch_size:  1|
|num_minibatches:  8|
|update_epochs:  10|
|normalize_advantages:  True|
|target_kl:  0.01|
|cg_damping:  0.1|
|cg_max_iterations:  10|
|line_search_max_iter:  10|
|line_search_shrinking_factor:  0.8|
|vf_cost:  1.0|
|max_grad_norm:  0.5|
|reward_scaling:  1.0|
|use_cnn:  False|
|policy_hidden_layer_sizes:  ()|
|value_hidden_layer_sizes:  ()|
|activation:  <jax._src.custom_derivatives.custom_jvp object at 0x11c7f0650>|
|policy_init_logit_bias:  [0.0, -4.0]|
|entropy_cost:  0.0|
{'training/total_steps': 2000, 'training/updates': 1, 'training/sps': np.float64(1508.461), 'training/walltime': np.float64(1.326), 'training/rollout_time': np.float64(0.115), 'training/update_time': np.float64(1.211), 'training/iterations': 1.0, 'training/kl_div': 0.0009386290330439806, 'training/line_search_success': 1.0, 'training/new_policy_objective': 0.1097327321767807, 'training/policy_objective': 0.09454166144132614, 'training/value_loss': 0.17631135880947113}
{'eval/num_episodes': 200, 'eval/num_steps': 200, 'eval/mean_score': np.float64(1.0), 'eval/std_score': np.float64(0.0), 'eval/mean_episode_length': np.float64(1.0), 'eval/std_episode_length': np.float64(0.0), 'eval/eval_time': 0.07233214378356934}
{'training/total_steps': 4000, 'training/updates': 2, 'training/sps': np.float64(18846.442), 'training/walltime': np.float64(1.524), 'training/rollout_time': np.float64(0.103), 'training/update_time': np.float64(0.003), 'training/iterations': 1.0, 'training/kl_div': 1.4480830259344657e-06, 'training/line_search_success': 1.0, 'training/new_policy_objective': 0.27142366766929626, 'training/policy_objective': 0.2714228928089142, 'training/value_loss': 0.0001046646066242829}
{'eval/num_episodes': 200, 'eval/num_steps': 200, 'eval/mean_score': np.float64(1.0), 'eval/std_score': np.float64(0.0), 'eval/mean_episode_length': np.float64(1.0), 'eval/std_episode_length': np.float64(0.0), 'eval/eval_time': 0.07867217063903809}
{'training/total_steps': 6000, 'training/updates': 3, 'training/sps': np.float64(18197.731), 'training/walltime': np.float64(1.713), 'training/rollout_time': np.float64(0.107), 'training/update_time': np.float64(0.003), 'training/iterations': 1.0, 'training/kl_div': nan, 'training/line_search_success': 0.625, 'training/new_policy_objective': nan, 'training/policy_objective': 0.0057870796881616116, 'training/value_loss': 2.2815736855363866e-08}
{'eval/num_episodes': 200, 'eval/num_steps': 200, 'eval/mean_score': np.float64(1.0), 'eval/std_score': np.float64(0.0), 'eval/mean_episode_length': np.float64(1.0), 'eval/std_episode_length': np.float64(0.0), 'eval/eval_time': 0.07392096519470215}
{'training/total_steps': 8000, 'training/updates': 4, 'training/sps': np.float64(20072.858), 'training/walltime': np.float64(1.887), 'training/rollout_time': np.float64(0.096), 'training/update_time': np.float64(0.003), 'training/iterations': 1.0, 'training/kl_div': nan, 'training/line_search_success': 0.0, 'training/new_policy_objective': nan, 'training/policy_objective': 0.0, 'training/value_loss': 2.9438452543717464e-12}
{'eval/num_episodes': 200, 'eval/num_steps': 200, 'eval/mean_score': np.float64(1.0), 'eval/std_score': np.float64(0.0), 'eval/mean_episode_length': np.float64(1.0), 'eval/std_episode_length': np.float64(0.0), 'eval/eval_time': 0.0921478271484375}
{'training/total_steps': 10000, 'training/updates': 5, 'training/sps': np.float64(12101.421), 'training/walltime': np.float64(2.145), 'training/rollout_time': np.float64(0.16), 'training/update_time': np.float64(0.005), 'training/iterations': 1.0, 'training/kl_div': nan, 'training/line_search_success': 0.0, 'training/new_policy_objective': nan, 'training/policy_objective': 0.0, 'training/value_loss': 8.015810746013399e-15}
{'eval/num_episodes': 200, 'eval/num_steps': 200, 'eval/mean_score': np.float64(1.0), 'eval/std_score': np.float64(0.0), 'eval/mean_episode_length': np.float64(1.0), 'eval/std_episode_length': np.float64(0.0), 'eval/eval_time': 0.0733640193939209}
{'training/total_steps': 12000, 'training/updates': 6, 'training/sps': np.float64(19414.074), 'training/walltime': np.float64(2.322), 'training/rollout_time': np.float64(0.1), 'training/update_time': np.float64(0.003), 'training/iterations': 1.0, 'training/kl_div': nan, 'training/line_search_success': 0.0, 'training/new_policy_objective': nan, 'training/policy_objective': 0.0, 'training/value_loss': 7.105427357601002e-15}
{'eval/num_episodes': 200, 'eval/num_steps': 200, 'eval/mean_score': np.float64(1.0), 'eval/std_score': np.float64(0.0), 'eval/mean_episode_length': np.float64(1.0), 'eval/std_episode_length': np.float64(0.0), 'eval/eval_time': 0.07582998275756836}
{'training/total_steps': 14000, 'training/updates': 7, 'training/sps': np.float64(19670.835), 'training/walltime': np.float64(2.5), 'training/rollout_time': np.float64(0.098), 'training/update_time': np.float64(0.003), 'training/iterations': 1.0, 'training/kl_div': nan, 'training/line_search_success': 0.0, 'training/new_policy_objective': nan, 'training/policy_objective': 0.0, 'training/value_loss': 7.105427357601002e-15}
{'eval/num_episodes': 200, 'eval/num_steps': 200, 'eval/mean_score': np.float64(1.0), 'eval/std_score': np.float64(0.0), 'eval/mean_episode_length': np.float64(1.0), 'eval/std_episode_length': np.float64(0.0), 'eval/eval_time': 0.07701802253723145}
{'training/total_steps': 16000, 'training/updates': 8, 'training/sps': np.float64(20149.327), 'training/walltime': np.float64(2.676), 'training/rollout_time': np.float64(0.096), 'training/update_time': np.float64(0.003), 'training/iterations': 1.0, 'training/kl_div': nan, 'training/line_search_success': 0.0, 'training/new_policy_objective': nan, 'training/policy_objective': 0.0, 'training/value_loss': 7.105427357601002e-15}
{'eval/num_episodes': 200, 'eval/num_steps': 200, 'eval/mean_score': np.float64(1.0), 'eval/std_score': np.float64(0.0), 'eval/mean_episode_length': np.float64(1.0), 'eval/std_episode_length': np.float64(0.0), 'eval/eval_time': 0.07189607620239258}
{'training/total_steps': 18000, 'training/updates': 9, 'training/sps': np.float64(11125.091), 'training/walltime': np.float64(2.929), 'training/rollout_time': np.float64(0.176), 'training/update_time': np.float64(0.003), 'training/iterations': 1.0, 'training/kl_div': nan, 'training/line_search_success': 0.0, 'training/new_policy_objective': nan, 'training/policy_objective': 0.0, 'training/value_loss': 4.440892098500626e-15}
{'eval/num_episodes': 200, 'eval/num_steps': 200, 'eval/mean_score': np.float64(1.0), 'eval/std_score': np.float64(0.0), 'eval/mean_episode_length': np.float64(1.0), 'eval/std_episode_length': np.float64(0.0), 'eval/eval_time': 0.07289600372314453}
{'training/total_steps': 20000, 'training/updates': 10, 'training/sps': np.float64(19667.238), 'training/walltime': np.float64(3.104), 'training/rollout_time': np.float64(0.099), 'training/update_time': np.float64(0.003), 'training/iterations': 1.0, 'training/kl_div': nan, 'training/line_search_success': 0.0, 'training/new_policy_objective': nan, 'training/policy_objective': 0.0, 'training/value_loss': 1.7763568394002505e-15}
{'eval/num_episodes': 200, 'eval/num_steps': 200, 'eval/mean_score': np.float64(1.0), 'eval/std_score': np.float64(0.0), 'eval/mean_episode_length': np.float64(1.0), 'eval/std_episode_length': np.float64(0.0), 'eval/eval_time': 0.06809520721435547}
{'training/total_steps': 22000, 'training/updates': 11, 'training/sps': np.float64(19774.193), 'training/walltime': np.float64(3.273), 'training/rollout_time': np.float64(0.098), 'training/update_time': np.float64(0.003), 'training/iterations': 1.0, 'training/kl_div': nan, 'training/line_search_success': 0.0, 'training/new_policy_objective': nan, 'training/policy_objective': 0.0, 'training/value_loss': 1.7763568394002505e-15}
{'eval/num_episodes': 200, 'eval/num_steps': 200, 'eval/mean_score': np.float64(1.0), 'eval/std_score': np.float64(0.0), 'eval/mean_episode_length': np.float64(1.0), 'eval/std_episode_length': np.float64(0.0), 'eval/eval_time': 0.07357311248779297}
{'training/total_steps': 24000, 'training/updates': 12, 'training/sps': np.float64(18736.575), 'training/walltime': np.float64(3.454), 'training/rollout_time': np.float64(0.103), 'training/update_time': np.float64(0.003), 'training/iterations': 1.0, 'training/kl_div': nan, 'training/line_search_success': 0.0, 'training/new_policy_objective': nan, 'training/policy_objective': 0.0, 'training/value_loss': 1.7763568394002505e-15}
{'eval/num_episodes': 200, 'eval/num_steps': 200, 'eval/mean_score': np.float64(1.0), 'eval/std_score': np.float64(0.0), 'eval/mean_episode_length': np.float64(1.0), 'eval/std_episode_length': np.float64(0.0), 'eval/eval_time': 0.07157182693481445}
{'training/total_steps': 26000, 'training/updates': 13, 'training/sps': np.float64(19885.475), 'training/walltime': np.float64(3.627), 'training/rollout_time': np.float64(0.097), 'training/update_time': np.float64(0.003), 'training/iterations': 1.0, 'training/kl_div': nan, 'training/line_search_success': 0.0, 'training/new_policy_objective': nan, 'training/policy_objective': 0.0, 'training/value_loss': 1.7763568394002505e-15}
{'eval/num_episodes': 200, 'eval/num_steps': 200, 'eval/mean_score': np.float64(1.0), 'eval/std_score': np.float64(0.0), 'eval/mean_episode_length': np.float64(1.0), 'eval/std_episode_length': np.float64(0.0), 'eval/eval_time': 0.07340312004089355}
{'training/total_steps': 28000, 'training/updates': 14, 'training/sps': np.float64(20288.311), 'training/walltime': np.float64(3.799), 'training/rollout_time': np.float64(0.095), 'training/update_time': np.float64(0.003), 'training/iterations': 1.0, 'training/kl_div': nan, 'training/line_search_success': 0.0, 'training/new_policy_objective': nan, 'training/policy_objective': 0.0, 'training/value_loss': 1.7763568394002505e-15}
{'eval/num_episodes': 200, 'eval/num_steps': 200, 'eval/mean_score': np.float64(1.0), 'eval/std_score': np.float64(0.0), 'eval/mean_episode_length': np.float64(1.0), 'eval/std_episode_length': np.float64(0.0), 'eval/eval_time': 0.0718986988067627}
{'training/total_steps': 30000, 'training/updates': 15, 'training/sps': np.float64(19690.089), 'training/walltime': np.float64(3.973), 'training/rollout_time': np.float64(0.098), 'training/update_time': np.float64(0.003), 'training/iterations': 1.0, 'training/kl_div': nan, 'training/line_search_success': 0.0, 'training/new_policy_objective': nan, 'training/policy_objective': 0.0, 'training/value_loss': 1.7763568394002505e-15}
{'eval/num_episodes': 200, 'eval/num_steps': 200, 'eval/mean_score': np.float64(1.0), 'eval/std_score': np.float64(0.0), 'eval/mean_episode_length': np.float64(1.0), 'eval/std_episode_length': np.float64(0.0), 'eval/eval_time': 0.07277703285217285}
{'training/total_steps': 32000, 'training/updates': 16, 'training/sps': np.float64(19954.252), 'training/walltime': np.float64(4.146), 'training/rollout_time': np.float64(0.097), 'training/update_time': np.float64(0.003), 'training/iterations': 1.0, 'training/kl_div': nan, 'training/line_search_success': 0.0, 'training/new_policy_objective': nan, 'training/policy_objective': 0.0, 'training/value_loss': 1.7763568394002505e-15}
{'eval/num_episodes': 200, 'eval/num_steps': 200, 'eval/mean_score': np.float64(1.0), 'eval/std_score': np.float64(0.0), 'eval/mean_episode_length': np.float64(1.0), 'eval/std_episode_length': np.float64(0.0), 'eval/eval_time': 0.0762166976928711}
{'training/total_steps': 34000, 'training/updates': 17, 'training/sps': np.float64(19377.972), 'training/walltime': np.float64(4.326), 'training/rollout_time': np.float64(0.1), 'training/update_time': np.float64(0.003), 'training/iterations': 1.0, 'training/kl_div': nan, 'training/line_search_success': 0.0, 'training/new_policy_objective': nan, 'training/policy_objective': 0.0, 'training/value_loss': 1.7763568394002505e-15}
{'eval/num_episodes': 200, 'eval/num_steps': 200, 'eval/mean_score': np.float64(1.0), 'eval/std_score': np.float64(0.0), 'eval/mean_episode_length': np.float64(1.0), 'eval/std_episode_length': np.float64(0.0), 'eval/eval_time': 0.07329297065734863}
{'training/total_steps': 36000, 'training/updates': 18, 'training/sps': np.float64(19795.705), 'training/walltime': np.float64(4.501), 'training/rollout_time': np.float64(0.098), 'training/update_time': np.float64(0.003), 'training/iterations': 1.0, 'training/kl_div': nan, 'training/line_search_success': 0.0, 'training/new_policy_objective': nan, 'training/policy_objective': 0.0, 'training/value_loss': 1.7763568394002505e-15}
{'eval/num_episodes': 200, 'eval/num_steps': 200, 'eval/mean_score': np.float64(1.0), 'eval/std_score': np.float64(0.0), 'eval/mean_episode_length': np.float64(1.0), 'eval/std_episode_length': np.float64(0.0), 'eval/eval_time': 0.0718832015991211}
{'training/total_steps': 38000, 'training/updates': 19, 'training/sps': np.float64(19942.203), 'training/walltime': np.float64(4.674), 'training/rollout_time': np.float64(0.097), 'training/update_time': np.float64(0.003), 'training/iterations': 1.0, 'training/kl_div': nan, 'training/line_search_success': 0.0, 'training/new_policy_objective': nan, 'training/policy_objective': 0.0, 'training/value_loss': 1.7763568394002505e-15}
{'eval/num_episodes': 200, 'eval/num_steps': 200, 'eval/mean_score': np.float64(1.0), 'eval/std_score': np.float64(0.0), 'eval/mean_episode_length': np.float64(1.0), 'eval/std_episode_length': np.float64(0.0), 'eval/eval_time': 0.07548975944519043}
{'training/total_steps': 40000, 'training/updates': 20, 'training/sps': np.float64(20053.184), 'training/walltime': np.float64(4.849), 'training/rollout_time': np.float64(0.097), 'training/update_time': np.float64(0.003), 'training/iterations': 1.0, 'training/kl_div': nan, 'training/line_search_success': 0.0, 'training/new_policy_objective': nan, 'training/policy_objective': 0.0, 'training/value_loss': 1.4432899320127035e-15}
{'eval/num_episodes': 200, 'eval/num_steps': 200, 'eval/mean_score': np.float64(1.0), 'eval/std_score': np.float64(0.0), 'eval/mean_episode_length': np.float64(1.0), 'eval/std_episode_length': np.float64(0.0), 'eval/eval_time': 0.07258224487304688}
{'training/total_steps': 42000, 'training/updates': 21, 'training/sps': np.float64(19598.407), 'training/walltime': np.float64(5.025), 'training/rollout_time': np.float64(0.099), 'training/update_time': np.float64(0.003), 'training/iterations': 1.0, 'training/kl_div': nan, 'training/line_search_success': 0.0, 'training/new_policy_objective': nan, 'training/policy_objective': 0.0, 'training/value_loss': 0.0}
{'eval/num_episodes': 200, 'eval/num_steps': 200, 'eval/mean_score': np.float64(1.0), 'eval/std_score': np.float64(0.0), 'eval/mean_episode_length': np.float64(1.0), 'eval/std_episode_length': np.float64(0.0), 'eval/eval_time': 0.07126998901367188}
{'training/total_steps': 44000, 'training/updates': 22, 'training/sps': np.float64(19968.882), 'training/walltime': np.float64(5.196), 'training/rollout_time': np.float64(0.097), 'training/update_time': np.float64(0.003), 'training/iterations': 1.0, 'training/kl_div': nan, 'training/line_search_success': 0.0, 'training/new_policy_objective': nan, 'training/policy_objective': 0.0, 'training/value_loss': 0.0}
{'eval/num_episodes': 200, 'eval/num_steps': 200, 'eval/mean_score': np.float64(1.0), 'eval/std_score': np.float64(0.0), 'eval/mean_episode_length': np.float64(1.0), 'eval/std_episode_length': np.float64(0.0), 'eval/eval_time': 0.06939125061035156}
{'training/total_steps': 46000, 'training/updates': 23, 'training/sps': np.float64(17071.251), 'training/walltime': np.float64(5.383), 'training/rollout_time': np.float64(0.097), 'training/update_time': np.float64(0.02), 'training/iterations': 1.0, 'training/kl_div': nan, 'training/line_search_success': 0.0, 'training/new_policy_objective': nan, 'training/policy_objective': 0.0, 'training/value_loss': 0.0}
{'eval/num_episodes': 200, 'eval/num_steps': 200, 'eval/mean_score': np.float64(1.0), 'eval/std_score': np.float64(0.0), 'eval/mean_episode_length': np.float64(1.0), 'eval/std_episode_length': np.float64(0.0), 'eval/eval_time': 0.08507704734802246}
{'training/total_steps': 48000, 'training/updates': 24, 'training/sps': np.float64(19769.672), 'training/walltime': np.float64(5.57), 'training/rollout_time': np.float64(0.098), 'training/update_time': np.float64(0.003), 'training/iterations': 1.0, 'training/kl_div': nan, 'training/line_search_success': 0.0, 'training/new_policy_objective': nan, 'training/policy_objective': 0.0, 'training/value_loss': 0.0}
{'eval/num_episodes': 200, 'eval/num_steps': 200, 'eval/mean_score': np.float64(1.0), 'eval/std_score': np.float64(0.0), 'eval/mean_episode_length': np.float64(1.0), 'eval/std_episode_length': np.float64(0.0), 'eval/eval_time': 0.0712590217590332}
{'training/total_steps': 50000, 'training/updates': 25, 'training/sps': np.float64(19284.467), 'training/walltime': np.float64(5.746), 'training/rollout_time': np.float64(0.101), 'training/update_time': np.float64(0.003), 'training/iterations': 1.0, 'training/kl_div': nan, 'training/line_search_success': 0.0, 'training/new_policy_objective': nan, 'training/policy_objective': 0.0, 'training/value_loss': 0.0}
{'eval/num_episodes': 200, 'eval/num_steps': 200, 'eval/mean_score': np.float64(1.0), 'eval/std_score': np.float64(0.0), 'eval/mean_episode_length': np.float64(1.0), 'eval/std_episode_length': np.float64(0.0), 'eval/eval_time': 0.07535481452941895}
{'training/total_steps': 52000, 'training/updates': 26, 'training/sps': np.float64(17294.173), 'training/walltime': np.float64(5.937), 'training/rollout_time': np.float64(0.107), 'training/update_time': np.float64(0.009), 'training/iterations': 1.0, 'training/kl_div': nan, 'training/line_search_success': 0.0, 'training/new_policy_objective': nan, 'training/policy_objective': 0.0, 'training/value_loss': 0.0}
{'eval/num_episodes': 200, 'eval/num_steps': 200, 'eval/mean_score': np.float64(1.0), 'eval/std_score': np.float64(0.0), 'eval/mean_episode_length': np.float64(1.0), 'eval/std_episode_length': np.float64(0.0), 'eval/eval_time': 0.14950203895568848}
{'training/total_steps': 54000, 'training/updates': 27, 'training/sps': np.float64(19245.4), 'training/walltime': np.float64(6.191), 'training/rollout_time': np.float64(0.101), 'training/update_time': np.float64(0.003), 'training/iterations': 1.0, 'training/kl_div': nan, 'training/line_search_success': 0.0, 'training/new_policy_objective': nan, 'training/policy_objective': 0.0, 'training/value_loss': 0.0}
{'eval/num_episodes': 200, 'eval/num_steps': 200, 'eval/mean_score': np.float64(1.0), 'eval/std_score': np.float64(0.0), 'eval/mean_episode_length': np.float64(1.0), 'eval/std_episode_length': np.float64(0.0), 'eval/eval_time': 0.07661700248718262}
{'training/total_steps': 56000, 'training/updates': 28, 'training/sps': np.float64(19439.719), 'training/walltime': np.float64(6.371), 'training/rollout_time': np.float64(0.099), 'training/update_time': np.float64(0.003), 'training/iterations': 1.0, 'training/kl_div': nan, 'training/line_search_success': 0.0, 'training/new_policy_objective': nan, 'training/policy_objective': 0.0, 'training/value_loss': 0.0}
{'eval/num_episodes': 200, 'eval/num_steps': 200, 'eval/mean_score': np.float64(1.0), 'eval/std_score': np.float64(0.0), 'eval/mean_episode_length': np.float64(1.0), 'eval/std_episode_length': np.float64(0.0), 'eval/eval_time': 0.07661581039428711}
{'training/total_steps': 58000, 'training/updates': 29, 'training/sps': np.float64(13392.695), 'training/walltime': np.float64(6.598), 'training/rollout_time': np.float64(0.146), 'training/update_time': np.float64(0.003), 'training/iterations': 1.0, 'training/kl_div': nan, 'training/line_search_success': 0.0, 'training/new_policy_objective': nan, 'training/policy_objective': 0.0, 'training/value_loss': 0.0}
{'eval/num_episodes': 200, 'eval/num_steps': 200, 'eval/mean_score': np.float64(1.0), 'eval/std_score': np.float64(0.0), 'eval/mean_episode_length': np.float64(1.0), 'eval/std_episode_length': np.float64(0.0), 'eval/eval_time': 0.09278702735900879}
{'training/total_steps': 60000, 'training/updates': 30, 'training/sps': np.float64(20365.148), 'training/walltime': np.float64(6.789), 'training/rollout_time': np.float64(0.095), 'training/update_time': np.float64(0.003), 'training/iterations': 1.0, 'training/kl_div': nan, 'training/line_search_success': 0.0, 'training/new_policy_objective': nan, 'training/policy_objective': 0.0, 'training/value_loss': 0.0}
{'eval/num_episodes': 200, 'eval/num_steps': 200, 'eval/mean_score': np.float64(1.0), 'eval/std_score': np.float64(0.0), 'eval/mean_episode_length': np.float64(1.0), 'eval/std_episode_length': np.float64(0.0), 'eval/eval_time': 0.07087373733520508}
TRAINING END: training duration: 6.86061692237854
{'final_eval/num_episodes': 200, 'final_eval/num_steps': 200, 'final_eval/mean_score': np.float64(1.0), 'final_eval/std_score': np.float64(0.0), 'final_eval/mean_episode_length': np.float64(1.0), 'final_eval/std_episode_length': np.float64(0.0)}
