|param: value|
|experiment_name:  pc_reinforce|
|seed:  3|
|write_logs_to_file:  False|
|save_model:  False|
|env_name:  bandit|
|num_envs:  8|
|num_train_levels:  200|
|distribution_mode:  easy|
|arm_means:  (1.0, 0.9)|
|deterministic_rewards:  True|
|eval_env:  True|
|num_eval_episodes:  200|
|eval_every:  1|
|total_timesteps:  60000|
|unroll_length:  250|
|learning_rate:  0.01|
|target_scale:  1.0|
|pc_steps_per_update:  1|
|max_t1:  20|
|width:  32|
|depth:  2|
|act_fn:  relu|
|policy_init_logit_bias:  [0.0, 1.0]|
|use_cnn:  False|
|policy_hidden_layer_sizes:  ()|
|value_hidden_layer_sizes:  ()|
|anneal_lr:  False|
|entropy_cost:  0.0|
|deterministic_eval:  False|
|gamma:  0.99|
{'training/total_steps': 2000, 'training/updates': 1, 'training/walltime': np.float64(1.563), 'training/update_time': np.float64(1.563), 'training/pc_loss': 0.0008103373693302274, 'training/mean_reward': 0.9272998571395874, 'training/mean_advantage_abs': 0.039694156497716904}
{'eval/num_episodes': 200, 'eval/mean_score': np.float64(0.9325), 'eval/std_score': np.float64(0.0468), 'eval/mean_episode_length': np.float64(1.0)}
{'training/total_steps': 4000, 'training/updates': 2, 'training/walltime': np.float64(1.855), 'training/update_time': np.float64(0.112), 'training/pc_loss': 0.0007441004272550344, 'training/mean_reward': 0.9331499338150024, 'training/mean_advantage_abs': 0.04432154819369316}
{'eval/num_episodes': 200, 'eval/mean_score': np.float64(0.942), 'eval/std_score': np.float64(0.0494), 'eval/mean_episode_length': np.float64(1.0)}
{'training/total_steps': 6000, 'training/updates': 3, 'training/walltime': np.float64(1.972), 'training/update_time': np.float64(0.116), 'training/pc_loss': 0.0006704909028485417, 'training/mean_reward': 0.9400998950004578, 'training/mean_advantage_abs': 0.04803977534174919}
{'eval/num_episodes': 200, 'eval/mean_score': np.float64(0.946), 'eval/std_score': np.float64(0.0498), 'eval/mean_episode_length': np.float64(1.0)}
{'training/total_steps': 8000, 'training/updates': 4, 'training/walltime': np.float64(2.1), 'training/update_time': np.float64(0.127), 'training/pc_loss': 0.0006261934759095311, 'training/mean_reward': 0.9464499354362488, 'training/mean_advantage_abs': 0.04974794387817383}
{'eval/num_episodes': 200, 'eval/mean_score': np.float64(0.9645), 'eval/std_score': np.float64(0.0479), 'eval/mean_episode_length': np.float64(1.0)}
{'training/total_steps': 10000, 'training/updates': 5, 'training/walltime': np.float64(2.215), 'training/update_time': np.float64(0.114), 'training/pc_loss': 0.000644926680251956, 'training/mean_reward': 0.9571499228477478, 'training/mean_advantage_abs': 0.048977550119161606}
{'eval/num_episodes': 200, 'eval/mean_score': np.float64(0.967), 'eval/std_score': np.float64(0.047), 'eval/mean_episode_length': np.float64(1.0)}
{'training/total_steps': 12000, 'training/updates': 6, 'training/walltime': np.float64(2.397), 'training/update_time': np.float64(0.181), 'training/pc_loss': 0.0007123142713680863, 'training/mean_reward': 0.9670999050140381, 'training/mean_advantage_abs': 0.04415184259414673}
{'eval/num_episodes': 200, 'eval/mean_score': np.float64(0.9695), 'eval/std_score': np.float64(0.046), 'eval/mean_episode_length': np.float64(1.0)}
{'training/total_steps': 14000, 'training/updates': 7, 'training/walltime': np.float64(2.511), 'training/update_time': np.float64(0.113), 'training/pc_loss': 0.0007979554357007146, 'training/mean_reward': 0.9732000827789307, 'training/mean_advantage_abs': 0.03923517093062401}
{'eval/num_episodes': 200, 'eval/mean_score': np.float64(0.979), 'eval/std_score': np.float64(0.0407), 'eval/mean_episode_length': np.float64(1.0)}
{'training/total_steps': 16000, 'training/updates': 8, 'training/walltime': np.float64(2.63), 'training/update_time': np.float64(0.118), 'training/pc_loss': 0.0008273710845969617, 'training/mean_reward': 0.9798499345779419, 'training/mean_advantage_abs': 0.03217959776520729}
{'eval/num_episodes': 200, 'eval/mean_score': np.float64(0.982), 'eval/std_score': np.float64(0.0384), 'eval/mean_episode_length': np.float64(1.0)}
{'training/total_steps': 18000, 'training/updates': 9, 'training/walltime': np.float64(2.744), 'training/update_time': np.float64(0.113), 'training/pc_loss': 0.0007562509854324162, 'training/mean_reward': 0.9860000610351562, 'training/mean_advantage_abs': 0.024079961702227592}
{'eval/num_episodes': 200, 'eval/mean_score': np.float64(0.9935), 'eval/std_score': np.float64(0.0247), 'eval/mean_episode_length': np.float64(1.0)}
{'training/total_steps': 20000, 'training/updates': 10, 'training/walltime': np.float64(2.855), 'training/update_time': np.float64(0.111), 'training/pc_loss': 0.0006463770987465978, 'training/mean_reward': 0.9901000261306763, 'training/mean_advantage_abs': 0.017839787527918816}
{'eval/num_episodes': 200, 'eval/mean_score': np.float64(0.992), 'eval/std_score': np.float64(0.0271), 'eval/mean_episode_length': np.float64(1.0)}
{'training/total_steps': 22000, 'training/updates': 11, 'training/walltime': np.float64(2.972), 'training/update_time': np.float64(0.116), 'training/pc_loss': 0.0005895415670238435, 'training/mean_reward': 0.9919000864028931, 'training/mean_advantage_abs': 0.014887732453644276}
{'eval/num_episodes': 200, 'eval/mean_score': np.float64(0.994), 'eval/std_score': np.float64(0.0237), 'eval/mean_episode_length': np.float64(1.0)}
{'training/total_steps': 24000, 'training/updates': 12, 'training/walltime': np.float64(3.083), 'training/update_time': np.float64(0.11), 'training/pc_loss': 0.00040062691550701857, 'training/mean_reward': 0.9951001405715942, 'training/mean_advantage_abs': 0.009319676086306572}
{'eval/num_episodes': 200, 'eval/mean_score': np.float64(0.994), 'eval/std_score': np.float64(0.0237), 'eval/mean_episode_length': np.float64(1.0)}
{'training/total_steps': 26000, 'training/updates': 13, 'training/walltime': np.float64(3.199), 'training/update_time': np.float64(0.115), 'training/pc_loss': 0.0003402669681236148, 'training/mean_reward': 0.9960501790046692, 'training/mean_advantage_abs': 0.007587786298245192}
{'eval/num_episodes': 200, 'eval/mean_score': np.float64(0.998), 'eval/std_score': np.float64(0.014), 'eval/mean_episode_length': np.float64(1.0)}
{'training/total_steps': 28000, 'training/updates': 14, 'training/walltime': np.float64(3.317), 'training/update_time': np.float64(0.118), 'training/pc_loss': 0.0001832870621001348, 'training/mean_reward': 0.9980000853538513, 'training/mean_advantage_abs': 0.003919918555766344}
{'eval/num_episodes': 200, 'eval/mean_score': np.float64(0.9975), 'eval/std_score': np.float64(0.0156), 'eval/mean_episode_length': np.float64(1.0)}
{'training/total_steps': 30000, 'training/updates': 15, 'training/walltime': np.float64(3.438), 'training/update_time': np.float64(0.119), 'training/pc_loss': 0.0001271813380299136, 'training/mean_reward': 0.998650074005127, 'training/mean_advantage_abs': 0.0026634784881025553}
{'eval/num_episodes': 200, 'eval/mean_score': np.float64(1.0), 'eval/std_score': np.float64(0.0), 'eval/mean_episode_length': np.float64(1.0)}
{'training/total_steps': 32000, 'training/updates': 16, 'training/walltime': np.float64(3.546), 'training/update_time': np.float64(0.107), 'training/pc_loss': 0.0001051586659741588, 'training/mean_reward': 0.9989000558853149, 'training/mean_advantage_abs': 0.00217574555426836}
{'eval/num_episodes': 200, 'eval/mean_score': np.float64(0.999), 'eval/std_score': np.float64(0.0099), 'eval/mean_episode_length': np.float64(1.0)}
{'training/total_steps': 34000, 'training/updates': 17, 'training/walltime': np.float64(3.661), 'training/update_time': np.float64(0.114), 'training/pc_loss': 0.00010584214032860473, 'training/mean_reward': 0.9989000558853149, 'training/mean_advantage_abs': 0.002175745787099004}
{'eval/num_episodes': 200, 'eval/mean_score': np.float64(0.9985), 'eval/std_score': np.float64(0.0122), 'eval/mean_episode_length': np.float64(1.0)}
{'training/total_steps': 36000, 'training/updates': 18, 'training/walltime': np.float64(3.777), 'training/update_time': np.float64(0.116), 'training/pc_loss': 7.300134893739596e-05, 'training/mean_reward': 0.9992501139640808, 'training/mean_advantage_abs': 0.001488637994043529}
{'eval/num_episodes': 200, 'eval/mean_score': np.float64(0.9995), 'eval/std_score': np.float64(0.0071), 'eval/mean_episode_length': np.float64(1.0)}
{'training/total_steps': 38000, 'training/updates': 19, 'training/walltime': np.float64(3.888), 'training/update_time': np.float64(0.11), 'training/pc_loss': 2.4655679226270877e-05, 'training/mean_reward': 0.999750018119812, 'training/mean_advantage_abs': 0.0004987320280633867}
{'eval/num_episodes': 200, 'eval/mean_score': np.float64(1.0), 'eval/std_score': np.float64(0.0), 'eval/mean_episode_length': np.float64(1.0)}
{'training/total_steps': 40000, 'training/updates': 20, 'training/walltime': np.float64(4.004), 'training/update_time': np.float64(0.115), 'training/pc_loss': 4.961631475453032e-06, 'training/mean_reward': 0.9999500513076782, 'training/mean_advantage_abs': 9.989875979954377e-05}
{'eval/num_episodes': 200, 'eval/mean_score': np.float64(1.0), 'eval/std_score': np.float64(0.0), 'eval/mean_episode_length': np.float64(1.0)}
{'training/total_steps': 42000, 'training/updates': 21, 'training/walltime': np.float64(4.118), 'training/update_time': np.float64(0.113), 'training/pc_loss': 2.474680331943091e-05, 'training/mean_reward': 0.999750018119812, 'training/mean_advantage_abs': 0.0004987320280633867}
{'eval/num_episodes': 200, 'eval/mean_score': np.float64(1.0), 'eval/std_score': np.float64(0.0), 'eval/mean_episode_length': np.float64(1.0)}
{'training/total_steps': 44000, 'training/updates': 22, 'training/walltime': np.float64(4.232), 'training/update_time': np.float64(0.113), 'training/pc_loss': 3.461448068264872e-05, 'training/mean_reward': 0.9996500611305237, 'training/mean_advantage_abs': 0.0006974894204176962}
{'eval/num_episodes': 200, 'eval/mean_score': np.float64(1.0), 'eval/std_score': np.float64(0.0), 'eval/mean_episode_length': np.float64(1.0)}
{'training/total_steps': 46000, 'training/updates': 23, 'training/walltime': np.float64(4.347), 'training/update_time': np.float64(0.115), 'training/pc_loss': 1.985564813367091e-05, 'training/mean_reward': 0.9998000860214233, 'training/mean_advantage_abs': 0.0003991143894381821}
{'eval/num_episodes': 200, 'eval/mean_score': np.float64(1.0), 'eval/std_score': np.float64(0.0), 'eval/mean_episode_length': np.float64(1.0)}
{'training/total_steps': 48000, 'training/updates': 24, 'training/walltime': np.float64(4.453), 'training/update_time': np.float64(0.105), 'training/pc_loss': 9.953876542567741e-06, 'training/mean_reward': 0.9999000430107117, 'training/mean_advantage_abs': 0.00019975710893049836}
{'eval/num_episodes': 200, 'eval/mean_score': np.float64(1.0), 'eval/std_score': np.float64(0.0), 'eval/mean_episode_length': np.float64(1.0)}
{'training/total_steps': 50000, 'training/updates': 25, 'training/walltime': np.float64(4.566), 'training/update_time': np.float64(0.112), 'training/pc_loss': 1.9877174054272473e-05, 'training/mean_reward': 0.9998000860214233, 'training/mean_advantage_abs': 0.0003991143894381821}
{'eval/num_episodes': 200, 'eval/mean_score': np.float64(1.0), 'eval/std_score': np.float64(0.0), 'eval/mean_episode_length': np.float64(1.0)}
{'training/total_steps': 52000, 'training/updates': 26, 'training/walltime': np.float64(4.685), 'training/update_time': np.float64(0.118), 'training/pc_loss': 9.962061085388996e-06, 'training/mean_reward': 0.9999000430107117, 'training/mean_advantage_abs': 0.00019975710893049836}
{'eval/num_episodes': 200, 'eval/mean_score': np.float64(1.0), 'eval/std_score': np.float64(0.0), 'eval/mean_episode_length': np.float64(1.0)}
{'training/total_steps': 54000, 'training/updates': 27, 'training/walltime': np.float64(4.807), 'training/update_time': np.float64(0.121), 'training/pc_loss': 0.0, 'training/mean_reward': 1.0, 'training/mean_advantage_abs': 0.0}
{'eval/num_episodes': 200, 'eval/mean_score': np.float64(0.9995), 'eval/std_score': np.float64(0.0071), 'eval/mean_episode_length': np.float64(1.0)}
{'training/total_steps': 56000, 'training/updates': 28, 'training/walltime': np.float64(5.017), 'training/update_time': np.float64(0.21), 'training/pc_loss': 0.0, 'training/mean_reward': 1.0, 'training/mean_advantage_abs': 0.0}
{'eval/num_episodes': 200, 'eval/mean_score': np.float64(1.0), 'eval/std_score': np.float64(0.0), 'eval/mean_episode_length': np.float64(1.0)}
{'training/total_steps': 58000, 'training/updates': 29, 'training/walltime': np.float64(5.129), 'training/update_time': np.float64(0.111), 'training/pc_loss': 0.0, 'training/mean_reward': 1.0, 'training/mean_advantage_abs': 0.0}
{'eval/num_episodes': 200, 'eval/mean_score': np.float64(1.0), 'eval/std_score': np.float64(0.0), 'eval/mean_episode_length': np.float64(1.0)}
{'training/total_steps': 60000, 'training/updates': 30, 'training/walltime': np.float64(5.242), 'training/update_time': np.float64(0.112), 'training/pc_loss': 4.990041361452313e-06, 'training/mean_reward': 0.9999500513076782, 'training/mean_advantage_abs': 9.989875979954377e-05}
{'eval/num_episodes': 200, 'eval/mean_score': np.float64(1.0), 'eval/std_score': np.float64(0.0), 'eval/mean_episode_length': np.float64(1.0)}
TRAINING END: training duration: 5.2429280281066895
