|param: value|
|experiment_name:  reinforce_procgen|
|seed:  3|
|platform:  cpu|
|write_logs_to_file:  False|
|save_model:  False|
|env_name:  bandit|
|num_envs:  1|
|num_train_levels:  200|
|distribution_mode:  easy|
|arm_means:  (1.0, 0.9)|
|deterministic_rewards:  True|
|eval_env:  True|
|num_eval_episodes:  200|
|eval_every:  1|
|deterministic_eval:  False|
|normalize_observations:  True|
|total_timesteps:  60000|
|learning_rate:  0.5|
|optimizer:  sgd|
|unroll_length:  2048|
|anneal_lr:  False|
|gamma:  0.99|
|batch_size:  1|
|num_minibatches:  1|
|update_epochs:  1|
|entropy_cost:  0.0|
|max_grad_norm:  0.5|
|reward_scaling:  1.0|
|use_cnn:  False|
|policy_hidden_layer_sizes:  ()|
|value_hidden_layer_sizes:  ()|
|activation:  <jax._src.custom_derivatives.custom_jvp object at 0x1040cb110>|
|policy_init_logit_bias:  [0.0, 1.0]|
{'training/total_steps': 2000, 'training/updates': 1, 'training/sps': np.float64(1970.215), 'training/walltime': np.float64(1.015), 'training/rollout_time': np.float64(0.421), 'training/update_time': np.float64(0.594), 'training/approx_kl': 0.0, 'training/entropy': 0.5822030305862427, 'training/policy_loss': 0.40426114201545715, 'training/total_loss': 0.6299299597740173, 'training/value_loss': 0.4513375759124756}
{'eval/num_episodes': 200, 'eval/num_steps': 200, 'eval/mean_score': np.float64(0.926), 'eval/std_score': np.float64(0.044), 'eval/mean_episode_length': np.float64(1.0), 'eval/std_episode_length': np.float64(0.0), 'eval/eval_time': 0.07337403297424316}
{'training/total_steps': 4000, 'training/updates': 2, 'training/sps': np.float64(6073.543), 'training/walltime': np.float64(1.418), 'training/rollout_time': np.float64(0.328), 'training/update_time': np.float64(0.002), 'training/approx_kl': 0.0, 'training/entropy': 0.5850861668586731, 'training/policy_loss': 0.20941399037837982, 'training/total_loss': 0.26129814982414246, 'training/value_loss': 0.10376831889152527}
{'eval/num_episodes': 200, 'eval/num_steps': 200, 'eval/mean_score': np.float64(0.93), 'eval/std_score': np.float64(0.046), 'eval/mean_episode_length': np.float64(1.0), 'eval/std_episode_length': np.float64(0.0), 'eval/eval_time': 0.0733649730682373}
{'training/total_steps': 6000, 'training/updates': 3, 'training/sps': np.float64(6006.205), 'training/walltime': np.float64(1.825), 'training/rollout_time': np.float64(0.331), 'training/update_time': np.float64(0.002), 'training/approx_kl': 0.0, 'training/entropy': 0.5939858555793762, 'training/policy_loss': 0.020178940147161484, 'training/total_loss': 0.021215416491031647, 'training/value_loss': 0.002072953386232257}
{'eval/num_episodes': 200, 'eval/num_steps': 200, 'eval/mean_score': np.float64(0.924), 'eval/std_score': np.float64(0.043), 'eval/mean_episode_length': np.float64(1.0), 'eval/std_episode_length': np.float64(0.0), 'eval/eval_time': 0.07667088508605957}
{'training/total_steps': 8000, 'training/updates': 4, 'training/sps': np.float64(5602.475), 'training/walltime': np.float64(2.259), 'training/rollout_time': np.float64(0.356), 'training/update_time': np.float64(0.001), 'training/approx_kl': 0.0, 'training/entropy': 0.6017481684684753, 'training/policy_loss': 0.01903269998729229, 'training/total_loss': 0.020077770575881004, 'training/value_loss': 0.0020901416428387165}
{'eval/num_episodes': 200, 'eval/num_steps': 200, 'eval/mean_score': np.float64(0.93), 'eval/std_score': np.float64(0.046), 'eval/mean_episode_length': np.float64(1.0), 'eval/std_episode_length': np.float64(0.0), 'eval/eval_time': 0.07897806167602539}
{'training/total_steps': 10000, 'training/updates': 5, 'training/sps': np.float64(5908.178), 'training/walltime': np.float64(2.677), 'training/rollout_time': np.float64(0.337), 'training/update_time': np.float64(0.001), 'training/approx_kl': 0.0, 'training/entropy': 0.6093527674674988, 'training/policy_loss': 0.01912689208984375, 'training/total_loss': 0.020198186859488487, 'training/value_loss': 0.0021425883751362562}
{'eval/num_episodes': 200, 'eval/num_steps': 200, 'eval/mean_score': np.float64(0.929), 'eval/std_score': np.float64(0.046), 'eval/mean_episode_length': np.float64(1.0), 'eval/std_episode_length': np.float64(0.0), 'eval/eval_time': 0.07327914237976074}
{'training/total_steps': 12000, 'training/updates': 6, 'training/sps': np.float64(5678.703), 'training/walltime': np.float64(3.103), 'training/rollout_time': np.float64(0.351), 'training/update_time': np.float64(0.002), 'training/approx_kl': 0.0, 'training/entropy': 0.6168983578681946, 'training/policy_loss': 0.016476059332489967, 'training/total_loss': 0.017527559772133827, 'training/value_loss': 0.002102999249473214}
{'eval/num_episodes': 200, 'eval/num_steps': 200, 'eval/mean_score': np.float64(0.928), 'eval/std_score': np.float64(0.045), 'eval/mean_episode_length': np.float64(1.0), 'eval/std_episode_length': np.float64(0.0), 'eval/eval_time': 0.07501220703125}
{'training/total_steps': 14000, 'training/updates': 7, 'training/sps': np.float64(5875.437), 'training/walltime': np.float64(3.519), 'training/rollout_time': np.float64(0.339), 'training/update_time': np.float64(0.001), 'training/approx_kl': 0.0, 'training/entropy': 0.6240432262420654, 'training/policy_loss': 0.020157136023044586, 'training/total_loss': 0.021293921396136284, 'training/value_loss': 0.002273569582030177}
{'eval/num_episodes': 200, 'eval/num_steps': 200, 'eval/mean_score': np.float64(0.931), 'eval/std_score': np.float64(0.046), 'eval/mean_episode_length': np.float64(1.0), 'eval/std_episode_length': np.float64(0.0), 'eval/eval_time': 0.07479286193847656}
{'training/total_steps': 16000, 'training/updates': 8, 'training/sps': np.float64(6063.087), 'training/walltime': np.float64(3.924), 'training/rollout_time': np.float64(0.328), 'training/update_time': np.float64(0.002), 'training/approx_kl': 0.0, 'training/entropy': 0.6314380764961243, 'training/policy_loss': 0.015838563442230225, 'training/total_loss': 0.016956713050603867, 'training/value_loss': 0.0022362987510859966}
{'eval/num_episodes': 200, 'eval/num_steps': 200, 'eval/mean_score': np.float64(0.938), 'eval/std_score': np.float64(0.049), 'eval/mean_episode_length': np.float64(1.0), 'eval/std_episode_length': np.float64(0.0), 'eval/eval_time': 0.07574605941772461}
{'training/total_steps': 18000, 'training/updates': 9, 'training/sps': np.float64(4696.446), 'training/walltime': np.float64(4.426), 'training/rollout_time': np.float64(0.424), 'training/update_time': np.float64(0.001), 'training/approx_kl': 0.0, 'training/entropy': 0.6383998394012451, 'training/policy_loss': 0.016255510970950127, 'training/total_loss': 0.017392979934811592, 'training/value_loss': 0.002274938626214862}
{'eval/num_episodes': 200, 'eval/num_steps': 200, 'eval/mean_score': np.float64(0.929), 'eval/std_score': np.float64(0.046), 'eval/mean_episode_length': np.float64(1.0), 'eval/std_episode_length': np.float64(0.0), 'eval/eval_time': 0.07834696769714355}
{'training/total_steps': 20000, 'training/updates': 10, 'training/sps': np.float64(6162.041), 'training/walltime': np.float64(4.829), 'training/rollout_time': np.float64(0.323), 'training/update_time': np.float64(0.001), 'training/approx_kl': 0.0, 'training/entropy': 0.6451296210289001, 'training/policy_loss': 0.016833370551466942, 'training/total_loss': 0.018013011664152145, 'training/value_loss': 0.0023592840880155563}
{'eval/num_episodes': 200, 'eval/num_steps': 200, 'eval/mean_score': np.float64(0.936), 'eval/std_score': np.float64(0.048), 'eval/mean_episode_length': np.float64(1.0), 'eval/std_episode_length': np.float64(0.0), 'eval/eval_time': 0.07187819480895996}
{'training/total_steps': 22000, 'training/updates': 11, 'training/sps': np.float64(5701.079), 'training/walltime': np.float64(5.252), 'training/rollout_time': np.float64(0.349), 'training/update_time': np.float64(0.002), 'training/approx_kl': 0.0, 'training/entropy': 0.6517124176025391, 'training/policy_loss': 0.01071859896183014, 'training/total_loss': 0.011847209185361862, 'training/value_loss': 0.002257220447063446}
{'eval/num_episodes': 200, 'eval/num_steps': 200, 'eval/mean_score': np.float64(0.931), 'eval/std_score': np.float64(0.046), 'eval/mean_episode_length': np.float64(1.0), 'eval/std_episode_length': np.float64(0.0), 'eval/eval_time': 0.07430696487426758}
{'training/total_steps': 24000, 'training/updates': 12, 'training/sps': np.float64(5946.449), 'training/walltime': np.float64(5.663), 'training/rollout_time': np.float64(0.335), 'training/update_time': np.float64(0.001), 'training/approx_kl': 0.0, 'training/entropy': 0.6575896143913269, 'training/policy_loss': 0.014425260946154594, 'training/total_loss': 0.015590597875416279, 'training/value_loss': 0.002330673625692725}
{'eval/num_episodes': 200, 'eval/num_steps': 200, 'eval/mean_score': np.float64(0.936), 'eval/std_score': np.float64(0.048), 'eval/mean_episode_length': np.float64(1.0), 'eval/std_episode_length': np.float64(0.0), 'eval/eval_time': 0.07441186904907227}
{'training/total_steps': 26000, 'training/updates': 13, 'training/sps': np.float64(6164.545), 'training/walltime': np.float64(6.062), 'training/rollout_time': np.float64(0.323), 'training/update_time': np.float64(0.002), 'training/approx_kl': 0.0, 'training/entropy': 0.6632372140884399, 'training/policy_loss': 0.011419776827096939, 'training/total_loss': 0.012579337693750858, 'training/value_loss': 0.002319121500477195}
{'eval/num_episodes': 200, 'eval/num_steps': 200, 'eval/mean_score': np.float64(0.942), 'eval/std_score': np.float64(0.049), 'eval/mean_episode_length': np.float64(1.0), 'eval/std_episode_length': np.float64(0.0), 'eval/eval_time': 0.07387900352478027}
{'training/total_steps': 28000, 'training/updates': 14, 'training/sps': np.float64(5622.286), 'training/walltime': np.float64(6.492), 'training/rollout_time': np.float64(0.354), 'training/update_time': np.float64(0.002), 'training/approx_kl': -3.603101106364193e-08, 'training/entropy': 0.6684304475784302, 'training/policy_loss': 0.012779084034264088, 'training/total_loss': 0.013978983275592327, 'training/value_loss': 0.002399797784164548}
{'eval/num_episodes': 200, 'eval/num_steps': 200, 'eval/mean_score': np.float64(0.938), 'eval/std_score': np.float64(0.049), 'eval/mean_episode_length': np.float64(1.0), 'eval/std_episode_length': np.float64(0.0), 'eval/eval_time': 0.0812981128692627}
{'training/total_steps': 30000, 'training/updates': 15, 'training/sps': np.float64(6137.174), 'training/walltime': np.float64(6.9), 'training/rollout_time': np.float64(0.324), 'training/update_time': np.float64(0.002), 'training/approx_kl': 5.960464477539063e-08, 'training/entropy': 0.6733055710792542, 'training/policy_loss': 0.008752798661589622, 'training/total_loss': 0.009936179965734482, 'training/value_loss': 0.0023667635396122932}
{'eval/num_episodes': 200, 'eval/num_steps': 200, 'eval/mean_score': np.float64(0.934), 'eval/std_score': np.float64(0.047), 'eval/mean_episode_length': np.float64(1.0), 'eval/std_episode_length': np.float64(0.0), 'eval/eval_time': 0.07297492027282715}
{'training/total_steps': 32000, 'training/updates': 16, 'training/sps': np.float64(5593.766), 'training/walltime': np.float64(7.331), 'training/rollout_time': np.float64(0.356), 'training/update_time': np.float64(0.002), 'training/approx_kl': 0.0, 'training/entropy': 0.6776314377784729, 'training/policy_loss': 0.009674346074461937, 'training/total_loss': 0.010876786895096302, 'training/value_loss': 0.002404881175607443}
{'eval/num_episodes': 200, 'eval/num_steps': 200, 'eval/mean_score': np.float64(0.945), 'eval/std_score': np.float64(0.05), 'eval/mean_episode_length': np.float64(1.0), 'eval/std_episode_length': np.float64(0.0), 'eval/eval_time': 0.07417702674865723}
{'training/total_steps': 34000, 'training/updates': 17, 'training/sps': np.float64(5943.201), 'training/walltime': np.float64(7.742), 'training/rollout_time': np.float64(0.335), 'training/update_time': np.float64(0.001), 'training/approx_kl': 0.0, 'training/entropy': 0.6814970374107361, 'training/policy_loss': 0.007559991907328367, 'training/total_loss': 0.00876346230506897, 'training/value_loss': 0.0024069410283118486}
{'eval/num_episodes': 200, 'eval/num_steps': 200, 'eval/mean_score': np.float64(0.943), 'eval/std_score': np.float64(0.05), 'eval/mean_episode_length': np.float64(1.0), 'eval/std_episode_length': np.float64(0.0), 'eval/eval_time': 0.07150888442993164}
{'training/total_steps': 36000, 'training/updates': 18, 'training/sps': np.float64(5884.859), 'training/walltime': np.float64(8.153), 'training/rollout_time': np.float64(0.338), 'training/update_time': np.float64(0.002), 'training/approx_kl': 0.0, 'training/entropy': 0.6848342418670654, 'training/policy_loss': 0.00964732188731432, 'training/total_loss': 0.010896115563809872, 'training/value_loss': 0.0024975878186523914}
{'eval/num_episodes': 200, 'eval/num_steps': 200, 'eval/mean_score': np.float64(0.945), 'eval/std_score': np.float64(0.05), 'eval/mean_episode_length': np.float64(1.0), 'eval/std_episode_length': np.float64(0.0), 'eval/eval_time': 0.08997511863708496}
{'training/total_steps': 38000, 'training/updates': 19, 'training/sps': np.float64(5236.233), 'training/walltime': np.float64(8.626), 'training/rollout_time': np.float64(0.38), 'training/update_time': np.float64(0.001), 'training/approx_kl': 0.0, 'training/entropy': 0.6877008676528931, 'training/policy_loss': 0.005784036125987768, 'training/total_loss': 0.007025993429124355, 'training/value_loss': 0.0024839146062731743}
{'eval/num_episodes': 200, 'eval/num_steps': 200, 'eval/mean_score': np.float64(0.946), 'eval/std_score': np.float64(0.05), 'eval/mean_episode_length': np.float64(1.0), 'eval/std_episode_length': np.float64(0.0), 'eval/eval_time': 0.07364106178283691}
{'training/total_steps': 40000, 'training/updates': 20, 'training/sps': np.float64(5998.513), 'training/walltime': np.float64(9.033), 'training/rollout_time': np.float64(0.332), 'training/update_time': np.float64(0.001), 'training/approx_kl': 0.0, 'training/entropy': 0.6899720430374146, 'training/policy_loss': 0.0038232486695051193, 'training/total_loss': 0.005064024124294519, 'training/value_loss': 0.0024815509095788}
{'eval/num_episodes': 200, 'eval/num_steps': 200, 'eval/mean_score': np.float64(0.949), 'eval/std_score': np.float64(0.05), 'eval/mean_episode_length': np.float64(1.0), 'eval/std_episode_length': np.float64(0.0), 'eval/eval_time': 0.07883906364440918}
{'training/total_steps': 42000, 'training/updates': 21, 'training/sps': np.float64(6183.07), 'training/walltime': np.float64(9.436), 'training/rollout_time': np.float64(0.322), 'training/update_time': np.float64(0.001), 'training/approx_kl': 0.0, 'training/entropy': 0.6916370987892151, 'training/policy_loss': 0.0036736910697072744, 'training/total_loss': 0.0049202521331608295, 'training/value_loss': 0.002493121661245823}
{'eval/num_episodes': 200, 'eval/num_steps': 200, 'eval/mean_score': np.float64(0.945), 'eval/std_score': np.float64(0.05), 'eval/mean_episode_length': np.float64(1.0), 'eval/std_episode_length': np.float64(0.0), 'eval/eval_time': 0.07665681838989258}
{'training/total_steps': 44000, 'training/updates': 22, 'training/sps': np.float64(5596.629), 'training/walltime': np.float64(9.87), 'training/rollout_time': np.float64(0.356), 'training/update_time': np.float64(0.002), 'training/approx_kl': 0.0, 'training/entropy': 0.6926950812339783, 'training/policy_loss': 0.0022640242241322994, 'training/total_loss': 0.0035129187162965536, 'training/value_loss': 0.0024977887514978647}
{'eval/num_episodes': 200, 'eval/num_steps': 200, 'eval/mean_score': np.float64(0.937), 'eval/std_score': np.float64(0.048), 'eval/mean_episode_length': np.float64(1.0), 'eval/std_episode_length': np.float64(0.0), 'eval/eval_time': 0.07434916496276855}
{'training/total_steps': 46000, 'training/updates': 23, 'training/sps': np.float64(6118.021), 'training/walltime': np.float64(10.272), 'training/rollout_time': np.float64(0.325), 'training/update_time': np.float64(0.002), 'training/approx_kl': 0.0, 'training/entropy': 0.6931342482566833, 'training/policy_loss': 0.0020932273473590612, 'training/total_loss': 0.0033464189618825912, 'training/value_loss': 0.0025063829962164164}
{'eval/num_episodes': 200, 'eval/num_steps': 200, 'eval/mean_score': np.float64(0.95), 'eval/std_score': np.float64(0.05), 'eval/mean_episode_length': np.float64(1.0), 'eval/std_episode_length': np.float64(0.0), 'eval/eval_time': 0.07605695724487305}
{'training/total_steps': 48000, 'training/updates': 24, 'training/sps': np.float64(4474.824), 'training/walltime': np.float64(10.795), 'training/rollout_time': np.float64(0.445), 'training/update_time': np.float64(0.001), 'training/approx_kl': 0.0, 'training/entropy': 0.6929492354393005, 'training/policy_loss': -0.0024860117118805647, 'training/total_loss': -0.0012346106814220548, 'training/value_loss': 0.00250280206091702}
{'eval/num_episodes': 200, 'eval/num_steps': 200, 'eval/mean_score': np.float64(0.957), 'eval/std_score': np.float64(0.049), 'eval/mean_episode_length': np.float64(1.0), 'eval/std_episode_length': np.float64(0.0), 'eval/eval_time': 0.0747230052947998}
{'training/total_steps': 50000, 'training/updates': 25, 'training/sps': np.float64(6096.146), 'training/walltime': np.float64(11.198), 'training/rollout_time': np.float64(0.327), 'training/update_time': np.float64(0.002), 'training/approx_kl': 0.0, 'training/entropy': 0.6921387910842896, 'training/policy_loss': 0.001635660999454558, 'training/total_loss': 0.0028923104982823133, 'training/value_loss': 0.002513298997655511}
{'eval/num_episodes': 200, 'eval/num_steps': 200, 'eval/mean_score': np.float64(0.958), 'eval/std_score': np.float64(0.049), 'eval/mean_episode_length': np.float64(1.0), 'eval/std_episode_length': np.float64(0.0), 'eval/eval_time': 0.07431316375732422}
{'training/total_steps': 52000, 'training/updates': 26, 'training/sps': np.float64(5923.765), 'training/walltime': np.float64(11.611), 'training/rollout_time': np.float64(0.336), 'training/update_time': np.float64(0.002), 'training/approx_kl': 0.0, 'training/entropy': 0.690712571144104, 'training/policy_loss': -0.005046226549893618, 'training/total_loss': -0.0037956947926431894, 'training/value_loss': 0.0025010635145008564}
{'eval/num_episodes': 200, 'eval/num_steps': 200, 'eval/mean_score': np.float64(0.956), 'eval/std_score': np.float64(0.05), 'eval/mean_episode_length': np.float64(1.0), 'eval/std_episode_length': np.float64(0.0), 'eval/eval_time': 0.07828617095947266}
{'training/total_steps': 54000, 'training/updates': 27, 'training/sps': np.float64(5679.879), 'training/walltime': np.float64(12.042), 'training/rollout_time': np.float64(0.35), 'training/update_time': np.float64(0.002), 'training/approx_kl': -5.960464477539063e-08, 'training/entropy': 0.6886686682701111, 'training/policy_loss': -0.0029815160669386387, 'training/total_loss': -0.0017385153332725167, 'training/value_loss': 0.002486001467332244}
{'eval/num_episodes': 200, 'eval/num_steps': 200, 'eval/mean_score': np.float64(0.95), 'eval/std_score': np.float64(0.05), 'eval/mean_episode_length': np.float64(1.0), 'eval/std_episode_length': np.float64(0.0), 'eval/eval_time': 0.07688713073730469}
{'training/total_steps': 56000, 'training/updates': 28, 'training/sps': np.float64(6043.618), 'training/walltime': np.float64(12.45), 'training/rollout_time': np.float64(0.329), 'training/update_time': np.float64(0.002), 'training/approx_kl': 0.0, 'training/entropy': 0.6860408186912537, 'training/policy_loss': -0.004405078012496233, 'training/total_loss': -0.0031748772598803043, 'training/value_loss': 0.0024604015052318573}
{'eval/num_episodes': 200, 'eval/num_steps': 200, 'eval/mean_score': np.float64(0.955), 'eval/std_score': np.float64(0.05), 'eval/mean_episode_length': np.float64(1.0), 'eval/std_episode_length': np.float64(0.0), 'eval/eval_time': 0.0759282112121582}
{'training/total_steps': 58000, 'training/updates': 29, 'training/sps': np.float64(5464.482), 'training/walltime': np.float64(12.892), 'training/rollout_time': np.float64(0.364), 'training/update_time': np.float64(0.002), 'training/approx_kl': 0.0, 'training/entropy': 0.6828550100326538, 'training/policy_loss': -0.005963220726698637, 'training/total_loss': -0.004745638929307461, 'training/value_loss': 0.0024351635947823524}
{'eval/num_episodes': 200, 'eval/num_steps': 200, 'eval/mean_score': np.float64(0.952), 'eval/std_score': np.float64(0.05), 'eval/mean_episode_length': np.float64(1.0), 'eval/std_episode_length': np.float64(0.0), 'eval/eval_time': 0.07746291160583496}
{'training/total_steps': 60000, 'training/updates': 30, 'training/sps': np.float64(6049.698), 'training/walltime': np.float64(13.3), 'training/rollout_time': np.float64(0.329), 'training/update_time': np.float64(0.001), 'training/approx_kl': 0.0, 'training/entropy': 0.679140031337738, 'training/policy_loss': -0.006841795518994331, 'training/total_loss': -0.005640584509819746, 'training/value_loss': 0.0024024215526878834}
{'eval/num_episodes': 200, 'eval/num_steps': 200, 'eval/mean_score': np.float64(0.96), 'eval/std_score': np.float64(0.049), 'eval/mean_episode_length': np.float64(1.0), 'eval/std_episode_length': np.float64(0.0), 'eval/eval_time': 0.07641386985778809}
TRAINING END: training duration: 13.377303123474121
{'final_eval/num_episodes': 200, 'final_eval/num_steps': 200, 'final_eval/mean_score': np.float64(1.0), 'final_eval/std_score': np.float64(0.0), 'final_eval/mean_episode_length': np.float64(1.0), 'final_eval/std_episode_length': np.float64(0.0)}
.0)}
