|param: value|
|experiment_name:  trpo_procgen|
|seed:  10|
|platform:  cpu|
|write_logs_to_file:  False|
|save_model:  False|
|env_name:  bandit|
|num_envs:  8|
|num_train_levels:  200|
|distribution_mode:  easy|
|arm_means:  (1.0, 0.9)|
|deterministic_rewards:  True|
|eval_env:  True|
|num_eval_episodes:  200|
|eval_every:  1|
|deterministic_eval:  False|
|normalize_observations:  True|
|total_timesteps:  60000|
|learning_rate:  0.01|
|unroll_length:  250|
|anneal_lr:  False|
|gamma:  0.99|
|gae_lambda:  0.95|
|batch_size:  1|
|num_minibatches:  8|
|update_epochs:  10|
|normalize_advantages:  True|
|target_kl:  0.01|
|cg_damping:  0.1|
|cg_max_iterations:  10|
|line_search_max_iter:  10|
|line_search_shrinking_factor:  0.8|
|vf_cost:  1.0|
|max_grad_norm:  0.5|
|reward_scaling:  1.0|
|use_cnn:  False|
|policy_hidden_layer_sizes:  ()|
|value_hidden_layer_sizes:  ()|
|activation:  <jax._src.custom_derivatives.custom_jvp object at 0x11272f750>|
|policy_init_logit_bias:  [1.0, 0.0]|
|entropy_cost:  0.0|
{'training/total_steps': 2000, 'training/updates': 1, 'training/sps': np.float64(1157.897), 'training/walltime': np.float64(1.727), 'training/rollout_time': np.float64(0.128), 'training/update_time': np.float64(1.599), 'training/iterations': 1.0, 'training/kl_div': 0.006611844524741173, 'training/line_search_success': 1.0, 'training/new_policy_objective': 0.40791428089141846, 'training/policy_objective': 0.33459651470184326, 'training/value_loss': 0.013717255555093288}
{'eval/num_episodes': 200, 'eval/num_steps': 200, 'eval/mean_score': np.float64(1.0), 'eval/std_score': np.float64(0.0), 'eval/mean_episode_length': np.float64(1.0), 'eval/std_episode_length': np.float64(0.0), 'eval/eval_time': 0.09078812599182129}
{'training/total_steps': 4000, 'training/updates': 2, 'training/sps': np.float64(16443.608), 'training/walltime': np.float64(1.962), 'training/rollout_time': np.float64(0.118), 'training/update_time': np.float64(0.003), 'training/iterations': 1.0, 'training/kl_div': 0.0005835619522258639, 'training/line_search_success': 1.0, 'training/new_policy_objective': 0.08453325927257538, 'training/policy_objective': 0.07534467428922653, 'training/value_loss': 7.237491081468761e-05}
{'eval/num_episodes': 200, 'eval/num_steps': 200, 'eval/mean_score': np.float64(1.0), 'eval/std_score': np.float64(0.0), 'eval/mean_episode_length': np.float64(1.0), 'eval/std_episode_length': np.float64(0.0), 'eval/eval_time': 0.0760807991027832}
{'training/total_steps': 6000, 'training/updates': 3, 'training/sps': np.float64(18393.852), 'training/walltime': np.float64(2.147), 'training/rollout_time': np.float64(0.105), 'training/update_time': np.float64(0.004), 'training/iterations': 1.0, 'training/kl_div': 0.0005372113082557917, 'training/line_search_success': 1.0, 'training/new_policy_objective': -0.0057719070464372635, 'training/policy_objective': -0.005780508741736412, 'training/value_loss': 2.2691251544415536e-08}
{'eval/num_episodes': 200, 'eval/num_steps': 200, 'eval/mean_score': np.float64(0.999), 'eval/std_score': np.float64(0.01), 'eval/mean_episode_length': np.float64(1.0), 'eval/std_episode_length': np.float64(0.0), 'eval/eval_time': 0.0759890079498291}
{'training/total_steps': 8000, 'training/updates': 4, 'training/sps': np.float64(17830.082), 'training/walltime': np.float64(2.335), 'training/rollout_time': np.float64(0.109), 'training/update_time': np.float64(0.003), 'training/iterations': 1.0, 'training/kl_div': nan, 'training/line_search_success': 0.875, 'training/new_policy_objective': nan, 'training/policy_objective': 0.07328888773918152, 'training/value_loss': 6.42538070678711e-05}
{'eval/num_episodes': 200, 'eval/num_steps': 200, 'eval/mean_score': np.float64(1.0), 'eval/std_score': np.float64(0.0), 'eval/mean_episode_length': np.float64(1.0), 'eval/std_episode_length': np.float64(0.0), 'eval/eval_time': 0.07887506484985352}
{'training/total_steps': 10000, 'training/updates': 5, 'training/sps': np.float64(18692.652), 'training/walltime': np.float64(2.522), 'training/rollout_time': np.float64(0.104), 'training/update_time': np.float64(0.003), 'training/iterations': 1.0, 'training/kl_div': 0.001178242266178131, 'training/line_search_success': 1.0, 'training/new_policy_objective': -0.01143255177885294, 'training/policy_objective': -0.011472620069980621, 'training/value_loss': 7.026299897461286e-08}
{'eval/num_episodes': 200, 'eval/num_steps': 200, 'eval/mean_score': np.float64(0.997), 'eval/std_score': np.float64(0.017), 'eval/mean_episode_length': np.float64(1.0), 'eval/std_episode_length': np.float64(0.0), 'eval/eval_time': 0.07786393165588379}
{'training/total_steps': 12000, 'training/updates': 6, 'training/sps': np.float64(19152.117), 'training/walltime': np.float64(2.705), 'training/rollout_time': np.float64(0.101), 'training/update_time': np.float64(0.004), 'training/iterations': 1.0, 'training/kl_div': 0.001350675942376256, 'training/line_search_success': 1.0, 'training/new_policy_objective': 0.14002986252307892, 'training/policy_objective': 0.1153138130903244, 'training/value_loss': 0.00013650885375682265}
{'eval/num_episodes': 200, 'eval/num_steps': 200, 'eval/mean_score': np.float64(1.0), 'eval/std_score': np.float64(0.0), 'eval/mean_episode_length': np.float64(1.0), 'eval/std_episode_length': np.float64(0.0), 'eval/eval_time': 0.07761311531066895}
{'training/total_steps': 14000, 'training/updates': 7, 'training/sps': np.float64(17052.72), 'training/walltime': np.float64(2.9), 'training/rollout_time': np.float64(0.112), 'training/update_time': np.float64(0.006), 'training/iterations': 1.0, 'training/kl_div': 0.001443676883354783, 'training/line_search_success': 1.0, 'training/new_policy_objective': -0.022561687976121902, 'training/policy_objective': -0.02266143262386322, 'training/value_loss': 2.5841561068773444e-07}
{'eval/num_episodes': 200, 'eval/num_steps': 200, 'eval/mean_score': np.float64(0.996), 'eval/std_score': np.float64(0.018), 'eval/mean_episode_length': np.float64(1.0), 'eval/std_episode_length': np.float64(0.0), 'eval/eval_time': 0.08243417739868164}
{'training/total_steps': 16000, 'training/updates': 8, 'training/sps': np.float64(18232.22), 'training/walltime': np.float64(3.093), 'training/rollout_time': np.float64(0.106), 'training/update_time': np.float64(0.003), 'training/iterations': 1.0, 'training/kl_div': 0.0016246750019490719, 'training/line_search_success': 1.0, 'training/new_policy_objective': 0.17873945832252502, 'training/policy_objective': 0.1519261598587036, 'training/value_loss': 0.00021098169963806868}
{'eval/num_episodes': 200, 'eval/num_steps': 200, 'eval/mean_score': np.float64(1.0), 'eval/std_score': np.float64(0.0), 'eval/mean_episode_length': np.float64(1.0), 'eval/std_episode_length': np.float64(0.0), 'eval/eval_time': 0.07633805274963379}
{'training/total_steps': 18000, 'training/updates': 9, 'training/sps': np.float64(13357.826), 'training/walltime': np.float64(3.319), 'training/rollout_time': np.float64(0.144), 'training/update_time': np.float64(0.006), 'training/iterations': 1.0, 'training/kl_div': nan, 'training/line_search_success': 0.0, 'training/new_policy_objective': nan, 'training/policy_objective': 0.0, 'training/value_loss': 7.856093588998192e-07}
{'eval/num_episodes': 200, 'eval/num_steps': 200, 'eval/mean_score': np.float64(1.0), 'eval/std_score': np.float64(0.0), 'eval/mean_episode_length': np.float64(1.0), 'eval/std_episode_length': np.float64(0.0), 'eval/eval_time': 0.07803702354431152}
{'training/total_steps': 20000, 'training/updates': 10, 'training/sps': np.float64(18344.737), 'training/walltime': np.float64(3.507), 'training/rollout_time': np.float64(0.105), 'training/update_time': np.float64(0.004), 'training/iterations': 1.0, 'training/kl_div': nan, 'training/line_search_success': 0.0, 'training/new_policy_objective': nan, 'training/policy_objective': 0.0, 'training/value_loss': 1.6337203812000212e-10}
{'eval/num_episodes': 200, 'eval/num_steps': 200, 'eval/mean_score': np.float64(1.0), 'eval/std_score': np.float64(0.0), 'eval/mean_episode_length': np.float64(1.0), 'eval/std_episode_length': np.float64(0.0), 'eval/eval_time': 0.07904314994812012}
{'training/total_steps': 22000, 'training/updates': 11, 'training/sps': np.float64(18344.456), 'training/walltime': np.float64(3.695), 'training/rollout_time': np.float64(0.106), 'training/update_time': np.float64(0.003), 'training/iterations': 1.0, 'training/kl_div': nan, 'training/line_search_success': 0.875, 'training/new_policy_objective': nan, 'training/policy_objective': 2.842306912498316e-06, 'training/value_loss': 2.7644553313166398e-14}
{'eval/num_episodes': 200, 'eval/num_steps': 200, 'eval/mean_score': np.float64(1.0), 'eval/std_score': np.float64(0.0), 'eval/mean_episode_length': np.float64(1.0), 'eval/std_episode_length': np.float64(0.0), 'eval/eval_time': 0.07637906074523926}
{'training/total_steps': 24000, 'training/updates': 12, 'training/sps': np.float64(17079.419), 'training/walltime': np.float64(3.889), 'training/rollout_time': np.float64(0.112), 'training/update_time': np.float64(0.005), 'training/iterations': 1.0, 'training/kl_div': nan, 'training/line_search_success': 0.0, 'training/new_policy_objective': nan, 'training/policy_objective': 0.0, 'training/value_loss': 0.0}
{'eval/num_episodes': 200, 'eval/num_steps': 200, 'eval/mean_score': np.float64(1.0), 'eval/std_score': np.float64(0.0), 'eval/mean_episode_length': np.float64(1.0), 'eval/std_episode_length': np.float64(0.0), 'eval/eval_time': 0.0788888931274414}
{'training/total_steps': 26000, 'training/updates': 13, 'training/sps': np.float64(17820.575), 'training/walltime': np.float64(4.081), 'training/rollout_time': np.float64(0.109), 'training/update_time': np.float64(0.003), 'training/iterations': 1.0, 'training/kl_div': nan, 'training/line_search_success': 0.0, 'training/new_policy_objective': nan, 'training/policy_objective': 0.0, 'training/value_loss': 0.0}
{'eval/num_episodes': 200, 'eval/num_steps': 200, 'eval/mean_score': np.float64(1.0), 'eval/std_score': np.float64(0.0), 'eval/mean_episode_length': np.float64(1.0), 'eval/std_episode_length': np.float64(0.0), 'eval/eval_time': 0.08271169662475586}
{'training/total_steps': 28000, 'training/updates': 14, 'training/sps': np.float64(17120.656), 'training/walltime': np.float64(4.281), 'training/rollout_time': np.float64(0.113), 'training/update_time': np.float64(0.003), 'training/iterations': 1.0, 'training/kl_div': nan, 'training/line_search_success': 0.0, 'training/new_policy_objective': nan, 'training/policy_objective': 0.0, 'training/value_loss': 0.0}
{'eval/num_episodes': 200, 'eval/num_steps': 200, 'eval/mean_score': np.float64(1.0), 'eval/std_score': np.float64(0.0), 'eval/mean_episode_length': np.float64(1.0), 'eval/std_episode_length': np.float64(0.0), 'eval/eval_time': 0.08072519302368164}
{'training/total_steps': 30000, 'training/updates': 15, 'training/sps': np.float64(17407.218), 'training/walltime': np.float64(4.477), 'training/rollout_time': np.float64(0.112), 'training/update_time': np.float64(0.003), 'training/iterations': 1.0, 'training/kl_div': nan, 'training/line_search_success': 0.0, 'training/new_policy_objective': nan, 'training/policy_objective': 0.0, 'training/value_loss': 0.0}
{'eval/num_episodes': 200, 'eval/num_steps': 200, 'eval/mean_score': np.float64(1.0), 'eval/std_score': np.float64(0.0), 'eval/mean_episode_length': np.float64(1.0), 'eval/std_episode_length': np.float64(0.0), 'eval/eval_time': 0.07843899726867676}
{'training/total_steps': 32000, 'training/updates': 16, 'training/sps': np.float64(17168.556), 'training/walltime': np.float64(4.672), 'training/rollout_time': np.float64(0.113), 'training/update_time': np.float64(0.004), 'training/iterations': 1.0, 'training/kl_div': nan, 'training/line_search_success': 0.0, 'training/new_policy_objective': nan, 'training/policy_objective': 0.0, 'training/value_loss': 0.0}
{'eval/num_episodes': 200, 'eval/num_steps': 200, 'eval/mean_score': np.float64(1.0), 'eval/std_score': np.float64(0.0), 'eval/mean_episode_length': np.float64(1.0), 'eval/std_episode_length': np.float64(0.0), 'eval/eval_time': 0.08329987525939941}
{'training/total_steps': 34000, 'training/updates': 17, 'training/sps': np.float64(18001.034), 'training/walltime': np.float64(4.867), 'training/rollout_time': np.float64(0.107), 'training/update_time': np.float64(0.004), 'training/iterations': 1.0, 'training/kl_div': nan, 'training/line_search_success': 0.0, 'training/new_policy_objective': nan, 'training/policy_objective': 0.0, 'training/value_loss': 0.0}
{'eval/num_episodes': 200, 'eval/num_steps': 200, 'eval/mean_score': np.float64(1.0), 'eval/std_score': np.float64(0.0), 'eval/mean_episode_length': np.float64(1.0), 'eval/std_episode_length': np.float64(0.0), 'eval/eval_time': 0.08661770820617676}
{'training/total_steps': 36000, 'training/updates': 18, 'training/sps': np.float64(18294.927), 'training/walltime': np.float64(5.064), 'training/rollout_time': np.float64(0.106), 'training/update_time': np.float64(0.003), 'training/iterations': 1.0, 'training/kl_div': nan, 'training/line_search_success': 0.0, 'training/new_policy_objective': nan, 'training/policy_objective': 0.0, 'training/value_loss': 0.0}
{'eval/num_episodes': 200, 'eval/num_steps': 200, 'eval/mean_score': np.float64(1.0), 'eval/std_score': np.float64(0.0), 'eval/mean_episode_length': np.float64(1.0), 'eval/std_episode_length': np.float64(0.0), 'eval/eval_time': 0.07654118537902832}
{'training/total_steps': 38000, 'training/updates': 19, 'training/sps': np.float64(16933.786), 'training/walltime': np.float64(5.259), 'training/rollout_time': np.float64(0.115), 'training/update_time': np.float64(0.003), 'training/iterations': 1.0, 'training/kl_div': nan, 'training/line_search_success': 0.0, 'training/new_policy_objective': nan, 'training/policy_objective': 0.0, 'training/value_loss': 0.0}
{'eval/num_episodes': 200, 'eval/num_steps': 200, 'eval/mean_score': np.float64(1.0), 'eval/std_score': np.float64(0.0), 'eval/mean_episode_length': np.float64(1.0), 'eval/std_episode_length': np.float64(0.0), 'eval/eval_time': 0.07885122299194336}
{'training/total_steps': 40000, 'training/updates': 20, 'training/sps': np.float64(18229.09), 'training/walltime': np.float64(5.448), 'training/rollout_time': np.float64(0.106), 'training/update_time': np.float64(0.003), 'training/iterations': 1.0, 'training/kl_div': nan, 'training/line_search_success': 0.0, 'training/new_policy_objective': nan, 'training/policy_objective': 0.0, 'training/value_loss': 0.0}
{'eval/num_episodes': 200, 'eval/num_steps': 200, 'eval/mean_score': np.float64(1.0), 'eval/std_score': np.float64(0.0), 'eval/mean_episode_length': np.float64(1.0), 'eval/std_episode_length': np.float64(0.0), 'eval/eval_time': 0.07552814483642578}
{'training/total_steps': 42000, 'training/updates': 21, 'training/sps': np.float64(18306.625), 'training/walltime': np.float64(5.633), 'training/rollout_time': np.float64(0.106), 'training/update_time': np.float64(0.003), 'training/iterations': 1.0, 'training/kl_div': nan, 'training/line_search_success': 0.0, 'training/new_policy_objective': nan, 'training/policy_objective': 0.0, 'training/value_loss': 0.0}
{'eval/num_episodes': 200, 'eval/num_steps': 200, 'eval/mean_score': np.float64(1.0), 'eval/std_score': np.float64(0.0), 'eval/mean_episode_length': np.float64(1.0), 'eval/std_episode_length': np.float64(0.0), 'eval/eval_time': 0.15073800086975098}
{'training/total_steps': 44000, 'training/updates': 22, 'training/sps': np.float64(12749.4), 'training/walltime': np.float64(5.941), 'training/rollout_time': np.float64(0.153), 'training/update_time': np.float64(0.003), 'training/iterations': 1.0, 'training/kl_div': nan, 'training/line_search_success': 0.0, 'training/new_policy_objective': nan, 'training/policy_objective': 0.0, 'training/value_loss': 0.0}
{'eval/num_episodes': 200, 'eval/num_steps': 200, 'eval/mean_score': np.float64(1.0), 'eval/std_score': np.float64(0.0), 'eval/mean_episode_length': np.float64(1.0), 'eval/std_episode_length': np.float64(0.0), 'eval/eval_time': 0.08472704887390137}
{'training/total_steps': 46000, 'training/updates': 23, 'training/sps': np.float64(17896.117), 'training/walltime': np.float64(6.138), 'training/rollout_time': np.float64(0.108), 'training/update_time': np.float64(0.003), 'training/iterations': 1.0, 'training/kl_div': nan, 'training/line_search_success': 0.0, 'training/new_policy_objective': nan, 'training/policy_objective': 0.0, 'training/value_loss': 0.0}
{'eval/num_episodes': 200, 'eval/num_steps': 200, 'eval/mean_score': np.float64(1.0), 'eval/std_score': np.float64(0.0), 'eval/mean_episode_length': np.float64(1.0), 'eval/std_episode_length': np.float64(0.0), 'eval/eval_time': 0.07826018333435059}
{'training/total_steps': 48000, 'training/updates': 24, 'training/sps': np.float64(19007.219), 'training/walltime': np.float64(6.322), 'training/rollout_time': np.float64(0.102), 'training/update_time': np.float64(0.003), 'training/iterations': 1.0, 'training/kl_div': nan, 'training/line_search_success': 0.0, 'training/new_policy_objective': nan, 'training/policy_objective': 0.0, 'training/value_loss': 0.0}
{'eval/num_episodes': 200, 'eval/num_steps': 200, 'eval/mean_score': np.float64(1.0), 'eval/std_score': np.float64(0.0), 'eval/mean_episode_length': np.float64(1.0), 'eval/std_episode_length': np.float64(0.0), 'eval/eval_time': 0.0781409740447998}
{'training/total_steps': 50000, 'training/updates': 25, 'training/sps': np.float64(19095.223), 'training/walltime': np.float64(6.505), 'training/rollout_time': np.float64(0.101), 'training/update_time': np.float64(0.003), 'training/iterations': 1.0, 'training/kl_div': nan, 'training/line_search_success': 0.0, 'training/new_policy_objective': nan, 'training/policy_objective': 0.0, 'training/value_loss': 0.0}
{'eval/num_episodes': 200, 'eval/num_steps': 200, 'eval/mean_score': np.float64(1.0), 'eval/std_score': np.float64(0.0), 'eval/mean_episode_length': np.float64(1.0), 'eval/std_episode_length': np.float64(0.0), 'eval/eval_time': 0.08332395553588867}
{'training/total_steps': 52000, 'training/updates': 26, 'training/sps': np.float64(17379.701), 'training/walltime': np.float64(6.704), 'training/rollout_time': np.float64(0.112), 'training/update_time': np.float64(0.003), 'training/iterations': 1.0, 'training/kl_div': nan, 'training/line_search_success': 0.0, 'training/new_policy_objective': nan, 'training/policy_objective': 0.0, 'training/value_loss': 0.0}
{'eval/num_episodes': 200, 'eval/num_steps': 200, 'eval/mean_score': np.float64(1.0), 'eval/std_score': np.float64(0.0), 'eval/mean_episode_length': np.float64(1.0), 'eval/std_episode_length': np.float64(0.0), 'eval/eval_time': 0.08237600326538086}
{'training/total_steps': 54000, 'training/updates': 27, 'training/sps': np.float64(18980.039), 'training/walltime': np.float64(6.893), 'training/rollout_time': np.float64(0.102), 'training/update_time': np.float64(0.003), 'training/iterations': 1.0, 'training/kl_div': nan, 'training/line_search_success': 0.0, 'training/new_policy_objective': nan, 'training/policy_objective': 0.0, 'training/value_loss': 0.0}
{'eval/num_episodes': 200, 'eval/num_steps': 200, 'eval/mean_score': np.float64(1.0), 'eval/std_score': np.float64(0.0), 'eval/mean_episode_length': np.float64(1.0), 'eval/std_episode_length': np.float64(0.0), 'eval/eval_time': 0.0754692554473877}
{'training/total_steps': 56000, 'training/updates': 28, 'training/sps': np.float64(18757.145), 'training/walltime': np.float64(7.075), 'training/rollout_time': np.float64(0.103), 'training/update_time': np.float64(0.003), 'training/iterations': 1.0, 'training/kl_div': nan, 'training/line_search_success': 0.0, 'training/new_policy_objective': nan, 'training/policy_objective': 0.0, 'training/value_loss': 0.0}
{'eval/num_episodes': 200, 'eval/num_steps': 200, 'eval/mean_score': np.float64(1.0), 'eval/std_score': np.float64(0.0), 'eval/mean_episode_length': np.float64(1.0), 'eval/std_episode_length': np.float64(0.0), 'eval/eval_time': 0.07595181465148926}
{'training/total_steps': 58000, 'training/updates': 29, 'training/sps': np.float64(19121.383), 'training/walltime': np.float64(7.256), 'training/rollout_time': np.float64(0.101), 'training/update_time': np.float64(0.003), 'training/iterations': 1.0, 'training/kl_div': nan, 'training/line_search_success': 0.0, 'training/new_policy_objective': nan, 'training/policy_objective': 0.0, 'training/value_loss': 0.0}
{'eval/num_episodes': 200, 'eval/num_steps': 200, 'eval/mean_score': np.float64(1.0), 'eval/std_score': np.float64(0.0), 'eval/mean_episode_length': np.float64(1.0), 'eval/std_episode_length': np.float64(0.0), 'eval/eval_time': 0.07999801635742188}
{'training/total_steps': 60000, 'training/updates': 30, 'training/sps': np.float64(19012.518), 'training/walltime': np.float64(7.442), 'training/rollout_time': np.float64(0.102), 'training/update_time': np.float64(0.003), 'training/iterations': 1.0, 'training/kl_div': nan, 'training/line_search_success': 0.0, 'training/new_policy_objective': nan, 'training/policy_objective': 0.0, 'training/value_loss': 0.0}
{'eval/num_episodes': 200, 'eval/num_steps': 200, 'eval/mean_score': np.float64(1.0), 'eval/std_score': np.float64(0.0), 'eval/mean_episode_length': np.float64(1.0), 'eval/std_episode_length': np.float64(0.0), 'eval/eval_time': 0.07389497756958008}
TRAINING END: training duration: 7.516083002090454
{'final_eval/num_episodes': 200, 'final_eval/num_steps': 200, 'final_eval/mean_score': np.float64(1.0), 'final_eval/std_score': np.float64(0.0), 'final_eval/mean_episode_length': np.float64(1.0), 'final_eval/std_episode_length': np.float64(0.0)}
