|param: value|
|experiment_name:  cleanba_ppo|
|seed:  11|
|platform:  cpu|
|write_logs_to_file:  False|
|save_model:  False|
|env_name:  bandit|
|num_envs:  8|
|num_train_levels:  200|
|distribution_mode:  easy|
|arm_means:  (1.0, 0.9)|
|deterministic_rewards:  True|
|eval_env:  True|
|num_eval_episodes:  200|
|eval_every:  1|
|deterministic_eval:  False|
|total_timesteps:  60000|
|learning_rate:  0.00025|
|adam_eps:  1e-05|
|unroll_length:  250|
|anneal_lr:  False|
|gamma:  0.99|
|gae_lambda:  0.95|
|num_minibatches:  4|
|update_epochs:  4|
|normalize_advantages:  True|
|clip_eps:  0.1|
|clip_vloss:  True|
|entropy_cost:  0.0|
|vf_cost:  0.5|
|max_grad_norm:  0.5|
|use_cnn:  False|
|policy_hidden_layer_sizes:  ()|
|value_hidden_layer_sizes:  ()|
|activation:  <jax._src.custom_derivatives.custom_jvp object at 0x10e907850>|
|policy_init_logit_bias:  [0.0, 4.0]|
{'training/total_steps': 2000, 'training/updates': 1, 'training/sps': np.float64(2186.409), 'training/walltime': np.float64(0.915), 'training/rollout_time': np.float64(0.416), 'training/update_time': np.float64(0.499), 'training/approx_kl': 1.813878270695568e-06, 'training/entropy': 0.09104856848716736, 'training/policy_loss': -0.0019027944654226303, 'training/total_loss': 0.09766054153442383, 'training/value_loss': 0.19912666082382202}
{'eval/num_episodes': 200, 'eval/num_steps': 200, 'eval/mean_score': np.float64(0.902), 'eval/std_score': np.float64(0.016), 'eval/mean_episode_length': np.float64(1.0), 'eval/std_episode_length': np.float64(0.0), 'eval/eval_time': 0.08423089981079102}
{'training/total_steps': 4000, 'training/updates': 2, 'training/sps': np.float64(12733.434), 'training/walltime': np.float64(1.156), 'training/rollout_time': np.float64(0.149), 'training/update_time': np.float64(0.008), 'training/approx_kl': 1.3785950159217464e-06, 'training/entropy': 0.092171810567379, 'training/policy_loss': -0.0016145814443007112, 'training/total_loss': 0.09556225687265396, 'training/value_loss': 0.19435368478298187}
{'eval/num_episodes': 200, 'eval/num_steps': 200, 'eval/mean_score': np.float64(0.901), 'eval/std_score': np.float64(0.012), 'eval/mean_episode_length': np.float64(1.0), 'eval/std_episode_length': np.float64(0.0), 'eval/eval_time': 0.08706116676330566}
{'training/total_steps': 6000, 'training/updates': 3, 'training/sps': np.float64(12662.795), 'training/walltime': np.float64(1.402), 'training/rollout_time': np.float64(0.15), 'training/update_time': np.float64(0.008), 'training/approx_kl': 1.5564514797006268e-06, 'training/entropy': 0.09331116080284119, 'training/policy_loss': -0.0017254487611353397, 'training/total_loss': 0.09290941059589386, 'training/value_loss': 0.18926972150802612}
{'eval/num_episodes': 200, 'eval/num_steps': 200, 'eval/mean_score': np.float64(0.903), 'eval/std_score': np.float64(0.017), 'eval/mean_episode_length': np.float64(1.0), 'eval/std_episode_length': np.float64(0.0), 'eval/eval_time': 0.0817258358001709}
{'training/total_steps': 8000, 'training/updates': 4, 'training/sps': np.float64(13416.535), 'training/walltime': np.float64(1.633), 'training/rollout_time': np.float64(0.141), 'training/update_time': np.float64(0.008), 'training/approx_kl': 1.7833458514360245e-06, 'training/entropy': 0.09449293464422226, 'training/policy_loss': -0.0018758890219032764, 'training/total_loss': 0.09029087424278259, 'training/value_loss': 0.18433353304862976}
{'eval/num_episodes': 200, 'eval/num_steps': 200, 'eval/mean_score': np.float64(0.901), 'eval/std_score': np.float64(0.01), 'eval/mean_episode_length': np.float64(1.0), 'eval/std_episode_length': np.float64(0.0), 'eval/eval_time': 0.08036684989929199}
{'training/total_steps': 10000, 'training/updates': 5, 'training/sps': np.float64(12289.704), 'training/walltime': np.float64(1.876), 'training/rollout_time': np.float64(0.154), 'training/update_time': np.float64(0.009), 'training/approx_kl': 1.7620009202801157e-06, 'training/entropy': 0.09570665657520294, 'training/policy_loss': -0.0018790217582136393, 'training/total_loss': 0.08791856467723846, 'training/value_loss': 0.17959517240524292}
{'eval/num_episodes': 200, 'eval/num_steps': 200, 'eval/mean_score': np.float64(0.902), 'eval/std_score': np.float64(0.016), 'eval/mean_episode_length': np.float64(1.0), 'eval/std_episode_length': np.float64(0.0), 'eval/eval_time': 0.08846807479858398}
{'training/total_steps': 12000, 'training/updates': 6, 'training/sps': np.float64(12482.509), 'training/walltime': np.float64(2.125), 'training/rollout_time': np.float64(0.152), 'training/update_time': np.float64(0.008), 'training/approx_kl': 1.477119667470106e-06, 'training/entropy': 0.09690970182418823, 'training/policy_loss': -0.0016514206072315574, 'training/total_loss': 0.08584066480398178, 'training/value_loss': 0.1749841719865799}
{'eval/num_episodes': 200, 'eval/num_steps': 200, 'eval/mean_score': np.float64(0.901), 'eval/std_score': np.float64(0.01), 'eval/mean_episode_length': np.float64(1.0), 'eval/std_episode_length': np.float64(0.0), 'eval/eval_time': 0.07670021057128906}
{'training/total_steps': 14000, 'training/updates': 7, 'training/sps': np.float64(13267.509), 'training/walltime': np.float64(2.353), 'training/rollout_time': np.float64(0.143), 'training/update_time': np.float64(0.008), 'training/approx_kl': 1.6923305565796909e-06, 'training/entropy': 0.09811441600322723, 'training/policy_loss': -0.0018322983523830771, 'training/total_loss': 0.08332140743732452, 'training/value_loss': 0.17030742764472961}
{'eval/num_episodes': 200, 'eval/num_steps': 200, 'eval/mean_score': np.float64(0.902), 'eval/std_score': np.float64(0.016), 'eval/mean_episode_length': np.float64(1.0), 'eval/std_episode_length': np.float64(0.0), 'eval/eval_time': 0.07631611824035645}
{'training/total_steps': 16000, 'training/updates': 8, 'training/sps': np.float64(13843.067), 'training/walltime': np.float64(2.574), 'training/rollout_time': np.float64(0.136), 'training/update_time': np.float64(0.008), 'training/approx_kl': 1.7618622223380953e-06, 'training/entropy': 0.09936492890119553, 'training/policy_loss': -0.0018768622539937496, 'training/total_loss': 0.08100289106369019, 'training/value_loss': 0.16575950384140015}
{'eval/num_episodes': 200, 'eval/num_steps': 200, 'eval/mean_score': np.float64(0.902), 'eval/std_score': np.float64(0.014), 'eval/mean_episode_length': np.float64(1.0), 'eval/std_episode_length': np.float64(0.0), 'eval/eval_time': 0.07981300354003906}
{'training/total_steps': 18000, 'training/updates': 9, 'training/sps': np.float64(13106.156), 'training/walltime': np.float64(2.807), 'training/rollout_time': np.float64(0.145), 'training/update_time': np.float64(0.008), 'training/approx_kl': 1.7974423371924786e-06, 'training/entropy': 0.10063711553812027, 'training/policy_loss': -0.0019077279139310122, 'training/total_loss': 0.07878000289201736, 'training/value_loss': 0.16137546300888062}
{'eval/num_episodes': 200, 'eval/num_steps': 200, 'eval/mean_score': np.float64(0.901), 'eval/std_score': np.float64(0.012), 'eval/mean_episode_length': np.float64(1.0), 'eval/std_episode_length': np.float64(0.0), 'eval/eval_time': 0.0724790096282959}
{'training/total_steps': 20000, 'training/updates': 10, 'training/sps': np.float64(13512.425), 'training/walltime': np.float64(3.028), 'training/rollout_time': np.float64(0.14), 'training/update_time': np.float64(0.008), 'training/approx_kl': 2.3567313292005565e-06, 'training/entropy': 0.1019761860370636, 'training/policy_loss': -0.002180985640734434, 'training/total_loss': 0.07623197883367538, 'training/value_loss': 0.1568259298801422}
{'eval/num_episodes': 200, 'eval/num_steps': 200, 'eval/mean_score': np.float64(0.901), 'eval/std_score': np.float64(0.012), 'eval/mean_episode_length': np.float64(1.0), 'eval/std_episode_length': np.float64(0.0), 'eval/eval_time': 0.07717704772949219}
{'training/total_steps': 22000, 'training/updates': 11, 'training/sps': np.float64(13234.604), 'training/walltime': np.float64(3.256), 'training/rollout_time': np.float64(0.143), 'training/update_time': np.float64(0.008), 'training/approx_kl': 1.8644994952410343e-06, 'training/entropy': 0.10332049429416656, 'training/policy_loss': -0.0019260603003203869, 'training/total_loss': 0.07448890805244446, 'training/value_loss': 0.15282993018627167}
{'eval/num_episodes': 200, 'eval/num_steps': 200, 'eval/mean_score': np.float64(0.903), 'eval/std_score': np.float64(0.018), 'eval/mean_episode_length': np.float64(1.0), 'eval/std_episode_length': np.float64(0.0), 'eval/eval_time': 0.07368111610412598}
{'training/total_steps': 24000, 'training/updates': 12, 'training/sps': np.float64(14006.295), 'training/walltime': np.float64(3.473), 'training/rollout_time': np.float64(0.135), 'training/update_time': np.float64(0.008), 'training/approx_kl': 2.5992057999246754e-06, 'training/entropy': 0.10469472408294678, 'training/policy_loss': -0.00225491588935256, 'training/total_loss': 0.07195260375738144, 'training/value_loss': 0.14841504395008087}
{'eval/num_episodes': 200, 'eval/num_steps': 200, 'eval/mean_score': np.float64(0.901), 'eval/std_score': np.float64(0.012), 'eval/mean_episode_length': np.float64(1.0), 'eval/std_episode_length': np.float64(0.0), 'eval/eval_time': 0.07518625259399414}
{'training/total_steps': 26000, 'training/updates': 13, 'training/sps': np.float64(13247.688), 'training/walltime': np.float64(3.7), 'training/rollout_time': np.float64(0.143), 'training/update_time': np.float64(0.008), 'training/approx_kl': 2.2591427750739967e-06, 'training/entropy': 0.10609349608421326, 'training/policy_loss': -0.002078572753816843, 'training/total_loss': 0.07018148899078369, 'training/value_loss': 0.1445201337337494}
{'eval/num_episodes': 200, 'eval/num_steps': 200, 'eval/mean_score': np.float64(0.901), 'eval/std_score': np.float64(0.012), 'eval/mean_episode_length': np.float64(1.0), 'eval/std_episode_length': np.float64(0.0), 'eval/eval_time': 0.07378816604614258}
{'training/total_steps': 28000, 'training/updates': 14, 'training/sps': np.float64(13441.516), 'training/walltime': np.float64(3.923), 'training/rollout_time': np.float64(0.141), 'training/update_time': np.float64(0.008), 'training/approx_kl': 2.4742503228480928e-06, 'training/entropy': 0.10750912129878998, 'training/policy_loss': -0.002221176866441965, 'training/total_loss': 0.06799893826246262, 'training/value_loss': 0.1404402256011963}
{'eval/num_episodes': 200, 'eval/num_steps': 200, 'eval/mean_score': np.float64(0.902), 'eval/std_score': np.float64(0.016), 'eval/mean_episode_length': np.float64(1.0), 'eval/std_episode_length': np.float64(0.0), 'eval/eval_time': 0.07226204872131348}
{'training/total_steps': 30000, 'training/updates': 15, 'training/sps': np.float64(13884.332), 'training/walltime': np.float64(4.139), 'training/rollout_time': np.float64(0.136), 'training/update_time': np.float64(0.008), 'training/approx_kl': 1.850012722570682e-06, 'training/entropy': 0.10890449583530426, 'training/policy_loss': -0.0018828692846000195, 'training/total_loss': 0.06650891155004501, 'training/value_loss': 0.13678357005119324}
{'eval/num_episodes': 200, 'eval/num_steps': 200, 'eval/mean_score': np.float64(0.902), 'eval/std_score': np.float64(0.014), 'eval/mean_episode_length': np.float64(1.0), 'eval/std_episode_length': np.float64(0.0), 'eval/eval_time': 0.0750892162322998}
{'training/total_steps': 32000, 'training/updates': 16, 'training/sps': np.float64(13272.883), 'training/walltime': np.float64(4.365), 'training/rollout_time': np.float64(0.142), 'training/update_time': np.float64(0.009), 'training/approx_kl': 2.6425077521707863e-06, 'training/entropy': 0.11032956838607788, 'training/policy_loss': -0.002280989196151495, 'training/total_loss': 0.06404989212751389, 'training/value_loss': 0.13266175985336304}
{'eval/num_episodes': 200, 'eval/num_steps': 200, 'eval/mean_score': np.float64(0.903), 'eval/std_score': np.float64(0.017), 'eval/mean_episode_length': np.float64(1.0), 'eval/std_episode_length': np.float64(0.0), 'eval/eval_time': 0.07518887519836426}
{'training/total_steps': 34000, 'training/updates': 17, 'training/sps': np.float64(12504.763), 'training/walltime': np.float64(4.601), 'training/rollout_time': np.float64(0.151), 'training/update_time': np.float64(0.009), 'training/approx_kl': 2.882143689930672e-06, 'training/entropy': 0.11184731125831604, 'training/policy_loss': -0.0023752073757350445, 'training/total_loss': 0.062091123312711716, 'training/value_loss': 0.1289326548576355}
{'eval/num_episodes': 200, 'eval/num_steps': 200, 'eval/mean_score': np.float64(0.901), 'eval/std_score': np.float64(0.012), 'eval/mean_episode_length': np.float64(1.0), 'eval/std_episode_length': np.float64(0.0), 'eval/eval_time': 0.08355307579040527}
{'training/total_steps': 36000, 'training/updates': 18, 'training/sps': np.float64(13259.686), 'training/walltime': np.float64(4.836), 'training/rollout_time': np.float64(0.143), 'training/update_time': np.float64(0.008), 'training/approx_kl': 2.6346651793573983e-06, 'training/entropy': 0.1133735179901123, 'training/policy_loss': -0.0022974968887865543, 'training/total_loss': 0.0603761225938797, 'training/value_loss': 0.12534724175930023}
{'eval/num_episodes': 200, 'eval/num_steps': 200, 'eval/mean_score': np.float64(0.902), 'eval/std_score': np.float64(0.016), 'eval/mean_episode_length': np.float64(1.0), 'eval/std_episode_length': np.float64(0.0), 'eval/eval_time': 0.07578301429748535}
{'training/total_steps': 38000, 'training/updates': 19, 'training/sps': np.float64(13815.572), 'training/walltime': np.float64(5.057), 'training/rollout_time': np.float64(0.137), 'training/update_time': np.float64(0.008), 'training/approx_kl': 2.5414601623197086e-06, 'training/entropy': 0.11488611996173859, 'training/policy_loss': -0.0022512818686664104, 'training/total_loss': 0.058621518313884735, 'training/value_loss': 0.12174560129642487}
{'eval/num_episodes': 200, 'eval/num_steps': 200, 'eval/mean_score': np.float64(0.901), 'eval/std_score': np.float64(0.012), 'eval/mean_episode_length': np.float64(1.0), 'eval/std_episode_length': np.float64(0.0), 'eval/eval_time': 0.0728609561920166}
{'training/total_steps': 40000, 'training/updates': 20, 'training/sps': np.float64(13914.779), 'training/walltime': np.float64(5.273), 'training/rollout_time': np.float64(0.136), 'training/update_time': np.float64(0.008), 'training/approx_kl': 3.070781986025395e-06, 'training/entropy': 0.11645279824733734, 'training/policy_loss': -0.002463167067617178, 'training/total_loss': 0.056597135961055756, 'training/value_loss': 0.11812061071395874}
{'eval/num_episodes': 200, 'eval/num_steps': 200, 'eval/mean_score': np.float64(0.901), 'eval/std_score': np.float64(0.012), 'eval/mean_episode_length': np.float64(1.0), 'eval/std_episode_length': np.float64(0.0), 'eval/eval_time': 0.09205007553100586}
{'training/total_steps': 42000, 'training/updates': 21, 'training/sps': np.float64(13345.543), 'training/walltime': np.float64(5.516), 'training/rollout_time': np.float64(0.142), 'training/update_time': np.float64(0.008), 'training/approx_kl': 1.72394049968716e-06, 'training/entropy': 0.11794233322143555, 'training/policy_loss': -0.0018683995585888624, 'training/total_loss': 0.0556873194873333, 'training/value_loss': 0.11511144042015076}
{'eval/num_episodes': 200, 'eval/num_steps': 200, 'eval/mean_score': np.float64(0.902), 'eval/std_score': np.float64(0.014), 'eval/mean_episode_length': np.float64(1.0), 'eval/std_episode_length': np.float64(0.0), 'eval/eval_time': 0.07430195808410645}
{'training/total_steps': 44000, 'training/updates': 22, 'training/sps': np.float64(13548.106), 'training/walltime': np.float64(5.738), 'training/rollout_time': np.float64(0.14), 'training/update_time': np.float64(0.008), 'training/approx_kl': 2.7669157134369016e-06, 'training/entropy': 0.11944736540317535, 'training/policy_loss': -0.0023401775397360325, 'training/total_loss': 0.053340762853622437, 'training/value_loss': 0.11136188358068466}
{'eval/num_episodes': 200, 'eval/num_steps': 200, 'eval/mean_score': np.float64(0.902), 'eval/std_score': np.float64(0.014), 'eval/mean_episode_length': np.float64(1.0), 'eval/std_episode_length': np.float64(0.0), 'eval/eval_time': 0.07711410522460938}
{'training/total_steps': 46000, 'training/updates': 23, 'training/sps': np.float64(13972.63), 'training/walltime': np.float64(5.959), 'training/rollout_time': np.float64(0.135), 'training/update_time': np.float64(0.008), 'training/approx_kl': 2.9674993129447103e-06, 'training/entropy': 0.12107373028993607, 'training/policy_loss': -0.0024247646797448397, 'training/total_loss': 0.05163567140698433, 'training/value_loss': 0.1081208661198616}
{'eval/num_episodes': 200, 'eval/num_steps': 200, 'eval/mean_score': np.float64(0.901), 'eval/std_score': np.float64(0.012), 'eval/mean_episode_length': np.float64(1.0), 'eval/std_episode_length': np.float64(0.0), 'eval/eval_time': 0.07545089721679688}
{'training/total_steps': 48000, 'training/updates': 24, 'training/sps': np.float64(10059.634), 'training/walltime': np.float64(6.233), 'training/rollout_time': np.float64(0.191), 'training/update_time': np.float64(0.008), 'training/approx_kl': 2.34252320296946e-06, 'training/entropy': 0.12267614901065826, 'training/policy_loss': -0.0021574459969997406, 'training/total_loss': 0.05037858709692955, 'training/value_loss': 0.10507206618785858}
{'eval/num_episodes': 200, 'eval/num_steps': 200, 'eval/mean_score': np.float64(0.904), 'eval/std_score': np.float64(0.02), 'eval/mean_episode_length': np.float64(1.0), 'eval/std_episode_length': np.float64(0.0), 'eval/eval_time': 0.07484889030456543}
{'training/total_steps': 50000, 'training/updates': 25, 'training/sps': np.float64(13710.931), 'training/walltime': np.float64(6.454), 'training/rollout_time': np.float64(0.138), 'training/update_time': np.float64(0.008), 'training/approx_kl': 2.913590606112848e-06, 'training/entropy': 0.1242823600769043, 'training/policy_loss': -0.0023880989756435156, 'training/total_loss': 0.04850590601563454, 'training/value_loss': 0.10178801417350769}
{'eval/num_episodes': 200, 'eval/num_steps': 200, 'eval/mean_score': np.float64(0.904), 'eval/std_score': np.float64(0.021), 'eval/mean_episode_length': np.float64(1.0), 'eval/std_episode_length': np.float64(0.0), 'eval/eval_time': 0.07226991653442383}
{'training/total_steps': 52000, 'training/updates': 26, 'training/sps': np.float64(13702.89), 'training/walltime': np.float64(6.673), 'training/rollout_time': np.float64(0.138), 'training/update_time': np.float64(0.008), 'training/approx_kl': 2.6842340048460755e-06, 'training/entropy': 0.12592993676662445, 'training/policy_loss': -0.0022803139872848988, 'training/total_loss': 0.047129902988672256, 'training/value_loss': 0.09882043302059174}
{'eval/num_episodes': 200, 'eval/num_steps': 200, 'eval/mean_score': np.float64(0.903), 'eval/std_score': np.float64(0.018), 'eval/mean_episode_length': np.float64(1.0), 'eval/std_episode_length': np.float64(0.0), 'eval/eval_time': 0.07358694076538086}
{'training/total_steps': 54000, 'training/updates': 27, 'training/sps': np.float64(13720.821), 'training/walltime': np.float64(6.892), 'training/rollout_time': np.float64(0.138), 'training/update_time': np.float64(0.008), 'training/approx_kl': 2.6183035970461788e-06, 'training/entropy': 0.12756413221359253, 'training/policy_loss': -0.0022739735431969166, 'training/total_loss': 0.04564789682626724, 'training/value_loss': 0.09584373980760574}
{'eval/num_episodes': 200, 'eval/num_steps': 200, 'eval/mean_score': np.float64(0.902), 'eval/std_score': np.float64(0.016), 'eval/mean_episode_length': np.float64(1.0), 'eval/std_episode_length': np.float64(0.0), 'eval/eval_time': 0.07398867607116699}
{'training/total_steps': 56000, 'training/updates': 28, 'training/sps': np.float64(13783.881), 'training/walltime': np.float64(7.112), 'training/rollout_time': np.float64(0.137), 'training/update_time': np.float64(0.008), 'training/approx_kl': 2.649919224495534e-06, 'training/entropy': 0.12922310829162598, 'training/policy_loss': -0.0022912367712706327, 'training/total_loss': 0.04417627304792404, 'training/value_loss': 0.09293502569198608}
{'eval/num_episodes': 200, 'eval/num_steps': 200, 'eval/mean_score': np.float64(0.904), 'eval/std_score': np.float64(0.021), 'eval/mean_episode_length': np.float64(1.0), 'eval/std_episode_length': np.float64(0.0), 'eval/eval_time': 0.07503604888916016}
{'training/total_steps': 58000, 'training/updates': 29, 'training/sps': np.float64(13873.953), 'training/walltime': np.float64(7.331), 'training/rollout_time': np.float64(0.136), 'training/update_time': np.float64(0.008), 'training/approx_kl': 3.142212790407939e-06, 'training/entropy': 0.13094784319400787, 'training/policy_loss': -0.0025035792496055365, 'training/total_loss': 0.042468659579753876, 'training/value_loss': 0.08994448184967041}
{'eval/num_episodes': 200, 'eval/num_steps': 200, 'eval/mean_score': np.float64(0.902), 'eval/std_score': np.float64(0.014), 'eval/mean_episode_length': np.float64(1.0), 'eval/std_episode_length': np.float64(0.0), 'eval/eval_time': 0.07371640205383301}
{'training/total_steps': 60000, 'training/updates': 30, 'training/sps': np.float64(13962.002), 'training/walltime': np.float64(7.549), 'training/rollout_time': np.float64(0.135), 'training/update_time': np.float64(0.008), 'training/approx_kl': 4.180870291747851e-06, 'training/entropy': 0.13278907537460327, 'training/policy_loss': -0.0028809334617108107, 'training/total_loss': 0.04062459245324135, 'training/value_loss': 0.08701104670763016}
{'eval/num_episodes': 200, 'eval/num_steps': 200, 'eval/mean_score': np.float64(0.901), 'eval/std_score': np.float64(0.012), 'eval/mean_episode_length': np.float64(1.0), 'eval/std_episode_length': np.float64(0.0), 'eval/eval_time': 0.07380294799804688}
TRAINING END: training duration: 7.622613906860352
{'final_eval/num_episodes': 200, 'final_eval/num_steps': 200, 'final_eval/mean_score': np.float64(0.8999999761581421), 'final_eval/std_score': np.float64(0.0), 'final_eval/mean_episode_length': np.float64(1.0), 'final_eval/std_episode_length': np.float64(0.0)}
