|param: value|
|experiment_name:  reinforce_procgen|
|seed:  5|
|platform:  cpu|
|write_logs_to_file:  False|
|save_model:  False|
|env_name:  bandit|
|num_envs:  1|
|num_train_levels:  200|
|distribution_mode:  easy|
|arm_means:  (1.0, 0.9)|
|deterministic_rewards:  True|
|eval_env:  True|
|num_eval_episodes:  200|
|eval_every:  1|
|deterministic_eval:  False|
|normalize_observations:  True|
|total_timesteps:  60000|
|learning_rate:  0.5|
|optimizer:  sgd|
|unroll_length:  2048|
|anneal_lr:  False|
|gamma:  0.99|
|batch_size:  1|
|num_minibatches:  1|
|update_epochs:  1|
|entropy_cost:  0.0|
|max_grad_norm:  0.5|
|reward_scaling:  1.0|
|use_cnn:  False|
|policy_hidden_layer_sizes:  ()|
|value_hidden_layer_sizes:  ()|
|activation:  <jax._src.custom_derivatives.custom_jvp object at 0x11ca99790>|
|policy_init_logit_bias:  [0.0, 1.0]|
{'training/total_steps': 2000, 'training/updates': 1, 'training/sps': np.float64(1952.087), 'training/walltime': np.float64(1.025), 'training/rollout_time': np.float64(0.429), 'training/update_time': np.float64(0.596), 'training/approx_kl': 0.0, 'training/entropy': 0.5822030305862427, 'training/policy_loss': 1.0835411548614502, 'training/total_loss': 2.7133736610412598, 'training/value_loss': 3.2596652507781982}
{'eval/num_episodes': 200, 'eval/num_steps': 200, 'eval/mean_score': np.float64(0.933), 'eval/std_score': np.float64(0.047), 'eval/mean_episode_length': np.float64(1.0), 'eval/std_episode_length': np.float64(0.0), 'eval/eval_time': 0.07486677169799805}
{'training/total_steps': 4000, 'training/updates': 2, 'training/sps': np.float64(5890.033), 'training/walltime': np.float64(1.439), 'training/rollout_time': np.float64(0.338), 'training/update_time': np.float64(0.002), 'training/approx_kl': 0.0, 'training/entropy': 0.5847141146659851, 'training/policy_loss': 0.8564782738685608, 'training/total_loss': 1.9090815782546997, 'training/value_loss': 2.1052067279815674}
{'eval/num_episodes': 200, 'eval/num_steps': 200, 'eval/mean_score': np.float64(0.922), 'eval/std_score': np.float64(0.041), 'eval/mean_episode_length': np.float64(1.0), 'eval/std_episode_length': np.float64(0.0), 'eval/eval_time': 0.07483577728271484}
{'training/total_steps': 6000, 'training/updates': 3, 'training/sps': np.float64(6078.362), 'training/walltime': np.float64(1.844), 'training/rollout_time': np.float64(0.328), 'training/update_time': np.float64(0.001), 'training/approx_kl': 0.0, 'training/entropy': 0.5855312943458557, 'training/policy_loss': 0.6363597512245178, 'training/total_loss': 1.2372190952301025, 'training/value_loss': 1.2017186880111694}
{'eval/num_episodes': 200, 'eval/num_steps': 200, 'eval/mean_score': np.float64(0.928), 'eval/std_score': np.float64(0.045), 'eval/mean_episode_length': np.float64(1.0), 'eval/std_episode_length': np.float64(0.0), 'eval/eval_time': 0.08273005485534668}
{'training/total_steps': 8000, 'training/updates': 4, 'training/sps': np.float64(4503.856), 'training/walltime': np.float64(2.371), 'training/rollout_time': np.float64(0.442), 'training/update_time': np.float64(0.002), 'training/approx_kl': 0.0, 'training/entropy': 0.5848895907402039, 'training/policy_loss': 0.4687488079071045, 'training/total_loss': 0.7477548718452454, 'training/value_loss': 0.5580121278762817}
{'eval/num_episodes': 200, 'eval/num_steps': 200, 'eval/mean_score': np.float64(0.928), 'eval/std_score': np.float64(0.045), 'eval/mean_episode_length': np.float64(1.0), 'eval/std_episode_length': np.float64(0.0), 'eval/eval_time': 0.07712078094482422}
{'training/total_steps': 10000, 'training/updates': 5, 'training/sps': np.float64(6167.876), 'training/walltime': np.float64(2.773), 'training/rollout_time': np.float64(0.323), 'training/update_time': np.float64(0.002), 'training/approx_kl': -4.4018033662496237e-08, 'training/entropy': 0.5909470319747925, 'training/policy_loss': 0.24284705519676208, 'training/total_loss': 0.3198890686035156, 'training/value_loss': 0.15408404171466827}
{'eval/num_episodes': 200, 'eval/num_steps': 200, 'eval/mean_score': np.float64(0.928), 'eval/std_score': np.float64(0.045), 'eval/mean_episode_length': np.float64(1.0), 'eval/std_episode_length': np.float64(0.0), 'eval/eval_time': 0.07916498184204102}
{'training/total_steps': 12000, 'training/updates': 6, 'training/sps': np.float64(5094.747), 'training/walltime': np.float64(3.245), 'training/rollout_time': np.float64(0.391), 'training/update_time': np.float64(0.002), 'training/approx_kl': 0.0, 'training/entropy': 0.5953980088233948, 'training/policy_loss': 0.0414862297475338, 'training/total_loss': 0.04323292523622513, 'training/value_loss': 0.003493387484923005}
{'eval/num_episodes': 200, 'eval/num_steps': 200, 'eval/mean_score': np.float64(0.928), 'eval/std_score': np.float64(0.045), 'eval/mean_episode_length': np.float64(1.0), 'eval/std_episode_length': np.float64(0.0), 'eval/eval_time': 0.07457995414733887}
{'training/total_steps': 14000, 'training/updates': 7, 'training/sps': np.float64(6118.36), 'training/walltime': np.float64(3.647), 'training/rollout_time': np.float64(0.325), 'training/update_time': np.float64(0.002), 'training/approx_kl': 0.0, 'training/entropy': 0.6028148531913757, 'training/policy_loss': 0.01987433061003685, 'training/total_loss': 0.020922310650348663, 'training/value_loss': 0.002095961244776845}
{'eval/num_episodes': 200, 'eval/num_steps': 200, 'eval/mean_score': np.float64(0.934), 'eval/std_score': np.float64(0.048), 'eval/mean_episode_length': np.float64(1.0), 'eval/std_episode_length': np.float64(0.0), 'eval/eval_time': 0.07489681243896484}
{'training/total_steps': 16000, 'training/updates': 8, 'training/sps': np.float64(6019.959), 'training/walltime': np.float64(4.054), 'training/rollout_time': np.float64(0.331), 'training/update_time': np.float64(0.001), 'training/approx_kl': 0.0, 'training/entropy': 0.6103984713554382, 'training/policy_loss': 0.017684616148471832, 'training/total_loss': 0.018728576600551605, 'training/value_loss': 0.0020879206713289022}
{'eval/num_episodes': 200, 'eval/num_steps': 200, 'eval/mean_score': np.float64(0.931), 'eval/std_score': np.float64(0.046), 'eval/mean_episode_length': np.float64(1.0), 'eval/std_episode_length': np.float64(0.0), 'eval/eval_time': 0.08116483688354492}
{'training/total_steps': 18000, 'training/updates': 9, 'training/sps': np.float64(5325.664), 'training/walltime': np.float64(4.511), 'training/rollout_time': np.float64(0.374), 'training/update_time': np.float64(0.001), 'training/approx_kl': 0.0, 'training/entropy': 0.6177204847335815, 'training/policy_loss': 0.017248257994651794, 'training/total_loss': 0.018300333991646767, 'training/value_loss': 0.00210415106266737}
{'eval/num_episodes': 200, 'eval/num_steps': 200, 'eval/mean_score': np.float64(0.934), 'eval/std_score': np.float64(0.047), 'eval/mean_episode_length': np.float64(1.0), 'eval/std_episode_length': np.float64(0.0), 'eval/eval_time': 0.0800938606262207}
{'training/total_steps': 20000, 'training/updates': 10, 'training/sps': np.float64(5888.085), 'training/walltime': np.float64(4.931), 'training/rollout_time': np.float64(0.338), 'training/update_time': np.float64(0.001), 'training/approx_kl': 0.0, 'training/entropy': 0.6248385310173035, 'training/policy_loss': 0.01708134077489376, 'training/total_loss': 0.01815423183143139, 'training/value_loss': 0.0021457807160913944}
{'eval/num_episodes': 200, 'eval/num_steps': 200, 'eval/mean_score': np.float64(0.937), 'eval/std_score': np.float64(0.048), 'eval/mean_episode_length': np.float64(1.0), 'eval/std_episode_length': np.float64(0.0), 'eval/eval_time': 0.07911491394042969}
{'training/total_steps': 22000, 'training/updates': 11, 'training/sps': np.float64(5477.624), 'training/walltime': np.float64(5.376), 'training/rollout_time': np.float64(0.364), 'training/update_time': np.float64(0.001), 'training/approx_kl': 0.0, 'training/entropy': 0.6318091750144958, 'training/policy_loss': 0.01698450930416584, 'training/total_loss': 0.018087951466441154, 'training/value_loss': 0.002206884091719985}
{'eval/num_episodes': 200, 'eval/num_steps': 200, 'eval/mean_score': np.float64(0.933), 'eval/std_score': np.float64(0.047), 'eval/mean_episode_length': np.float64(1.0), 'eval/std_episode_length': np.float64(0.0), 'eval/eval_time': 0.08019471168518066}
{'training/total_steps': 24000, 'training/updates': 12, 'training/sps': np.float64(5997.072), 'training/walltime': np.float64(5.79), 'training/rollout_time': np.float64(0.332), 'training/update_time': np.float64(0.001), 'training/approx_kl': 0.0, 'training/entropy': 0.6386592388153076, 'training/policy_loss': 0.016918404027819633, 'training/total_loss': 0.01805918477475643, 'training/value_loss': 0.002281561493873596}
{'eval/num_episodes': 200, 'eval/num_steps': 200, 'eval/mean_score': np.float64(0.928), 'eval/std_score': np.float64(0.045), 'eval/mean_episode_length': np.float64(1.0), 'eval/std_episode_length': np.float64(0.0), 'eval/eval_time': 0.0796658992767334}
{'training/total_steps': 26000, 'training/updates': 13, 'training/sps': np.float64(6037.919), 'training/walltime': np.float64(6.201), 'training/rollout_time': np.float64(0.33), 'training/update_time': np.float64(0.002), 'training/approx_kl': 0.0, 'training/entropy': 0.6453877091407776, 'training/policy_loss': 0.014212763868272305, 'training/total_loss': 0.015347275882959366, 'training/value_loss': 0.0022690235637128353}
{'eval/num_episodes': 200, 'eval/num_steps': 200, 'eval/mean_score': np.float64(0.931), 'eval/std_score': np.float64(0.046), 'eval/mean_episode_length': np.float64(1.0), 'eval/std_episode_length': np.float64(0.0), 'eval/eval_time': 0.07402205467224121}
{'training/total_steps': 28000, 'training/updates': 14, 'training/sps': np.float64(5534.909), 'training/walltime': np.float64(6.637), 'training/rollout_time': np.float64(0.36), 'training/update_time': np.float64(0.002), 'training/approx_kl': 0.0, 'training/entropy': 0.6517086625099182, 'training/policy_loss': 0.013922310434281826, 'training/total_loss': 0.015067431144416332, 'training/value_loss': 0.0022902414202690125}
{'eval/num_episodes': 200, 'eval/num_steps': 200, 'eval/mean_score': np.float64(0.935), 'eval/std_score': np.float64(0.048), 'eval/mean_episode_length': np.float64(1.0), 'eval/std_episode_length': np.float64(0.0), 'eval/eval_time': 0.07611608505249023}
{'training/total_steps': 30000, 'training/updates': 15, 'training/sps': np.float64(6100.553), 'training/walltime': np.float64(7.042), 'training/rollout_time': np.float64(0.326), 'training/update_time': np.float64(0.002), 'training/approx_kl': 0.0, 'training/entropy': 0.6576882600784302, 'training/policy_loss': 0.013307352550327778, 'training/total_loss': 0.014468178153038025, 'training/value_loss': 0.0023216521367430687}
{'eval/num_episodes': 200, 'eval/num_steps': 200, 'eval/mean_score': np.float64(0.939), 'eval/std_score': np.float64(0.049), 'eval/mean_episode_length': np.float64(1.0), 'eval/std_episode_length': np.float64(0.0), 'eval/eval_time': 0.07852792739868164}
{'training/total_steps': 32000, 'training/updates': 16, 'training/sps': np.float64(5532.948), 'training/walltime': np.float64(7.482), 'training/rollout_time': np.float64(0.36), 'training/update_time': np.float64(0.002), 'training/approx_kl': 0.0, 'training/entropy': 0.6633224487304688, 'training/policy_loss': 0.013522671535611153, 'training/total_loss': 0.014717062003910542, 'training/value_loss': 0.0023887816350907087}
{'eval/num_episodes': 200, 'eval/num_steps': 200, 'eval/mean_score': np.float64(0.939), 'eval/std_score': np.float64(0.049), 'eval/mean_episode_length': np.float64(1.0), 'eval/std_episode_length': np.float64(0.0), 'eval/eval_time': 0.07483887672424316}
{'training/total_steps': 34000, 'training/updates': 17, 'training/sps': np.float64(5797.185), 'training/walltime': np.float64(7.902), 'training/rollout_time': np.float64(0.344), 'training/update_time': np.float64(0.001), 'training/approx_kl': 0.0, 'training/entropy': 0.6686503291130066, 'training/policy_loss': 0.011291424743831158, 'training/total_loss': 0.01249124389141798, 'training/value_loss': 0.002399638295173645}
{'eval/num_episodes': 200, 'eval/num_steps': 200, 'eval/mean_score': np.float64(0.945), 'eval/std_score': np.float64(0.05), 'eval/mean_episode_length': np.float64(1.0), 'eval/std_episode_length': np.float64(0.0), 'eval/eval_time': 0.14779186248779297}
{'training/total_steps': 36000, 'training/updates': 18, 'training/sps': np.float64(4277.325), 'training/walltime': np.float64(8.518), 'training/rollout_time': np.float64(0.466), 'training/update_time': np.float64(0.002), 'training/approx_kl': 0.0, 'training/entropy': 0.6735173463821411, 'training/policy_loss': 0.00888608768582344, 'training/total_loss': 0.010076039470732212, 'training/value_loss': 0.0023799033369868994}
{'eval/num_episodes': 200, 'eval/num_steps': 200, 'eval/mean_score': np.float64(0.94), 'eval/std_score': np.float64(0.049), 'eval/mean_episode_length': np.float64(1.0), 'eval/std_episode_length': np.float64(0.0), 'eval/eval_time': 0.07934880256652832}
{'training/total_steps': 38000, 'training/updates': 19, 'training/sps': np.float64(5642.78), 'training/walltime': np.float64(8.952), 'training/rollout_time': np.float64(0.353), 'training/update_time': np.float64(0.002), 'training/approx_kl': 0.0, 'training/entropy': 0.677841305732727, 'training/policy_loss': 0.009884005412459373, 'training/total_loss': 0.011095506139099598, 'training/value_loss': 0.002423001453280449}
{'eval/num_episodes': 200, 'eval/num_steps': 200, 'eval/mean_score': np.float64(0.941), 'eval/std_score': np.float64(0.049), 'eval/mean_episode_length': np.float64(1.0), 'eval/std_episode_length': np.float64(0.0), 'eval/eval_time': 0.07193231582641602}
{'training/total_steps': 40000, 'training/updates': 20, 'training/sps': np.float64(5959.549), 'training/walltime': np.float64(9.36), 'training/rollout_time': np.float64(0.334), 'training/update_time': np.float64(0.002), 'training/approx_kl': 0.0, 'training/entropy': 0.6817074418067932, 'training/policy_loss': 0.008348426781594753, 'training/total_loss': 0.009570077061653137, 'training/value_loss': 0.002443301258608699}
{'eval/num_episodes': 200, 'eval/num_steps': 200, 'eval/mean_score': np.float64(0.948), 'eval/std_score': np.float64(0.05), 'eval/mean_episode_length': np.float64(1.0), 'eval/std_episode_length': np.float64(0.0), 'eval/eval_time': 0.07554507255554199}
{'training/total_steps': 42000, 'training/updates': 21, 'training/sps': np.float64(6101.414), 'training/walltime': np.float64(9.764), 'training/rollout_time': np.float64(0.326), 'training/update_time': np.float64(0.001), 'training/approx_kl': 0.0, 'training/entropy': 0.6850568056106567, 'training/policy_loss': 0.00738982018083334, 'training/total_loss': 0.008622799068689346, 'training/value_loss': 0.002465958474203944}
{'eval/num_episodes': 200, 'eval/num_steps': 200, 'eval/mean_score': np.float64(0.946), 'eval/std_score': np.float64(0.05), 'eval/mean_episode_length': np.float64(1.0), 'eval/std_episode_length': np.float64(0.0), 'eval/eval_time': 0.07577109336853027}
{'training/total_steps': 44000, 'training/updates': 22, 'training/sps': np.float64(5687.007), 'training/walltime': np.float64(10.192), 'training/rollout_time': np.float64(0.35), 'training/update_time': np.float64(0.002), 'training/approx_kl': 0.0, 'training/entropy': 0.6878624558448792, 'training/policy_loss': 0.0063582309521734715, 'training/total_loss': 0.0076008206233382225, 'training/value_loss': 0.002485179342329502}
{'eval/num_episodes': 200, 'eval/num_steps': 200, 'eval/mean_score': np.float64(0.947), 'eval/std_score': np.float64(0.05), 'eval/mean_episode_length': np.float64(1.0), 'eval/std_episode_length': np.float64(0.0), 'eval/eval_time': 0.07548284530639648}
{'training/total_steps': 46000, 'training/updates': 23, 'training/sps': np.float64(6002.221), 'training/walltime': np.float64(10.601), 'training/rollout_time': np.float64(0.331), 'training/update_time': np.float64(0.002), 'training/approx_kl': 0.0, 'training/entropy': 0.690095841884613, 'training/policy_loss': 0.0045166015625, 'training/total_loss': 0.005761396139860153, 'training/value_loss': 0.0024895891547203064}
{'eval/num_episodes': 200, 'eval/num_steps': 200, 'eval/mean_score': np.float64(0.946), 'eval/std_score': np.float64(0.05), 'eval/mean_episode_length': np.float64(1.0), 'eval/std_episode_length': np.float64(0.0), 'eval/eval_time': 0.0759890079498291}
{'training/total_steps': 48000, 'training/updates': 24, 'training/sps': np.float64(5512.873), 'training/walltime': np.float64(11.04), 'training/rollout_time': np.float64(0.361), 'training/update_time': np.float64(0.001), 'training/approx_kl': 0.0, 'training/entropy': 0.6917260885238647, 'training/policy_loss': 0.004296295810490847, 'training/total_loss': 0.005548557732254267, 'training/value_loss': 0.002504524076357484}
{'eval/num_episodes': 200, 'eval/num_steps': 200, 'eval/mean_score': np.float64(0.949), 'eval/std_score': np.float64(0.05), 'eval/mean_episode_length': np.float64(1.0), 'eval/std_episode_length': np.float64(0.0), 'eval/eval_time': 0.07452702522277832}
{'training/total_steps': 50000, 'training/updates': 25, 'training/sps': np.float64(6028.217), 'training/walltime': np.float64(11.447), 'training/rollout_time': np.float64(0.33), 'training/update_time': np.float64(0.001), 'training/approx_kl': 0.0, 'training/entropy': 0.692746639251709, 'training/policy_loss': 0.001242050901055336, 'training/total_loss': 0.0024913016241043806, 'training/value_loss': 0.0024985014460980892}
{'eval/num_episodes': 200, 'eval/num_steps': 200, 'eval/mean_score': np.float64(0.951), 'eval/std_score': np.float64(0.05), 'eval/mean_episode_length': np.float64(1.0), 'eval/std_episode_length': np.float64(0.0), 'eval/eval_time': 0.07618093490600586}
{'training/total_steps': 52000, 'training/updates': 26, 'training/sps': np.float64(6106.388), 'training/walltime': np.float64(11.851), 'training/rollout_time': np.float64(0.326), 'training/update_time': np.float64(0.002), 'training/approx_kl': 0.0, 'training/entropy': 0.6931418776512146, 'training/policy_loss': 0.0015186462551355362, 'training/total_loss': 0.0027703030500561, 'training/value_loss': 0.0025033135898411274}
{'eval/num_episodes': 200, 'eval/num_steps': 200, 'eval/mean_score': np.float64(0.952), 'eval/std_score': np.float64(0.05), 'eval/mean_episode_length': np.float64(1.0), 'eval/std_episode_length': np.float64(0.0), 'eval/eval_time': 0.08176589012145996}
{'training/total_steps': 54000, 'training/updates': 27, 'training/sps': np.float64(5674.416), 'training/walltime': np.float64(12.286), 'training/rollout_time': np.float64(0.351), 'training/update_time': np.float64(0.002), 'training/approx_kl': 0.0, 'training/entropy': 0.6929125189781189, 'training/policy_loss': 0.0001652052451390773, 'training/total_loss': 0.0014137006364762783, 'training/value_loss': 0.002496990840882063}
{'eval/num_episodes': 200, 'eval/num_steps': 200, 'eval/mean_score': np.float64(0.955), 'eval/std_score': np.float64(0.05), 'eval/mean_episode_length': np.float64(1.0), 'eval/std_episode_length': np.float64(0.0), 'eval/eval_time': 0.0738229751586914}
{'training/total_steps': 56000, 'training/updates': 28, 'training/sps': np.float64(5994.111), 'training/walltime': np.float64(12.694), 'training/rollout_time': np.float64(0.332), 'training/update_time': np.float64(0.002), 'training/approx_kl': -8.812547491743317e-08, 'training/entropy': 0.6920605897903442, 'training/policy_loss': -0.0025697662495076656, 'training/total_loss': -0.0013220151886343956, 'training/value_loss': 0.00249550212174654}
{'eval/num_episodes': 200, 'eval/num_steps': 200, 'eval/mean_score': np.float64(0.952), 'eval/std_score': np.float64(0.05), 'eval/mean_episode_length': np.float64(1.0), 'eval/std_episode_length': np.float64(0.0), 'eval/eval_time': 0.07607889175415039}
{'training/total_steps': 58000, 'training/updates': 29, 'training/sps': np.float64(5599.513), 'training/walltime': np.float64(13.127), 'training/rollout_time': np.float64(0.356), 'training/update_time': np.float64(0.002), 'training/approx_kl': 0.0, 'training/entropy': 0.6905912160873413, 'training/policy_loss': -0.004096987657248974, 'training/total_loss': -0.0028476857114583254, 'training/value_loss': 0.0024986036587506533}
{'eval/num_episodes': 200, 'eval/num_steps': 200, 'eval/mean_score': np.float64(0.956), 'eval/std_score': np.float64(0.05), 'eval/mean_episode_length': np.float64(1.0), 'eval/std_episode_length': np.float64(0.0), 'eval/eval_time': 0.07532882690429688}
{'training/total_steps': 60000, 'training/updates': 30, 'training/sps': np.float64(6012.865), 'training/walltime': np.float64(13.536), 'training/rollout_time': np.float64(0.33), 'training/update_time': np.float64(0.003), 'training/approx_kl': 0.0, 'training/entropy': 0.688504695892334, 'training/policy_loss': -0.0025139227509498596, 'training/total_loss': -0.0012695222394540906, 'training/value_loss': 0.002488801022991538}
{'eval/num_episodes': 200, 'eval/num_steps': 200, 'eval/mean_score': np.float64(0.958), 'eval/std_score': np.float64(0.049), 'eval/mean_episode_length': np.float64(1.0), 'eval/std_episode_length': np.float64(0.0), 'eval/eval_time': 0.07184600830078125}
TRAINING END: training duration: 13.608085870742798
{'final_eval/num_episodes': 200, 'final_eval/num_steps': 200, 'final_eval/mean_score': np.float64(1.0), 'final_eval/std_score': np.float64(0.0), 'final_eval/mean_episode_length': np.float64(1.0), 'final_eval/std_episode_length': np.float64(0.0)}
}
