|param: value|
|experiment_name:  trpo_procgen|
|seed:  5|
|platform:  cpu|
|write_logs_to_file:  False|
|save_model:  False|
|env_name:  bandit|
|num_envs:  8|
|num_train_levels:  200|
|distribution_mode:  easy|
|arm_means:  (1.0, 0.9)|
|deterministic_rewards:  True|
|eval_env:  True|
|num_eval_episodes:  200|
|eval_every:  1|
|deterministic_eval:  False|
|normalize_observations:  True|
|total_timesteps:  60000|
|learning_rate:  0.01|
|unroll_length:  250|
|anneal_lr:  False|
|gamma:  0.99|
|gae_lambda:  0.95|
|batch_size:  1|
|num_minibatches:  8|
|update_epochs:  10|
|normalize_advantages:  True|
|target_kl:  0.01|
|cg_damping:  0.1|
|cg_max_iterations:  10|
|line_search_max_iter:  10|
|line_search_shrinking_factor:  0.8|
|vf_cost:  1.0|
|max_grad_norm:  0.5|
|reward_scaling:  1.0|
|use_cnn:  False|
|policy_hidden_layer_sizes:  ()|
|value_hidden_layer_sizes:  ()|
|activation:  <jax._src.custom_derivatives.custom_jvp object at 0x11ca99790>|
|policy_init_logit_bias:  [0.0, 1.0]|
|entropy_cost:  0.0|
{'training/total_steps': 2000, 'training/updates': 1, 'training/sps': np.float64(1274.061), 'training/walltime': np.float64(1.57), 'training/rollout_time': np.float64(0.208), 'training/update_time': np.float64(1.362), 'training/iterations': 1.0, 'training/kl_div': 0.00898707378655672, 'training/line_search_success': 1.0, 'training/new_policy_objective': 0.6694892644882202, 'training/policy_objective': 0.5233587026596069, 'training/value_loss': 0.6235715746879578}
{'eval/num_episodes': 200, 'eval/num_steps': 200, 'eval/mean_score': np.float64(0.984), 'eval/std_score': np.float64(0.036), 'eval/mean_episode_length': np.float64(1.0), 'eval/std_episode_length': np.float64(0.0), 'eval/eval_time': 0.09150385856628418}
{'training/total_steps': 4000, 'training/updates': 2, 'training/sps': np.float64(18284.04), 'training/walltime': np.float64(1.794), 'training/rollout_time': np.float64(0.106), 'training/update_time': np.float64(0.003), 'training/iterations': 1.0, 'training/kl_div': 0.005960363894701004, 'training/line_search_success': 1.0, 'training/new_policy_objective': 0.3700560927391052, 'training/policy_objective': 0.3052598834037781, 'training/value_loss': 0.003530689748004079}
{'eval/num_episodes': 200, 'eval/num_steps': 200, 'eval/mean_score': np.float64(0.999), 'eval/std_score': np.float64(0.007), 'eval/mean_episode_length': np.float64(1.0), 'eval/std_episode_length': np.float64(0.0), 'eval/eval_time': 0.07612013816833496}
{'training/total_steps': 6000, 'training/updates': 3, 'training/sps': np.float64(18872.731), 'training/walltime': np.float64(1.977), 'training/rollout_time': np.float64(0.102), 'training/update_time': np.float64(0.004), 'training/iterations': 1.0, 'training/kl_div': nan, 'training/line_search_success': 0.625, 'training/new_policy_objective': nan, 'training/policy_objective': 0.033735133707523346, 'training/value_loss': 6.12506119068712e-05}
{'eval/num_episodes': 200, 'eval/num_steps': 200, 'eval/mean_score': np.float64(1.0), 'eval/std_score': np.float64(0.0), 'eval/mean_episode_length': np.float64(1.0), 'eval/std_episode_length': np.float64(0.0), 'eval/eval_time': 0.07844901084899902}
{'training/total_steps': 8000, 'training/updates': 4, 'training/sps': np.float64(17841.345), 'training/walltime': np.float64(2.168), 'training/rollout_time': np.float64(0.109), 'training/update_time': np.float64(0.004), 'training/iterations': 1.0, 'training/kl_div': 0.0019272308563813567, 'training/line_search_success': 1.0, 'training/new_policy_objective': -0.005715406499803066, 'training/policy_objective': -0.005750964395701885, 'training/value_loss': 3.6284017568277704e-08}
{'eval/num_episodes': 200, 'eval/num_steps': 200, 'eval/mean_score': np.float64(0.994), 'eval/std_score': np.float64(0.023), 'eval/mean_episode_length': np.float64(1.0), 'eval/std_episode_length': np.float64(0.0), 'eval/eval_time': 0.08020615577697754}
{'training/total_steps': 10000, 'training/updates': 5, 'training/sps': np.float64(18557.718), 'training/walltime': np.float64(2.356), 'training/rollout_time': np.float64(0.104), 'training/update_time': np.float64(0.003), 'training/iterations': 1.0, 'training/kl_div': 0.0021127797663211823, 'training/line_search_success': 1.0, 'training/new_policy_objective': 0.17386876046657562, 'training/policy_objective': 0.15028803050518036, 'training/value_loss': 0.00019287088070996106}
{'eval/num_episodes': 200, 'eval/num_steps': 200, 'eval/mean_score': np.float64(1.0), 'eval/std_score': np.float64(0.0), 'eval/mean_episode_length': np.float64(1.0), 'eval/std_episode_length': np.float64(0.0), 'eval/eval_time': 0.0756218433380127}
{'training/total_steps': 12000, 'training/updates': 6, 'training/sps': np.float64(18780.241), 'training/walltime': np.float64(2.539), 'training/rollout_time': np.float64(0.103), 'training/update_time': np.float64(0.003), 'training/iterations': 1.0, 'training/kl_div': nan, 'training/line_search_success': 0.0, 'training/new_policy_objective': nan, 'training/policy_objective': 0.0, 'training/value_loss': 8.570440854782646e-07}
{'eval/num_episodes': 200, 'eval/num_steps': 200, 'eval/mean_score': np.float64(1.0), 'eval/std_score': np.float64(0.0), 'eval/mean_episode_length': np.float64(1.0), 'eval/std_episode_length': np.float64(0.0), 'eval/eval_time': 0.07810783386230469}
{'training/total_steps': 14000, 'training/updates': 7, 'training/sps': np.float64(16668.603), 'training/walltime': np.float64(2.738), 'training/rollout_time': np.float64(0.117), 'training/update_time': np.float64(0.003), 'training/iterations': 1.0, 'training/kl_div': 7.5497268881008495e-06, 'training/line_search_success': 1.0, 'training/new_policy_objective': 0.00036370474845170975, 'training/policy_objective': 0.0003636993933469057, 'training/value_loss': 1.8239865173796943e-10}
{'eval/num_episodes': 200, 'eval/num_steps': 200, 'eval/mean_score': np.float64(1.0), 'eval/std_score': np.float64(0.0), 'eval/mean_episode_length': np.float64(1.0), 'eval/std_episode_length': np.float64(0.0), 'eval/eval_time': 0.07732391357421875}
{'training/total_steps': 16000, 'training/updates': 8, 'training/sps': np.float64(17449.438), 'training/walltime': np.float64(2.93), 'training/rollout_time': np.float64(0.111), 'training/update_time': np.float64(0.003), 'training/iterations': 1.0, 'training/kl_div': 5.460552074509906e-06, 'training/line_search_success': 1.0, 'training/new_policy_objective': -5.684173174813623e-06, 'training/policy_objective': -5.684254574589431e-06, 'training/value_loss': 4.323208390127724e-14}
{'eval/num_episodes': 200, 'eval/num_steps': 200, 'eval/mean_score': np.float64(1.0), 'eval/std_score': np.float64(0.0), 'eval/mean_episode_length': np.float64(1.0), 'eval/std_episode_length': np.float64(0.0), 'eval/eval_time': 0.07627701759338379}
{'training/total_steps': 18000, 'training/updates': 9, 'training/sps': np.float64(13797.098), 'training/walltime': np.float64(3.152), 'training/rollout_time': np.float64(0.142), 'training/update_time': np.float64(0.003), 'training/iterations': 1.0, 'training/kl_div': nan, 'training/line_search_success': 0.125, 'training/new_policy_objective': nan, 'training/policy_objective': 3.814697446813398e-09, 'training/value_loss': 2.4993635179271223e-06}
{'eval/num_episodes': 200, 'eval/num_steps': 200, 'eval/mean_score': np.float64(1.0), 'eval/std_score': np.float64(0.0), 'eval/mean_episode_length': np.float64(1.0), 'eval/std_episode_length': np.float64(0.0), 'eval/eval_time': 0.07823705673217773}
{'training/total_steps': 20000, 'training/updates': 10, 'training/sps': np.float64(18541.024), 'training/walltime': np.float64(3.338), 'training/rollout_time': np.float64(0.104), 'training/update_time': np.float64(0.003), 'training/iterations': 1.0, 'training/kl_div': 0.001505478285253048, 'training/line_search_success': 1.0, 'training/new_policy_objective': -0.0003604321100283414, 'training/policy_objective': -0.00036210514372214675, 'training/value_loss': 1.3888089289704197e-10}
{'eval/num_episodes': 200, 'eval/num_steps': 200, 'eval/mean_score': np.float64(0.997), 'eval/std_score': np.float64(0.017), 'eval/mean_episode_length': np.float64(1.0), 'eval/std_episode_length': np.float64(0.0), 'eval/eval_time': 0.07378196716308594}
{'training/total_steps': 22000, 'training/updates': 11, 'training/sps': np.float64(18741.179), 'training/walltime': np.float64(3.519), 'training/rollout_time': np.float64(0.103), 'training/update_time': np.float64(0.003), 'training/iterations': 1.0, 'training/kl_div': 0.0016877742018550634, 'training/line_search_success': 1.0, 'training/new_policy_objective': 0.16303452849388123, 'training/policy_objective': 0.1412556767463684, 'training/value_loss': 0.0001694805978331715}
{'eval/num_episodes': 200, 'eval/num_steps': 200, 'eval/mean_score': np.float64(1.0), 'eval/std_score': np.float64(0.0), 'eval/mean_episode_length': np.float64(1.0), 'eval/std_episode_length': np.float64(0.0), 'eval/eval_time': 0.0770711898803711}
{'training/total_steps': 24000, 'training/updates': 12, 'training/sps': np.float64(19015.966), 'training/walltime': np.float64(3.702), 'training/rollout_time': np.float64(0.102), 'training/update_time': np.float64(0.003), 'training/iterations': 1.0, 'training/kl_div': 0.0018694059690460563, 'training/line_search_success': 1.0, 'training/new_policy_objective': -0.022483089938759804, 'training/policy_objective': -0.022617921233177185, 'training/value_loss': 5.570014991462813e-07}
{'eval/num_episodes': 200, 'eval/num_steps': 200, 'eval/mean_score': np.float64(0.993), 'eval/std_score': np.float64(0.025), 'eval/mean_episode_length': np.float64(1.0), 'eval/std_episode_length': np.float64(0.0), 'eval/eval_time': 0.08395600318908691}
{'training/total_steps': 26000, 'training/updates': 13, 'training/sps': np.float64(18372.782), 'training/walltime': np.float64(3.895), 'training/rollout_time': np.float64(0.106), 'training/update_time': np.float64(0.003), 'training/iterations': 1.0, 'training/kl_div': 0.0020550028420984745, 'training/line_search_success': 1.0, 'training/new_policy_objective': 0.18733161687850952, 'training/policy_objective': 0.15884467959403992, 'training/value_loss': 0.000233963510254398}
{'eval/num_episodes': 200, 'eval/num_steps': 200, 'eval/mean_score': np.float64(1.0), 'eval/std_score': np.float64(0.0), 'eval/mean_episode_length': np.float64(1.0), 'eval/std_episode_length': np.float64(0.0), 'eval/eval_time': 0.07880902290344238}
{'training/total_steps': 28000, 'training/updates': 14, 'training/sps': np.float64(18593.545), 'training/walltime': np.float64(4.082), 'training/rollout_time': np.float64(0.104), 'training/update_time': np.float64(0.003), 'training/iterations': 1.0, 'training/kl_div': 0.002336926758289337, 'training/line_search_success': 1.0, 'training/new_policy_objective': -0.04376918449997902, 'training/policy_objective': -0.044114284217357635, 'training/value_loss': 1.0244330042041838e-06}
{'eval/num_episodes': 200, 'eval/num_steps': 200, 'eval/mean_score': np.float64(0.994), 'eval/std_score': np.float64(0.024), 'eval/mean_episode_length': np.float64(1.0), 'eval/std_episode_length': np.float64(0.0), 'eval/eval_time': 0.07445383071899414}
{'training/total_steps': 30000, 'training/updates': 15, 'training/sps': np.float64(17810.057), 'training/walltime': np.float64(4.269), 'training/rollout_time': np.float64(0.109), 'training/update_time': np.float64(0.003), 'training/iterations': 1.0, 'training/kl_div': 0.00251871719956398, 'training/line_search_success': 1.0, 'training/new_policy_objective': 0.19704630970954895, 'training/policy_objective': 0.16693051159381866, 'training/value_loss': 0.00025890712277032435}
{'eval/num_episodes': 200, 'eval/num_steps': 200, 'eval/mean_score': np.float64(1.0), 'eval/std_score': np.float64(0.0), 'eval/mean_episode_length': np.float64(1.0), 'eval/std_episode_length': np.float64(0.0), 'eval/eval_time': 0.07483601570129395}
{'training/total_steps': 32000, 'training/updates': 16, 'training/sps': np.float64(17929.165), 'training/walltime': np.float64(4.456), 'training/rollout_time': np.float64(0.108), 'training/update_time': np.float64(0.003), 'training/iterations': 1.0, 'training/kl_div': 0.0029248357750475407, 'training/line_search_success': 1.0, 'training/new_policy_objective': -0.043475985527038574, 'training/policy_objective': -0.043932560831308365, 'training/value_loss': 1.0831399777089246e-06}
{'eval/num_episodes': 200, 'eval/num_steps': 200, 'eval/mean_score': np.float64(0.993), 'eval/std_score': np.float64(0.026), 'eval/mean_episode_length': np.float64(1.0), 'eval/std_episode_length': np.float64(0.0), 'eval/eval_time': 0.0751638412475586}
{'training/total_steps': 34000, 'training/updates': 17, 'training/sps': np.float64(18937.791), 'training/walltime': np.float64(4.637), 'training/rollout_time': np.float64(0.102), 'training/update_time': np.float64(0.003), 'training/iterations': 1.0, 'training/kl_div': 0.0030928393825888634, 'training/line_search_success': 1.0, 'training/new_policy_objective': 0.24240323901176453, 'training/policy_objective': 0.20841802656650543, 'training/value_loss': 0.0003710280579980463}
{'eval/num_episodes': 200, 'eval/num_steps': 200, 'eval/mean_score': np.float64(1.0), 'eval/std_score': np.float64(0.0), 'eval/mean_episode_length': np.float64(1.0), 'eval/std_episode_length': np.float64(0.0), 'eval/eval_time': 0.07643699645996094}
{'training/total_steps': 36000, 'training/updates': 18, 'training/sps': np.float64(19093.833), 'training/walltime': np.float64(4.819), 'training/rollout_time': np.float64(0.102), 'training/update_time': np.float64(0.003), 'training/iterations': 1.0, 'training/kl_div': nan, 'training/line_search_success': 0.125, 'training/new_policy_objective': nan, 'training/policy_objective': -4.5299533013576365e-09, 'training/value_loss': 5.102931481815176e-06}
{'eval/num_episodes': 200, 'eval/num_steps': 200, 'eval/mean_score': np.float64(1.0), 'eval/std_score': np.float64(0.0), 'eval/mean_episode_length': np.float64(1.0), 'eval/std_episode_length': np.float64(0.0), 'eval/eval_time': 0.07602119445800781}
{'training/total_steps': 38000, 'training/updates': 19, 'training/sps': np.float64(19466.741), 'training/walltime': np.float64(4.998), 'training/rollout_time': np.float64(0.1), 'training/update_time': np.float64(0.003), 'training/iterations': 1.0, 'training/kl_div': nan, 'training/line_search_success': 0.0, 'training/new_policy_objective': nan, 'training/policy_objective': 0.0, 'training/value_loss': 5.101313815814024e-10}
{'eval/num_episodes': 200, 'eval/num_steps': 200, 'eval/mean_score': np.float64(1.0), 'eval/std_score': np.float64(0.0), 'eval/mean_episode_length': np.float64(1.0), 'eval/std_episode_length': np.float64(0.0), 'eval/eval_time': 0.07664203643798828}
{'training/total_steps': 40000, 'training/updates': 20, 'training/sps': np.float64(18116.887), 'training/walltime': np.float64(5.185), 'training/rollout_time': np.float64(0.107), 'training/update_time': np.float64(0.003), 'training/iterations': 1.0, 'training/kl_div': nan, 'training/line_search_success': 0.125, 'training/new_policy_objective': nan, 'training/policy_objective': 1.1369389540050179e-05, 'training/value_loss': 9.769962616701378e-14}
{'eval/num_episodes': 200, 'eval/num_steps': 200, 'eval/mean_score': np.float64(1.0), 'eval/std_score': np.float64(0.0), 'eval/mean_episode_length': np.float64(1.0), 'eval/std_episode_length': np.float64(0.0), 'eval/eval_time': 0.07553887367248535}
{'training/total_steps': 42000, 'training/updates': 21, 'training/sps': np.float64(19412.188), 'training/walltime': np.float64(5.364), 'training/rollout_time': np.float64(0.1), 'training/update_time': np.float64(0.003), 'training/iterations': 1.0, 'training/kl_div': nan, 'training/line_search_success': 0.0, 'training/new_policy_objective': nan, 'training/policy_objective': 0.0, 'training/value_loss': 0.0}
{'eval/num_episodes': 200, 'eval/num_steps': 200, 'eval/mean_score': np.float64(1.0), 'eval/std_score': np.float64(0.0), 'eval/mean_episode_length': np.float64(1.0), 'eval/std_episode_length': np.float64(0.0), 'eval/eval_time': 0.07954788208007812}
{'training/total_steps': 44000, 'training/updates': 22, 'training/sps': np.float64(19251.893), 'training/walltime': np.float64(5.548), 'training/rollout_time': np.float64(0.101), 'training/update_time': np.float64(0.003), 'training/iterations': 1.0, 'training/kl_div': nan, 'training/line_search_success': 0.0, 'training/new_policy_objective': nan, 'training/policy_objective': 0.0, 'training/value_loss': 0.0}
{'eval/num_episodes': 200, 'eval/num_steps': 200, 'eval/mean_score': np.float64(1.0), 'eval/std_score': np.float64(0.0), 'eval/mean_episode_length': np.float64(1.0), 'eval/std_episode_length': np.float64(0.0), 'eval/eval_time': 0.07525372505187988}
{'training/total_steps': 46000, 'training/updates': 23, 'training/sps': np.float64(19065.755), 'training/walltime': np.float64(5.729), 'training/rollout_time': np.float64(0.101), 'training/update_time': np.float64(0.004), 'training/iterations': 1.0, 'training/kl_div': nan, 'training/line_search_success': 0.125, 'training/new_policy_objective': nan, 'training/policy_objective': 7.152557657263969e-09, 'training/value_loss': 2.499825995982974e-06}
{'eval/num_episodes': 200, 'eval/num_steps': 200, 'eval/mean_score': np.float64(1.0), 'eval/std_score': np.float64(0.0), 'eval/mean_episode_length': np.float64(1.0), 'eval/std_episode_length': np.float64(0.0), 'eval/eval_time': 0.14516711235046387}
{'training/total_steps': 48000, 'training/updates': 24, 'training/sps': np.float64(18625.954), 'training/walltime': np.float64(5.982), 'training/rollout_time': np.float64(0.104), 'training/update_time': np.float64(0.003), 'training/iterations': 1.0, 'training/kl_div': nan, 'training/line_search_success': 0.0, 'training/new_policy_objective': nan, 'training/policy_objective': 0.0, 'training/value_loss': 9.741592255085862e-11}
{'eval/num_episodes': 200, 'eval/num_steps': 200, 'eval/mean_score': np.float64(1.0), 'eval/std_score': np.float64(0.0), 'eval/mean_episode_length': np.float64(1.0), 'eval/std_episode_length': np.float64(0.0), 'eval/eval_time': 0.07343888282775879}
{'training/total_steps': 50000, 'training/updates': 25, 'training/sps': np.float64(19100.006), 'training/walltime': np.float64(6.161), 'training/rollout_time': np.float64(0.101), 'training/update_time': np.float64(0.003), 'training/iterations': 1.0, 'training/kl_div': 0.0009758307132869959, 'training/line_search_success': 1.0, 'training/new_policy_objective': -5.654826964018866e-06, 'training/policy_objective': -5.670881364494562e-06, 'training/value_loss': 3.423927740181347e-14}
{'eval/num_episodes': 200, 'eval/num_steps': 200, 'eval/mean_score': np.float64(0.996), 'eval/std_score': np.float64(0.02), 'eval/mean_episode_length': np.float64(1.0), 'eval/std_episode_length': np.float64(0.0), 'eval/eval_time': 0.07469391822814941}
{'training/total_steps': 52000, 'training/updates': 26, 'training/sps': np.float64(18340.365), 'training/walltime': np.float64(6.345), 'training/rollout_time': np.float64(0.106), 'training/update_time': np.float64(0.003), 'training/iterations': 1.0, 'training/kl_div': 0.0011375609319657087, 'training/line_search_success': 1.0, 'training/new_policy_objective': 0.14907017350196838, 'training/policy_objective': 0.12765882909297943, 'training/value_loss': 0.0001387576194247231}
{'eval/num_episodes': 200, 'eval/num_steps': 200, 'eval/mean_score': np.float64(1.0), 'eval/std_score': np.float64(0.0), 'eval/mean_episode_length': np.float64(1.0), 'eval/std_episode_length': np.float64(0.0), 'eval/eval_time': 0.08002209663391113}
{'training/total_steps': 54000, 'training/updates': 27, 'training/sps': np.float64(18181.993), 'training/walltime': np.float64(6.535), 'training/rollout_time': np.float64(0.107), 'training/update_time': np.float64(0.003), 'training/iterations': 1.0, 'training/kl_div': 0.0011796006001532078, 'training/line_search_success': 1.0, 'training/new_policy_objective': -0.022604770958423615, 'training/policy_objective': -0.022684097290039062, 'training/value_loss': 2.9481950036824855e-07}
{'eval/num_episodes': 200, 'eval/num_steps': 200, 'eval/mean_score': np.float64(0.999), 'eval/std_score': np.float64(0.01), 'eval/mean_episode_length': np.float64(1.0), 'eval/std_episode_length': np.float64(0.0), 'eval/eval_time': 0.07613897323608398}
{'training/total_steps': 56000, 'training/updates': 28, 'training/sps': np.float64(18717.469), 'training/walltime': np.float64(6.719), 'training/rollout_time': np.float64(0.104), 'training/update_time': np.float64(0.003), 'training/iterations': 1.0, 'training/kl_div': 0.001352081075310707, 'training/line_search_success': 1.0, 'training/new_policy_objective': 0.16017168760299683, 'training/policy_objective': 0.13635891675949097, 'training/value_loss': 0.00016701329150237143}
{'eval/num_episodes': 200, 'eval/num_steps': 200, 'eval/mean_score': np.float64(0.999), 'eval/std_score': np.float64(0.007), 'eval/mean_episode_length': np.float64(1.0), 'eval/std_episode_length': np.float64(0.0), 'eval/eval_time': 0.07831001281738281}
{'training/total_steps': 58000, 'training/updates': 29, 'training/sps': np.float64(18412.827), 'training/walltime': np.float64(6.906), 'training/rollout_time': np.float64(0.105), 'training/update_time': np.float64(0.003), 'training/iterations': 1.0, 'training/kl_div': 0.0014454288175329566, 'training/line_search_success': 1.0, 'training/new_policy_objective': -0.022561384364962578, 'training/policy_objective': -0.022661268711090088, 'training/value_loss': 3.771750982650701e-07}
{'eval/num_episodes': 200, 'eval/num_steps': 200, 'eval/mean_score': np.float64(0.995), 'eval/std_score': np.float64(0.021), 'eval/mean_episode_length': np.float64(1.0), 'eval/std_episode_length': np.float64(0.0), 'eval/eval_time': 0.07561373710632324}
{'training/total_steps': 60000, 'training/updates': 30, 'training/sps': np.float64(18508.175), 'training/walltime': np.float64(7.09), 'training/rollout_time': np.float64(0.104), 'training/update_time': np.float64(0.004), 'training/iterations': 1.0, 'training/kl_div': 0.001626479672268033, 'training/line_search_success': 1.0, 'training/new_policy_objective': 0.15966926515102386, 'training/policy_objective': 0.136143296957016, 'training/value_loss': 0.00016720460553187877}
{'eval/num_episodes': 200, 'eval/num_steps': 200, 'eval/mean_score': np.float64(1.0), 'eval/std_score': np.float64(0.0), 'eval/mean_episode_length': np.float64(1.0), 'eval/std_episode_length': np.float64(0.0), 'eval/eval_time': 0.07672500610351562}
TRAINING END: training duration: 7.167322874069214
{'final_eval/num_episodes': 200, 'final_eval/num_steps': 200, 'final_eval/mean_score': np.float64(1.0), 'final_eval/std_score': np.float64(0.0), 'final_eval/mean_episode_length': np.float64(1.0), 'final_eval/std_episode_length': np.float64(0.0)}
