|param: value|
|experiment_name:  cleanba_ppo|
|seed:  2|
|platform:  cpu|
|write_logs_to_file:  False|
|save_model:  False|
|env_name:  bandit|
|num_envs:  8|
|num_train_levels:  200|
|distribution_mode:  easy|
|arm_means:  (1.0, 0.9)|
|deterministic_rewards:  True|
|eval_env:  True|
|num_eval_episodes:  200|
|eval_every:  1|
|deterministic_eval:  False|
|total_timesteps:  60000|
|learning_rate:  0.00025|
|adam_eps:  1e-05|
|unroll_length:  250|
|anneal_lr:  False|
|gamma:  0.99|
|gae_lambda:  0.95|
|num_minibatches:  4|
|update_epochs:  4|
|normalize_advantages:  True|
|clip_eps:  0.1|
|clip_vloss:  True|
|entropy_cost:  0.0|
|vf_cost:  0.5|
|max_grad_norm:  0.5|
|use_cnn:  False|
|policy_hidden_layer_sizes:  ()|
|value_hidden_layer_sizes:  ()|
|activation:  <jax._src.custom_derivatives.custom_jvp object at 0x1102d71d0>|
|policy_init_logit_bias:  [1.0, 0.0]|
{'training/total_steps': 2000, 'training/updates': 1, 'training/sps': np.float64(2207.133), 'training/walltime': np.float64(0.906), 'training/rollout_time': np.float64(0.418), 'training/update_time': np.float64(0.488), 'training/approx_kl': 1.7744332581060007e-05, 'training/entropy': 0.5795418620109558, 'training/policy_loss': -0.0059026069939136505, 'training/total_loss': 1.5844688415527344, 'training/value_loss': 3.1807432174682617}
{'eval/num_episodes': 200, 'eval/num_steps': 200, 'eval/mean_score': np.float64(0.978), 'eval/std_score': np.float64(0.041), 'eval/mean_episode_length': np.float64(1.0), 'eval/std_episode_length': np.float64(0.0), 'eval/eval_time': 0.07607507705688477}
{'training/total_steps': 4000, 'training/updates': 2, 'training/sps': np.float64(7828.378), 'training/walltime': np.float64(1.238), 'training/rollout_time': np.float64(0.245), 'training/update_time': np.float64(0.01), 'training/approx_kl': 1.824605351430364e-05, 'training/entropy': 0.5763545036315918, 'training/policy_loss': -0.006008055992424488, 'training/total_loss': 1.5733642578125, 'training/value_loss': 3.1587443351745605}
{'eval/num_episodes': 200, 'eval/num_steps': 200, 'eval/mean_score': np.float64(0.975), 'eval/std_score': np.float64(0.043), 'eval/mean_episode_length': np.float64(1.0), 'eval/std_episode_length': np.float64(0.0), 'eval/eval_time': 0.07777523994445801}
{'training/total_steps': 6000, 'training/updates': 3, 'training/sps': np.float64(12436.817), 'training/walltime': np.float64(1.477), 'training/rollout_time': np.float64(0.152), 'training/update_time': np.float64(0.009), 'training/approx_kl': 1.781538230716251e-05, 'training/entropy': 0.573145866394043, 'training/policy_loss': -0.005934043321758509, 'training/total_loss': 1.5647701025009155, 'training/value_loss': 3.1414084434509277}
{'eval/num_episodes': 200, 'eval/num_steps': 200, 'eval/mean_score': np.float64(0.97), 'eval/std_score': np.float64(0.046), 'eval/mean_episode_length': np.float64(1.0), 'eval/std_episode_length': np.float64(0.0), 'eval/eval_time': 0.0769200325012207}
{'training/total_steps': 8000, 'training/updates': 4, 'training/sps': np.float64(13873.586), 'training/walltime': np.float64(1.698), 'training/rollout_time': np.float64(0.136), 'training/update_time': np.float64(0.008), 'training/approx_kl': 1.693439480732195e-05, 'training/entropy': 0.5699310302734375, 'training/policy_loss': -0.005780864506959915, 'training/total_loss': 1.5565730333328247, 'training/value_loss': 3.1247076988220215}
{'eval/num_episodes': 200, 'eval/num_steps': 200, 'eval/mean_score': np.float64(0.97), 'eval/std_score': np.float64(0.046), 'eval/mean_episode_length': np.float64(1.0), 'eval/std_episode_length': np.float64(0.0), 'eval/eval_time': 0.07509875297546387}
{'training/total_steps': 10000, 'training/updates': 5, 'training/sps': np.float64(13691.484), 'training/walltime': np.float64(1.92), 'training/rollout_time': np.float64(0.138), 'training/update_time': np.float64(0.008), 'training/approx_kl': 1.8079161236528307e-05, 'training/entropy': 0.5666752457618713, 'training/policy_loss': -0.005976704880595207, 'training/total_loss': 1.5437458753585815, 'training/value_loss': 3.099445343017578}
{'eval/num_episodes': 200, 'eval/num_steps': 200, 'eval/mean_score': np.float64(0.972), 'eval/std_score': np.float64(0.045), 'eval/mean_episode_length': np.float64(1.0), 'eval/std_episode_length': np.float64(0.0), 'eval/eval_time': 0.07628798484802246}
{'training/total_steps': 12000, 'training/updates': 6, 'training/sps': np.float64(13693.384), 'training/walltime': np.float64(2.143), 'training/rollout_time': np.float64(0.138), 'training/update_time': np.float64(0.008), 'training/approx_kl': 1.730993426463101e-05, 'training/entropy': 0.5633944869041443, 'training/policy_loss': -0.0058186110109090805, 'training/total_loss': 1.5364246368408203, 'training/value_loss': 3.084486484527588}
{'eval/num_episodes': 200, 'eval/num_steps': 200, 'eval/mean_score': np.float64(0.973), 'eval/std_score': np.float64(0.044), 'eval/mean_episode_length': np.float64(1.0), 'eval/std_episode_length': np.float64(0.0), 'eval/eval_time': 0.07320308685302734}
{'training/total_steps': 14000, 'training/updates': 7, 'training/sps': np.float64(12314.836), 'training/walltime': np.float64(2.379), 'training/rollout_time': np.float64(0.154), 'training/update_time': np.float64(0.008), 'training/approx_kl': 1.7118991308961995e-05, 'training/entropy': 0.560104250907898, 'training/policy_loss': -0.005817809607833624, 'training/total_loss': 1.5264408588409424, 'training/value_loss': 3.0645174980163574}
{'eval/num_episodes': 200, 'eval/num_steps': 200, 'eval/mean_score': np.float64(0.971), 'eval/std_score': np.float64(0.045), 'eval/mean_episode_length': np.float64(1.0), 'eval/std_episode_length': np.float64(0.0), 'eval/eval_time': 0.07724905014038086}
{'training/total_steps': 16000, 'training/updates': 8, 'training/sps': np.float64(12955.359), 'training/walltime': np.float64(2.611), 'training/rollout_time': np.float64(0.146), 'training/update_time': np.float64(0.008), 'training/approx_kl': 1.6596033674431965e-05, 'training/entropy': 0.5567988753318787, 'training/policy_loss': -0.0057249669916927814, 'training/total_loss': 1.517615556716919, 'training/value_loss': 3.0466809272766113}
{'eval/num_episodes': 200, 'eval/num_steps': 200, 'eval/mean_score': np.float64(0.971), 'eval/std_score': np.float64(0.045), 'eval/mean_episode_length': np.float64(1.0), 'eval/std_episode_length': np.float64(0.0), 'eval/eval_time': 0.07610607147216797}
{'training/total_steps': 18000, 'training/updates': 9, 'training/sps': np.float64(13973.142), 'training/walltime': np.float64(2.83), 'training/rollout_time': np.float64(0.135), 'training/update_time': np.float64(0.008), 'training/approx_kl': 1.667375909164548e-05, 'training/entropy': 0.5534775257110596, 'training/policy_loss': -0.005747856572270393, 'training/total_loss': 1.5076024532318115, 'training/value_loss': 3.026700496673584}
{'eval/num_episodes': 200, 'eval/num_steps': 200, 'eval/mean_score': np.float64(0.978), 'eval/std_score': np.float64(0.041), 'eval/mean_episode_length': np.float64(1.0), 'eval/std_episode_length': np.float64(0.0), 'eval/eval_time': 0.07452869415283203}
{'training/total_steps': 20000, 'training/updates': 10, 'training/sps': np.float64(11937.663), 'training/walltime': np.float64(3.073), 'training/rollout_time': np.float64(0.159), 'training/update_time': np.float64(0.008), 'training/approx_kl': 1.6646132280584425e-05, 'training/entropy': 0.5501296520233154, 'training/policy_loss': -0.005726991221308708, 'training/total_loss': 1.4980347156524658, 'training/value_loss': 3.00752329826355}
{'eval/num_episodes': 200, 'eval/num_steps': 200, 'eval/mean_score': np.float64(0.976), 'eval/std_score': np.float64(0.042), 'eval/mean_episode_length': np.float64(1.0), 'eval/std_episode_length': np.float64(0.0), 'eval/eval_time': 0.07787728309631348}
{'training/total_steps': 22000, 'training/updates': 11, 'training/sps': np.float64(13999.516), 'training/walltime': np.float64(3.294), 'training/rollout_time': np.float64(0.135), 'training/update_time': np.float64(0.008), 'training/approx_kl': 1.6440362742287107e-05, 'training/entropy': 0.5467629432678223, 'training/policy_loss': -0.005720007233321667, 'training/total_loss': 1.488725185394287, 'training/value_loss': 2.9888901710510254}
{'eval/num_episodes': 200, 'eval/num_steps': 200, 'eval/mean_score': np.float64(0.975), 'eval/std_score': np.float64(0.043), 'eval/mean_episode_length': np.float64(1.0), 'eval/std_episode_length': np.float64(0.0), 'eval/eval_time': 0.07753801345825195}
{'training/total_steps': 24000, 'training/updates': 12, 'training/sps': np.float64(13033.297), 'training/walltime': np.float64(3.525), 'training/rollout_time': np.float64(0.145), 'training/update_time': np.float64(0.008), 'training/approx_kl': 1.6143410903168842e-05, 'training/entropy': 0.5433864593505859, 'training/policy_loss': -0.005629982799291611, 'training/total_loss': 1.4795827865600586, 'training/value_loss': 2.970425605773926}
{'eval/num_episodes': 200, 'eval/num_steps': 200, 'eval/mean_score': np.float64(0.975), 'eval/std_score': np.float64(0.043), 'eval/mean_episode_length': np.float64(1.0), 'eval/std_episode_length': np.float64(0.0), 'eval/eval_time': 0.07549071311950684}
{'training/total_steps': 26000, 'training/updates': 13, 'training/sps': np.float64(13855.689), 'training/walltime': np.float64(3.745), 'training/rollout_time': np.float64(0.136), 'training/update_time': np.float64(0.008), 'training/approx_kl': 1.5750752936583012e-05, 'training/entropy': 0.5400018692016602, 'training/policy_loss': -0.0055647725239396095, 'training/total_loss': 1.4707392454147339, 'training/value_loss': 2.9526078701019287}
{'eval/num_episodes': 200, 'eval/num_steps': 200, 'eval/mean_score': np.float64(0.975), 'eval/std_score': np.float64(0.043), 'eval/mean_episode_length': np.float64(1.0), 'eval/std_episode_length': np.float64(0.0), 'eval/eval_time': 0.07813096046447754}
{'training/total_steps': 28000, 'training/updates': 14, 'training/sps': np.float64(13642.897), 'training/walltime': np.float64(3.97), 'training/rollout_time': np.float64(0.139), 'training/update_time': np.float64(0.008), 'training/approx_kl': 1.589907697052695e-05, 'training/entropy': 0.5366021990776062, 'training/policy_loss': -0.0056097377091646194, 'training/total_loss': 1.4604344367980957, 'training/value_loss': 2.9320883750915527}
{'eval/num_episodes': 200, 'eval/num_steps': 200, 'eval/mean_score': np.float64(0.978), 'eval/std_score': np.float64(0.041), 'eval/mean_episode_length': np.float64(1.0), 'eval/std_episode_length': np.float64(0.0), 'eval/eval_time': 0.07361388206481934}
{'training/total_steps': 30000, 'training/updates': 15, 'training/sps': np.float64(14074.421), 'training/walltime': np.float64(4.186), 'training/rollout_time': np.float64(0.134), 'training/update_time': np.float64(0.008), 'training/approx_kl': 1.5621275451849215e-05, 'training/entropy': 0.5331845283508301, 'training/policy_loss': -0.0055402303114533424, 'training/total_loss': 1.451714038848877, 'training/value_loss': 2.91450834274292}
{'eval/num_episodes': 200, 'eval/num_steps': 200, 'eval/mean_score': np.float64(0.977), 'eval/std_score': np.float64(0.042), 'eval/mean_episode_length': np.float64(1.0), 'eval/std_episode_length': np.float64(0.0), 'eval/eval_time': 0.07435488700866699}
{'training/total_steps': 32000, 'training/updates': 16, 'training/sps': np.float64(13686.101), 'training/walltime': np.float64(4.407), 'training/rollout_time': np.float64(0.138), 'training/update_time': np.float64(0.008), 'training/approx_kl': 1.6354993931599893e-05, 'training/entropy': 0.5297337770462036, 'training/policy_loss': -0.005672496743500233, 'training/total_loss': 1.440630316734314, 'training/value_loss': 2.892605781555176}
{'eval/num_episodes': 200, 'eval/num_steps': 200, 'eval/mean_score': np.float64(0.975), 'eval/std_score': np.float64(0.043), 'eval/mean_episode_length': np.float64(1.0), 'eval/std_episode_length': np.float64(0.0), 'eval/eval_time': 0.07417607307434082}
{'training/total_steps': 34000, 'training/updates': 17, 'training/sps': np.float64(13858.298), 'training/walltime': np.float64(4.626), 'training/rollout_time': np.float64(0.136), 'training/update_time': np.float64(0.008), 'training/approx_kl': 1.580177922733128e-05, 'training/entropy': 0.5262594819068909, 'training/policy_loss': -0.005597406532615423, 'training/total_loss': 1.4323500394821167, 'training/value_loss': 2.875894546508789}
{'eval/num_episodes': 200, 'eval/num_steps': 200, 'eval/mean_score': np.float64(0.98), 'eval/std_score': np.float64(0.04), 'eval/mean_episode_length': np.float64(1.0), 'eval/std_episode_length': np.float64(0.0), 'eval/eval_time': 0.0720820426940918}
{'training/total_steps': 36000, 'training/updates': 18, 'training/sps': np.float64(13611.639), 'training/walltime': np.float64(4.845), 'training/rollout_time': np.float64(0.139), 'training/update_time': np.float64(0.008), 'training/approx_kl': 1.6100921129691415e-05, 'training/entropy': 0.5227744579315186, 'training/policy_loss': -0.005645178258419037, 'training/total_loss': 1.4221383333206177, 'training/value_loss': 2.855567216873169}
{'eval/num_episodes': 200, 'eval/num_steps': 200, 'eval/mean_score': np.float64(0.978), 'eval/std_score': np.float64(0.041), 'eval/mean_episode_length': np.float64(1.0), 'eval/std_episode_length': np.float64(0.0), 'eval/eval_time': 0.0709238052368164}
{'training/total_steps': 38000, 'training/updates': 19, 'training/sps': np.float64(13589.808), 'training/walltime': np.float64(5.064), 'training/rollout_time': np.float64(0.139), 'training/update_time': np.float64(0.008), 'training/approx_kl': 1.5639692719560117e-05, 'training/entropy': 0.5192775726318359, 'training/policy_loss': -0.005545377265661955, 'training/total_loss': 1.4138171672821045, 'training/value_loss': 2.8387250900268555}
{'eval/num_episodes': 200, 'eval/num_steps': 200, 'eval/mean_score': np.float64(0.98), 'eval/std_score': np.float64(0.04), 'eval/mean_episode_length': np.float64(1.0), 'eval/std_episode_length': np.float64(0.0), 'eval/eval_time': 0.0737769603729248}
{'training/total_steps': 40000, 'training/updates': 20, 'training/sps': np.float64(13971.071), 'training/walltime': np.float64(5.281), 'training/rollout_time': np.float64(0.135), 'training/update_time': np.float64(0.008), 'training/approx_kl': 1.5893274394329637e-05, 'training/entropy': 0.515778660774231, 'training/policy_loss': -0.0055667017586529255, 'training/total_loss': 1.4039274454116821, 'training/value_loss': 2.81898832321167}
{'eval/num_episodes': 200, 'eval/num_steps': 200, 'eval/mean_score': np.float64(0.978), 'eval/std_score': np.float64(0.041), 'eval/mean_episode_length': np.float64(1.0), 'eval/std_episode_length': np.float64(0.0), 'eval/eval_time': 0.07450413703918457}
{'training/total_steps': 42000, 'training/updates': 21, 'training/sps': np.float64(13062.603), 'training/walltime': np.float64(5.509), 'training/rollout_time': np.float64(0.144), 'training/update_time': np.float64(0.009), 'training/approx_kl': 1.4318154171633068e-05, 'training/entropy': 0.5122957229614258, 'training/policy_loss': -0.005316565744578838, 'training/total_loss': 1.3971312046051025, 'training/value_loss': 2.8048956394195557}
{'eval/num_episodes': 200, 'eval/num_steps': 200, 'eval/mean_score': np.float64(0.976), 'eval/std_score': np.float64(0.042), 'eval/mean_episode_length': np.float64(1.0), 'eval/std_episode_length': np.float64(0.0), 'eval/eval_time': 0.07794785499572754}
{'training/total_steps': 44000, 'training/updates': 22, 'training/sps': np.float64(13565.019), 'training/walltime': np.float64(5.735), 'training/rollout_time': np.float64(0.139), 'training/update_time': np.float64(0.008), 'training/approx_kl': 1.4465966160059907e-05, 'training/entropy': 0.5088287591934204, 'training/policy_loss': -0.0053439661860466, 'training/total_loss': 1.387087345123291, 'training/value_loss': 2.784862518310547}
{'eval/num_episodes': 200, 'eval/num_steps': 200, 'eval/mean_score': np.float64(0.98), 'eval/std_score': np.float64(0.04), 'eval/mean_episode_length': np.float64(1.0), 'eval/std_episode_length': np.float64(0.0), 'eval/eval_time': 0.07408714294433594}
{'training/total_steps': 46000, 'training/updates': 23, 'training/sps': np.float64(14054.33), 'training/walltime': np.float64(5.951), 'training/rollout_time': np.float64(0.134), 'training/update_time': np.float64(0.008), 'training/approx_kl': 1.5368126696557738e-05, 'training/entropy': 0.5053155422210693, 'training/policy_loss': -0.005508476868271828, 'training/total_loss': 1.376152515411377, 'training/value_loss': 2.763322114944458}
{'eval/num_episodes': 200, 'eval/num_steps': 200, 'eval/mean_score': np.float64(0.981), 'eval/std_score': np.float64(0.039), 'eval/mean_episode_length': np.float64(1.0), 'eval/std_episode_length': np.float64(0.0), 'eval/eval_time': 0.07502985000610352}
{'training/total_steps': 48000, 'training/updates': 24, 'training/sps': np.float64(10263.994), 'training/walltime': np.float64(6.221), 'training/rollout_time': np.float64(0.187), 'training/update_time': np.float64(0.008), 'training/approx_kl': 1.5197613720374648e-05, 'training/entropy': 0.5017775893211365, 'training/policy_loss': -0.005451072007417679, 'training/total_loss': 1.367748498916626, 'training/value_loss': 2.746399164199829}
{'eval/num_episodes': 200, 'eval/num_steps': 200, 'eval/mean_score': np.float64(0.982), 'eval/std_score': np.float64(0.038), 'eval/mean_episode_length': np.float64(1.0), 'eval/std_episode_length': np.float64(0.0), 'eval/eval_time': 0.07662606239318848}
{'training/total_steps': 50000, 'training/updates': 25, 'training/sps': np.float64(13932.135), 'training/walltime': np.float64(6.442), 'training/rollout_time': np.float64(0.136), 'training/update_time': np.float64(0.008), 'training/approx_kl': 1.5150294530030806e-05, 'training/entropy': 0.4982347786426544, 'training/policy_loss': -0.0054476018995046616, 'training/total_loss': 1.358391523361206, 'training/value_loss': 2.7276782989501953}
{'eval/num_episodes': 200, 'eval/num_steps': 200, 'eval/mean_score': np.float64(0.982), 'eval/std_score': np.float64(0.038), 'eval/mean_episode_length': np.float64(1.0), 'eval/std_episode_length': np.float64(0.0), 'eval/eval_time': 0.07440900802612305}
{'training/total_steps': 52000, 'training/updates': 26, 'training/sps': np.float64(13565.019), 'training/walltime': np.float64(6.664), 'training/rollout_time': np.float64(0.139), 'training/update_time': np.float64(0.008), 'training/approx_kl': 1.4407285561901517e-05, 'training/entropy': 0.49469882249832153, 'training/policy_loss': -0.0053289420902729034, 'training/total_loss': 1.3502652645111084, 'training/value_loss': 2.711188554763794}
{'eval/num_episodes': 200, 'eval/num_steps': 200, 'eval/mean_score': np.float64(0.981), 'eval/std_score': np.float64(0.039), 'eval/mean_episode_length': np.float64(1.0), 'eval/std_episode_length': np.float64(0.0), 'eval/eval_time': 0.07537698745727539}
{'training/total_steps': 54000, 'training/updates': 27, 'training/sps': np.float64(13427.616), 'training/walltime': np.float64(6.889), 'training/rollout_time': np.float64(0.14), 'training/update_time': np.float64(0.009), 'training/approx_kl': 1.3314694115251768e-05, 'training/entropy': 0.49119818210601807, 'training/policy_loss': -0.0051163677126169205, 'training/total_loss': 1.3426333665847778, 'training/value_loss': 2.6954994201660156}
{'eval/num_episodes': 200, 'eval/num_steps': 200, 'eval/mean_score': np.float64(0.977), 'eval/std_score': np.float64(0.042), 'eval/mean_episode_length': np.float64(1.0), 'eval/std_episode_length': np.float64(0.0), 'eval/eval_time': 0.11481332778930664}
{'training/total_steps': 56000, 'training/updates': 28, 'training/sps': np.float64(10307.15), 'training/walltime': np.float64(7.2), 'training/rollout_time': np.float64(0.186), 'training/update_time': np.float64(0.008), 'training/approx_kl': 1.3158903129806276e-05, 'training/entropy': 0.48772478103637695, 'training/policy_loss': -0.005070245824754238, 'training/total_loss': 1.3334684371948242, 'training/value_loss': 2.677077293395996}
{'eval/num_episodes': 200, 'eval/num_steps': 200, 'eval/mean_score': np.float64(0.982), 'eval/std_score': np.float64(0.038), 'eval/mean_episode_length': np.float64(1.0), 'eval/std_episode_length': np.float64(0.0), 'eval/eval_time': 0.08326387405395508}
{'training/total_steps': 58000, 'training/updates': 29, 'training/sps': np.float64(12919.345), 'training/walltime': np.float64(7.439), 'training/rollout_time': np.float64(0.146), 'training/update_time': np.float64(0.009), 'training/approx_kl': 1.3655067050422076e-05, 'training/entropy': 0.4842243194580078, 'training/policy_loss': -0.005179159343242645, 'training/total_loss': 1.323340654373169, 'training/value_loss': 2.6570396423339844}
{'eval/num_episodes': 200, 'eval/num_steps': 200, 'eval/mean_score': np.float64(0.982), 'eval/std_score': np.float64(0.038), 'eval/mean_episode_length': np.float64(1.0), 'eval/std_episode_length': np.float64(0.0), 'eval/eval_time': 0.07693099975585938}
{'training/total_steps': 60000, 'training/updates': 30, 'training/sps': np.float64(13814.23), 'training/walltime': np.float64(7.661), 'training/rollout_time': np.float64(0.137), 'training/update_time': np.float64(0.008), 'training/approx_kl': 1.3469986697600689e-05, 'training/entropy': 0.4807061553001404, 'training/policy_loss': -0.005144954659044743, 'training/total_loss': 1.3147046566009521, 'training/value_loss': 2.6396989822387695}
{'eval/num_episodes': 200, 'eval/num_steps': 200, 'eval/mean_score': np.float64(0.982), 'eval/std_score': np.float64(0.038), 'eval/mean_episode_length': np.float64(1.0), 'eval/std_episode_length': np.float64(0.0), 'eval/eval_time': 0.07670879364013672}
TRAINING END: training duration: 7.7378928661346436
{'final_eval/num_episodes': 200, 'final_eval/num_steps': 200, 'final_eval/mean_score': np.float64(1.0), 'final_eval/std_score': np.float64(0.0), 'final_eval/mean_episode_length': np.float64(1.0), 'final_eval/std_episode_length': np.float64(0.0)}

