|param: value|
|experiment_name:  trpo_procgen|
|seed:  2|
|platform:  cpu|
|write_logs_to_file:  False|
|save_model:  False|
|env_name:  bandit|
|num_envs:  8|
|num_train_levels:  200|
|distribution_mode:  easy|
|arm_means:  (1.0, 0.9)|
|deterministic_rewards:  True|
|eval_env:  True|
|num_eval_episodes:  200|
|eval_every:  1|
|deterministic_eval:  False|
|normalize_observations:  True|
|total_timesteps:  60000|
|learning_rate:  0.01|
|unroll_length:  250|
|anneal_lr:  False|
|gamma:  0.99|
|gae_lambda:  0.95|
|batch_size:  1|
|num_minibatches:  8|
|update_epochs:  10|
|normalize_advantages:  True|
|target_kl:  0.01|
|cg_damping:  0.1|
|cg_max_iterations:  10|
|line_search_max_iter:  10|
|line_search_shrinking_factor:  0.8|
|vf_cost:  1.0|
|max_grad_norm:  0.5|
|reward_scaling:  1.0|
|use_cnn:  False|
|policy_hidden_layer_sizes:  ()|
|value_hidden_layer_sizes:  ()|
|activation:  <jax._src.custom_derivatives.custom_jvp object at 0x1102d71d0>|
|policy_init_logit_bias:  [1.0, 0.0]|
|entropy_cost:  0.0|
{'training/total_steps': 2000, 'training/updates': 1, 'training/sps': np.float64(1357.097), 'training/walltime': np.float64(1.474), 'training/rollout_time': np.float64(0.124), 'training/update_time': np.float64(1.349), 'training/iterations': 1.0, 'training/kl_div': 0.006611831486225128, 'training/line_search_success': 1.0, 'training/new_policy_objective': 0.40139561891555786, 'training/policy_objective': 0.3293328285217285, 'training/value_loss': 0.16663339734077454}
{'eval/num_episodes': 200, 'eval/num_steps': 200, 'eval/mean_score': np.float64(0.998), 'eval/std_score': np.float64(0.014), 'eval/mean_episode_length': np.float64(1.0), 'eval/std_episode_length': np.float64(0.0), 'eval/eval_time': 0.07418704032897949}
{'training/total_steps': 4000, 'training/updates': 2, 'training/sps': np.float64(19870.072), 'training/walltime': np.float64(1.668), 'training/rollout_time': np.float64(0.097), 'training/update_time': np.float64(0.003), 'training/iterations': 1.0, 'training/kl_div': 0.0005835610791109502, 'training/line_search_success': 1.0, 'training/new_policy_objective': 0.08335354179143906, 'training/policy_objective': 0.07054957002401352, 'training/value_loss': 5.388553472585045e-05}
{'eval/num_episodes': 200, 'eval/num_steps': 200, 'eval/mean_score': np.float64(1.0), 'eval/std_score': np.float64(0.0), 'eval/mean_episode_length': np.float64(1.0), 'eval/std_episode_length': np.float64(0.0), 'eval/eval_time': 0.07338070869445801}
{'training/total_steps': 6000, 'training/updates': 3, 'training/sps': np.float64(18896.326), 'training/walltime': np.float64(1.848), 'training/rollout_time': np.float64(0.102), 'training/update_time': np.float64(0.003), 'training/iterations': 1.0, 'training/kl_div': 0.0005372118903324008, 'training/line_search_success': 1.0, 'training/new_policy_objective': -0.0057719070464372635, 'training/policy_objective': -0.005780508741736412, 'training/value_loss': 2.8756174330624162e-08}
{'eval/num_episodes': 200, 'eval/num_steps': 200, 'eval/mean_score': np.float64(0.999), 'eval/std_score': np.float64(0.01), 'eval/mean_episode_length': np.float64(1.0), 'eval/std_episode_length': np.float64(0.0), 'eval/eval_time': 0.07590985298156738}
{'training/total_steps': 8000, 'training/updates': 4, 'training/sps': np.float64(19391.904), 'training/walltime': np.float64(2.027), 'training/rollout_time': np.float64(0.1), 'training/update_time': np.float64(0.003), 'training/iterations': 1.0, 'training/kl_div': 0.0006567640812136233, 'training/line_search_success': 1.0, 'training/new_policy_objective': 0.09851819276809692, 'training/policy_objective': 0.0822317823767662, 'training/value_loss': 6.668521382380277e-05}
{'eval/num_episodes': 200, 'eval/num_steps': 200, 'eval/mean_score': np.float64(1.0), 'eval/std_score': np.float64(0.0), 'eval/mean_episode_length': np.float64(1.0), 'eval/std_episode_length': np.float64(0.0), 'eval/eval_time': 0.07483410835266113}
{'training/total_steps': 10000, 'training/updates': 5, 'training/sps': np.float64(18744.697), 'training/walltime': np.float64(2.209), 'training/rollout_time': np.float64(0.103), 'training/update_time': np.float64(0.003), 'training/iterations': 1.0, 'training/kl_div': 0.0006166939274407923, 'training/line_search_success': 1.0, 'training/new_policy_objective': -0.011472396552562714, 'training/policy_objective': -0.01149219274520874, 'training/value_loss': 9.491093067026668e-08}
{'eval/num_episodes': 200, 'eval/num_steps': 200, 'eval/mean_score': np.float64(0.998), 'eval/std_score': np.float64(0.012), 'eval/mean_episode_length': np.float64(1.0), 'eval/std_episode_length': np.float64(0.0), 'eval/eval_time': 0.07398390769958496}
{'training/total_steps': 12000, 'training/updates': 6, 'training/sps': np.float64(17231.614), 'training/walltime': np.float64(2.4), 'training/rollout_time': np.float64(0.112), 'training/update_time': np.float64(0.004), 'training/iterations': 1.0, 'training/kl_div': 0.0007463932852260768, 'training/line_search_success': 1.0, 'training/new_policy_objective': 0.09832127392292023, 'training/policy_objective': 0.08669716119766235, 'training/value_loss': 6.179804768180475e-05}
{'eval/num_episodes': 200, 'eval/num_steps': 200, 'eval/mean_score': np.float64(1.0), 'eval/std_score': np.float64(0.0), 'eval/mean_episode_length': np.float64(1.0), 'eval/std_episode_length': np.float64(0.0), 'eval/eval_time': 0.07802820205688477}
{'training/total_steps': 14000, 'training/updates': 7, 'training/sps': np.float64(18791.895), 'training/walltime': np.float64(2.585), 'training/rollout_time': np.float64(0.103), 'training/update_time': np.float64(0.004), 'training/iterations': 1.0, 'training/kl_div': 0.0007166887517087162, 'training/line_search_success': 1.0, 'training/new_policy_objective': -0.011465898714959621, 'training/policy_objective': -0.0114891417324543, 'training/value_loss': 7.547452440803681e-08}
{'eval/num_episodes': 200, 'eval/num_steps': 200, 'eval/mean_score': np.float64(0.999), 'eval/std_score': np.float64(0.01), 'eval/mean_episode_length': np.float64(1.0), 'eval/std_episode_length': np.float64(0.0), 'eval/eval_time': 0.0733802318572998}
{'training/total_steps': 16000, 'training/updates': 8, 'training/sps': np.float64(19305.948), 'training/walltime': np.float64(2.762), 'training/rollout_time': np.float64(0.1), 'training/update_time': np.float64(0.004), 'training/iterations': 1.0, 'training/kl_div': 0.0008573675295338035, 'training/line_search_success': 1.0, 'training/new_policy_objective': 0.10716909915208817, 'training/policy_objective': 0.09243926405906677, 'training/value_loss': 7.643058779649436e-05}
{'eval/num_episodes': 200, 'eval/num_steps': 200, 'eval/mean_score': np.float64(1.0), 'eval/std_score': np.float64(0.0), 'eval/mean_episode_length': np.float64(1.0), 'eval/std_episode_length': np.float64(0.0), 'eval/eval_time': 0.07838892936706543}
{'training/total_steps': 18000, 'training/updates': 9, 'training/sps': np.float64(14111.545), 'training/walltime': np.float64(2.983), 'training/rollout_time': np.float64(0.138), 'training/update_time': np.float64(0.003), 'training/iterations': 1.0, 'training/kl_div': 0.0008441543905064464, 'training/line_search_success': 1.0, 'training/new_policy_objective': -0.011457253247499466, 'training/policy_objective': -0.011484990827739239, 'training/value_loss': 9.662291944323442e-08}
{'eval/num_episodes': 200, 'eval/num_steps': 200, 'eval/mean_score': np.float64(0.998), 'eval/std_score': np.float64(0.012), 'eval/mean_episode_length': np.float64(1.0), 'eval/std_episode_length': np.float64(0.0), 'eval/eval_time': 0.07715415954589844}
{'training/total_steps': 20000, 'training/updates': 10, 'training/sps': np.float64(18629.097), 'training/walltime': np.float64(3.168), 'training/rollout_time': np.float64(0.104), 'training/update_time': np.float64(0.003), 'training/iterations': 1.0, 'training/kl_div': 0.000996349728666246, 'training/line_search_success': 1.0, 'training/new_policy_objective': 0.11001866310834885, 'training/policy_objective': 0.090302973985672, 'training/value_loss': 8.368505950784311e-05}
{'eval/num_episodes': 200, 'eval/num_steps': 200, 'eval/mean_score': np.float64(1.0), 'eval/std_score': np.float64(0.0), 'eval/mean_episode_length': np.float64(1.0), 'eval/std_episode_length': np.float64(0.0), 'eval/eval_time': 0.07279777526855469}
{'training/total_steps': 22000, 'training/updates': 11, 'training/sps': np.float64(19028.259), 'training/walltime': np.float64(3.346), 'training/rollout_time': np.float64(0.102), 'training/update_time': np.float64(0.003), 'training/iterations': 1.0, 'training/kl_div': 0.0010084719397127628, 'training/line_search_success': 1.0, 'training/new_policy_objective': -0.011445486918091774, 'training/policy_objective': -0.011479188688099384, 'training/value_loss': 1.2376129632230004e-07}
{'eval/num_episodes': 200, 'eval/num_steps': 200, 'eval/mean_score': np.float64(0.998), 'eval/std_score': np.float64(0.012), 'eval/mean_episode_length': np.float64(1.0), 'eval/std_episode_length': np.float64(0.0), 'eval/eval_time': 0.07646298408508301}
{'training/total_steps': 24000, 'training/updates': 12, 'training/sps': np.float64(18930.953), 'training/walltime': np.float64(3.529), 'training/rollout_time': np.float64(0.102), 'training/update_time': np.float64(0.003), 'training/iterations': 1.0, 'training/kl_div': 0.0011722114868462086, 'training/line_search_success': 1.0, 'training/new_policy_objective': 0.13949188590049744, 'training/policy_objective': 0.12078146636486053, 'training/value_loss': 0.0001245759049197659}
{'eval/num_episodes': 200, 'eval/num_steps': 200, 'eval/mean_score': np.float64(1.0), 'eval/std_score': np.float64(0.0), 'eval/mean_episode_length': np.float64(1.0), 'eval/std_episode_length': np.float64(0.0), 'eval/eval_time': 0.07560610771179199}
{'training/total_steps': 26000, 'training/updates': 13, 'training/sps': np.float64(19053.586), 'training/walltime': np.float64(3.71), 'training/rollout_time': np.float64(0.102), 'training/update_time': np.float64(0.003), 'training/iterations': 1.0, 'training/kl_div': 0.0012221129145473242, 'training/line_search_success': 1.0, 'training/new_policy_objective': -0.022598110139369965, 'training/policy_objective': -0.022680656984448433, 'training/value_loss': 2.8986730171709496e-07}
{'eval/num_episodes': 200, 'eval/num_steps': 200, 'eval/mean_score': np.float64(0.996), 'eval/std_score': np.float64(0.018), 'eval/mean_episode_length': np.float64(1.0), 'eval/std_episode_length': np.float64(0.0), 'eval/eval_time': 0.07461905479431152}
{'training/total_steps': 28000, 'training/updates': 14, 'training/sps': np.float64(18327.263), 'training/walltime': np.float64(3.894), 'training/rollout_time': np.float64(0.106), 'training/update_time': np.float64(0.003), 'training/iterations': 1.0, 'training/kl_div': 0.0013963707024231553, 'training/line_search_success': 1.0, 'training/new_policy_objective': 0.134195476770401, 'training/policy_objective': 0.11452889442443848, 'training/value_loss': 0.00011980097042396665}
{'eval/num_episodes': 200, 'eval/num_steps': 200, 'eval/mean_score': np.float64(1.0), 'eval/std_score': np.float64(0.0), 'eval/mean_episode_length': np.float64(1.0), 'eval/std_episode_length': np.float64(0.0), 'eval/eval_time': 0.07602977752685547}
{'training/total_steps': 30000, 'training/updates': 15, 'training/sps': np.float64(18564.905), 'training/walltime': np.float64(4.079), 'training/rollout_time': np.float64(0.104), 'training/update_time': np.float64(0.003), 'training/iterations': 1.0, 'training/kl_div': nan, 'training/line_search_success': 0.0, 'training/new_policy_objective': nan, 'training/policy_objective': 0.0, 'training/value_loss': 2.14340616366826e-07}
{'eval/num_episodes': 200, 'eval/num_steps': 200, 'eval/mean_score': np.float64(1.0), 'eval/std_score': np.float64(0.0), 'eval/mean_episode_length': np.float64(1.0), 'eval/std_episode_length': np.float64(0.0), 'eval/eval_time': 0.0763859748840332}
{'training/total_steps': 32000, 'training/updates': 16, 'training/sps': np.float64(18763.481), 'training/walltime': np.float64(4.262), 'training/rollout_time': np.float64(0.102), 'training/update_time': np.float64(0.005), 'training/iterations': 1.0, 'training/kl_div': nan, 'training/line_search_success': 0.0, 'training/new_policy_objective': nan, 'training/policy_objective': 0.0, 'training/value_loss': 4.970523992398057e-11}
{'eval/num_episodes': 200, 'eval/num_steps': 200, 'eval/mean_score': np.float64(1.0), 'eval/std_score': np.float64(0.0), 'eval/mean_episode_length': np.float64(1.0), 'eval/std_episode_length': np.float64(0.0), 'eval/eval_time': 0.07490825653076172}
{'training/total_steps': 34000, 'training/updates': 17, 'training/sps': np.float64(18355.535), 'training/walltime': np.float64(4.446), 'training/rollout_time': np.float64(0.106), 'training/update_time': np.float64(0.003), 'training/iterations': 1.0, 'training/kl_div': nan, 'training/line_search_success': 0.0, 'training/new_policy_objective': nan, 'training/policy_objective': 0.0, 'training/value_loss': 1.15685244248139e-14}
{'eval/num_episodes': 200, 'eval/num_steps': 200, 'eval/mean_score': np.float64(1.0), 'eval/std_score': np.float64(0.0), 'eval/mean_episode_length': np.float64(1.0), 'eval/std_episode_length': np.float64(0.0), 'eval/eval_time': 0.07471108436584473}
{'training/total_steps': 36000, 'training/updates': 18, 'training/sps': np.float64(18873.962), 'training/walltime': np.float64(4.628), 'training/rollout_time': np.float64(0.103), 'training/update_time': np.float64(0.003), 'training/iterations': 1.0, 'training/kl_div': nan, 'training/line_search_success': 0.0, 'training/new_policy_objective': nan, 'training/policy_objective': 0.0, 'training/value_loss': 0.0}
{'eval/num_episodes': 200, 'eval/num_steps': 200, 'eval/mean_score': np.float64(1.0), 'eval/std_score': np.float64(0.0), 'eval/mean_episode_length': np.float64(1.0), 'eval/std_episode_length': np.float64(0.0), 'eval/eval_time': 0.07596588134765625}
{'training/total_steps': 38000, 'training/updates': 19, 'training/sps': np.float64(19270.025), 'training/walltime': np.float64(4.808), 'training/rollout_time': np.float64(0.101), 'training/update_time': np.float64(0.003), 'training/iterations': 1.0, 'training/kl_div': nan, 'training/line_search_success': 0.0, 'training/new_policy_objective': nan, 'training/policy_objective': 0.0, 'training/value_loss': 0.0}
{'eval/num_episodes': 200, 'eval/num_steps': 200, 'eval/mean_score': np.float64(1.0), 'eval/std_score': np.float64(0.0), 'eval/mean_episode_length': np.float64(1.0), 'eval/std_episode_length': np.float64(0.0), 'eval/eval_time': 0.0724329948425293}
{'training/total_steps': 40000, 'training/updates': 20, 'training/sps': np.float64(19074.122), 'training/walltime': np.float64(4.986), 'training/rollout_time': np.float64(0.102), 'training/update_time': np.float64(0.003), 'training/iterations': 1.0, 'training/kl_div': nan, 'training/line_search_success': 0.0, 'training/new_policy_objective': nan, 'training/policy_objective': 0.0, 'training/value_loss': 0.0}
{'eval/num_episodes': 200, 'eval/num_steps': 200, 'eval/mean_score': np.float64(1.0), 'eval/std_score': np.float64(0.0), 'eval/mean_episode_length': np.float64(1.0), 'eval/std_episode_length': np.float64(0.0), 'eval/eval_time': 0.07497501373291016}
{'training/total_steps': 42000, 'training/updates': 21, 'training/sps': np.float64(18998.609), 'training/walltime': np.float64(5.166), 'training/rollout_time': np.float64(0.102), 'training/update_time': np.float64(0.003), 'training/iterations': 1.0, 'training/kl_div': nan, 'training/line_search_success': 0.0, 'training/new_policy_objective': nan, 'training/policy_objective': 0.0, 'training/value_loss': 0.0}
{'eval/num_episodes': 200, 'eval/num_steps': 200, 'eval/mean_score': np.float64(1.0), 'eval/std_score': np.float64(0.0), 'eval/mean_episode_length': np.float64(1.0), 'eval/std_episode_length': np.float64(0.0), 'eval/eval_time': 0.07147884368896484}
{'training/total_steps': 44000, 'training/updates': 22, 'training/sps': np.float64(18848.009), 'training/walltime': np.float64(5.344), 'training/rollout_time': np.float64(0.103), 'training/update_time': np.float64(0.003), 'training/iterations': 1.0, 'training/kl_div': nan, 'training/line_search_success': 0.0, 'training/new_policy_objective': nan, 'training/policy_objective': 0.0, 'training/value_loss': 0.0}
{'eval/num_episodes': 200, 'eval/num_steps': 200, 'eval/mean_score': np.float64(1.0), 'eval/std_score': np.float64(0.0), 'eval/mean_episode_length': np.float64(1.0), 'eval/std_episode_length': np.float64(0.0), 'eval/eval_time': 0.07298898696899414}
{'training/total_steps': 46000, 'training/updates': 23, 'training/sps': np.float64(19406.529), 'training/walltime': np.float64(5.521), 'training/rollout_time': np.float64(0.1), 'training/update_time': np.float64(0.003), 'training/iterations': 1.0, 'training/kl_div': nan, 'training/line_search_success': 0.0, 'training/new_policy_objective': nan, 'training/policy_objective': 0.0, 'training/value_loss': 0.0}
{'eval/num_episodes': 200, 'eval/num_steps': 200, 'eval/mean_score': np.float64(1.0), 'eval/std_score': np.float64(0.0), 'eval/mean_episode_length': np.float64(1.0), 'eval/std_episode_length': np.float64(0.0), 'eval/eval_time': 0.07593321800231934}
{'training/total_steps': 48000, 'training/updates': 24, 'training/sps': np.float64(18657.23), 'training/walltime': np.float64(5.705), 'training/rollout_time': np.float64(0.104), 'training/update_time': np.float64(0.003), 'training/iterations': 1.0, 'training/kl_div': nan, 'training/line_search_success': 0.0, 'training/new_policy_objective': nan, 'training/policy_objective': 0.0, 'training/value_loss': 0.0}
{'eval/num_episodes': 200, 'eval/num_steps': 200, 'eval/mean_score': np.float64(1.0), 'eval/std_score': np.float64(0.0), 'eval/mean_episode_length': np.float64(1.0), 'eval/std_episode_length': np.float64(0.0), 'eval/eval_time': 0.07612919807434082}
{'training/total_steps': 50000, 'training/updates': 25, 'training/sps': np.float64(19066.188), 'training/walltime': np.float64(5.886), 'training/rollout_time': np.float64(0.102), 'training/update_time': np.float64(0.003), 'training/iterations': 1.0, 'training/kl_div': nan, 'training/line_search_success': 0.0, 'training/new_policy_objective': nan, 'training/policy_objective': 0.0, 'training/value_loss': 0.0}
{'eval/num_episodes': 200, 'eval/num_steps': 200, 'eval/mean_score': np.float64(1.0), 'eval/std_score': np.float64(0.0), 'eval/mean_episode_length': np.float64(1.0), 'eval/std_episode_length': np.float64(0.0), 'eval/eval_time': 0.07353711128234863}
{'training/total_steps': 52000, 'training/updates': 26, 'training/sps': np.float64(18663.457), 'training/walltime': np.float64(6.067), 'training/rollout_time': np.float64(0.104), 'training/update_time': np.float64(0.003), 'training/iterations': 1.0, 'training/kl_div': nan, 'training/line_search_success': 0.125, 'training/new_policy_objective': nan, 'training/policy_objective': 2.3841859597695247e-09, 'training/value_loss': 2.5011656816786854e-06}
{'eval/num_episodes': 200, 'eval/num_steps': 200, 'eval/mean_score': np.float64(1.0), 'eval/std_score': np.float64(0.0), 'eval/mean_episode_length': np.float64(1.0), 'eval/std_episode_length': np.float64(0.0), 'eval/eval_time': 0.07603001594543457}
{'training/total_steps': 54000, 'training/updates': 27, 'training/sps': np.float64(19124.827), 'training/walltime': np.float64(6.248), 'training/rollout_time': np.float64(0.101), 'training/update_time': np.float64(0.003), 'training/iterations': 1.0, 'training/kl_div': 0.0008323640795424581, 'training/line_search_success': 1.0, 'training/new_policy_objective': -0.00036210130201652646, 'training/policy_objective': -0.0003629645798355341, 'training/value_loss': 1.6361627330763184e-10}
{'eval/num_episodes': 200, 'eval/num_steps': 200, 'eval/mean_score': np.float64(0.997), 'eval/std_score': np.float64(0.016), 'eval/mean_episode_length': np.float64(1.0), 'eval/std_episode_length': np.float64(0.0), 'eval/eval_time': 0.07834172248840332}
{'training/total_steps': 56000, 'training/updates': 28, 'training/sps': np.float64(18869.122), 'training/walltime': np.float64(6.433), 'training/rollout_time': np.float64(0.103), 'training/update_time': np.float64(0.003), 'training/iterations': 1.0, 'training/kl_div': 0.000983633566647768, 'training/line_search_success': 1.0, 'training/new_policy_objective': 0.13007397949695587, 'training/policy_objective': 0.1111263707280159, 'training/value_loss': 0.00011264530621701851}
{'eval/num_episodes': 200, 'eval/num_steps': 200, 'eval/mean_score': np.float64(1.0), 'eval/std_score': np.float64(0.0), 'eval/mean_episode_length': np.float64(1.0), 'eval/std_episode_length': np.float64(0.0), 'eval/eval_time': 0.0733640193939209}
{'training/total_steps': 58000, 'training/updates': 29, 'training/sps': np.float64(18749.599), 'training/walltime': np.float64(6.614), 'training/rollout_time': np.float64(0.103), 'training/update_time': np.float64(0.003), 'training/iterations': 1.0, 'training/kl_div': 0.000993217690847814, 'training/line_search_success': 1.0, 'training/new_policy_objective': -0.022632766515016556, 'training/policy_objective': -0.02269829250872135, 'training/value_loss': 2.543615948980005e-07}
{'eval/num_episodes': 200, 'eval/num_steps': 200, 'eval/mean_score': np.float64(0.999), 'eval/std_score': np.float64(0.01), 'eval/mean_episode_length': np.float64(1.0), 'eval/std_episode_length': np.float64(0.0), 'eval/eval_time': 0.07572603225708008}
{'training/total_steps': 60000, 'training/updates': 30, 'training/sps': np.float64(19213.398), 'training/walltime': np.float64(6.794), 'training/rollout_time': np.float64(0.101), 'training/update_time': np.float64(0.004), 'training/iterations': 1.0, 'training/kl_div': 0.0011560354614630342, 'training/line_search_success': 1.0, 'training/new_policy_objective': 0.13328537344932556, 'training/policy_objective': 0.11470543593168259, 'training/value_loss': 0.0001150456300820224}
{'eval/num_episodes': 200, 'eval/num_steps': 200, 'eval/mean_score': np.float64(1.0), 'eval/std_score': np.float64(0.0), 'eval/mean_episode_length': np.float64(1.0), 'eval/std_episode_length': np.float64(0.0), 'eval/eval_time': 0.07513904571533203}
TRAINING END: training duration: 6.869849920272827
{'final_eval/num_episodes': 200, 'final_eval/num_steps': 200, 'final_eval/mean_score': np.float64(1.0), 'final_eval/std_score': np.float64(0.0), 'final_eval/mean_episode_length': np.float64(1.0), 'final_eval/std_episode_length': np.float64(0.0)}
