|param: value|
|experiment_name:  cleanba_ppo|
|seed:  14|
|platform:  cpu|
|write_logs_to_file:  False|
|save_model:  False|
|env_name:  bandit|
|num_envs:  8|
|num_train_levels:  200|
|distribution_mode:  easy|
|arm_means:  (1.0, 0.9)|
|deterministic_rewards:  True|
|eval_env:  True|
|num_eval_episodes:  200|
|eval_every:  1|
|deterministic_eval:  False|
|total_timesteps:  60000|
|learning_rate:  0.00025|
|adam_eps:  1e-05|
|unroll_length:  250|
|anneal_lr:  False|
|gamma:  0.99|
|gae_lambda:  0.95|
|num_minibatches:  4|
|update_epochs:  4|
|normalize_advantages:  True|
|clip_eps:  0.1|
|clip_vloss:  True|
|entropy_cost:  0.0|
|vf_cost:  0.5|
|max_grad_norm:  0.5|
|use_cnn:  False|
|policy_hidden_layer_sizes:  ()|
|value_hidden_layer_sizes:  ()|
|activation:  <jax._src.custom_derivatives.custom_jvp object at 0x106149950>|
|policy_init_logit_bias:  [0.0, 4.0]|
{'training/total_steps': 2000, 'training/updates': 1, 'training/sps': np.float64(2170.874), 'training/walltime': np.float64(0.921), 'training/rollout_time': np.float64(0.42), 'training/update_time': np.float64(0.501), 'training/approx_kl': 1.6933913684624713e-06, 'training/entropy': 0.09104791283607483, 'training/policy_loss': -0.0017655228730291128, 'training/total_loss': 1.1529827117919922, 'training/value_loss': 2.3094964027404785}
{'eval/num_episodes': 200, 'eval/num_steps': 200, 'eval/mean_score': np.float64(0.904), 'eval/std_score': np.float64(0.021), 'eval/mean_episode_length': np.float64(1.0), 'eval/std_episode_length': np.float64(0.0), 'eval/eval_time': 0.07607483863830566}
{'training/total_steps': 4000, 'training/updates': 2, 'training/sps': np.float64(13608.592), 'training/walltime': np.float64(1.145), 'training/rollout_time': np.float64(0.139), 'training/update_time': np.float64(0.008), 'training/approx_kl': 1.6825441662149387e-06, 'training/entropy': 0.09219170361757278, 'training/policy_loss': -0.0018201840575784445, 'training/total_loss': 1.1444041728973389, 'training/value_loss': 2.2924487590789795}
{'eval/num_episodes': 200, 'eval/num_steps': 200, 'eval/mean_score': np.float64(0.901), 'eval/std_score': np.float64(0.01), 'eval/mean_episode_length': np.float64(1.0), 'eval/std_episode_length': np.float64(0.0), 'eval/eval_time': 0.08008289337158203}
{'training/total_steps': 6000, 'training/updates': 3, 'training/sps': np.float64(13538.595), 'training/walltime': np.float64(1.373), 'training/rollout_time': np.float64(0.14), 'training/update_time': np.float64(0.008), 'training/approx_kl': 1.8845881868401193e-06, 'training/entropy': 0.09336277842521667, 'training/policy_loss': -0.0019115488976240158, 'training/total_loss': 1.135933518409729, 'training/value_loss': 2.2756900787353516}
{'eval/num_episodes': 200, 'eval/num_steps': 200, 'eval/mean_score': np.float64(0.901), 'eval/std_score': np.float64(0.012), 'eval/mean_episode_length': np.float64(1.0), 'eval/std_episode_length': np.float64(0.0), 'eval/eval_time': 0.07749009132385254}
{'training/total_steps': 8000, 'training/updates': 4, 'training/sps': np.float64(13816.277), 'training/walltime': np.float64(1.595), 'training/rollout_time': np.float64(0.137), 'training/update_time': np.float64(0.008), 'training/approx_kl': 1.7667516658548266e-06, 'training/entropy': 0.09453244507312775, 'training/policy_loss': -0.0019267195602878928, 'training/total_loss': 1.127295732498169, 'training/value_loss': 2.2584450244903564}
{'eval/num_episodes': 200, 'eval/num_steps': 200, 'eval/mean_score': np.float64(0.903), 'eval/std_score': np.float64(0.017), 'eval/mean_episode_length': np.float64(1.0), 'eval/std_episode_length': np.float64(0.0), 'eval/eval_time': 0.07731389999389648}
{'training/total_steps': 10000, 'training/updates': 5, 'training/sps': np.float64(13445.932), 'training/walltime': np.float64(1.822), 'training/rollout_time': np.float64(0.139), 'training/update_time': np.float64(0.01), 'training/approx_kl': 1.8294138044439023e-06, 'training/entropy': 0.09571905434131622, 'training/policy_loss': -0.001926609082147479, 'training/total_loss': 1.118869662284851, 'training/value_loss': 2.2415926456451416}
{'eval/num_episodes': 200, 'eval/num_steps': 200, 'eval/mean_score': np.float64(0.902), 'eval/std_score': np.float64(0.016), 'eval/mean_episode_length': np.float64(1.0), 'eval/std_episode_length': np.float64(0.0), 'eval/eval_time': 0.07523107528686523}
{'training/total_steps': 12000, 'training/updates': 6, 'training/sps': np.float64(12370.425), 'training/walltime': np.float64(2.059), 'training/rollout_time': np.float64(0.145), 'training/update_time': np.float64(0.017), 'training/approx_kl': 1.2194346936666989e-06, 'training/entropy': 0.0968703031539917, 'training/policy_loss': -0.0015877600526437163, 'training/total_loss': 1.1102094650268555, 'training/value_loss': 2.2235944271087646}
{'eval/num_episodes': 200, 'eval/num_steps': 200, 'eval/mean_score': np.float64(0.902), 'eval/std_score': np.float64(0.016), 'eval/mean_episode_length': np.float64(1.0), 'eval/std_episode_length': np.float64(0.0), 'eval/eval_time': 0.07582616806030273}
{'training/total_steps': 14000, 'training/updates': 7, 'training/sps': np.float64(13536.628), 'training/walltime': np.float64(2.283), 'training/rollout_time': np.float64(0.14), 'training/update_time': np.float64(0.008), 'training/approx_kl': 2.2488786726171384e-06, 'training/entropy': 0.09807843714952469, 'training/policy_loss': -0.0021479595452547073, 'training/total_loss': 1.1021461486816406, 'training/value_loss': 2.208588123321533}
{'eval/num_episodes': 200, 'eval/num_steps': 200, 'eval/mean_score': np.float64(0.901), 'eval/std_score': np.float64(0.012), 'eval/mean_episode_length': np.float64(1.0), 'eval/std_episode_length': np.float64(0.0), 'eval/eval_time': 0.07386493682861328}
{'training/total_steps': 16000, 'training/updates': 8, 'training/sps': np.float64(12760.94), 'training/walltime': np.float64(2.514), 'training/rollout_time': np.float64(0.148), 'training/update_time': np.float64(0.009), 'training/approx_kl': 2.163677436328726e-06, 'training/entropy': 0.0993676632642746, 'training/policy_loss': -0.0019737682305276394, 'training/total_loss': 1.0936803817749023, 'training/value_loss': 2.1913084983825684}
{'eval/num_episodes': 200, 'eval/num_steps': 200, 'eval/mean_score': np.float64(0.903), 'eval/std_score': np.float64(0.018), 'eval/mean_episode_length': np.float64(1.0), 'eval/std_episode_length': np.float64(0.0), 'eval/eval_time': 0.07666707038879395}
{'training/total_steps': 18000, 'training/updates': 9, 'training/sps': np.float64(13210.281), 'training/walltime': np.float64(2.742), 'training/rollout_time': np.float64(0.143), 'training/update_time': np.float64(0.008), 'training/approx_kl': 2.214827645730111e-06, 'training/entropy': 0.10067389905452728, 'training/policy_loss': -0.002064950531348586, 'training/total_loss': 1.0853567123413086, 'training/value_loss': 2.1748435497283936}
{'eval/num_episodes': 200, 'eval/num_steps': 200, 'eval/mean_score': np.float64(0.901), 'eval/std_score': np.float64(0.012), 'eval/mean_episode_length': np.float64(1.0), 'eval/std_episode_length': np.float64(0.0), 'eval/eval_time': 0.07328581809997559}
{'training/total_steps': 20000, 'training/updates': 10, 'training/sps': np.float64(12865.963), 'training/walltime': np.float64(2.971), 'training/rollout_time': np.float64(0.147), 'training/update_time': np.float64(0.008), 'training/approx_kl': 2.1036630641901866e-06, 'training/entropy': 0.10198338329792023, 'training/policy_loss': -0.002060335362330079, 'training/total_loss': 1.07694411277771, 'training/value_loss': 2.1580090522766113}
{'eval/num_episodes': 200, 'eval/num_steps': 200, 'eval/mean_score': np.float64(0.903), 'eval/std_score': np.float64(0.017), 'eval/mean_episode_length': np.float64(1.0), 'eval/std_episode_length': np.float64(0.0), 'eval/eval_time': 0.07577919960021973}
{'training/total_steps': 22000, 'training/updates': 11, 'training/sps': np.float64(14097.6), 'training/walltime': np.float64(3.189), 'training/rollout_time': np.float64(0.134), 'training/update_time': np.float64(0.008), 'training/approx_kl': 2.5287281459895894e-06, 'training/entropy': 0.10333622246980667, 'training/policy_loss': -0.002225335920229554, 'training/total_loss': 1.0688776969909668, 'training/value_loss': 2.1422061920166016}
{'eval/num_episodes': 200, 'eval/num_steps': 200, 'eval/mean_score': np.float64(0.903), 'eval/std_score': np.float64(0.017), 'eval/mean_episode_length': np.float64(1.0), 'eval/std_episode_length': np.float64(0.0), 'eval/eval_time': 0.07428407669067383}
{'training/total_steps': 24000, 'training/updates': 12, 'training/sps': np.float64(12888.082), 'training/walltime': np.float64(3.419), 'training/rollout_time': np.float64(0.146), 'training/update_time': np.float64(0.009), 'training/approx_kl': 2.8127565201430116e-06, 'training/entropy': 0.10474338382482529, 'training/policy_loss': -0.0023369600530713797, 'training/total_loss': 1.0605876445770264, 'training/value_loss': 2.1258492469787598}
{'eval/num_episodes': 200, 'eval/num_steps': 200, 'eval/mean_score': np.float64(0.902), 'eval/std_score': np.float64(0.016), 'eval/mean_episode_length': np.float64(1.0), 'eval/std_episode_length': np.float64(0.0), 'eval/eval_time': 0.07472372055053711}
{'training/total_steps': 26000, 'training/updates': 13, 'training/sps': np.float64(13834.027), 'training/walltime': np.float64(3.639), 'training/rollout_time': np.float64(0.137), 'training/update_time': np.float64(0.008), 'training/approx_kl': 2.7666931146086426e-06, 'training/entropy': 0.10617174208164215, 'training/policy_loss': -0.0023443996906280518, 'training/total_loss': 1.0523303747177124, 'training/value_loss': 2.1093497276306152}
{'eval/num_episodes': 200, 'eval/num_steps': 200, 'eval/mean_score': np.float64(0.903), 'eval/std_score': np.float64(0.017), 'eval/mean_episode_length': np.float64(1.0), 'eval/std_episode_length': np.float64(0.0), 'eval/eval_time': 0.07424807548522949}
{'training/total_steps': 28000, 'training/updates': 14, 'training/sps': np.float64(13056.016), 'training/walltime': np.float64(3.867), 'training/rollout_time': np.float64(0.143), 'training/update_time': np.float64(0.011), 'training/approx_kl': 2.452653006912442e-06, 'training/entropy': 0.10760055482387543, 'training/policy_loss': -0.002260159933939576, 'training/total_loss': 1.0441926717758179, 'training/value_loss': 2.0929055213928223}
{'eval/num_episodes': 200, 'eval/num_steps': 200, 'eval/mean_score': np.float64(0.903), 'eval/std_score': np.float64(0.017), 'eval/mean_episode_length': np.float64(1.0), 'eval/std_episode_length': np.float64(0.0), 'eval/eval_time': 0.07380080223083496}
{'training/total_steps': 30000, 'training/updates': 15, 'training/sps': np.float64(13324.536), 'training/walltime': np.float64(4.091), 'training/rollout_time': np.float64(0.14), 'training/update_time': np.float64(0.01), 'training/approx_kl': 2.059201960946666e-06, 'training/entropy': 0.10899393260478973, 'training/policy_loss': -0.0020208745263516903, 'training/total_loss': 1.0359688997268677, 'training/value_loss': 2.075979709625244}
{'eval/num_episodes': 200, 'eval/num_steps': 200, 'eval/mean_score': np.float64(0.902), 'eval/std_score': np.float64(0.016), 'eval/mean_episode_length': np.float64(1.0), 'eval/std_episode_length': np.float64(0.0), 'eval/eval_time': 0.07388591766357422}
{'training/total_steps': 32000, 'training/updates': 16, 'training/sps': np.float64(12814.176), 'training/walltime': np.float64(4.321), 'training/rollout_time': np.float64(0.147), 'training/update_time': np.float64(0.009), 'training/approx_kl': 1.954207164089894e-06, 'training/entropy': 0.11037801206111908, 'training/policy_loss': -0.0018708128482103348, 'training/total_loss': 1.0280475616455078, 'training/value_loss': 2.0598368644714355}
{'eval/num_episodes': 200, 'eval/num_steps': 200, 'eval/mean_score': np.float64(0.901), 'eval/std_score': np.float64(0.01), 'eval/mean_episode_length': np.float64(1.0), 'eval/std_episode_length': np.float64(0.0), 'eval/eval_time': 0.07582688331604004}
{'training/total_steps': 34000, 'training/updates': 17, 'training/sps': np.float64(13148.742), 'training/walltime': np.float64(4.549), 'training/rollout_time': np.float64(0.143), 'training/update_time': np.float64(0.01), 'training/approx_kl': 2.098836148434202e-06, 'training/entropy': 0.11176781356334686, 'training/policy_loss': -0.002069070702418685, 'training/total_loss': 1.019808053970337, 'training/value_loss': 2.0437543392181396}
{'eval/num_episodes': 200, 'eval/num_steps': 200, 'eval/mean_score': np.float64(0.902), 'eval/std_score': np.float64(0.016), 'eval/mean_episode_length': np.float64(1.0), 'eval/std_episode_length': np.float64(0.0), 'eval/eval_time': 0.07726120948791504}
{'training/total_steps': 36000, 'training/updates': 18, 'training/sps': np.float64(13114.679), 'training/walltime': np.float64(4.78), 'training/rollout_time': np.float64(0.143), 'training/update_time': np.float64(0.009), 'training/approx_kl': 2.2791205083194654e-06, 'training/entropy': 0.11320513486862183, 'training/policy_loss': -0.0020985440351068974, 'training/total_loss': 1.0118275880813599, 'training/value_loss': 2.0278522968292236}
{'eval/num_episodes': 200, 'eval/num_steps': 200, 'eval/mean_score': np.float64(0.903), 'eval/std_score': np.float64(0.018), 'eval/mean_episode_length': np.float64(1.0), 'eval/std_episode_length': np.float64(0.0), 'eval/eval_time': 0.07405591011047363}
{'training/total_steps': 38000, 'training/updates': 19, 'training/sps': np.float64(13372.647), 'training/walltime': np.float64(5.003), 'training/rollout_time': np.float64(0.139), 'training/update_time': np.float64(0.011), 'training/approx_kl': 1.782437834663142e-06, 'training/entropy': 0.11461417376995087, 'training/policy_loss': -0.0018466701731085777, 'training/total_loss': 1.0036344528198242, 'training/value_loss': 2.01096248626709}
{'eval/num_episodes': 200, 'eval/num_steps': 200, 'eval/mean_score': np.float64(0.901), 'eval/std_score': np.float64(0.01), 'eval/mean_episode_length': np.float64(1.0), 'eval/std_episode_length': np.float64(0.0), 'eval/eval_time': 0.07387113571166992}
{'training/total_steps': 40000, 'training/updates': 20, 'training/sps': np.float64(13690.166), 'training/walltime': np.float64(5.224), 'training/rollout_time': np.float64(0.138), 'training/update_time': np.float64(0.008), 'training/approx_kl': 2.256087100249715e-06, 'training/entropy': 0.11606097221374512, 'training/policy_loss': -0.002077466808259487, 'training/total_loss': 0.9958696961402893, 'training/value_loss': 1.9958943128585815}
{'eval/num_episodes': 200, 'eval/num_steps': 200, 'eval/mean_score': np.float64(0.902), 'eval/std_score': np.float64(0.016), 'eval/mean_episode_length': np.float64(1.0), 'eval/std_episode_length': np.float64(0.0), 'eval/eval_time': 0.07552003860473633}
{'training/total_steps': 42000, 'training/updates': 21, 'training/sps': np.float64(13741.454), 'training/walltime': np.float64(5.445), 'training/rollout_time': np.float64(0.138), 'training/update_time': np.float64(0.008), 'training/approx_kl': 1.5662908481317572e-06, 'training/entropy': 0.1174921840429306, 'training/policy_loss': -0.0017855255864560604, 'training/total_loss': 0.9875794053077698, 'training/value_loss': 1.9787299633026123}
{'eval/num_episodes': 200, 'eval/num_steps': 200, 'eval/mean_score': np.float64(0.904), 'eval/std_score': np.float64(0.02), 'eval/mean_episode_length': np.float64(1.0), 'eval/std_episode_length': np.float64(0.0), 'eval/eval_time': 0.07919001579284668}
{'training/total_steps': 44000, 'training/updates': 22, 'training/sps': np.float64(13501.659), 'training/walltime': np.float64(5.673), 'training/rollout_time': np.float64(0.14), 'training/update_time': np.float64(0.008), 'training/approx_kl': 2.037918420683127e-06, 'training/entropy': 0.1189301609992981, 'training/policy_loss': -0.0020380178466439247, 'training/total_loss': 0.979896068572998, 'training/value_loss': 1.963868260383606}
{'eval/num_episodes': 200, 'eval/num_steps': 200, 'eval/mean_score': np.float64(0.902), 'eval/std_score': np.float64(0.014), 'eval/mean_episode_length': np.float64(1.0), 'eval/std_episode_length': np.float64(0.0), 'eval/eval_time': 0.07797503471374512}
{'training/total_steps': 46000, 'training/updates': 23, 'training/sps': np.float64(13457.494), 'training/walltime': np.float64(5.9), 'training/rollout_time': np.float64(0.14), 'training/update_time': np.float64(0.008), 'training/approx_kl': 2.1760781692137243e-06, 'training/entropy': 0.12044920772314072, 'training/policy_loss': -0.0020479217637330294, 'training/total_loss': 0.971941351890564, 'training/value_loss': 1.9479784965515137}
{'eval/num_episodes': 200, 'eval/num_steps': 200, 'eval/mean_score': np.float64(0.902), 'eval/std_score': np.float64(0.016), 'eval/mean_episode_length': np.float64(1.0), 'eval/std_episode_length': np.float64(0.0), 'eval/eval_time': 0.0798799991607666}
{'training/total_steps': 48000, 'training/updates': 24, 'training/sps': np.float64(10569.044), 'training/walltime': np.float64(6.169), 'training/rollout_time': np.float64(0.181), 'training/update_time': np.float64(0.008), 'training/approx_kl': 2.5216295398422517e-06, 'training/entropy': 0.12201942503452301, 'training/policy_loss': -0.002257693326100707, 'training/total_loss': 0.9640774726867676, 'training/value_loss': 1.9326703548431396}
{'eval/num_episodes': 200, 'eval/num_steps': 200, 'eval/mean_score': np.float64(0.903), 'eval/std_score': np.float64(0.017), 'eval/mean_episode_length': np.float64(1.0), 'eval/std_episode_length': np.float64(0.0), 'eval/eval_time': 0.0772700309753418}
{'training/total_steps': 50000, 'training/updates': 25, 'training/sps': np.float64(12778.143), 'training/walltime': np.float64(6.403), 'training/rollout_time': np.float64(0.142), 'training/update_time': np.float64(0.014), 'training/approx_kl': 3.280136979810777e-06, 'training/entropy': 0.12368350476026535, 'training/policy_loss': -0.002510715276002884, 'training/total_loss': 0.9564706683158875, 'training/value_loss': 1.9179627895355225}
{'eval/num_episodes': 200, 'eval/num_steps': 200, 'eval/mean_score': np.float64(0.901), 'eval/std_score': np.float64(0.012), 'eval/mean_episode_length': np.float64(1.0), 'eval/std_episode_length': np.float64(0.0), 'eval/eval_time': 0.07380986213684082}
{'training/total_steps': 52000, 'training/updates': 26, 'training/sps': np.float64(13765.333), 'training/walltime': np.float64(6.623), 'training/rollout_time': np.float64(0.137), 'training/update_time': np.float64(0.008), 'training/approx_kl': 3.7402214729809202e-06, 'training/entropy': 0.1254468858242035, 'training/policy_loss': -0.002749359467998147, 'training/total_loss': 0.9486279487609863, 'training/value_loss': 1.9027546644210815}
{'eval/num_episodes': 200, 'eval/num_steps': 200, 'eval/mean_score': np.float64(0.904), 'eval/std_score': np.float64(0.02), 'eval/mean_episode_length': np.float64(1.0), 'eval/std_episode_length': np.float64(0.0), 'eval/eval_time': 0.07309412956237793}
{'training/total_steps': 54000, 'training/updates': 27, 'training/sps': np.float64(13257.046), 'training/walltime': np.float64(6.847), 'training/rollout_time': np.float64(0.143), 'training/update_time': np.float64(0.008), 'training/approx_kl': 3.2679095056664664e-06, 'training/entropy': 0.1272178739309311, 'training/policy_loss': -0.002496288623660803, 'training/total_loss': 0.9408566951751709, 'training/value_loss': 1.886705994606018}
{'eval/num_episodes': 200, 'eval/num_steps': 200, 'eval/mean_score': np.float64(0.902), 'eval/std_score': np.float64(0.016), 'eval/mean_episode_length': np.float64(1.0), 'eval/std_episode_length': np.float64(0.0), 'eval/eval_time': 0.07590460777282715}
{'training/total_steps': 56000, 'training/updates': 28, 'training/sps': np.float64(13935.236), 'training/walltime': np.float64(7.067), 'training/rollout_time': np.float64(0.135), 'training/update_time': np.float64(0.008), 'training/approx_kl': 3.6945439205737785e-06, 'training/entropy': 0.12901225686073303, 'training/policy_loss': -0.002760570961982012, 'training/total_loss': 0.9332977533340454, 'training/value_loss': 1.8721168041229248}
{'eval/num_episodes': 200, 'eval/num_steps': 200, 'eval/mean_score': np.float64(0.903), 'eval/std_score': np.float64(0.018), 'eval/mean_episode_length': np.float64(1.0), 'eval/std_episode_length': np.float64(0.0), 'eval/eval_time': 0.07993602752685547}
{'training/total_steps': 58000, 'training/updates': 29, 'training/sps': np.float64(13752.786), 'training/walltime': np.float64(7.292), 'training/rollout_time': np.float64(0.137), 'training/update_time': np.float64(0.008), 'training/approx_kl': 2.7238531856710324e-06, 'training/entropy': 0.1307695209980011, 'training/policy_loss': -0.002343743573874235, 'training/total_loss': 0.9253509640693665, 'training/value_loss': 1.8553894758224487}
{'eval/num_episodes': 200, 'eval/num_steps': 200, 'eval/mean_score': np.float64(0.901), 'eval/std_score': np.float64(0.012), 'eval/mean_episode_length': np.float64(1.0), 'eval/std_episode_length': np.float64(0.0), 'eval/eval_time': 0.07390308380126953}
{'training/total_steps': 60000, 'training/updates': 30, 'training/sps': np.float64(13838.34), 'training/walltime': np.float64(7.511), 'training/rollout_time': np.float64(0.136), 'training/update_time': np.float64(0.008), 'training/approx_kl': 3.6306710171629675e-06, 'training/entropy': 0.13255953788757324, 'training/policy_loss': -0.0027150483801960945, 'training/total_loss': 0.9180307388305664, 'training/value_loss': 1.841491460800171}
{'eval/num_episodes': 200, 'eval/num_steps': 200, 'eval/mean_score': np.float64(0.902), 'eval/std_score': np.float64(0.016), 'eval/mean_episode_length': np.float64(1.0), 'eval/std_episode_length': np.float64(0.0), 'eval/eval_time': 0.07267189025878906}
TRAINING END: training duration: 7.5838541984558105
{'final_eval/num_episodes': 200, 'final_eval/num_steps': 200, 'final_eval/mean_score': np.float64(0.8999999761581421), 'final_eval/std_score': np.float64(0.0), 'final_eval/mean_episode_length': np.float64(1.0), 'final_eval/std_episode_length': np.float64(0.0)}
