|param: value|
|experiment_name:  reinforce_procgen|
|seed:  14|
|platform:  cpu|
|write_logs_to_file:  False|
|save_model:  False|
|env_name:  bandit|
|num_envs:  1|
|num_train_levels:  200|
|distribution_mode:  easy|
|arm_means:  (1.0, 0.9)|
|deterministic_rewards:  True|
|eval_env:  True|
|num_eval_episodes:  200|
|eval_every:  1|
|deterministic_eval:  False|
|normalize_observations:  True|
|total_timesteps:  60000|
|learning_rate:  0.5|
|optimizer:  sgd|
|unroll_length:  2048|
|anneal_lr:  False|
|gamma:  0.99|
|batch_size:  1|
|num_minibatches:  1|
|update_epochs:  1|
|entropy_cost:  0.0|
|max_grad_norm:  0.5|
|reward_scaling:  1.0|
|use_cnn:  False|
|policy_hidden_layer_sizes:  ()|
|value_hidden_layer_sizes:  ()|
|activation:  <jax._src.custom_derivatives.custom_jvp object at 0x106149950>|
|policy_init_logit_bias:  [0.0, 4.0]|
{'training/total_steps': 2000, 'training/updates': 1, 'training/sps': np.float64(1928.836), 'training/walltime': np.float64(1.037), 'training/rollout_time': np.float64(0.438), 'training/update_time': np.float64(0.599), 'training/approx_kl': 0.0, 'training/entropy': 0.09009480476379395, 'training/policy_loss': 0.17846989631652832, 'training/total_loss': 1.9044843912124634, 'training/value_loss': 3.45202898979187}
{'eval/num_episodes': 200, 'eval/num_steps': 200, 'eval/mean_score': np.float64(0.9), 'eval/std_score': np.float64(0.007), 'eval/mean_episode_length': np.float64(1.0), 'eval/std_episode_length': np.float64(0.0), 'eval/eval_time': 0.1134800910949707}
{'training/total_steps': 4000, 'training/updates': 2, 'training/sps': np.float64(5648.807), 'training/walltime': np.float64(1.505), 'training/rollout_time': np.float64(0.352), 'training/update_time': np.float64(0.002), 'training/approx_kl': 0.0, 'training/entropy': 0.09016936272382736, 'training/policy_loss': 0.11063127964735031, 'training/total_loss': 1.2414201498031616, 'training/value_loss': 2.261577844619751}
{'eval/num_episodes': 200, 'eval/num_steps': 200, 'eval/mean_score': np.float64(0.902), 'eval/std_score': np.float64(0.016), 'eval/mean_episode_length': np.float64(1.0), 'eval/std_episode_length': np.float64(0.0), 'eval/eval_time': 0.07575392723083496}
{'training/total_steps': 6000, 'training/updates': 3, 'training/sps': np.float64(6019.872), 'training/walltime': np.float64(1.913), 'training/rollout_time': np.float64(0.328), 'training/update_time': np.float64(0.004), 'training/approx_kl': 0.0, 'training/entropy': 0.08996200561523438, 'training/policy_loss': 0.11081518977880478, 'training/total_loss': 0.7730329632759094, 'training/value_loss': 1.3244354724884033}
{'eval/num_episodes': 200, 'eval/num_steps': 200, 'eval/mean_score': np.float64(0.902), 'eval/std_score': np.float64(0.014), 'eval/mean_episode_length': np.float64(1.0), 'eval/std_episode_length': np.float64(0.0), 'eval/eval_time': 0.07305908203125}
{'training/total_steps': 8000, 'training/updates': 4, 'training/sps': np.float64(5580.155), 'training/walltime': np.float64(2.345), 'training/rollout_time': np.float64(0.356), 'training/update_time': np.float64(0.002), 'training/approx_kl': 0.0, 'training/entropy': 0.09004099667072296, 'training/policy_loss': 0.08431658148765564, 'training/total_loss': 0.4023053050041199, 'training/value_loss': 0.6359774470329285}
{'eval/num_episodes': 200, 'eval/num_steps': 200, 'eval/mean_score': np.float64(0.901), 'eval/std_score': np.float64(0.012), 'eval/mean_episode_length': np.float64(1.0), 'eval/std_episode_length': np.float64(0.0), 'eval/eval_time': 0.07389497756958008}
{'training/total_steps': 10000, 'training/updates': 5, 'training/sps': np.float64(6104.411), 'training/walltime': np.float64(2.747), 'training/rollout_time': np.float64(0.326), 'training/update_time': np.float64(0.002), 'training/approx_kl': 0.0, 'training/entropy': 0.09023714065551758, 'training/policy_loss': 0.05573585629463196, 'training/total_loss': 0.15443988144397736, 'training/value_loss': 0.197408065199852}
{'eval/num_episodes': 200, 'eval/num_steps': 200, 'eval/mean_score': np.float64(0.9), 'eval/std_score': np.float64(0.007), 'eval/mean_episode_length': np.float64(1.0), 'eval/std_episode_length': np.float64(0.0), 'eval/eval_time': 0.07737398147583008}
{'training/total_steps': 12000, 'training/updates': 6, 'training/sps': np.float64(5636.865), 'training/walltime': np.float64(3.18), 'training/rollout_time': np.float64(0.353), 'training/update_time': np.float64(0.002), 'training/approx_kl': 0.0, 'training/entropy': 0.0906795859336853, 'training/policy_loss': 0.013297743164002895, 'training/total_loss': 0.017413992434740067, 'training/value_loss': 0.008232498541474342}
{'eval/num_episodes': 200, 'eval/num_steps': 200, 'eval/mean_score': np.float64(0.903), 'eval/std_score': np.float64(0.017), 'eval/mean_episode_length': np.float64(1.0), 'eval/std_episode_length': np.float64(0.0), 'eval/eval_time': 0.07339787483215332}
{'training/total_steps': 14000, 'training/updates': 7, 'training/sps': np.float64(5994.466), 'training/walltime': np.float64(3.587), 'training/rollout_time': np.float64(0.332), 'training/update_time': np.float64(0.002), 'training/approx_kl': 0.0, 'training/entropy': 0.09086298942565918, 'training/policy_loss': 0.007073805667459965, 'training/total_loss': 0.007162217050790787, 'training/value_loss': 0.0001768226211424917}
{'eval/num_episodes': 200, 'eval/num_steps': 200, 'eval/mean_score': np.float64(0.902), 'eval/std_score': np.float64(0.014), 'eval/mean_episode_length': np.float64(1.0), 'eval/std_episode_length': np.float64(0.0), 'eval/eval_time': 0.07254505157470703}
{'training/total_steps': 16000, 'training/updates': 8, 'training/sps': np.float64(6055.563), 'training/walltime': np.float64(3.99), 'training/rollout_time': np.float64(0.326), 'training/update_time': np.float64(0.004), 'training/approx_kl': 0.0, 'training/entropy': 0.09111499786376953, 'training/policy_loss': 0.006651776842772961, 'training/total_loss': 0.006735336966812611, 'training/value_loss': 0.00016712010256014764}
{'eval/num_episodes': 200, 'eval/num_steps': 200, 'eval/mean_score': np.float64(0.9), 'eval/std_score': np.float64(0.007), 'eval/mean_episode_length': np.float64(1.0), 'eval/std_episode_length': np.float64(0.0), 'eval/eval_time': 0.07695508003234863}
{'training/total_steps': 18000, 'training/updates': 9, 'training/sps': np.float64(5400.104), 'training/walltime': np.float64(4.438), 'training/rollout_time': np.float64(0.369), 'training/update_time': np.float64(0.002), 'training/approx_kl': 0.0, 'training/entropy': 0.0913538858294487, 'training/policy_loss': 0.00606484804302454, 'training/total_loss': 0.006141158286482096, 'training/value_loss': 0.0001526200503576547}
{'eval/num_episodes': 200, 'eval/num_steps': 200, 'eval/mean_score': np.float64(0.902), 'eval/std_score': np.float64(0.014), 'eval/mean_episode_length': np.float64(1.0), 'eval/std_episode_length': np.float64(0.0), 'eval/eval_time': 0.08226203918457031}
{'training/total_steps': 20000, 'training/updates': 10, 'training/sps': np.float64(5934.472), 'training/walltime': np.float64(4.858), 'training/rollout_time': np.float64(0.335), 'training/update_time': np.float64(0.002), 'training/approx_kl': 0.0, 'training/entropy': 0.09157253056764603, 'training/policy_loss': 0.008237064816057682, 'training/total_loss': 0.008340011350810528, 'training/value_loss': 0.00020589263294823468}
{'eval/num_episodes': 200, 'eval/num_steps': 200, 'eval/mean_score': np.float64(0.901), 'eval/std_score': np.float64(0.012), 'eval/mean_episode_length': np.float64(1.0), 'eval/std_episode_length': np.float64(0.0), 'eval/eval_time': 0.07725119590759277}
{'training/total_steps': 22000, 'training/updates': 11, 'training/sps': np.float64(5324.616), 'training/walltime': np.float64(5.311), 'training/rollout_time': np.float64(0.374), 'training/update_time': np.float64(0.001), 'training/approx_kl': 0.0, 'training/entropy': 0.09186799079179764, 'training/policy_loss': 0.008367965929210186, 'training/total_loss': 0.00847315602004528, 'training/value_loss': 0.00021038000704720616}
{'eval/num_episodes': 200, 'eval/num_steps': 200, 'eval/mean_score': np.float64(0.9), 'eval/std_score': np.float64(0.0), 'eval/mean_episode_length': np.float64(1.0), 'eval/std_episode_length': np.float64(0.0), 'eval/eval_time': 0.07231020927429199}
{'training/total_steps': 24000, 'training/updates': 12, 'training/sps': np.float64(6063.157), 'training/walltime': np.float64(5.713), 'training/rollout_time': np.float64(0.328), 'training/update_time': np.float64(0.001), 'training/approx_kl': 0.0, 'training/entropy': 0.09217102825641632, 'training/policy_loss': 0.005620958749204874, 'training/total_loss': 0.005692652426660061, 'training/value_loss': 0.00014338752953335643}
{'eval/num_episodes': 200, 'eval/num_steps': 200, 'eval/mean_score': np.float64(0.901), 'eval/std_score': np.float64(0.012), 'eval/mean_episode_length': np.float64(1.0), 'eval/std_episode_length': np.float64(0.0), 'eval/eval_time': 0.07396388053894043}
{'training/total_steps': 26000, 'training/updates': 13, 'training/sps': np.float64(6188.553), 'training/walltime': np.float64(6.111), 'training/rollout_time': np.float64(0.322), 'training/update_time': np.float64(0.001), 'training/approx_kl': 0.0, 'training/entropy': 0.09237790107727051, 'training/policy_loss': 0.008813650347292423, 'training/total_loss': 0.008923939429223537, 'training/value_loss': 0.00022057769820094109}
{'eval/num_episodes': 200, 'eval/num_steps': 200, 'eval/mean_score': np.float64(0.902), 'eval/std_score': np.float64(0.014), 'eval/mean_episode_length': np.float64(1.0), 'eval/std_episode_length': np.float64(0.0), 'eval/eval_time': 0.0757911205291748}
{'training/total_steps': 28000, 'training/updates': 14, 'training/sps': np.float64(5651.494), 'training/walltime': np.float64(6.541), 'training/rollout_time': np.float64(0.352), 'training/update_time': np.float64(0.001), 'training/approx_kl': 0.0, 'training/entropy': 0.0926966741681099, 'training/policy_loss': 0.004824263975024223, 'training/total_loss': 0.00488648284226656, 'training/value_loss': 0.00012443764717318118}
{'eval/num_episodes': 200, 'eval/num_steps': 200, 'eval/mean_score': np.float64(0.901), 'eval/std_score': np.float64(0.012), 'eval/mean_episode_length': np.float64(1.0), 'eval/std_episode_length': np.float64(0.0), 'eval/eval_time': 0.07581973075866699}
{'training/total_steps': 30000, 'training/updates': 15, 'training/sps': np.float64(6165.623), 'training/walltime': np.float64(6.942), 'training/rollout_time': np.float64(0.323), 'training/update_time': np.float64(0.001), 'training/approx_kl': 0.0, 'training/entropy': 0.09287683665752411, 'training/policy_loss': 0.008427024818956852, 'training/total_loss': 0.008532618172466755, 'training/value_loss': 0.0002111876237904653}
{'eval/num_episodes': 200, 'eval/num_steps': 200, 'eval/mean_score': np.float64(0.903), 'eval/std_score': np.float64(0.017), 'eval/mean_episode_length': np.float64(1.0), 'eval/std_episode_length': np.float64(0.0), 'eval/eval_time': 0.07343006134033203}
{'training/total_steps': 32000, 'training/updates': 16, 'training/sps': np.float64(5697.629), 'training/walltime': np.float64(7.366), 'training/rollout_time': np.float64(0.35), 'training/update_time': np.float64(0.001), 'training/approx_kl': 0.0, 'training/entropy': 0.09318321943283081, 'training/policy_loss': 0.006573674734681845, 'training/total_loss': 0.00665733078494668, 'training/value_loss': 0.0001673125516390428}
{'eval/num_episodes': 200, 'eval/num_steps': 200, 'eval/mean_score': np.float64(0.902), 'eval/std_score': np.float64(0.016), 'eval/mean_episode_length': np.float64(1.0), 'eval/std_episode_length': np.float64(0.0), 'eval/eval_time': 0.07428812980651855}
{'training/total_steps': 34000, 'training/updates': 17, 'training/sps': np.float64(6161.185), 'training/walltime': np.float64(7.766), 'training/rollout_time': np.float64(0.323), 'training/update_time': np.float64(0.001), 'training/approx_kl': 0.0, 'training/entropy': 0.09342700988054276, 'training/policy_loss': 0.008169041946530342, 'training/total_loss': 0.008271916769444942, 'training/value_loss': 0.00020575011149048805}
{'eval/num_episodes': 200, 'eval/num_steps': 200, 'eval/mean_score': np.float64(0.901), 'eval/std_score': np.float64(0.01), 'eval/mean_episode_length': np.float64(1.0), 'eval/std_episode_length': np.float64(0.0), 'eval/eval_time': 0.07311892509460449}
{'training/total_steps': 36000, 'training/updates': 18, 'training/sps': np.float64(6201.335), 'training/walltime': np.float64(8.162), 'training/rollout_time': np.float64(0.321), 'training/update_time': np.float64(0.001), 'training/approx_kl': 0.0, 'training/entropy': 0.09372789412736893, 'training/policy_loss': 0.008702610619366169, 'training/total_loss': 0.00881259050220251, 'training/value_loss': 0.00021996004215907305}
{'eval/num_episodes': 200, 'eval/num_steps': 200, 'eval/mean_score': np.float64(0.901), 'eval/std_score': np.float64(0.01), 'eval/mean_episode_length': np.float64(1.0), 'eval/std_episode_length': np.float64(0.0), 'eval/eval_time': 0.07547712326049805}
{'training/total_steps': 38000, 'training/updates': 19, 'training/sps': np.float64(5673.614), 'training/walltime': np.float64(8.59), 'training/rollout_time': np.float64(0.351), 'training/update_time': np.float64(0.001), 'training/approx_kl': 0.0, 'training/entropy': 0.09405062347650528, 'training/policy_loss': 0.005963904317468405, 'training/total_loss': 0.006040448322892189, 'training/value_loss': 0.00015308757429011166}
{'eval/num_episodes': 200, 'eval/num_steps': 200, 'eval/mean_score': np.float64(0.903), 'eval/std_score': np.float64(0.017), 'eval/mean_episode_length': np.float64(1.0), 'eval/std_episode_length': np.float64(0.0), 'eval/eval_time': 0.0753321647644043}
{'training/total_steps': 40000, 'training/updates': 20, 'training/sps': np.float64(6006.82), 'training/walltime': np.float64(8.999), 'training/rollout_time': np.float64(0.331), 'training/update_time': np.float64(0.002), 'training/approx_kl': 0.0, 'training/entropy': 0.09427541494369507, 'training/policy_loss': 0.00679548317566514, 'training/total_loss': 0.006881472188979387, 'training/value_loss': 0.00017197764827869833}
{'eval/num_episodes': 200, 'eval/num_steps': 200, 'eval/mean_score': np.float64(0.902), 'eval/std_score': np.float64(0.014), 'eval/mean_episode_length': np.float64(1.0), 'eval/std_episode_length': np.float64(0.0), 'eval/eval_time': 0.07148575782775879}
{'training/total_steps': 42000, 'training/updates': 21, 'training/sps': np.float64(6147.757), 'training/walltime': np.float64(9.396), 'training/rollout_time': np.float64(0.324), 'training/update_time': np.float64(0.001), 'training/approx_kl': 0.0, 'training/entropy': 0.09452890604734421, 'training/policy_loss': 0.005605245940387249, 'training/total_loss': 0.005676739849150181, 'training/value_loss': 0.00014298749738372862}
{'eval/num_episodes': 200, 'eval/num_steps': 200, 'eval/mean_score': np.float64(0.902), 'eval/std_score': np.float64(0.014), 'eval/mean_episode_length': np.float64(1.0), 'eval/std_episode_length': np.float64(0.0), 'eval/eval_time': 0.07468390464782715}
{'training/total_steps': 44000, 'training/updates': 22, 'training/sps': np.float64(4397.303), 'training/walltime': np.float64(9.926), 'training/rollout_time': np.float64(0.453), 'training/update_time': np.float64(0.002), 'training/approx_kl': 0.0, 'training/entropy': 0.09474015980958939, 'training/policy_loss': 0.006208779755979776, 'training/total_loss': 0.006287510972470045, 'training/value_loss': 0.0001574626367073506}
{'eval/num_episodes': 200, 'eval/num_steps': 200, 'eval/mean_score': np.float64(0.902), 'eval/std_score': np.float64(0.016), 'eval/mean_episode_length': np.float64(1.0), 'eval/std_episode_length': np.float64(0.0), 'eval/eval_time': 0.07559585571289062}
{'training/total_steps': 46000, 'training/updates': 23, 'training/sps': np.float64(5560.414), 'training/walltime': np.float64(10.361), 'training/rollout_time': np.float64(0.358), 'training/update_time': np.float64(0.001), 'training/approx_kl': 0.0, 'training/entropy': 0.09497315436601639, 'training/policy_loss': 0.007941562682390213, 'training/total_loss': 0.008042062632739544, 'training/value_loss': 0.00020100016263313591}
{'eval/num_episodes': 200, 'eval/num_steps': 200, 'eval/mean_score': np.float64(0.902), 'eval/std_score': np.float64(0.014), 'eval/mean_episode_length': np.float64(1.0), 'eval/std_episode_length': np.float64(0.0), 'eval/eval_time': 0.07683396339416504}
{'training/total_steps': 48000, 'training/updates': 24, 'training/sps': np.float64(5601.831), 'training/walltime': np.float64(10.796), 'training/rollout_time': np.float64(0.356), 'training/update_time': np.float64(0.001), 'training/approx_kl': 0.0, 'training/entropy': 0.09527136385440826, 'training/policy_loss': 0.00711498036980629, 'training/total_loss': 0.007205788977444172, 'training/value_loss': 0.00018161756452172995}
{'eval/num_episodes': 200, 'eval/num_steps': 200, 'eval/mean_score': np.float64(0.902), 'eval/std_score': np.float64(0.016), 'eval/mean_episode_length': np.float64(1.0), 'eval/std_episode_length': np.float64(0.0), 'eval/eval_time': 0.07530379295349121}
{'training/total_steps': 50000, 'training/updates': 25, 'training/sps': np.float64(5962.604), 'training/walltime': np.float64(11.207), 'training/rollout_time': np.float64(0.334), 'training/update_time': np.float64(0.001), 'training/approx_kl': 0.0, 'training/entropy': 0.09554169327020645, 'training/policy_loss': 0.007514003664255142, 'training/total_loss': 0.0076096076518297195, 'training/value_loss': 0.00019120762590318918}
{'eval/num_episodes': 200, 'eval/num_steps': 200, 'eval/mean_score': np.float64(0.904), 'eval/std_score': np.float64(0.02), 'eval/mean_episode_length': np.float64(1.0), 'eval/std_episode_length': np.float64(0.0), 'eval/eval_time': 0.07887721061706543}
{'training/total_steps': 52000, 'training/updates': 26, 'training/sps': np.float64(6122.2), 'training/walltime': np.float64(11.613), 'training/rollout_time': np.float64(0.325), 'training/update_time': np.float64(0.001), 'training/approx_kl': 0.0, 'training/entropy': 0.09582710266113281, 'training/policy_loss': 0.005758160259574652, 'training/total_loss': 0.005832136608660221, 'training/value_loss': 0.00014795259630773216}
{'eval/num_episodes': 200, 'eval/num_steps': 200, 'eval/mean_score': np.float64(0.902), 'eval/std_score': np.float64(0.014), 'eval/mean_episode_length': np.float64(1.0), 'eval/std_episode_length': np.float64(0.0), 'eval/eval_time': 0.07617998123168945}
{'training/total_steps': 54000, 'training/updates': 27, 'training/sps': np.float64(5687.362), 'training/walltime': np.float64(12.041), 'training/rollout_time': np.float64(0.35), 'training/update_time': np.float64(0.001), 'training/approx_kl': 0.0, 'training/entropy': 0.09604838490486145, 'training/policy_loss': 0.008698386140167713, 'training/total_loss': 0.008808636106550694, 'training/value_loss': 0.00022050010738894343}
{'eval/num_episodes': 200, 'eval/num_steps': 200, 'eval/mean_score': np.float64(0.901), 'eval/std_score': np.float64(0.012), 'eval/mean_episode_length': np.float64(1.0), 'eval/std_episode_length': np.float64(0.0), 'eval/eval_time': 0.07206177711486816}
{'training/total_steps': 56000, 'training/updates': 28, 'training/sps': np.float64(6064.941), 'training/walltime': np.float64(12.443), 'training/rollout_time': np.float64(0.328), 'training/update_time': np.float64(0.002), 'training/approx_kl': 0.0, 'training/entropy': 0.09637855738401413, 'training/policy_loss': 0.006108274683356285, 'training/total_loss': 0.006187206134200096, 'training/value_loss': 0.00015786256699357182}
{'eval/num_episodes': 200, 'eval/num_steps': 200, 'eval/mean_score': np.float64(0.901), 'eval/std_score': np.float64(0.01), 'eval/mean_episode_length': np.float64(1.0), 'eval/std_episode_length': np.float64(0.0), 'eval/eval_time': 0.07672882080078125}
{'training/total_steps': 58000, 'training/updates': 29, 'training/sps': np.float64(5499.158), 'training/walltime': np.float64(12.884), 'training/rollout_time': np.float64(0.362), 'training/update_time': np.float64(0.001), 'training/approx_kl': 0.0, 'training/entropy': 0.096615731716156, 'training/policy_loss': 0.008670967072248459, 'training/total_loss': 0.008781147189438343, 'training/value_loss': 0.0002203600452048704}
{'eval/num_episodes': 200, 'eval/num_steps': 200, 'eval/mean_score': np.float64(0.902), 'eval/std_score': np.float64(0.014), 'eval/mean_episode_length': np.float64(1.0), 'eval/std_episode_length': np.float64(0.0), 'eval/eval_time': 0.07678675651550293}
{'training/total_steps': 60000, 'training/updates': 30, 'training/sps': np.float64(6149.74), 'training/walltime': np.float64(13.286), 'training/rollout_time': np.float64(0.324), 'training/update_time': np.float64(0.002), 'training/approx_kl': 0.0, 'training/entropy': 0.09694766998291016, 'training/policy_loss': 0.008975029923021793, 'training/total_loss': 0.009089773520827293, 'training/value_loss': 0.00022948766127228737}
{'eval/num_episodes': 200, 'eval/num_steps': 200, 'eval/mean_score': np.float64(0.902), 'eval/std_score': np.float64(0.016), 'eval/mean_episode_length': np.float64(1.0), 'eval/std_episode_length': np.float64(0.0), 'eval/eval_time': 0.07410097122192383}
TRAINING END: training duration: 13.360631227493286
{'final_eval/num_episodes': 200, 'final_eval/num_steps': 200, 'final_eval/mean_score': np.float64(0.8999999761581421), 'final_eval/std_score': np.float64(0.0), 'final_eval/mean_episode_length': np.float64(1.0), 'final_eval/std_episode_length': np.float64(0.0)}
