|param: value|
|experiment_name:  trpo_procgen|
|seed:  14|
|platform:  cpu|
|write_logs_to_file:  False|
|save_model:  False|
|env_name:  bandit|
|num_envs:  8|
|num_train_levels:  200|
|distribution_mode:  easy|
|arm_means:  (1.0, 0.9)|
|deterministic_rewards:  True|
|eval_env:  True|
|num_eval_episodes:  200|
|eval_every:  1|
|deterministic_eval:  False|
|normalize_observations:  True|
|total_timesteps:  60000|
|learning_rate:  0.01|
|unroll_length:  250|
|anneal_lr:  False|
|gamma:  0.99|
|gae_lambda:  0.95|
|batch_size:  1|
|num_minibatches:  8|
|update_epochs:  10|
|normalize_advantages:  True|
|target_kl:  0.01|
|cg_damping:  0.1|
|cg_max_iterations:  10|
|line_search_max_iter:  10|
|line_search_shrinking_factor:  0.8|
|vf_cost:  1.0|
|max_grad_norm:  0.5|
|reward_scaling:  1.0|
|use_cnn:  False|
|policy_hidden_layer_sizes:  ()|
|value_hidden_layer_sizes:  ()|
|activation:  <jax._src.custom_derivatives.custom_jvp object at 0x106149950>|
|policy_init_logit_bias:  [0.0, 4.0]|
|entropy_cost:  0.0|
{'training/total_steps': 2000, 'training/updates': 1, 'training/sps': np.float64(1327.689), 'training/walltime': np.float64(1.506), 'training/rollout_time': np.float64(0.125), 'training/update_time': np.float64(1.381), 'training/iterations': 1.0, 'training/kl_div': 0.008209997788071632, 'training/line_search_success': 1.0, 'training/new_policy_objective': 1.1537655591964722, 'training/policy_objective': 0.8369661569595337, 'training/value_loss': 0.6767517328262329}
{'eval/num_episodes': 200, 'eval/num_steps': 200, 'eval/mean_score': np.float64(0.939), 'eval/std_score': np.float64(0.049), 'eval/mean_episode_length': np.float64(1.0), 'eval/std_episode_length': np.float64(0.0), 'eval/eval_time': 0.07459878921508789}
{'training/total_steps': 4000, 'training/updates': 2, 'training/sps': np.float64(17060.176), 'training/walltime': np.float64(1.718), 'training/rollout_time': np.float64(0.106), 'training/update_time': np.float64(0.011), 'training/iterations': 1.0, 'training/kl_div': 0.008749933913350105, 'training/line_search_success': 1.0, 'training/new_policy_objective': 0.5980333089828491, 'training/policy_objective': 0.47294414043426514, 'training/value_loss': 0.004771646112203598}
{'eval/num_episodes': 200, 'eval/num_steps': 200, 'eval/mean_score': np.float64(0.988), 'eval/std_score': np.float64(0.032), 'eval/mean_episode_length': np.float64(1.0), 'eval/std_episode_length': np.float64(0.0), 'eval/eval_time': 0.08116388320922852}
{'training/total_steps': 6000, 'training/updates': 3, 'training/sps': np.float64(17421.136), 'training/walltime': np.float64(1.914), 'training/rollout_time': np.float64(0.111), 'training/update_time': np.float64(0.004), 'training/iterations': 1.0, 'training/kl_div': 0.004530297592282295, 'training/line_search_success': 1.0, 'training/new_policy_objective': 0.30821993947029114, 'training/policy_objective': 0.25790104269981384, 'training/value_loss': 0.0007915440364740789}
{'eval/num_episodes': 200, 'eval/num_steps': 200, 'eval/mean_score': np.float64(1.0), 'eval/std_score': np.float64(0.0), 'eval/mean_episode_length': np.float64(1.0), 'eval/std_episode_length': np.float64(0.0), 'eval/eval_time': 0.07826685905456543}
{'training/total_steps': 8000, 'training/updates': 4, 'training/sps': np.float64(17873.277), 'training/walltime': np.float64(2.105), 'training/rollout_time': np.float64(0.109), 'training/update_time': np.float64(0.003), 'training/iterations': 1.0, 'training/kl_div': 0.00024558062432333827, 'training/line_search_success': 1.0, 'training/new_policy_objective': -0.0014409050345420837, 'training/policy_objective': -0.018535196781158447, 'training/value_loss': 2.8186163035570644e-05}
{'eval/num_episodes': 200, 'eval/num_steps': 200, 'eval/mean_score': np.float64(1.0), 'eval/std_score': np.float64(0.0), 'eval/mean_episode_length': np.float64(1.0), 'eval/std_episode_length': np.float64(0.0), 'eval/eval_time': 0.07650613784790039}
{'training/total_steps': 10000, 'training/updates': 5, 'training/sps': np.float64(19067.272), 'training/walltime': np.float64(2.287), 'training/rollout_time': np.float64(0.102), 'training/update_time': np.float64(0.003), 'training/iterations': 1.0, 'training/kl_div': 0.0032733031548559666, 'training/line_search_success': 1.0, 'training/new_policy_objective': -0.002822477836161852, 'training/policy_objective': -0.0028568748384714127, 'training/value_loss': 8.520089522789931e-09}
{'eval/num_episodes': 200, 'eval/num_steps': 200, 'eval/mean_score': np.float64(0.993), 'eval/std_score': np.float64(0.026), 'eval/mean_episode_length': np.float64(1.0), 'eval/std_episode_length': np.float64(0.0), 'eval/eval_time': 0.07777214050292969}
{'training/total_steps': 12000, 'training/updates': 6, 'training/sps': np.float64(19132.547), 'training/walltime': np.float64(2.469), 'training/rollout_time': np.float64(0.101), 'training/update_time': np.float64(0.004), 'training/iterations': 1.0, 'training/kl_div': 0.003429229836910963, 'training/line_search_success': 1.0, 'training/new_policy_objective': 0.2558251619338989, 'training/policy_objective': 0.21705132722854614, 'training/value_loss': 0.0004242217692080885}
{'eval/num_episodes': 200, 'eval/num_steps': 200, 'eval/mean_score': np.float64(1.0), 'eval/std_score': np.float64(0.0), 'eval/mean_episode_length': np.float64(1.0), 'eval/std_episode_length': np.float64(0.0), 'eval/eval_time': 0.07501506805419922}
{'training/total_steps': 14000, 'training/updates': 7, 'training/sps': np.float64(18470.438), 'training/walltime': np.float64(2.653), 'training/rollout_time': np.float64(0.105), 'training/update_time': np.float64(0.003), 'training/iterations': 1.0, 'training/kl_div': nan, 'training/line_search_success': 0.25, 'training/new_policy_objective': nan, 'training/policy_objective': 0.004637612029910088, 'training/value_loss': 1.1671329957607668e-05}
{'eval/num_episodes': 200, 'eval/num_steps': 200, 'eval/mean_score': np.float64(1.0), 'eval/std_score': np.float64(0.0), 'eval/mean_episode_length': np.float64(1.0), 'eval/std_episode_length': np.float64(0.0), 'eval/eval_time': 0.07666206359863281}
{'training/total_steps': 16000, 'training/updates': 8, 'training/sps': np.float64(16971.746), 'training/walltime': np.float64(2.848), 'training/rollout_time': np.float64(0.114), 'training/update_time': np.float64(0.003), 'training/iterations': 1.0, 'training/kl_div': 0.0006608490366488695, 'training/line_search_success': 1.0, 'training/new_policy_objective': -3.650510188890621e-05, 'training/policy_objective': -0.011398272588849068, 'training/value_loss': 2.4992743874463486e-06}
{'eval/num_episodes': 200, 'eval/num_steps': 200, 'eval/mean_score': np.float64(0.998), 'eval/std_score': np.float64(0.012), 'eval/mean_episode_length': np.float64(1.0), 'eval/std_episode_length': np.float64(0.0), 'eval/eval_time': 0.0783529281616211}
{'training/total_steps': 18000, 'training/updates': 9, 'training/sps': np.float64(13586.22), 'training/walltime': np.float64(3.074), 'training/rollout_time': np.float64(0.144), 'training/update_time': np.float64(0.003), 'training/iterations': 1.0, 'training/kl_div': 0.0007845324580557644, 'training/line_search_success': 1.0, 'training/new_policy_objective': 0.10693421959877014, 'training/policy_objective': 0.08982881903648376, 'training/value_loss': 7.640782132511958e-05}
{'eval/num_episodes': 200, 'eval/num_steps': 200, 'eval/mean_score': np.float64(1.0), 'eval/std_score': np.float64(0.0), 'eval/mean_episode_length': np.float64(1.0), 'eval/std_episode_length': np.float64(0.0), 'eval/eval_time': 0.07394695281982422}
{'training/total_steps': 20000, 'training/updates': 10, 'training/sps': np.float64(18843.056), 'training/walltime': np.float64(3.255), 'training/rollout_time': np.float64(0.103), 'training/update_time': np.float64(0.003), 'training/iterations': 1.0, 'training/kl_div': 0.0007600777316838503, 'training/line_search_success': 1.0, 'training/new_policy_objective': -0.011462998576462269, 'training/policy_objective': -0.01148775964975357, 'training/value_loss': 1.1225542806414524e-07}
{'eval/num_episodes': 200, 'eval/num_steps': 200, 'eval/mean_score': np.float64(0.999), 'eval/std_score': np.float64(0.007), 'eval/mean_episode_length': np.float64(1.0), 'eval/std_episode_length': np.float64(0.0), 'eval/eval_time': 0.0777440071105957}
{'training/total_steps': 22000, 'training/updates': 11, 'training/sps': np.float64(18873.792), 'training/walltime': np.float64(3.439), 'training/rollout_time': np.float64(0.103), 'training/update_time': np.float64(0.003), 'training/iterations': 1.0, 'training/kl_div': 0.0009049782529473305, 'training/line_search_success': 1.0, 'training/new_policy_objective': 0.11425474286079407, 'training/policy_objective': 0.10355515778064728, 'training/value_loss': 7.884456135798246e-05}
{'eval/num_episodes': 200, 'eval/num_steps': 200, 'eval/mean_score': np.float64(1.0), 'eval/std_score': np.float64(0.0), 'eval/mean_episode_length': np.float64(1.0), 'eval/std_episode_length': np.float64(0.0), 'eval/eval_time': 0.08611512184143066}
{'training/total_steps': 24000, 'training/updates': 12, 'training/sps': np.float64(18477.069), 'training/walltime': np.float64(3.634), 'training/rollout_time': np.float64(0.105), 'training/update_time': np.float64(0.003), 'training/iterations': 1.0, 'training/kl_div': 0.0008998934645205736, 'training/line_search_success': 1.0, 'training/new_policy_objective': -0.011453341692686081, 'training/policy_objective': -0.011483081616461277, 'training/value_loss': 1.0204255573853516e-07}
{'eval/num_episodes': 200, 'eval/num_steps': 200, 'eval/mean_score': np.float64(0.997), 'eval/std_score': np.float64(0.016), 'eval/mean_episode_length': np.float64(1.0), 'eval/std_episode_length': np.float64(0.0), 'eval/eval_time': 0.07766604423522949}
{'training/total_steps': 26000, 'training/updates': 13, 'training/sps': np.float64(18999.298), 'training/walltime': np.float64(3.817), 'training/rollout_time': np.float64(0.102), 'training/update_time': np.float64(0.003), 'training/iterations': 1.0, 'training/kl_div': 0.0010563982650637627, 'training/line_search_success': 1.0, 'training/new_policy_objective': 0.12420496344566345, 'training/policy_objective': 0.10772967338562012, 'training/value_loss': 9.577994205756113e-05}
{'eval/num_episodes': 200, 'eval/num_steps': 200, 'eval/mean_score': np.float64(1.0), 'eval/std_score': np.float64(0.0), 'eval/mean_episode_length': np.float64(1.0), 'eval/std_episode_length': np.float64(0.0), 'eval/eval_time': 0.07665205001831055}
{'training/total_steps': 28000, 'training/updates': 14, 'training/sps': np.float64(18994.222), 'training/walltime': np.float64(3.999), 'training/rollout_time': np.float64(0.102), 'training/update_time': np.float64(0.003), 'training/iterations': 1.0, 'training/kl_div': 0.0010807771468535066, 'training/line_search_success': 1.0, 'training/new_policy_objective': -0.011440075933933258, 'training/policy_objective': -0.011476464569568634, 'training/value_loss': 1.4206185028342588e-07}
{'eval/num_episodes': 200, 'eval/num_steps': 200, 'eval/mean_score': np.float64(0.996), 'eval/std_score': np.float64(0.02), 'eval/mean_episode_length': np.float64(1.0), 'eval/std_episode_length': np.float64(0.0), 'eval/eval_time': 0.07564473152160645}
{'training/total_steps': 30000, 'training/updates': 15, 'training/sps': np.float64(17825.005), 'training/walltime': np.float64(4.188), 'training/rollout_time': np.float64(0.108), 'training/update_time': np.float64(0.004), 'training/iterations': 1.0, 'training/kl_div': 0.0012485842453315854, 'training/line_search_success': 1.0, 'training/new_policy_objective': 0.14267945289611816, 'training/policy_objective': 0.1222752034664154, 'training/value_loss': 0.00013405112258624285}
{'eval/num_episodes': 200, 'eval/num_steps': 200, 'eval/mean_score': np.float64(1.0), 'eval/std_score': np.float64(0.0), 'eval/mean_episode_length': np.float64(1.0), 'eval/std_episode_length': np.float64(0.0), 'eval/eval_time': 0.07438302040100098}
{'training/total_steps': 32000, 'training/updates': 16, 'training/sps': np.float64(19771.816), 'training/walltime': np.float64(4.364), 'training/rollout_time': np.float64(0.098), 'training/update_time': np.float64(0.003), 'training/iterations': 1.0, 'training/kl_div': 0.0013164483243599534, 'training/line_search_success': 1.0, 'training/new_policy_objective': -0.02258295938372612, 'training/policy_objective': -0.022672738879919052, 'training/value_loss': 2.7833362992168986e-07}
{'eval/num_episodes': 200, 'eval/num_steps': 200, 'eval/mean_score': np.float64(0.998), 'eval/std_score': np.float64(0.012), 'eval/mean_episode_length': np.float64(1.0), 'eval/std_episode_length': np.float64(0.0), 'eval/eval_time': 0.07747983932495117}
{'training/total_steps': 34000, 'training/updates': 17, 'training/sps': np.float64(18945.832), 'training/walltime': np.float64(4.547), 'training/rollout_time': np.float64(0.102), 'training/update_time': np.float64(0.004), 'training/iterations': 1.0, 'training/kl_div': 0.0014940216206014156, 'training/line_search_success': 1.0, 'training/new_policy_objective': 0.16760459542274475, 'training/policy_objective': 0.14538565278053284, 'training/value_loss': 0.00017401891818735749}
{'eval/num_episodes': 200, 'eval/num_steps': 200, 'eval/mean_score': np.float64(1.0), 'eval/std_score': np.float64(0.0), 'eval/mean_episode_length': np.float64(1.0), 'eval/std_episode_length': np.float64(0.0), 'eval/eval_time': 0.08064413070678711}
{'training/total_steps': 36000, 'training/updates': 18, 'training/sps': np.float64(18963.092), 'training/walltime': np.float64(4.734), 'training/rollout_time': np.float64(0.102), 'training/update_time': np.float64(0.003), 'training/iterations': 1.0, 'training/kl_div': 0.0016238843090832233, 'training/line_search_success': 1.0, 'training/new_policy_objective': -0.02252984046936035, 'training/policy_objective': -0.022644110023975372, 'training/value_loss': 5.465084882416704e-07}
{'eval/num_episodes': 200, 'eval/num_steps': 200, 'eval/mean_score': np.float64(0.997), 'eval/std_score': np.float64(0.017), 'eval/mean_episode_length': np.float64(1.0), 'eval/std_episode_length': np.float64(0.0), 'eval/eval_time': 0.0768890380859375}
{'training/total_steps': 38000, 'training/updates': 19, 'training/sps': np.float64(18715.715), 'training/walltime': np.float64(4.918), 'training/rollout_time': np.float64(0.104), 'training/update_time': np.float64(0.003), 'training/iterations': 1.0, 'training/kl_div': 0.001807997701689601, 'training/line_search_success': 1.0, 'training/new_policy_objective': 0.16957277059555054, 'training/policy_objective': 0.1486099809408188, 'training/value_loss': 0.00017641254817135632}
{'eval/num_episodes': 200, 'eval/num_steps': 200, 'eval/mean_score': np.float64(1.0), 'eval/std_score': np.float64(0.0), 'eval/mean_episode_length': np.float64(1.0), 'eval/std_episode_length': np.float64(0.0), 'eval/eval_time': 0.07508015632629395}
{'training/total_steps': 40000, 'training/updates': 20, 'training/sps': np.float64(17734.413), 'training/walltime': np.float64(5.106), 'training/rollout_time': np.float64(0.109), 'training/update_time': np.float64(0.003), 'training/iterations': 1.0, 'training/kl_div': 0.0020223469473421574, 'training/line_search_success': 1.0, 'training/new_policy_objective': -0.022451911121606827, 'training/policy_objective': -0.02260000631213188, 'training/value_loss': 4.783538543051691e-07}
{'eval/num_episodes': 200, 'eval/num_steps': 200, 'eval/mean_score': np.float64(0.994), 'eval/std_score': np.float64(0.024), 'eval/mean_episode_length': np.float64(1.0), 'eval/std_episode_length': np.float64(0.0), 'eval/eval_time': 0.07643795013427734}
{'training/total_steps': 42000, 'training/updates': 21, 'training/sps': np.float64(19176.416), 'training/walltime': np.float64(5.287), 'training/rollout_time': np.float64(0.101), 'training/update_time': np.float64(0.004), 'training/iterations': 1.0, 'training/kl_div': 0.0022075290326029062, 'training/line_search_success': 1.0, 'training/new_policy_objective': 0.2021431028842926, 'training/policy_objective': 0.17368656396865845, 'training/value_loss': 0.0002588597417343408}
{'eval/num_episodes': 200, 'eval/num_steps': 200, 'eval/mean_score': np.float64(1.0), 'eval/std_score': np.float64(0.0), 'eval/mean_episode_length': np.float64(1.0), 'eval/std_episode_length': np.float64(0.0), 'eval/eval_time': 0.07960009574890137}
{'training/total_steps': 44000, 'training/updates': 22, 'training/sps': np.float64(18471.862), 'training/walltime': np.float64(5.476), 'training/rollout_time': np.float64(0.105), 'training/update_time': np.float64(0.003), 'training/iterations': 1.0, 'training/kl_div': 0.002530908677726984, 'training/line_search_success': 1.0, 'training/new_policy_objective': -0.043678343296051025, 'training/policy_objective': -0.04405910521745682, 'training/value_loss': 1.0601223721096176e-06}
{'eval/num_episodes': 200, 'eval/num_steps': 200, 'eval/mean_score': np.float64(0.99), 'eval/std_score': np.float64(0.029), 'eval/mean_episode_length': np.float64(1.0), 'eval/std_episode_length': np.float64(0.0), 'eval/eval_time': 0.07853412628173828}
{'training/total_steps': 46000, 'training/updates': 23, 'training/sps': np.float64(18079.247), 'training/walltime': np.float64(5.665), 'training/rollout_time': np.float64(0.107), 'training/update_time': np.float64(0.003), 'training/iterations': 1.0, 'training/kl_div': 0.002709134016185999, 'training/line_search_success': 1.0, 'training/new_policy_objective': 0.22075074911117554, 'training/policy_objective': 0.18776491284370422, 'training/value_loss': 0.0003188132250215858}
{'eval/num_episodes': 200, 'eval/num_steps': 200, 'eval/mean_score': np.float64(1.0), 'eval/std_score': np.float64(0.0), 'eval/mean_episode_length': np.float64(1.0), 'eval/std_episode_length': np.float64(0.0), 'eval/eval_time': 0.07520890235900879}
{'training/total_steps': 48000, 'training/updates': 24, 'training/sps': np.float64(18889.858), 'training/walltime': np.float64(5.847), 'training/rollout_time': np.float64(0.102), 'training/update_time': np.float64(0.004), 'training/iterations': 1.0, 'training/kl_div': 0.0015514588449150324, 'training/line_search_success': 1.0, 'training/new_policy_objective': -0.07857495546340942, 'training/policy_objective': -0.14178505539894104, 'training/value_loss': 4.1855237213894725e-06}
{'eval/num_episodes': 200, 'eval/num_steps': 200, 'eval/mean_score': np.float64(0.996), 'eval/std_score': np.float64(0.018), 'eval/mean_episode_length': np.float64(1.0), 'eval/std_episode_length': np.float64(0.0), 'eval/eval_time': 0.07669496536254883}
{'training/total_steps': 50000, 'training/updates': 25, 'training/sps': np.float64(19249.507), 'training/walltime': np.float64(6.028), 'training/rollout_time': np.float64(0.101), 'training/update_time': np.float64(0.003), 'training/iterations': 1.0, 'training/kl_div': 0.001543110585771501, 'training/line_search_success': 1.0, 'training/new_policy_objective': 0.16207768023014069, 'training/policy_objective': 0.1411188244819641, 'training/value_loss': 0.0001693919621175155}
{'eval/num_episodes': 200, 'eval/num_steps': 200, 'eval/mean_score': np.float64(1.0), 'eval/std_score': np.float64(0.0), 'eval/mean_episode_length': np.float64(1.0), 'eval/std_episode_length': np.float64(0.0), 'eval/eval_time': 0.07819008827209473}
{'training/total_steps': 52000, 'training/updates': 26, 'training/sps': np.float64(18426.053), 'training/walltime': np.float64(6.215), 'training/rollout_time': np.float64(0.105), 'training/update_time': np.float64(0.003), 'training/iterations': 1.0, 'training/kl_div': 0.0004914961755275726, 'training/line_search_success': 1.0, 'training/new_policy_objective': -0.01987302489578724, 'training/policy_objective': -0.03595903143286705, 'training/value_loss': 5.34237688043504e-06}
{'eval/num_episodes': 200, 'eval/num_steps': 200, 'eval/mean_score': np.float64(0.999), 'eval/std_score': np.float64(0.01), 'eval/mean_episode_length': np.float64(1.0), 'eval/std_episode_length': np.float64(0.0), 'eval/eval_time': 0.07530593872070312}
{'training/total_steps': 54000, 'training/updates': 27, 'training/sps': np.float64(19591.907), 'training/walltime': np.float64(6.393), 'training/rollout_time': np.float64(0.099), 'training/update_time': np.float64(0.003), 'training/iterations': 1.0, 'training/kl_div': 0.0006191986030898988, 'training/line_search_success': 1.0, 'training/new_policy_objective': 0.06767277419567108, 'training/policy_objective': 0.053812962025403976, 'training/value_loss': 3.727460352820344e-05}
{'eval/num_episodes': 200, 'eval/num_steps': 200, 'eval/mean_score': np.float64(1.0), 'eval/std_score': np.float64(0.0), 'eval/mean_episode_length': np.float64(1.0), 'eval/std_episode_length': np.float64(0.0), 'eval/eval_time': 0.07301902770996094}
{'training/total_steps': 56000, 'training/updates': 28, 'training/sps': np.float64(19056.703), 'training/walltime': np.float64(6.571), 'training/rollout_time': np.float64(0.1), 'training/update_time': np.float64(0.005), 'training/iterations': 1.0, 'training/kl_div': 0.0018386970041319728, 'training/line_search_success': 1.0, 'training/new_policy_objective': -0.0057199010625481606, 'training/policy_objective': -0.005753527395427227, 'training/value_loss': 1.585731546072111e-08}
{'eval/num_episodes': 200, 'eval/num_steps': 200, 'eval/mean_score': np.float64(0.994), 'eval/std_score': np.float64(0.023), 'eval/mean_episode_length': np.float64(1.0), 'eval/std_episode_length': np.float64(0.0), 'eval/eval_time': 0.08008718490600586}
{'training/total_steps': 58000, 'training/updates': 29, 'training/sps': np.float64(18241.021), 'training/walltime': np.float64(6.762), 'training/rollout_time': np.float64(0.106), 'training/update_time': np.float64(0.003), 'training/iterations': 1.0, 'training/kl_div': 0.0020242445170879364, 'training/line_search_success': 1.0, 'training/new_policy_objective': 0.18854272365570068, 'training/policy_objective': 0.1607198864221573, 'training/value_loss': 0.00022719769913237542}
{'eval/num_episodes': 200, 'eval/num_steps': 200, 'eval/mean_score': np.float64(1.0), 'eval/std_score': np.float64(0.0), 'eval/mean_episode_length': np.float64(1.0), 'eval/std_episode_length': np.float64(0.0), 'eval/eval_time': 0.07766985893249512}
{'training/total_steps': 60000, 'training/updates': 30, 'training/sps': np.float64(16511.61), 'training/walltime': np.float64(6.961), 'training/rollout_time': np.float64(0.106), 'training/update_time': np.float64(0.015), 'training/iterations': 1.0, 'training/kl_div': nan, 'training/line_search_success': 0.0, 'training/new_policy_objective': nan, 'training/policy_objective': 0.0, 'training/value_loss': 7.37109644433076e-07}
{'eval/num_episodes': 200, 'eval/num_steps': 200, 'eval/mean_score': np.float64(1.0), 'eval/std_score': np.float64(0.0), 'eval/mean_episode_length': np.float64(1.0), 'eval/std_episode_length': np.float64(0.0), 'eval/eval_time': 0.07903003692626953}
TRAINING END: training duration: 7.040340185165405
{'final_eval/num_episodes': 200, 'final_eval/num_steps': 200, 'final_eval/mean_score': np.float64(1.0), 'final_eval/std_score': np.float64(0.0), 'final_eval/mean_episode_length': np.float64(1.0), 'final_eval/std_episode_length': np.float64(0.0)}
