|param: value|
|experiment_name:  cleanba_ppo|
|seed:  1|
|platform:  cpu|
|write_logs_to_file:  False|
|save_model:  False|
|env_name:  bandit|
|num_envs:  8|
|num_train_levels:  200|
|distribution_mode:  easy|
|arm_means:  (1.0, 0.9)|
|deterministic_rewards:  True|
|eval_env:  True|
|num_eval_episodes:  200|
|eval_every:  1|
|deterministic_eval:  False|
|total_timesteps:  60000|
|learning_rate:  0.00025|
|adam_eps:  1e-05|
|unroll_length:  250|
|anneal_lr:  False|
|gamma:  0.99|
|gae_lambda:  0.95|
|num_minibatches:  4|
|update_epochs:  4|
|normalize_advantages:  True|
|clip_eps:  0.1|
|clip_vloss:  True|
|entropy_cost:  0.0|
|vf_cost:  0.5|
|max_grad_norm:  0.5|
|use_cnn:  False|
|policy_hidden_layer_sizes:  ()|
|value_hidden_layer_sizes:  ()|
|activation:  <jax._src.custom_derivatives.custom_jvp object at 0x10b207a50>|
|policy_init_logit_bias:  [0.0, -4.0]|
{'training/total_steps': 2000, 'training/updates': 1, 'training/sps': np.float64(2278.441), 'training/walltime': np.float64(0.878), 'training/rollout_time': np.float64(0.421), 'training/update_time': np.float64(0.457), 'training/approx_kl': 1.6031871155064437e-06, 'training/entropy': 0.08915571868419647, 'training/policy_loss': -0.0017352134454995394, 'training/total_loss': 0.5813026428222656, 'training/value_loss': 1.1660757064819336}
{'eval/num_episodes': 200, 'eval/num_steps': 200, 'eval/mean_score': np.float64(0.998), 'eval/std_score': np.float64(0.012), 'eval/mean_episode_length': np.float64(1.0), 'eval/std_episode_length': np.float64(0.0), 'eval/eval_time': 0.07336688041687012}
{'training/total_steps': 4000, 'training/updates': 2, 'training/sps': np.float64(13809.386), 'training/walltime': np.float64(1.096), 'training/rollout_time': np.float64(0.137), 'training/update_time': np.float64(0.008), 'training/approx_kl': 1.6218061773543013e-06, 'training/entropy': 0.08805309236049652, 'training/policy_loss': -0.001753330579958856, 'training/total_loss': 0.5752292275428772, 'training/value_loss': 1.1539652347564697}
{'eval/num_episodes': 200, 'eval/num_steps': 200, 'eval/mean_score': np.float64(0.998), 'eval/std_score': np.float64(0.014), 'eval/mean_episode_length': np.float64(1.0), 'eval/std_episode_length': np.float64(0.0), 'eval/eval_time': 0.07499313354492188}
{'training/total_steps': 6000, 'training/updates': 3, 'training/sps': np.float64(13605.612), 'training/walltime': np.float64(1.319), 'training/rollout_time': np.float64(0.139), 'training/update_time': np.float64(0.008), 'training/approx_kl': 1.3906137610320002e-06, 'training/entropy': 0.08698056638240814, 'training/policy_loss': -0.0015817233361303806, 'training/total_loss': 0.5694451332092285, 'training/value_loss': 1.1420538425445557}
{'eval/num_episodes': 200, 'eval/num_steps': 200, 'eval/mean_score': np.float64(0.998), 'eval/std_score': np.float64(0.012), 'eval/mean_episode_length': np.float64(1.0), 'eval/std_episode_length': np.float64(0.0), 'eval/eval_time': 0.07812976837158203}
{'training/total_steps': 8000, 'training/updates': 4, 'training/sps': np.float64(13820.762), 'training/walltime': np.float64(1.542), 'training/rollout_time': np.float64(0.134), 'training/update_time': np.float64(0.011), 'training/approx_kl': 1.2166696023996337e-06, 'training/entropy': 0.08593899011611938, 'training/policy_loss': -0.0014920723624527454, 'training/total_loss': 0.5636048316955566, 'training/value_loss': 1.1301937103271484}
{'eval/num_episodes': 200, 'eval/num_steps': 200, 'eval/mean_score': np.float64(0.997), 'eval/std_score': np.float64(0.017), 'eval/mean_episode_length': np.float64(1.0), 'eval/std_episode_length': np.float64(0.0), 'eval/eval_time': 0.07569289207458496}
{'training/total_steps': 10000, 'training/updates': 5, 'training/sps': np.float64(13702.286), 'training/walltime': np.float64(1.764), 'training/rollout_time': np.float64(0.138), 'training/update_time': np.float64(0.008), 'training/approx_kl': 1.4950633158150595e-06, 'training/entropy': 0.08487626910209656, 'training/policy_loss': -0.001663355389609933, 'training/total_loss': 0.5571824312210083, 'training/value_loss': 1.1176915168762207}
{'eval/num_episodes': 200, 'eval/num_steps': 200, 'eval/mean_score': np.float64(0.998), 'eval/std_score': np.float64(0.012), 'eval/mean_episode_length': np.float64(1.0), 'eval/std_episode_length': np.float64(0.0), 'eval/eval_time': 0.07346630096435547}
{'training/total_steps': 12000, 'training/updates': 6, 'training/sps': np.float64(8906.456), 'training/walltime': np.float64(2.062), 'training/rollout_time': np.float64(0.216), 'training/update_time': np.float64(0.008), 'training/approx_kl': 8.165268354787258e-07, 'training/entropy': 0.08388004451990128, 'training/policy_loss': -0.0012771417386829853, 'training/total_loss': 0.552094578742981, 'training/value_loss': 1.1067434549331665}
{'eval/num_episodes': 200, 'eval/num_steps': 200, 'eval/mean_score': np.float64(0.999), 'eval/std_score': np.float64(0.01), 'eval/mean_episode_length': np.float64(1.0), 'eval/std_episode_length': np.float64(0.0), 'eval/eval_time': 0.08378005027770996}
{'training/total_steps': 14000, 'training/updates': 7, 'training/sps': np.float64(13330.21), 'training/walltime': np.float64(2.296), 'training/rollout_time': np.float64(0.142), 'training/update_time': np.float64(0.008), 'training/approx_kl': 1.1690221981552895e-06, 'training/entropy': 0.08289922773838043, 'training/policy_loss': -0.00148785172495991, 'training/total_loss': 0.5456111431121826, 'training/value_loss': 1.0941979885101318}
{'eval/num_episodes': 200, 'eval/num_steps': 200, 'eval/mean_score': np.float64(0.997), 'eval/std_score': np.float64(0.017), 'eval/mean_episode_length': np.float64(1.0), 'eval/std_episode_length': np.float64(0.0), 'eval/eval_time': 0.079925537109375}
{'training/total_steps': 16000, 'training/updates': 8, 'training/sps': np.float64(13496.663), 'training/walltime': np.float64(2.525), 'training/rollout_time': np.float64(0.137), 'training/update_time': np.float64(0.011), 'training/approx_kl': 2.005283022299409e-06, 'training/entropy': 0.0818239152431488, 'training/policy_loss': -0.0019037553574889898, 'training/total_loss': 0.5389543771743774, 'training/value_loss': 1.0817160606384277}
{'eval/num_episodes': 200, 'eval/num_steps': 200, 'eval/mean_score': np.float64(0.996), 'eval/std_score': np.float64(0.02), 'eval/mean_episode_length': np.float64(1.0), 'eval/std_episode_length': np.float64(0.0), 'eval/eval_time': 0.07216191291809082}
{'training/total_steps': 18000, 'training/updates': 9, 'training/sps': np.float64(9664.306), 'training/walltime': np.float64(2.804), 'training/rollout_time': np.float64(0.199), 'training/update_time': np.float64(0.008), 'training/approx_kl': 2.10183861781843e-06, 'training/entropy': 0.08070303499698639, 'training/policy_loss': -0.002053597941994667, 'training/total_loss': 0.5330090522766113, 'training/value_loss': 1.0701253414154053}
{'eval/num_episodes': 200, 'eval/num_steps': 200, 'eval/mean_score': np.float64(0.998), 'eval/std_score': np.float64(0.014), 'eval/mean_episode_length': np.float64(1.0), 'eval/std_episode_length': np.float64(0.0), 'eval/eval_time': 0.09941482543945312}
{'training/total_steps': 20000, 'training/updates': 10, 'training/sps': np.float64(13397.464), 'training/walltime': np.float64(3.053), 'training/rollout_time': np.float64(0.141), 'training/update_time': np.float64(0.008), 'training/approx_kl': 1.5245016129483702e-06, 'training/entropy': 0.07964633405208588, 'training/policy_loss': -0.001710680779069662, 'training/total_loss': 0.5278521776199341, 'training/value_loss': 1.0591256618499756}
{'eval/num_episodes': 200, 'eval/num_steps': 200, 'eval/mean_score': np.float64(1.0), 'eval/std_score': np.float64(0.0), 'eval/mean_episode_length': np.float64(1.0), 'eval/std_episode_length': np.float64(0.0), 'eval/eval_time': 0.07624292373657227}
{'training/total_steps': 22000, 'training/updates': 11, 'training/sps': np.float64(10467.808), 'training/walltime': np.float64(3.321), 'training/rollout_time': np.float64(0.183), 'training/update_time': np.float64(0.008), 'training/approx_kl': 1.7162943777293549e-06, 'training/entropy': 0.07862165570259094, 'training/policy_loss': -0.0018352181650698185, 'training/total_loss': 0.5217587947845459, 'training/value_loss': 1.0471879243850708}
{'eval/num_episodes': 200, 'eval/num_steps': 200, 'eval/mean_score': np.float64(0.998), 'eval/std_score': np.float64(0.012), 'eval/mean_episode_length': np.float64(1.0), 'eval/std_episode_length': np.float64(0.0), 'eval/eval_time': 0.08161497116088867}
{'training/total_steps': 24000, 'training/updates': 12, 'training/sps': np.float64(13571.735), 'training/walltime': np.float64(3.55), 'training/rollout_time': np.float64(0.139), 'training/update_time': np.float64(0.008), 'training/approx_kl': 1.687373583081353e-06, 'training/entropy': 0.07758606225252151, 'training/policy_loss': -0.0018167898524552584, 'training/total_loss': 0.5160573124885559, 'training/value_loss': 1.0357482433319092}
{'eval/num_episodes': 200, 'eval/num_steps': 200, 'eval/mean_score': np.float64(0.999), 'eval/std_score': np.float64(0.01), 'eval/mean_episode_length': np.float64(1.0), 'eval/std_episode_length': np.float64(0.0), 'eval/eval_time': 0.07341718673706055}
{'training/total_steps': 26000, 'training/updates': 13, 'training/sps': np.float64(13806.613), 'training/walltime': np.float64(3.769), 'training/rollout_time': np.float64(0.137), 'training/update_time': np.float64(0.008), 'training/approx_kl': 1.0770954759209417e-06, 'training/entropy': 0.0766252875328064, 'training/policy_loss': -0.0014652288518846035, 'training/total_loss': 0.5110099911689758, 'training/value_loss': 1.024950385093689}
{'eval/num_episodes': 200, 'eval/num_steps': 200, 'eval/mean_score': np.float64(0.999), 'eval/std_score': np.float64(0.01), 'eval/mean_episode_length': np.float64(1.0), 'eval/std_episode_length': np.float64(0.0), 'eval/eval_time': 0.07143974304199219}
{'training/total_steps': 28000, 'training/updates': 14, 'training/sps': np.float64(13742.692), 'training/walltime': np.float64(3.986), 'training/rollout_time': np.float64(0.138), 'training/update_time': np.float64(0.008), 'training/approx_kl': 8.940492080000695e-07, 'training/entropy': 0.07573752105236053, 'training/policy_loss': -0.001276850001886487, 'training/total_loss': 0.505497932434082, 'training/value_loss': 1.013549566268921}
{'eval/num_episodes': 200, 'eval/num_steps': 200, 'eval/mean_score': np.float64(0.999), 'eval/std_score': np.float64(0.007), 'eval/mean_episode_length': np.float64(1.0), 'eval/std_episode_length': np.float64(0.0), 'eval/eval_time': 0.07335233688354492}
{'training/total_steps': 30000, 'training/updates': 15, 'training/sps': np.float64(12906.146), 'training/walltime': np.float64(4.215), 'training/rollout_time': np.float64(0.145), 'training/update_time': np.float64(0.01), 'training/approx_kl': 1.2690369430856663e-06, 'training/entropy': 0.07482339441776276, 'training/policy_loss': -0.001598705886863172, 'training/total_loss': 0.49921298027038574, 'training/value_loss': 1.0016233921051025}
{'eval/num_episodes': 200, 'eval/num_steps': 200, 'eval/mean_score': np.float64(0.998), 'eval/std_score': np.float64(0.012), 'eval/mean_episode_length': np.float64(1.0), 'eval/std_episode_length': np.float64(0.0), 'eval/eval_time': 0.07585477828979492}
{'training/total_steps': 32000, 'training/updates': 16, 'training/sps': np.float64(13432.82), 'training/walltime': np.float64(4.44), 'training/rollout_time': np.float64(0.141), 'training/update_time': np.float64(0.008), 'training/approx_kl': 9.225211670127464e-07, 'training/entropy': 0.07392951846122742, 'training/policy_loss': -0.0012558884918689728, 'training/total_loss': 0.4942372441291809, 'training/value_loss': 0.9909862279891968}
{'eval/num_episodes': 200, 'eval/num_steps': 200, 'eval/mean_score': np.float64(0.999), 'eval/std_score': np.float64(0.01), 'eval/mean_episode_length': np.float64(1.0), 'eval/std_episode_length': np.float64(0.0), 'eval/eval_time': 0.07262992858886719}
{'training/total_steps': 34000, 'training/updates': 17, 'training/sps': np.float64(13602.766), 'training/walltime': np.float64(4.66), 'training/rollout_time': np.float64(0.139), 'training/update_time': np.float64(0.008), 'training/approx_kl': 1.0984769005517592e-06, 'training/entropy': 0.0730670839548111, 'training/policy_loss': -0.001407022587954998, 'training/total_loss': 0.48828330636024475, 'training/value_loss': 0.9793806672096252}
{'eval/num_episodes': 200, 'eval/num_steps': 200, 'eval/mean_score': np.float64(0.998), 'eval/std_score': np.float64(0.012), 'eval/mean_episode_length': np.float64(1.0), 'eval/std_episode_length': np.float64(0.0), 'eval/eval_time': 0.07267880439758301}
{'training/total_steps': 36000, 'training/updates': 18, 'training/sps': np.float64(13792.357), 'training/walltime': np.float64(4.878), 'training/rollout_time': np.float64(0.137), 'training/update_time': np.float64(0.008), 'training/approx_kl': 1.030862449624692e-06, 'training/entropy': 0.0721970647573471, 'training/policy_loss': -0.0014024705160409212, 'training/total_loss': 0.48275917768478394, 'training/value_loss': 0.9683233499526978}
{'eval/num_episodes': 200, 'eval/num_steps': 200, 'eval/mean_score': np.float64(0.999), 'eval/std_score': np.float64(0.007), 'eval/mean_episode_length': np.float64(1.0), 'eval/std_episode_length': np.float64(0.0), 'eval/eval_time': 0.07583165168762207}
{'training/total_steps': 38000, 'training/updates': 19, 'training/sps': np.float64(13284.633), 'training/walltime': np.float64(5.105), 'training/rollout_time': np.float64(0.142), 'training/update_time': np.float64(0.008), 'training/approx_kl': 9.957217343981029e-07, 'training/entropy': 0.07132989168167114, 'training/policy_loss': -0.0014180396683514118, 'training/total_loss': 0.4771805703639984, 'training/value_loss': 0.9571971893310547}
{'eval/num_episodes': 200, 'eval/num_steps': 200, 'eval/mean_score': np.float64(0.997), 'eval/std_score': np.float64(0.016), 'eval/mean_episode_length': np.float64(1.0), 'eval/std_episode_length': np.float64(0.0), 'eval/eval_time': 0.07365870475769043}
{'training/total_steps': 40000, 'training/updates': 20, 'training/sps': np.float64(13828.668), 'training/walltime': np.float64(5.323), 'training/rollout_time': np.float64(0.137), 'training/update_time': np.float64(0.008), 'training/approx_kl': 8.088299523478781e-07, 'training/entropy': 0.07049384713172913, 'training/policy_loss': -0.0012644508387893438, 'training/total_loss': 0.4718966484069824, 'training/value_loss': 0.9463221430778503}
{'eval/num_episodes': 200, 'eval/num_steps': 200, 'eval/mean_score': np.float64(0.998), 'eval/std_score': np.float64(0.014), 'eval/mean_episode_length': np.float64(1.0), 'eval/std_episode_length': np.float64(0.0), 'eval/eval_time': 0.14365291595458984}
{'training/total_steps': 42000, 'training/updates': 21, 'training/sps': np.float64(13881.759), 'training/walltime': np.float64(5.612), 'training/rollout_time': np.float64(0.134), 'training/update_time': np.float64(0.01), 'training/approx_kl': 1.0249260640193825e-06, 'training/entropy': 0.0696600079536438, 'training/policy_loss': -0.0014026593416929245, 'training/total_loss': 0.4661251902580261, 'training/value_loss': 0.9350557327270508}
{'eval/num_episodes': 200, 'eval/num_steps': 200, 'eval/mean_score': np.float64(0.999), 'eval/std_score': np.float64(0.01), 'eval/mean_episode_length': np.float64(1.0), 'eval/std_episode_length': np.float64(0.0), 'eval/eval_time': 0.07435894012451172}
{'training/total_steps': 44000, 'training/updates': 22, 'training/sps': np.float64(13468.557), 'training/walltime': np.float64(5.835), 'training/rollout_time': np.float64(0.138), 'training/update_time': np.float64(0.011), 'training/approx_kl': 1.6583614979026606e-06, 'training/entropy': 0.06874926388263702, 'training/policy_loss': -0.0017625910695642233, 'training/total_loss': 0.4600309431552887, 'training/value_loss': 0.9235870838165283}
{'eval/num_episodes': 200, 'eval/num_steps': 200, 'eval/mean_score': np.float64(0.998), 'eval/std_score': np.float64(0.012), 'eval/mean_episode_length': np.float64(1.0), 'eval/std_episode_length': np.float64(0.0), 'eval/eval_time': 0.07254695892333984}
{'training/total_steps': 46000, 'training/updates': 23, 'training/sps': np.float64(13020.249), 'training/walltime': np.float64(6.062), 'training/rollout_time': np.float64(0.14), 'training/update_time': np.float64(0.014), 'training/approx_kl': 8.696406439412385e-07, 'training/entropy': 0.06787239015102386, 'training/policy_loss': -0.0012666134862229228, 'training/total_loss': 0.45560163259506226, 'training/value_loss': 0.9137364625930786}
{'eval/num_episodes': 200, 'eval/num_steps': 200, 'eval/mean_score': np.float64(0.999), 'eval/std_score': np.float64(0.01), 'eval/mean_episode_length': np.float64(1.0), 'eval/std_episode_length': np.float64(0.0), 'eval/eval_time': 0.07503700256347656}
{'training/total_steps': 48000, 'training/updates': 24, 'training/sps': np.float64(10866.776), 'training/walltime': np.float64(6.322), 'training/rollout_time': np.float64(0.176), 'training/update_time': np.float64(0.008), 'training/approx_kl': 1.0325387620468973e-06, 'training/entropy': 0.06706870347261429, 'training/policy_loss': -0.0012713591568171978, 'training/total_loss': 0.45006102323532104, 'training/value_loss': 0.9026647806167603}
{'eval/num_episodes': 200, 'eval/num_steps': 200, 'eval/mean_score': np.float64(0.998), 'eval/std_score': np.float64(0.014), 'eval/mean_episode_length': np.float64(1.0), 'eval/std_episode_length': np.float64(0.0), 'eval/eval_time': 0.07597899436950684}
{'training/total_steps': 50000, 'training/updates': 25, 'training/sps': np.float64(13034.917), 'training/walltime': np.float64(6.552), 'training/rollout_time': np.float64(0.145), 'training/update_time': np.float64(0.008), 'training/approx_kl': 1.1895532452399493e-06, 'training/entropy': 0.06622832268476486, 'training/policy_loss': -0.0015042839804664254, 'training/total_loss': 0.44434136152267456, 'training/value_loss': 0.8916913270950317}
{'eval/num_episodes': 200, 'eval/num_steps': 200, 'eval/mean_score': np.float64(0.998), 'eval/std_score': np.float64(0.014), 'eval/mean_episode_length': np.float64(1.0), 'eval/std_episode_length': np.float64(0.0), 'eval/eval_time': 0.07824897766113281}
{'training/total_steps': 52000, 'training/updates': 26, 'training/sps': np.float64(13648.424), 'training/walltime': np.float64(6.777), 'training/rollout_time': np.float64(0.139), 'training/update_time': np.float64(0.008), 'training/approx_kl': 1.0048654530692147e-06, 'training/entropy': 0.06538662314414978, 'training/policy_loss': -0.001407860079780221, 'training/total_loss': 0.43924272060394287, 'training/value_loss': 0.8813011646270752}
{'eval/num_episodes': 200, 'eval/num_steps': 200, 'eval/mean_score': np.float64(0.999), 'eval/std_score': np.float64(0.007), 'eval/mean_episode_length': np.float64(1.0), 'eval/std_episode_length': np.float64(0.0), 'eval/eval_time': 0.07785701751708984}
{'training/total_steps': 54000, 'training/updates': 27, 'training/sps': np.float64(8141.932), 'training/walltime': np.float64(7.101), 'training/rollout_time': np.float64(0.238), 'training/update_time': np.float64(0.008), 'training/approx_kl': 3.8956852677074494e-07, 'training/entropy': 0.06465010344982147, 'training/policy_loss': -0.0008879626402631402, 'training/total_loss': 0.43476033210754395, 'training/value_loss': 0.8712965250015259}
{'eval/num_episodes': 200, 'eval/num_steps': 200, 'eval/mean_score': np.float64(0.999), 'eval/std_score': np.float64(0.007), 'eval/mean_episode_length': np.float64(1.0), 'eval/std_episode_length': np.float64(0.0), 'eval/eval_time': 0.07610797882080078}
{'training/total_steps': 56000, 'training/updates': 28, 'training/sps': np.float64(14605.038), 'training/walltime': np.float64(7.314), 'training/rollout_time': np.float64(0.129), 'training/update_time': np.float64(0.008), 'training/approx_kl': 7.517110134358518e-07, 'training/entropy': 0.06392829120159149, 'training/policy_loss': -0.0011815160978585482, 'training/total_loss': 0.4288904666900635, 'training/value_loss': 0.8601438999176025}
{'eval/num_episodes': 200, 'eval/num_steps': 200, 'eval/mean_score': np.float64(0.999), 'eval/std_score': np.float64(0.01), 'eval/mean_episode_length': np.float64(1.0), 'eval/std_episode_length': np.float64(0.0), 'eval/eval_time': 0.07791900634765625}
{'training/total_steps': 58000, 'training/updates': 29, 'training/sps': np.float64(13788.911), 'training/walltime': np.float64(7.538), 'training/rollout_time': np.float64(0.137), 'training/update_time': np.float64(0.008), 'training/approx_kl': 1.0313392522220965e-06, 'training/entropy': 0.06314235925674438, 'training/policy_loss': -0.0014191039372235537, 'training/total_loss': 0.4233557879924774, 'training/value_loss': 0.8495497703552246}
{'eval/num_episodes': 200, 'eval/num_steps': 200, 'eval/mean_score': np.float64(0.997), 'eval/std_score': np.float64(0.016), 'eval/mean_episode_length': np.float64(1.0), 'eval/std_episode_length': np.float64(0.0), 'eval/eval_time': 0.08058285713195801}
{'training/total_steps': 60000, 'training/updates': 30, 'training/sps': np.float64(13230.721), 'training/walltime': np.float64(7.77), 'training/rollout_time': np.float64(0.143), 'training/update_time': np.float64(0.008), 'training/approx_kl': 1.1483729167593992e-06, 'training/entropy': 0.062338680028915405, 'training/policy_loss': -0.0014716156292706728, 'training/total_loss': 0.4181387424468994, 'training/value_loss': 0.8392207026481628}
{'eval/num_episodes': 200, 'eval/num_steps': 200, 'eval/mean_score': np.float64(0.998), 'eval/std_score': np.float64(0.014), 'eval/mean_episode_length': np.float64(1.0), 'eval/std_episode_length': np.float64(0.0), 'eval/eval_time': 0.07587599754333496}
TRAINING END: training duration: 7.84576416015625
{'final_eval/num_episodes': 200, 'final_eval/num_steps': 200, 'final_eval/mean_score': np.float64(1.0), 'final_eval/std_score': np.float64(0.0), 'final_eval/mean_episode_length': np.float64(1.0), 'final_eval/std_episode_length': np.float64(0.0)}
