|param: value|
|experiment_name:  reinforce_procgen|
|seed:  1|
|platform:  cpu|
|write_logs_to_file:  False|
|save_model:  False|
|env_name:  bandit|
|num_envs:  1|
|num_train_levels:  200|
|distribution_mode:  easy|
|arm_means:  (1.0, 0.9)|
|deterministic_rewards:  True|
|eval_env:  True|
|num_eval_episodes:  200|
|eval_every:  1|
|deterministic_eval:  False|
|normalize_observations:  True|
|total_timesteps:  60000|
|learning_rate:  0.5|
|optimizer:  sgd|
|unroll_length:  2048|
|anneal_lr:  False|
|gamma:  0.99|
|batch_size:  1|
|num_minibatches:  1|
|update_epochs:  1|
|entropy_cost:  0.0|
|max_grad_norm:  0.5|
|reward_scaling:  1.0|
|use_cnn:  False|
|policy_hidden_layer_sizes:  ()|
|value_hidden_layer_sizes:  ()|
|activation:  <jax._src.custom_derivatives.custom_jvp object at 0x129099290>|
|policy_init_logit_bias:  [1.0, 0.0]|
{'training/total_steps': 2000, 'training/updates': 1, 'training/sps': np.float64(1959.541), 'training/walltime': np.float64(1.021), 'training/rollout_time': np.float64(0.449), 'training/update_time': np.float64(0.572), 'training/approx_kl': 0.0, 'training/entropy': 0.5822030305862427, 'training/policy_loss': 0.5775220394134521, 'training/total_loss': 1.0755515098571777, 'training/value_loss': 0.9960588812828064}
{'eval/num_episodes': 200, 'eval/num_steps': 200, 'eval/mean_score': np.float64(0.976), 'eval/std_score': np.float64(0.043), 'eval/mean_episode_length': np.float64(1.0), 'eval/std_episode_length': np.float64(0.0), 'eval/eval_time': 0.07393002510070801}
{'training/total_steps': 4000, 'training/updates': 2, 'training/sps': np.float64(6273.644), 'training/walltime': np.float64(1.414), 'training/rollout_time': np.float64(0.317), 'training/update_time': np.float64(0.002), 'training/approx_kl': 0.0, 'training/entropy': 0.5817935466766357, 'training/policy_loss': 0.34486061334609985, 'training/total_loss': 0.55526202917099, 'training/value_loss': 0.42080289125442505}
{'eval/num_episodes': 200, 'eval/num_steps': 200, 'eval/mean_score': np.float64(0.969), 'eval/std_score': np.float64(0.046), 'eval/mean_episode_length': np.float64(1.0), 'eval/std_episode_length': np.float64(0.0), 'eval/eval_time': 0.07443904876708984}
{'training/total_steps': 6000, 'training/updates': 3, 'training/sps': np.float64(6360.596), 'training/walltime': np.float64(1.803), 'training/rollout_time': np.float64(0.313), 'training/update_time': np.float64(0.002), 'training/approx_kl': 0.0, 'training/entropy': 0.5749446749687195, 'training/policy_loss': 0.14858268201351166, 'training/total_loss': 0.19252990186214447, 'training/value_loss': 0.08789443224668503}
{'eval/num_episodes': 200, 'eval/num_steps': 200, 'eval/mean_score': np.float64(0.978), 'eval/std_score': np.float64(0.041), 'eval/mean_episode_length': np.float64(1.0), 'eval/std_episode_length': np.float64(0.0), 'eval/eval_time': 0.07355999946594238}
{'training/total_steps': 8000, 'training/updates': 4, 'training/sps': np.float64(6050.318), 'training/walltime': np.float64(2.208), 'training/rollout_time': np.float64(0.329), 'training/update_time': np.float64(0.002), 'training/approx_kl': 0.0, 'training/entropy': 0.5671489238739014, 'training/policy_loss': -0.0194835364818573, 'training/total_loss': -0.01854531653225422, 'training/value_loss': 0.0018764411797747016}
{'eval/num_episodes': 200, 'eval/num_steps': 200, 'eval/mean_score': np.float64(0.972), 'eval/std_score': np.float64(0.045), 'eval/mean_episode_length': np.float64(1.0), 'eval/std_episode_length': np.float64(0.0), 'eval/eval_time': 0.07326507568359375}
{'training/total_steps': 10000, 'training/updates': 5, 'training/sps': np.float64(6495.622), 'training/walltime': np.float64(2.589), 'training/rollout_time': np.float64(0.306), 'training/update_time': np.float64(0.002), 'training/approx_kl': 0.0, 'training/entropy': 0.55943763256073, 'training/policy_loss': -0.01918395794928074, 'training/total_loss': -0.018283957615494728, 'training/value_loss': 0.0018000019481405616}
{'eval/num_episodes': 200, 'eval/num_steps': 200, 'eval/mean_score': np.float64(0.976), 'eval/std_score': np.float64(0.043), 'eval/mean_episode_length': np.float64(1.0), 'eval/std_episode_length': np.float64(0.0), 'eval/eval_time': 0.07178092002868652}
{'training/total_steps': 12000, 'training/updates': 6, 'training/sps': np.float64(5865.913), 'training/walltime': np.float64(3.002), 'training/rollout_time': np.float64(0.339), 'training/update_time': np.float64(0.002), 'training/approx_kl': 0.0, 'training/entropy': 0.5519305467605591, 'training/policy_loss': -0.020880326628684998, 'training/total_loss': -0.01997615024447441, 'training/value_loss': 0.0018083513714373112}
{'eval/num_episodes': 200, 'eval/num_steps': 200, 'eval/mean_score': np.float64(0.976), 'eval/std_score': np.float64(0.042), 'eval/mean_episode_length': np.float64(1.0), 'eval/std_episode_length': np.float64(0.0), 'eval/eval_time': 0.07291197776794434}
{'training/total_steps': 14000, 'training/updates': 7, 'training/sps': np.float64(6222.384), 'training/walltime': np.float64(3.397), 'training/rollout_time': np.float64(0.32), 'training/update_time': np.float64(0.002), 'training/approx_kl': 0.0, 'training/entropy': 0.5442906618118286, 'training/policy_loss': -0.02160041220486164, 'training/total_loss': -0.020692311227321625, 'training/value_loss': 0.0018162012565881014}
{'eval/num_episodes': 200, 'eval/num_steps': 200, 'eval/mean_score': np.float64(0.975), 'eval/std_score': np.float64(0.043), 'eval/mean_episode_length': np.float64(1.0), 'eval/std_episode_length': np.float64(0.0), 'eval/eval_time': 0.07163715362548828}
{'training/total_steps': 16000, 'training/updates': 8, 'training/sps': np.float64(6463.331), 'training/walltime': np.float64(3.778), 'training/rollout_time': np.float64(0.308), 'training/update_time': np.float64(0.001), 'training/approx_kl': 0.0, 'training/entropy': 0.5365304350852966, 'training/policy_loss': -0.021345891058444977, 'training/total_loss': -0.020456107333302498, 'training/value_loss': 0.0017795681487768888}
{'eval/num_episodes': 200, 'eval/num_steps': 200, 'eval/mean_score': np.float64(0.98), 'eval/std_score': np.float64(0.04), 'eval/mean_episode_length': np.float64(1.0), 'eval/std_episode_length': np.float64(0.0), 'eval/eval_time': 0.07318806648254395}
{'training/total_steps': 18000, 'training/updates': 9, 'training/sps': np.float64(6001.049), 'training/walltime': np.float64(4.185), 'training/rollout_time': np.float64(0.332), 'training/update_time': np.float64(0.002), 'training/approx_kl': 0.0, 'training/entropy': 0.5288543105125427, 'training/policy_loss': -0.021445447579026222, 'training/total_loss': -0.020576046779751778, 'training/value_loss': 0.0017388032283633947}
{'eval/num_episodes': 200, 'eval/num_steps': 200, 'eval/mean_score': np.float64(0.978), 'eval/std_score': np.float64(0.041), 'eval/mean_episode_length': np.float64(1.0), 'eval/std_episode_length': np.float64(0.0), 'eval/eval_time': 0.07132482528686523}
{'training/total_steps': 20000, 'training/updates': 10, 'training/sps': np.float64(6377.753), 'training/walltime': np.float64(4.571), 'training/rollout_time': np.float64(0.312), 'training/update_time': np.float64(0.002), 'training/approx_kl': 0.0, 'training/entropy': 0.5212899446487427, 'training/policy_loss': -0.022448668256402016, 'training/total_loss': -0.021579548716545105, 'training/value_loss': 0.0017382408259436488}
{'eval/num_episodes': 200, 'eval/num_steps': 200, 'eval/mean_score': np.float64(0.979), 'eval/std_score': np.float64(0.04), 'eval/mean_episode_length': np.float64(1.0), 'eval/std_episode_length': np.float64(0.0), 'eval/eval_time': 0.07476282119750977}
{'training/total_steps': 22000, 'training/updates': 11, 'training/sps': np.float64(5877.516), 'training/walltime': np.float64(4.986), 'training/rollout_time': np.float64(0.339), 'training/update_time': np.float64(0.001), 'training/approx_kl': 0.0, 'training/entropy': 0.5136718153953552, 'training/policy_loss': -0.02261032536625862, 'training/total_loss': -0.021750865504145622, 'training/value_loss': 0.0017189204227179289}
{'eval/num_episodes': 200, 'eval/num_steps': 200, 'eval/mean_score': np.float64(0.976), 'eval/std_score': np.float64(0.043), 'eval/mean_episode_length': np.float64(1.0), 'eval/std_episode_length': np.float64(0.0), 'eval/eval_time': 0.07423520088195801}
{'training/total_steps': 24000, 'training/updates': 12, 'training/sps': np.float64(6477.51), 'training/walltime': np.float64(5.369), 'training/rollout_time': np.float64(0.307), 'training/update_time': np.float64(0.001), 'training/approx_kl': 0.0, 'training/entropy': 0.5060940384864807, 'training/policy_loss': -0.022612450644373894, 'training/total_loss': -0.021769821643829346, 'training/value_loss': 0.0016852582339197397}
{'eval/num_episodes': 200, 'eval/num_steps': 200, 'eval/mean_score': np.float64(0.978), 'eval/std_score': np.float64(0.041), 'eval/mean_episode_length': np.float64(1.0), 'eval/std_episode_length': np.float64(0.0), 'eval/eval_time': 0.07255029678344727}
{'training/total_steps': 26000, 'training/updates': 13, 'training/sps': np.float64(6324.953), 'training/walltime': np.float64(5.758), 'training/rollout_time': np.float64(0.315), 'training/update_time': np.float64(0.001), 'training/approx_kl': 0.0, 'training/entropy': 0.4986306130886078, 'training/policy_loss': -0.021187836304306984, 'training/total_loss': -0.020395349711179733, 'training/value_loss': 0.0015849738847464323}
{'eval/num_episodes': 200, 'eval/num_steps': 200, 'eval/mean_score': np.float64(0.979), 'eval/std_score': np.float64(0.04), 'eval/mean_episode_length': np.float64(1.0), 'eval/std_episode_length': np.float64(0.0), 'eval/eval_time': 0.07286810874938965}
{'training/total_steps': 28000, 'training/updates': 14, 'training/sps': np.float64(5979.132), 'training/walltime': np.float64(6.166), 'training/rollout_time': np.float64(0.333), 'training/update_time': np.float64(0.001), 'training/approx_kl': 0.0, 'training/entropy': 0.4915934205055237, 'training/policy_loss': -0.021468522027134895, 'training/total_loss': -0.020701806992292404, 'training/value_loss': 0.0015334306517615914}
{'eval/num_episodes': 200, 'eval/num_steps': 200, 'eval/mean_score': np.float64(0.981), 'eval/std_score': np.float64(0.039), 'eval/mean_episode_length': np.float64(1.0), 'eval/std_episode_length': np.float64(0.0), 'eval/eval_time': 0.07653093338012695}
{'training/total_steps': 30000, 'training/updates': 15, 'training/sps': np.float64(6385.001), 'training/walltime': np.float64(6.556), 'training/rollout_time': np.float64(0.312), 'training/update_time': np.float64(0.002), 'training/approx_kl': 0.0, 'training/entropy': 0.4847555160522461, 'training/policy_loss': -0.021561484783887863, 'training/total_loss': -0.020812194794416428, 'training/value_loss': 0.0014985810266807675}
{'eval/num_episodes': 200, 'eval/num_steps': 200, 'eval/mean_score': np.float64(0.985), 'eval/std_score': np.float64(0.036), 'eval/mean_episode_length': np.float64(1.0), 'eval/std_episode_length': np.float64(0.0), 'eval/eval_time': 0.07553505897521973}
{'training/total_steps': 32000, 'training/updates': 16, 'training/sps': np.float64(5930.164), 'training/walltime': np.float64(6.97), 'training/rollout_time': np.float64(0.336), 'training/update_time': np.float64(0.002), 'training/approx_kl': 0.0, 'training/entropy': 0.47805872559547424, 'training/policy_loss': -0.02028803713619709, 'training/total_loss': -0.019583208486437798, 'training/value_loss': 0.0014096582308411598}
{'eval/num_episodes': 200, 'eval/num_steps': 200, 'eval/mean_score': np.float64(0.981), 'eval/std_score': np.float64(0.039), 'eval/mean_episode_length': np.float64(1.0), 'eval/std_episode_length': np.float64(0.0), 'eval/eval_time': 0.07343387603759766}
{'training/total_steps': 34000, 'training/updates': 17, 'training/sps': np.float64(6328.575), 'training/walltime': np.float64(7.359), 'training/rollout_time': np.float64(0.314), 'training/update_time': np.float64(0.002), 'training/approx_kl': 0.0, 'training/entropy': 0.47175031900405884, 'training/policy_loss': -0.023144058883190155, 'training/total_loss': -0.022398896515369415, 'training/value_loss': 0.0014903232222422957}
{'eval/num_episodes': 200, 'eval/num_steps': 200, 'eval/mean_score': np.float64(0.986), 'eval/std_score': np.float64(0.034), 'eval/mean_episode_length': np.float64(1.0), 'eval/std_episode_length': np.float64(0.0), 'eval/eval_time': 0.07222127914428711}
{'training/total_steps': 36000, 'training/updates': 18, 'training/sps': np.float64(6368.21), 'training/walltime': np.float64(7.746), 'training/rollout_time': np.float64(0.313), 'training/update_time': np.float64(0.001), 'training/approx_kl': 0.0, 'training/entropy': 0.46508413553237915, 'training/policy_loss': -0.021391840651631355, 'training/total_loss': -0.02068244107067585, 'training/value_loss': 0.0014188004424795508}
{'eval/num_episodes': 200, 'eval/num_steps': 200, 'eval/mean_score': np.float64(0.981), 'eval/std_score': np.float64(0.039), 'eval/mean_episode_length': np.float64(1.0), 'eval/std_episode_length': np.float64(0.0), 'eval/eval_time': 0.07779288291931152}
{'training/total_steps': 38000, 'training/updates': 19, 'training/sps': np.float64(4718.334), 'training/walltime': np.float64(8.248), 'training/rollout_time': np.float64(0.422), 'training/update_time': np.float64(0.002), 'training/approx_kl': 0.0, 'training/entropy': 0.45873546600341797, 'training/policy_loss': -0.02416272647678852, 'training/total_loss': -0.023412805050611496, 'training/value_loss': 0.0014998414553701878}
{'eval/num_episodes': 200, 'eval/num_steps': 200, 'eval/mean_score': np.float64(0.986), 'eval/std_score': np.float64(0.034), 'eval/mean_episode_length': np.float64(1.0), 'eval/std_episode_length': np.float64(0.0), 'eval/eval_time': 0.0765390396118164}
{'training/total_steps': 40000, 'training/updates': 20, 'training/sps': np.float64(6421.473), 'training/walltime': np.float64(8.637), 'training/rollout_time': np.float64(0.31), 'training/update_time': np.float64(0.001), 'training/approx_kl': 0.0, 'training/entropy': 0.4520254135131836, 'training/policy_loss': -0.019389988854527473, 'training/total_loss': -0.018738964572548866, 'training/value_loss': 0.001302048098295927}
{'eval/num_episodes': 200, 'eval/num_steps': 200, 'eval/mean_score': np.float64(0.984), 'eval/std_score': np.float64(0.036), 'eval/mean_episode_length': np.float64(1.0), 'eval/std_episode_length': np.float64(0.0), 'eval/eval_time': 0.07186388969421387}
{'training/total_steps': 42000, 'training/updates': 21, 'training/sps': np.float64(6407.709), 'training/walltime': np.float64(9.021), 'training/rollout_time': np.float64(0.311), 'training/update_time': np.float64(0.002), 'training/approx_kl': 0.0, 'training/entropy': 0.4462280869483948, 'training/policy_loss': -0.022143341600894928, 'training/total_loss': -0.02147279679775238, 'training/value_loss': 0.0013410885585471988}
{'eval/num_episodes': 200, 'eval/num_steps': 200, 'eval/mean_score': np.float64(0.982), 'eval/std_score': np.float64(0.038), 'eval/mean_episode_length': np.float64(1.0), 'eval/std_episode_length': np.float64(0.0), 'eval/eval_time': 0.06925582885742188}
{'training/total_steps': 44000, 'training/updates': 22, 'training/sps': np.float64(6079.049), 'training/walltime': np.float64(9.42), 'training/rollout_time': np.float64(0.327), 'training/update_time': np.float64(0.002), 'training/approx_kl': 0.0, 'training/entropy': 0.44024747610092163, 'training/policy_loss': -0.02235209196805954, 'training/total_loss': -0.021678388118743896, 'training/value_loss': 0.001347408164292574}
{'eval/num_episodes': 200, 'eval/num_steps': 200, 'eval/mean_score': np.float64(0.987), 'eval/std_score': np.float64(0.033), 'eval/mean_episode_length': np.float64(1.0), 'eval/std_episode_length': np.float64(0.0), 'eval/eval_time': 0.0716559886932373}
{'training/total_steps': 46000, 'training/updates': 23, 'training/sps': np.float64(6419.473), 'training/walltime': np.float64(9.803), 'training/rollout_time': np.float64(0.31), 'training/update_time': np.float64(0.001), 'training/approx_kl': 0.0, 'training/entropy': 0.4342470169067383, 'training/policy_loss': -0.022117050364613533, 'training/total_loss': -0.02145523391664028, 'training/value_loss': 0.0013236331287771463}
{'eval/num_episodes': 200, 'eval/num_steps': 200, 'eval/mean_score': np.float64(0.986), 'eval/std_score': np.float64(0.034), 'eval/mean_episode_length': np.float64(1.0), 'eval/std_episode_length': np.float64(0.0), 'eval/eval_time': 0.07424688339233398}
{'training/total_steps': 48000, 'training/updates': 24, 'training/sps': np.float64(6037.393), 'training/walltime': np.float64(10.209), 'training/rollout_time': np.float64(0.33), 'training/update_time': np.float64(0.002), 'training/approx_kl': 0.0, 'training/entropy': 0.42836758494377136, 'training/policy_loss': -0.02245882898569107, 'training/total_loss': -0.021800503134727478, 'training/value_loss': 0.0013166508870199323}
{'eval/num_episodes': 200, 'eval/num_steps': 200, 'eval/mean_score': np.float64(0.983), 'eval/std_score': np.float64(0.037), 'eval/mean_episode_length': np.float64(1.0), 'eval/std_episode_length': np.float64(0.0), 'eval/eval_time': 0.07367610931396484}
{'training/total_steps': 50000, 'training/updates': 25, 'training/sps': np.float64(6436.21), 'training/walltime': np.float64(10.594), 'training/rollout_time': np.float64(0.309), 'training/update_time': np.float64(0.002), 'training/approx_kl': 0.0, 'training/entropy': 0.4225350022315979, 'training/policy_loss': -0.022116633132100105, 'training/total_loss': -0.02147379331290722, 'training/value_loss': 0.0012856806861236691}
{'eval/num_episodes': 200, 'eval/num_steps': 200, 'eval/mean_score': np.float64(0.986), 'eval/std_score': np.float64(0.034), 'eval/mean_episode_length': np.float64(1.0), 'eval/std_episode_length': np.float64(0.0), 'eval/eval_time': 0.0714869499206543}
{'training/total_steps': 52000, 'training/updates': 26, 'training/sps': np.float64(6473.251), 'training/walltime': np.float64(10.975), 'training/rollout_time': np.float64(0.307), 'training/update_time': np.float64(0.001), 'training/approx_kl': 0.0, 'training/entropy': 0.41685962677001953, 'training/policy_loss': -0.02172941528260708, 'training/total_loss': -0.021105844527482986, 'training/value_loss': 0.0012471429072320461}
{'eval/num_episodes': 200, 'eval/num_steps': 200, 'eval/mean_score': np.float64(0.986), 'eval/std_score': np.float64(0.035), 'eval/mean_episode_length': np.float64(1.0), 'eval/std_episode_length': np.float64(0.0), 'eval/eval_time': 0.07255291938781738}
{'training/total_steps': 54000, 'training/updates': 27, 'training/sps': np.float64(6058.222), 'training/walltime': np.float64(11.378), 'training/rollout_time': np.float64(0.329), 'training/update_time': np.float64(0.002), 'training/approx_kl': -1.0648370363242066e-07, 'training/entropy': 0.4113731384277344, 'training/policy_loss': -0.0222689900547266, 'training/total_loss': -0.021645570173859596, 'training/value_loss': 0.0012468410423025489}
{'eval/num_episodes': 200, 'eval/num_steps': 200, 'eval/mean_score': np.float64(0.987), 'eval/std_score': np.float64(0.033), 'eval/mean_episode_length': np.float64(1.0), 'eval/std_episode_length': np.float64(0.0), 'eval/eval_time': 0.0746300220489502}
{'training/total_steps': 56000, 'training/updates': 28, 'training/sps': np.float64(6408.199), 'training/walltime': np.float64(11.765), 'training/rollout_time': np.float64(0.31), 'training/update_time': np.float64(0.002), 'training/approx_kl': 0.0, 'training/entropy': 0.4059077203273773, 'training/policy_loss': -0.023938316851854324, 'training/total_loss': -0.023286575451493263, 'training/value_loss': 0.0013034810544922948}
{'eval/num_episodes': 200, 'eval/num_steps': 200, 'eval/mean_score': np.float64(0.987), 'eval/std_score': np.float64(0.033), 'eval/mean_episode_length': np.float64(1.0), 'eval/std_episode_length': np.float64(0.0), 'eval/eval_time': 0.0697031021118164}
{'training/total_steps': 58000, 'training/updates': 29, 'training/sps': np.float64(5967.481), 'training/walltime': np.float64(12.17), 'training/rollout_time': np.float64(0.334), 'training/update_time': np.float64(0.001), 'training/approx_kl': 0.0, 'training/entropy': 0.40021705627441406, 'training/policy_loss': -0.021125607192516327, 'training/total_loss': -0.020531276240944862, 'training/value_loss': 0.0011886602733284235}
{'eval/num_episodes': 200, 'eval/num_steps': 200, 'eval/mean_score': np.float64(0.984), 'eval/std_score': np.float64(0.037), 'eval/mean_episode_length': np.float64(1.0), 'eval/std_episode_length': np.float64(0.0), 'eval/eval_time': 0.07149696350097656}
{'training/total_steps': 60000, 'training/updates': 30, 'training/sps': np.float64(6305.925), 'training/walltime': np.float64(12.559), 'training/rollout_time': np.float64(0.316), 'training/update_time': np.float64(0.001), 'training/approx_kl': 0.0, 'training/entropy': 0.395064115524292, 'training/policy_loss': -0.02031804248690605, 'training/total_loss': -0.019761323928833008, 'training/value_loss': 0.0011134379310533404}
{'eval/num_episodes': 200, 'eval/num_steps': 200, 'eval/mean_score': np.float64(0.983), 'eval/std_score': np.float64(0.037), 'eval/mean_episode_length': np.float64(1.0), 'eval/std_episode_length': np.float64(0.0), 'eval/eval_time': 0.07134103775024414}
TRAINING END: training duration: 12.631012916564941
{'final_eval/num_episodes': 200, 'final_eval/num_steps': 200, 'final_eval/mean_score': np.float64(1.0), 'final_eval/std_score': np.float64(0.0), 'final_eval/mean_episode_length': np.float64(1.0), 'final_eval/std_episode_length': np.float64(0.0)}
