|param: value|
|experiment_name:  trpo_procgen|
|seed:  1|
|platform:  cpu|
|write_logs_to_file:  False|
|save_model:  False|
|env_name:  bandit|
|num_envs:  8|
|num_train_levels:  200|
|distribution_mode:  easy|
|arm_means:  (1.0, 0.9)|
|deterministic_rewards:  True|
|eval_env:  True|
|num_eval_episodes:  200|
|eval_every:  1|
|deterministic_eval:  False|
|normalize_observations:  True|
|total_timesteps:  60000|
|learning_rate:  0.01|
|unroll_length:  250|
|anneal_lr:  False|
|gamma:  0.99|
|gae_lambda:  0.95|
|batch_size:  1|
|num_minibatches:  8|
|update_epochs:  10|
|normalize_advantages:  True|
|target_kl:  0.01|
|cg_damping:  0.1|
|cg_max_iterations:  10|
|line_search_max_iter:  10|
|line_search_shrinking_factor:  0.8|
|vf_cost:  1.0|
|max_grad_norm:  0.5|
|reward_scaling:  1.0|
|use_cnn:  False|
|policy_hidden_layer_sizes:  ()|
|value_hidden_layer_sizes:  ()|
|activation:  <jax._src.custom_derivatives.custom_jvp object at 0x129099290>|
|policy_init_logit_bias:  [1.0, 0.0]|
|entropy_cost:  0.0|
{'training/total_steps': 2000, 'training/updates': 1, 'training/sps': np.float64(1394.966), 'training/walltime': np.float64(1.434), 'training/rollout_time': np.float64(0.143), 'training/update_time': np.float64(1.291), 'training/iterations': 1.0, 'training/kl_div': 0.006611844524741173, 'training/line_search_success': 1.0, 'training/new_policy_objective': 0.39153528213500977, 'training/policy_objective': 0.32108235359191895, 'training/value_loss': 0.10915549844503403}
{'eval/num_episodes': 200, 'eval/num_steps': 200, 'eval/mean_score': np.float64(0.999), 'eval/std_score': np.float64(0.01), 'eval/mean_episode_length': np.float64(1.0), 'eval/std_episode_length': np.float64(0.0), 'eval/eval_time': 0.06986093521118164}
{'training/total_steps': 4000, 'training/updates': 2, 'training/sps': np.float64(20444.312), 'training/walltime': np.float64(1.62), 'training/rollout_time': np.float64(0.095), 'training/update_time': np.float64(0.003), 'training/iterations': 1.0, 'training/kl_div': 0.0005835610209032893, 'training/line_search_success': 1.0, 'training/new_policy_objective': 0.08104602247476578, 'training/policy_objective': 0.07237247377634048, 'training/value_loss': 4.9252390454057604e-05}
{'eval/num_episodes': 200, 'eval/num_steps': 200, 'eval/mean_score': np.float64(1.0), 'eval/std_score': np.float64(0.0), 'eval/mean_episode_length': np.float64(1.0), 'eval/std_episode_length': np.float64(0.0), 'eval/eval_time': 0.0723261833190918}
{'training/total_steps': 6000, 'training/updates': 3, 'training/sps': np.float64(20319.419), 'training/walltime': np.float64(1.791), 'training/rollout_time': np.float64(0.095), 'training/update_time': np.float64(0.003), 'training/iterations': 1.0, 'training/kl_div': nan, 'training/line_search_success': 0.0, 'training/new_policy_objective': nan, 'training/policy_objective': 0.0, 'training/value_loss': 6.854793355159927e-08}
{'eval/num_episodes': 200, 'eval/num_steps': 200, 'eval/mean_score': np.float64(1.0), 'eval/std_score': np.float64(0.0), 'eval/mean_episode_length': np.float64(1.0), 'eval/std_episode_length': np.float64(0.0), 'eval/eval_time': 0.07083296775817871}
{'training/total_steps': 8000, 'training/updates': 4, 'training/sps': np.float64(19778.109), 'training/walltime': np.float64(1.963), 'training/rollout_time': np.float64(0.098), 'training/update_time': np.float64(0.003), 'training/iterations': 1.0, 'training/kl_div': nan, 'training/line_search_success': 0.0, 'training/new_policy_objective': nan, 'training/policy_objective': 0.0, 'training/value_loss': 9.069989551080404e-12}
{'eval/num_episodes': 200, 'eval/num_steps': 200, 'eval/mean_score': np.float64(1.0), 'eval/std_score': np.float64(0.0), 'eval/mean_episode_length': np.float64(1.0), 'eval/std_episode_length': np.float64(0.0), 'eval/eval_time': 0.07082986831665039}
{'training/total_steps': 10000, 'training/updates': 5, 'training/sps': np.float64(20375.932), 'training/walltime': np.float64(2.133), 'training/rollout_time': np.float64(0.095), 'training/update_time': np.float64(0.003), 'training/iterations': 1.0, 'training/kl_div': nan, 'training/line_search_success': 0.0, 'training/new_policy_objective': nan, 'training/policy_objective': 0.0, 'training/value_loss': 2.664535364979494e-16}
{'eval/num_episodes': 200, 'eval/num_steps': 200, 'eval/mean_score': np.float64(1.0), 'eval/std_score': np.float64(0.0), 'eval/mean_episode_length': np.float64(1.0), 'eval/std_episode_length': np.float64(0.0), 'eval/eval_time': 0.07199311256408691}
{'training/total_steps': 12000, 'training/updates': 6, 'training/sps': np.float64(20199.641), 'training/walltime': np.float64(2.304), 'training/rollout_time': np.float64(0.096), 'training/update_time': np.float64(0.003), 'training/iterations': 1.0, 'training/kl_div': nan, 'training/line_search_success': 0.0, 'training/new_policy_objective': nan, 'training/policy_objective': 0.0, 'training/value_loss': 0.0}
{'eval/num_episodes': 200, 'eval/num_steps': 200, 'eval/mean_score': np.float64(1.0), 'eval/std_score': np.float64(0.0), 'eval/mean_episode_length': np.float64(1.0), 'eval/std_episode_length': np.float64(0.0), 'eval/eval_time': 0.07459402084350586}
{'training/total_steps': 14000, 'training/updates': 7, 'training/sps': np.float64(19833.428), 'training/walltime': np.float64(2.48), 'training/rollout_time': np.float64(0.098), 'training/update_time': np.float64(0.003), 'training/iterations': 1.0, 'training/kl_div': nan, 'training/line_search_success': 0.0, 'training/new_policy_objective': nan, 'training/policy_objective': 0.0, 'training/value_loss': 0.0}
{'eval/num_episodes': 200, 'eval/num_steps': 200, 'eval/mean_score': np.float64(1.0), 'eval/std_score': np.float64(0.0), 'eval/mean_episode_length': np.float64(1.0), 'eval/std_episode_length': np.float64(0.0), 'eval/eval_time': 0.07203888893127441}
{'training/total_steps': 16000, 'training/updates': 8, 'training/sps': np.float64(20163.081), 'training/walltime': np.float64(2.652), 'training/rollout_time': np.float64(0.096), 'training/update_time': np.float64(0.003), 'training/iterations': 1.0, 'training/kl_div': nan, 'training/line_search_success': 0.0, 'training/new_policy_objective': nan, 'training/policy_objective': 0.0, 'training/value_loss': 0.0}
{'eval/num_episodes': 200, 'eval/num_steps': 200, 'eval/mean_score': np.float64(1.0), 'eval/std_score': np.float64(0.0), 'eval/mean_episode_length': np.float64(1.0), 'eval/std_episode_length': np.float64(0.0), 'eval/eval_time': 0.07089924812316895}
{'training/total_steps': 18000, 'training/updates': 9, 'training/sps': np.float64(15557.883), 'training/walltime': np.float64(2.852), 'training/rollout_time': np.float64(0.125), 'training/update_time': np.float64(0.003), 'training/iterations': 1.0, 'training/kl_div': nan, 'training/line_search_success': 0.0, 'training/new_policy_objective': nan, 'training/policy_objective': 0.0, 'training/value_loss': 0.0}
{'eval/num_episodes': 200, 'eval/num_steps': 200, 'eval/mean_score': np.float64(1.0), 'eval/std_score': np.float64(0.0), 'eval/mean_episode_length': np.float64(1.0), 'eval/std_episode_length': np.float64(0.0), 'eval/eval_time': 0.07091808319091797}
{'training/total_steps': 20000, 'training/updates': 10, 'training/sps': np.float64(20063.064), 'training/walltime': np.float64(3.023), 'training/rollout_time': np.float64(0.097), 'training/update_time': np.float64(0.003), 'training/iterations': 1.0, 'training/kl_div': nan, 'training/line_search_success': 0.0, 'training/new_policy_objective': nan, 'training/policy_objective': 0.0, 'training/value_loss': 0.0}
{'eval/num_episodes': 200, 'eval/num_steps': 200, 'eval/mean_score': np.float64(1.0), 'eval/std_score': np.float64(0.0), 'eval/mean_episode_length': np.float64(1.0), 'eval/std_episode_length': np.float64(0.0), 'eval/eval_time': 0.07129096984863281}
{'training/total_steps': 22000, 'training/updates': 11, 'training/sps': np.float64(19417.535), 'training/walltime': np.float64(3.198), 'training/rollout_time': np.float64(0.1), 'training/update_time': np.float64(0.003), 'training/iterations': 1.0, 'training/kl_div': nan, 'training/line_search_success': 0.0, 'training/new_policy_objective': nan, 'training/policy_objective': 0.0, 'training/value_loss': 0.0}
{'eval/num_episodes': 200, 'eval/num_steps': 200, 'eval/mean_score': np.float64(1.0), 'eval/std_score': np.float64(0.0), 'eval/mean_episode_length': np.float64(1.0), 'eval/std_episode_length': np.float64(0.0), 'eval/eval_time': 0.07087278366088867}
{'training/total_steps': 24000, 'training/updates': 12, 'training/sps': np.float64(20133.078), 'training/walltime': np.float64(3.368), 'training/rollout_time': np.float64(0.096), 'training/update_time': np.float64(0.003), 'training/iterations': 1.0, 'training/kl_div': nan, 'training/line_search_success': 0.0, 'training/new_policy_objective': nan, 'training/policy_objective': 0.0, 'training/value_loss': 0.0}
{'eval/num_episodes': 200, 'eval/num_steps': 200, 'eval/mean_score': np.float64(1.0), 'eval/std_score': np.float64(0.0), 'eval/mean_episode_length': np.float64(1.0), 'eval/std_episode_length': np.float64(0.0), 'eval/eval_time': 0.07276320457458496}
{'training/total_steps': 26000, 'training/updates': 13, 'training/sps': np.float64(20297.982), 'training/walltime': np.float64(3.54), 'training/rollout_time': np.float64(0.096), 'training/update_time': np.float64(0.003), 'training/iterations': 1.0, 'training/kl_div': nan, 'training/line_search_success': 0.0, 'training/new_policy_objective': nan, 'training/policy_objective': 0.0, 'training/value_loss': 0.0}
{'eval/num_episodes': 200, 'eval/num_steps': 200, 'eval/mean_score': np.float64(1.0), 'eval/std_score': np.float64(0.0), 'eval/mean_episode_length': np.float64(1.0), 'eval/std_episode_length': np.float64(0.0), 'eval/eval_time': 0.07355475425720215}
{'training/total_steps': 28000, 'training/updates': 14, 'training/sps': np.float64(19659.494), 'training/walltime': np.float64(3.716), 'training/rollout_time': np.float64(0.099), 'training/update_time': np.float64(0.003), 'training/iterations': 1.0, 'training/kl_div': nan, 'training/line_search_success': 0.0, 'training/new_policy_objective': nan, 'training/policy_objective': 0.0, 'training/value_loss': 0.0}
{'eval/num_episodes': 200, 'eval/num_steps': 200, 'eval/mean_score': np.float64(1.0), 'eval/std_score': np.float64(0.0), 'eval/mean_episode_length': np.float64(1.0), 'eval/std_episode_length': np.float64(0.0), 'eval/eval_time': 0.07190799713134766}
{'training/total_steps': 30000, 'training/updates': 15, 'training/sps': np.float64(19663.504), 'training/walltime': np.float64(3.89), 'training/rollout_time': np.float64(0.098), 'training/update_time': np.float64(0.003), 'training/iterations': 1.0, 'training/kl_div': nan, 'training/line_search_success': 0.0, 'training/new_policy_objective': nan, 'training/policy_objective': 0.0, 'training/value_loss': 0.0}
{'eval/num_episodes': 200, 'eval/num_steps': 200, 'eval/mean_score': np.float64(1.0), 'eval/std_score': np.float64(0.0), 'eval/mean_episode_length': np.float64(1.0), 'eval/std_episode_length': np.float64(0.0), 'eval/eval_time': 0.07341313362121582}
{'training/total_steps': 32000, 'training/updates': 16, 'training/sps': np.float64(18994.394), 'training/walltime': np.float64(4.069), 'training/rollout_time': np.float64(0.102), 'training/update_time': np.float64(0.003), 'training/iterations': 1.0, 'training/kl_div': nan, 'training/line_search_success': 0.0, 'training/new_policy_objective': nan, 'training/policy_objective': 0.0, 'training/value_loss': 0.0}
{'eval/num_episodes': 200, 'eval/num_steps': 200, 'eval/mean_score': np.float64(1.0), 'eval/std_score': np.float64(0.0), 'eval/mean_episode_length': np.float64(1.0), 'eval/std_episode_length': np.float64(0.0), 'eval/eval_time': 0.07182788848876953}
{'training/total_steps': 34000, 'training/updates': 17, 'training/sps': np.float64(19651.757), 'training/walltime': np.float64(4.243), 'training/rollout_time': np.float64(0.098), 'training/update_time': np.float64(0.004), 'training/iterations': 1.0, 'training/kl_div': nan, 'training/line_search_success': 0.0, 'training/new_policy_objective': nan, 'training/policy_objective': 0.0, 'training/value_loss': 0.0}
{'eval/num_episodes': 200, 'eval/num_steps': 200, 'eval/mean_score': np.float64(1.0), 'eval/std_score': np.float64(0.0), 'eval/mean_episode_length': np.float64(1.0), 'eval/std_episode_length': np.float64(0.0), 'eval/eval_time': 0.07485580444335938}
{'training/total_steps': 36000, 'training/updates': 18, 'training/sps': np.float64(19328.545), 'training/walltime': np.float64(4.422), 'training/rollout_time': np.float64(0.1), 'training/update_time': np.float64(0.003), 'training/iterations': 1.0, 'training/kl_div': nan, 'training/line_search_success': 0.0, 'training/new_policy_objective': nan, 'training/policy_objective': 0.0, 'training/value_loss': 0.0}
{'eval/num_episodes': 200, 'eval/num_steps': 200, 'eval/mean_score': np.float64(1.0), 'eval/std_score': np.float64(0.0), 'eval/mean_episode_length': np.float64(1.0), 'eval/std_episode_length': np.float64(0.0), 'eval/eval_time': 0.0729060173034668}
{'training/total_steps': 38000, 'training/updates': 19, 'training/sps': np.float64(18998.265), 'training/walltime': np.float64(4.6), 'training/rollout_time': np.float64(0.102), 'training/update_time': np.float64(0.003), 'training/iterations': 1.0, 'training/kl_div': nan, 'training/line_search_success': 0.0, 'training/new_policy_objective': nan, 'training/policy_objective': 0.0, 'training/value_loss': 0.0}
{'eval/num_episodes': 200, 'eval/num_steps': 200, 'eval/mean_score': np.float64(1.0), 'eval/std_score': np.float64(0.0), 'eval/mean_episode_length': np.float64(1.0), 'eval/std_episode_length': np.float64(0.0), 'eval/eval_time': 0.07451486587524414}
{'training/total_steps': 40000, 'training/updates': 20, 'training/sps': np.float64(18604.39), 'training/walltime': np.float64(4.783), 'training/rollout_time': np.float64(0.101), 'training/update_time': np.float64(0.006), 'training/iterations': 1.0, 'training/kl_div': nan, 'training/line_search_success': 0.0, 'training/new_policy_objective': nan, 'training/policy_objective': 0.0, 'training/value_loss': 0.0}
{'eval/num_episodes': 200, 'eval/num_steps': 200, 'eval/mean_score': np.float64(1.0), 'eval/std_score': np.float64(0.0), 'eval/mean_episode_length': np.float64(1.0), 'eval/std_episode_length': np.float64(0.0), 'eval/eval_time': 0.0735321044921875}
{'training/total_steps': 42000, 'training/updates': 21, 'training/sps': np.float64(19266.529), 'training/walltime': np.float64(4.961), 'training/rollout_time': np.float64(0.101), 'training/update_time': np.float64(0.003), 'training/iterations': 1.0, 'training/kl_div': nan, 'training/line_search_success': 0.0, 'training/new_policy_objective': nan, 'training/policy_objective': 0.0, 'training/value_loss': 0.0}
{'eval/num_episodes': 200, 'eval/num_steps': 200, 'eval/mean_score': np.float64(1.0), 'eval/std_score': np.float64(0.0), 'eval/mean_episode_length': np.float64(1.0), 'eval/std_episode_length': np.float64(0.0), 'eval/eval_time': 0.0705559253692627}
{'training/total_steps': 44000, 'training/updates': 22, 'training/sps': np.float64(20603.237), 'training/walltime': np.float64(5.129), 'training/rollout_time': np.float64(0.094), 'training/update_time': np.float64(0.003), 'training/iterations': 1.0, 'training/kl_div': nan, 'training/line_search_success': 0.0, 'training/new_policy_objective': nan, 'training/policy_objective': 0.0, 'training/value_loss': 0.0}
{'eval/num_episodes': 200, 'eval/num_steps': 200, 'eval/mean_score': np.float64(1.0), 'eval/std_score': np.float64(0.0), 'eval/mean_episode_length': np.float64(1.0), 'eval/std_episode_length': np.float64(0.0), 'eval/eval_time': 0.06933999061584473}
{'training/total_steps': 46000, 'training/updates': 23, 'training/sps': np.float64(20124.963), 'training/walltime': np.float64(5.298), 'training/rollout_time': np.float64(0.096), 'training/update_time': np.float64(0.003), 'training/iterations': 1.0, 'training/kl_div': nan, 'training/line_search_success': 0.125, 'training/new_policy_objective': nan, 'training/policy_objective': 2.3841859597695247e-09, 'training/value_loss': 2.5004676444950746e-06}
{'eval/num_episodes': 200, 'eval/num_steps': 200, 'eval/mean_score': np.float64(1.0), 'eval/std_score': np.float64(0.0), 'eval/mean_episode_length': np.float64(1.0), 'eval/std_episode_length': np.float64(0.0), 'eval/eval_time': 0.06943297386169434}
{'training/total_steps': 48000, 'training/updates': 24, 'training/sps': np.float64(20497.014), 'training/walltime': np.float64(5.465), 'training/rollout_time': np.float64(0.094), 'training/update_time': np.float64(0.003), 'training/iterations': 1.0, 'training/kl_div': 0.00024714216124266386, 'training/line_search_success': 1.0, 'training/new_policy_objective': -0.0007262362632900476, 'training/policy_objective': -0.0007267190958373249, 'training/value_loss': 4.7110892964497e-10}
{'eval/num_episodes': 200, 'eval/num_steps': 200, 'eval/mean_score': np.float64(0.999), 'eval/std_score': np.float64(0.01), 'eval/mean_episode_length': np.float64(1.0), 'eval/std_episode_length': np.float64(0.0), 'eval/eval_time': 0.07020306587219238}
{'training/total_steps': 50000, 'training/updates': 25, 'training/sps': np.float64(20710.516), 'training/walltime': np.float64(5.632), 'training/rollout_time': np.float64(0.093), 'training/update_time': np.float64(0.003), 'training/iterations': 1.0, 'training/kl_div': 0.0003158441395498812, 'training/line_search_success': 1.0, 'training/new_policy_objective': 0.03007139265537262, 'training/policy_objective': 0.027819782495498657, 'training/value_loss': 9.984959433495533e-06}
{'eval/num_episodes': 200, 'eval/num_steps': 200, 'eval/mean_score': np.float64(1.0), 'eval/std_score': np.float64(0.0), 'eval/mean_episode_length': np.float64(1.0), 'eval/std_episode_length': np.float64(0.0), 'eval/eval_time': 0.07050204277038574}
{'training/total_steps': 52000, 'training/updates': 26, 'training/sps': np.float64(20785.181), 'training/walltime': np.float64(5.799), 'training/rollout_time': np.float64(0.093), 'training/update_time': np.float64(0.003), 'training/iterations': 1.0, 'training/kl_div': 0.00026703279581852257, 'training/line_search_success': 1.0, 'training/new_policy_objective': -0.0014512771740555763, 'training/policy_objective': -0.0014523218851536512, 'training/value_loss': 1.505701896498124e-09}
{'eval/num_episodes': 200, 'eval/num_steps': 200, 'eval/mean_score': np.float64(0.999), 'eval/std_score': np.float64(0.007), 'eval/mean_episode_length': np.float64(1.0), 'eval/std_episode_length': np.float64(0.0), 'eval/eval_time': 0.0695791244506836}
{'training/total_steps': 54000, 'training/updates': 27, 'training/sps': np.float64(20762.802), 'training/walltime': np.float64(5.966), 'training/rollout_time': np.float64(0.093), 'training/update_time': np.float64(0.003), 'training/iterations': 1.0, 'training/kl_div': nan, 'training/line_search_success': 0.625, 'training/new_policy_objective': nan, 'training/policy_objective': 0.02577727660536766, 'training/value_loss': 1.4966847629693802e-05}
{'eval/num_episodes': 200, 'eval/num_steps': 200, 'eval/mean_score': np.float64(1.0), 'eval/std_score': np.float64(0.0), 'eval/mean_episode_length': np.float64(1.0), 'eval/std_episode_length': np.float64(0.0), 'eval/eval_time': 0.0700998306274414}
{'training/total_steps': 56000, 'training/updates': 28, 'training/sps': np.float64(19081.932), 'training/walltime': np.float64(6.141), 'training/rollout_time': np.float64(0.102), 'training/update_time': np.float64(0.003), 'training/iterations': 1.0, 'training/kl_div': 0.001977189676836133, 'training/line_search_success': 1.0, 'training/new_policy_objective': -0.001434428384527564, 'training/policy_objective': -0.0014436336932703853, 'training/value_loss': 2.284031186405855e-09}
{'eval/num_episodes': 200, 'eval/num_steps': 200, 'eval/mean_score': np.float64(0.996), 'eval/std_score': np.float64(0.018), 'eval/mean_episode_length': np.float64(1.0), 'eval/std_episode_length': np.float64(0.0), 'eval/eval_time': 0.07363295555114746}
{'training/total_steps': 58000, 'training/updates': 29, 'training/sps': np.float64(16907.471), 'training/walltime': np.float64(6.334), 'training/rollout_time': np.float64(0.099), 'training/update_time': np.float64(0.02), 'training/iterations': 1.0, 'training/kl_div': 0.00216259085573256, 'training/line_search_success': 1.0, 'training/new_policy_objective': 0.18050046265125275, 'training/policy_objective': 0.15213796496391296, 'training/value_loss': 0.00021823286078870296}
{'eval/num_episodes': 200, 'eval/num_steps': 200, 'eval/mean_score': np.float64(1.0), 'eval/std_score': np.float64(0.0), 'eval/mean_episode_length': np.float64(1.0), 'eval/std_episode_length': np.float64(0.0), 'eval/eval_time': 0.08952498435974121}
{'training/total_steps': 60000, 'training/updates': 30, 'training/sps': np.float64(19730.659), 'training/walltime': np.float64(6.525), 'training/rollout_time': np.float64(0.098), 'training/update_time': np.float64(0.003), 'training/iterations': 1.0, 'training/kl_div': nan, 'training/line_search_success': 0.125, 'training/new_policy_objective': nan, 'training/policy_objective': -2.6226045779509377e-09, 'training/value_loss': 3.1598178793501575e-06}
{'eval/num_episodes': 200, 'eval/num_steps': 200, 'eval/mean_score': np.float64(1.0), 'eval/std_score': np.float64(0.0), 'eval/mean_episode_length': np.float64(1.0), 'eval/std_episode_length': np.float64(0.0), 'eval/eval_time': 0.0943443775177002}
TRAINING END: training duration: 6.620049953460693
{'final_eval/num_episodes': 200, 'final_eval/num_steps': 200, 'final_eval/mean_score': np.float64(1.0), 'final_eval/std_score': np.float64(0.0), 'final_eval/mean_episode_length': np.float64(1.0), 'final_eval/std_episode_length': np.float64(0.0)}
4(0.0)}
