|param: value|
|experiment_name:  cleanba_ppo|
|seed:  7|
|platform:  cpu|
|write_logs_to_file:  False|
|save_model:  False|
|env_name:  bandit|
|num_envs:  8|
|num_train_levels:  200|
|distribution_mode:  easy|
|arm_means:  (1.0, 0.9)|
|deterministic_rewards:  True|
|eval_env:  True|
|num_eval_episodes:  200|
|eval_every:  1|
|deterministic_eval:  False|
|total_timesteps:  60000|
|learning_rate:  0.00025|
|adam_eps:  1e-05|
|unroll_length:  250|
|anneal_lr:  False|
|gamma:  0.99|
|gae_lambda:  0.95|
|num_minibatches:  4|
|update_epochs:  4|
|normalize_advantages:  True|
|clip_eps:  0.1|
|clip_vloss:  True|
|entropy_cost:  0.0|
|vf_cost:  0.5|
|max_grad_norm:  0.5|
|use_cnn:  False|
|policy_hidden_layer_sizes:  ()|
|value_hidden_layer_sizes:  ()|
|activation:  <jax._src.custom_derivatives.custom_jvp object at 0x116a28dd0>|
|policy_init_logit_bias:  [1.0, 0.0]|
{'training/total_steps': 2000, 'training/updates': 1, 'training/sps': np.float64(2317.604), 'training/walltime': np.float64(0.863), 'training/rollout_time': np.float64(0.406), 'training/update_time': np.float64(0.457), 'training/approx_kl': 1.7877087884698994e-05, 'training/entropy': 0.5795372724533081, 'training/policy_loss': -0.005958583205938339, 'training/total_loss': 1.5074782371520996, 'training/value_loss': 3.0268735885620117}
{'eval/num_episodes': 200, 'eval/num_steps': 200, 'eval/mean_score': np.float64(0.975), 'eval/std_score': np.float64(0.043), 'eval/mean_episode_length': np.float64(1.0), 'eval/std_episode_length': np.float64(0.0), 'eval/eval_time': 0.0715188980102539}
{'training/total_steps': 4000, 'training/updates': 2, 'training/sps': np.float64(13918.958), 'training/walltime': np.float64(1.078), 'training/rollout_time': np.float64(0.135), 'training/update_time': np.float64(0.008), 'training/approx_kl': 1.8209921108791605e-05, 'training/entropy': 0.5763508081436157, 'training/policy_loss': -0.005973951891064644, 'training/total_loss': 1.4969754219055176, 'training/value_loss': 3.0058984756469727}
{'eval/num_episodes': 200, 'eval/num_steps': 200, 'eval/mean_score': np.float64(0.972), 'eval/std_score': np.float64(0.045), 'eval/mean_episode_length': np.float64(1.0), 'eval/std_episode_length': np.float64(0.0), 'eval/eval_time': 0.0706028938293457}
{'training/total_steps': 6000, 'training/updates': 3, 'training/sps': np.float64(14004.331), 'training/walltime': np.float64(1.292), 'training/rollout_time': np.float64(0.134), 'training/update_time': np.float64(0.008), 'training/approx_kl': 1.8109800294041634e-05, 'training/entropy': 0.5731371641159058, 'training/policy_loss': -0.00596260279417038, 'training/total_loss': 1.4876272678375244, 'training/value_loss': 2.987179756164551}
{'eval/num_episodes': 200, 'eval/num_steps': 200, 'eval/mean_score': np.float64(0.974), 'eval/std_score': np.float64(0.044), 'eval/mean_episode_length': np.float64(1.0), 'eval/std_episode_length': np.float64(0.0), 'eval/eval_time': 0.07226896286010742}
{'training/total_steps': 8000, 'training/updates': 4, 'training/sps': np.float64(14478.294), 'training/walltime': np.float64(1.503), 'training/rollout_time': np.float64(0.13), 'training/update_time': np.float64(0.008), 'training/approx_kl': 1.7535030565341003e-05, 'training/entropy': 0.5699080228805542, 'training/policy_loss': -0.005879719275981188, 'training/total_loss': 1.4790358543395996, 'training/value_loss': 2.9698312282562256}
{'eval/num_episodes': 200, 'eval/num_steps': 200, 'eval/mean_score': np.float64(0.974), 'eval/std_score': np.float64(0.044), 'eval/mean_episode_length': np.float64(1.0), 'eval/std_episode_length': np.float64(0.0), 'eval/eval_time': 0.07529592514038086}
{'training/total_steps': 10000, 'training/updates': 5, 'training/sps': np.float64(13834.894), 'training/walltime': np.float64(1.723), 'training/rollout_time': np.float64(0.136), 'training/update_time': np.float64(0.008), 'training/approx_kl': 1.773053372744471e-05, 'training/entropy': 0.566653847694397, 'training/policy_loss': -0.005914083682000637, 'training/total_loss': 1.4688496589660645, 'training/value_loss': 2.9495275020599365}
{'eval/num_episodes': 200, 'eval/num_steps': 200, 'eval/mean_score': np.float64(0.977), 'eval/std_score': np.float64(0.042), 'eval/mean_episode_length': np.float64(1.0), 'eval/std_episode_length': np.float64(0.0), 'eval/eval_time': 0.07295918464660645}
{'training/total_steps': 12000, 'training/updates': 6, 'training/sps': np.float64(10725.419), 'training/walltime': np.float64(1.983), 'training/rollout_time': np.float64(0.177), 'training/update_time': np.float64(0.01), 'training/approx_kl': 1.695585342531558e-05, 'training/entropy': 0.5633850693702698, 'training/policy_loss': -0.005775751080363989, 'training/total_loss': 1.460962176322937, 'training/value_loss': 2.9334757328033447}
{'eval/num_episodes': 200, 'eval/num_steps': 200, 'eval/mean_score': np.float64(0.97), 'eval/std_score': np.float64(0.046), 'eval/mean_episode_length': np.float64(1.0), 'eval/std_episode_length': np.float64(0.0), 'eval/eval_time': 0.07830381393432617}
{'training/total_steps': 14000, 'training/updates': 7, 'training/sps': np.float64(13475.156), 'training/walltime': np.float64(2.21), 'training/rollout_time': np.float64(0.14), 'training/update_time': np.float64(0.009), 'training/approx_kl': 1.7738328097038902e-05, 'training/entropy': 0.5600863695144653, 'training/policy_loss': -0.00591938616707921, 'training/total_loss': 1.4493563175201416, 'training/value_loss': 2.9105515480041504}
{'eval/num_episodes': 200, 'eval/num_steps': 200, 'eval/mean_score': np.float64(0.982), 'eval/std_score': np.float64(0.038), 'eval/mean_episode_length': np.float64(1.0), 'eval/std_episode_length': np.float64(0.0), 'eval/eval_time': 0.09874701499938965}
{'training/total_steps': 16000, 'training/updates': 8, 'training/sps': np.float64(11592.111), 'training/walltime': np.float64(2.482), 'training/rollout_time': np.float64(0.153), 'training/update_time': np.float64(0.019), 'training/approx_kl': 1.670238452788908e-05, 'training/entropy': 0.5567681193351746, 'training/policy_loss': -0.0057454779744148254, 'training/total_loss': 1.4422171115875244, 'training/value_loss': 2.895925521850586}
{'eval/num_episodes': 200, 'eval/num_steps': 200, 'eval/mean_score': np.float64(0.971), 'eval/std_score': np.float64(0.045), 'eval/mean_episode_length': np.float64(1.0), 'eval/std_episode_length': np.float64(0.0), 'eval/eval_time': 0.12224292755126953}
{'training/total_steps': 18000, 'training/updates': 9, 'training/sps': np.float64(11031.241), 'training/walltime': np.float64(2.786), 'training/rollout_time': np.float64(0.173), 'training/update_time': np.float64(0.009), 'training/approx_kl': 1.6034171494538896e-05, 'training/entropy': 0.5534608364105225, 'training/policy_loss': -0.005620550364255905, 'training/total_loss': 1.4338374137878418, 'training/value_loss': 2.878916025161743}
{'eval/num_episodes': 200, 'eval/num_steps': 200, 'eval/mean_score': np.float64(0.977), 'eval/std_score': np.float64(0.042), 'eval/mean_episode_length': np.float64(1.0), 'eval/std_episode_length': np.float64(0.0), 'eval/eval_time': 0.07394218444824219}
{'training/total_steps': 20000, 'training/updates': 10, 'training/sps': np.float64(13820.147), 'training/walltime': np.float64(3.005), 'training/rollout_time': np.float64(0.136), 'training/update_time': np.float64(0.009), 'training/approx_kl': 1.564340345794335e-05, 'training/entropy': 0.5501509308815002, 'training/policy_loss': -0.005532423034310341, 'training/total_loss': 1.4250199794769287, 'training/value_loss': 2.861104965209961}
{'eval/num_episodes': 200, 'eval/num_steps': 200, 'eval/mean_score': np.float64(0.976), 'eval/std_score': np.float64(0.043), 'eval/mean_episode_length': np.float64(1.0), 'eval/std_episode_length': np.float64(0.0), 'eval/eval_time': 0.07519817352294922}
{'training/total_steps': 22000, 'training/updates': 11, 'training/sps': np.float64(14026.858), 'training/walltime': np.float64(3.223), 'training/rollout_time': np.float64(0.134), 'training/update_time': np.float64(0.009), 'training/approx_kl': 1.6672880519763567e-05, 'training/entropy': 0.5467996597290039, 'training/policy_loss': -0.00574455363675952, 'training/total_loss': 1.4132945537567139, 'training/value_loss': 2.838078260421753}
{'eval/num_episodes': 200, 'eval/num_steps': 200, 'eval/mean_score': np.float64(0.978), 'eval/std_score': np.float64(0.041), 'eval/mean_episode_length': np.float64(1.0), 'eval/std_episode_length': np.float64(0.0), 'eval/eval_time': 0.07163810729980469}
{'training/total_steps': 24000, 'training/updates': 12, 'training/sps': np.float64(13825.431), 'training/walltime': np.float64(3.439), 'training/rollout_time': np.float64(0.136), 'training/update_time': np.float64(0.009), 'training/approx_kl': 1.730670192046091e-05, 'training/entropy': 0.5433853268623352, 'training/policy_loss': -0.005843752529472113, 'training/total_loss': 1.4030516147613525, 'training/value_loss': 2.817790985107422}
{'eval/num_episodes': 200, 'eval/num_steps': 200, 'eval/mean_score': np.float64(0.976), 'eval/std_score': np.float64(0.042), 'eval/mean_episode_length': np.float64(1.0), 'eval/std_episode_length': np.float64(0.0), 'eval/eval_time': 0.07179999351501465}
{'training/total_steps': 26000, 'training/updates': 13, 'training/sps': np.float64(13970.117), 'training/walltime': np.float64(3.654), 'training/rollout_time': np.float64(0.135), 'training/update_time': np.float64(0.008), 'training/approx_kl': 1.6708301700418815e-05, 'training/entropy': 0.5399512648582458, 'training/policy_loss': -0.005736257880926132, 'training/total_loss': 1.394749641418457, 'training/value_loss': 2.8009719848632812}
{'eval/num_episodes': 200, 'eval/num_steps': 200, 'eval/mean_score': np.float64(0.978), 'eval/std_score': np.float64(0.041), 'eval/mean_episode_length': np.float64(1.0), 'eval/std_episode_length': np.float64(0.0), 'eval/eval_time': 0.11499810218811035}
{'training/total_steps': 28000, 'training/updates': 14, 'training/sps': np.float64(12329.461), 'training/walltime': np.float64(3.932), 'training/rollout_time': np.float64(0.154), 'training/update_time': np.float64(0.009), 'training/approx_kl': 1.5682413504691795e-05, 'training/entropy': 0.5365296006202698, 'training/policy_loss': -0.0055651068687438965, 'training/total_loss': 1.387275218963623, 'training/value_loss': 2.7856807708740234}
{'eval/num_episodes': 200, 'eval/num_steps': 200, 'eval/mean_score': np.float64(0.979), 'eval/std_score': np.float64(0.04), 'eval/mean_episode_length': np.float64(1.0), 'eval/std_episode_length': np.float64(0.0), 'eval/eval_time': 0.07265520095825195}
{'training/total_steps': 30000, 'training/updates': 15, 'training/sps': np.float64(13723.806), 'training/walltime': np.float64(4.151), 'training/rollout_time': np.float64(0.137), 'training/update_time': np.float64(0.009), 'training/approx_kl': 1.523330865893513e-05, 'training/entropy': 0.5331294536590576, 'training/policy_loss': -0.005477079190313816, 'training/total_loss': 1.378666639328003, 'training/value_loss': 2.7682876586914062}
{'eval/num_episodes': 200, 'eval/num_steps': 200, 'eval/mean_score': np.float64(0.98), 'eval/std_score': np.float64(0.04), 'eval/mean_episode_length': np.float64(1.0), 'eval/std_episode_length': np.float64(0.0), 'eval/eval_time': 0.07590913772583008}
{'training/total_steps': 32000, 'training/updates': 16, 'training/sps': np.float64(13836.354), 'training/walltime': np.float64(4.371), 'training/rollout_time': np.float64(0.136), 'training/update_time': np.float64(0.008), 'training/approx_kl': 1.4961139640945476e-05, 'training/entropy': 0.5297268629074097, 'training/policy_loss': -0.00542765436694026, 'training/total_loss': 1.369748592376709, 'training/value_loss': 2.750352382659912}
{'eval/num_episodes': 200, 'eval/num_steps': 200, 'eval/mean_score': np.float64(0.985), 'eval/std_score': np.float64(0.035), 'eval/mean_episode_length': np.float64(1.0), 'eval/std_episode_length': np.float64(0.0), 'eval/eval_time': 0.07199287414550781}
{'training/total_steps': 34000, 'training/updates': 17, 'training/sps': np.float64(13867.324), 'training/walltime': np.float64(4.588), 'training/rollout_time': np.float64(0.136), 'training/update_time': np.float64(0.009), 'training/approx_kl': 1.5183955838438123e-05, 'training/entropy': 0.5262997150421143, 'training/policy_loss': -0.005485784262418747, 'training/total_loss': 1.3597204685211182, 'training/value_loss': 2.730412483215332}
{'eval/num_episodes': 200, 'eval/num_steps': 200, 'eval/mean_score': np.float64(0.976), 'eval/std_score': np.float64(0.042), 'eval/mean_episode_length': np.float64(1.0), 'eval/std_episode_length': np.float64(0.0), 'eval/eval_time': 0.07532215118408203}
{'training/total_steps': 36000, 'training/updates': 18, 'training/sps': np.float64(6929.744), 'training/walltime': np.float64(4.952), 'training/rollout_time': np.float64(0.241), 'training/update_time': np.float64(0.048), 'training/approx_kl': 1.722586966934614e-05, 'training/entropy': 0.522797703742981, 'training/policy_loss': -0.005839102901518345, 'training/total_loss': 1.347061038017273, 'training/value_loss': 2.7058002948760986}
{'eval/num_episodes': 200, 'eval/num_steps': 200, 'eval/mean_score': np.float64(0.979), 'eval/std_score': np.float64(0.04), 'eval/mean_episode_length': np.float64(1.0), 'eval/std_episode_length': np.float64(0.0), 'eval/eval_time': 0.11740589141845703}
{'training/total_steps': 38000, 'training/updates': 19, 'training/sps': np.float64(12175.136), 'training/walltime': np.float64(5.234), 'training/rollout_time': np.float64(0.156), 'training/update_time': np.float64(0.008), 'training/approx_kl': 1.5737550711492077e-05, 'training/entropy': 0.519278883934021, 'training/policy_loss': -0.005542156286537647, 'training/total_loss': 1.3414700031280518, 'training/value_loss': 2.6940243244171143}
{'eval/num_episodes': 200, 'eval/num_steps': 200, 'eval/mean_score': np.float64(0.978), 'eval/std_score': np.float64(0.041), 'eval/mean_episode_length': np.float64(1.0), 'eval/std_episode_length': np.float64(0.0), 'eval/eval_time': 0.08012008666992188}
{'training/total_steps': 40000, 'training/updates': 20, 'training/sps': np.float64(12642.166), 'training/walltime': np.float64(5.473), 'training/rollout_time': np.float64(0.15), 'training/update_time': np.float64(0.009), 'training/approx_kl': 1.4741630366188474e-05, 'training/entropy': 0.5158065557479858, 'training/policy_loss': -0.00537532102316618, 'training/total_loss': 1.3334336280822754, 'training/value_loss': 2.6776177883148193}
{'eval/num_episodes': 200, 'eval/num_steps': 200, 'eval/mean_score': np.float64(0.979), 'eval/std_score': np.float64(0.041), 'eval/mean_episode_length': np.float64(1.0), 'eval/std_episode_length': np.float64(0.0), 'eval/eval_time': 0.07506012916564941}
{'training/total_steps': 42000, 'training/updates': 21, 'training/sps': np.float64(13369.173), 'training/walltime': np.float64(5.698), 'training/rollout_time': np.float64(0.141), 'training/update_time': np.float64(0.008), 'training/approx_kl': 1.4521026059810538e-05, 'training/entropy': 0.5123423933982849, 'training/policy_loss': -0.005359194241464138, 'training/total_loss': 1.3241777420043945, 'training/value_loss': 2.659073829650879}
{'eval/num_episodes': 200, 'eval/num_steps': 200, 'eval/mean_score': np.float64(0.979), 'eval/std_score': np.float64(0.041), 'eval/mean_episode_length': np.float64(1.0), 'eval/std_episode_length': np.float64(0.0), 'eval/eval_time': 0.07452511787414551}
{'training/total_steps': 44000, 'training/updates': 22, 'training/sps': np.float64(13300.768), 'training/walltime': np.float64(5.923), 'training/rollout_time': np.float64(0.142), 'training/update_time': np.float64(0.009), 'training/approx_kl': 1.4544002624461427e-05, 'training/entropy': 0.508863627910614, 'training/policy_loss': -0.005373870488256216, 'training/total_loss': 1.3149265050888062, 'training/value_loss': 2.6406009197235107}
{'eval/num_episodes': 200, 'eval/num_steps': 200, 'eval/mean_score': np.float64(0.973), 'eval/std_score': np.float64(0.044), 'eval/mean_episode_length': np.float64(1.0), 'eval/std_episode_length': np.float64(0.0), 'eval/eval_time': 0.07568192481994629}
{'training/total_steps': 46000, 'training/updates': 23, 'training/sps': np.float64(13900.276), 'training/walltime': np.float64(6.143), 'training/rollout_time': np.float64(0.135), 'training/update_time': np.float64(0.008), 'training/approx_kl': 1.5311867173295468e-05, 'training/entropy': 0.5053508877754211, 'training/policy_loss': -0.005483458749949932, 'training/total_loss': 1.3048386573791504, 'training/value_loss': 2.6206443309783936}
{'eval/num_episodes': 200, 'eval/num_steps': 200, 'eval/mean_score': np.float64(0.978), 'eval/std_score': np.float64(0.041), 'eval/mean_episode_length': np.float64(1.0), 'eval/std_episode_length': np.float64(0.0), 'eval/eval_time': 0.1303560733795166}
{'training/total_steps': 48000, 'training/updates': 24, 'training/sps': np.float64(9921.324), 'training/walltime': np.float64(6.475), 'training/rollout_time': np.float64(0.193), 'training/update_time': np.float64(0.009), 'training/approx_kl': 1.4238506992114708e-05, 'training/entropy': 0.5018389225006104, 'training/policy_loss': -0.005269142799079418, 'training/total_loss': 1.297752857208252, 'training/value_loss': 2.606043815612793}
{'eval/num_episodes': 200, 'eval/num_steps': 200, 'eval/mean_score': np.float64(0.983), 'eval/std_score': np.float64(0.038), 'eval/mean_episode_length': np.float64(1.0), 'eval/std_episode_length': np.float64(0.0), 'eval/eval_time': 0.07806396484375}
{'training/total_steps': 50000, 'training/updates': 25, 'training/sps': np.float64(13825.5), 'training/walltime': np.float64(6.698), 'training/rollout_time': np.float64(0.136), 'training/update_time': np.float64(0.009), 'training/approx_kl': 1.4648892829427496e-05, 'training/entropy': 0.49832460284233093, 'training/policy_loss': -0.00537386117503047, 'training/total_loss': 1.2875580787658691, 'training/value_loss': 2.5858638286590576}
{'eval/num_episodes': 200, 'eval/num_steps': 200, 'eval/mean_score': np.float64(0.988), 'eval/std_score': np.float64(0.032), 'eval/mean_episode_length': np.float64(1.0), 'eval/std_episode_length': np.float64(0.0), 'eval/eval_time': 0.07358908653259277}
{'training/total_steps': 52000, 'training/updates': 26, 'training/sps': np.float64(13426.886), 'training/walltime': np.float64(6.921), 'training/rollout_time': np.float64(0.13), 'training/update_time': np.float64(0.019), 'training/approx_kl': 1.4019660738995299e-05, 'training/entropy': 0.49480509757995605, 'training/policy_loss': -0.005241950508207083, 'training/total_loss': 1.279763102531433, 'training/value_loss': 2.570010185241699}
{'eval/num_episodes': 200, 'eval/num_steps': 200, 'eval/mean_score': np.float64(0.98), 'eval/std_score': np.float64(0.04), 'eval/mean_episode_length': np.float64(1.0), 'eval/std_episode_length': np.float64(0.0), 'eval/eval_time': 0.09193277359008789}
{'training/total_steps': 54000, 'training/updates': 27, 'training/sps': np.float64(13064.618), 'training/walltime': np.float64(7.167), 'training/rollout_time': np.float64(0.14), 'training/update_time': np.float64(0.014), 'training/approx_kl': 1.5258752682711929e-05, 'training/entropy': 0.49125176668167114, 'training/policy_loss': -0.005476907826960087, 'training/total_loss': 1.26852285861969, 'training/value_loss': 2.547999382019043}
{'eval/num_episodes': 200, 'eval/num_steps': 200, 'eval/mean_score': np.float64(0.974), 'eval/std_score': np.float64(0.044), 'eval/mean_episode_length': np.float64(1.0), 'eval/std_episode_length': np.float64(0.0), 'eval/eval_time': 0.08297228813171387}
{'training/total_steps': 56000, 'training/updates': 28, 'training/sps': np.float64(13607.576), 'training/walltime': np.float64(7.397), 'training/rollout_time': np.float64(0.138), 'training/update_time': np.float64(0.009), 'training/approx_kl': 1.5235320461215451e-05, 'training/entropy': 0.4876602590084076, 'training/policy_loss': -0.005474938079714775, 'training/total_loss': 1.2600855827331543, 'training/value_loss': 2.531120777130127}
{'eval/num_episodes': 200, 'eval/num_steps': 200, 'eval/mean_score': np.float64(0.982), 'eval/std_score': np.float64(0.038), 'eval/mean_episode_length': np.float64(1.0), 'eval/std_episode_length': np.float64(0.0), 'eval/eval_time': 0.0750420093536377}
{'training/total_steps': 58000, 'training/updates': 29, 'training/sps': np.float64(13736.459), 'training/walltime': np.float64(7.618), 'training/rollout_time': np.float64(0.137), 'training/update_time': np.float64(0.009), 'training/approx_kl': 1.5178829926298931e-05, 'training/entropy': 0.4840713143348694, 'training/policy_loss': -0.005425138399004936, 'training/total_loss': 1.251498818397522, 'training/value_loss': 2.513848066329956}
{'eval/num_episodes': 200, 'eval/num_steps': 200, 'eval/mean_score': np.float64(0.983), 'eval/std_score': np.float64(0.038), 'eval/mean_episode_length': np.float64(1.0), 'eval/std_episode_length': np.float64(0.0), 'eval/eval_time': 0.07517600059509277}
{'training/total_steps': 60000, 'training/updates': 30, 'training/sps': np.float64(12650.307), 'training/walltime': np.float64(7.851), 'training/rollout_time': np.float64(0.148), 'training/update_time': np.float64(0.01), 'training/approx_kl': 1.4127083886705805e-05, 'training/entropy': 0.4805034101009369, 'training/policy_loss': -0.005281905643641949, 'training/total_loss': 1.244065761566162, 'training/value_loss': 2.4986953735351562}
{'eval/num_episodes': 200, 'eval/num_steps': 200, 'eval/mean_score': np.float64(0.983), 'eval/std_score': np.float64(0.037), 'eval/mean_episode_length': np.float64(1.0), 'eval/std_episode_length': np.float64(0.0), 'eval/eval_time': 0.07724785804748535}
TRAINING END: training duration: 7.928807735443115
{'final_eval/num_episodes': 200, 'final_eval/num_steps': 200, 'final_eval/mean_score': np.float64(1.0), 'final_eval/std_score': np.float64(0.0), 'final_eval/mean_episode_length': np.float64(1.0), 'final_eval/std_episode_length': np.float64(0.0)}

