|param: value|
|experiment_name:  pc_reinforce|
|seed:  7|
|write_logs_to_file:  False|
|save_model:  False|
|env_name:  bandit|
|num_envs:  8|
|num_train_levels:  200|
|distribution_mode:  easy|
|arm_means:  (1.0, 0.9)|
|deterministic_rewards:  True|
|eval_env:  True|
|num_eval_episodes:  200|
|eval_every:  1|
|total_timesteps:  60000|
|unroll_length:  250|
|learning_rate:  0.01|
|target_scale:  1.0|
|pc_steps_per_update:  1|
|max_t1:  20|
|width:  32|
|depth:  2|
|act_fn:  relu|
|policy_init_logit_bias:  [1.0, 0.0]|
|use_cnn:  False|
|policy_hidden_layer_sizes:  ()|
|value_hidden_layer_sizes:  ()|
|anneal_lr:  False|
|entropy_cost:  0.0|
|deterministic_eval:  False|
|gamma:  0.99|
{'training/total_steps': 2000, 'training/updates': 1, 'training/walltime': np.float64(1.48), 'training/update_time': np.float64(1.48), 'training/pc_loss': 0.0007998158107511699, 'training/mean_reward': 0.9737499952316284, 'training/mean_advantage_abs': 0.038718752562999725}
{'eval/num_episodes': 200, 'eval/mean_score': np.float64(0.975), 'eval/std_score': np.float64(0.0433), 'eval/mean_episode_length': np.float64(1.0)}
{'training/total_steps': 4000, 'training/updates': 2, 'training/walltime': np.float64(1.76), 'training/update_time': np.float64(0.104), 'training/pc_loss': 0.0008207474020309746, 'training/mean_reward': 0.9764500260353088, 'training/mean_advantage_abs': 0.036007948219776154}
{'eval/num_episodes': 200, 'eval/mean_score': np.float64(0.9755), 'eval/std_score': np.float64(0.043), 'eval/mean_episode_length': np.float64(1.0)}
{'training/total_steps': 6000, 'training/updates': 3, 'training/walltime': np.float64(1.863), 'training/update_time': np.float64(0.103), 'training/pc_loss': 0.0008463129051961005, 'training/mean_reward': 0.9782000184059143, 'training/mean_advantage_abs': 0.03409520164132118}
{'eval/num_episodes': 200, 'eval/mean_score': np.float64(0.9815), 'eval/std_score': np.float64(0.0388), 'eval/mean_episode_length': np.float64(1.0)}
{'training/total_steps': 8000, 'training/updates': 4, 'training/walltime': np.float64(1.972), 'training/update_time': np.float64(0.108), 'training/pc_loss': 0.0008142379811033607, 'training/mean_reward': 0.9820000529289246, 'training/mean_advantage_abs': 0.02951997146010399}
{'eval/num_episodes': 200, 'eval/mean_score': np.float64(0.9815), 'eval/std_score': np.float64(0.0388), 'eval/mean_episode_length': np.float64(1.0)}
{'training/total_steps': 10000, 'training/updates': 5, 'training/walltime': np.float64(2.076), 'training/update_time': np.float64(0.103), 'training/pc_loss': 0.0007636985392309725, 'training/mean_reward': 0.9851999878883362, 'training/mean_advantage_abs': 0.02521921694278717}
{'eval/num_episodes': 200, 'eval/mean_score': np.float64(0.984), 'eval/std_score': np.float64(0.0367), 'eval/mean_episode_length': np.float64(1.0)}
{'training/total_steps': 12000, 'training/updates': 6, 'training/walltime': np.float64(2.241), 'training/update_time': np.float64(0.164), 'training/pc_loss': 0.0007614045171067119, 'training/mean_reward': 0.9863501191139221, 'training/mean_advantage_abs': 0.023573467507958412}
{'eval/num_episodes': 200, 'eval/mean_score': np.float64(0.989), 'eval/std_score': np.float64(0.0313), 'eval/mean_episode_length': np.float64(1.0)}
{'training/total_steps': 14000, 'training/updates': 7, 'training/walltime': np.float64(2.35), 'training/update_time': np.float64(0.108), 'training/pc_loss': 0.0006935906130820513, 'training/mean_reward': 0.9887500405311584, 'training/mean_advantage_abs': 0.019968722015619278}
{'eval/num_episodes': 200, 'eval/mean_score': np.float64(0.9885), 'eval/std_score': np.float64(0.0319), 'eval/mean_episode_length': np.float64(1.0)}
{'training/total_steps': 16000, 'training/updates': 8, 'training/walltime': np.float64(2.455), 'training/update_time': np.float64(0.104), 'training/pc_loss': 0.0006701180245727301, 'training/mean_reward': 0.9898000955581665, 'training/mean_advantage_abs': 0.018319126218557358}
{'eval/num_episodes': 200, 'eval/mean_score': np.float64(0.9915), 'eval/std_score': np.float64(0.0279), 'eval/mean_episode_length': np.float64(1.0)}
{'training/total_steps': 18000, 'training/updates': 9, 'training/walltime': np.float64(2.557), 'training/update_time': np.float64(0.102), 'training/pc_loss': 0.0006286176503635943, 'training/mean_reward': 0.9910000562667847, 'training/mean_advantage_abs': 0.016379956156015396}
{'eval/num_episodes': 200, 'eval/mean_score': np.float64(0.992), 'eval/std_score': np.float64(0.0271), 'eval/mean_episode_length': np.float64(1.0)}
{'training/total_steps': 20000, 'training/updates': 10, 'training/walltime': np.float64(2.667), 'training/update_time': np.float64(0.109), 'training/pc_loss': 0.0004505239485297352, 'training/mean_reward': 0.9941500425338745, 'training/mean_advantage_abs': 0.011015512980520725}
{'eval/num_episodes': 200, 'eval/mean_score': np.float64(0.996), 'eval/std_score': np.float64(0.0196), 'eval/mean_episode_length': np.float64(1.0)}
{'training/total_steps': 22000, 'training/updates': 11, 'training/walltime': np.float64(2.774), 'training/update_time': np.float64(0.107), 'training/pc_loss': 0.0004304347385186702, 'training/mean_reward': 0.9946000576019287, 'training/mean_advantage_abs': 0.010216747410595417}
{'eval/num_episodes': 200, 'eval/mean_score': np.float64(0.995), 'eval/std_score': np.float64(0.0218), 'eval/mean_episode_length': np.float64(1.0)}
{'training/total_steps': 24000, 'training/updates': 12, 'training/walltime': np.float64(2.879), 'training/update_time': np.float64(0.104), 'training/pc_loss': 0.00038442821823991835, 'training/mean_reward': 0.9953501224517822, 'training/mean_advantage_abs': 0.008867439813911915}
{'eval/num_episodes': 200, 'eval/mean_score': np.float64(0.9975), 'eval/std_score': np.float64(0.0156), 'eval/mean_episode_length': np.float64(1.0)}
{'training/total_steps': 26000, 'training/updates': 13, 'training/walltime': np.float64(2.984), 'training/update_time': np.float64(0.104), 'training/pc_loss': 0.0003449057403486222, 'training/mean_reward': 0.9959501028060913, 'training/mean_advantage_abs': 0.007771857548505068}
{'eval/num_episodes': 200, 'eval/mean_score': np.float64(0.995), 'eval/std_score': np.float64(0.0218), 'eval/mean_episode_length': np.float64(1.0)}
{'training/total_steps': 28000, 'training/updates': 14, 'training/walltime': np.float64(3.091), 'training/update_time': np.float64(0.106), 'training/pc_loss': 0.00026481226086616516, 'training/mean_reward': 0.9970001578330994, 'training/mean_advantage_abs': 0.005819852463901043}
{'eval/num_episodes': 200, 'eval/mean_score': np.float64(0.9975), 'eval/std_score': np.float64(0.0156), 'eval/mean_episode_length': np.float64(1.0)}
{'training/total_steps': 30000, 'training/updates': 15, 'training/walltime': np.float64(3.201), 'training/update_time': np.float64(0.11), 'training/pc_loss': 0.00019534981402102858, 'training/mean_reward': 0.9978501200675964, 'training/mean_advantage_abs': 0.004207435995340347}
{'eval/num_episodes': 200, 'eval/mean_score': np.float64(0.999), 'eval/std_score': np.float64(0.0099), 'eval/mean_episode_length': np.float64(1.0)}
{'training/total_steps': 32000, 'training/updates': 16, 'training/walltime': np.float64(3.306), 'training/update_time': np.float64(0.105), 'training/pc_loss': 0.0001662501454120502, 'training/mean_reward': 0.9982000589370728, 'training/mean_advantage_abs': 0.003535144031047821}
{'eval/num_episodes': 200, 'eval/mean_score': np.float64(0.997), 'eval/std_score': np.float64(0.0171), 'eval/mean_episode_length': np.float64(1.0)}
{'training/total_steps': 34000, 'training/updates': 17, 'training/walltime': np.float64(3.426), 'training/update_time': np.float64(0.119), 'training/pc_loss': 0.00012677384074777365, 'training/mean_reward': 0.998650074005127, 'training/mean_advantage_abs': 0.0026634784881025553}
{'eval/num_episodes': 200, 'eval/mean_score': np.float64(0.9995), 'eval/std_score': np.float64(0.0071), 'eval/mean_episode_length': np.float64(1.0)}
{'training/total_steps': 36000, 'training/updates': 18, 'training/walltime': np.float64(3.532), 'training/update_time': np.float64(0.105), 'training/pc_loss': 0.0001412753772456199, 'training/mean_reward': 0.9985001683235168, 'training/mean_advantage_abs': 0.00295483716763556}
{'eval/num_episodes': 200, 'eval/mean_score': np.float64(0.9985), 'eval/std_score': np.float64(0.0122), 'eval/mean_episode_length': np.float64(1.0)}
{'training/total_steps': 38000, 'training/updates': 19, 'training/walltime': np.float64(3.634), 'training/update_time': np.float64(0.102), 'training/pc_loss': 0.00010028563701780513, 'training/mean_reward': 0.9989501237869263, 'training/mean_advantage_abs': 0.0020778293255716562}
{'eval/num_episodes': 200, 'eval/mean_score': np.float64(0.9995), 'eval/std_score': np.float64(0.0071), 'eval/mean_episode_length': np.float64(1.0)}
{'training/total_steps': 40000, 'training/updates': 20, 'training/walltime': np.float64(3.738), 'training/update_time': np.float64(0.103), 'training/pc_loss': 0.00010536954505369067, 'training/mean_reward': 0.9989001750946045, 'training/mean_advantage_abs': 0.0021756289061158895}
{'eval/num_episodes': 200, 'eval/mean_score': np.float64(0.9985), 'eval/std_score': np.float64(0.0122), 'eval/mean_episode_length': np.float64(1.0)}
{'training/total_steps': 42000, 'training/updates': 21, 'training/walltime': np.float64(3.845), 'training/update_time': np.float64(0.106), 'training/pc_loss': 8.683951455168426e-05, 'training/mean_reward': 0.9991001486778259, 'training/mean_advantage_abs': 0.0017836543265730143}
{'eval/num_episodes': 200, 'eval/mean_score': np.float64(1.0), 'eval/std_score': np.float64(0.0), 'eval/mean_episode_length': np.float64(1.0)}
{'training/total_steps': 44000, 'training/updates': 22, 'training/walltime': np.float64(3.952), 'training/update_time': np.float64(0.106), 'training/pc_loss': 7.277679105754942e-05, 'training/mean_reward': 0.9992501139640808, 'training/mean_advantage_abs': 0.001488637994043529}
{'eval/num_episodes': 200, 'eval/mean_score': np.float64(0.9995), 'eval/std_score': np.float64(0.0071), 'eval/mean_episode_length': np.float64(1.0)}
{'training/total_steps': 46000, 'training/updates': 23, 'training/walltime': np.float64(4.056), 'training/update_time': np.float64(0.103), 'training/pc_loss': 6.814052176196128e-05, 'training/mean_reward': 0.9993001222610474, 'training/mean_advantage_abs': 0.0013900797348469496}
{'eval/num_episodes': 200, 'eval/mean_score': np.float64(0.999), 'eval/std_score': np.float64(0.0099), 'eval/mean_episode_length': np.float64(1.0)}
{'training/total_steps': 48000, 'training/updates': 24, 'training/walltime': np.float64(4.16), 'training/update_time': np.float64(0.103), 'training/pc_loss': 4.8955189413391054e-05, 'training/mean_reward': 0.9995000958442688, 'training/mean_advantage_abs': 0.0009949052473530173}
{'eval/num_episodes': 200, 'eval/mean_score': np.float64(0.999), 'eval/std_score': np.float64(0.0099), 'eval/mean_episode_length': np.float64(1.0)}
{'training/total_steps': 50000, 'training/updates': 25, 'training/walltime': np.float64(4.27), 'training/update_time': np.float64(0.109), 'training/pc_loss': 7.317149720620364e-05, 'training/mean_reward': 0.9992501735687256, 'training/mean_advantage_abs': 0.0014885793207213283}
{'eval/num_episodes': 200, 'eval/mean_score': np.float64(1.0), 'eval/std_score': np.float64(0.0), 'eval/mean_episode_length': np.float64(1.0)}
{'training/total_steps': 52000, 'training/updates': 26, 'training/walltime': np.float64(4.38), 'training/update_time': np.float64(0.11), 'training/pc_loss': 4.908738628728315e-05, 'training/mean_reward': 0.999500036239624, 'training/mean_advantage_abs': 0.0009949642699211836}
{'eval/num_episodes': 200, 'eval/mean_score': np.float64(1.0), 'eval/std_score': np.float64(0.0), 'eval/mean_episode_length': np.float64(1.0)}
{'training/total_steps': 54000, 'training/updates': 27, 'training/walltime': np.float64(4.483), 'training/update_time': np.float64(0.102), 'training/pc_loss': 3.938944064429961e-05, 'training/mean_reward': 0.9996000528335571, 'training/mean_advantage_abs': 0.000796747743152082}
{'eval/num_episodes': 200, 'eval/mean_score': np.float64(0.999), 'eval/std_score': np.float64(0.0099), 'eval/mean_episode_length': np.float64(1.0)}
{'training/total_steps': 56000, 'training/updates': 28, 'training/walltime': np.float64(4.592), 'training/update_time': np.float64(0.107), 'training/pc_loss': 1.4858115719107445e-05, 'training/mean_reward': 0.9998500943183899, 'training/mean_advantage_abs': 0.0002994560054503381}
{'eval/num_episodes': 200, 'eval/mean_score': np.float64(0.9995), 'eval/std_score': np.float64(0.0071), 'eval/mean_episode_length': np.float64(1.0)}
{'training/total_steps': 58000, 'training/updates': 29, 'training/walltime': np.float64(4.696), 'training/update_time': np.float64(0.104), 'training/pc_loss': 1.4868724065308925e-05, 'training/mean_reward': 0.9998500347137451, 'training/mean_advantage_abs': 0.0002995154354721308}
{'eval/num_episodes': 200, 'eval/mean_score': np.float64(1.0), 'eval/std_score': np.float64(0.0), 'eval/mean_episode_length': np.float64(1.0)}
{'training/total_steps': 60000, 'training/updates': 30, 'training/walltime': np.float64(4.8), 'training/update_time': np.float64(0.103), 'training/pc_loss': 4.436509698280133e-05, 'training/mean_reward': 0.9995501041412354, 'training/mean_advantage_abs': 0.0008958469261415303}
{'eval/num_episodes': 200, 'eval/mean_score': np.float64(1.0), 'eval/std_score': np.float64(0.0), 'eval/mean_episode_length': np.float64(1.0)}
TRAINING END: training duration: 4.801071643829346
