|param: value|
|experiment_name:  reinforce_procgen|
|seed:  7|
|platform:  cpu|
|write_logs_to_file:  False|
|save_model:  False|
|env_name:  bandit|
|num_envs:  1|
|num_train_levels:  200|
|distribution_mode:  easy|
|arm_means:  (1.0, 0.9)|
|deterministic_rewards:  True|
|eval_env:  True|
|num_eval_episodes:  200|
|eval_every:  1|
|deterministic_eval:  False|
|normalize_observations:  True|
|total_timesteps:  60000|
|learning_rate:  0.5|
|optimizer:  sgd|
|unroll_length:  2048|
|anneal_lr:  False|
|gamma:  0.99|
|batch_size:  1|
|num_minibatches:  1|
|update_epochs:  1|
|entropy_cost:  0.0|
|max_grad_norm:  0.5|
|reward_scaling:  1.0|
|use_cnn:  False|
|policy_hidden_layer_sizes:  ()|
|value_hidden_layer_sizes:  ()|
|activation:  <jax._src.custom_derivatives.custom_jvp object at 0x116a28dd0>|
|policy_init_logit_bias:  [1.0, 0.0]|
{'training/total_steps': 2000, 'training/updates': 1, 'training/sps': np.float64(1953.341), 'training/walltime': np.float64(1.024), 'training/rollout_time': np.float64(0.427), 'training/update_time': np.float64(0.596), 'training/approx_kl': 0.0, 'training/entropy': 0.5822030305862427, 'training/policy_loss': 0.2847699224948883, 'training/total_loss': 0.42075029015541077, 'training/value_loss': 0.27196070551872253}
{'eval/num_episodes': 200, 'eval/num_steps': 200, 'eval/mean_score': np.float64(0.975), 'eval/std_score': np.float64(0.043), 'eval/mean_episode_length': np.float64(1.0), 'eval/std_episode_length': np.float64(0.0), 'eval/eval_time': 0.07689714431762695}
{'training/total_steps': 4000, 'training/updates': 2, 'training/sps': np.float64(5920.441), 'training/walltime': np.float64(1.439), 'training/rollout_time': np.float64(0.336), 'training/update_time': np.float64(0.002), 'training/approx_kl': 0.0, 'training/entropy': 0.5774326324462891, 'training/policy_loss': 0.07731612026691437, 'training/total_loss': 0.0921541154384613, 'training/value_loss': 0.029675986617803574}
{'eval/num_episodes': 200, 'eval/num_steps': 200, 'eval/mean_score': np.float64(0.979), 'eval/std_score': np.float64(0.04), 'eval/mean_episode_length': np.float64(1.0), 'eval/std_episode_length': np.float64(0.0), 'eval/eval_time': 0.07837700843811035}
{'training/total_steps': 6000, 'training/updates': 3, 'training/sps': np.float64(6212.187), 'training/walltime': np.float64(1.84), 'training/rollout_time': np.float64(0.32), 'training/update_time': np.float64(0.001), 'training/approx_kl': 0.0, 'training/entropy': 0.5700684189796448, 'training/policy_loss': -0.020168786868453026, 'training/total_loss': -0.019194548949599266, 'training/value_loss': 0.0019484758377075195}
{'eval/num_episodes': 200, 'eval/num_steps': 200, 'eval/mean_score': np.float64(0.973), 'eval/std_score': np.float64(0.044), 'eval/mean_episode_length': np.float64(1.0), 'eval/std_episode_length': np.float64(0.0), 'eval/eval_time': 0.08277130126953125}
{'training/total_steps': 8000, 'training/updates': 4, 'training/sps': np.float64(5215.995), 'training/walltime': np.float64(2.306), 'training/rollout_time': np.float64(0.38), 'training/update_time': np.float64(0.003), 'training/approx_kl': 0.0, 'training/entropy': 0.5621097683906555, 'training/policy_loss': -0.01966644823551178, 'training/total_loss': -0.018730172887444496, 'training/value_loss': 0.001872550812549889}
{'eval/num_episodes': 200, 'eval/num_steps': 200, 'eval/mean_score': np.float64(0.979), 'eval/std_score': np.float64(0.041), 'eval/mean_episode_length': np.float64(1.0), 'eval/std_episode_length': np.float64(0.0), 'eval/eval_time': 0.10258007049560547}
{'training/total_steps': 10000, 'training/updates': 5, 'training/sps': np.float64(4677.695), 'training/walltime': np.float64(2.837), 'training/rollout_time': np.float64(0.426), 'training/update_time': np.float64(0.002), 'training/approx_kl': 0.0, 'training/entropy': 0.5543442368507385, 'training/policy_loss': -0.021150613203644753, 'training/total_loss': -0.020218128338456154, 'training/value_loss': 0.0018649711273610592}
{'eval/num_episodes': 200, 'eval/num_steps': 200, 'eval/mean_score': np.float64(0.974), 'eval/std_score': np.float64(0.044), 'eval/mean_episode_length': np.float64(1.0), 'eval/std_episode_length': np.float64(0.0), 'eval/eval_time': 0.07488727569580078}
{'training/total_steps': 12000, 'training/updates': 6, 'training/sps': np.float64(5556.525), 'training/walltime': np.float64(3.272), 'training/rollout_time': np.float64(0.358), 'training/update_time': np.float64(0.002), 'training/approx_kl': 0.0, 'training/entropy': 0.546494722366333, 'training/policy_loss': -0.020576953887939453, 'training/total_loss': -0.019673453643918037, 'training/value_loss': 0.0018070013029500842}
{'eval/num_episodes': 200, 'eval/num_steps': 200, 'eval/mean_score': np.float64(0.972), 'eval/std_score': np.float64(0.045), 'eval/mean_episode_length': np.float64(1.0), 'eval/std_episode_length': np.float64(0.0), 'eval/eval_time': 0.07870817184448242}
{'training/total_steps': 14000, 'training/updates': 7, 'training/sps': np.float64(6151.58), 'training/walltime': np.float64(3.676), 'training/rollout_time': np.float64(0.324), 'training/update_time': np.float64(0.001), 'training/approx_kl': 0.0, 'training/entropy': 0.5388038754463196, 'training/policy_loss': -0.02108778990805149, 'training/total_loss': -0.02020207792520523, 'training/value_loss': 0.0017714236164465547}
{'eval/num_episodes': 200, 'eval/num_steps': 200, 'eval/mean_score': np.float64(0.98), 'eval/std_score': np.float64(0.04), 'eval/mean_episode_length': np.float64(1.0), 'eval/std_episode_length': np.float64(0.0), 'eval/eval_time': 0.0807030200958252}
{'training/total_steps': 16000, 'training/updates': 8, 'training/sps': np.float64(6082.007), 'training/walltime': np.float64(4.086), 'training/rollout_time': np.float64(0.327), 'training/update_time': np.float64(0.001), 'training/approx_kl': 0.0, 'training/entropy': 0.5311824083328247, 'training/policy_loss': -0.02067154087126255, 'training/total_loss': -0.019817091524600983, 'training/value_loss': 0.0017089005559682846}
{'eval/num_episodes': 200, 'eval/num_steps': 200, 'eval/mean_score': np.float64(0.979), 'eval/std_score': np.float64(0.041), 'eval/mean_episode_length': np.float64(1.0), 'eval/std_episode_length': np.float64(0.0), 'eval/eval_time': 0.07843995094299316}
{'training/total_steps': 18000, 'training/updates': 9, 'training/sps': np.float64(5667.986), 'training/walltime': np.float64(4.518), 'training/rollout_time': np.float64(0.351), 'training/update_time': np.float64(0.002), 'training/approx_kl': 0.0, 'training/entropy': 0.5237674713134766, 'training/policy_loss': -0.020301613956689835, 'training/total_loss': -0.019483013078570366, 'training/value_loss': 0.0016372032696381211}
{'eval/num_episodes': 200, 'eval/num_steps': 200, 'eval/mean_score': np.float64(0.982), 'eval/std_score': np.float64(0.038), 'eval/mean_episode_length': np.float64(1.0), 'eval/std_episode_length': np.float64(0.0), 'eval/eval_time': 0.07204413414001465}
{'training/total_steps': 20000, 'training/updates': 10, 'training/sps': np.float64(5772.722), 'training/walltime': np.float64(4.937), 'training/rollout_time': np.float64(0.345), 'training/update_time': np.float64(0.002), 'training/approx_kl': 0.0, 'training/entropy': 0.516609251499176, 'training/policy_loss': -0.02236989326775074, 'training/total_loss': -0.021531492471694946, 'training/value_loss': 0.0016768010100349784}
{'eval/num_episodes': 200, 'eval/num_steps': 200, 'eval/mean_score': np.float64(0.977), 'eval/std_score': np.float64(0.042), 'eval/mean_episode_length': np.float64(1.0), 'eval/std_episode_length': np.float64(0.0), 'eval/eval_time': 0.07612800598144531}
{'training/total_steps': 22000, 'training/updates': 11, 'training/sps': np.float64(5848.911), 'training/walltime': np.float64(5.355), 'training/rollout_time': np.float64(0.34), 'training/update_time': np.float64(0.002), 'training/approx_kl': 0.0, 'training/entropy': 0.5092344284057617, 'training/policy_loss': -0.019858606159687042, 'training/total_loss': -0.019080720841884613, 'training/value_loss': 0.0015557705191895366}
{'eval/num_episodes': 200, 'eval/num_steps': 200, 'eval/mean_score': np.float64(0.979), 'eval/std_score': np.float64(0.041), 'eval/mean_episode_length': np.float64(1.0), 'eval/std_episode_length': np.float64(0.0), 'eval/eval_time': 0.07442569732666016}
{'training/total_steps': 24000, 'training/updates': 12, 'training/sps': np.float64(6329.076), 'training/walltime': np.float64(5.746), 'training/rollout_time': np.float64(0.315), 'training/update_time': np.float64(0.001), 'training/approx_kl': 0.0, 'training/entropy': 0.5023612380027771, 'training/policy_loss': -0.022105194628238678, 'training/total_loss': -0.021312573924660683, 'training/value_loss': 0.0015852407086640596}
{'eval/num_episodes': 200, 'eval/num_steps': 200, 'eval/mean_score': np.float64(0.982), 'eval/std_score': np.float64(0.038), 'eval/mean_episode_length': np.float64(1.0), 'eval/std_episode_length': np.float64(0.0), 'eval/eval_time': 0.07518696784973145}
{'training/total_steps': 26000, 'training/updates': 13, 'training/sps': np.float64(6127.092), 'training/walltime': np.float64(6.148), 'training/rollout_time': np.float64(0.325), 'training/update_time': np.float64(0.001), 'training/approx_kl': 0.0, 'training/entropy': 0.4953251779079437, 'training/policy_loss': -0.02078232914209366, 'training/total_loss': -0.020024647936224937, 'training/value_loss': 0.0015153634594753385}
{'eval/num_episodes': 200, 'eval/num_steps': 200, 'eval/mean_score': np.float64(0.979), 'eval/std_score': np.float64(0.04), 'eval/mean_episode_length': np.float64(1.0), 'eval/std_episode_length': np.float64(0.0), 'eval/eval_time': 0.07703804969787598}
{'training/total_steps': 28000, 'training/updates': 14, 'training/sps': np.float64(5759.089), 'training/walltime': np.float64(6.573), 'training/rollout_time': np.float64(0.346), 'training/update_time': np.float64(0.001), 'training/approx_kl': 0.0, 'training/entropy': 0.48857688903808594, 'training/policy_loss': -0.024078335613012314, 'training/total_loss': -0.02326950430870056, 'training/value_loss': 0.0016176610952243209}
{'eval/num_episodes': 200, 'eval/num_steps': 200, 'eval/mean_score': np.float64(0.98), 'eval/std_score': np.float64(0.04), 'eval/mean_episode_length': np.float64(1.0), 'eval/std_episode_length': np.float64(0.0), 'eval/eval_time': 0.0777139663696289}
{'training/total_steps': 30000, 'training/updates': 15, 'training/sps': np.float64(6311.476), 'training/walltime': np.float64(6.968), 'training/rollout_time': np.float64(0.315), 'training/update_time': np.float64(0.002), 'training/approx_kl': 0.0, 'training/entropy': 0.4813585877418518, 'training/policy_loss': -0.021076809614896774, 'training/total_loss': -0.020327351987361908, 'training/value_loss': 0.001498913625255227}
{'eval/num_episodes': 200, 'eval/num_steps': 200, 'eval/mean_score': np.float64(0.98), 'eval/std_score': np.float64(0.04), 'eval/mean_episode_length': np.float64(1.0), 'eval/std_episode_length': np.float64(0.0), 'eval/eval_time': 0.07242417335510254}
{'training/total_steps': 32000, 'training/updates': 16, 'training/sps': np.float64(5865.856), 'training/walltime': np.float64(7.382), 'training/rollout_time': np.float64(0.339), 'training/update_time': np.float64(0.002), 'training/approx_kl': 0.0, 'training/entropy': 0.4746693968772888, 'training/policy_loss': -0.021381210535764694, 'training/total_loss': -0.020657429471611977, 'training/value_loss': 0.0014475606149062514}
{'eval/num_episodes': 200, 'eval/num_steps': 200, 'eval/mean_score': np.float64(0.979), 'eval/std_score': np.float64(0.04), 'eval/mean_episode_length': np.float64(1.0), 'eval/std_episode_length': np.float64(0.0), 'eval/eval_time': 0.06930994987487793}
{'training/total_steps': 34000, 'training/updates': 17, 'training/sps': np.float64(5715.529), 'training/walltime': np.float64(7.801), 'training/rollout_time': np.float64(0.347), 'training/update_time': np.float64(0.002), 'training/approx_kl': 0.0, 'training/entropy': 0.46819019317626953, 'training/policy_loss': -0.020690690726041794, 'training/total_loss': -0.019999641925096512, 'training/value_loss': 0.001382098300382495}
{'eval/num_episodes': 200, 'eval/num_steps': 200, 'eval/mean_score': np.float64(0.982), 'eval/std_score': np.float64(0.038), 'eval/mean_episode_length': np.float64(1.0), 'eval/std_episode_length': np.float64(0.0), 'eval/eval_time': 0.08140420913696289}
{'training/total_steps': 36000, 'training/updates': 18, 'training/sps': np.float64(6115.666), 'training/walltime': np.float64(8.21), 'training/rollout_time': np.float64(0.325), 'training/update_time': np.float64(0.002), 'training/approx_kl': 0.0, 'training/entropy': 0.46200084686279297, 'training/policy_loss': -0.02457919716835022, 'training/total_loss': -0.023820076137781143, 'training/value_loss': 0.0015182433417066932}
{'eval/num_episodes': 200, 'eval/num_steps': 200, 'eval/mean_score': np.float64(0.983), 'eval/std_score': np.float64(0.037), 'eval/mean_episode_length': np.float64(1.0), 'eval/std_episode_length': np.float64(0.0), 'eval/eval_time': 0.07205486297607422}
{'training/total_steps': 38000, 'training/updates': 19, 'training/sps': np.float64(5602.037), 'training/walltime': np.float64(8.64), 'training/rollout_time': np.float64(0.355), 'training/update_time': np.float64(0.002), 'training/approx_kl': 0.0, 'training/entropy': 0.455213338136673, 'training/policy_loss': -0.021612299606204033, 'training/total_loss': -0.020907089114189148, 'training/value_loss': 0.00141042098402977}
{'eval/num_episodes': 200, 'eval/num_steps': 200, 'eval/mean_score': np.float64(0.984), 'eval/std_score': np.float64(0.036), 'eval/mean_episode_length': np.float64(1.0), 'eval/std_episode_length': np.float64(0.0), 'eval/eval_time': 0.08137083053588867}
{'training/total_steps': 40000, 'training/updates': 20, 'training/sps': np.float64(4531.189), 'training/walltime': np.float64(9.163), 'training/rollout_time': np.float64(0.44), 'training/update_time': np.float64(0.002), 'training/approx_kl': 0.0, 'training/entropy': 0.44891828298568726, 'training/policy_loss': -0.021311871707439423, 'training/total_loss': -0.020639419555664062, 'training/value_loss': 0.0013449032558128238}
{'eval/num_episodes': 200, 'eval/num_steps': 200, 'eval/mean_score': np.float64(0.988), 'eval/std_score': np.float64(0.032), 'eval/mean_episode_length': np.float64(1.0), 'eval/std_episode_length': np.float64(0.0), 'eval/eval_time': 0.07651710510253906}
{'training/total_steps': 42000, 'training/updates': 21, 'training/sps': np.float64(6116.076), 'training/walltime': np.float64(9.567), 'training/rollout_time': np.float64(0.325), 'training/update_time': np.float64(0.002), 'training/approx_kl': 0.0, 'training/entropy': 0.4429139494895935, 'training/policy_loss': -0.021234501153230667, 'training/total_loss': -0.0205812007188797, 'training/value_loss': 0.0013066011015325785}
{'eval/num_episodes': 200, 'eval/num_steps': 200, 'eval/mean_score': np.float64(0.983), 'eval/std_score': np.float64(0.037), 'eval/mean_episode_length': np.float64(1.0), 'eval/std_episode_length': np.float64(0.0), 'eval/eval_time': 0.07342696189880371}
{'training/total_steps': 44000, 'training/updates': 22, 'training/sps': np.float64(5894.457), 'training/walltime': np.float64(9.98), 'training/rollout_time': np.float64(0.338), 'training/update_time': np.float64(0.001), 'training/approx_kl': 0.0, 'training/entropy': 0.4370889365673065, 'training/policy_loss': -0.020703719928860664, 'training/total_loss': -0.02007475681602955, 'training/value_loss': 0.001257927855476737}
{'eval/num_episodes': 200, 'eval/num_steps': 200, 'eval/mean_score': np.float64(0.987), 'eval/std_score': np.float64(0.033), 'eval/mean_episode_length': np.float64(1.0), 'eval/std_episode_length': np.float64(0.0), 'eval/eval_time': 0.07325100898742676}
{'training/total_steps': 46000, 'training/updates': 23, 'training/sps': np.float64(6338.1), 'training/walltime': np.float64(10.369), 'training/rollout_time': np.float64(0.314), 'training/update_time': np.float64(0.002), 'training/approx_kl': 0.0, 'training/entropy': 0.4314919114112854, 'training/policy_loss': -0.021797364577651024, 'training/total_loss': -0.021158071234822273, 'training/value_loss': 0.0012785883154720068}
{'eval/num_episodes': 200, 'eval/num_steps': 200, 'eval/mean_score': np.float64(0.982), 'eval/std_score': np.float64(0.038), 'eval/mean_episode_length': np.float64(1.0), 'eval/std_episode_length': np.float64(0.0), 'eval/eval_time': 0.0721440315246582}
{'training/total_steps': 48000, 'training/updates': 24, 'training/sps': np.float64(5686.405), 'training/walltime': np.float64(10.793), 'training/rollout_time': np.float64(0.35), 'training/update_time': np.float64(0.002), 'training/approx_kl': 0.0, 'training/entropy': 0.42582032084465027, 'training/policy_loss': -0.02443649433553219, 'training/total_loss': -0.023744819685816765, 'training/value_loss': 0.001383348018862307}
{'eval/num_episodes': 200, 'eval/num_steps': 200, 'eval/mean_score': np.float64(0.981), 'eval/std_score': np.float64(0.039), 'eval/mean_episode_length': np.float64(1.0), 'eval/std_episode_length': np.float64(0.0), 'eval/eval_time': 0.07608795166015625}
{'training/total_steps': 50000, 'training/updates': 25, 'training/sps': np.float64(6238.906), 'training/walltime': np.float64(11.19), 'training/rollout_time': np.float64(0.319), 'training/update_time': np.float64(0.001), 'training/approx_kl': 0.0, 'training/entropy': 0.41970229148864746, 'training/policy_loss': -0.023577703163027763, 'training/total_loss': -0.02289886213839054, 'training/value_loss': 0.0013576828641816974}
{'eval/num_episodes': 200, 'eval/num_steps': 200, 'eval/mean_score': np.float64(0.986), 'eval/std_score': np.float64(0.034), 'eval/mean_episode_length': np.float64(1.0), 'eval/std_episode_length': np.float64(0.0), 'eval/eval_time': 0.07416701316833496}
{'training/total_steps': 52000, 'training/updates': 26, 'training/sps': np.float64(6275.141), 'training/walltime': np.float64(11.583), 'training/rollout_time': np.float64(0.317), 'training/update_time': np.float64(0.001), 'training/approx_kl': 0.0, 'training/entropy': 0.41372108459472656, 'training/policy_loss': -0.02229277230799198, 'training/total_loss': -0.021651173010468483, 'training/value_loss': 0.001283199992030859}
{'eval/num_episodes': 200, 'eval/num_steps': 200, 'eval/mean_score': np.float64(0.984), 'eval/std_score': np.float64(0.037), 'eval/mean_episode_length': np.float64(1.0), 'eval/std_episode_length': np.float64(0.0), 'eval/eval_time': 0.07251310348510742}
{'training/total_steps': 54000, 'training/updates': 27, 'training/sps': np.float64(5796.716), 'training/walltime': np.float64(12.001), 'training/rollout_time': np.float64(0.34), 'training/update_time': np.float64(0.005), 'training/approx_kl': 0.0, 'training/entropy': 0.40809541940689087, 'training/policy_loss': -0.021070104092359543, 'training/total_loss': -0.020470988005399704, 'training/value_loss': 0.0011982307769358158}
{'eval/num_episodes': 200, 'eval/num_steps': 200, 'eval/mean_score': np.float64(0.99), 'eval/std_score': np.float64(0.029), 'eval/mean_episode_length': np.float64(1.0), 'eval/std_episode_length': np.float64(0.0), 'eval/eval_time': 0.07201695442199707}
{'training/total_steps': 56000, 'training/updates': 28, 'training/sps': np.float64(6306.868), 'training/walltime': np.float64(12.391), 'training/rollout_time': np.float64(0.316), 'training/update_time': np.float64(0.002), 'training/approx_kl': 0.0, 'training/entropy': 0.4028606414794922, 'training/policy_loss': -0.02347514219582081, 'training/total_loss': -0.02284245193004608, 'training/value_loss': 0.0012653805315494537}
{'eval/num_episodes': 200, 'eval/num_steps': 200, 'eval/mean_score': np.float64(0.983), 'eval/std_score': np.float64(0.038), 'eval/mean_episode_length': np.float64(1.0), 'eval/std_episode_length': np.float64(0.0), 'eval/eval_time': 0.0718071460723877}
{'training/total_steps': 58000, 'training/updates': 29, 'training/sps': np.float64(5852.127), 'training/walltime': np.float64(12.805), 'training/rollout_time': np.float64(0.34), 'training/update_time': np.float64(0.001), 'training/approx_kl': 0.0, 'training/entropy': 0.3973511755466461, 'training/policy_loss': -0.022018520161509514, 'training/total_loss': -0.02141440100967884, 'training/value_loss': 0.0012082380708307028}
{'eval/num_episodes': 200, 'eval/num_steps': 200, 'eval/mean_score': np.float64(0.988), 'eval/std_score': np.float64(0.032), 'eval/mean_episode_length': np.float64(1.0), 'eval/std_episode_length': np.float64(0.0), 'eval/eval_time': 0.07363080978393555}
{'training/total_steps': 60000, 'training/updates': 30, 'training/sps': np.float64(6009.613), 'training/walltime': np.float64(13.211), 'training/rollout_time': np.float64(0.33), 'training/update_time': np.float64(0.002), 'training/approx_kl': 0.0, 'training/entropy': 0.3921187222003937, 'training/policy_loss': -0.022547177970409393, 'training/total_loss': -0.021945176646113396, 'training/value_loss': 0.0012040033470839262}
{'eval/num_episodes': 200, 'eval/num_steps': 200, 'eval/mean_score': np.float64(0.987), 'eval/std_score': np.float64(0.033), 'eval/mean_episode_length': np.float64(1.0), 'eval/std_episode_length': np.float64(0.0), 'eval/eval_time': 0.06948614120483398}
TRAINING END: training duration: 13.2813241481781
{'final_eval/num_episodes': 200, 'final_eval/num_steps': 200, 'final_eval/mean_score': np.float64(1.0), 'final_eval/std_score': np.float64(0.0), 'final_eval/mean_episode_length': np.float64(1.0), 'final_eval/std_episode_length': np.float64(0.0)}
loat64(0.0)}
