|param: value|
|experiment_name:  cleanba_ppo|
|seed:  3|
|platform:  cpu|
|write_logs_to_file:  False|
|save_model:  False|
|env_name:  bandit|
|num_envs:  8|
|num_train_levels:  200|
|distribution_mode:  easy|
|arm_means:  (1.0, 0.9)|
|deterministic_rewards:  True|
|eval_env:  True|
|num_eval_episodes:  200|
|eval_every:  1|
|deterministic_eval:  False|
|total_timesteps:  60000|
|learning_rate:  0.00025|
|adam_eps:  1e-05|
|unroll_length:  250|
|anneal_lr:  False|
|gamma:  0.99|
|gae_lambda:  0.95|
|num_minibatches:  4|
|update_epochs:  4|
|normalize_advantages:  True|
|clip_eps:  0.1|
|clip_vloss:  True|
|entropy_cost:  0.0|
|vf_cost:  0.5|
|max_grad_norm:  0.5|
|use_cnn:  False|
|policy_hidden_layer_sizes:  ()|
|value_hidden_layer_sizes:  ()|
|activation:  <jax._src.custom_derivatives.custom_jvp object at 0x10f607f50>|
|policy_init_logit_bias:  [1.0, 0.0]|
{'training/total_steps': 2000, 'training/updates': 1, 'training/sps': np.float64(2267.85), 'training/walltime': np.float64(0.882), 'training/rollout_time': np.float64(0.406), 'training/update_time': np.float64(0.475), 'training/approx_kl': 1.774804331944324e-05, 'training/entropy': 0.5795385837554932, 'training/policy_loss': -0.005928650498390198, 'training/total_loss': 0.43528756499290466, 'training/value_loss': 0.8824324011802673}
{'eval/num_episodes': 200, 'eval/num_steps': 200, 'eval/mean_score': np.float64(0.976), 'eval/std_score': np.float64(0.042), 'eval/mean_episode_length': np.float64(1.0), 'eval/std_episode_length': np.float64(0.0), 'eval/eval_time': 0.08978700637817383}
{'training/total_steps': 4000, 'training/updates': 2, 'training/sps': np.float64(14255.479), 'training/walltime': np.float64(1.112), 'training/rollout_time': np.float64(0.132), 'training/update_time': np.float64(0.009), 'training/approx_kl': 1.7936976291821338e-05, 'training/entropy': 0.5763552188873291, 'training/policy_loss': -0.005933691747486591, 'training/total_loss': 0.42995959520339966, 'training/value_loss': 0.8717865943908691}
{'eval/num_episodes': 200, 'eval/num_steps': 200, 'eval/mean_score': np.float64(0.974), 'eval/std_score': np.float64(0.044), 'eval/mean_episode_length': np.float64(1.0), 'eval/std_episode_length': np.float64(0.0), 'eval/eval_time': 0.0722968578338623}
{'training/total_steps': 6000, 'training/updates': 3, 'training/sps': np.float64(14362.063), 'training/walltime': np.float64(1.324), 'training/rollout_time': np.float64(0.131), 'training/update_time': np.float64(0.008), 'training/approx_kl': 1.8355996871832758e-05, 'training/entropy': 0.5731366872787476, 'training/policy_loss': -0.006018287036567926, 'training/total_loss': 0.4240829348564148, 'training/value_loss': 0.8602024912834167}
{'eval/num_episodes': 200, 'eval/num_steps': 200, 'eval/mean_score': np.float64(0.974), 'eval/std_score': np.float64(0.044), 'eval/mean_episode_length': np.float64(1.0), 'eval/std_episode_length': np.float64(0.0), 'eval/eval_time': 0.07320666313171387}
{'training/total_steps': 8000, 'training/updates': 4, 'training/sps': np.float64(14531.616), 'training/walltime': np.float64(1.535), 'training/rollout_time': np.float64(0.129), 'training/update_time': np.float64(0.008), 'training/approx_kl': 1.7622516679693945e-05, 'training/entropy': 0.5698952674865723, 'training/policy_loss': -0.005891494918614626, 'training/total_loss': 0.4199896454811096, 'training/value_loss': 0.8517622947692871}
{'eval/num_episodes': 200, 'eval/num_steps': 200, 'eval/mean_score': np.float64(0.972), 'eval/std_score': np.float64(0.045), 'eval/mean_episode_length': np.float64(1.0), 'eval/std_episode_length': np.float64(0.0), 'eval/eval_time': 0.07512998580932617}
{'training/total_steps': 10000, 'training/updates': 5, 'training/sps': np.float64(14187.297), 'training/walltime': np.float64(1.752), 'training/rollout_time': np.float64(0.133), 'training/update_time': np.float64(0.008), 'training/approx_kl': 1.7219961591763422e-05, 'training/entropy': 0.5666408538818359, 'training/policy_loss': -0.005835345014929771, 'training/total_loss': 0.4152892529964447, 'training/value_loss': 0.8422492146492004}
{'eval/num_episodes': 200, 'eval/num_steps': 200, 'eval/mean_score': np.float64(0.975), 'eval/std_score': np.float64(0.043), 'eval/mean_episode_length': np.float64(1.0), 'eval/std_episode_length': np.float64(0.0), 'eval/eval_time': 0.07424211502075195}
{'training/total_steps': 12000, 'training/updates': 6, 'training/sps': np.float64(10964.254), 'training/walltime': np.float64(2.009), 'training/rollout_time': np.float64(0.161), 'training/update_time': np.float64(0.021), 'training/approx_kl': 1.712942321319133e-05, 'training/entropy': 0.5633679032325745, 'training/policy_loss': -0.0058067538775503635, 'training/total_loss': 0.4103296995162964, 'training/value_loss': 0.8322728872299194}
{'eval/num_episodes': 200, 'eval/num_steps': 200, 'eval/mean_score': np.float64(0.974), 'eval/std_score': np.float64(0.044), 'eval/mean_episode_length': np.float64(1.0), 'eval/std_episode_length': np.float64(0.0), 'eval/eval_time': 0.08739399909973145}
{'training/total_steps': 14000, 'training/updates': 7, 'training/sps': np.float64(13817.961), 'training/walltime': np.float64(2.241), 'training/rollout_time': np.float64(0.136), 'training/update_time': np.float64(0.008), 'training/approx_kl': 1.735469777486287e-05, 'training/entropy': 0.5600653886795044, 'training/policy_loss': -0.00584347452968359, 'training/total_loss': 0.4049994945526123, 'training/value_loss': 0.8216859102249146}
{'eval/num_episodes': 200, 'eval/num_steps': 200, 'eval/mean_score': np.float64(0.978), 'eval/std_score': np.float64(0.041), 'eval/mean_episode_length': np.float64(1.0), 'eval/std_episode_length': np.float64(0.0), 'eval/eval_time': 0.0727701187133789}
{'training/total_steps': 16000, 'training/updates': 8, 'training/sps': np.float64(14459.029), 'training/walltime': np.float64(2.453), 'training/rollout_time': np.float64(0.13), 'training/update_time': np.float64(0.008), 'training/approx_kl': 1.710903597995639e-05, 'training/entropy': 0.5567320585250854, 'training/policy_loss': -0.005814275238662958, 'training/total_loss': 0.4001559317111969, 'training/value_loss': 0.8119403719902039}
{'eval/num_episodes': 200, 'eval/num_steps': 200, 'eval/mean_score': np.float64(0.973), 'eval/std_score': np.float64(0.044), 'eval/mean_episode_length': np.float64(1.0), 'eval/std_episode_length': np.float64(0.0), 'eval/eval_time': 0.07470273971557617}
{'training/total_steps': 18000, 'training/updates': 9, 'training/sps': np.float64(12088.464), 'training/walltime': np.float64(2.693), 'training/rollout_time': np.float64(0.157), 'training/update_time': np.float64(0.009), 'training/approx_kl': 1.7531485354993492e-05, 'training/entropy': 0.5533713102340698, 'training/policy_loss': -0.005870376713573933, 'training/total_loss': 0.3947703242301941, 'training/value_loss': 0.8012813329696655}
{'eval/num_episodes': 200, 'eval/num_steps': 200, 'eval/mean_score': np.float64(0.977), 'eval/std_score': np.float64(0.042), 'eval/mean_episode_length': np.float64(1.0), 'eval/std_episode_length': np.float64(0.0), 'eval/eval_time': 0.07239508628845215}
{'training/total_steps': 20000, 'training/updates': 10, 'training/sps': np.float64(13970.186), 'training/walltime': np.float64(2.909), 'training/rollout_time': np.float64(0.135), 'training/update_time': np.float64(0.009), 'training/approx_kl': 1.7069831301341765e-05, 'training/entropy': 0.549987256526947, 'training/policy_loss': -0.00580780440941453, 'training/total_loss': 0.39031392335891724, 'training/value_loss': 0.792243480682373}
{'eval/num_episodes': 200, 'eval/num_steps': 200, 'eval/mean_score': np.float64(0.972), 'eval/std_score': np.float64(0.045), 'eval/mean_episode_length': np.float64(1.0), 'eval/std_episode_length': np.float64(0.0), 'eval/eval_time': 0.07281708717346191}
{'training/total_steps': 22000, 'training/updates': 11, 'training/sps': np.float64(14565.477), 'training/walltime': np.float64(3.119), 'training/rollout_time': np.float64(0.129), 'training/update_time': np.float64(0.009), 'training/approx_kl': 1.6297057300107554e-05, 'training/entropy': 0.5465981364250183, 'training/policy_loss': -0.005669693928211927, 'training/total_loss': 0.3862771987915039, 'training/value_loss': 0.7838938236236572}
{'eval/num_episodes': 200, 'eval/num_steps': 200, 'eval/mean_score': np.float64(0.979), 'eval/std_score': np.float64(0.041), 'eval/mean_episode_length': np.float64(1.0), 'eval/std_episode_length': np.float64(0.0), 'eval/eval_time': 0.07207918167114258}
{'training/total_steps': 24000, 'training/updates': 12, 'training/sps': np.float64(14119.217), 'training/walltime': np.float64(3.333), 'training/rollout_time': np.float64(0.133), 'training/update_time': np.float64(0.008), 'training/approx_kl': 1.689045166131109e-05, 'training/entropy': 0.543188214302063, 'training/policy_loss': -0.005782078020274639, 'training/total_loss': 0.38052505254745483, 'training/value_loss': 0.7726142406463623}
{'eval/num_episodes': 200, 'eval/num_steps': 200, 'eval/mean_score': np.float64(0.968), 'eval/std_score': np.float64(0.047), 'eval/mean_episode_length': np.float64(1.0), 'eval/std_episode_length': np.float64(0.0), 'eval/eval_time': 0.0748291015625}
{'training/total_steps': 26000, 'training/updates': 13, 'training/sps': np.float64(13903.294), 'training/walltime': np.float64(3.552), 'training/rollout_time': np.float64(0.134), 'training/update_time': np.float64(0.01), 'training/approx_kl': 1.624001561140176e-05, 'training/entropy': 0.5397582054138184, 'training/policy_loss': -0.00565218273550272, 'training/total_loss': 0.376600980758667, 'training/value_loss': 0.7645063400268555}
{'eval/num_episodes': 200, 'eval/num_steps': 200, 'eval/mean_score': np.float64(0.98), 'eval/std_score': np.float64(0.04), 'eval/mean_episode_length': np.float64(1.0), 'eval/std_episode_length': np.float64(0.0), 'eval/eval_time': 0.07063698768615723}
{'training/total_steps': 28000, 'training/updates': 14, 'training/sps': np.float64(14302.803), 'training/walltime': np.float64(3.763), 'training/rollout_time': np.float64(0.131), 'training/update_time': np.float64(0.009), 'training/approx_kl': 1.6723141015972942e-05, 'training/entropy': 0.5363072156906128, 'training/policy_loss': -0.005749259144067764, 'training/total_loss': 0.37088510394096375, 'training/value_loss': 0.7532687187194824}
{'eval/num_episodes': 200, 'eval/num_steps': 200, 'eval/mean_score': np.float64(0.983), 'eval/std_score': np.float64(0.038), 'eval/mean_episode_length': np.float64(1.0), 'eval/std_episode_length': np.float64(0.0), 'eval/eval_time': 0.07187986373901367}
{'training/total_steps': 30000, 'training/updates': 15, 'training/sps': np.float64(14066.09), 'training/walltime': np.float64(3.977), 'training/rollout_time': np.float64(0.134), 'training/update_time': np.float64(0.008), 'training/approx_kl': 1.5212954167509452e-05, 'training/entropy': 0.5328536033630371, 'training/policy_loss': -0.005474434699863195, 'training/total_loss': 0.36801207065582275, 'training/value_loss': 0.7469729781150818}
{'eval/num_episodes': 200, 'eval/num_steps': 200, 'eval/mean_score': np.float64(0.979), 'eval/std_score': np.float64(0.04), 'eval/mean_episode_length': np.float64(1.0), 'eval/std_episode_length': np.float64(0.0), 'eval/eval_time': 0.07504701614379883}
{'training/total_steps': 32000, 'training/updates': 16, 'training/sps': np.float64(14159.685), 'training/walltime': np.float64(4.194), 'training/rollout_time': np.float64(0.133), 'training/update_time': np.float64(0.009), 'training/approx_kl': 1.522690126876114e-05, 'training/entropy': 0.5294064283370972, 'training/policy_loss': -0.005480147432535887, 'training/total_loss': 0.3629748225212097, 'training/value_loss': 0.7369099855422974}
{'eval/num_episodes': 200, 'eval/num_steps': 200, 'eval/mean_score': np.float64(0.977), 'eval/std_score': np.float64(0.042), 'eval/mean_episode_length': np.float64(1.0), 'eval/std_episode_length': np.float64(0.0), 'eval/eval_time': 0.07255005836486816}
{'training/total_steps': 34000, 'training/updates': 17, 'training/sps': np.float64(13888.884), 'training/walltime': np.float64(4.411), 'training/rollout_time': np.float64(0.135), 'training/update_time': np.float64(0.009), 'training/approx_kl': 1.6551286535104737e-05, 'training/entropy': 0.5259131193161011, 'training/policy_loss': -0.005716418847441673, 'training/total_loss': 0.3567529320716858, 'training/value_loss': 0.724938690662384}
{'eval/num_episodes': 200, 'eval/num_steps': 200, 'eval/mean_score': np.float64(0.984), 'eval/std_score': np.float64(0.036), 'eval/mean_episode_length': np.float64(1.0), 'eval/std_episode_length': np.float64(0.0), 'eval/eval_time': 0.07147097587585449}
{'training/total_steps': 36000, 'training/updates': 18, 'training/sps': np.float64(14161.382), 'training/walltime': np.float64(4.624), 'training/rollout_time': np.float64(0.132), 'training/update_time': np.float64(0.009), 'training/approx_kl': 1.592098305991385e-05, 'training/entropy': 0.5223898887634277, 'training/policy_loss': -0.0056143226101994514, 'training/total_loss': 0.3528960943222046, 'training/value_loss': 0.7170208692550659}
{'eval/num_episodes': 200, 'eval/num_steps': 200, 'eval/mean_score': np.float64(0.98), 'eval/std_score': np.float64(0.04), 'eval/mean_episode_length': np.float64(1.0), 'eval/std_episode_length': np.float64(0.0), 'eval/eval_time': 0.07070612907409668}
{'training/total_steps': 38000, 'training/updates': 19, 'training/sps': np.float64(14270.709), 'training/walltime': np.float64(4.835), 'training/rollout_time': np.float64(0.132), 'training/update_time': np.float64(0.009), 'training/approx_kl': 1.5688650819356553e-05, 'training/entropy': 0.5188636183738708, 'training/policy_loss': -0.00556227145716548, 'training/total_loss': 0.3485349118709564, 'training/value_loss': 0.708194375038147}
{'eval/num_episodes': 200, 'eval/num_steps': 200, 'eval/mean_score': np.float64(0.981), 'eval/std_score': np.float64(0.039), 'eval/mean_episode_length': np.float64(1.0), 'eval/std_episode_length': np.float64(0.0), 'eval/eval_time': 0.07355594635009766}
{'training/total_steps': 40000, 'training/updates': 20, 'training/sps': np.float64(13522.663), 'training/walltime': np.float64(5.057), 'training/rollout_time': np.float64(0.139), 'training/update_time': np.float64(0.009), 'training/approx_kl': 1.506951593910344e-05, 'training/entropy': 0.515337347984314, 'training/policy_loss': -0.005461701191961765, 'training/total_loss': 0.34435003995895386, 'training/value_loss': 0.6996234655380249}
{'eval/num_episodes': 200, 'eval/num_steps': 200, 'eval/mean_score': np.float64(0.981), 'eval/std_score': np.float64(0.039), 'eval/mean_episode_length': np.float64(1.0), 'eval/std_episode_length': np.float64(0.0), 'eval/eval_time': 0.0785379409790039}
{'training/total_steps': 42000, 'training/updates': 21, 'training/sps': np.float64(13809.317), 'training/walltime': np.float64(5.28), 'training/rollout_time': np.float64(0.136), 'training/update_time': np.float64(0.008), 'training/approx_kl': 1.5610770788043737e-05, 'training/entropy': 0.5117982029914856, 'training/policy_loss': -0.0055225566029548645, 'training/total_loss': 0.33928966522216797, 'training/value_loss': 0.6896244287490845}
{'eval/num_episodes': 200, 'eval/num_steps': 200, 'eval/mean_score': np.float64(0.976), 'eval/std_score': np.float64(0.042), 'eval/mean_episode_length': np.float64(1.0), 'eval/std_episode_length': np.float64(0.0), 'eval/eval_time': 0.07504820823669434}
{'training/total_steps': 44000, 'training/updates': 22, 'training/sps': np.float64(13530.82), 'training/walltime': np.float64(5.503), 'training/rollout_time': np.float64(0.139), 'training/update_time': np.float64(0.008), 'training/approx_kl': 1.4828527127974667e-05, 'training/entropy': 0.5082485675811768, 'training/policy_loss': -0.005407996475696564, 'training/total_loss': 0.3353506326675415, 'training/value_loss': 0.6815171837806702}
{'eval/num_episodes': 200, 'eval/num_steps': 200, 'eval/mean_score': np.float64(0.982), 'eval/std_score': np.float64(0.038), 'eval/mean_episode_length': np.float64(1.0), 'eval/std_episode_length': np.float64(0.0), 'eval/eval_time': 0.07282209396362305}
{'training/total_steps': 46000, 'training/updates': 23, 'training/sps': np.float64(14029.978), 'training/walltime': np.float64(5.719), 'training/rollout_time': np.float64(0.134), 'training/update_time': np.float64(0.009), 'training/approx_kl': 1.4915615793142933e-05, 'training/entropy': 0.5046914219856262, 'training/policy_loss': -0.005422998685389757, 'training/total_loss': 0.3307117819786072, 'training/value_loss': 0.6722695231437683}
{'eval/num_episodes': 200, 'eval/num_steps': 200, 'eval/mean_score': np.float64(0.982), 'eval/std_score': np.float64(0.038), 'eval/mean_episode_length': np.float64(1.0), 'eval/std_episode_length': np.float64(0.0), 'eval/eval_time': 0.0741739273071289}
{'training/total_steps': 48000, 'training/updates': 24, 'training/sps': np.float64(10831.124), 'training/walltime': np.float64(5.978), 'training/rollout_time': np.float64(0.175), 'training/update_time': np.float64(0.009), 'training/approx_kl': 1.4746346096217167e-05, 'training/entropy': 0.5011215209960938, 'training/policy_loss': -0.005393907893449068, 'training/total_loss': 0.3262936472892761, 'training/value_loss': 0.6633751392364502}
{'eval/num_episodes': 200, 'eval/num_steps': 200, 'eval/mean_score': np.float64(0.983), 'eval/std_score': np.float64(0.038), 'eval/mean_episode_length': np.float64(1.0), 'eval/std_episode_length': np.float64(0.0), 'eval/eval_time': 0.07263398170471191}
{'training/total_steps': 50000, 'training/updates': 25, 'training/sps': np.float64(14502.75), 'training/walltime': np.float64(6.189), 'training/rollout_time': np.float64(0.129), 'training/update_time': np.float64(0.009), 'training/approx_kl': 1.5086204257386271e-05, 'training/entropy': 0.4975375831127167, 'training/policy_loss': -0.0054224105551838875, 'training/total_loss': 0.3216066360473633, 'training/value_loss': 0.654058039188385}
{'eval/num_episodes': 200, 'eval/num_steps': 200, 'eval/mean_score': np.float64(0.98), 'eval/std_score': np.float64(0.04), 'eval/mean_episode_length': np.float64(1.0), 'eval/std_episode_length': np.float64(0.0), 'eval/eval_time': 0.06977605819702148}
{'training/total_steps': 52000, 'training/updates': 26, 'training/sps': np.float64(14021.7), 'training/walltime': np.float64(6.402), 'training/rollout_time': np.float64(0.134), 'training/update_time': np.float64(0.009), 'training/approx_kl': 1.5353554772445932e-05, 'training/entropy': 0.49392691254615784, 'training/policy_loss': -0.005506810732185841, 'training/total_loss': 0.31669965386390686, 'training/value_loss': 0.6444129347801208}
{'eval/num_episodes': 200, 'eval/num_steps': 200, 'eval/mean_score': np.float64(0.979), 'eval/std_score': np.float64(0.04), 'eval/mean_episode_length': np.float64(1.0), 'eval/std_episode_length': np.float64(0.0), 'eval/eval_time': 0.07134389877319336}
{'training/total_steps': 54000, 'training/updates': 27, 'training/sps': np.float64(13821.422), 'training/walltime': np.float64(6.618), 'training/rollout_time': np.float64(0.136), 'training/update_time': np.float64(0.009), 'training/approx_kl': 1.4219367585610598e-05, 'training/entropy': 0.49032020568847656, 'training/policy_loss': -0.005297370254993439, 'training/total_loss': 0.3134830594062805, 'training/value_loss': 0.6375608444213867}
{'eval/num_episodes': 200, 'eval/num_steps': 200, 'eval/mean_score': np.float64(0.979), 'eval/std_score': np.float64(0.04), 'eval/mean_episode_length': np.float64(1.0), 'eval/std_episode_length': np.float64(0.0), 'eval/eval_time': 0.07620906829833984}
{'training/total_steps': 56000, 'training/updates': 28, 'training/sps': np.float64(13925.035), 'training/walltime': np.float64(6.838), 'training/rollout_time': np.float64(0.135), 'training/update_time': np.float64(0.008), 'training/approx_kl': 1.4404289686353877e-05, 'training/entropy': 0.48671916127204895, 'training/policy_loss': -0.0053366622887551785, 'training/total_loss': 0.30876877903938293, 'training/value_loss': 0.6282109022140503}
{'eval/num_episodes': 200, 'eval/num_steps': 200, 'eval/mean_score': np.float64(0.981), 'eval/std_score': np.float64(0.039), 'eval/mean_episode_length': np.float64(1.0), 'eval/std_episode_length': np.float64(0.0), 'eval/eval_time': 0.07706403732299805}
{'training/total_steps': 58000, 'training/updates': 29, 'training/sps': np.float64(9314.673), 'training/walltime': np.float64(7.13), 'training/rollout_time': np.float64(0.204), 'training/update_time': np.float64(0.01), 'training/approx_kl': 1.52856191562023e-05, 'training/entropy': 0.4830879867076874, 'training/policy_loss': -0.00549596780911088, 'training/total_loss': 0.30359435081481934, 'training/value_loss': 0.6181805729866028}
{'eval/num_episodes': 200, 'eval/num_steps': 200, 'eval/mean_score': np.float64(0.981), 'eval/std_score': np.float64(0.039), 'eval/mean_episode_length': np.float64(1.0), 'eval/std_episode_length': np.float64(0.0), 'eval/eval_time': 0.07459187507629395}
{'training/total_steps': 60000, 'training/updates': 30, 'training/sps': np.float64(14333.033), 'training/walltime': np.float64(7.345), 'training/rollout_time': np.float64(0.131), 'training/update_time': np.float64(0.008), 'training/approx_kl': 1.4525965525535867e-05, 'training/entropy': 0.47944188117980957, 'training/policy_loss': -0.0053598638623952866, 'training/total_loss': 0.3001108765602112, 'training/value_loss': 0.6109415292739868}
{'eval/num_episodes': 200, 'eval/num_steps': 200, 'eval/mean_score': np.float64(0.98), 'eval/std_score': np.float64(0.04), 'eval/mean_episode_length': np.float64(1.0), 'eval/std_episode_length': np.float64(0.0), 'eval/eval_time': 0.12072205543518066}
TRAINING END: training duration: 7.465530872344971
{'final_eval/num_episodes': 200, 'final_eval/num_steps': 200, 'final_eval/mean_score': np.float64(1.0), 'final_eval/std_score': np.float64(0.0), 'final_eval/mean_episode_length': np.float64(1.0), 'final_eval/std_episode_length': np.float64(0.0)}
at64(0.0)}
