|param: value|
|experiment_name:  reinforce_procgen|
|seed:  3|
|platform:  cpu|
|write_logs_to_file:  False|
|save_model:  False|
|env_name:  bandit|
|num_envs:  1|
|num_train_levels:  200|
|distribution_mode:  easy|
|arm_means:  (1.0, 0.9)|
|deterministic_rewards:  True|
|eval_env:  True|
|num_eval_episodes:  200|
|eval_every:  1|
|deterministic_eval:  False|
|normalize_observations:  True|
|total_timesteps:  60000|
|learning_rate:  0.5|
|optimizer:  sgd|
|unroll_length:  2048|
|anneal_lr:  False|
|gamma:  0.99|
|batch_size:  1|
|num_minibatches:  1|
|update_epochs:  1|
|entropy_cost:  0.0|
|max_grad_norm:  0.5|
|reward_scaling:  1.0|
|use_cnn:  False|
|policy_hidden_layer_sizes:  ()|
|value_hidden_layer_sizes:  ()|
|activation:  <jax._src.custom_derivatives.custom_jvp object at 0x10f607f50>|
|policy_init_logit_bias:  [1.0, 0.0]|
{'training/total_steps': 2000, 'training/updates': 1, 'training/sps': np.float64(1921.673), 'training/walltime': np.float64(1.041), 'training/rollout_time': np.float64(0.422), 'training/update_time': np.float64(0.619), 'training/approx_kl': 0.0, 'training/entropy': 0.5822030305862427, 'training/policy_loss': 0.3943610191345215, 'training/total_loss': 0.6530776619911194, 'training/value_loss': 0.517433226108551}
{'eval/num_episodes': 200, 'eval/num_steps': 200, 'eval/mean_score': np.float64(0.975), 'eval/std_score': np.float64(0.043), 'eval/mean_episode_length': np.float64(1.0), 'eval/std_episode_length': np.float64(0.0), 'eval/eval_time': 0.07189226150512695}
{'training/total_steps': 4000, 'training/updates': 2, 'training/sps': np.float64(5892.403), 'training/walltime': np.float64(1.452), 'training/rollout_time': np.float64(0.338), 'training/update_time': np.float64(0.001), 'training/approx_kl': 0.0, 'training/entropy': 0.5776005387306213, 'training/policy_loss': 0.19236420094966888, 'training/total_loss': 0.25962042808532715, 'training/value_loss': 0.13451242446899414}
{'eval/num_episodes': 200, 'eval/num_steps': 200, 'eval/mean_score': np.float64(0.975), 'eval/std_score': np.float64(0.043), 'eval/mean_episode_length': np.float64(1.0), 'eval/std_episode_length': np.float64(0.0), 'eval/eval_time': 0.07904672622680664}
{'training/total_steps': 6000, 'training/updates': 3, 'training/sps': np.float64(5992.903), 'training/walltime': np.float64(1.866), 'training/rollout_time': np.float64(0.331), 'training/update_time': np.float64(0.003), 'training/approx_kl': -6.602704871738752e-08, 'training/entropy': 0.5707913637161255, 'training/policy_loss': -0.013393621891736984, 'training/total_loss': -0.01235335972160101, 'training/value_loss': 0.0020805245731025934}
{'eval/num_episodes': 200, 'eval/num_steps': 200, 'eval/mean_score': np.float64(0.974), 'eval/std_score': np.float64(0.044), 'eval/mean_episode_length': np.float64(1.0), 'eval/std_episode_length': np.float64(0.0), 'eval/eval_time': 0.08185911178588867}
{'training/total_steps': 8000, 'training/updates': 4, 'training/sps': np.float64(5735.569), 'training/walltime': np.float64(2.297), 'training/rollout_time': np.float64(0.347), 'training/update_time': np.float64(0.002), 'training/approx_kl': 0.0, 'training/entropy': 0.5629284977912903, 'training/policy_loss': -0.01967870444059372, 'training/total_loss': -0.018745312467217445, 'training/value_loss': 0.001866783481091261}
{'eval/num_episodes': 200, 'eval/num_steps': 200, 'eval/mean_score': np.float64(0.973), 'eval/std_score': np.float64(0.044), 'eval/mean_episode_length': np.float64(1.0), 'eval/std_episode_length': np.float64(0.0), 'eval/eval_time': 0.07309699058532715}
{'training/total_steps': 10000, 'training/updates': 5, 'training/sps': np.float64(5743.167), 'training/walltime': np.float64(2.718), 'training/rollout_time': np.float64(0.347), 'training/update_time': np.float64(0.002), 'training/approx_kl': 0.0, 'training/entropy': 0.5551957488059998, 'training/policy_loss': -0.019207580015063286, 'training/total_loss': -0.018317939713597298, 'training/value_loss': 0.0017792811850085855}
{'eval/num_episodes': 200, 'eval/num_steps': 200, 'eval/mean_score': np.float64(0.981), 'eval/std_score': np.float64(0.039), 'eval/mean_episode_length': np.float64(1.0), 'eval/std_episode_length': np.float64(0.0), 'eval/eval_time': 0.07616591453552246}
{'training/total_steps': 12000, 'training/updates': 6, 'training/sps': np.float64(5824.84), 'training/walltime': np.float64(3.138), 'training/rollout_time': np.float64(0.342), 'training/update_time': np.float64(0.001), 'training/approx_kl': 0.0, 'training/entropy': 0.5477219223976135, 'training/policy_loss': -0.023682238534092903, 'training/total_loss': -0.022726792842149734, 'training/value_loss': 0.00191089091822505}
{'eval/num_episodes': 200, 'eval/num_steps': 200, 'eval/mean_score': np.float64(0.981), 'eval/std_score': np.float64(0.039), 'eval/mean_episode_length': np.float64(1.0), 'eval/std_episode_length': np.float64(0.0), 'eval/eval_time': 0.07043027877807617}
{'training/total_steps': 14000, 'training/updates': 7, 'training/sps': np.float64(6051.361), 'training/walltime': np.float64(3.54), 'training/rollout_time': np.float64(0.329), 'training/update_time': np.float64(0.002), 'training/approx_kl': 0.0, 'training/entropy': 0.5396012663841248, 'training/policy_loss': -0.018520737066864967, 'training/total_loss': -0.017662357538938522, 'training/value_loss': 0.0017167605692520738}
{'eval/num_episodes': 200, 'eval/num_steps': 200, 'eval/mean_score': np.float64(0.971), 'eval/std_score': np.float64(0.045), 'eval/mean_episode_length': np.float64(1.0), 'eval/std_episode_length': np.float64(0.0), 'eval/eval_time': 0.07506990432739258}
{'training/total_steps': 16000, 'training/updates': 8, 'training/sps': np.float64(6339.508), 'training/walltime': np.float64(3.93), 'training/rollout_time': np.float64(0.314), 'training/update_time': np.float64(0.001), 'training/approx_kl': 0.0, 'training/entropy': 0.5322646498680115, 'training/policy_loss': -0.02148735150694847, 'training/total_loss': -0.020627906545996666, 'training/value_loss': 0.0017188884085044265}
{'eval/num_episodes': 200, 'eval/num_steps': 200, 'eval/mean_score': np.float64(0.979), 'eval/std_score': np.float64(0.04), 'eval/mean_episode_length': np.float64(1.0), 'eval/std_episode_length': np.float64(0.0), 'eval/eval_time': 0.0752100944519043}
{'training/total_steps': 18000, 'training/updates': 9, 'training/sps': np.float64(5850.91), 'training/walltime': np.float64(4.348), 'training/rollout_time': np.float64(0.34), 'training/update_time': np.float64(0.001), 'training/approx_kl': 0.0, 'training/entropy': 0.524812638759613, 'training/policy_loss': -0.018322590738534927, 'training/total_loss': -0.017544247210025787, 'training/value_loss': 0.0015566883375868201}
{'eval/num_episodes': 200, 'eval/num_steps': 200, 'eval/mean_score': np.float64(0.979), 'eval/std_score': np.float64(0.041), 'eval/mean_episode_length': np.float64(1.0), 'eval/std_episode_length': np.float64(0.0), 'eval/eval_time': 0.07132172584533691}
{'training/total_steps': 20000, 'training/updates': 10, 'training/sps': np.float64(6214.695), 'training/walltime': np.float64(4.741), 'training/rollout_time': np.float64(0.32), 'training/update_time': np.float64(0.001), 'training/approx_kl': 0.0, 'training/entropy': 0.51801598072052, 'training/policy_loss': -0.02113421820104122, 'training/total_loss': -0.020338483154773712, 'training/value_loss': 0.001591468695551157}
{'eval/num_episodes': 200, 'eval/num_steps': 200, 'eval/mean_score': np.float64(0.977), 'eval/std_score': np.float64(0.042), 'eval/mean_episode_length': np.float64(1.0), 'eval/std_episode_length': np.float64(0.0), 'eval/eval_time': 0.07283926010131836}
{'training/total_steps': 22000, 'training/updates': 11, 'training/sps': np.float64(5858.879), 'training/walltime': np.float64(5.156), 'training/rollout_time': np.float64(0.34), 'training/update_time': np.float64(0.002), 'training/approx_kl': 0.0, 'training/entropy': 0.5110301971435547, 'training/policy_loss': -0.022335290908813477, 'training/total_loss': -0.021515682339668274, 'training/value_loss': 0.001639218651689589}
{'eval/num_episodes': 200, 'eval/num_steps': 200, 'eval/mean_score': np.float64(0.981), 'eval/std_score': np.float64(0.039), 'eval/mean_episode_length': np.float64(1.0), 'eval/std_episode_length': np.float64(0.0), 'eval/eval_time': 0.07372426986694336}
{'training/total_steps': 24000, 'training/updates': 12, 'training/sps': np.float64(6368.418), 'training/walltime': np.float64(5.544), 'training/rollout_time': np.float64(0.313), 'training/update_time': np.float64(0.001), 'training/approx_kl': 0.0, 'training/entropy': 0.5037927627563477, 'training/policy_loss': -0.021676350384950638, 'training/total_loss': -0.020874671638011932, 'training/value_loss': 0.00160335807595402}
{'eval/num_episodes': 200, 'eval/num_steps': 200, 'eval/mean_score': np.float64(0.977), 'eval/std_score': np.float64(0.042), 'eval/mean_episode_length': np.float64(1.0), 'eval/std_episode_length': np.float64(0.0), 'eval/eval_time': 0.07101202011108398}
{'training/total_steps': 26000, 'training/updates': 13, 'training/sps': np.float64(5909.551), 'training/walltime': np.float64(5.954), 'training/rollout_time': np.float64(0.337), 'training/update_time': np.float64(0.002), 'training/approx_kl': 0.0, 'training/entropy': 0.4966803193092346, 'training/policy_loss': -0.02262515388429165, 'training/total_loss': -0.021820658817887306, 'training/value_loss': 0.0016089886194095016}
{'eval/num_episodes': 200, 'eval/num_steps': 200, 'eval/mean_score': np.float64(0.976), 'eval/std_score': np.float64(0.042), 'eval/mean_episode_length': np.float64(1.0), 'eval/std_episode_length': np.float64(0.0), 'eval/eval_time': 0.0749359130859375}
{'training/total_steps': 28000, 'training/updates': 14, 'training/sps': np.float64(5534.956), 'training/walltime': np.float64(6.391), 'training/rollout_time': np.float64(0.36), 'training/update_time': np.float64(0.001), 'training/approx_kl': 0.0, 'training/entropy': 0.48951730132102966, 'training/policy_loss': -0.01935381442308426, 'training/total_loss': -0.01863141357898712, 'training/value_loss': 0.0014448033180087805}
{'eval/num_episodes': 200, 'eval/num_steps': 200, 'eval/mean_score': np.float64(0.985), 'eval/std_score': np.float64(0.036), 'eval/mean_episode_length': np.float64(1.0), 'eval/std_episode_length': np.float64(0.0), 'eval/eval_time': 0.07918500900268555}
{'training/total_steps': 30000, 'training/updates': 15, 'training/sps': np.float64(6120.605), 'training/walltime': np.float64(6.797), 'training/rollout_time': np.float64(0.325), 'training/update_time': np.float64(0.001), 'training/approx_kl': 0.0, 'training/entropy': 0.4830808937549591, 'training/policy_loss': -0.022530656307935715, 'training/total_loss': -0.02177780494093895, 'training/value_loss': 0.0015057013370096684}
{'eval/num_episodes': 200, 'eval/num_steps': 200, 'eval/mean_score': np.float64(0.979), 'eval/std_score': np.float64(0.041), 'eval/mean_episode_length': np.float64(1.0), 'eval/std_episode_length': np.float64(0.0), 'eval/eval_time': 0.12401819229125977}
{'training/total_steps': 32000, 'training/updates': 16, 'training/sps': np.float64(5470.037), 'training/walltime': np.float64(7.287), 'training/rollout_time': np.float64(0.364), 'training/update_time': np.float64(0.002), 'training/approx_kl': 0.0, 'training/entropy': 0.47635647654533386, 'training/policy_loss': -0.022410165518522263, 'training/total_loss': -0.02165944315493107, 'training/value_loss': 0.0015014432137832046}
{'eval/num_episodes': 200, 'eval/num_steps': 200, 'eval/mean_score': np.float64(0.983), 'eval/std_score': np.float64(0.038), 'eval/mean_episode_length': np.float64(1.0), 'eval/std_episode_length': np.float64(0.0), 'eval/eval_time': 0.11181497573852539}
{'training/total_steps': 34000, 'training/updates': 17, 'training/sps': np.float64(5326.3), 'training/walltime': np.float64(7.775), 'training/rollout_time': np.float64(0.374), 'training/update_time': np.float64(0.002), 'training/approx_kl': 0.0, 'training/entropy': 0.46963608264923096, 'training/policy_loss': -0.022092487663030624, 'training/total_loss': -0.021359147503972054, 'training/value_loss': 0.0014666813658550382}
{'eval/num_episodes': 200, 'eval/num_steps': 200, 'eval/mean_score': np.float64(0.984), 'eval/std_score': np.float64(0.036), 'eval/mean_episode_length': np.float64(1.0), 'eval/std_episode_length': np.float64(0.0), 'eval/eval_time': 0.07894015312194824}
{'training/total_steps': 36000, 'training/updates': 18, 'training/sps': np.float64(6117.133), 'training/walltime': np.float64(8.181), 'training/rollout_time': np.float64(0.325), 'training/update_time': np.float64(0.002), 'training/approx_kl': 0.0, 'training/entropy': 0.46307092905044556, 'training/policy_loss': -0.02175290696322918, 'training/total_loss': -0.021042222157120705, 'training/value_loss': 0.001421367865987122}
{'eval/num_episodes': 200, 'eval/num_steps': 200, 'eval/mean_score': np.float64(0.988), 'eval/std_score': np.float64(0.032), 'eval/mean_episode_length': np.float64(1.0), 'eval/std_episode_length': np.float64(0.0), 'eval/eval_time': 0.07354617118835449}
{'training/total_steps': 38000, 'training/updates': 19, 'training/sps': np.float64(5028.891), 'training/walltime': np.float64(8.653), 'training/rollout_time': np.float64(0.396), 'training/update_time': np.float64(0.002), 'training/approx_kl': 0.0, 'training/entropy': 0.4567098021507263, 'training/policy_loss': -0.02090507186949253, 'training/total_loss': -0.020229125395417213, 'training/value_loss': 0.0013518937630578876}
{'eval/num_episodes': 200, 'eval/num_steps': 200, 'eval/mean_score': np.float64(0.981), 'eval/std_score': np.float64(0.039), 'eval/mean_episode_length': np.float64(1.0), 'eval/std_episode_length': np.float64(0.0), 'eval/eval_time': 0.07106304168701172}
{'training/total_steps': 40000, 'training/updates': 20, 'training/sps': np.float64(6394.497), 'training/walltime': np.float64(9.037), 'training/rollout_time': np.float64(0.311), 'training/update_time': np.float64(0.001), 'training/approx_kl': 0.0, 'training/entropy': 0.45066267251968384, 'training/policy_loss': -0.02311309240758419, 'training/total_loss': -0.022407187148928642, 'training/value_loss': 0.001411810633726418}
{'eval/num_episodes': 200, 'eval/num_steps': 200, 'eval/mean_score': np.float64(0.984), 'eval/std_score': np.float64(0.037), 'eval/mean_episode_length': np.float64(1.0), 'eval/std_episode_length': np.float64(0.0), 'eval/eval_time': 0.07331299781799316}
{'training/total_steps': 42000, 'training/updates': 21, 'training/sps': np.float64(6318.678), 'training/walltime': np.float64(9.427), 'training/rollout_time': np.float64(0.315), 'training/update_time': np.float64(0.001), 'training/approx_kl': 0.0, 'training/entropy': 0.44435787200927734, 'training/policy_loss': -0.02141072228550911, 'training/total_loss': -0.020741522312164307, 'training/value_loss': 0.0013384006451815367}
{'eval/num_episodes': 200, 'eval/num_steps': 200, 'eval/mean_score': np.float64(0.982), 'eval/std_score': np.float64(0.038), 'eval/mean_episode_length': np.float64(1.0), 'eval/std_episode_length': np.float64(0.0), 'eval/eval_time': 0.07205390930175781}
{'training/total_steps': 44000, 'training/updates': 22, 'training/sps': np.float64(5899.498), 'training/walltime': np.float64(9.838), 'training/rollout_time': np.float64(0.337), 'training/update_time': np.float64(0.002), 'training/approx_kl': 0.0, 'training/entropy': 0.43839263916015625, 'training/policy_loss': -0.023823151364922523, 'training/total_loss': -0.0231204554438591, 'training/value_loss': 0.0014053905615583062}
{'eval/num_episodes': 200, 'eval/num_steps': 200, 'eval/mean_score': np.float64(0.981), 'eval/std_score': np.float64(0.039), 'eval/mean_episode_length': np.float64(1.0), 'eval/std_episode_length': np.float64(0.0), 'eval/eval_time': 0.07683396339416504}
{'training/total_steps': 46000, 'training/updates': 23, 'training/sps': np.float64(6253.864), 'training/walltime': np.float64(10.236), 'training/rollout_time': np.float64(0.318), 'training/update_time': np.float64(0.002), 'training/approx_kl': 0.0, 'training/entropy': 0.43213868141174316, 'training/policy_loss': -0.020297963172197342, 'training/total_loss': -0.019668588414788246, 'training/value_loss': 0.001258751144632697}
{'eval/num_episodes': 200, 'eval/num_steps': 200, 'eval/mean_score': np.float64(0.985), 'eval/std_score': np.float64(0.036), 'eval/mean_episode_length': np.float64(1.0), 'eval/std_episode_length': np.float64(0.0), 'eval/eval_time': 0.08063578605651855}
{'training/total_steps': 48000, 'training/updates': 24, 'training/sps': np.float64(5897.266), 'training/walltime': np.float64(10.656), 'training/rollout_time': np.float64(0.338), 'training/update_time': np.float64(0.002), 'training/approx_kl': 0.0, 'training/entropy': 0.42656514048576355, 'training/policy_loss': -0.022754384204745293, 'training/total_loss': -0.02210095338523388, 'training/value_loss': 0.0013068604748696089}
{'eval/num_episodes': 200, 'eval/num_steps': 200, 'eval/mean_score': np.float64(0.987), 'eval/std_score': np.float64(0.033), 'eval/mean_episode_length': np.float64(1.0), 'eval/std_episode_length': np.float64(0.0), 'eval/eval_time': 0.07268691062927246}
{'training/total_steps': 50000, 'training/updates': 25, 'training/sps': np.float64(6214.792), 'training/walltime': np.float64(11.051), 'training/rollout_time': np.float64(0.32), 'training/update_time': np.float64(0.002), 'training/approx_kl': 0.0, 'training/entropy': 0.4207831621170044, 'training/policy_loss': -0.02007479965686798, 'training/total_loss': -0.019478658214211464, 'training/value_loss': 0.0011922827688977122}
{'eval/num_episodes': 200, 'eval/num_steps': 200, 'eval/mean_score': np.float64(0.985), 'eval/std_score': np.float64(0.035), 'eval/mean_episode_length': np.float64(1.0), 'eval/std_episode_length': np.float64(0.0), 'eval/eval_time': 0.07689213752746582}
{'training/total_steps': 52000, 'training/updates': 26, 'training/sps': np.float64(6352.706), 'training/walltime': np.float64(11.443), 'training/rollout_time': np.float64(0.313), 'training/update_time': np.float64(0.001), 'training/approx_kl': 0.0, 'training/entropy': 0.4155280590057373, 'training/policy_loss': -0.02455124817788601, 'training/total_loss': -0.023880448192358017, 'training/value_loss': 0.0013416005531325936}
{'eval/num_episodes': 200, 'eval/num_steps': 200, 'eval/mean_score': np.float64(0.988), 'eval/std_score': np.float64(0.032), 'eval/mean_episode_length': np.float64(1.0), 'eval/std_episode_length': np.float64(0.0), 'eval/eval_time': 0.07510519027709961}
{'training/total_steps': 54000, 'training/updates': 27, 'training/sps': np.float64(5947.87), 'training/walltime': np.float64(11.854), 'training/rollout_time': np.float64(0.335), 'training/update_time': np.float64(0.002), 'training/approx_kl': 0.0, 'training/entropy': 0.409638375043869, 'training/policy_loss': -0.0216608177870512, 'training/total_loss': -0.021039962768554688, 'training/value_loss': 0.0012417106190696359}
{'eval/num_episodes': 200, 'eval/num_steps': 200, 'eval/mean_score': np.float64(0.982), 'eval/std_score': np.float64(0.038), 'eval/mean_episode_length': np.float64(1.0), 'eval/std_episode_length': np.float64(0.0), 'eval/eval_time': 0.07245898246765137}
{'training/total_steps': 56000, 'training/updates': 28, 'training/sps': np.float64(6368.718), 'training/walltime': np.float64(12.241), 'training/rollout_time': np.float64(0.312), 'training/update_time': np.float64(0.002), 'training/approx_kl': 0.0, 'training/entropy': 0.40421271324157715, 'training/policy_loss': -0.023315072059631348, 'training/total_loss': -0.022679222747683525, 'training/value_loss': 0.0012717004865407944}
{'eval/num_episodes': 200, 'eval/num_steps': 200, 'eval/mean_score': np.float64(0.986), 'eval/std_score': np.float64(0.035), 'eval/mean_episode_length': np.float64(1.0), 'eval/std_episode_length': np.float64(0.0), 'eval/eval_time': 0.06914925575256348}
{'training/total_steps': 58000, 'training/updates': 29, 'training/sps': np.float64(5778.858), 'training/walltime': np.float64(12.657), 'training/rollout_time': np.float64(0.345), 'training/update_time': np.float64(0.001), 'training/approx_kl': 0.0, 'training/entropy': 0.3986682891845703, 'training/policy_loss': -0.020446769893169403, 'training/total_loss': -0.019872358068823814, 'training/value_loss': 0.0011488232994452119}
{'eval/num_episodes': 200, 'eval/num_steps': 200, 'eval/mean_score': np.float64(0.985), 'eval/std_score': np.float64(0.036), 'eval/mean_episode_length': np.float64(1.0), 'eval/std_episode_length': np.float64(0.0), 'eval/eval_time': 0.07682418823242188}
{'training/total_steps': 60000, 'training/updates': 30, 'training/sps': np.float64(6198.091), 'training/walltime': np.float64(13.057), 'training/rollout_time': np.float64(0.321), 'training/update_time': np.float64(0.001), 'training/approx_kl': 0.0, 'training/entropy': 0.3936927318572998, 'training/policy_loss': -0.018834128975868225, 'training/total_loss': -0.018314609304070473, 'training/value_loss': 0.0010390401585027575}
{'eval/num_episodes': 200, 'eval/num_steps': 200, 'eval/mean_score': np.float64(0.987), 'eval/std_score': np.float64(0.034), 'eval/mean_episode_length': np.float64(1.0), 'eval/std_episode_length': np.float64(0.0), 'eval/eval_time': 0.07935094833374023}
TRAINING END: training duration: 13.136367082595825
{'final_eval/num_episodes': 200, 'final_eval/num_steps': 200, 'final_eval/mean_score': np.float64(1.0), 'final_eval/std_score': np.float64(0.0), 'final_eval/mean_episode_length': np.float64(1.0), 'final_eval/std_episode_length': np.float64(0.0)}
