|param: value|
|experiment_name:  cleanba_ppo|
|seed:  6|
|platform:  cpu|
|write_logs_to_file:  False|
|save_model:  False|
|env_name:  bandit|
|num_envs:  8|
|num_train_levels:  200|
|distribution_mode:  easy|
|arm_means:  (1.0, 0.9)|
|deterministic_rewards:  True|
|eval_env:  True|
|num_eval_episodes:  200|
|eval_every:  1|
|deterministic_eval:  False|
|total_timesteps:  60000|
|learning_rate:  0.00025|
|adam_eps:  1e-05|
|unroll_length:  250|
|anneal_lr:  False|
|gamma:  0.99|
|gae_lambda:  0.95|
|num_minibatches:  4|
|update_epochs:  4|
|normalize_advantages:  True|
|clip_eps:  0.1|
|clip_vloss:  True|
|entropy_cost:  0.0|
|vf_cost:  0.5|
|max_grad_norm:  0.5|
|use_cnn:  False|
|policy_hidden_layer_sizes:  ()|
|value_hidden_layer_sizes:  ()|
|activation:  <jax._src.custom_derivatives.custom_jvp object at 0x121217810>|
|policy_init_logit_bias:  [0.0, 6.0]|
{'training/total_steps': 2000, 'training/updates': 1, 'training/sps': np.float64(2118.943), 'training/walltime': np.float64(0.944), 'training/rollout_time': np.float64(0.445), 'training/update_time': np.float64(0.498), 'training/approx_kl': 1.2414693628670648e-07, 'training/entropy': 0.01748594455420971, 'training/policy_loss': -0.47387591004371643, 'training/total_loss': -0.3636307716369629, 'training/value_loss': 0.22049033641815186}
{'eval/num_episodes': 200, 'eval/num_steps': 200, 'eval/mean_score': np.float64(0.9), 'eval/std_score': np.float64(0.007), 'eval/mean_episode_length': np.float64(1.0), 'eval/std_episode_length': np.float64(0.0), 'eval/eval_time': 0.08382201194763184}
{'training/total_steps': 4000, 'training/updates': 2, 'training/sps': np.float64(12394.57), 'training/walltime': np.float64(1.189), 'training/rollout_time': np.float64(0.153), 'training/update_time': np.float64(0.009), 'training/approx_kl': 1.7359295156893495e-07, 'training/entropy': 0.017683496698737144, 'training/policy_loss': 0.21355850994586945, 'training/total_loss': 0.32114121317863464, 'training/value_loss': 0.2151654064655304}
{'eval/num_episodes': 200, 'eval/num_steps': 200, 'eval/mean_score': np.float64(0.9), 'eval/std_score': np.float64(0.0), 'eval/mean_episode_length': np.float64(1.0), 'eval/std_episode_length': np.float64(0.0), 'eval/eval_time': 0.07994484901428223}
{'training/total_steps': 6000, 'training/updates': 3, 'training/sps': np.float64(8596.532), 'training/walltime': np.float64(1.502), 'training/rollout_time': np.float64(0.222), 'training/update_time': np.float64(0.01), 'training/approx_kl': 2.151315641185647e-07, 'training/entropy': 0.0179029181599617, 'training/policy_loss': -0.0005749502452090383, 'training/total_loss': 0.10441993921995163, 'training/value_loss': 0.2099897712469101}
{'eval/num_episodes': 200, 'eval/num_steps': 200, 'eval/mean_score': np.float64(0.9), 'eval/std_score': np.float64(0.0), 'eval/mean_episode_length': np.float64(1.0), 'eval/std_episode_length': np.float64(0.0), 'eval/eval_time': 0.07441401481628418}
{'training/total_steps': 8000, 'training/updates': 4, 'training/sps': np.float64(13954.198), 'training/walltime': np.float64(1.723), 'training/rollout_time': np.float64(0.135), 'training/update_time': np.float64(0.008), 'training/approx_kl': 3.8421399040089455e-07, 'training/entropy': 0.018141847103834152, 'training/policy_loss': -0.0008181481389328837, 'training/total_loss': 0.10160544514656067, 'training/value_loss': 0.20484718680381775}
{'eval/num_episodes': 200, 'eval/num_steps': 200, 'eval/mean_score': np.float64(0.9), 'eval/std_score': np.float64(0.0), 'eval/mean_episode_length': np.float64(1.0), 'eval/std_episode_length': np.float64(0.0), 'eval/eval_time': 0.07681775093078613}
{'training/total_steps': 10000, 'training/updates': 5, 'training/sps': np.float64(12971.606), 'training/walltime': np.float64(1.954), 'training/rollout_time': np.float64(0.146), 'training/update_time': np.float64(0.008), 'training/approx_kl': 2.853713283457182e-07, 'training/entropy': 0.018393483012914658, 'training/policy_loss': -0.24254529178142548, 'training/total_loss': -0.14258798956871033, 'training/value_loss': 0.1999146193265915}
{'eval/num_episodes': 200, 'eval/num_steps': 200, 'eval/mean_score': np.float64(0.9), 'eval/std_score': np.float64(0.0), 'eval/mean_episode_length': np.float64(1.0), 'eval/std_episode_length': np.float64(0.0), 'eval/eval_time': 0.07618999481201172}
{'training/total_steps': 12000, 'training/updates': 6, 'training/sps': np.float64(13343.102), 'training/walltime': np.float64(2.181), 'training/rollout_time': np.float64(0.142), 'training/update_time': np.float64(0.008), 'training/approx_kl': 2.3513089786320052e-07, 'training/entropy': 0.018628112971782684, 'training/policy_loss': 0.24132956564426422, 'training/total_loss': 0.3388366997241974, 'training/value_loss': 0.19501426815986633}
{'eval/num_episodes': 200, 'eval/num_steps': 200, 'eval/mean_score': np.float64(0.9), 'eval/std_score': np.float64(0.0), 'eval/mean_episode_length': np.float64(1.0), 'eval/std_episode_length': np.float64(0.0), 'eval/eval_time': 0.07670998573303223}
{'training/total_steps': 14000, 'training/updates': 7, 'training/sps': np.float64(13496.75), 'training/walltime': np.float64(2.406), 'training/rollout_time': np.float64(0.14), 'training/update_time': np.float64(0.008), 'training/approx_kl': 2.0623976126898924e-07, 'training/entropy': 0.018855594098567963, 'training/policy_loss': -0.24377508461475372, 'training/total_loss': -0.14867286384105682, 'training/value_loss': 0.1902044117450714}
{'eval/num_episodes': 200, 'eval/num_steps': 200, 'eval/mean_score': np.float64(0.9), 'eval/std_score': np.float64(0.007), 'eval/mean_episode_length': np.float64(1.0), 'eval/std_episode_length': np.float64(0.0), 'eval/eval_time': 0.07704305648803711}
{'training/total_steps': 16000, 'training/updates': 8, 'training/sps': np.float64(13721.472), 'training/walltime': np.float64(2.629), 'training/rollout_time': np.float64(0.138), 'training/update_time': np.float64(0.008), 'training/approx_kl': 4.773423967208146e-08, 'training/entropy': 0.01903478242456913, 'training/policy_loss': 0.21378962695598602, 'training/total_loss': 0.30657336115837097, 'training/value_loss': 0.18556751310825348}
{'eval/num_episodes': 200, 'eval/num_steps': 200, 'eval/mean_score': np.float64(0.9), 'eval/std_score': np.float64(0.0), 'eval/mean_episode_length': np.float64(1.0), 'eval/std_episode_length': np.float64(0.0), 'eval/eval_time': 0.08011722564697266}
{'training/total_steps': 18000, 'training/updates': 9, 'training/sps': np.float64(12334.193), 'training/walltime': np.float64(2.872), 'training/rollout_time': np.float64(0.154), 'training/update_time': np.float64(0.008), 'training/approx_kl': 2.246850705489578e-08, 'training/entropy': 0.019154708832502365, 'training/policy_loss': -6.087827932788059e-05, 'training/total_loss': 0.09043338894844055, 'training/value_loss': 0.18098852038383484}
{'eval/num_episodes': 200, 'eval/num_steps': 200, 'eval/mean_score': np.float64(0.901), 'eval/std_score': np.float64(0.01), 'eval/mean_episode_length': np.float64(1.0), 'eval/std_episode_length': np.float64(0.0), 'eval/eval_time': 0.08572196960449219}
{'training/total_steps': 20000, 'training/updates': 10, 'training/sps': np.float64(13386.967), 'training/walltime': np.float64(3.107), 'training/rollout_time': np.float64(0.141), 'training/update_time': np.float64(0.008), 'training/approx_kl': 9.288720548283891e-08, 'training/entropy': 0.019298067316412926, 'training/policy_loss': -0.00037978292675688863, 'training/total_loss': 0.08777281641960144, 'training/value_loss': 0.17630520462989807}
{'eval/num_episodes': 200, 'eval/num_steps': 200, 'eval/mean_score': np.float64(0.9), 'eval/std_score': np.float64(0.007), 'eval/mean_episode_length': np.float64(1.0), 'eval/std_episode_length': np.float64(0.0), 'eval/eval_time': 0.0756840705871582}
{'training/total_steps': 22000, 'training/updates': 11, 'training/sps': np.float64(13571.384), 'training/walltime': np.float64(3.331), 'training/rollout_time': np.float64(0.139), 'training/update_time': np.float64(0.008), 'training/approx_kl': 1.1811847855369706e-07, 'training/entropy': 0.019507985562086105, 'training/policy_loss': -0.00034013797994703054, 'training/total_loss': 0.08560997247695923, 'training/value_loss': 0.17190022766590118}
{'eval/num_episodes': 200, 'eval/num_steps': 200, 'eval/mean_score': np.float64(0.9), 'eval/std_score': np.float64(0.0), 'eval/mean_episode_length': np.float64(1.0), 'eval/std_episode_length': np.float64(0.0), 'eval/eval_time': 0.07745003700256348}
{'training/total_steps': 24000, 'training/updates': 12, 'training/sps': np.float64(13210.406), 'training/walltime': np.float64(3.56), 'training/rollout_time': np.float64(0.141), 'training/update_time': np.float64(0.01), 'training/approx_kl': 3.810425042161114e-08, 'training/entropy': 0.019686702638864517, 'training/policy_loss': -0.00022298384283203632, 'training/total_loss': 0.08355316519737244, 'training/value_loss': 0.16755229234695435}
{'eval/num_episodes': 200, 'eval/num_steps': 200, 'eval/mean_score': np.float64(0.901), 'eval/std_score': np.float64(0.01), 'eval/mean_episode_length': np.float64(1.0), 'eval/std_episode_length': np.float64(0.0), 'eval/eval_time': 0.07571101188659668}
{'training/total_steps': 26000, 'training/updates': 13, 'training/sps': np.float64(13573.843), 'training/walltime': np.float64(3.783), 'training/rollout_time': np.float64(0.137), 'training/update_time': np.float64(0.01), 'training/approx_kl': 1.427300730938441e-07, 'training/entropy': 0.019885271787643433, 'training/policy_loss': -0.4739142656326294, 'training/total_loss': -0.39232245087623596, 'training/value_loss': 0.16318367421627045}
{'eval/num_episodes': 200, 'eval/num_steps': 200, 'eval/mean_score': np.float64(0.9), 'eval/std_score': np.float64(0.0), 'eval/mean_episode_length': np.float64(1.0), 'eval/std_episode_length': np.float64(0.0), 'eval/eval_time': 0.07448005676269531}
{'training/total_steps': 28000, 'training/updates': 14, 'training/sps': np.float64(12412.635), 'training/walltime': np.float64(4.02), 'training/rollout_time': np.float64(0.153), 'training/update_time': np.float64(0.008), 'training/approx_kl': 1.8719281058565684e-07, 'training/entropy': 0.020116005092859268, 'training/policy_loss': -0.23117941617965698, 'training/total_loss': -0.15169043838977814, 'training/value_loss': 0.1589779555797577}
{'eval/num_episodes': 200, 'eval/num_steps': 200, 'eval/mean_score': np.float64(0.9), 'eval/std_score': np.float64(0.007), 'eval/mean_episode_length': np.float64(1.0), 'eval/std_episode_length': np.float64(0.0), 'eval/eval_time': 0.0882260799407959}
{'training/total_steps': 30000, 'training/updates': 15, 'training/sps': np.float64(12982.206), 'training/walltime': np.float64(4.262), 'training/rollout_time': np.float64(0.146), 'training/update_time': np.float64(0.008), 'training/approx_kl': 7.751142305778558e-08, 'training/entropy': 0.02032965049147606, 'training/policy_loss': -0.23100921511650085, 'training/total_loss': -0.15354424715042114, 'training/value_loss': 0.15492993593215942}
{'eval/num_episodes': 200, 'eval/num_steps': 200, 'eval/mean_score': np.float64(0.9), 'eval/std_score': np.float64(0.0), 'eval/mean_episode_length': np.float64(1.0), 'eval/std_episode_length': np.float64(0.0), 'eval/eval_time': 0.07562541961669922}
{'training/total_steps': 32000, 'training/updates': 16, 'training/sps': np.float64(13052.867), 'training/walltime': np.float64(4.491), 'training/rollout_time': np.float64(0.145), 'training/update_time': np.float64(0.008), 'training/approx_kl': 4.0867831785362796e-08, 'training/entropy': 0.02049366757273674, 'training/policy_loss': -0.4615313708782196, 'training/total_loss': -0.38608863949775696, 'training/value_loss': 0.15088540315628052}
{'eval/num_episodes': 200, 'eval/num_steps': 200, 'eval/mean_score': np.float64(0.9), 'eval/std_score': np.float64(0.0), 'eval/mean_episode_length': np.float64(1.0), 'eval/std_episode_length': np.float64(0.0), 'eval/eval_time': 0.07535290718078613}
{'training/total_steps': 34000, 'training/updates': 17, 'training/sps': np.float64(13859.328), 'training/walltime': np.float64(4.711), 'training/rollout_time': np.float64(0.136), 'training/update_time': np.float64(0.008), 'training/approx_kl': 1.1462555704611077e-07, 'training/entropy': 0.0206775926053524, 'training/policy_loss': -0.0004672105424106121, 'training/total_loss': 0.07296858727931976, 'training/value_loss': 0.14687159657478333}
{'eval/num_episodes': 200, 'eval/num_steps': 200, 'eval/mean_score': np.float64(0.9), 'eval/std_score': np.float64(0.0), 'eval/mean_episode_length': np.float64(1.0), 'eval/std_episode_length': np.float64(0.0), 'eval/eval_time': 0.07679891586303711}
{'training/total_steps': 36000, 'training/updates': 18, 'training/sps': np.float64(13314.955), 'training/walltime': np.float64(4.939), 'training/rollout_time': np.float64(0.142), 'training/update_time': np.float64(0.008), 'training/approx_kl': 3.931089409547894e-08, 'training/entropy': 0.020878072828054428, 'training/policy_loss': 0.42796263098716736, 'training/total_loss': 0.499492347240448, 'training/value_loss': 0.14305941760540009}
{'eval/num_episodes': 200, 'eval/num_steps': 200, 'eval/mean_score': np.float64(0.9), 'eval/std_score': np.float64(0.0), 'eval/mean_episode_length': np.float64(1.0), 'eval/std_episode_length': np.float64(0.0), 'eval/eval_time': 0.07418227195739746}
{'training/total_steps': 38000, 'training/updates': 19, 'training/sps': np.float64(13709.99), 'training/walltime': np.float64(5.159), 'training/rollout_time': np.float64(0.138), 'training/update_time': np.float64(0.008), 'training/approx_kl': 1.588318241374509e-07, 'training/entropy': 0.02108197845518589, 'training/policy_loss': -0.0004556617932394147, 'training/total_loss': 0.06912233680486679, 'training/value_loss': 0.13915599882602692}
{'eval/num_episodes': 200, 'eval/num_steps': 200, 'eval/mean_score': np.float64(0.9), 'eval/std_score': np.float64(0.007), 'eval/mean_episode_length': np.float64(1.0), 'eval/std_episode_length': np.float64(0.0), 'eval/eval_time': 0.07834911346435547}
{'training/total_steps': 40000, 'training/updates': 20, 'training/sps': np.float64(13567.586), 'training/walltime': np.float64(5.385), 'training/rollout_time': np.float64(0.137), 'training/update_time': np.float64(0.011), 'training/approx_kl': 2.0767842556779215e-07, 'training/entropy': 0.021358303725719452, 'training/policy_loss': 0.23621651530265808, 'training/total_loss': 0.30392998456954956, 'training/value_loss': 0.13542687892913818}
{'eval/num_episodes': 200, 'eval/num_steps': 200, 'eval/mean_score': np.float64(0.9), 'eval/std_score': np.float64(0.0), 'eval/mean_episode_length': np.float64(1.0), 'eval/std_episode_length': np.float64(0.0), 'eval/eval_time': 0.07442402839660645}
{'training/total_steps': 42000, 'training/updates': 21, 'training/sps': np.float64(13769.288), 'training/walltime': np.float64(5.605), 'training/rollout_time': np.float64(0.137), 'training/update_time': np.float64(0.008), 'training/approx_kl': 3.1623233098798664e-07, 'training/entropy': 0.021642010658979416, 'training/policy_loss': -0.0007987189455889165, 'training/total_loss': 0.06507672369480133, 'training/value_loss': 0.13175088167190552}
{'eval/num_episodes': 200, 'eval/num_steps': 200, 'eval/mean_score': np.float64(0.9), 'eval/std_score': np.float64(0.0), 'eval/mean_episode_length': np.float64(1.0), 'eval/std_episode_length': np.float64(0.0), 'eval/eval_time': 0.07543802261352539}
{'training/total_steps': 44000, 'training/updates': 22, 'training/sps': np.float64(13396.181), 'training/walltime': np.float64(5.83), 'training/rollout_time': np.float64(0.138), 'training/update_time': np.float64(0.011), 'training/approx_kl': 4.486827265282045e-07, 'training/entropy': 0.021967150270938873, 'training/policy_loss': 0.21327060461044312, 'training/total_loss': 0.27734583616256714, 'training/value_loss': 0.12815044820308685}
{'eval/num_episodes': 200, 'eval/num_steps': 200, 'eval/mean_score': np.float64(0.9), 'eval/std_score': np.float64(0.0), 'eval/mean_episode_length': np.float64(1.0), 'eval/std_episode_length': np.float64(0.0), 'eval/eval_time': 0.0742800235748291}
{'training/total_steps': 46000, 'training/updates': 23, 'training/sps': np.float64(13369.344), 'training/walltime': np.float64(6.055), 'training/rollout_time': np.float64(0.141), 'training/update_time': np.float64(0.009), 'training/approx_kl': 8.320459699007188e-08, 'training/entropy': 0.022237982600927353, 'training/policy_loss': -0.46160054206848145, 'training/total_loss': -0.3992209732532501, 'training/value_loss': 0.12475909292697906}
{'eval/num_episodes': 200, 'eval/num_steps': 200, 'eval/mean_score': np.float64(0.9), 'eval/std_score': np.float64(0.0), 'eval/mean_episode_length': np.float64(1.0), 'eval/std_episode_length': np.float64(0.0), 'eval/eval_time': 0.07571697235107422}
{'training/total_steps': 48000, 'training/updates': 24, 'training/sps': np.float64(10057.752), 'training/walltime': np.float64(6.33), 'training/rollout_time': np.float64(0.191), 'training/update_time': np.float64(0.008), 'training/approx_kl': 5.181727402714387e-08, 'training/entropy': 0.02242417261004448, 'training/policy_loss': 0.4610753655433655, 'training/total_loss': 0.5217382311820984, 'training/value_loss': 0.12132570147514343}
{'eval/num_episodes': 200, 'eval/num_steps': 200, 'eval/mean_score': np.float64(0.901), 'eval/std_score': np.float64(0.01), 'eval/mean_episode_length': np.float64(1.0), 'eval/std_episode_length': np.float64(0.0), 'eval/eval_time': 0.07484102249145508}
{'training/total_steps': 50000, 'training/updates': 25, 'training/sps': np.float64(13634.182), 'training/walltime': np.float64(6.552), 'training/rollout_time': np.float64(0.139), 'training/update_time': np.float64(0.008), 'training/approx_kl': 5.801348379463889e-08, 'training/entropy': 0.022605951875448227, 'training/policy_loss': -0.23096723854541779, 'training/total_loss': -0.17199602723121643, 'training/value_loss': 0.11794240772724152}
{'eval/num_episodes': 200, 'eval/num_steps': 200, 'eval/mean_score': np.float64(0.9), 'eval/std_score': np.float64(0.0), 'eval/mean_episode_length': np.float64(1.0), 'eval/std_episode_length': np.float64(0.0), 'eval/eval_time': 0.07678675651550293}
{'training/total_steps': 52000, 'training/updates': 26, 'training/sps': np.float64(13595.072), 'training/walltime': np.float64(6.777), 'training/rollout_time': np.float64(0.139), 'training/update_time': np.float64(0.008), 'training/approx_kl': 2.562925374149927e-07, 'training/entropy': 0.022866597399115562, 'training/policy_loss': -0.23920537531375885, 'training/total_loss': -0.1819111704826355, 'training/value_loss': 0.11458837985992432}
{'eval/num_episodes': 200, 'eval/num_steps': 200, 'eval/mean_score': np.float64(0.9), 'eval/std_score': np.float64(0.007), 'eval/mean_episode_length': np.float64(1.0), 'eval/std_episode_length': np.float64(0.0), 'eval/eval_time': 0.07574605941772461}
{'training/total_steps': 54000, 'training/updates': 27, 'training/sps': np.float64(11212.408), 'training/walltime': np.float64(7.032), 'training/rollout_time': np.float64(0.17), 'training/update_time': np.float64(0.008), 'training/approx_kl': 2.3433230467162502e-07, 'training/entropy': 0.02315802127122879, 'training/policy_loss': -0.0006818161346018314, 'training/total_loss': 0.055013708770275116, 'training/value_loss': 0.11139105260372162}
{'eval/num_episodes': 200, 'eval/num_steps': 200, 'eval/mean_score': np.float64(0.9), 'eval/std_score': np.float64(0.007), 'eval/mean_episode_length': np.float64(1.0), 'eval/std_episode_length': np.float64(0.0), 'eval/eval_time': 0.07849907875061035}
{'training/total_steps': 56000, 'training/updates': 28, 'training/sps': np.float64(6879.952), 'training/walltime': np.float64(7.401), 'training/rollout_time': np.float64(0.282), 'training/update_time': np.float64(0.008), 'training/approx_kl': 1.814574943637126e-07, 'training/entropy': 0.023430611938238144, 'training/policy_loss': -0.374774694442749, 'training/total_loss': -0.32064369320869446, 'training/value_loss': 0.10826195031404495}
{'eval/num_episodes': 200, 'eval/num_steps': 200, 'eval/mean_score': np.float64(0.9), 'eval/std_score': np.float64(0.007), 'eval/mean_episode_length': np.float64(1.0), 'eval/std_episode_length': np.float64(0.0), 'eval/eval_time': 0.07906103134155273}
{'training/total_steps': 58000, 'training/updates': 29, 'training/sps': np.float64(9301.803), 'training/walltime': np.float64(7.696), 'training/rollout_time': np.float64(0.204), 'training/update_time': np.float64(0.011), 'training/approx_kl': 4.4099870422087406e-08, 'training/entropy': 0.02363342046737671, 'training/policy_loss': 0.4495278298854828, 'training/total_loss': 0.502147912979126, 'training/value_loss': 0.10524024069309235}
{'eval/num_episodes': 200, 'eval/num_steps': 200, 'eval/mean_score': np.float64(0.9), 'eval/std_score': np.float64(0.0), 'eval/mean_episode_length': np.float64(1.0), 'eval/std_episode_length': np.float64(0.0), 'eval/eval_time': 0.07721900939941406}
{'training/total_steps': 60000, 'training/updates': 30, 'training/sps': np.float64(11994.795), 'training/walltime': np.float64(7.94), 'training/rollout_time': np.float64(0.156), 'training/update_time': np.float64(0.011), 'training/approx_kl': 6.901426274907863e-08, 'training/entropy': 0.023807892575860023, 'training/policy_loss': -0.23458006978034973, 'training/total_loss': -0.18348857760429382, 'training/value_loss': 0.10218299925327301}
{'eval/num_episodes': 200, 'eval/num_steps': 200, 'eval/mean_score': np.float64(0.9), 'eval/std_score': np.float64(0.0), 'eval/mean_episode_length': np.float64(1.0), 'eval/std_episode_length': np.float64(0.0), 'eval/eval_time': 0.08240413665771484}
TRAINING END: training duration: 8.023032903671265
{'final_eval/num_episodes': 200, 'final_eval/num_steps': 200, 'final_eval/mean_score': np.float64(0.8999999761581421), 'final_eval/std_score': np.float64(0.0), 'final_eval/mean_episode_length': np.float64(1.0), 'final_eval/std_episode_length': np.float64(0.0)}
