|param: value|
|experiment_name:  pc_reinforce|
|seed:  6|
|write_logs_to_file:  False|
|save_model:  False|
|env_name:  bandit|
|num_envs:  8|
|num_train_levels:  200|
|distribution_mode:  easy|
|arm_means:  (1.0, 0.9)|
|deterministic_rewards:  True|
|eval_env:  True|
|num_eval_episodes:  200|
|eval_every:  1|
|total_timesteps:  60000|
|unroll_length:  250|
|learning_rate:  0.01|
|target_scale:  1.0|
|pc_steps_per_update:  1|
|max_t1:  20|
|width:  32|
|depth:  2|
|act_fn:  relu|
|policy_init_logit_bias:  [0.0, 6.0]|
|use_cnn:  False|
|policy_hidden_layer_sizes:  ()|
|value_hidden_layer_sizes:  ()|
|anneal_lr:  False|
|entropy_cost:  0.0|
|deterministic_eval:  False|
|gamma:  0.99|
{'training/total_steps': 2000, 'training/updates': 1, 'training/walltime': np.float64(1.605), 'training/update_time': np.float64(1.605), 'training/pc_loss': 1.9821809473796748e-05, 'training/mean_reward': 0.9001997709274292, 'training/mean_advantage_abs': 0.00039899564580991864}
{'eval/num_episodes': 200, 'eval/mean_score': np.float64(0.9), 'eval/std_score': np.float64(0.0), 'eval/mean_episode_length': np.float64(1.0)}
{'training/total_steps': 4000, 'training/updates': 2, 'training/walltime': np.float64(1.907), 'training/update_time': np.float64(0.121), 'training/pc_loss': 2.4745555492700078e-05, 'training/mean_reward': 0.9002496600151062, 'training/mean_advantage_abs': 0.0004984355182386935}
{'eval/num_episodes': 200, 'eval/mean_score': np.float64(0.9), 'eval/std_score': np.float64(0.0), 'eval/mean_episode_length': np.float64(1.0)}
{'training/total_steps': 6000, 'training/updates': 3, 'training/walltime': np.float64(2.021), 'training/update_time': np.float64(0.112), 'training/pc_loss': 2.4737893909332342e-05, 'training/mean_reward': 0.9002496600151062, 'training/mean_advantage_abs': 0.0004984355182386935}
{'eval/num_episodes': 200, 'eval/mean_score': np.float64(0.9), 'eval/std_score': np.float64(0.0), 'eval/mean_episode_length': np.float64(1.0)}
{'training/total_steps': 8000, 'training/updates': 4, 'training/walltime': np.float64(2.14), 'training/update_time': np.float64(0.118), 'training/pc_loss': 1.9803013856289908e-05, 'training/mean_reward': 0.9001996517181396, 'training/mean_advantage_abs': 0.0003988769312854856}
{'eval/num_episodes': 200, 'eval/mean_score': np.float64(0.901), 'eval/std_score': np.float64(0.0099), 'eval/mean_episode_length': np.float64(1.0)}
{'training/total_steps': 10000, 'training/updates': 5, 'training/walltime': np.float64(2.256), 'training/update_time': np.float64(0.115), 'training/pc_loss': 2.963258884847164e-05, 'training/mean_reward': 0.9002996683120728, 'training/mean_advantage_abs': 0.0005978940753266215}
{'eval/num_episodes': 200, 'eval/mean_score': np.float64(0.9), 'eval/std_score': np.float64(0.0), 'eval/mean_episode_length': np.float64(1.0)}
{'training/total_steps': 12000, 'training/updates': 6, 'training/walltime': np.float64(2.435), 'training/update_time': np.float64(0.177), 'training/pc_loss': 2.9618295229738578e-05, 'training/mean_reward': 0.9002996683120728, 'training/mean_advantage_abs': 0.0005978940753266215}
{'eval/num_episodes': 200, 'eval/mean_score': np.float64(0.9), 'eval/std_score': np.float64(0.0), 'eval/mean_episode_length': np.float64(1.0)}
{'training/total_steps': 14000, 'training/updates': 7, 'training/walltime': np.float64(2.55), 'training/update_time': np.float64(0.115), 'training/pc_loss': 9.906751984090079e-06, 'training/mean_reward': 0.9000996351242065, 'training/mean_advantage_abs': 0.00019945968233514577}
{'eval/num_episodes': 200, 'eval/mean_score': np.float64(0.901), 'eval/std_score': np.float64(0.0099), 'eval/mean_episode_length': np.float64(1.0)}
{'training/total_steps': 16000, 'training/updates': 8, 'training/walltime': np.float64(2.672), 'training/update_time': np.float64(0.121), 'training/pc_loss': 4.424058715812862e-05, 'training/mean_reward': 0.9004496932029724, 'training/mean_advantage_abs': 0.0008956697420217097}
{'eval/num_episodes': 200, 'eval/mean_score': np.float64(0.901), 'eval/std_score': np.float64(0.0099), 'eval/mean_episode_length': np.float64(1.0)}
{'training/total_steps': 18000, 'training/updates': 9, 'training/walltime': np.float64(2.794), 'training/update_time': np.float64(0.122), 'training/pc_loss': 3.9335896872216836e-05, 'training/mean_reward': 0.9003996849060059, 'training/mean_advantage_abs': 0.0007965111872181296}
{'eval/num_episodes': 200, 'eval/mean_score': np.float64(0.9005), 'eval/std_score': np.float64(0.0071), 'eval/mean_episode_length': np.float64(1.0)}
{'training/total_steps': 20000, 'training/updates': 10, 'training/walltime': np.float64(2.905), 'training/update_time': np.float64(0.11), 'training/pc_loss': 5.871602479601279e-05, 'training/mean_reward': 0.9005996584892273, 'training/mean_advantage_abs': 0.0011924863792955875}
{'eval/num_episodes': 200, 'eval/mean_score': np.float64(0.9005), 'eval/std_score': np.float64(0.0071), 'eval/mean_episode_length': np.float64(1.0)}
{'training/total_steps': 22000, 'training/updates': 11, 'training/walltime': np.float64(3.026), 'training/update_time': np.float64(0.121), 'training/pc_loss': 3.9261754864128307e-05, 'training/mean_reward': 0.9003996849060059, 'training/mean_advantage_abs': 0.0007965111872181296}
{'eval/num_episodes': 200, 'eval/mean_score': np.float64(0.901), 'eval/std_score': np.float64(0.0099), 'eval/mean_episode_length': np.float64(1.0)}
{'training/total_steps': 24000, 'training/updates': 12, 'training/walltime': np.float64(3.142), 'training/update_time': np.float64(0.115), 'training/pc_loss': 6.340295658446848e-05, 'training/mean_reward': 0.9006497263908386, 'training/mean_advantage_abs': 0.001291303662583232}
{'eval/num_episodes': 200, 'eval/mean_score': np.float64(0.9015), 'eval/std_score': np.float64(0.0122), 'eval/mean_episode_length': np.float64(1.0)}
{'training/total_steps': 26000, 'training/updates': 13, 'training/walltime': np.float64(3.266), 'training/update_time': np.float64(0.123), 'training/pc_loss': 5.3677889809478074e-05, 'training/mean_reward': 0.9005496501922607, 'training/mean_advantage_abs': 0.0010936277685686946}
{'eval/num_episodes': 200, 'eval/mean_score': np.float64(0.9), 'eval/std_score': np.float64(0.0), 'eval/mean_episode_length': np.float64(1.0)}
{'training/total_steps': 28000, 'training/updates': 14, 'training/walltime': np.float64(3.38), 'training/update_time': np.float64(0.114), 'training/pc_loss': 7.277361146407202e-05, 'training/mean_reward': 0.900749683380127, 'training/mean_advantage_abs': 0.0014884618576616049}
{'eval/num_episodes': 200, 'eval/mean_score': np.float64(0.9), 'eval/std_score': np.float64(0.0), 'eval/mean_episode_length': np.float64(1.0)}
{'training/total_steps': 30000, 'training/updates': 15, 'training/walltime': np.float64(3.509), 'training/update_time': np.float64(0.128), 'training/pc_loss': 8.213306136894971e-05, 'training/mean_reward': 0.9008496403694153, 'training/mean_advantage_abs': 0.0016852201661095023}
{'eval/num_episodes': 200, 'eval/mean_score': np.float64(0.9), 'eval/std_score': np.float64(0.0), 'eval/mean_episode_length': np.float64(1.0)}
{'training/total_steps': 32000, 'training/updates': 16, 'training/walltime': np.float64(3.683), 'training/update_time': np.float64(0.173), 'training/pc_loss': 9.608129039406776e-05, 'training/mean_reward': 0.9009996652603149, 'training/mean_advantage_abs': 0.0019796956330537796}
{'eval/num_episodes': 200, 'eval/mean_score': np.float64(0.9005), 'eval/std_score': np.float64(0.0071), 'eval/mean_episode_length': np.float64(1.0)}
{'training/total_steps': 34000, 'training/updates': 17, 'training/walltime': np.float64(3.808), 'training/update_time': np.float64(0.123), 'training/pc_loss': 0.00011910959437955171, 'training/mean_reward': 0.9012495875358582, 'training/mean_advantage_abs': 0.002468371530994773}
{'eval/num_episodes': 200, 'eval/mean_score': np.float64(0.9015), 'eval/std_score': np.float64(0.0122), 'eval/mean_episode_length': np.float64(1.0)}
{'training/total_steps': 36000, 'training/updates': 18, 'training/walltime': np.float64(3.921), 'training/update_time': np.float64(0.112), 'training/pc_loss': 0.0001186372319352813, 'training/mean_reward': 0.9012495279312134, 'training/mean_advantage_abs': 0.0024683133233338594}
{'eval/num_episodes': 200, 'eval/mean_score': np.float64(0.903), 'eval/std_score': np.float64(0.0171), 'eval/mean_episode_length': np.float64(1.0)}
{'training/total_steps': 38000, 'training/updates': 19, 'training/walltime': np.float64(4.044), 'training/update_time': np.float64(0.122), 'training/pc_loss': 0.0001363806368317455, 'training/mean_reward': 0.9014496803283691, 'training/mean_advantage_abs': 0.0028576632030308247}
{'eval/num_episodes': 200, 'eval/mean_score': np.float64(0.9015), 'eval/std_score': np.float64(0.0122), 'eval/mean_episode_length': np.float64(1.0)}
{'training/total_steps': 40000, 'training/updates': 20, 'training/walltime': np.float64(4.169), 'training/update_time': np.float64(0.124), 'training/pc_loss': 0.00018041867588181049, 'training/mean_reward': 0.9019496440887451, 'training/mean_advantage_abs': 0.0038236319087445736}
{'eval/num_episodes': 200, 'eval/mean_score': np.float64(0.9025), 'eval/std_score': np.float64(0.0156), 'eval/mean_episode_length': np.float64(1.0)}
{'training/total_steps': 42000, 'training/updates': 21, 'training/walltime': np.float64(4.408), 'training/update_time': np.float64(0.238), 'training/pc_loss': 0.0001965622795978561, 'training/mean_reward': 0.9021495580673218, 'training/mean_advantage_abs': 0.004207149613648653}
{'eval/num_episodes': 200, 'eval/mean_score': np.float64(0.9025), 'eval/std_score': np.float64(0.0156), 'eval/mean_episode_length': np.float64(1.0)}
{'training/total_steps': 44000, 'training/updates': 22, 'training/walltime': np.float64(4.535), 'training/update_time': np.float64(0.126), 'training/pc_loss': 0.0002584841859061271, 'training/mean_reward': 0.9028996229171753, 'training/mean_advantage_abs': 0.005631467327475548}
{'eval/num_episodes': 200, 'eval/mean_score': np.float64(0.9035), 'eval/std_score': np.float64(0.0184), 'eval/mean_episode_length': np.float64(1.0)}
{'training/total_steps': 46000, 'training/updates': 23, 'training/walltime': np.float64(4.655), 'training/update_time': np.float64(0.119), 'training/pc_loss': 0.00035589715116657317, 'training/mean_reward': 0.9041497111320496, 'training/mean_advantage_abs': 0.007955308072268963}
{'eval/num_episodes': 200, 'eval/mean_score': np.float64(0.9095), 'eval/std_score': np.float64(0.0293), 'eval/mean_episode_length': np.float64(1.0)}
{'training/total_steps': 48000, 'training/updates': 24, 'training/walltime': np.float64(4.777), 'training/update_time': np.float64(0.121), 'training/pc_loss': 0.0003694401530083269, 'training/mean_reward': 0.9043996334075928, 'training/mean_advantage_abs': 0.008412490598857403}
{'eval/num_episodes': 200, 'eval/mean_score': np.float64(0.904), 'eval/std_score': np.float64(0.0196), 'eval/mean_episode_length': np.float64(1.0)}
{'training/total_steps': 50000, 'training/updates': 25, 'training/walltime': np.float64(4.897), 'training/update_time': np.float64(0.119), 'training/pc_loss': 0.00040970928966999054, 'training/mean_reward': 0.905049741268158, 'training/mean_advantage_abs': 0.00958973914384842}
{'eval/num_episodes': 200, 'eval/mean_score': np.float64(0.9075), 'eval/std_score': np.float64(0.0263), 'eval/mean_episode_length': np.float64(1.0)}
{'training/total_steps': 52000, 'training/updates': 26, 'training/walltime': np.float64(5.014), 'training/update_time': np.float64(0.116), 'training/pc_loss': 0.00043706121505238116, 'training/mean_reward': 0.9055996537208557, 'training/mean_advantage_abs': 0.010572515428066254}
{'eval/num_episodes': 200, 'eval/mean_score': np.float64(0.9125), 'eval/std_score': np.float64(0.0331), 'eval/mean_episode_length': np.float64(1.0)}
{'training/total_steps': 54000, 'training/updates': 27, 'training/walltime': np.float64(5.125), 'training/update_time': np.float64(0.108), 'training/pc_loss': 0.0005452602636069059, 'training/mean_reward': 0.9075497388839722, 'training/mean_advantage_abs': 0.013959750533103943}
{'eval/num_episodes': 200, 'eval/mean_score': np.float64(0.914), 'eval/std_score': np.float64(0.0347), 'eval/mean_episode_length': np.float64(1.0)}
{'training/total_steps': 56000, 'training/updates': 28, 'training/walltime': np.float64(5.241), 'training/update_time': np.float64(0.115), 'training/pc_loss': 0.0006478789146058261, 'training/mean_reward': 0.9098997116088867, 'training/mean_advantage_abs': 0.017839590087532997}
{'eval/num_episodes': 200, 'eval/mean_score': np.float64(0.9105), 'eval/std_score': np.float64(0.0307), 'eval/mean_episode_length': np.float64(1.0)}
{'training/total_steps': 58000, 'training/updates': 29, 'training/walltime': np.float64(5.356), 'training/update_time': np.float64(0.113), 'training/pc_loss': 0.0007500970386900008, 'training/mean_reward': 0.9130997657775879, 'training/mean_advantage_abs': 0.022767649963498116}
{'eval/num_episodes': 200, 'eval/mean_score': np.float64(0.914), 'eval/std_score': np.float64(0.0347), 'eval/mean_episode_length': np.float64(1.0)}
{'training/total_steps': 60000, 'training/updates': 30, 'training/walltime': np.float64(5.487), 'training/update_time': np.float64(0.13), 'training/pc_loss': 0.0008075423538684845, 'training/mean_reward': 0.9165498614311218, 'training/mean_advantage_abs': 0.027621878311038017}
{'eval/num_episodes': 200, 'eval/mean_score': np.float64(0.9175), 'eval/std_score': np.float64(0.038), 'eval/mean_episode_length': np.float64(1.0)}
TRAINING END: training duration: 5.488312721252441
