|param: value|
|experiment_name:  reinforce_procgen|
|seed:  6|
|platform:  cpu|
|write_logs_to_file:  False|
|save_model:  False|
|env_name:  bandit|
|num_envs:  1|
|num_train_levels:  200|
|distribution_mode:  easy|
|arm_means:  (1.0, 0.9)|
|deterministic_rewards:  True|
|eval_env:  True|
|num_eval_episodes:  200|
|eval_every:  1|
|deterministic_eval:  False|
|normalize_observations:  True|
|total_timesteps:  60000|
|learning_rate:  0.5|
|optimizer:  sgd|
|unroll_length:  2048|
|anneal_lr:  False|
|gamma:  0.99|
|batch_size:  1|
|num_minibatches:  1|
|update_epochs:  1|
|entropy_cost:  0.0|
|max_grad_norm:  0.5|
|reward_scaling:  1.0|
|use_cnn:  False|
|policy_hidden_layer_sizes:  ()|
|value_hidden_layer_sizes:  ()|
|activation:  <jax._src.custom_derivatives.custom_jvp object at 0x121217810>|
|policy_init_logit_bias:  [0.0, 6.0]|
{'training/total_steps': 2000, 'training/updates': 1, 'training/sps': np.float64(1978.175), 'training/walltime': np.float64(1.011), 'training/rollout_time': np.float64(0.426), 'training/update_time': np.float64(0.585), 'training/approx_kl': 0.0, 'training/entropy': 0.017311394214630127, 'training/policy_loss': 0.01807018369436264, 'training/total_loss': 0.6973732709884644, 'training/value_loss': 1.3586061000823975}
{'eval/num_episodes': 200, 'eval/num_steps': 200, 'eval/mean_score': np.float64(0.9), 'eval/std_score': np.float64(0.007), 'eval/mean_episode_length': np.float64(1.0), 'eval/std_episode_length': np.float64(0.0), 'eval/eval_time': 0.07429122924804688}
{'training/total_steps': 4000, 'training/updates': 2, 'training/sps': np.float64(5977.713), 'training/walltime': np.float64(1.42), 'training/rollout_time': np.float64(0.333), 'training/update_time': np.float64(0.002), 'training/approx_kl': 0.0, 'training/entropy': 0.017308292910456657, 'training/policy_loss': 0.01842370629310608, 'training/total_loss': 0.3482167422771454, 'training/value_loss': 0.6595860719680786}
{'eval/num_episodes': 200, 'eval/num_steps': 200, 'eval/mean_score': np.float64(0.9), 'eval/std_score': np.float64(0.007), 'eval/mean_episode_length': np.float64(1.0), 'eval/std_episode_length': np.float64(0.0), 'eval/eval_time': 0.07517004013061523}
{'training/total_steps': 6000, 'training/updates': 3, 'training/sps': np.float64(5941.294), 'training/walltime': np.float64(1.833), 'training/rollout_time': np.float64(0.335), 'training/update_time': np.float64(0.001), 'training/approx_kl': 0.0, 'training/entropy': 0.017317650839686394, 'training/policy_loss': 0.0044847046956419945, 'training/total_loss': 0.10954461991786957, 'training/value_loss': 0.2101198434829712}
{'eval/num_episodes': 200, 'eval/num_steps': 200, 'eval/mean_score': np.float64(0.9), 'eval/std_score': np.float64(0.007), 'eval/mean_episode_length': np.float64(1.0), 'eval/std_episode_length': np.float64(0.0), 'eval/eval_time': 0.07232475280761719}
{'training/total_steps': 8000, 'training/updates': 4, 'training/sps': np.float64(5463.037), 'training/walltime': np.float64(2.271), 'training/rollout_time': np.float64(0.364), 'training/update_time': np.float64(0.002), 'training/approx_kl': 0.0, 'training/entropy': 0.017304543405771255, 'training/policy_loss': 0.003330877050757408, 'training/total_loss': 0.00885317474603653, 'training/value_loss': 0.011044596321880817}
{'eval/num_episodes': 200, 'eval/num_steps': 200, 'eval/mean_score': np.float64(0.9), 'eval/std_score': np.float64(0.0), 'eval/mean_episode_length': np.float64(1.0), 'eval/std_episode_length': np.float64(0.0), 'eval/eval_time': 0.0743722915649414}
{'training/total_steps': 10000, 'training/updates': 5, 'training/sps': np.float64(6109.768), 'training/walltime': np.float64(2.674), 'training/rollout_time': np.float64(0.326), 'training/update_time': np.float64(0.002), 'training/approx_kl': 0.0, 'training/entropy': 0.01731196604669094, 'training/policy_loss': 0.0014962360728532076, 'training/total_loss': 0.0015087048523128033, 'training/value_loss': 2.4937498892541043e-05}
{'eval/num_episodes': 200, 'eval/num_steps': 200, 'eval/mean_score': np.float64(0.9), 'eval/std_score': np.float64(0.0), 'eval/mean_episode_length': np.float64(1.0), 'eval/std_episode_length': np.float64(0.0), 'eval/eval_time': 0.07955408096313477}
{'training/total_steps': 12000, 'training/updates': 6, 'training/sps': np.float64(5617.136), 'training/walltime': np.float64(3.11), 'training/rollout_time': np.float64(0.355), 'training/update_time': np.float64(0.001), 'training/approx_kl': 0.0, 'training/entropy': 0.017319301143288612, 'training/policy_loss': 0.001496118726208806, 'training/total_loss': 0.0015085875056684017, 'training/value_loss': 2.4937511625466868e-05}
{'eval/num_episodes': 200, 'eval/num_steps': 200, 'eval/mean_score': np.float64(0.9), 'eval/std_score': np.float64(0.0), 'eval/mean_episode_length': np.float64(1.0), 'eval/std_episode_length': np.float64(0.0), 'eval/eval_time': 0.07523131370544434}
{'training/total_steps': 14000, 'training/updates': 7, 'training/sps': np.float64(6101.596), 'training/walltime': np.float64(3.513), 'training/rollout_time': np.float64(0.326), 'training/update_time': np.float64(0.001), 'training/approx_kl': 0.0, 'training/entropy': 0.017326772212982178, 'training/policy_loss': 0.0020946392323821783, 'training/total_loss': 0.0021120829042047262, 'training/value_loss': 3.488752554403618e-05}
{'eval/num_episodes': 200, 'eval/num_steps': 200, 'eval/mean_score': np.float64(0.9), 'eval/std_score': np.float64(0.007), 'eval/mean_episode_length': np.float64(1.0), 'eval/std_episode_length': np.float64(0.0), 'eval/eval_time': 0.13634490966796875}
{'training/total_steps': 16000, 'training/updates': 8, 'training/sps': np.float64(6117.481), 'training/walltime': np.float64(3.977), 'training/rollout_time': np.float64(0.325), 'training/update_time': np.float64(0.001), 'training/approx_kl': 0.0, 'training/entropy': 0.017337027937173843, 'training/policy_loss': 0.0008960947161540389, 'training/total_loss': 0.0009036035044118762, 'training/value_loss': 1.5017521036497783e-05}
{'eval/num_episodes': 200, 'eval/num_steps': 200, 'eval/mean_score': np.float64(0.9), 'eval/std_score': np.float64(0.0), 'eval/mean_episode_length': np.float64(1.0), 'eval/std_episode_length': np.float64(0.0), 'eval/eval_time': 0.0743260383605957}
{'training/total_steps': 18000, 'training/updates': 9, 'training/sps': np.float64(5725.723), 'training/walltime': np.float64(4.401), 'training/rollout_time': np.float64(0.348), 'training/update_time': np.float64(0.001), 'training/approx_kl': 0.0, 'training/entropy': 0.017341557890176773, 'training/policy_loss': 0.0017970638582482934, 'training/total_loss': 0.0018120300956070423, 'training/value_loss': 2.9932500183349475e-05}
{'eval/num_episodes': 200, 'eval/num_steps': 200, 'eval/mean_score': np.float64(0.9), 'eval/std_score': np.float64(0.0), 'eval/mean_episode_length': np.float64(1.0), 'eval/std_episode_length': np.float64(0.0), 'eval/eval_time': 0.07531309127807617}
{'training/total_steps': 20000, 'training/updates': 10, 'training/sps': np.float64(6107.357), 'training/walltime': np.float64(4.804), 'training/rollout_time': np.float64(0.326), 'training/update_time': np.float64(0.002), 'training/approx_kl': 0.0, 'training/entropy': 0.01735037937760353, 'training/policy_loss': 0.00029834857559762895, 'training/total_loss': 0.0003008785715792328, 'training/value_loss': 5.059998329670634e-06}
{'eval/num_episodes': 200, 'eval/num_steps': 200, 'eval/mean_score': np.float64(0.901), 'eval/std_score': np.float64(0.01), 'eval/mean_episode_length': np.float64(1.0), 'eval/std_episode_length': np.float64(0.0), 'eval/eval_time': 0.0749058723449707}
{'training/total_steps': 22000, 'training/updates': 11, 'training/sps': np.float64(5595.121), 'training/walltime': np.float64(5.237), 'training/rollout_time': np.float64(0.356), 'training/update_time': np.float64(0.002), 'training/approx_kl': 0.0, 'training/entropy': 0.017351867631077766, 'training/policy_loss': 0.0005995509563945234, 'training/total_loss': 0.0006045472109690309, 'training/value_loss': 9.992510968004353e-06}
{'eval/num_episodes': 200, 'eval/num_steps': 200, 'eval/mean_score': np.float64(0.901), 'eval/std_score': np.float64(0.01), 'eval/mean_episode_length': np.float64(1.0), 'eval/std_episode_length': np.float64(0.0), 'eval/eval_time': 0.07186412811279297}
{'training/total_steps': 24000, 'training/updates': 12, 'training/sps': np.float64(6054.549), 'training/walltime': np.float64(5.639), 'training/rollout_time': np.float64(0.329), 'training/update_time': np.float64(0.002), 'training/approx_kl': 0.0, 'training/entropy': 0.017354819923639297, 'training/policy_loss': 0.0014981405111029744, 'training/total_loss': 0.0015106204664334655, 'training/value_loss': 2.4960023438325152e-05}
{'eval/num_episodes': 200, 'eval/num_steps': 200, 'eval/mean_score': np.float64(0.901), 'eval/std_score': np.float64(0.01), 'eval/mean_episode_length': np.float64(1.0), 'eval/std_episode_length': np.float64(0.0), 'eval/eval_time': 0.1613600254058838}
{'training/total_steps': 26000, 'training/updates': 13, 'training/sps': np.float64(5780.786), 'training/walltime': np.float64(6.148), 'training/rollout_time': np.float64(0.344), 'training/update_time': np.float64(0.002), 'training/approx_kl': 0.0, 'training/entropy': 0.01736229471862316, 'training/policy_loss': 0.0014953964855521917, 'training/total_loss': 0.0015078652650117874, 'training/value_loss': 2.4937515263445675e-05}
{'eval/num_episodes': 200, 'eval/num_steps': 200, 'eval/mean_score': np.float64(0.9), 'eval/std_score': np.float64(0.007), 'eval/mean_episode_length': np.float64(1.0), 'eval/std_episode_length': np.float64(0.0), 'eval/eval_time': 0.07537293434143066}
{'training/total_steps': 28000, 'training/updates': 14, 'training/sps': np.float64(5629.22), 'training/walltime': np.float64(6.579), 'training/rollout_time': np.float64(0.354), 'training/update_time': np.float64(0.002), 'training/approx_kl': 0.0, 'training/entropy': 0.017369631677865982, 'training/policy_loss': 0.001196092925965786, 'training/total_loss': 0.0012060741428285837, 'training/value_loss': 1.996251376112923e-05}
{'eval/num_episodes': 200, 'eval/num_steps': 200, 'eval/mean_score': np.float64(0.9), 'eval/std_score': np.float64(0.007), 'eval/mean_episode_length': np.float64(1.0), 'eval/std_episode_length': np.float64(0.0), 'eval/eval_time': 0.0775597095489502}
{'training/total_steps': 30000, 'training/updates': 15, 'training/sps': np.float64(5879.641), 'training/walltime': np.float64(6.997), 'training/rollout_time': np.float64(0.329), 'training/update_time': np.float64(0.011), 'training/approx_kl': 0.0, 'training/entropy': 0.017375526949763298, 'training/policy_loss': 0.0023939721286296844, 'training/total_loss': 0.002413912210613489, 'training/value_loss': 3.988004391430877e-05}
{'eval/num_episodes': 200, 'eval/num_steps': 200, 'eval/mean_score': np.float64(0.9), 'eval/std_score': np.float64(0.007), 'eval/mean_episode_length': np.float64(1.0), 'eval/std_episode_length': np.float64(0.0), 'eval/eval_time': 0.08871912956237793}
{'training/total_steps': 32000, 'training/updates': 16, 'training/sps': np.float64(5084.908), 'training/walltime': np.float64(7.482), 'training/rollout_time': np.float64(0.392), 'training/update_time': np.float64(0.001), 'training/approx_kl': 0.0, 'training/entropy': 0.01738741807639599, 'training/policy_loss': 0.0017910189926624298, 'training/total_loss': 0.0018059789435938, 'training/value_loss': 2.992001100210473e-05}
{'eval/num_episodes': 200, 'eval/num_steps': 200, 'eval/mean_score': np.float64(0.9), 'eval/std_score': np.float64(0.0), 'eval/mean_episode_length': np.float64(1.0), 'eval/std_episode_length': np.float64(0.0), 'eval/eval_time': 0.07967424392700195}
{'training/total_steps': 34000, 'training/updates': 17, 'training/sps': np.float64(6167.89), 'training/walltime': np.float64(7.886), 'training/rollout_time': np.float64(0.323), 'training/update_time': np.float64(0.002), 'training/approx_kl': 0.0, 'training/entropy': 0.017396362498402596, 'training/policy_loss': 0.0014939483953639865, 'training/total_loss': 0.0015064184553921223, 'training/value_loss': 2.4940023649833165e-05}
{'eval/num_episodes': 200, 'eval/num_steps': 200, 'eval/mean_score': np.float64(0.9), 'eval/std_score': np.float64(0.0), 'eval/mean_episode_length': np.float64(1.0), 'eval/std_episode_length': np.float64(0.0), 'eval/eval_time': 0.07898592948913574}
{'training/total_steps': 36000, 'training/updates': 18, 'training/sps': np.float64(5765.652), 'training/walltime': np.float64(8.312), 'training/rollout_time': np.float64(0.331), 'training/update_time': np.float64(0.015), 'training/approx_kl': 0.0, 'training/entropy': 0.017403725534677505, 'training/policy_loss': 0.003887215629220009, 'training/total_loss': 0.003919584210962057, 'training/value_loss': 6.473754910985008e-05}
{'eval/num_episodes': 200, 'eval/num_steps': 200, 'eval/mean_score': np.float64(0.901), 'eval/std_score': np.float64(0.012), 'eval/mean_episode_length': np.float64(1.0), 'eval/std_episode_length': np.float64(0.0), 'eval/eval_time': 0.13862919807434082}
{'training/total_steps': 38000, 'training/updates': 19, 'training/sps': np.float64(5664.438), 'training/walltime': np.float64(8.805), 'training/rollout_time': np.float64(0.351), 'training/update_time': np.float64(0.002), 'training/approx_kl': 0.0, 'training/entropy': 0.017422977834939957, 'training/policy_loss': 0.0011895850766450167, 'training/total_loss': 0.0011996664106845856, 'training/value_loss': 2.0162573491688818e-05}
{'eval/num_episodes': 200, 'eval/num_steps': 200, 'eval/mean_score': np.float64(0.9), 'eval/std_score': np.float64(0.0), 'eval/mean_episode_length': np.float64(1.0), 'eval/std_episode_length': np.float64(0.0), 'eval/eval_time': 0.07572317123413086}
{'training/total_steps': 40000, 'training/updates': 20, 'training/sps': np.float64(6146.829), 'training/walltime': np.float64(9.206), 'training/rollout_time': np.float64(0.324), 'training/update_time': np.float64(0.001), 'training/approx_kl': 0.0, 'training/entropy': 0.017429020255804062, 'training/policy_loss': 0.002093410585075617, 'training/total_loss': 0.0021108605433255434, 'training/value_loss': 3.4900014725280926e-05}
{'eval/num_episodes': 200, 'eval/num_steps': 200, 'eval/mean_score': np.float64(0.9), 'eval/std_score': np.float64(0.007), 'eval/mean_episode_length': np.float64(1.0), 'eval/std_episode_length': np.float64(0.0), 'eval/eval_time': 0.0761878490447998}
{'training/total_steps': 42000, 'training/updates': 21, 'training/sps': np.float64(6141.334), 'training/walltime': np.float64(9.608), 'training/rollout_time': np.float64(0.324), 'training/update_time': np.float64(0.001), 'training/approx_kl': 0.0, 'training/entropy': 0.0174393393099308, 'training/policy_loss': 0.001193708274513483, 'training/total_loss': 0.001203699503093958, 'training/value_loss': 1.9982528101536445e-05}
{'eval/num_episodes': 200, 'eval/num_steps': 200, 'eval/mean_score': np.float64(0.9), 'eval/std_score': np.float64(0.0), 'eval/mean_episode_length': np.float64(1.0), 'eval/std_episode_length': np.float64(0.0), 'eval/eval_time': 0.08071589469909668}
{'training/total_steps': 44000, 'training/updates': 22, 'training/sps': np.float64(5715.969), 'training/walltime': np.float64(10.039), 'training/rollout_time': np.float64(0.348), 'training/update_time': np.float64(0.001), 'training/approx_kl': 0.0, 'training/entropy': 0.017445361241698265, 'training/policy_loss': 0.0011958024697378278, 'training/total_loss': 0.0012057825224474072, 'training/value_loss': 1.996001083170995e-05}
{'eval/num_episodes': 200, 'eval/num_steps': 200, 'eval/mean_score': np.float64(0.9), 'eval/std_score': np.float64(0.0), 'eval/mean_episode_length': np.float64(1.0), 'eval/std_episode_length': np.float64(0.0), 'eval/eval_time': 0.07345366477966309}
{'training/total_steps': 46000, 'training/updates': 23, 'training/sps': np.float64(6201.982), 'training/walltime': np.float64(10.436), 'training/rollout_time': np.float64(0.321), 'training/update_time': np.float64(0.002), 'training/approx_kl': 0.0, 'training/entropy': 0.017451265826821327, 'training/policy_loss': 0.0008966673049144447, 'training/total_loss': 0.0009041572920978069, 'training/value_loss': 1.4980006199039053e-05}
{'eval/num_episodes': 200, 'eval/num_steps': 200, 'eval/mean_score': np.float64(0.901), 'eval/std_score': np.float64(0.01), 'eval/mean_episode_length': np.float64(1.0), 'eval/std_episode_length': np.float64(0.0), 'eval/eval_time': 0.07497715950012207}
{'training/total_steps': 48000, 'training/updates': 24, 'training/sps': np.float64(5611.454), 'training/walltime': np.float64(10.868), 'training/rollout_time': np.float64(0.355), 'training/update_time': np.float64(0.002), 'training/approx_kl': 0.0, 'training/entropy': 0.017455700784921646, 'training/policy_loss': 0.001794766285456717, 'training/total_loss': 0.001809732522815466, 'training/value_loss': 2.9932505640317686e-05}
{'eval/num_episodes': 200, 'eval/num_steps': 200, 'eval/mean_score': np.float64(0.9), 'eval/std_score': np.float64(0.0), 'eval/mean_episode_length': np.float64(1.0), 'eval/std_episode_length': np.float64(0.0), 'eval/eval_time': 0.07071900367736816}
{'training/total_steps': 50000, 'training/updates': 25, 'training/sps': np.float64(6131.486), 'training/walltime': np.float64(11.265), 'training/rollout_time': np.float64(0.325), 'training/update_time': np.float64(0.002), 'training/approx_kl': 0.0, 'training/entropy': 0.017464695498347282, 'training/policy_loss': 0.0023889385629445314, 'training/total_loss': 0.0024088635109364986, 'training/value_loss': 3.985003786510788e-05}
{'eval/num_episodes': 200, 'eval/num_steps': 200, 'eval/mean_score': np.float64(0.9), 'eval/std_score': np.float64(0.0), 'eval/mean_episode_length': np.float64(1.0), 'eval/std_episode_length': np.float64(0.0), 'eval/eval_time': 0.07743406295776367}
{'training/total_steps': 52000, 'training/updates': 26, 'training/sps': np.float64(6168.688), 'training/walltime': np.float64(11.667), 'training/rollout_time': np.float64(0.323), 'training/update_time': np.float64(0.002), 'training/approx_kl': 0.0, 'training/entropy': 0.01747662015259266, 'training/policy_loss': 0.002684347564354539, 'training/total_loss': 0.0027067475020885468, 'training/value_loss': 4.480002462514676e-05}
{'eval/num_episodes': 200, 'eval/num_steps': 200, 'eval/mean_score': np.float64(0.9), 'eval/std_score': np.float64(0.007), 'eval/mean_episode_length': np.float64(1.0), 'eval/std_episode_length': np.float64(0.0), 'eval/eval_time': 0.07856178283691406}
{'training/total_steps': 54000, 'training/updates': 27, 'training/sps': np.float64(5588.251), 'training/walltime': np.float64(12.104), 'training/rollout_time': np.float64(0.354), 'training/update_time': np.float64(0.004), 'training/approx_kl': 0.0, 'training/entropy': 0.017489910125732422, 'training/policy_loss': 0.002384294755756855, 'training/total_loss': 0.0024042159784585238, 'training/value_loss': 3.9842499973019585e-05}
{'eval/num_episodes': 200, 'eval/num_steps': 200, 'eval/mean_score': np.float64(0.9), 'eval/std_score': np.float64(0.0), 'eval/mean_episode_length': np.float64(1.0), 'eval/std_episode_length': np.float64(0.0), 'eval/eval_time': 0.0724191665649414}
{'training/total_steps': 56000, 'training/updates': 28, 'training/sps': np.float64(6038.576), 'training/walltime': np.float64(12.508), 'training/rollout_time': np.float64(0.329), 'training/update_time': np.float64(0.002), 'training/approx_kl': 0.0, 'training/entropy': 0.01750185340642929, 'training/policy_loss': 0.002981876954436302, 'training/total_loss': 0.003006757004186511, 'training/value_loss': 4.976005220669322e-05}
{'eval/num_episodes': 200, 'eval/num_steps': 200, 'eval/mean_score': np.float64(0.901), 'eval/std_score': np.float64(0.01), 'eval/mean_episode_length': np.float64(1.0), 'eval/std_episode_length': np.float64(0.0), 'eval/eval_time': 0.08146524429321289}
{'training/total_steps': 58000, 'training/updates': 29, 'training/sps': np.float64(5285.887), 'training/walltime': np.float64(12.968), 'training/rollout_time': np.float64(0.375), 'training/update_time': np.float64(0.003), 'training/approx_kl': 0.0, 'training/entropy': 0.017516735941171646, 'training/policy_loss': 0.001190502429381013, 'training/total_loss': 0.0012005274184048176, 'training/value_loss': 2.0049970771651715e-05}
{'eval/num_episodes': 200, 'eval/num_steps': 200, 'eval/mean_score': np.float64(0.9), 'eval/std_score': np.float64(0.0), 'eval/mean_episode_length': np.float64(1.0), 'eval/std_episode_length': np.float64(0.0), 'eval/eval_time': 0.0775611400604248}
{'training/total_steps': 60000, 'training/updates': 30, 'training/sps': np.float64(6021.575), 'training/walltime': np.float64(13.378), 'training/rollout_time': np.float64(0.331), 'training/update_time': np.float64(0.001), 'training/approx_kl': 0.0, 'training/entropy': 0.017522791400551796, 'training/policy_loss': 0.0011947666062042117, 'training/total_loss': 0.0012047466589137912, 'training/value_loss': 1.9959998098784126e-05}
{'eval/num_episodes': 200, 'eval/num_steps': 200, 'eval/mean_score': np.float64(0.9), 'eval/std_score': np.float64(0.0), 'eval/mean_episode_length': np.float64(1.0), 'eval/std_episode_length': np.float64(0.0), 'eval/eval_time': 0.07921671867370605}
TRAINING END: training duration: 13.457963943481445
{'final_eval/num_episodes': 200, 'final_eval/num_steps': 200, 'final_eval/mean_score': np.float64(0.8999999761581421), 'final_eval/std_score': np.float64(0.0), 'final_eval/mean_episode_length': np.float64(1.0), 'final_eval/std_episode_length': np.float64(0.0)}
