|param: value|
|experiment_name:  cleanba_ppo|
|seed:  1|
|platform:  cpu|
|write_logs_to_file:  False|
|save_model:  False|
|env_name:  bandit|
|num_envs:  8|
|num_train_levels:  200|
|distribution_mode:  easy|
|arm_means:  (1.0, 0.9)|
|deterministic_rewards:  True|
|eval_env:  True|
|num_eval_episodes:  200|
|eval_every:  1|
|deterministic_eval:  False|
|total_timesteps:  60000|
|learning_rate:  0.00025|
|adam_eps:  1e-05|
|unroll_length:  250|
|anneal_lr:  False|
|gamma:  0.99|
|gae_lambda:  0.95|
|num_minibatches:  4|
|update_epochs:  4|
|normalize_advantages:  True|
|clip_eps:  0.1|
|clip_vloss:  True|
|entropy_cost:  0.0|
|vf_cost:  0.5|
|max_grad_norm:  0.5|
|use_cnn:  False|
|policy_hidden_layer_sizes:  ()|
|value_hidden_layer_sizes:  ()|
|activation:  <jax._src.custom_derivatives.custom_jvp object at 0x10c6c27d0>|
|policy_init_logit_bias:  [0.0, 4.0]|
{'training/total_steps': 2000, 'training/updates': 1, 'training/sps': np.float64(2258.237), 'training/walltime': np.float64(0.886), 'training/rollout_time': np.float64(0.414), 'training/update_time': np.float64(0.471), 'training/approx_kl': 1.7014044715324417e-06, 'training/entropy': 0.09103871136903763, 'training/policy_loss': -0.0018515182891860604, 'training/total_loss': 0.5100152492523193, 'training/value_loss': 1.0237336158752441}
{'eval/num_episodes': 200, 'eval/num_steps': 200, 'eval/mean_score': np.float64(0.901), 'eval/std_score': np.float64(0.012), 'eval/mean_episode_length': np.float64(1.0), 'eval/std_episode_length': np.float64(0.0), 'eval/eval_time': 0.07256817817687988}
{'training/total_steps': 4000, 'training/updates': 2, 'training/sps': np.float64(13784.175), 'training/walltime': np.float64(1.104), 'training/rollout_time': np.float64(0.137), 'training/update_time': np.float64(0.008), 'training/approx_kl': 1.7248589756491128e-06, 'training/entropy': 0.09217958152294159, 'training/policy_loss': -0.001801622798666358, 'training/total_loss': 0.5043208599090576, 'training/value_loss': 1.0122449398040771}
{'eval/num_episodes': 200, 'eval/num_steps': 200, 'eval/mean_score': np.float64(0.901), 'eval/std_score': np.float64(0.012), 'eval/mean_episode_length': np.float64(1.0), 'eval/std_episode_length': np.float64(0.0), 'eval/eval_time': 0.07502222061157227}
{'training/total_steps': 6000, 'training/updates': 3, 'training/sps': np.float64(13941.86), 'training/walltime': np.float64(1.323), 'training/rollout_time': np.float64(0.135), 'training/update_time': np.float64(0.008), 'training/approx_kl': 1.8359246496402193e-06, 'training/entropy': 0.09332836419343948, 'training/policy_loss': -0.0018376727821305394, 'training/total_loss': 0.49868354201316833, 'training/value_loss': 1.001042366027832}
{'eval/num_episodes': 200, 'eval/num_steps': 200, 'eval/mean_score': np.float64(0.903), 'eval/std_score': np.float64(0.018), 'eval/mean_episode_length': np.float64(1.0), 'eval/std_episode_length': np.float64(0.0), 'eval/eval_time': 0.07275795936584473}
{'training/total_steps': 8000, 'training/updates': 4, 'training/sps': np.float64(13661.116), 'training/walltime': np.float64(1.542), 'training/rollout_time': np.float64(0.138), 'training/update_time': np.float64(0.008), 'training/approx_kl': 1.6712165233911946e-06, 'training/entropy': 0.09449435025453568, 'training/policy_loss': -0.0018367739394307137, 'training/total_loss': 0.49293580651283264, 'training/value_loss': 0.9895451664924622}
{'eval/num_episodes': 200, 'eval/num_steps': 200, 'eval/mean_score': np.float64(0.901), 'eval/std_score': np.float64(0.01), 'eval/mean_episode_length': np.float64(1.0), 'eval/std_episode_length': np.float64(0.0), 'eval/eval_time': 0.0729830265045166}
{'training/total_steps': 10000, 'training/updates': 5, 'training/sps': np.float64(13329.871), 'training/walltime': np.float64(1.765), 'training/rollout_time': np.float64(0.142), 'training/update_time': np.float64(0.008), 'training/approx_kl': 1.2009870715701254e-06, 'training/entropy': 0.09562638401985168, 'training/policy_loss': -0.0014588640769943595, 'training/total_loss': 0.48739877343177795, 'training/value_loss': 0.977715253829956}
{'eval/num_episodes': 200, 'eval/num_steps': 200, 'eval/mean_score': np.float64(0.901), 'eval/std_score': np.float64(0.012), 'eval/mean_episode_length': np.float64(1.0), 'eval/std_episode_length': np.float64(0.0), 'eval/eval_time': 0.07503724098205566}
{'training/total_steps': 12000, 'training/updates': 6, 'training/sps': np.float64(13724.794), 'training/walltime': np.float64(1.987), 'training/rollout_time': np.float64(0.138), 'training/update_time': np.float64(0.008), 'training/approx_kl': 1.9108720152871683e-06, 'training/entropy': 0.09680481255054474, 'training/policy_loss': -0.0019174619810655713, 'training/total_loss': 0.48186641931533813, 'training/value_loss': 0.9675678014755249}
{'eval/num_episodes': 200, 'eval/num_steps': 200, 'eval/mean_score': np.float64(0.9), 'eval/std_score': np.float64(0.007), 'eval/mean_episode_length': np.float64(1.0), 'eval/std_episode_length': np.float64(0.0), 'eval/eval_time': 0.07392120361328125}
{'training/total_steps': 14000, 'training/updates': 7, 'training/sps': np.float64(13725.423), 'training/walltime': np.float64(2.207), 'training/rollout_time': np.float64(0.138), 'training/update_time': np.float64(0.008), 'training/approx_kl': 2.0580664568115026e-06, 'training/entropy': 0.09806748479604721, 'training/policy_loss': -0.001995956525206566, 'training/total_loss': 0.4762263596057892, 'training/value_loss': 0.9564446806907654}
{'eval/num_episodes': 200, 'eval/num_steps': 200, 'eval/mean_score': np.float64(0.901), 'eval/std_score': np.float64(0.012), 'eval/mean_episode_length': np.float64(1.0), 'eval/std_episode_length': np.float64(0.0), 'eval/eval_time': 0.0754842758178711}
{'training/total_steps': 16000, 'training/updates': 8, 'training/sps': np.float64(13744.494), 'training/walltime': np.float64(2.428), 'training/rollout_time': np.float64(0.138), 'training/update_time': np.float64(0.008), 'training/approx_kl': 2.357698122068541e-06, 'training/entropy': 0.09936514496803284, 'training/policy_loss': -0.002127647865563631, 'training/total_loss': 0.47071507573127747, 'training/value_loss': 0.9456853866577148}
{'eval/num_episodes': 200, 'eval/num_steps': 200, 'eval/mean_score': np.float64(0.901), 'eval/std_score': np.float64(0.01), 'eval/mean_episode_length': np.float64(1.0), 'eval/std_episode_length': np.float64(0.0), 'eval/eval_time': 0.07376313209533691}
{'training/total_steps': 18000, 'training/updates': 9, 'training/sps': np.float64(13936.903), 'training/walltime': np.float64(2.646), 'training/rollout_time': np.float64(0.135), 'training/update_time': np.float64(0.008), 'training/approx_kl': 2.362352915952215e-06, 'training/entropy': 0.10069908201694489, 'training/policy_loss': -0.00216621533036232, 'training/total_loss': 0.46526581048965454, 'training/value_loss': 0.9348640441894531}
{'eval/num_episodes': 200, 'eval/num_steps': 200, 'eval/mean_score': np.float64(0.904), 'eval/std_score': np.float64(0.02), 'eval/mean_episode_length': np.float64(1.0), 'eval/std_episode_length': np.float64(0.0), 'eval/eval_time': 0.07701802253723145}
{'training/total_steps': 20000, 'training/updates': 10, 'training/sps': np.float64(13691.127), 'training/walltime': np.float64(2.869), 'training/rollout_time': np.float64(0.138), 'training/update_time': np.float64(0.008), 'training/approx_kl': 2.563419911894016e-06, 'training/entropy': 0.10205106437206268, 'training/policy_loss': -0.0021800710819661617, 'training/total_loss': 0.45990949869155884, 'training/value_loss': 0.924179196357727}
{'eval/num_episodes': 200, 'eval/num_steps': 200, 'eval/mean_score': np.float64(0.9), 'eval/std_score': np.float64(0.007), 'eval/mean_episode_length': np.float64(1.0), 'eval/std_episode_length': np.float64(0.0), 'eval/eval_time': 0.07399129867553711}
{'training/total_steps': 22000, 'training/updates': 11, 'training/sps': np.float64(14064.863), 'training/walltime': np.float64(3.086), 'training/rollout_time': np.float64(0.134), 'training/update_time': np.float64(0.008), 'training/approx_kl': 2.7074220270151272e-06, 'training/entropy': 0.10344241559505463, 'training/policy_loss': -0.002323848195374012, 'training/total_loss': 0.45446377992630005, 'training/value_loss': 0.913575291633606}
{'eval/num_episodes': 200, 'eval/num_steps': 200, 'eval/mean_score': np.float64(0.901), 'eval/std_score': np.float64(0.012), 'eval/mean_episode_length': np.float64(1.0), 'eval/std_episode_length': np.float64(0.0), 'eval/eval_time': 0.07548308372497559}
{'training/total_steps': 24000, 'training/updates': 12, 'training/sps': np.float64(13261.091), 'training/walltime': np.float64(3.312), 'training/rollout_time': np.float64(0.143), 'training/update_time': np.float64(0.008), 'training/approx_kl': 2.2007573079463327e-06, 'training/entropy': 0.10482785850763321, 'training/policy_loss': -0.0021094894036650658, 'training/total_loss': 0.44912007451057434, 'training/value_loss': 0.9024591445922852}
{'eval/num_episodes': 200, 'eval/num_steps': 200, 'eval/mean_score': np.float64(0.901), 'eval/std_score': np.float64(0.012), 'eval/mean_episode_length': np.float64(1.0), 'eval/std_episode_length': np.float64(0.0), 'eval/eval_time': 0.07511591911315918}
{'training/total_steps': 26000, 'training/updates': 13, 'training/sps': np.float64(13647.758), 'training/walltime': np.float64(3.534), 'training/rollout_time': np.float64(0.139), 'training/update_time': np.float64(0.008), 'training/approx_kl': 1.888489578050212e-06, 'training/entropy': 0.10616932809352875, 'training/policy_loss': -0.0019392964895814657, 'training/total_loss': 0.4438118040561676, 'training/value_loss': 0.8915022015571594}
{'eval/num_episodes': 200, 'eval/num_steps': 200, 'eval/mean_score': np.float64(0.903), 'eval/std_score': np.float64(0.017), 'eval/mean_episode_length': np.float64(1.0), 'eval/std_episode_length': np.float64(0.0), 'eval/eval_time': 0.07546591758728027}
{'training/total_steps': 28000, 'training/updates': 14, 'training/sps': np.float64(13588.553), 'training/walltime': np.float64(3.757), 'training/rollout_time': np.float64(0.139), 'training/update_time': np.float64(0.008), 'training/approx_kl': 1.742143240335281e-06, 'training/entropy': 0.10749518126249313, 'training/policy_loss': -0.001876192633062601, 'training/total_loss': 0.43852362036705017, 'training/value_loss': 0.8807996511459351}
{'eval/num_episodes': 200, 'eval/num_steps': 200, 'eval/mean_score': np.float64(0.902), 'eval/std_score': np.float64(0.014), 'eval/mean_episode_length': np.float64(1.0), 'eval/std_episode_length': np.float64(0.0), 'eval/eval_time': 0.0733649730682373}
{'training/total_steps': 30000, 'training/updates': 15, 'training/sps': np.float64(13552.09), 'training/walltime': np.float64(3.979), 'training/rollout_time': np.float64(0.14), 'training/update_time': np.float64(0.008), 'training/approx_kl': 2.7978710477327695e-06, 'training/entropy': 0.10890503227710724, 'training/policy_loss': -0.002306419424712658, 'training/total_loss': 0.4333112835884094, 'training/value_loss': 0.8712354302406311}
{'eval/num_episodes': 200, 'eval/num_steps': 200, 'eval/mean_score': np.float64(0.9), 'eval/std_score': np.float64(0.007), 'eval/mean_episode_length': np.float64(1.0), 'eval/std_episode_length': np.float64(0.0), 'eval/eval_time': 0.07494401931762695}
{'training/total_steps': 32000, 'training/updates': 16, 'training/sps': np.float64(13929.521), 'training/walltime': np.float64(4.197), 'training/rollout_time': np.float64(0.136), 'training/update_time': np.float64(0.008), 'training/approx_kl': 1.8798244809659082e-06, 'training/entropy': 0.11032360047101974, 'training/policy_loss': -0.0018750817980617285, 'training/total_loss': 0.42796558141708374, 'training/value_loss': 0.8596813082695007}
{'eval/num_episodes': 200, 'eval/num_steps': 200, 'eval/mean_score': np.float64(0.905), 'eval/std_score': np.float64(0.023), 'eval/mean_episode_length': np.float64(1.0), 'eval/std_episode_length': np.float64(0.0), 'eval/eval_time': 0.11003494262695312}
{'training/total_steps': 34000, 'training/updates': 17, 'training/sps': np.float64(13411.108), 'training/walltime': np.float64(4.457), 'training/rollout_time': np.float64(0.141), 'training/update_time': np.float64(0.008), 'training/approx_kl': 2.461052645230666e-06, 'training/entropy': 0.1117507740855217, 'training/policy_loss': -0.0022264542058110237, 'training/total_loss': 0.4228532910346985, 'training/value_loss': 0.8501594066619873}
{'eval/num_episodes': 200, 'eval/num_steps': 200, 'eval/mean_score': np.float64(0.901), 'eval/std_score': np.float64(0.012), 'eval/mean_episode_length': np.float64(1.0), 'eval/std_episode_length': np.float64(0.0), 'eval/eval_time': 0.07398605346679688}
{'training/total_steps': 36000, 'training/updates': 18, 'training/sps': np.float64(13545.372), 'training/walltime': np.float64(4.679), 'training/rollout_time': np.float64(0.14), 'training/update_time': np.float64(0.008), 'training/approx_kl': 2.692264615689055e-06, 'training/entropy': 0.11326634883880615, 'training/policy_loss': -0.002310041803866625, 'training/total_loss': 0.41762256622314453, 'training/value_loss': 0.8398652672767639}
{'eval/num_episodes': 200, 'eval/num_steps': 200, 'eval/mean_score': np.float64(0.901), 'eval/std_score': np.float64(0.012), 'eval/mean_episode_length': np.float64(1.0), 'eval/std_episode_length': np.float64(0.0), 'eval/eval_time': 0.07477521896362305}
{'training/total_steps': 38000, 'training/updates': 19, 'training/sps': np.float64(13720.619), 'training/walltime': np.float64(4.9), 'training/rollout_time': np.float64(0.138), 'training/update_time': np.float64(0.008), 'training/approx_kl': 2.83887720797793e-06, 'training/entropy': 0.11480630189180374, 'training/policy_loss': -0.0023492479231208563, 'training/total_loss': 0.41247087717056274, 'training/value_loss': 0.8296402096748352}
{'eval/num_episodes': 200, 'eval/num_steps': 200, 'eval/mean_score': np.float64(0.903), 'eval/std_score': np.float64(0.017), 'eval/mean_episode_length': np.float64(1.0), 'eval/std_episode_length': np.float64(0.0), 'eval/eval_time': 0.1022191047668457}
{'training/total_steps': 40000, 'training/updates': 20, 'training/sps': np.float64(13666.724), 'training/walltime': np.float64(5.149), 'training/rollout_time': np.float64(0.138), 'training/update_time': np.float64(0.008), 'training/approx_kl': 2.915595814556582e-06, 'training/entropy': 0.1163719892501831, 'training/policy_loss': -0.002440060954540968, 'training/total_loss': 0.4074051082134247, 'training/value_loss': 0.8196903467178345}
{'eval/num_episodes': 200, 'eval/num_steps': 200, 'eval/mean_score': np.float64(0.905), 'eval/std_score': np.float64(0.022), 'eval/mean_episode_length': np.float64(1.0), 'eval/std_episode_length': np.float64(0.0), 'eval/eval_time': 0.07698702812194824}
{'training/total_steps': 42000, 'training/updates': 21, 'training/sps': np.float64(13500.182), 'training/walltime': np.float64(5.374), 'training/rollout_time': np.float64(0.14), 'training/update_time': np.float64(0.008), 'training/approx_kl': 2.7360033527656924e-06, 'training/entropy': 0.11795739829540253, 'training/policy_loss': -0.002335131634026766, 'training/total_loss': 0.40233302116394043, 'training/value_loss': 0.8093363046646118}
{'eval/num_episodes': 200, 'eval/num_steps': 200, 'eval/mean_score': np.float64(0.901), 'eval/std_score': np.float64(0.01), 'eval/mean_episode_length': np.float64(1.0), 'eval/std_episode_length': np.float64(0.0), 'eval/eval_time': 0.07381486892700195}
{'training/total_steps': 44000, 'training/updates': 22, 'training/sps': np.float64(13546.837), 'training/walltime': np.float64(5.596), 'training/rollout_time': np.float64(0.14), 'training/update_time': np.float64(0.008), 'training/approx_kl': 2.8264132652111584e-06, 'training/entropy': 0.11957260221242905, 'training/policy_loss': -0.002412637462839484, 'training/total_loss': 0.39734479784965515, 'training/value_loss': 0.7995148301124573}
{'eval/num_episodes': 200, 'eval/num_steps': 200, 'eval/mean_score': np.float64(0.901), 'eval/std_score': np.float64(0.01), 'eval/mean_episode_length': np.float64(1.0), 'eval/std_episode_length': np.float64(0.0), 'eval/eval_time': 0.07238316535949707}
{'training/total_steps': 46000, 'training/updates': 23, 'training/sps': np.float64(13938.339), 'training/walltime': np.float64(5.812), 'training/rollout_time': np.float64(0.135), 'training/update_time': np.float64(0.008), 'training/approx_kl': 2.4333412511623465e-06, 'training/entropy': 0.12117204070091248, 'training/policy_loss': -0.0021820543333888054, 'training/total_loss': 0.3924223482608795, 'training/value_loss': 0.7892087697982788}
{'eval/num_episodes': 200, 'eval/num_steps': 200, 'eval/mean_score': np.float64(0.902), 'eval/std_score': np.float64(0.014), 'eval/mean_episode_length': np.float64(1.0), 'eval/std_episode_length': np.float64(0.0), 'eval/eval_time': 0.07318305969238281}
{'training/total_steps': 48000, 'training/updates': 24, 'training/sps': np.float64(10814.326), 'training/walltime': np.float64(6.071), 'training/rollout_time': np.float64(0.177), 'training/update_time': np.float64(0.008), 'training/approx_kl': 2.4183850655390415e-06, 'training/entropy': 0.12276369333267212, 'training/policy_loss': -0.0021747113205492496, 'training/total_loss': 0.3874637484550476, 'training/value_loss': 0.779276967048645}
{'eval/num_episodes': 200, 'eval/num_steps': 200, 'eval/mean_score': np.float64(0.9), 'eval/std_score': np.float64(0.007), 'eval/mean_episode_length': np.float64(1.0), 'eval/std_episode_length': np.float64(0.0), 'eval/eval_time': 0.07468605041503906}
{'training/total_steps': 50000, 'training/updates': 25, 'training/sps': np.float64(13595.909), 'training/walltime': np.float64(6.293), 'training/rollout_time': np.float64(0.139), 'training/update_time': np.float64(0.008), 'training/approx_kl': 2.6640427677193657e-06, 'training/entropy': 0.12439444661140442, 'training/policy_loss': -0.002256855834275484, 'training/total_loss': 0.3825828731060028, 'training/value_loss': 0.7696794271469116}
{'eval/num_episodes': 200, 'eval/num_steps': 200, 'eval/mean_score': np.float64(0.903), 'eval/std_score': np.float64(0.017), 'eval/mean_episode_length': np.float64(1.0), 'eval/std_episode_length': np.float64(0.0), 'eval/eval_time': 0.07364797592163086}
{'training/total_steps': 52000, 'training/updates': 26, 'training/sps': np.float64(13616.566), 'training/walltime': np.float64(6.514), 'training/rollout_time': np.float64(0.139), 'training/update_time': np.float64(0.008), 'training/approx_kl': 2.7067876544606406e-06, 'training/entropy': 0.12606215476989746, 'training/policy_loss': -0.002341807819902897, 'training/total_loss': 0.37757694721221924, 'training/value_loss': 0.7598375082015991}
{'eval/num_episodes': 200, 'eval/num_steps': 200, 'eval/mean_score': np.float64(0.903), 'eval/std_score': np.float64(0.017), 'eval/mean_episode_length': np.float64(1.0), 'eval/std_episode_length': np.float64(0.0), 'eval/eval_time': 0.07358813285827637}
{'training/total_steps': 54000, 'training/updates': 27, 'training/sps': np.float64(13541.501), 'training/walltime': np.float64(6.736), 'training/rollout_time': np.float64(0.14), 'training/update_time': np.float64(0.008), 'training/approx_kl': 2.3375516775558935e-06, 'training/entropy': 0.1277283877134323, 'training/policy_loss': -0.002198753645643592, 'training/total_loss': 0.372694730758667, 'training/value_loss': 0.7497869729995728}
{'eval/num_episodes': 200, 'eval/num_steps': 200, 'eval/mean_score': np.float64(0.902), 'eval/std_score': np.float64(0.016), 'eval/mean_episode_length': np.float64(1.0), 'eval/std_episode_length': np.float64(0.0), 'eval/eval_time': 0.0743401050567627}
{'training/total_steps': 56000, 'training/updates': 28, 'training/sps': np.float64(13336.462), 'training/walltime': np.float64(6.96), 'training/rollout_time': np.float64(0.142), 'training/update_time': np.float64(0.008), 'training/approx_kl': 2.397527168795932e-06, 'training/entropy': 0.12937989830970764, 'training/policy_loss': -0.0021581719629466534, 'training/total_loss': 0.3679214119911194, 'training/value_loss': 0.7401591539382935}
{'eval/num_episodes': 200, 'eval/num_steps': 200, 'eval/mean_score': np.float64(0.901), 'eval/std_score': np.float64(0.012), 'eval/mean_episode_length': np.float64(1.0), 'eval/std_episode_length': np.float64(0.0), 'eval/eval_time': 0.07506799697875977}
{'training/total_steps': 58000, 'training/updates': 29, 'training/sps': np.float64(13296.741), 'training/walltime': np.float64(7.186), 'training/rollout_time': np.float64(0.142), 'training/update_time': np.float64(0.008), 'training/approx_kl': 3.3240526136069093e-06, 'training/entropy': 0.13113275170326233, 'training/policy_loss': -0.0025670300237834454, 'training/total_loss': 0.3631057143211365, 'training/value_loss': 0.731345534324646}
{'eval/num_episodes': 200, 'eval/num_steps': 200, 'eval/mean_score': np.float64(0.901), 'eval/std_score': np.float64(0.012), 'eval/mean_episode_length': np.float64(1.0), 'eval/std_episode_length': np.float64(0.0), 'eval/eval_time': 0.0743720531463623}
{'training/total_steps': 60000, 'training/updates': 30, 'training/sps': np.float64(13940.493), 'training/walltime': np.float64(7.404), 'training/rollout_time': np.float64(0.135), 'training/update_time': np.float64(0.008), 'training/approx_kl': 2.754474280663999e-06, 'training/entropy': 0.1329287886619568, 'training/policy_loss': -0.002340034581720829, 'training/total_loss': 0.35830673575401306, 'training/value_loss': 0.721293568611145}
{'eval/num_episodes': 200, 'eval/num_steps': 200, 'eval/mean_score': np.float64(0.902), 'eval/std_score': np.float64(0.016), 'eval/mean_episode_length': np.float64(1.0), 'eval/std_episode_length': np.float64(0.0), 'eval/eval_time': 0.07584071159362793}
TRAINING END: training duration: 7.480630159378052
{'final_eval/num_episodes': 200, 'final_eval/num_steps': 200, 'final_eval/mean_score': np.float64(0.8999999761581421), 'final_eval/std_score': np.float64(0.0), 'final_eval/mean_episode_length': np.float64(1.0), 'final_eval/std_episode_length': np.float64(0.0)}
