|param: value|
|experiment_name:  cleanba_ppo|
|seed:  4|
|platform:  cpu|
|write_logs_to_file:  False|
|save_model:  False|
|env_name:  bandit|
|num_envs:  8|
|num_train_levels:  200|
|distribution_mode:  easy|
|arm_means:  (1.0, 0.9)|
|deterministic_rewards:  True|
|eval_env:  True|
|num_eval_episodes:  200|
|eval_every:  1|
|deterministic_eval:  False|
|total_timesteps:  60000|
|learning_rate:  0.00025|
|adam_eps:  1e-05|
|unroll_length:  250|
|anneal_lr:  False|
|gamma:  0.99|
|gae_lambda:  0.95|
|num_minibatches:  4|
|update_epochs:  4|
|normalize_advantages:  True|
|clip_eps:  0.1|
|clip_vloss:  True|
|entropy_cost:  0.0|
|vf_cost:  0.5|
|max_grad_norm:  0.5|
|use_cnn:  False|
|policy_hidden_layer_sizes:  ()|
|value_hidden_layer_sizes:  ()|
|activation:  <jax._src.custom_derivatives.custom_jvp object at 0x105c5a3d0>|
|policy_init_logit_bias:  [0.0, 4.0]|
{'training/total_steps': 2000, 'training/updates': 1, 'training/sps': np.float64(2220.335), 'training/walltime': np.float64(0.901), 'training/rollout_time': np.float64(0.417), 'training/update_time': np.float64(0.484), 'training/approx_kl': 1.3936479490439524e-06, 'training/entropy': 0.0910458117723465, 'training/policy_loss': -0.00165048916824162, 'training/total_loss': 0.004210613667964935, 'training/value_loss': 0.011722205206751823}
{'eval/num_episodes': 200, 'eval/num_steps': 200, 'eval/mean_score': np.float64(0.9), 'eval/std_score': np.float64(0.007), 'eval/mean_episode_length': np.float64(1.0), 'eval/std_episode_length': np.float64(0.0), 'eval/eval_time': 0.07490181922912598}
{'training/total_steps': 4000, 'training/updates': 2, 'training/sps': np.float64(13225.485), 'training/walltime': np.float64(1.127), 'training/rollout_time': np.float64(0.143), 'training/update_time': np.float64(0.008), 'training/approx_kl': 1.6931269328779308e-06, 'training/entropy': 0.09220348298549652, 'training/policy_loss': -0.001828816719353199, 'training/total_loss': 0.0034312272910028696, 'training/value_loss': 0.01052008755505085}
{'eval/num_episodes': 200, 'eval/num_steps': 200, 'eval/mean_score': np.float64(0.903), 'eval/std_score': np.float64(0.018), 'eval/mean_episode_length': np.float64(1.0), 'eval/std_episode_length': np.float64(0.0), 'eval/eval_time': 0.07666373252868652}
{'training/total_steps': 6000, 'training/updates': 3, 'training/sps': np.float64(13868.562), 'training/walltime': np.float64(1.348), 'training/rollout_time': np.float64(0.136), 'training/update_time': np.float64(0.008), 'training/approx_kl': 1.566520040796604e-06, 'training/entropy': 0.09337525069713593, 'training/policy_loss': -0.001763208070769906, 'training/total_loss': 0.0029607038013637066, 'training/value_loss': 0.009447824209928513}
{'eval/num_episodes': 200, 'eval/num_steps': 200, 'eval/mean_score': np.float64(0.901), 'eval/std_score': np.float64(0.01), 'eval/mean_episode_length': np.float64(1.0), 'eval/std_episode_length': np.float64(0.0), 'eval/eval_time': 0.07312607765197754}
{'training/total_steps': 8000, 'training/updates': 4, 'training/sps': np.float64(13838.431), 'training/walltime': np.float64(1.566), 'training/rollout_time': np.float64(0.137), 'training/update_time': np.float64(0.008), 'training/approx_kl': 1.3272725709612132e-06, 'training/entropy': 0.09451162815093994, 'training/policy_loss': -0.0015751586761325598, 'training/total_loss': 0.0026561336126178503, 'training/value_loss': 0.008462585508823395}
{'eval/num_episodes': 200, 'eval/num_steps': 200, 'eval/mean_score': np.float64(0.901), 'eval/std_score': np.float64(0.012), 'eval/mean_episode_length': np.float64(1.0), 'eval/std_episode_length': np.float64(0.0), 'eval/eval_time': 0.0732111930847168}
{'training/total_steps': 10000, 'training/updates': 5, 'training/sps': np.float64(13738.933), 'training/walltime': np.float64(1.785), 'training/rollout_time': np.float64(0.138), 'training/update_time': np.float64(0.008), 'training/approx_kl': 1.6919728977882187e-06, 'training/entropy': 0.0956890881061554, 'training/policy_loss': -0.0018470082432031631, 'training/total_loss': 0.0019098075572401285, 'training/value_loss': 0.007513632066547871}
{'eval/num_episodes': 200, 'eval/num_steps': 200, 'eval/mean_score': np.float64(0.901), 'eval/std_score': np.float64(0.01), 'eval/mean_episode_length': np.float64(1.0), 'eval/std_episode_length': np.float64(0.0), 'eval/eval_time': 0.0753319263458252}
{'training/total_steps': 12000, 'training/updates': 6, 'training/sps': np.float64(13541.392), 'training/walltime': np.float64(2.009), 'training/rollout_time': np.float64(0.14), 'training/update_time': np.float64(0.008), 'training/approx_kl': 2.1526329874177463e-06, 'training/entropy': 0.09695844352245331, 'training/policy_loss': -0.0020732423290610313, 'training/total_loss': 0.0012575420551002026, 'training/value_loss': 0.006661568768322468}
{'eval/num_episodes': 200, 'eval/num_steps': 200, 'eval/mean_score': np.float64(0.903), 'eval/std_score': np.float64(0.018), 'eval/mean_episode_length': np.float64(1.0), 'eval/std_episode_length': np.float64(0.0), 'eval/eval_time': 0.07463884353637695}
{'training/total_steps': 14000, 'training/updates': 7, 'training/sps': np.float64(13062.909), 'training/walltime': np.float64(2.237), 'training/rollout_time': np.float64(0.145), 'training/update_time': np.float64(0.008), 'training/approx_kl': 2.9138159334252123e-06, 'training/entropy': 0.09830261766910553, 'training/policy_loss': -0.0023884479887783527, 'training/total_loss': 0.0005518037942238152, 'training/value_loss': 0.005880502983927727}
{'eval/num_episodes': 200, 'eval/num_steps': 200, 'eval/mean_score': np.float64(0.903), 'eval/std_score': np.float64(0.017), 'eval/mean_episode_length': np.float64(1.0), 'eval/std_episode_length': np.float64(0.0), 'eval/eval_time': 0.0747840404510498}
{'training/total_steps': 16000, 'training/updates': 8, 'training/sps': np.float64(13668.194), 'training/walltime': np.float64(2.458), 'training/rollout_time': np.float64(0.138), 'training/update_time': np.float64(0.008), 'training/approx_kl': 1.814036750147352e-06, 'training/entropy': 0.09961797297000885, 'training/policy_loss': -0.001851772191002965, 'training/total_loss': 0.0007643081480637193, 'training/value_loss': 0.005232160445302725}
{'eval/num_episodes': 200, 'eval/num_steps': 200, 'eval/mean_score': np.float64(0.902), 'eval/std_score': np.float64(0.014), 'eval/mean_episode_length': np.float64(1.0), 'eval/std_episode_length': np.float64(0.0), 'eval/eval_time': 0.0759730339050293}
{'training/total_steps': 18000, 'training/updates': 9, 'training/sps': np.float64(13967.744), 'training/walltime': np.float64(2.678), 'training/rollout_time': np.float64(0.135), 'training/update_time': np.float64(0.008), 'training/approx_kl': 1.2452901501092128e-06, 'training/entropy': 0.10082373023033142, 'training/policy_loss': -0.0015619986224919558, 'training/total_loss': 0.0007467298419214785, 'training/value_loss': 0.004617457278072834}
{'eval/num_episodes': 200, 'eval/num_steps': 200, 'eval/mean_score': np.float64(0.903), 'eval/std_score': np.float64(0.017), 'eval/mean_episode_length': np.float64(1.0), 'eval/std_episode_length': np.float64(0.0), 'eval/eval_time': 0.08806896209716797}
{'training/total_steps': 20000, 'training/updates': 10, 'training/sps': np.float64(13449.058), 'training/walltime': np.float64(2.915), 'training/rollout_time': np.float64(0.141), 'training/update_time': np.float64(0.008), 'training/approx_kl': 2.051629053312354e-06, 'training/entropy': 0.10206937789916992, 'training/policy_loss': -0.0020166963804513216, 'training/total_loss': -3.65341838914901e-06, 'training/value_loss': 0.0040260860696434975}
{'eval/num_episodes': 200, 'eval/num_steps': 200, 'eval/mean_score': np.float64(0.901), 'eval/std_score': np.float64(0.01), 'eval/mean_episode_length': np.float64(1.0), 'eval/std_episode_length': np.float64(0.0), 'eval/eval_time': 0.07701492309570312}
{'training/total_steps': 22000, 'training/updates': 11, 'training/sps': np.float64(13646.293), 'training/walltime': np.float64(3.139), 'training/rollout_time': np.float64(0.139), 'training/update_time': np.float64(0.008), 'training/approx_kl': 2.128059122696868e-06, 'training/entropy': 0.10340148210525513, 'training/policy_loss': -0.002031143754720688, 'training/total_loss': -0.00026773050194606185, 'training/value_loss': 0.003526826621964574}
{'eval/num_episodes': 200, 'eval/num_steps': 200, 'eval/mean_score': np.float64(0.902), 'eval/std_score': np.float64(0.014), 'eval/mean_episode_length': np.float64(1.0), 'eval/std_episode_length': np.float64(0.0), 'eval/eval_time': 0.07342195510864258}
{'training/total_steps': 24000, 'training/updates': 12, 'training/sps': np.float64(13943.992), 'training/walltime': np.float64(3.356), 'training/rollout_time': np.float64(0.135), 'training/update_time': np.float64(0.008), 'training/approx_kl': 2.904253051383421e-06, 'training/entropy': 0.10480817407369614, 'training/policy_loss': -0.0024127308279275894, 'training/total_loss': -0.0008817658526822925, 'training/value_loss': 0.003061929950490594}
{'eval/num_episodes': 200, 'eval/num_steps': 200, 'eval/mean_score': np.float64(0.901), 'eval/std_score': np.float64(0.01), 'eval/mean_episode_length': np.float64(1.0), 'eval/std_episode_length': np.float64(0.0), 'eval/eval_time': 0.07547903060913086}
{'training/total_steps': 26000, 'training/updates': 13, 'training/sps': np.float64(13844.187), 'training/walltime': np.float64(3.576), 'training/rollout_time': np.float64(0.136), 'training/update_time': np.float64(0.008), 'training/approx_kl': 1.7738063888828037e-06, 'training/entropy': 0.10618163645267487, 'training/policy_loss': -0.001877075294032693, 'training/total_loss': -0.0005340942880138755, 'training/value_loss': 0.002685962012037635}
{'eval/num_episodes': 200, 'eval/num_steps': 200, 'eval/mean_score': np.float64(0.902), 'eval/std_score': np.float64(0.016), 'eval/mean_episode_length': np.float64(1.0), 'eval/std_episode_length': np.float64(0.0), 'eval/eval_time': 0.07555365562438965}
{'training/total_steps': 28000, 'training/updates': 14, 'training/sps': np.float64(12231.144), 'training/walltime': np.float64(3.816), 'training/rollout_time': np.float64(0.155), 'training/update_time': np.float64(0.008), 'training/approx_kl': 2.1415885385067668e-06, 'training/entropy': 0.10751628130674362, 'training/policy_loss': -0.002058933489024639, 'training/total_loss': -0.0008996202377602458, 'training/value_loss': 0.002318626269698143}
{'eval/num_episodes': 200, 'eval/num_steps': 200, 'eval/mean_score': np.float64(0.902), 'eval/std_score': np.float64(0.016), 'eval/mean_episode_length': np.float64(1.0), 'eval/std_episode_length': np.float64(0.0), 'eval/eval_time': 0.07646703720092773}
{'training/total_steps': 30000, 'training/updates': 15, 'training/sps': np.float64(13808.999), 'training/walltime': np.float64(4.037), 'training/rollout_time': np.float64(0.137), 'training/update_time': np.float64(0.008), 'training/approx_kl': 2.578864950919524e-06, 'training/entropy': 0.10894158482551575, 'training/policy_loss': -0.0022587557323276997, 'training/total_loss': -0.0012572051491588354, 'training/value_loss': 0.002003101631999016}
{'eval/num_episodes': 200, 'eval/num_steps': 200, 'eval/mean_score': np.float64(0.9), 'eval/std_score': np.float64(0.0), 'eval/mean_episode_length': np.float64(1.0), 'eval/std_episode_length': np.float64(0.0), 'eval/eval_time': 0.07576704025268555}
{'training/total_steps': 32000, 'training/updates': 16, 'training/sps': np.float64(13802.91), 'training/walltime': np.float64(4.258), 'training/rollout_time': np.float64(0.137), 'training/update_time': np.float64(0.008), 'training/approx_kl': 2.4487544578732923e-06, 'training/entropy': 0.11040391027927399, 'training/policy_loss': -0.0022205577697604895, 'training/total_loss': -0.001355531858280301, 'training/value_loss': 0.0017300518229603767}
{'eval/num_episodes': 200, 'eval/num_steps': 200, 'eval/mean_score': np.float64(0.903), 'eval/std_score': np.float64(0.018), 'eval/mean_episode_length': np.float64(1.0), 'eval/std_episode_length': np.float64(0.0), 'eval/eval_time': 0.07351398468017578}
{'training/total_steps': 34000, 'training/updates': 17, 'training/sps': np.float64(13753.733), 'training/walltime': np.float64(4.478), 'training/rollout_time': np.float64(0.137), 'training/update_time': np.float64(0.008), 'training/approx_kl': 2.173735765609308e-06, 'training/entropy': 0.11183677613735199, 'training/policy_loss': -0.002049478003755212, 'training/total_loss': -0.0013041083002462983, 'training/value_loss': 0.0014907396398484707}
{'eval/num_episodes': 200, 'eval/num_steps': 200, 'eval/mean_score': np.float64(0.903), 'eval/std_score': np.float64(0.018), 'eval/mean_episode_length': np.float64(1.0), 'eval/std_episode_length': np.float64(0.0), 'eval/eval_time': 0.07417607307434082}
{'training/total_steps': 36000, 'training/updates': 18, 'training/sps': np.float64(13948.467), 'training/walltime': np.float64(4.695), 'training/rollout_time': np.float64(0.135), 'training/update_time': np.float64(0.008), 'training/approx_kl': 2.0192126157780876e-06, 'training/entropy': 0.11324992775917053, 'training/policy_loss': -0.001986447488889098, 'training/total_loss': -0.0013468378456309438, 'training/value_loss': 0.0012792192865163088}
{'eval/num_episodes': 200, 'eval/num_steps': 200, 'eval/mean_score': np.float64(0.901), 'eval/std_score': np.float64(0.01), 'eval/mean_episode_length': np.float64(1.0), 'eval/std_episode_length': np.float64(0.0), 'eval/eval_time': 0.07479095458984375}
{'training/total_steps': 38000, 'training/updates': 19, 'training/sps': np.float64(13400.14), 'training/walltime': np.float64(4.92), 'training/rollout_time': np.float64(0.141), 'training/update_time': np.float64(0.008), 'training/approx_kl': 3.072189201702713e-06, 'training/entropy': 0.11475002765655518, 'training/policy_loss': -0.0024632508866488934, 'training/total_loss': -0.0019135413458570838, 'training/value_loss': 0.00109941849950701}
{'eval/num_episodes': 200, 'eval/num_steps': 200, 'eval/mean_score': np.float64(0.902), 'eval/std_score': np.float64(0.014), 'eval/mean_episode_length': np.float64(1.0), 'eval/std_episode_length': np.float64(0.0), 'eval/eval_time': 0.07183504104614258}
{'training/total_steps': 40000, 'training/updates': 20, 'training/sps': np.float64(13544.256), 'training/walltime': np.float64(5.14), 'training/rollout_time': np.float64(0.14), 'training/update_time': np.float64(0.008), 'training/approx_kl': 3.0062917630857555e-06, 'training/entropy': 0.11632899940013885, 'training/policy_loss': -0.0024445378221571445, 'training/total_loss': -0.001972575206309557, 'training/value_loss': 0.0009439258719794452}
{'eval/num_episodes': 200, 'eval/num_steps': 200, 'eval/mean_score': np.float64(0.903), 'eval/std_score': np.float64(0.017), 'eval/mean_episode_length': np.float64(1.0), 'eval/std_episode_length': np.float64(0.0), 'eval/eval_time': 0.11635899543762207}
{'training/total_steps': 42000, 'training/updates': 21, 'training/sps': np.float64(13454.516), 'training/walltime': np.float64(5.405), 'training/rollout_time': np.float64(0.141), 'training/update_time': np.float64(0.008), 'training/approx_kl': 3.5604596178018255e-06, 'training/entropy': 0.11795813590288162, 'training/policy_loss': -0.0026522092521190643, 'training/total_loss': -0.0022447211667895317, 'training/value_loss': 0.0008149760542437434}
{'eval/num_episodes': 200, 'eval/num_steps': 200, 'eval/mean_score': np.float64(0.902), 'eval/std_score': np.float64(0.014), 'eval/mean_episode_length': np.float64(1.0), 'eval/std_episode_length': np.float64(0.0), 'eval/eval_time': 0.07559871673583984}
{'training/total_steps': 44000, 'training/updates': 22, 'training/sps': np.float64(13418.316), 'training/walltime': np.float64(5.63), 'training/rollout_time': np.float64(0.141), 'training/update_time': np.float64(0.008), 'training/approx_kl': 3.5006255529879127e-06, 'training/entropy': 0.11962002515792847, 'training/policy_loss': -0.002645352389663458, 'training/total_loss': -0.0022939322516322136, 'training/value_loss': 0.0007028397521935403}
{'eval/num_episodes': 200, 'eval/num_steps': 200, 'eval/mean_score': np.float64(0.903), 'eval/std_score': np.float64(0.018), 'eval/mean_episode_length': np.float64(1.0), 'eval/std_episode_length': np.float64(0.0), 'eval/eval_time': 0.07256031036376953}
{'training/total_steps': 46000, 'training/updates': 23, 'training/sps': np.float64(13468.017), 'training/walltime': np.float64(5.851), 'training/rollout_time': np.float64(0.141), 'training/update_time': np.float64(0.008), 'training/approx_kl': 2.752598447841592e-06, 'training/entropy': 0.12124714255332947, 'training/policy_loss': -0.0023480153176933527, 'training/total_loss': -0.0020482263062149286, 'training/value_loss': 0.0005995783139951527}
{'eval/num_episodes': 200, 'eval/num_steps': 200, 'eval/mean_score': np.float64(0.902), 'eval/std_score': np.float64(0.016), 'eval/mean_episode_length': np.float64(1.0), 'eval/std_episode_length': np.float64(0.0), 'eval/eval_time': 0.07275128364562988}
{'training/total_steps': 48000, 'training/updates': 24, 'training/sps': np.float64(10416.775), 'training/walltime': np.float64(6.116), 'training/rollout_time': np.float64(0.184), 'training/update_time': np.float64(0.008), 'training/approx_kl': 3.315089543320937e-06, 'training/entropy': 0.12287667393684387, 'training/policy_loss': -0.0025355240795761347, 'training/total_loss': -0.0022734608501195908, 'training/value_loss': 0.0005241259932518005}
{'eval/num_episodes': 200, 'eval/num_steps': 200, 'eval/mean_score': np.float64(0.904), 'eval/std_score': np.float64(0.021), 'eval/mean_episode_length': np.float64(1.0), 'eval/std_episode_length': np.float64(0.0), 'eval/eval_time': 0.07838106155395508}
{'training/total_steps': 50000, 'training/updates': 25, 'training/sps': np.float64(13798.414), 'training/walltime': np.float64(6.34), 'training/rollout_time': np.float64(0.137), 'training/update_time': np.float64(0.008), 'training/approx_kl': 3.001861387019744e-06, 'training/entropy': 0.12452971935272217, 'training/policy_loss': -0.0024463320150971413, 'training/total_loss': -0.0022208094596862793, 'training/value_loss': 0.0004510454891715199}
{'eval/num_episodes': 200, 'eval/num_steps': 200, 'eval/mean_score': np.float64(0.901), 'eval/std_score': np.float64(0.012), 'eval/mean_episode_length': np.float64(1.0), 'eval/std_episode_length': np.float64(0.0), 'eval/eval_time': 0.0749969482421875}
{'training/total_steps': 52000, 'training/updates': 26, 'training/sps': np.float64(13599.061), 'training/walltime': np.float64(6.562), 'training/rollout_time': np.float64(0.139), 'training/update_time': np.float64(0.008), 'training/approx_kl': 2.9214761525508948e-06, 'training/entropy': 0.12618033587932587, 'training/policy_loss': -0.0024172067642211914, 'training/total_loss': -0.0022200983949005604, 'training/value_loss': 0.0003942165640182793}
{'eval/num_episodes': 200, 'eval/num_steps': 200, 'eval/mean_score': np.float64(0.902), 'eval/std_score': np.float64(0.014), 'eval/mean_episode_length': np.float64(1.0), 'eval/std_episode_length': np.float64(0.0), 'eval/eval_time': 0.07547307014465332}
{'training/total_steps': 54000, 'training/updates': 27, 'training/sps': np.float64(13795.283), 'training/walltime': np.float64(6.783), 'training/rollout_time': np.float64(0.137), 'training/update_time': np.float64(0.008), 'training/approx_kl': 3.010304681083653e-06, 'training/entropy': 0.12784671783447266, 'training/policy_loss': -0.0024617286399006844, 'training/total_loss': -0.002287408336997032, 'training/value_loss': 0.0003486407804302871}
{'eval/num_episodes': 200, 'eval/num_steps': 200, 'eval/mean_score': np.float64(0.902), 'eval/std_score': np.float64(0.016), 'eval/mean_episode_length': np.float64(1.0), 'eval/std_episode_length': np.float64(0.0), 'eval/eval_time': 0.0739290714263916}
{'training/total_steps': 56000, 'training/updates': 28, 'training/sps': np.float64(13254.7), 'training/walltime': np.float64(7.008), 'training/rollout_time': np.float64(0.143), 'training/update_time': np.float64(0.008), 'training/approx_kl': 3.7500924463529373e-06, 'training/entropy': 0.12959784269332886, 'training/policy_loss': -0.002718670992180705, 'training/total_loss': -0.002558276755735278, 'training/value_loss': 0.00032078835647553205}
{'eval/num_episodes': 200, 'eval/num_steps': 200, 'eval/mean_score': np.float64(0.902), 'eval/std_score': np.float64(0.014), 'eval/mean_episode_length': np.float64(1.0), 'eval/std_episode_length': np.float64(0.0), 'eval/eval_time': 0.07489943504333496}
{'training/total_steps': 58000, 'training/updates': 29, 'training/sps': np.float64(13732.591), 'training/walltime': np.float64(7.229), 'training/rollout_time': np.float64(0.137), 'training/update_time': np.float64(0.008), 'training/approx_kl': 2.9223870114947204e-06, 'training/entropy': 0.13133302330970764, 'training/policy_loss': -0.0023991698399186134, 'training/total_loss': -0.0022639164235442877, 'training/value_loss': 0.00027050706557929516}
{'eval/num_episodes': 200, 'eval/num_steps': 200, 'eval/mean_score': np.float64(0.901), 'eval/std_score': np.float64(0.012), 'eval/mean_episode_length': np.float64(1.0), 'eval/std_episode_length': np.float64(0.0), 'eval/eval_time': 0.07701706886291504}
{'training/total_steps': 60000, 'training/updates': 30, 'training/sps': np.float64(13673.92), 'training/walltime': np.float64(7.453), 'training/rollout_time': np.float64(0.138), 'training/update_time': np.float64(0.008), 'training/approx_kl': 4.240656380716246e-06, 'training/entropy': 0.13312122225761414, 'training/policy_loss': -0.002907997230067849, 'training/total_loss': -0.002770056016743183, 'training/value_loss': 0.00027588242664933205}
{'eval/num_episodes': 200, 'eval/num_steps': 200, 'eval/mean_score': np.float64(0.903), 'eval/std_score': np.float64(0.018), 'eval/mean_episode_length': np.float64(1.0), 'eval/std_episode_length': np.float64(0.0), 'eval/eval_time': 0.07592916488647461}
TRAINING END: training duration: 7.529021263122559
{'final_eval/num_episodes': 200, 'final_eval/num_steps': 200, 'final_eval/mean_score': np.float64(0.8999999761581421), 'final_eval/std_score': np.float64(0.0), 'final_eval/mean_episode_length': np.float64(1.0), 'final_eval/std_episode_length': np.float64(0.0)}
