|param: value|
|experiment_name:  pc_actor_critic|
|seed:  10|
|write_logs_to_file:  False|
|save_model:  False|
|env_name:  bandit|
|num_envs:  8|
|num_train_levels:  200|
|distribution_mode:  easy|
|arm_means:  (1.0, 0.9)|
|deterministic_rewards:  True|
|eval_env:  True|
|num_eval_episodes:  200|
|eval_every:  1|
|total_timesteps:  60000|
|unroll_length:  250|
|gamma:  0.99|
|learning_rate:  0.01|
|value_learning_rate:  0.01|
|target_scale:  1.0|
|pc_steps_per_update:  1|
|max_t1:  20|
|width:  32|
|depth:  2|
|act_fn:  relu|
|policy_init_logit_bias:  [4.0, 0.0]|
|use_cnn:  False|
|policy_hidden_layer_sizes:  ()|
|value_hidden_layer_sizes:  ()|
|anneal_lr:  False|
|entropy_cost:  0.0|
|deterministic_eval:  False|
{'training/total_steps': 2000, 'training/updates': 1, 'training/walltime': np.float64(1.48), 'training/update_time': np.float64(1.48), 'training/policy_pc_loss': 0.0307018905878067, 'training/value_pc_loss': 0.8326296806335449, 'training/mean_value': -0.2925662696361542, 'training/mean_reward': 0.9978001117706299, 'training/mean_advantage_abs': 1.2903658151626587}
{'eval/num_episodes': 200, 'eval/mean_score': np.float64(0.9975), 'eval/std_score': np.float64(0.0156), 'eval/mean_episode_length': np.float64(1.0)}
{'training/total_steps': 4000, 'training/updates': 2, 'training/walltime': np.float64(1.638), 'training/update_time': np.float64(0.129), 'training/policy_pc_loss': 0.025693722069263458, 'training/value_pc_loss': 0.5974204540252686, 'training/mean_value': -0.09561990946531296, 'training/mean_reward': 0.9973501563072205, 'training/mean_advantage_abs': 1.092969536781311}
{'eval/num_episodes': 200, 'eval/mean_score': np.float64(0.9975), 'eval/std_score': np.float64(0.0156), 'eval/mean_episode_length': np.float64(1.0)}
{'training/total_steps': 6000, 'training/updates': 3, 'training/walltime': np.float64(1.765), 'training/update_time': np.float64(0.127), 'training/policy_pc_loss': 0.019158395007252693, 'training/value_pc_loss': 0.40409213304519653, 'training/mean_value': 0.09812401235103607, 'training/mean_reward': 0.9969500303268433, 'training/mean_advantage_abs': 0.8988264799118042}
{'eval/num_episodes': 200, 'eval/mean_score': np.float64(0.997), 'eval/std_score': np.float64(0.0171), 'eval/mean_episode_length': np.float64(1.0)}
{'training/total_steps': 8000, 'training/updates': 4, 'training/walltime': np.float64(1.89), 'training/update_time': np.float64(0.124), 'training/policy_pc_loss': 0.010512248612940311, 'training/value_pc_loss': 0.25200262665748596, 'training/mean_value': 0.28741174936294556, 'training/mean_reward': 0.9971500635147095, 'training/mean_advantage_abs': 0.7097380757331848}
{'eval/num_episodes': 200, 'eval/mean_score': np.float64(0.9965), 'eval/std_score': np.float64(0.0184), 'eval/mean_episode_length': np.float64(1.0)}
{'training/total_steps': 10000, 'training/updates': 5, 'training/walltime': np.float64(2.1), 'training/update_time': np.float64(0.209), 'training/policy_pc_loss': 0.004997127689421177, 'training/value_pc_loss': 0.1387009620666504, 'training/mean_value': 0.47081464529037476, 'training/mean_reward': 0.9972501397132874, 'training/mean_advantage_abs': 0.5264355540275574}
{'eval/num_episodes': 200, 'eval/mean_score': np.float64(0.998), 'eval/std_score': np.float64(0.014), 'eval/mean_episode_length': np.float64(1.0)}
{'training/total_steps': 12000, 'training/updates': 6, 'training/walltime': np.float64(2.237), 'training/update_time': np.float64(0.134), 'training/policy_pc_loss': 0.001385799958370626, 'training/value_pc_loss': 0.061802104115486145, 'training/mean_value': 0.6465758681297302, 'training/mean_reward': 0.9978501200675964, 'training/mean_advantage_abs': 0.3512744903564453}
{'eval/num_episodes': 200, 'eval/mean_score': np.float64(0.998), 'eval/std_score': np.float64(0.014), 'eval/mean_episode_length': np.float64(1.0)}
{'training/total_steps': 14000, 'training/updates': 7, 'training/walltime': np.float64(2.367), 'training/update_time': np.float64(0.129), 'training/policy_pc_loss': 0.00017265246424358338, 'training/value_pc_loss': 0.017298199236392975, 'training/mean_value': 0.8124156594276428, 'training/mean_reward': 0.9978501200675964, 'training/mean_advantage_abs': 0.1854347288608551}
{'eval/num_episodes': 200, 'eval/mean_score': np.float64(0.9985), 'eval/std_score': np.float64(0.0122), 'eval/mean_episode_length': np.float64(1.0)}
{'training/total_steps': 16000, 'training/updates': 8, 'training/walltime': np.float64(2.495), 'training/update_time': np.float64(0.128), 'training/policy_pc_loss': 6.837270484538749e-05, 'training/value_pc_loss': 0.000625978282187134, 'training/mean_value': 0.9653397798538208, 'training/mean_reward': 0.9983501434326172, 'training/mean_advantage_abs': 0.03516649827361107}
{'eval/num_episodes': 200, 'eval/mean_score': np.float64(0.9985), 'eval/std_score': np.float64(0.0122), 'eval/mean_episode_length': np.float64(1.0)}
{'training/total_steps': 18000, 'training/updates': 9, 'training/walltime': np.float64(2.622), 'training/update_time': np.float64(0.126), 'training/policy_pc_loss': 0.00043678018846549094, 'training/value_pc_loss': 0.005342515185475349, 'training/mean_value': 1.1017417907714844, 'training/mean_reward': 0.9989000558853149, 'training/mean_advantage_abs': 0.1028408333659172}
{'eval/num_episodes': 200, 'eval/mean_score': np.float64(0.999), 'eval/std_score': np.float64(0.0099), 'eval/mean_episode_length': np.float64(1.0)}
{'training/total_steps': 20000, 'training/updates': 10, 'training/walltime': np.float64(2.753), 'training/update_time': np.float64(0.131), 'training/policy_pc_loss': 0.0011885593412443995, 'training/value_pc_loss': 0.024031328037381172, 'training/mean_value': 1.2177619934082031, 'training/mean_reward': 0.9988000988960266, 'training/mean_advantage_abs': 0.21896149218082428}
{'eval/num_episodes': 200, 'eval/mean_score': np.float64(0.999), 'eval/std_score': np.float64(0.0099), 'eval/mean_episode_length': np.float64(1.0)}
{'training/total_steps': 22000, 'training/updates': 11, 'training/walltime': np.float64(2.891), 'training/update_time': np.float64(0.137), 'training/policy_pc_loss': 0.002395538380369544, 'training/value_pc_loss': 0.04857650399208069, 'training/mean_value': 1.310014247894287, 'training/mean_reward': 0.9985501766204834, 'training/mean_advantage_abs': 0.31146466732025146}
{'eval/num_episodes': 200, 'eval/mean_score': np.float64(1.0), 'eval/std_score': np.float64(0.0), 'eval/mean_episode_length': np.float64(1.0)}
{'training/total_steps': 24000, 'training/updates': 12, 'training/walltime': np.float64(3.022), 'training/update_time': np.float64(0.13), 'training/policy_pc_loss': 0.0013493538135662675, 'training/value_pc_loss': 0.07113765180110931, 'training/mean_value': 1.3765145540237427, 'training/mean_reward': 0.9994000792503357, 'training/mean_advantage_abs': 0.37711477279663086}
{'eval/num_episodes': 200, 'eval/mean_score': np.float64(0.9995), 'eval/std_score': np.float64(0.0071), 'eval/mean_episode_length': np.float64(1.0)}
{'training/total_steps': 26000, 'training/updates': 13, 'training/walltime': np.float64(3.151), 'training/update_time': np.float64(0.128), 'training/policy_pc_loss': 0.0021168794482946396, 'training/value_pc_loss': 0.08742416650056839, 'training/mean_value': 1.4172543287277222, 'training/mean_reward': 0.9992001056671143, 'training/mean_advantage_abs': 0.4180535674095154}
{'eval/num_episodes': 200, 'eval/mean_score': np.float64(0.999), 'eval/std_score': np.float64(0.0099), 'eval/mean_episode_length': np.float64(1.0)}
{'training/total_steps': 28000, 'training/updates': 14, 'training/walltime': np.float64(3.281), 'training/update_time': np.float64(0.129), 'training/policy_pc_loss': 0.002257147105410695, 'training/value_pc_loss': 0.0945252850651741, 'training/mean_value': 1.4339077472686768, 'training/mean_reward': 0.9992001056671143, 'training/mean_advantage_abs': 0.43470844626426697}
{'eval/num_episodes': 200, 'eval/mean_score': np.float64(1.0), 'eval/std_score': np.float64(0.0), 'eval/mean_episode_length': np.float64(1.0)}
{'training/total_steps': 30000, 'training/updates': 15, 'training/walltime': np.float64(3.404), 'training/update_time': np.float64(0.123), 'training/policy_pc_loss': 0.0015288474969565868, 'training/value_pc_loss': 0.09242536127567291, 'training/mean_value': 1.4293291568756104, 'training/mean_reward': 0.999450147151947, 'training/mean_advantage_abs': 0.42987897992134094}
{'eval/num_episodes': 200, 'eval/mean_score': np.float64(1.0), 'eval/std_score': np.float64(0.0), 'eval/mean_episode_length': np.float64(1.0)}
{'training/total_steps': 32000, 'training/updates': 16, 'training/walltime': np.float64(3.537), 'training/update_time': np.float64(0.133), 'training/policy_pc_loss': 0.0011486709117889404, 'training/value_pc_loss': 0.08300769329071045, 'training/mean_value': 1.4069443941116333, 'training/mean_reward': 0.9995501041412354, 'training/mean_advantage_abs': 0.40739521384239197}
{'eval/num_episodes': 200, 'eval/mean_score': np.float64(0.9995), 'eval/std_score': np.float64(0.0071), 'eval/mean_episode_length': np.float64(1.0)}
{'training/total_steps': 34000, 'training/updates': 17, 'training/walltime': np.float64(3.672), 'training/update_time': np.float64(0.134), 'training/policy_pc_loss': 0.0012077654246240854, 'training/value_pc_loss': 0.06880131363868713, 'training/mean_value': 1.3703243732452393, 'training/mean_reward': 0.999450147151947, 'training/mean_advantage_abs': 0.37087440490722656}
{'eval/num_episodes': 200, 'eval/mean_score': np.float64(1.0), 'eval/std_score': np.float64(0.0), 'eval/mean_episode_length': np.float64(1.0)}
{'training/total_steps': 36000, 'training/updates': 18, 'training/walltime': np.float64(3.799), 'training/update_time': np.float64(0.126), 'training/policy_pc_loss': 0.0005339137278497219, 'training/value_pc_loss': 0.052257366478443146, 'training/mean_value': 1.3229409456253052, 'training/mean_reward': 0.999700129032135, 'training/mean_advantage_abs': 0.32324114441871643}
{'eval/num_episodes': 200, 'eval/mean_score': np.float64(1.0), 'eval/std_score': np.float64(0.0), 'eval/mean_episode_length': np.float64(1.0)}
{'training/total_steps': 38000, 'training/updates': 19, 'training/walltime': np.float64(3.992), 'training/update_time': np.float64(0.192), 'training/policy_pc_loss': 0.0008098954567685723, 'training/value_pc_loss': 0.036277323961257935, 'training/mean_value': 1.2686488628387451, 'training/mean_reward': 0.9994000792503357, 'training/mean_advantage_abs': 0.2692491114139557}
{'eval/num_episodes': 200, 'eval/mean_score': np.float64(1.0), 'eval/std_score': np.float64(0.0), 'eval/mean_episode_length': np.float64(1.0)}
{'training/total_steps': 40000, 'training/updates': 20, 'training/walltime': np.float64(4.143), 'training/update_time': np.float64(0.15), 'training/policy_pc_loss': 0.0004311417287681252, 'training/value_pc_loss': 0.02226448990404606, 'training/mean_value': 1.210463047027588, 'training/mean_reward': 0.9995501041412354, 'training/mean_advantage_abs': 0.21091261506080627}
{'eval/num_episodes': 200, 'eval/mean_score': np.float64(0.9985), 'eval/std_score': np.float64(0.0122), 'eval/mean_episode_length': np.float64(1.0)}
{'training/total_steps': 42000, 'training/updates': 21, 'training/walltime': np.float64(4.284), 'training/update_time': np.float64(0.14), 'training/policy_pc_loss': 0.0003431109362281859, 'training/value_pc_loss': 0.011435583233833313, 'training/mean_value': 1.1505012512207031, 'training/mean_reward': 0.999450147151947, 'training/mean_advantage_abs': 0.15105125308036804}
{'eval/num_episodes': 200, 'eval/mean_score': np.float64(1.0), 'eval/std_score': np.float64(0.0), 'eval/mean_episode_length': np.float64(1.0)}
{'training/total_steps': 44000, 'training/updates': 22, 'training/walltime': np.float64(4.411), 'training/update_time': np.float64(0.126), 'training/policy_pc_loss': 0.00014538259711116552, 'training/value_pc_loss': 0.004210666287690401, 'training/mean_value': 1.0911504030227661, 'training/mean_reward': 0.9996000528335571, 'training/mean_advantage_abs': 0.09155052900314331}
{'eval/num_episodes': 200, 'eval/mean_score': np.float64(1.0), 'eval/std_score': np.float64(0.0), 'eval/mean_episode_length': np.float64(1.0)}
{'training/total_steps': 46000, 'training/updates': 23, 'training/walltime': np.float64(4.544), 'training/update_time': np.float64(0.132), 'training/policy_pc_loss': 2.70043146883836e-05, 'training/value_pc_loss': 0.0006075936835259199, 'training/mean_value': 1.034494400024414, 'training/mean_reward': 0.9998500347137451, 'training/mean_advantage_abs': 0.03464404493570328}
{'eval/num_episodes': 200, 'eval/mean_score': np.float64(1.0), 'eval/std_score': np.float64(0.0), 'eval/mean_episode_length': np.float64(1.0)}
{'training/total_steps': 48000, 'training/updates': 24, 'training/walltime': np.float64(4.777), 'training/update_time': np.float64(0.232), 'training/policy_pc_loss': 1.685491224634461e-05, 'training/value_pc_loss': 0.00016493875591550022, 'training/mean_value': 0.9822882413864136, 'training/mean_reward': 0.999750018119812, 'training/mean_advantage_abs': 0.017873970791697502}
{'eval/num_episodes': 200, 'eval/mean_score': np.float64(1.0), 'eval/std_score': np.float64(0.0), 'eval/mean_episode_length': np.float64(1.0)}
{'training/total_steps': 50000, 'training/updates': 25, 'training/walltime': np.float64(4.908), 'training/update_time': np.float64(0.13), 'training/policy_pc_loss': 2.5871438538160874e-06, 'training/value_pc_loss': 0.0020497830118983984, 'training/mean_value': 0.9359283447265625, 'training/mean_reward': 0.9998000860214233, 'training/mean_advantage_abs': 0.06401549279689789}
{'eval/num_episodes': 200, 'eval/mean_score': np.float64(1.0), 'eval/std_score': np.float64(0.0), 'eval/mean_episode_length': np.float64(1.0)}
{'training/total_steps': 52000, 'training/updates': 26, 'training/walltime': np.float64(5.045), 'training/update_time': np.float64(0.136), 'training/policy_pc_loss': 6.25138198984132e-08, 'training/value_pc_loss': 0.005346083547919989, 'training/mean_value': 0.896467387676239, 'training/mean_reward': 0.999750018119812, 'training/mean_advantage_abs': 0.10328231006860733}
{'eval/num_episodes': 200, 'eval/mean_score': np.float64(1.0), 'eval/std_score': np.float64(0.0), 'eval/mean_episode_length': np.float64(1.0)}
{'training/total_steps': 54000, 'training/updates': 27, 'training/walltime': np.float64(5.181), 'training/update_time': np.float64(0.135), 'training/policy_pc_loss': 5.037571554566966e-06, 'training/value_pc_loss': 0.00913148932158947, 'training/mean_value': 0.8646068572998047, 'training/mean_reward': 0.9996001124382019, 'training/mean_advantage_abs': 0.13499313592910767}
{'eval/num_episodes': 200, 'eval/mean_score': np.float64(0.9995), 'eval/std_score': np.float64(0.0071), 'eval/mean_episode_length': np.float64(1.0)}
{'training/total_steps': 56000, 'training/updates': 28, 'training/walltime': np.float64(5.307), 'training/update_time': np.float64(0.126), 'training/policy_pc_loss': 3.5519228731573094e-06, 'training/value_pc_loss': 0.0126753319054842, 'training/mean_value': 0.8407121300697327, 'training/mean_reward': 0.9999000430107117, 'training/mean_advantage_abs': 0.15918748080730438}
{'eval/num_episodes': 200, 'eval/mean_score': np.float64(1.0), 'eval/std_score': np.float64(0.0), 'eval/mean_episode_length': np.float64(1.0)}
{'training/total_steps': 58000, 'training/updates': 29, 'training/walltime': np.float64(5.44), 'training/update_time': np.float64(0.132), 'training/policy_pc_loss': 4.4798301956916475e-08, 'training/value_pc_loss': 0.015336365438997746, 'training/mean_value': 0.8248635530471802, 'training/mean_reward': 1.0, 'training/mean_advantage_abs': 0.17513641715049744}
{'eval/num_episodes': 200, 'eval/mean_score': np.float64(0.9995), 'eval/std_score': np.float64(0.0071), 'eval/mean_episode_length': np.float64(1.0)}
{'training/total_steps': 60000, 'training/updates': 30, 'training/walltime': np.float64(5.567), 'training/update_time': np.float64(0.126), 'training/policy_pc_loss': 1.3833947377861477e-05, 'training/value_pc_loss': 0.016743678599596024, 'training/mean_value': 0.8168588280677795, 'training/mean_reward': 0.9998000860214233, 'training/mean_advantage_abs': 0.18294093012809753}
{'eval/num_episodes': 200, 'eval/mean_score': np.float64(1.0), 'eval/std_score': np.float64(0.0), 'eval/mean_episode_length': np.float64(1.0)}
TRAINING END: training duration: 5.567400217056274
44
