|param: value|
|experiment_name:  cleanba_ppo|
|seed:  15|
|platform:  cpu|
|write_logs_to_file:  False|
|save_model:  False|
|env_name:  bandit|
|num_envs:  8|
|num_train_levels:  200|
|distribution_mode:  easy|
|arm_means:  (1.0, 0.9)|
|deterministic_rewards:  True|
|eval_env:  True|
|num_eval_episodes:  200|
|eval_every:  1|
|deterministic_eval:  False|
|total_timesteps:  60000|
|learning_rate:  0.00025|
|adam_eps:  1e-05|
|unroll_length:  250|
|anneal_lr:  False|
|gamma:  0.99|
|gae_lambda:  0.95|
|num_minibatches:  4|
|update_epochs:  4|
|normalize_advantages:  True|
|clip_eps:  0.1|
|clip_vloss:  True|
|entropy_cost:  0.0|
|vf_cost:  0.5|
|max_grad_norm:  0.5|
|use_cnn:  False|
|policy_hidden_layer_sizes:  ()|
|value_hidden_layer_sizes:  ()|
|activation:  <jax._src.custom_derivatives.custom_jvp object at 0x10a57fc10>|
|policy_init_logit_bias:  [0.0, 4.0]|
{'training/total_steps': 2000, 'training/updates': 1, 'training/sps': np.float64(2146.365), 'training/walltime': np.float64(0.932), 'training/rollout_time': np.float64(0.441), 'training/update_time': np.float64(0.491), 'training/approx_kl': 1.5914524738036562e-06, 'training/entropy': 0.09104952216148376, 'training/policy_loss': -0.0018014265224337578, 'training/total_loss': 0.8566545248031616, 'training/value_loss': 1.7169119119644165}
{'eval/num_episodes': 200, 'eval/num_steps': 200, 'eval/mean_score': np.float64(0.901), 'eval/std_score': np.float64(0.012), 'eval/mean_episode_length': np.float64(1.0), 'eval/std_episode_length': np.float64(0.0), 'eval/eval_time': 0.07473516464233398}
{'training/total_steps': 4000, 'training/updates': 2, 'training/sps': np.float64(13566.95), 'training/walltime': np.float64(1.154), 'training/rollout_time': np.float64(0.136), 'training/update_time': np.float64(0.011), 'training/approx_kl': 1.8798467635861016e-06, 'training/entropy': 0.09220881760120392, 'training/policy_loss': -0.0019191937753930688, 'training/total_loss': 0.8493829369544983, 'training/value_loss': 1.7026042938232422}
{'eval/num_episodes': 200, 'eval/num_steps': 200, 'eval/mean_score': np.float64(0.902), 'eval/std_score': np.float64(0.014), 'eval/mean_episode_length': np.float64(1.0), 'eval/std_episode_length': np.float64(0.0), 'eval/eval_time': 0.07522821426391602}
{'training/total_steps': 6000, 'training/updates': 3, 'training/sps': np.float64(13363.827), 'training/walltime': np.float64(1.379), 'training/rollout_time': np.float64(0.138), 'training/update_time': np.float64(0.012), 'training/approx_kl': 2.0436170871107606e-06, 'training/entropy': 0.0933934897184372, 'training/policy_loss': -0.001986245159059763, 'training/total_loss': 0.8420544862747192, 'training/value_loss': 1.6880815029144287}
{'eval/num_episodes': 200, 'eval/num_steps': 200, 'eval/mean_score': np.float64(0.902), 'eval/std_score': np.float64(0.014), 'eval/mean_episode_length': np.float64(1.0), 'eval/std_episode_length': np.float64(0.0), 'eval/eval_time': 0.08162784576416016}
{'training/total_steps': 8000, 'training/updates': 4, 'training/sps': np.float64(9321.183), 'training/walltime': np.float64(1.676), 'training/rollout_time': np.float64(0.201), 'training/update_time': np.float64(0.014), 'training/approx_kl': 2.2924868972040713e-06, 'training/entropy': 0.09460900723934174, 'training/policy_loss': -0.0021464612800627947, 'training/total_loss': 0.8347163796424866, 'training/value_loss': 1.6737256050109863}
{'eval/num_episodes': 200, 'eval/num_steps': 200, 'eval/mean_score': np.float64(0.902), 'eval/std_score': np.float64(0.016), 'eval/mean_episode_length': np.float64(1.0), 'eval/std_episode_length': np.float64(0.0), 'eval/eval_time': 0.07524776458740234}
{'training/total_steps': 10000, 'training/updates': 5, 'training/sps': np.float64(12694.24), 'training/walltime': np.float64(1.909), 'training/rollout_time': np.float64(0.149), 'training/update_time': np.float64(0.009), 'training/approx_kl': 1.6706084124962217e-06, 'training/entropy': 0.09580012410879135, 'training/policy_loss': -0.001719148363918066, 'training/total_loss': 0.8273786902427673, 'training/value_loss': 1.6581956148147583}
{'eval/num_episodes': 200, 'eval/num_steps': 200, 'eval/mean_score': np.float64(0.901), 'eval/std_score': np.float64(0.012), 'eval/mean_episode_length': np.float64(1.0), 'eval/std_episode_length': np.float64(0.0), 'eval/eval_time': 0.07624578475952148}
{'training/total_steps': 12000, 'training/updates': 6, 'training/sps': np.float64(11873.17), 'training/walltime': np.float64(2.154), 'training/rollout_time': np.float64(0.15), 'training/update_time': np.float64(0.018), 'training/approx_kl': 1.2913160389871337e-06, 'training/entropy': 0.09693021327257156, 'training/policy_loss': -0.0015505467308685184, 'training/total_loss': 0.8200774192810059, 'training/value_loss': 1.6432559490203857}
{'eval/num_episodes': 200, 'eval/num_steps': 200, 'eval/mean_score': np.float64(0.903), 'eval/std_score': np.float64(0.018), 'eval/mean_episode_length': np.float64(1.0), 'eval/std_episode_length': np.float64(0.0), 'eval/eval_time': 0.08362412452697754}
{'training/total_steps': 14000, 'training/updates': 7, 'training/sps': np.float64(13089.938), 'training/walltime': np.float64(2.391), 'training/rollout_time': np.float64(0.144), 'training/update_time': np.float64(0.009), 'training/approx_kl': 1.1799206731666345e-06, 'training/entropy': 0.09804017841815948, 'training/policy_loss': -0.0014082263223826885, 'training/total_loss': 0.8128217458724976, 'training/value_loss': 1.6284599304199219}
{'eval/num_episodes': 200, 'eval/num_steps': 200, 'eval/mean_score': np.float64(0.901), 'eval/std_score': np.float64(0.012), 'eval/mean_episode_length': np.float64(1.0), 'eval/std_episode_length': np.float64(0.0), 'eval/eval_time': 0.0821833610534668}
{'training/total_steps': 16000, 'training/updates': 8, 'training/sps': np.float64(12589.081), 'training/walltime': np.float64(2.633), 'training/rollout_time': np.float64(0.15), 'training/update_time': np.float64(0.008), 'training/approx_kl': 1.8301979025636683e-06, 'training/entropy': 0.09922385215759277, 'training/policy_loss': -0.0019306773319840431, 'training/total_loss': 0.8057374358177185, 'training/value_loss': 1.6153361797332764}
{'eval/num_episodes': 200, 'eval/num_steps': 200, 'eval/mean_score': np.float64(0.902), 'eval/std_score': np.float64(0.014), 'eval/mean_episode_length': np.float64(1.0), 'eval/std_episode_length': np.float64(0.0), 'eval/eval_time': 0.0736539363861084}
{'training/total_steps': 18000, 'training/updates': 9, 'training/sps': np.float64(13230.659), 'training/walltime': np.float64(2.858), 'training/rollout_time': np.float64(0.141), 'training/update_time': np.float64(0.01), 'training/approx_kl': 1.710483843453403e-06, 'training/entropy': 0.10047772526741028, 'training/policy_loss': -0.0017763010691851377, 'training/total_loss': 0.7984509468078613, 'training/value_loss': 1.600454568862915}
{'eval/num_episodes': 200, 'eval/num_steps': 200, 'eval/mean_score': np.float64(0.9), 'eval/std_score': np.float64(0.007), 'eval/mean_episode_length': np.float64(1.0), 'eval/std_episode_length': np.float64(0.0), 'eval/eval_time': 0.07183408737182617}
{'training/total_steps': 20000, 'training/updates': 10, 'training/sps': np.float64(13468.99), 'training/walltime': np.float64(3.078), 'training/rollout_time': np.float64(0.139), 'training/update_time': np.float64(0.01), 'training/approx_kl': 2.372895323787816e-06, 'training/entropy': 0.10178148746490479, 'training/policy_loss': -0.002142098266631365, 'training/total_loss': 0.7913738489151001, 'training/value_loss': 1.5870318412780762}
{'eval/num_episodes': 200, 'eval/num_steps': 200, 'eval/mean_score': np.float64(0.902), 'eval/std_score': np.float64(0.016), 'eval/mean_episode_length': np.float64(1.0), 'eval/std_episode_length': np.float64(0.0), 'eval/eval_time': 0.08056306838989258}
{'training/total_steps': 22000, 'training/updates': 11, 'training/sps': np.float64(13394.149), 'training/walltime': np.float64(3.309), 'training/rollout_time': np.float64(0.141), 'training/update_time': np.float64(0.008), 'training/approx_kl': 2.281364004375064e-06, 'training/entropy': 0.10313807427883148, 'training/policy_loss': -0.002166078193113208, 'training/total_loss': 0.7841757535934448, 'training/value_loss': 1.572683572769165}
{'eval/num_episodes': 200, 'eval/num_steps': 200, 'eval/mean_score': np.float64(0.903), 'eval/std_score': np.float64(0.017), 'eval/mean_episode_length': np.float64(1.0), 'eval/std_episode_length': np.float64(0.0), 'eval/eval_time': 0.0721738338470459}
{'training/total_steps': 24000, 'training/updates': 12, 'training/sps': np.float64(13338.943), 'training/walltime': np.float64(3.531), 'training/rollout_time': np.float64(0.138), 'training/update_time': np.float64(0.012), 'training/approx_kl': 2.2087535853643203e-06, 'training/entropy': 0.10451303422451019, 'training/policy_loss': -0.0021215244196355343, 'training/total_loss': 0.7771695852279663, 'training/value_loss': 1.5585821866989136}
{'eval/num_episodes': 200, 'eval/num_steps': 200, 'eval/mean_score': np.float64(0.902), 'eval/std_score': np.float64(0.016), 'eval/mean_episode_length': np.float64(1.0), 'eval/std_episode_length': np.float64(0.0), 'eval/eval_time': 0.07320761680603027}
{'training/total_steps': 26000, 'training/updates': 13, 'training/sps': np.float64(12957.32), 'training/walltime': np.float64(3.759), 'training/rollout_time': np.float64(0.146), 'training/update_time': np.float64(0.008), 'training/approx_kl': 2.8854574338765815e-06, 'training/entropy': 0.10594528913497925, 'training/policy_loss': -0.002431110944598913, 'training/total_loss': 0.770260214805603, 'training/value_loss': 1.5453826189041138}
{'eval/num_episodes': 200, 'eval/num_steps': 200, 'eval/mean_score': np.float64(0.902), 'eval/std_score': np.float64(0.016), 'eval/mean_episode_length': np.float64(1.0), 'eval/std_episode_length': np.float64(0.0), 'eval/eval_time': 0.07388782501220703}
{'training/total_steps': 28000, 'training/updates': 14, 'training/sps': np.float64(13098.604), 'training/walltime': np.float64(3.986), 'training/rollout_time': np.float64(0.143), 'training/update_time': np.float64(0.01), 'training/approx_kl': 3.3445862754888367e-06, 'training/entropy': 0.10745161771774292, 'training/policy_loss': -0.0025800312869250774, 'training/total_loss': 0.7633334398269653, 'training/value_loss': 1.5318269729614258}
{'eval/num_episodes': 200, 'eval/num_steps': 200, 'eval/mean_score': np.float64(0.901), 'eval/std_score': np.float64(0.012), 'eval/mean_episode_length': np.float64(1.0), 'eval/std_episode_length': np.float64(0.0), 'eval/eval_time': 0.07412004470825195}
{'training/total_steps': 30000, 'training/updates': 15, 'training/sps': np.float64(13661.516), 'training/walltime': np.float64(4.207), 'training/rollout_time': np.float64(0.138), 'training/update_time': np.float64(0.008), 'training/approx_kl': 2.653551291587064e-06, 'training/entropy': 0.10895384848117828, 'training/policy_loss': -0.0022987923584878445, 'training/total_loss': 0.7562348246574402, 'training/value_loss': 1.517067313194275}
{'eval/num_episodes': 200, 'eval/num_steps': 200, 'eval/mean_score': np.float64(0.902), 'eval/std_score': np.float64(0.014), 'eval/mean_episode_length': np.float64(1.0), 'eval/std_episode_length': np.float64(0.0), 'eval/eval_time': 0.07595109939575195}
{'training/total_steps': 32000, 'training/updates': 16, 'training/sps': np.float64(13397.015), 'training/walltime': np.float64(4.432), 'training/rollout_time': np.float64(0.14), 'training/update_time': np.float64(0.009), 'training/approx_kl': 2.705142151171458e-06, 'training/entropy': 0.11043118685483932, 'training/policy_loss': -0.0023455070331692696, 'training/total_loss': 0.7494999170303345, 'training/value_loss': 1.5036908388137817}
{'eval/num_episodes': 200, 'eval/num_steps': 200, 'eval/mean_score': np.float64(0.901), 'eval/std_score': np.float64(0.012), 'eval/mean_episode_length': np.float64(1.0), 'eval/std_episode_length': np.float64(0.0), 'eval/eval_time': 0.07457304000854492}
{'training/total_steps': 34000, 'training/updates': 17, 'training/sps': np.float64(13398.363), 'training/walltime': np.float64(4.656), 'training/rollout_time': np.float64(0.141), 'training/update_time': np.float64(0.008), 'training/approx_kl': 2.428553216304863e-06, 'training/entropy': 0.1119084358215332, 'training/policy_loss': -0.0021214245352894068, 'training/total_loss': 0.7425270080566406, 'training/value_loss': 1.4892969131469727}
{'eval/num_episodes': 200, 'eval/num_steps': 200, 'eval/mean_score': np.float64(0.9), 'eval/std_score': np.float64(0.0), 'eval/mean_episode_length': np.float64(1.0), 'eval/std_episode_length': np.float64(0.0), 'eval/eval_time': 0.07361292839050293}
{'training/total_steps': 36000, 'training/updates': 18, 'training/sps': np.float64(13177.307), 'training/walltime': np.float64(4.882), 'training/rollout_time': np.float64(0.144), 'training/update_time': np.float64(0.008), 'training/approx_kl': 3.1759452667756705e-06, 'training/entropy': 0.11343152821063995, 'training/policy_loss': -0.0025100321508944035, 'training/total_loss': 0.7358681559562683, 'training/value_loss': 1.4767564535140991}
{'eval/num_episodes': 200, 'eval/num_steps': 200, 'eval/mean_score': np.float64(0.902), 'eval/std_score': np.float64(0.016), 'eval/mean_episode_length': np.float64(1.0), 'eval/std_episode_length': np.float64(0.0), 'eval/eval_time': 0.07698488235473633}
{'training/total_steps': 38000, 'training/updates': 19, 'training/sps': np.float64(13311.236), 'training/walltime': np.float64(5.109), 'training/rollout_time': np.float64(0.139), 'training/update_time': np.float64(0.011), 'training/approx_kl': 2.930080654550693e-06, 'training/entropy': 0.11500108242034912, 'training/policy_loss': -0.0023716881405562162, 'training/total_loss': 0.7288927435874939, 'training/value_loss': 1.4625288248062134}
{'eval/num_episodes': 200, 'eval/num_steps': 200, 'eval/mean_score': np.float64(0.9), 'eval/std_score': np.float64(0.007), 'eval/mean_episode_length': np.float64(1.0), 'eval/std_episode_length': np.float64(0.0), 'eval/eval_time': 0.07393503189086914}
{'training/total_steps': 40000, 'training/updates': 20, 'training/sps': np.float64(13261.636), 'training/walltime': np.float64(5.335), 'training/rollout_time': np.float64(0.14), 'training/update_time': np.float64(0.011), 'training/approx_kl': 3.5414054764260072e-06, 'training/entropy': 0.11661097407341003, 'training/policy_loss': -0.002617152174934745, 'training/total_loss': 0.7223196029663086, 'training/value_loss': 1.449873447418213}
{'eval/num_episodes': 200, 'eval/num_steps': 200, 'eval/mean_score': np.float64(0.904), 'eval/std_score': np.float64(0.021), 'eval/mean_episode_length': np.float64(1.0), 'eval/std_episode_length': np.float64(0.0), 'eval/eval_time': 0.07828998565673828}
{'training/total_steps': 42000, 'training/updates': 21, 'training/sps': np.float64(14095.421), 'training/walltime': np.float64(5.555), 'training/rollout_time': np.float64(0.134), 'training/update_time': np.float64(0.008), 'training/approx_kl': 3.1103465971682454e-06, 'training/entropy': 0.11823885142803192, 'training/policy_loss': -0.0024643668439239264, 'training/total_loss': 0.7153881788253784, 'training/value_loss': 1.4357051849365234}
{'eval/num_episodes': 200, 'eval/num_steps': 200, 'eval/mean_score': np.float64(0.902), 'eval/std_score': np.float64(0.016), 'eval/mean_episode_length': np.float64(1.0), 'eval/std_episode_length': np.float64(0.0), 'eval/eval_time': 0.0751650333404541}
{'training/total_steps': 44000, 'training/updates': 22, 'training/sps': np.float64(13489.891), 'training/walltime': np.float64(5.779), 'training/rollout_time': np.float64(0.14), 'training/update_time': np.float64(0.008), 'training/approx_kl': 2.566996954556089e-06, 'training/entropy': 0.11982645094394684, 'training/policy_loss': -0.002307640854269266, 'training/total_loss': 0.7086520195007324, 'training/value_loss': 1.4219192266464233}
{'eval/num_episodes': 200, 'eval/num_steps': 200, 'eval/mean_score': np.float64(0.903), 'eval/std_score': np.float64(0.017), 'eval/mean_episode_length': np.float64(1.0), 'eval/std_episode_length': np.float64(0.0), 'eval/eval_time': 0.07866024971008301}
{'training/total_steps': 46000, 'training/updates': 23, 'training/sps': np.float64(12149.497), 'training/walltime': np.float64(6.022), 'training/rollout_time': np.float64(0.151), 'training/update_time': np.float64(0.014), 'training/approx_kl': 3.0406324640352977e-06, 'training/entropy': 0.12142865359783173, 'training/policy_loss': -0.0023636743426322937, 'training/total_loss': 0.7021657228469849, 'training/value_loss': 1.409058690071106}
{'eval/num_episodes': 200, 'eval/num_steps': 200, 'eval/mean_score': np.float64(0.903), 'eval/std_score': np.float64(0.018), 'eval/mean_episode_length': np.float64(1.0), 'eval/std_episode_length': np.float64(0.0), 'eval/eval_time': 0.1077108383178711}
{'training/total_steps': 48000, 'training/updates': 24, 'training/sps': np.float64(9969.893), 'training/walltime': np.float64(6.331), 'training/rollout_time': np.float64(0.193), 'training/update_time': np.float64(0.008), 'training/approx_kl': 2.115356892318232e-06, 'training/entropy': 0.12299381196498871, 'training/policy_loss': -0.002044054912403226, 'training/total_loss': 0.6952114105224609, 'training/value_loss': 1.3945109844207764}
{'eval/num_episodes': 200, 'eval/num_steps': 200, 'eval/mean_score': np.float64(0.903), 'eval/std_score': np.float64(0.017), 'eval/mean_episode_length': np.float64(1.0), 'eval/std_episode_length': np.float64(0.0), 'eval/eval_time': 0.0750279426574707}
{'training/total_steps': 50000, 'training/updates': 25, 'training/sps': np.float64(13489.631), 'training/walltime': np.float64(6.555), 'training/rollout_time': np.float64(0.14), 'training/update_time': np.float64(0.008), 'training/approx_kl': 2.2650399387202924e-06, 'training/entropy': 0.12453135848045349, 'training/policy_loss': -0.0021539265289902687, 'training/total_loss': 0.6887505650520325, 'training/value_loss': 1.3818089962005615}
{'eval/num_episodes': 200, 'eval/num_steps': 200, 'eval/mean_score': np.float64(0.901), 'eval/std_score': np.float64(0.01), 'eval/mean_episode_length': np.float64(1.0), 'eval/std_episode_length': np.float64(0.0), 'eval/eval_time': 0.07734417915344238}
{'training/total_steps': 52000, 'training/updates': 26, 'training/sps': np.float64(13481.74), 'training/walltime': np.float64(6.781), 'training/rollout_time': np.float64(0.14), 'training/update_time': np.float64(0.008), 'training/approx_kl': 2.5614781407057308e-06, 'training/entropy': 0.12614805996418, 'training/policy_loss': -0.0021925531327724457, 'training/total_loss': 0.6821926832199097, 'training/value_loss': 1.3687704801559448}
{'eval/num_episodes': 200, 'eval/num_steps': 200, 'eval/mean_score': np.float64(0.901), 'eval/std_score': np.float64(0.01), 'eval/mean_episode_length': np.float64(1.0), 'eval/std_episode_length': np.float64(0.0), 'eval/eval_time': 0.07453227043151855}
{'training/total_steps': 54000, 'training/updates': 27, 'training/sps': np.float64(13573.404), 'training/walltime': np.float64(7.003), 'training/rollout_time': np.float64(0.139), 'training/update_time': np.float64(0.008), 'training/approx_kl': 2.516192580515053e-06, 'training/entropy': 0.12779545783996582, 'training/policy_loss': -0.0022515556775033474, 'training/total_loss': 0.6755651235580444, 'training/value_loss': 1.3556333780288696}
{'eval/num_episodes': 200, 'eval/num_steps': 200, 'eval/mean_score': np.float64(0.904), 'eval/std_score': np.float64(0.021), 'eval/mean_episode_length': np.float64(1.0), 'eval/std_episode_length': np.float64(0.0), 'eval/eval_time': 0.07561993598937988}
{'training/total_steps': 56000, 'training/updates': 28, 'training/sps': np.float64(13426.348), 'training/walltime': np.float64(7.228), 'training/rollout_time': np.float64(0.141), 'training/update_time': np.float64(0.008), 'training/approx_kl': 3.1683448469266295e-06, 'training/entropy': 0.12950746715068817, 'training/policy_loss': -0.0024860049597918987, 'training/total_loss': 0.6691029071807861, 'training/value_loss': 1.3431777954101562}
{'eval/num_episodes': 200, 'eval/num_steps': 200, 'eval/mean_score': np.float64(0.903), 'eval/std_score': np.float64(0.017), 'eval/mean_episode_length': np.float64(1.0), 'eval/std_episode_length': np.float64(0.0), 'eval/eval_time': 0.07480597496032715}
{'training/total_steps': 58000, 'training/updates': 29, 'training/sps': np.float64(13038.564), 'training/walltime': np.float64(7.456), 'training/rollout_time': np.float64(0.145), 'training/update_time': np.float64(0.008), 'training/approx_kl': 2.525581294321455e-06, 'training/entropy': 0.13122791051864624, 'training/policy_loss': -0.0022223684936761856, 'training/total_loss': 0.6624929904937744, 'training/value_loss': 1.3294305801391602}
{'eval/num_episodes': 200, 'eval/num_steps': 200, 'eval/mean_score': np.float64(0.903), 'eval/std_score': np.float64(0.017), 'eval/mean_episode_length': np.float64(1.0), 'eval/std_episode_length': np.float64(0.0), 'eval/eval_time': 0.07984495162963867}
{'training/total_steps': 60000, 'training/updates': 30, 'training/sps': np.float64(13413.66), 'training/walltime': np.float64(7.686), 'training/rollout_time': np.float64(0.141), 'training/update_time': np.float64(0.008), 'training/approx_kl': 3.146489234495675e-06, 'training/entropy': 0.1329859495162964, 'training/policy_loss': -0.002542620524764061, 'training/total_loss': 0.656132698059082, 'training/value_loss': 1.3173507452011108}
{'eval/num_episodes': 200, 'eval/num_steps': 200, 'eval/mean_score': np.float64(0.903), 'eval/std_score': np.float64(0.018), 'eval/mean_episode_length': np.float64(1.0), 'eval/std_episode_length': np.float64(0.0), 'eval/eval_time': 0.07610917091369629}
TRAINING END: training duration: 7.7623772621154785
{'final_eval/num_episodes': 200, 'final_eval/num_steps': 200, 'final_eval/mean_score': np.float64(0.8999999761581421), 'final_eval/std_score': np.float64(0.0), 'final_eval/mean_episode_length': np.float64(1.0), 'final_eval/std_episode_length': np.float64(0.0)}
64(0.0)}
