|param: value|
|experiment_name:  trpo_procgen|
|seed:  15|
|platform:  cpu|
|write_logs_to_file:  False|
|save_model:  False|
|env_name:  bandit|
|num_envs:  8|
|num_train_levels:  200|
|distribution_mode:  easy|
|arm_means:  (1.0, 0.9)|
|deterministic_rewards:  True|
|eval_env:  True|
|num_eval_episodes:  200|
|eval_every:  1|
|deterministic_eval:  False|
|normalize_observations:  True|
|total_timesteps:  60000|
|learning_rate:  0.01|
|unroll_length:  250|
|anneal_lr:  False|
|gamma:  0.99|
|gae_lambda:  0.95|
|batch_size:  1|
|num_minibatches:  8|
|update_epochs:  10|
|normalize_advantages:  True|
|target_kl:  0.01|
|cg_damping:  0.1|
|cg_max_iterations:  10|
|line_search_max_iter:  10|
|line_search_shrinking_factor:  0.8|
|vf_cost:  1.0|
|max_grad_norm:  0.5|
|reward_scaling:  1.0|
|use_cnn:  False|
|policy_hidden_layer_sizes:  ()|
|value_hidden_layer_sizes:  ()|
|activation:  <jax._src.custom_derivatives.custom_jvp object at 0x10a57fc10>|
|policy_init_logit_bias:  [0.0, 4.0]|
|entropy_cost:  0.0|
{'training/total_steps': 2000, 'training/updates': 1, 'training/sps': np.float64(1403.094), 'training/walltime': np.float64(1.425), 'training/rollout_time': np.float64(0.12), 'training/update_time': np.float64(1.306), 'training/iterations': 1.0, 'training/kl_div': 0.008209984749555588, 'training/line_search_success': 1.0, 'training/new_policy_objective': 1.238006830215454, 'training/policy_objective': 0.9126112461090088, 'training/value_loss': 0.8120662569999695}
{'eval/num_episodes': 200, 'eval/num_steps': 200, 'eval/mean_score': np.float64(0.933), 'eval/std_score': np.float64(0.047), 'eval/mean_episode_length': np.float64(1.0), 'eval/std_episode_length': np.float64(0.0), 'eval/eval_time': 0.07439899444580078}
{'training/total_steps': 4000, 'training/updates': 2, 'training/sps': np.float64(18892.41), 'training/walltime': np.float64(1.625), 'training/rollout_time': np.float64(0.102), 'training/update_time': np.float64(0.004), 'training/iterations': 1.0, 'training/kl_div': 0.008749895729124546, 'training/line_search_success': 1.0, 'training/new_policy_objective': 0.5942846536636353, 'training/policy_objective': 0.469664990901947, 'training/value_loss': 0.009648319333791733}
{'eval/num_episodes': 200, 'eval/num_steps': 200, 'eval/mean_score': np.float64(0.986), 'eval/std_score': np.float64(0.034), 'eval/mean_episode_length': np.float64(1.0), 'eval/std_episode_length': np.float64(0.0), 'eval/eval_time': 0.0791940689086914}
{'training/total_steps': 6000, 'training/updates': 3, 'training/sps': np.float64(18511.524), 'training/walltime': np.float64(1.812), 'training/rollout_time': np.float64(0.105), 'training/update_time': np.float64(0.004), 'training/iterations': 1.0, 'training/kl_div': 0.004530308302491903, 'training/line_search_success': 1.0, 'training/new_policy_objective': 0.3123641014099121, 'training/policy_objective': 0.2605724632740021, 'training/value_loss': 0.0008168588392436504}
{'eval/num_episodes': 200, 'eval/num_steps': 200, 'eval/mean_score': np.float64(1.0), 'eval/std_score': np.float64(0.0), 'eval/mean_episode_length': np.float64(1.0), 'eval/std_episode_length': np.float64(0.0), 'eval/eval_time': 0.07470393180847168}
{'training/total_steps': 8000, 'training/updates': 4, 'training/sps': np.float64(19235.206), 'training/walltime': np.float64(1.991), 'training/rollout_time': np.float64(0.1), 'training/update_time': np.float64(0.003), 'training/iterations': 1.0, 'training/kl_div': nan, 'training/line_search_success': 0.25, 'training/new_policy_objective': nan, 'training/policy_objective': 0.004588257055729628, 'training/value_loss': 1.9868222807417624e-05}
{'eval/num_episodes': 200, 'eval/num_steps': 200, 'eval/mean_score': np.float64(1.0), 'eval/std_score': np.float64(0.0), 'eval/mean_episode_length': np.float64(1.0), 'eval/std_episode_length': np.float64(0.0), 'eval/eval_time': 0.08146381378173828}
{'training/total_steps': 10000, 'training/updates': 5, 'training/sps': np.float64(16111.242), 'training/walltime': np.float64(2.198), 'training/rollout_time': np.float64(0.121), 'training/update_time': np.float64(0.003), 'training/iterations': 1.0, 'training/kl_div': 0.003241834696382284, 'training/line_search_success': 1.0, 'training/new_policy_objective': -0.0028237123042345047, 'training/policy_objective': -0.0028576822951436043, 'training/value_loss': 3.736722486991084e-09}
{'eval/num_episodes': 200, 'eval/num_steps': 200, 'eval/mean_score': np.float64(0.989), 'eval/std_score': np.float64(0.031), 'eval/mean_episode_length': np.float64(1.0), 'eval/std_episode_length': np.float64(0.0), 'eval/eval_time': 0.07583403587341309}
{'training/total_steps': 12000, 'training/updates': 6, 'training/sps': np.float64(18673.262), 'training/walltime': np.float64(2.381), 'training/rollout_time': np.float64(0.104), 'training/update_time': np.float64(0.003), 'training/iterations': 1.0, 'training/kl_div': 0.0033989478833973408, 'training/line_search_success': 1.0, 'training/new_policy_objective': 0.2566628158092499, 'training/policy_objective': 0.21802598237991333, 'training/value_loss': 0.0004202571290079504}
{'eval/num_episodes': 200, 'eval/num_steps': 200, 'eval/mean_score': np.float64(1.0), 'eval/std_score': np.float64(0.0), 'eval/mean_episode_length': np.float64(1.0), 'eval/std_episode_length': np.float64(0.0), 'eval/eval_time': 0.07761812210083008}
{'training/total_steps': 14000, 'training/updates': 7, 'training/sps': np.float64(18927.621), 'training/walltime': np.float64(2.565), 'training/rollout_time': np.float64(0.102), 'training/update_time': np.float64(0.003), 'training/iterations': 1.0, 'training/kl_div': 0.0020180880092084408, 'training/line_search_success': 1.0, 'training/new_policy_objective': -0.06882394850254059, 'training/policy_objective': -0.07401048392057419, 'training/value_loss': 6.885009042889578e-06}
{'eval/num_episodes': 200, 'eval/num_steps': 200, 'eval/mean_score': np.float64(0.994), 'eval/std_score': np.float64(0.023), 'eval/mean_episode_length': np.float64(1.0), 'eval/std_episode_length': np.float64(0.0), 'eval/eval_time': 0.0770268440246582}
{'training/total_steps': 16000, 'training/updates': 8, 'training/sps': np.float64(18707.492), 'training/walltime': np.float64(2.749), 'training/rollout_time': np.float64(0.104), 'training/update_time': np.float64(0.003), 'training/iterations': 1.0, 'training/kl_div': 0.002191197359934449, 'training/line_search_success': 1.0, 'training/new_policy_objective': 0.16960740089416504, 'training/policy_objective': 0.13932858407497406, 'training/value_loss': 0.00020667840726673603}
{'eval/num_episodes': 200, 'eval/num_steps': 200, 'eval/mean_score': np.float64(1.0), 'eval/std_score': np.float64(0.0), 'eval/mean_episode_length': np.float64(1.0), 'eval/std_episode_length': np.float64(0.0), 'eval/eval_time': 0.07439112663269043}
{'training/total_steps': 18000, 'training/updates': 9, 'training/sps': np.float64(12634.968), 'training/walltime': np.float64(2.982), 'training/rollout_time': np.float64(0.145), 'training/update_time': np.float64(0.013), 'training/iterations': 1.0, 'training/kl_div': nan, 'training/line_search_success': 0.0, 'training/new_policy_objective': nan, 'training/policy_objective': 0.0, 'training/value_loss': 9.009772838908248e-07}
{'eval/num_episodes': 200, 'eval/num_steps': 200, 'eval/mean_score': np.float64(1.0), 'eval/std_score': np.float64(0.0), 'eval/mean_episode_length': np.float64(1.0), 'eval/std_episode_length': np.float64(0.0), 'eval/eval_time': 0.14705204963684082}
{'training/total_steps': 20000, 'training/updates': 10, 'training/sps': np.float64(19105.487), 'training/walltime': np.float64(3.234), 'training/rollout_time': np.float64(0.101), 'training/update_time': np.float64(0.003), 'training/iterations': 1.0, 'training/kl_div': nan, 'training/line_search_success': 0.0, 'training/new_policy_objective': nan, 'training/policy_objective': 0.0, 'training/value_loss': 1.261039744848702e-10}
{'eval/num_episodes': 200, 'eval/num_steps': 200, 'eval/mean_score': np.float64(1.0), 'eval/std_score': np.float64(0.0), 'eval/mean_episode_length': np.float64(1.0), 'eval/std_episode_length': np.float64(0.0), 'eval/eval_time': 0.07555103302001953}
{'training/total_steps': 22000, 'training/updates': 11, 'training/sps': np.float64(19024.807), 'training/walltime': np.float64(3.416), 'training/rollout_time': np.float64(0.102), 'training/update_time': np.float64(0.004), 'training/iterations': 1.0, 'training/kl_div': nan, 'training/line_search_success': 0.0, 'training/new_policy_objective': nan, 'training/policy_objective': 0.0, 'training/value_loss': 4.465317140567651e-14}
{'eval/num_episodes': 200, 'eval/num_steps': 200, 'eval/mean_score': np.float64(1.0), 'eval/std_score': np.float64(0.0), 'eval/mean_episode_length': np.float64(1.0), 'eval/std_episode_length': np.float64(0.0), 'eval/eval_time': 0.09158706665039062}
{'training/total_steps': 24000, 'training/updates': 12, 'training/sps': np.float64(18609.715), 'training/walltime': np.float64(3.615), 'training/rollout_time': np.float64(0.104), 'training/update_time': np.float64(0.003), 'training/iterations': 1.0, 'training/kl_div': nan, 'training/line_search_success': 0.125, 'training/new_policy_objective': nan, 'training/policy_objective': 3.3378602104505717e-09, 'training/value_loss': 2.4993944407469826e-06}
{'eval/num_episodes': 200, 'eval/num_steps': 200, 'eval/mean_score': np.float64(1.0), 'eval/std_score': np.float64(0.0), 'eval/mean_episode_length': np.float64(1.0), 'eval/std_episode_length': np.float64(0.0), 'eval/eval_time': 0.07383394241333008}
{'training/total_steps': 26000, 'training/updates': 13, 'training/sps': np.float64(18134.355), 'training/walltime': np.float64(3.8), 'training/rollout_time': np.float64(0.107), 'training/update_time': np.float64(0.003), 'training/iterations': 1.0, 'training/kl_div': 0.001612137071788311, 'training/line_search_success': 1.0, 'training/new_policy_objective': -0.00036012829514220357, 'training/policy_objective': -0.0003619392809923738, 'training/value_loss': 4.997213753910046e-11}
{'eval/num_episodes': 200, 'eval/num_steps': 200, 'eval/mean_score': np.float64(0.997), 'eval/std_score': np.float64(0.017), 'eval/mean_episode_length': np.float64(1.0), 'eval/std_episode_length': np.float64(0.0), 'eval/eval_time': 0.07635307312011719}
{'training/total_steps': 28000, 'training/updates': 14, 'training/sps': np.float64(19006.874), 'training/walltime': np.float64(3.982), 'training/rollout_time': np.float64(0.102), 'training/update_time': np.float64(0.003), 'training/iterations': 1.0, 'training/kl_div': 0.0017960947006940842, 'training/line_search_success': 1.0, 'training/new_policy_objective': 0.1580648571252823, 'training/policy_objective': 0.12934157252311707, 'training/value_loss': 0.0001880636700661853}
{'eval/num_episodes': 200, 'eval/num_steps': 200, 'eval/mean_score': np.float64(1.0), 'eval/std_score': np.float64(0.0), 'eval/mean_episode_length': np.float64(1.0), 'eval/std_episode_length': np.float64(0.0), 'eval/eval_time': 0.07843708992004395}
{'training/total_steps': 30000, 'training/updates': 15, 'training/sps': np.float64(17071.564), 'training/walltime': np.float64(4.178), 'training/rollout_time': np.float64(0.114), 'training/update_time': np.float64(0.003), 'training/iterations': 1.0, 'training/kl_div': 0.002007216215133667, 'training/line_search_success': 1.0, 'training/new_policy_objective': -0.022455066442489624, 'training/policy_objective': -0.022601835429668427, 'training/value_loss': 6.312240543593362e-07}
{'eval/num_episodes': 200, 'eval/num_steps': 200, 'eval/mean_score': np.float64(0.994), 'eval/std_score': np.float64(0.023), 'eval/mean_episode_length': np.float64(1.0), 'eval/std_episode_length': np.float64(0.0), 'eval/eval_time': 0.07849717140197754}
{'training/total_steps': 32000, 'training/updates': 16, 'training/sps': np.float64(19423.874), 'training/walltime': np.float64(4.36), 'training/rollout_time': np.float64(0.1), 'training/update_time': np.float64(0.003), 'training/iterations': 1.0, 'training/kl_div': 0.0021924779284745455, 'training/line_search_success': 1.0, 'training/new_policy_objective': 0.1966627985239029, 'training/policy_objective': 0.16628625988960266, 'training/value_loss': 0.00025443671620450914}
{'eval/num_episodes': 200, 'eval/num_steps': 200, 'eval/mean_score': np.float64(1.0), 'eval/std_score': np.float64(0.0), 'eval/mean_episode_length': np.float64(1.0), 'eval/std_episode_length': np.float64(0.0), 'eval/eval_time': 0.07879209518432617}
{'training/total_steps': 34000, 'training/updates': 17, 'training/sps': np.float64(18423.18), 'training/walltime': np.float64(4.547), 'training/rollout_time': np.float64(0.105), 'training/update_time': np.float64(0.003), 'training/iterations': 1.0, 'training/kl_div': nan, 'training/line_search_success': 0.0, 'training/new_policy_objective': nan, 'training/policy_objective': 0.0, 'training/value_loss': 9.843291763900197e-07}
{'eval/num_episodes': 200, 'eval/num_steps': 200, 'eval/mean_score': np.float64(1.0), 'eval/std_score': np.float64(0.0), 'eval/mean_episode_length': np.float64(1.0), 'eval/std_episode_length': np.float64(0.0), 'eval/eval_time': 0.07238912582397461}
{'training/total_steps': 36000, 'training/updates': 18, 'training/sps': np.float64(19884.815), 'training/walltime': np.float64(4.721), 'training/rollout_time': np.float64(0.097), 'training/update_time': np.float64(0.003), 'training/iterations': 1.0, 'training/kl_div': 0.0025118037592619658, 'training/line_search_success': 1.0, 'training/new_policy_objective': -0.000357072422048077, 'training/policy_objective': -0.0003601554490160197, 'training/value_loss': 1.2634626678220684e-10}
{'eval/num_episodes': 200, 'eval/num_steps': 200, 'eval/mean_score': np.float64(0.995), 'eval/std_score': np.float64(0.021), 'eval/mean_episode_length': np.float64(1.0), 'eval/std_episode_length': np.float64(0.0), 'eval/eval_time': 0.07487702369689941}
{'training/total_steps': 38000, 'training/updates': 19, 'training/sps': np.float64(19506.168), 'training/walltime': np.float64(4.899), 'training/rollout_time': np.float64(0.099), 'training/update_time': np.float64(0.003), 'training/iterations': 1.0, 'training/kl_div': 0.0026904058177024126, 'training/line_search_success': 1.0, 'training/new_policy_objective': 0.2344851791858673, 'training/policy_objective': 0.20614929497241974, 'training/value_loss': 0.0003366060846019536}
{'eval/num_episodes': 200, 'eval/num_steps': 200, 'eval/mean_score': np.float64(1.0), 'eval/std_score': np.float64(0.0), 'eval/mean_episode_length': np.float64(1.0), 'eval/std_episode_length': np.float64(0.0), 'eval/eval_time': 0.07439160346984863}
{'training/total_steps': 40000, 'training/updates': 20, 'training/sps': np.float64(19267.104), 'training/walltime': np.float64(5.077), 'training/rollout_time': np.float64(0.101), 'training/update_time': np.float64(0.003), 'training/iterations': 1.0, 'training/kl_div': 0.0013541592052206397, 'training/line_search_success': 1.0, 'training/new_policy_objective': -0.03864651918411255, 'training/policy_objective': -0.0501067154109478, 'training/value_loss': 4.369020189187722e-06}
{'eval/num_episodes': 200, 'eval/num_steps': 200, 'eval/mean_score': np.float64(0.995), 'eval/std_score': np.float64(0.021), 'eval/mean_episode_length': np.float64(1.0), 'eval/std_episode_length': np.float64(0.0), 'eval/eval_time': 0.07243132591247559}
{'training/total_steps': 42000, 'training/updates': 21, 'training/sps': np.float64(19672.496), 'training/walltime': np.float64(5.252), 'training/rollout_time': np.float64(0.098), 'training/update_time': np.float64(0.003), 'training/iterations': 1.0, 'training/kl_div': 0.0015051696682348847, 'training/line_search_success': 1.0, 'training/new_policy_objective': 0.15118378400802612, 'training/policy_objective': 0.13052153587341309, 'training/value_loss': 0.00014593185915146023}
{'eval/num_episodes': 200, 'eval/num_steps': 200, 'eval/mean_score': np.float64(1.0), 'eval/std_score': np.float64(0.0), 'eval/mean_episode_length': np.float64(1.0), 'eval/std_episode_length': np.float64(0.0), 'eval/eval_time': 0.07486796379089355}
{'training/total_steps': 44000, 'training/updates': 22, 'training/sps': np.float64(18304.587), 'training/walltime': np.float64(5.436), 'training/rollout_time': np.float64(0.106), 'training/update_time': np.float64(0.003), 'training/iterations': 1.0, 'training/kl_div': 0.001637960784137249, 'training/line_search_success': 1.0, 'training/new_policy_objective': -0.022527266293764114, 'training/policy_objective': -0.02264269068837166, 'training/value_loss': 3.3929910614460823e-07}
{'eval/num_episodes': 200, 'eval/num_steps': 200, 'eval/mean_score': np.float64(0.994), 'eval/std_score': np.float64(0.023), 'eval/mean_episode_length': np.float64(1.0), 'eval/std_episode_length': np.float64(0.0), 'eval/eval_time': 0.081024169921875}
{'training/total_steps': 46000, 'training/updates': 23, 'training/sps': np.float64(18667.818), 'training/walltime': np.float64(5.625), 'training/rollout_time': np.float64(0.104), 'training/update_time': np.float64(0.003), 'training/iterations': 1.0, 'training/kl_div': 0.0018222243525087833, 'training/line_search_success': 1.0, 'training/new_policy_objective': 0.17518237233161926, 'training/policy_objective': 0.14946308732032776, 'training/value_loss': 0.00019970040011685342}
{'eval/num_episodes': 200, 'eval/num_steps': 200, 'eval/mean_score': np.float64(1.0), 'eval/std_score': np.float64(0.0), 'eval/mean_episode_length': np.float64(1.0), 'eval/std_episode_length': np.float64(0.0), 'eval/eval_time': 0.07868504524230957}
{'training/total_steps': 48000, 'training/updates': 24, 'training/sps': np.float64(18579.379), 'training/walltime': np.float64(5.812), 'training/rollout_time': np.float64(0.104), 'training/update_time': np.float64(0.003), 'training/iterations': 1.0, 'training/kl_div': nan, 'training/line_search_success': 0.0, 'training/new_policy_objective': nan, 'training/policy_objective': 0.0, 'training/value_loss': 7.664704639864794e-07}
{'eval/num_episodes': 200, 'eval/num_steps': 200, 'eval/mean_score': np.float64(1.0), 'eval/std_score': np.float64(0.0), 'eval/mean_episode_length': np.float64(1.0), 'eval/std_episode_length': np.float64(0.0), 'eval/eval_time': 0.07773518562316895}
{'training/total_steps': 50000, 'training/updates': 25, 'training/sps': np.float64(18274.521), 'training/walltime': np.float64(5.999), 'training/rollout_time': np.float64(0.106), 'training/update_time': np.float64(0.003), 'training/iterations': 1.0, 'training/kl_div': 5.299841177475173e-06, 'training/line_search_success': 1.0, 'training/new_policy_objective': 0.00036369304871186614, 'training/policy_objective': 0.0003636893234215677, 'training/value_loss': 1.1544183664558005e-10}
{'eval/num_episodes': 200, 'eval/num_steps': 200, 'eval/mean_score': np.float64(1.0), 'eval/std_score': np.float64(0.0), 'eval/mean_episode_length': np.float64(1.0), 'eval/std_episode_length': np.float64(0.0), 'eval/eval_time': 0.07727789878845215}
{'training/total_steps': 52000, 'training/updates': 26, 'training/sps': np.float64(17792.34), 'training/walltime': np.float64(6.189), 'training/rollout_time': np.float64(0.109), 'training/update_time': np.float64(0.003), 'training/iterations': 1.0, 'training/kl_div': nan, 'training/line_search_success': 0.0, 'training/new_policy_objective': nan, 'training/policy_objective': 0.0, 'training/value_loss': 3.650413508255422e-14}
{'eval/num_episodes': 200, 'eval/num_steps': 200, 'eval/mean_score': np.float64(1.0), 'eval/std_score': np.float64(0.0), 'eval/mean_episode_length': np.float64(1.0), 'eval/std_episode_length': np.float64(0.0), 'eval/eval_time': 0.08264398574829102}
{'training/total_steps': 54000, 'training/updates': 27, 'training/sps': np.float64(18992.802), 'training/walltime': np.float64(6.378), 'training/rollout_time': np.float64(0.101), 'training/update_time': np.float64(0.005), 'training/iterations': 1.0, 'training/kl_div': nan, 'training/line_search_success': 0.0, 'training/new_policy_objective': nan, 'training/policy_objective': 0.0, 'training/value_loss': 0.0}
{'eval/num_episodes': 200, 'eval/num_steps': 200, 'eval/mean_score': np.float64(1.0), 'eval/std_score': np.float64(0.0), 'eval/mean_episode_length': np.float64(1.0), 'eval/std_episode_length': np.float64(0.0), 'eval/eval_time': 0.07529497146606445}
{'training/total_steps': 56000, 'training/updates': 28, 'training/sps': np.float64(19492.253), 'training/walltime': np.float64(6.556), 'training/rollout_time': np.float64(0.099), 'training/update_time': np.float64(0.003), 'training/iterations': 1.0, 'training/kl_div': nan, 'training/line_search_success': 0.0, 'training/new_policy_objective': nan, 'training/policy_objective': 0.0, 'training/value_loss': 0.0}
{'eval/num_episodes': 200, 'eval/num_steps': 200, 'eval/mean_score': np.float64(1.0), 'eval/std_score': np.float64(0.0), 'eval/mean_episode_length': np.float64(1.0), 'eval/std_episode_length': np.float64(0.0), 'eval/eval_time': 0.0753488540649414}
{'training/total_steps': 58000, 'training/updates': 29, 'training/sps': np.float64(19335.317), 'training/walltime': np.float64(6.735), 'training/rollout_time': np.float64(0.1), 'training/update_time': np.float64(0.003), 'training/iterations': 1.0, 'training/kl_div': nan, 'training/line_search_success': 0.0, 'training/new_policy_objective': nan, 'training/policy_objective': 0.0, 'training/value_loss': 0.0}
{'eval/num_episodes': 200, 'eval/num_steps': 200, 'eval/mean_score': np.float64(1.0), 'eval/std_score': np.float64(0.0), 'eval/mean_episode_length': np.float64(1.0), 'eval/std_episode_length': np.float64(0.0), 'eval/eval_time': 0.08104085922241211}
{'training/total_steps': 60000, 'training/updates': 30, 'training/sps': np.float64(19177.073), 'training/walltime': np.float64(6.921), 'training/rollout_time': np.float64(0.101), 'training/update_time': np.float64(0.003), 'training/iterations': 1.0, 'training/kl_div': nan, 'training/line_search_success': 0.0, 'training/new_policy_objective': nan, 'training/policy_objective': 0.0, 'training/value_loss': 0.0}
{'eval/num_episodes': 200, 'eval/num_steps': 200, 'eval/mean_score': np.float64(1.0), 'eval/std_score': np.float64(0.0), 'eval/mean_episode_length': np.float64(1.0), 'eval/std_episode_length': np.float64(0.0), 'eval/eval_time': 0.073760986328125}
TRAINING END: training duration: 6.995360851287842
{'final_eval/num_episodes': 200, 'final_eval/num_steps': 200, 'final_eval/mean_score': np.float64(1.0), 'final_eval/std_score': np.float64(0.0), 'final_eval/mean_episode_length': np.float64(1.0), 'final_eval/std_episode_length': np.float64(0.0)}
}
