|param: value|
|experiment_name:  pc_actor_critic|
|seed:  8|
|write_logs_to_file:  False|
|save_model:  False|
|env_name:  bandit|
|num_envs:  8|
|num_train_levels:  200|
|distribution_mode:  easy|
|arm_means:  (1.0, 0.9)|
|deterministic_rewards:  True|
|eval_env:  True|
|num_eval_episodes:  200|
|eval_every:  1|
|total_timesteps:  60000|
|unroll_length:  250|
|gamma:  0.99|
|learning_rate:  0.01|
|value_learning_rate:  0.01|
|target_scale:  1.0|
|pc_steps_per_update:  1|
|max_t1:  20|
|width:  32|
|depth:  2|
|act_fn:  relu|
|policy_init_logit_bias:  [0.0, 6.0]|
|use_cnn:  False|
|policy_hidden_layer_sizes:  ()|
|value_hidden_layer_sizes:  ()|
|anneal_lr:  False|
|entropy_cost:  0.0|
|deterministic_eval:  False|
{'training/total_steps': 2000, 'training/updates': 1, 'training/walltime': np.float64(1.405), 'training/update_time': np.float64(1.405), 'training/policy_pc_loss': 5.79398256377317e-05, 'training/value_pc_loss': 0.028865907341241837, 'training/mean_value': 0.6597861647605896, 'training/mean_reward': 0.9000497460365295, 'training/mean_advantage_abs': 0.24026432633399963}
{'eval/num_episodes': 200, 'eval/mean_score': np.float64(0.9005), 'eval/std_score': np.float64(0.0071), 'eval/mean_episode_length': np.float64(1.0)}
{'training/total_steps': 4000, 'training/updates': 2, 'training/walltime': np.float64(1.575), 'training/update_time': np.float64(0.14), 'training/policy_pc_loss': 5.026315920986235e-05, 'training/value_pc_loss': 0.001752551761455834, 'training/mean_value': 0.8411653637886047, 'training/mean_reward': 0.9001997113227844, 'training/mean_advantage_abs': 0.0590350441634655}
{'eval/num_episodes': 200, 'eval/mean_score': np.float64(0.9), 'eval/std_score': np.float64(0.0), 'eval/mean_episode_length': np.float64(1.0)}
{'training/total_steps': 6000, 'training/updates': 3, 'training/walltime': np.float64(1.73), 'training/update_time': np.float64(0.139), 'training/policy_pc_loss': 5.4838583452010425e-08, 'training/value_pc_loss': 0.004372208844870329, 'training/mean_value': 0.9935342669487, 'training/mean_reward': 0.9000497460365295, 'training/mean_advantage_abs': 0.09349141269922256}
{'eval/num_episodes': 200, 'eval/mean_score': np.float64(0.9), 'eval/std_score': np.float64(0.0), 'eval/mean_episode_length': np.float64(1.0)}
{'training/total_steps': 8000, 'training/updates': 4, 'training/walltime': np.float64(1.862), 'training/update_time': np.float64(0.131), 'training/policy_pc_loss': 3.7789868656545877e-06, 'training/value_pc_loss': 0.012911000289022923, 'training/mean_value': 1.0607606172561646, 'training/mean_reward': 0.9000996351242065, 'training/mean_advantage_abs': 0.16066107153892517}
{'eval/num_episodes': 200, 'eval/mean_score': np.float64(0.9), 'eval/std_score': np.float64(0.0), 'eval/mean_episode_length': np.float64(1.0)}
{'training/total_steps': 10000, 'training/updates': 5, 'training/walltime': np.float64(1.997), 'training/update_time': np.float64(0.134), 'training/policy_pc_loss': 7.715351785009261e-06, 'training/value_pc_loss': 0.011294018477201462, 'training/mean_value': 1.0504934787750244, 'training/mean_reward': 0.9002997279167175, 'training/mean_advantage_abs': 0.15019363164901733}
{'eval/num_episodes': 200, 'eval/mean_score': np.float64(0.9), 'eval/std_score': np.float64(0.0), 'eval/mean_episode_length': np.float64(1.0)}
{'training/total_steps': 12000, 'training/updates': 6, 'training/walltime': np.float64(2.163), 'training/update_time': np.float64(0.165), 'training/policy_pc_loss': 5.264111990754827e-08, 'training/value_pc_loss': 0.004864090122282505, 'training/mean_value': 0.9987794160842896, 'training/mean_reward': 0.900299608707428, 'training/mean_advantage_abs': 0.09848706424236298}
{'eval/num_episodes': 200, 'eval/mean_score': np.float64(0.9), 'eval/std_score': np.float64(0.0), 'eval/mean_episode_length': np.float64(1.0)}
{'training/total_steps': 14000, 'training/updates': 7, 'training/walltime': np.float64(2.318), 'training/update_time': np.float64(0.153), 'training/policy_pc_loss': 1.213056475535268e-05, 'training/value_pc_loss': 0.00046063491026870906, 'training/mean_value': 0.9301891326904297, 'training/mean_reward': 0.9002496600151062, 'training/mean_advantage_abs': 0.030287854373455048}
{'eval/num_episodes': 200, 'eval/mean_score': np.float64(0.9), 'eval/std_score': np.float64(0.0), 'eval/mean_episode_length': np.float64(1.0)}
{'training/total_steps': 16000, 'training/updates': 8, 'training/walltime': np.float64(2.45), 'training/update_time': np.float64(0.132), 'training/policy_pc_loss': 7.407193334074691e-05, 'training/value_pc_loss': 0.0006982824997976422, 'training/mean_value': 0.863565981388092, 'training/mean_reward': 0.9003996849060059, 'training/mean_advantage_abs': 0.0368337482213974}
{'eval/num_episodes': 200, 'eval/mean_score': np.float64(0.9), 'eval/std_score': np.float64(0.0), 'eval/mean_episode_length': np.float64(1.0)}
{'training/total_steps': 18000, 'training/updates': 9, 'training/walltime': np.float64(2.584), 'training/update_time': np.float64(0.133), 'training/policy_pc_loss': 5.129416240379214e-05, 'training/value_pc_loss': 0.0036631242837756872, 'training/mean_value': 0.8146439790725708, 'training/mean_reward': 0.9001497030258179, 'training/mean_advantage_abs': 0.08550599962472916}
{'eval/num_episodes': 200, 'eval/mean_score': np.float64(0.901), 'eval/std_score': np.float64(0.0099), 'eval/mean_episode_length': np.float64(1.0)}
{'training/total_steps': 20000, 'training/updates': 10, 'training/walltime': np.float64(2.74), 'training/update_time': np.float64(0.155), 'training/policy_pc_loss': 0.0003212394949514419, 'training/value_pc_loss': 0.005907106213271618, 'training/mean_value': 0.7924001812934875, 'training/mean_reward': 0.900749683380127, 'training/mean_advantage_abs': 0.10835020989179611}
{'eval/num_episodes': 200, 'eval/mean_score': np.float64(0.9), 'eval/std_score': np.float64(0.0), 'eval/mean_episode_length': np.float64(1.0)}
{'training/total_steps': 22000, 'training/updates': 11, 'training/walltime': np.float64(2.871), 'training/update_time': np.float64(0.13), 'training/policy_pc_loss': 0.00010230776388198137, 'training/value_pc_loss': 0.005332722794264555, 'training/mean_value': 0.7970967888832092, 'training/mean_reward': 0.9002496600151062, 'training/mean_advantage_abs': 0.10315288603305817}
{'eval/num_episodes': 200, 'eval/mean_score': np.float64(0.9005), 'eval/std_score': np.float64(0.0071), 'eval/mean_episode_length': np.float64(1.0)}
{'training/total_steps': 24000, 'training/updates': 12, 'training/walltime': np.float64(3.003), 'training/update_time': np.float64(0.131), 'training/policy_pc_loss': 0.00010906735406024382, 'training/value_pc_loss': 0.0030230546835809946, 'training/mean_value': 0.8228182792663574, 'training/mean_reward': 0.9003497362136841, 'training/mean_advantage_abs': 0.07753206789493561}
{'eval/num_episodes': 200, 'eval/mean_score': np.float64(0.9), 'eval/std_score': np.float64(0.0), 'eval/mean_episode_length': np.float64(1.0)}
{'training/total_steps': 26000, 'training/updates': 13, 'training/walltime': np.float64(3.137), 'training/update_time': np.float64(0.133), 'training/policy_pc_loss': 7.605244900332764e-05, 'training/value_pc_loss': 0.0007769402582198381, 'training/mean_value': 0.8614888191223145, 'training/mean_reward': 0.9003996849060059, 'training/mean_advantage_abs': 0.03891067951917648}
{'eval/num_episodes': 200, 'eval/mean_score': np.float64(0.9), 'eval/std_score': np.float64(0.0), 'eval/mean_episode_length': np.float64(1.0)}
{'training/total_steps': 28000, 'training/updates': 14, 'training/walltime': np.float64(3.269), 'training/update_time': np.float64(0.131), 'training/policy_pc_loss': 4.538573557510972e-05, 'training/value_pc_loss': 3.1759704143041745e-05, 'training/mean_value': 0.9042110443115234, 'training/mean_reward': 0.900499701499939, 'training/mean_advantage_abs': 0.004668603651225567}
{'eval/num_episodes': 200, 'eval/mean_score': np.float64(0.9005), 'eval/std_score': np.float64(0.0071), 'eval/mean_episode_length': np.float64(1.0)}
{'training/total_steps': 30000, 'training/updates': 15, 'training/walltime': np.float64(3.475), 'training/update_time': np.float64(0.205), 'training/policy_pc_loss': 1.83175961865345e-05, 'training/value_pc_loss': 0.0008878923836164176, 'training/mean_value': 0.9420357942581177, 'training/mean_reward': 0.900549590587616, 'training/mean_advantage_abs': 0.042123619467020035}
{'eval/num_episodes': 200, 'eval/mean_score': np.float64(0.9005), 'eval/std_score': np.float64(0.0071), 'eval/mean_episode_length': np.float64(1.0)}
{'training/total_steps': 32000, 'training/updates': 16, 'training/walltime': np.float64(3.616), 'training/update_time': np.float64(0.139), 'training/policy_pc_loss': 1.1217220162507147e-05, 'training/value_pc_loss': 0.0022552090231329203, 'training/mean_value': 0.9674320816993713, 'training/mean_reward': 0.9010496139526367, 'training/mean_advantage_abs': 0.06706561893224716}
{'eval/num_episodes': 200, 'eval/mean_score': np.float64(0.901), 'eval/std_score': np.float64(0.0099), 'eval/mean_episode_length': np.float64(1.0)}
{'training/total_steps': 34000, 'training/updates': 17, 'training/walltime': np.float64(3.761), 'training/update_time': np.float64(0.144), 'training/policy_pc_loss': 4.845514467888279e-06, 'training/value_pc_loss': 0.0028933894354850054, 'training/mean_value': 0.9763470888137817, 'training/mean_reward': 0.9007996320724487, 'training/mean_advantage_abs': 0.07592590898275375}
{'eval/num_episodes': 200, 'eval/mean_score': np.float64(0.901), 'eval/std_score': np.float64(0.0099), 'eval/mean_episode_length': np.float64(1.0)}
{'training/total_steps': 36000, 'training/updates': 18, 'training/walltime': np.float64(3.898), 'training/update_time': np.float64(0.135), 'training/policy_pc_loss': 1.008780236588791e-05, 'training/value_pc_loss': 0.0023454376496374607, 'training/mean_value': 0.9687633514404297, 'training/mean_reward': 0.9009996652603149, 'training/mean_advantage_abs': 0.06838811188936234}
{'eval/num_episodes': 200, 'eval/mean_score': np.float64(0.9015), 'eval/std_score': np.float64(0.0122), 'eval/mean_episode_length': np.float64(1.0)}
{'training/total_steps': 38000, 'training/updates': 19, 'training/walltime': np.float64(4.04), 'training/update_time': np.float64(0.141), 'training/policy_pc_loss': 3.308148370706476e-05, 'training/value_pc_loss': 0.0011630620574578643, 'training/mean_value': 0.948183000087738, 'training/mean_reward': 0.9012496471405029, 'training/mean_advantage_abs': 0.0482281893491745}
{'eval/num_episodes': 200, 'eval/mean_score': np.float64(0.9025), 'eval/std_score': np.float64(0.0156), 'eval/mean_episode_length': np.float64(1.0)}
{'training/total_steps': 40000, 'training/updates': 20, 'training/walltime': np.float64(4.181), 'training/update_time': np.float64(0.14), 'training/policy_pc_loss': 9.875641262624413e-05, 'training/value_pc_loss': 0.0002507137833163142, 'training/mean_value': 0.9201468825340271, 'training/mean_reward': 0.9015995860099792, 'training/mean_advantage_abs': 0.02110220491886139}
{'eval/num_episodes': 200, 'eval/mean_score': np.float64(0.901), 'eval/std_score': np.float64(0.0099), 'eval/mean_episode_length': np.float64(1.0)}
{'training/total_steps': 42000, 'training/updates': 21, 'training/walltime': np.float64(4.334), 'training/update_time': np.float64(0.152), 'training/policy_pc_loss': 0.0002559509302955121, 'training/value_pc_loss': 0.00017289254174102098, 'training/mean_value': 0.8910314440727234, 'training/mean_reward': 0.9022495746612549, 'training/mean_advantage_abs': 0.01121817622333765}
{'eval/num_episodes': 200, 'eval/mean_score': np.float64(0.901), 'eval/std_score': np.float64(0.0099), 'eval/mean_episode_length': np.float64(1.0)}
{'training/total_steps': 44000, 'training/updates': 22, 'training/walltime': np.float64(4.666), 'training/update_time': np.float64(0.33), 'training/policy_pc_loss': 0.0005197911523282528, 'training/value_pc_loss': 0.0008030547178350389, 'training/mean_value': 0.8669648170471191, 'training/mean_reward': 0.9030996561050415, 'training/mean_advantage_abs': 0.0361347533762455}
{'eval/num_episodes': 200, 'eval/mean_score': np.float64(0.9045), 'eval/std_score': np.float64(0.0207), 'eval/mean_episode_length': np.float64(1.0)}
{'training/total_steps': 46000, 'training/updates': 23, 'training/walltime': np.float64(4.952), 'training/update_time': np.float64(0.243), 'training/policy_pc_loss': 0.000841459259390831, 'training/value_pc_loss': 0.0015272772870957851, 'training/mean_value': 0.8526058793067932, 'training/mean_reward': 0.9041496515274048, 'training/mean_advantage_abs': 0.05154391750693321}
{'eval/num_episodes': 200, 'eval/mean_score': np.float64(0.903), 'eval/std_score': np.float64(0.0171), 'eval/mean_episode_length': np.float64(1.0)}
{'training/total_steps': 48000, 'training/updates': 24, 'training/walltime': np.float64(5.103), 'training/update_time': np.float64(0.15), 'training/policy_pc_loss': 0.0008420457015745342, 'training/value_pc_loss': 0.0016490736743435264, 'training/mean_value': 0.8502025604248047, 'training/mean_reward': 0.9040996432304382, 'training/mean_advantage_abs': 0.05389765277504921}
{'eval/num_episodes': 200, 'eval/mean_score': np.float64(0.905), 'eval/std_score': np.float64(0.0218), 'eval/mean_episode_length': np.float64(1.0)}
{'training/total_steps': 50000, 'training/updates': 25, 'training/walltime': np.float64(5.254), 'training/update_time': np.float64(0.146), 'training/policy_pc_loss': 0.0013623712584376335, 'training/value_pc_loss': 0.0015414190711453557, 'training/mean_value': 0.8590889573097229, 'training/mean_reward': 0.9077497124671936, 'training/mean_advantage_abs': 0.04866107925772667}
{'eval/num_episodes': 200, 'eval/mean_score': np.float64(0.9085), 'eval/std_score': np.float64(0.0279), 'eval/mean_episode_length': np.float64(1.0)}
{'training/total_steps': 52000, 'training/updates': 26, 'training/walltime': np.float64(5.404), 'training/update_time': np.float64(0.148), 'training/policy_pc_loss': 0.0011070912005379796, 'training/value_pc_loss': 0.000890376279130578, 'training/mean_value': 0.8771763443946838, 'training/mean_reward': 0.908649742603302, 'training/mean_advantage_abs': 0.031473394483327866}
{'eval/num_episodes': 200, 'eval/mean_score': np.float64(0.909), 'eval/std_score': np.float64(0.0286), 'eval/mean_episode_length': np.float64(1.0)}
{'training/total_steps': 54000, 'training/updates': 27, 'training/walltime': np.float64(5.563), 'training/update_time': np.float64(0.158), 'training/policy_pc_loss': 0.0008433187613263726, 'training/value_pc_loss': 0.0005280097248032689, 'training/mean_value': 0.9001902341842651, 'training/mean_reward': 0.9105998277664185, 'training/mean_advantage_abs': 0.010749315842986107}
{'eval/num_episodes': 200, 'eval/mean_score': np.float64(0.9125), 'eval/std_score': np.float64(0.0331), 'eval/mean_episode_length': np.float64(1.0)}
{'training/total_steps': 56000, 'training/updates': 28, 'training/walltime': np.float64(5.715), 'training/update_time': np.float64(0.151), 'training/policy_pc_loss': 0.0006383043946698308, 'training/value_pc_loss': 0.0006605261587537825, 'training/mean_value': 0.9233683347702026, 'training/mean_reward': 0.9145498275756836, 'training/mean_advantage_abs': 0.031117791309952736}
{'eval/num_episodes': 200, 'eval/mean_score': np.float64(0.9185), 'eval/std_score': np.float64(0.0388), 'eval/mean_episode_length': np.float64(1.0)}
{'training/total_steps': 58000, 'training/updates': 29, 'training/walltime': np.float64(5.875), 'training/update_time': np.float64(0.159), 'training/policy_pc_loss': 0.0004859298642259091, 'training/value_pc_loss': 0.0010556785855442286, 'training/mean_value': 0.9425965547561646, 'training/mean_reward': 0.9200497269630432, 'training/mean_advantage_abs': 0.04556550085544586}
{'eval/num_episodes': 200, 'eval/mean_score': np.float64(0.9275), 'eval/std_score': np.float64(0.0447), 'eval/mean_episode_length': np.float64(1.0)}
{'training/total_steps': 60000, 'training/updates': 30, 'training/walltime': np.float64(6.021), 'training/update_time': np.float64(0.145), 'training/policy_pc_loss': 0.0004152242618147284, 'training/value_pc_loss': 0.001399009837768972, 'training/mean_value': 0.9551848769187927, 'training/mean_reward': 0.9238497614860535, 'training/mean_advantage_abs': 0.052711427211761475}
{'eval/num_episodes': 200, 'eval/mean_score': np.float64(0.935), 'eval/std_score': np.float64(0.0477), 'eval/mean_episode_length': np.float64(1.0)}
TRAINING END: training duration: 6.021961212158203
