|param: value|
|experiment_name:  reinforce_procgen|
|seed:  8|
|platform:  cpu|
|write_logs_to_file:  False|
|save_model:  False|
|env_name:  bandit|
|num_envs:  1|
|num_train_levels:  200|
|distribution_mode:  easy|
|arm_means:  (1.0, 0.9)|
|deterministic_rewards:  True|
|eval_env:  True|
|num_eval_episodes:  200|
|eval_every:  1|
|deterministic_eval:  False|
|normalize_observations:  True|
|total_timesteps:  60000|
|learning_rate:  0.5|
|optimizer:  sgd|
|unroll_length:  2048|
|anneal_lr:  False|
|gamma:  0.99|
|batch_size:  1|
|num_minibatches:  1|
|update_epochs:  1|
|entropy_cost:  0.0|
|max_grad_norm:  0.5|
|reward_scaling:  1.0|
|use_cnn:  False|
|policy_hidden_layer_sizes:  ()|
|value_hidden_layer_sizes:  ()|
|activation:  <jax._src.custom_derivatives.custom_jvp object at 0x107008110>|
|policy_init_logit_bias:  [0.0, 6.0]|
{'training/total_steps': 2000, 'training/updates': 1, 'training/sps': np.float64(2087.229), 'training/walltime': np.float64(0.958), 'training/rollout_time': np.float64(0.398), 'training/update_time': np.float64(0.561), 'training/approx_kl': 0.0, 'training/entropy': 0.017311394214630127, 'training/policy_loss': 0.03463045880198479, 'training/total_loss': 1.3204987049102783, 'training/value_loss': 2.5717363357543945}
{'eval/num_episodes': 200, 'eval/num_steps': 200, 'eval/mean_score': np.float64(0.9), 'eval/std_score': np.float64(0.007), 'eval/mean_episode_length': np.float64(1.0), 'eval/std_episode_length': np.float64(0.0), 'eval/eval_time': 0.07126188278198242}
{'training/total_steps': 4000, 'training/updates': 2, 'training/sps': np.float64(5785.059), 'training/walltime': np.float64(1.376), 'training/rollout_time': np.float64(0.344), 'training/update_time': np.float64(0.002), 'training/approx_kl': 0.0, 'training/entropy': 0.017318928614258766, 'training/policy_loss': 0.02334163337945938, 'training/total_loss': 0.8046680688858032, 'training/value_loss': 1.5626529455184937}
{'eval/num_episodes': 200, 'eval/num_steps': 200, 'eval/mean_score': np.float64(0.9), 'eval/std_score': np.float64(0.0), 'eval/mean_episode_length': np.float64(1.0), 'eval/std_episode_length': np.float64(0.0), 'eval/eval_time': 0.082550048828125}
{'training/total_steps': 6000, 'training/updates': 3, 'training/sps': np.float64(6458.295), 'training/walltime': np.float64(1.768), 'training/rollout_time': np.float64(0.308), 'training/update_time': np.float64(0.001), 'training/approx_kl': 0.0, 'training/entropy': 0.017321255058050156, 'training/policy_loss': 0.017162960022687912, 'training/total_loss': 0.41902926564216614, 'training/value_loss': 0.8037325739860535}
{'eval/num_episodes': 200, 'eval/num_steps': 200, 'eval/mean_score': np.float64(0.9), 'eval/std_score': np.float64(0.0), 'eval/mean_episode_length': np.float64(1.0), 'eval/std_episode_length': np.float64(0.0), 'eval/eval_time': 0.0696711540222168}
{'training/total_steps': 8000, 'training/updates': 4, 'training/sps': np.float64(6055.231), 'training/walltime': np.float64(2.169), 'training/rollout_time': np.float64(0.329), 'training/update_time': np.float64(0.002), 'training/approx_kl': 0.0, 'training/entropy': 0.017324505373835564, 'training/policy_loss': 0.005200590472668409, 'training/total_loss': 0.15251831710338593, 'training/value_loss': 0.29463544487953186}
{'eval/num_episodes': 200, 'eval/num_steps': 200, 'eval/mean_score': np.float64(0.9), 'eval/std_score': np.float64(0.007), 'eval/mean_episode_length': np.float64(1.0), 'eval/std_episode_length': np.float64(0.0), 'eval/eval_time': 0.07258415222167969}
{'training/total_steps': 10000, 'training/updates': 5, 'training/sps': np.float64(6428.2), 'training/walltime': np.float64(2.553), 'training/rollout_time': np.float64(0.31), 'training/update_time': np.float64(0.001), 'training/approx_kl': 0.0, 'training/entropy': 0.01731097884476185, 'training/policy_loss': 0.00740866968408227, 'training/total_loss': 0.025391539558768272, 'training/value_loss': 0.03596573695540428}
{'eval/num_episodes': 200, 'eval/num_steps': 200, 'eval/mean_score': np.float64(0.9), 'eval/std_score': np.float64(0.0), 'eval/mean_episode_length': np.float64(1.0), 'eval/std_episode_length': np.float64(0.0), 'eval/eval_time': 0.07033801078796387}
{'training/total_steps': 12000, 'training/updates': 6, 'training/sps': np.float64(6043.971), 'training/walltime': np.float64(2.954), 'training/rollout_time': np.float64(0.33), 'training/update_time': np.float64(0.001), 'training/approx_kl': 0.0, 'training/entropy': 0.017331279814243317, 'training/policy_loss': 0.002688658656552434, 'training/total_loss': 0.002711058594286442, 'training/value_loss': 4.479982817429118e-05}
{'eval/num_episodes': 200, 'eval/num_steps': 200, 'eval/mean_score': np.float64(0.9), 'eval/std_score': np.float64(0.0), 'eval/mean_episode_length': np.float64(1.0), 'eval/std_episode_length': np.float64(0.0), 'eval/eval_time': 0.0720529556274414}
{'training/total_steps': 14000, 'training/updates': 7, 'training/sps': np.float64(6391.145), 'training/walltime': np.float64(3.34), 'training/rollout_time': np.float64(0.311), 'training/update_time': np.float64(0.002), 'training/approx_kl': 0.0, 'training/entropy': 0.017344597727060318, 'training/policy_loss': 0.002388184890151024, 'training/total_loss': 0.0024081061128526926, 'training/value_loss': 3.984248542110436e-05}
{'eval/num_episodes': 200, 'eval/num_steps': 200, 'eval/mean_score': np.float64(0.9), 'eval/std_score': np.float64(0.0), 'eval/mean_episode_length': np.float64(1.0), 'eval/std_episode_length': np.float64(0.0), 'eval/eval_time': 0.08309698104858398}
{'training/total_steps': 16000, 'training/updates': 8, 'training/sps': np.float64(6399.204), 'training/walltime': np.float64(3.736), 'training/rollout_time': np.float64(0.311), 'training/update_time': np.float64(0.001), 'training/approx_kl': 0.0, 'training/entropy': 0.01735633984208107, 'training/policy_loss': 0.0011940975673496723, 'training/total_loss': 0.0012040975270792842, 'training/value_loss': 2.0000026779598556e-05}
{'eval/num_episodes': 200, 'eval/num_steps': 200, 'eval/mean_score': np.float64(0.9), 'eval/std_score': np.float64(0.007), 'eval/mean_episode_length': np.float64(1.0), 'eval/std_episode_length': np.float64(0.0), 'eval/eval_time': 0.0717630386352539}
{'training/total_steps': 18000, 'training/updates': 9, 'training/sps': np.float64(6000.495), 'training/walltime': np.float64(4.141), 'training/rollout_time': np.float64(0.332), 'training/update_time': np.float64(0.001), 'training/approx_kl': 0.0, 'training/entropy': 0.017362354323267937, 'training/policy_loss': 0.002094973810017109, 'training/total_loss': 0.0021124237682670355, 'training/value_loss': 3.489999653538689e-05}
{'eval/num_episodes': 200, 'eval/num_steps': 200, 'eval/mean_score': np.float64(0.9), 'eval/std_score': np.float64(0.0), 'eval/mean_episode_length': np.float64(1.0), 'eval/std_episode_length': np.float64(0.0), 'eval/eval_time': 0.07216596603393555}
{'training/total_steps': 20000, 'training/updates': 10, 'training/sps': np.float64(6419.66), 'training/walltime': np.float64(4.525), 'training/rollout_time': np.float64(0.31), 'training/update_time': np.float64(0.001), 'training/approx_kl': 0.0, 'training/entropy': 0.01737263984978199, 'training/policy_loss': 0.0008957344689406455, 'training/total_loss': 0.0009032432571984828, 'training/value_loss': 1.5017521036497783e-05}
{'eval/num_episodes': 200, 'eval/num_steps': 200, 'eval/mean_score': np.float64(0.9), 'eval/std_score': np.float64(0.0), 'eval/mean_episode_length': np.float64(1.0), 'eval/std_episode_length': np.float64(0.0), 'eval/eval_time': 0.0735940933227539}
{'training/total_steps': 22000, 'training/updates': 11, 'training/sps': np.float64(5847.598), 'training/walltime': np.float64(4.941), 'training/rollout_time': np.float64(0.341), 'training/update_time': np.float64(0.001), 'training/approx_kl': 0.0, 'training/entropy': 0.01737719587981701, 'training/policy_loss': 0.002395253861322999, 'training/total_loss': 0.002415205119177699, 'training/value_loss': 3.990252298535779e-05}
{'eval/num_episodes': 200, 'eval/num_steps': 200, 'eval/mean_score': np.float64(0.9), 'eval/std_score': np.float64(0.0), 'eval/mean_episode_length': np.float64(1.0), 'eval/std_episode_length': np.float64(0.0), 'eval/eval_time': 0.0730128288269043}
{'training/total_steps': 24000, 'training/updates': 12, 'training/sps': np.float64(6300.308), 'training/walltime': np.float64(5.332), 'training/rollout_time': np.float64(0.316), 'training/update_time': np.float64(0.002), 'training/approx_kl': 0.0, 'training/entropy': 0.01738894358277321, 'training/policy_loss': 0.0011936621740460396, 'training/total_loss': 0.0012036621337756515, 'training/value_loss': 1.999999221879989e-05}
{'eval/num_episodes': 200, 'eval/num_steps': 200, 'eval/mean_score': np.float64(0.9), 'eval/std_score': np.float64(0.007), 'eval/mean_episode_length': np.float64(1.0), 'eval/std_episode_length': np.float64(0.0), 'eval/eval_time': 0.07045125961303711}
{'training/total_steps': 26000, 'training/updates': 13, 'training/sps': np.float64(5360.106), 'training/walltime': np.float64(5.776), 'training/rollout_time': np.float64(0.37), 'training/update_time': np.float64(0.003), 'training/approx_kl': 0.0, 'training/entropy': 0.017394963651895523, 'training/policy_loss': 0.0008972333162091672, 'training/total_loss': 0.0009047233033925295, 'training/value_loss': 1.4980011656007264e-05}
{'eval/num_episodes': 200, 'eval/num_steps': 200, 'eval/mean_score': np.float64(0.9), 'eval/std_score': np.float64(0.007), 'eval/mean_episode_length': np.float64(1.0), 'eval/std_episode_length': np.float64(0.0), 'eval/eval_time': 0.09101605415344238}
{'training/total_steps': 28000, 'training/updates': 14, 'training/sps': np.float64(5301.511), 'training/walltime': np.float64(6.245), 'training/rollout_time': np.float64(0.376), 'training/update_time': np.float64(0.001), 'training/approx_kl': 0.0, 'training/entropy': 0.017399372532963753, 'training/policy_loss': 0.0017959000542759895, 'training/total_loss': 0.0018108662916347384, 'training/value_loss': 2.9932511097285897e-05}
{'eval/num_episodes': 200, 'eval/num_steps': 200, 'eval/mean_score': np.float64(0.9), 'eval/std_score': np.float64(0.0), 'eval/mean_episode_length': np.float64(1.0), 'eval/std_episode_length': np.float64(0.0), 'eval/eval_time': 0.07023930549621582}
{'training/total_steps': 30000, 'training/updates': 15, 'training/sps': np.float64(6465.403), 'training/walltime': np.float64(6.625), 'training/rollout_time': np.float64(0.308), 'training/update_time': np.float64(0.002), 'training/approx_kl': 0.0, 'training/entropy': 0.017408227548003197, 'training/policy_loss': 0.0008959494298323989, 'training/total_loss': 0.0009034494287334383, 'training/value_loss': 1.5000025086919777e-05}
{'eval/num_episodes': 200, 'eval/num_steps': 200, 'eval/mean_score': np.float64(0.9), 'eval/std_score': np.float64(0.007), 'eval/mean_episode_length': np.float64(1.0), 'eval/std_episode_length': np.float64(0.0), 'eval/eval_time': 0.07191610336303711}
{'training/total_steps': 32000, 'training/updates': 16, 'training/sps': np.float64(5968.883), 'training/walltime': np.float64(7.032), 'training/rollout_time': np.float64(0.334), 'training/update_time': np.float64(0.001), 'training/approx_kl': 0.0, 'training/entropy': 0.017412781715393066, 'training/policy_loss': 0.0008976284880191088, 'training/total_loss': 0.0009051172528415918, 'training/value_loss': 1.497750599810388e-05}
{'eval/num_episodes': 200, 'eval/num_steps': 200, 'eval/mean_score': np.float64(0.9), 'eval/std_score': np.float64(0.0), 'eval/mean_episode_length': np.float64(1.0), 'eval/std_episode_length': np.float64(0.0), 'eval/eval_time': 0.0701591968536377}
{'training/total_steps': 34000, 'training/updates': 17, 'training/sps': np.float64(6484.409), 'training/walltime': np.float64(7.411), 'training/rollout_time': np.float64(0.307), 'training/update_time': np.float64(0.001), 'training/approx_kl': 0.0, 'training/entropy': 0.017417194321751595, 'training/policy_loss': 0.0023941793479025364, 'training/total_loss': 0.0024141306057572365, 'training/value_loss': 3.990253389929421e-05}
{'eval/num_episodes': 200, 'eval/num_steps': 200, 'eval/mean_score': np.float64(0.9), 'eval/std_score': np.float64(0.0), 'eval/mean_episode_length': np.float64(1.0), 'eval/std_episode_length': np.float64(0.0), 'eval/eval_time': 0.07147884368896484}
{'training/total_steps': 36000, 'training/updates': 18, 'training/sps': np.float64(6489.867), 'training/walltime': np.float64(7.791), 'training/rollout_time': np.float64(0.307), 'training/update_time': np.float64(0.001), 'training/approx_kl': 0.0, 'training/entropy': 0.017429113388061523, 'training/policy_loss': 0.002685774117708206, 'training/total_loss': 0.002708174055442214, 'training/value_loss': 4.4800046453019604e-05}
{'eval/num_episodes': 200, 'eval/num_steps': 200, 'eval/mean_score': np.float64(0.9), 'eval/std_score': np.float64(0.007), 'eval/mean_episode_length': np.float64(1.0), 'eval/std_episode_length': np.float64(0.0), 'eval/eval_time': 0.0722811222076416}
{'training/total_steps': 38000, 'training/updates': 19, 'training/sps': np.float64(5980.722), 'training/walltime': np.float64(8.199), 'training/rollout_time': np.float64(0.333), 'training/update_time': np.float64(0.002), 'training/approx_kl': 0.0, 'training/entropy': 0.01744237169623375, 'training/policy_loss': 0.0008938837563619018, 'training/total_loss': 0.0009014175157062709, 'training/value_loss': 1.5067498679854907e-05}
{'eval/num_episodes': 200, 'eval/num_steps': 200, 'eval/mean_score': np.float64(0.9), 'eval/std_score': np.float64(0.0), 'eval/mean_episode_length': np.float64(1.0), 'eval/std_episode_length': np.float64(0.0), 'eval/eval_time': 0.07103586196899414}
{'training/total_steps': 40000, 'training/updates': 20, 'training/sps': np.float64(6361.406), 'training/walltime': np.float64(8.584), 'training/rollout_time': np.float64(0.313), 'training/update_time': np.float64(0.001), 'training/approx_kl': 0.0, 'training/entropy': 0.017446935176849365, 'training/policy_loss': 0.0014957233797758818, 'training/total_loss': 0.001508197165094316, 'training/value_loss': 2.4947506972239353e-05}
{'eval/num_episodes': 200, 'eval/num_steps': 200, 'eval/mean_score': np.float64(0.9), 'eval/std_score': np.float64(0.0), 'eval/mean_episode_length': np.float64(1.0), 'eval/std_episode_length': np.float64(0.0), 'eval/eval_time': 0.0701298713684082}
{'training/total_steps': 42000, 'training/updates': 21, 'training/sps': np.float64(6397.194), 'training/walltime': np.float64(8.968), 'training/rollout_time': np.float64(0.311), 'training/update_time': np.float64(0.001), 'training/approx_kl': 0.0, 'training/entropy': 0.017454324290156364, 'training/policy_loss': 0.0008960618288256228, 'training/total_loss': 0.0009035555995069444, 'training/value_loss': 1.4987508620833978e-05}
{'eval/num_episodes': 200, 'eval/num_steps': 200, 'eval/mean_score': np.float64(0.901), 'eval/std_score': np.float64(0.01), 'eval/mean_episode_length': np.float64(1.0), 'eval/std_episode_length': np.float64(0.0), 'eval/eval_time': 0.07010412216186523}
{'training/total_steps': 44000, 'training/updates': 22, 'training/sps': np.float64(5932.835), 'training/walltime': np.float64(9.375), 'training/rollout_time': np.float64(0.336), 'training/update_time': np.float64(0.001), 'training/approx_kl': 0.0, 'training/entropy': 0.017458859831094742, 'training/policy_loss': 0.0005979850539006293, 'training/total_loss': 0.0006029813084751368, 'training/value_loss': 9.992501873057336e-06}
{'eval/num_episodes': 200, 'eval/num_steps': 200, 'eval/mean_score': np.float64(0.9), 'eval/std_score': np.float64(0.0), 'eval/mean_episode_length': np.float64(1.0), 'eval/std_episode_length': np.float64(0.0), 'eval/eval_time': 0.07044792175292969}
{'training/total_steps': 46000, 'training/updates': 23, 'training/sps': np.float64(6507.155), 'training/walltime': np.float64(9.753), 'training/rollout_time': np.float64(0.306), 'training/update_time': np.float64(0.002), 'training/approx_kl': 0.0, 'training/entropy': 0.017461834475398064, 'training/policy_loss': 0.0005983900628052652, 'training/total_loss': 0.0006033850368112326, 'training/value_loss': 9.990005310100969e-06}
{'eval/num_episodes': 200, 'eval/num_steps': 200, 'eval/mean_score': np.float64(0.9), 'eval/std_score': np.float64(0.0), 'eval/mean_episode_length': np.float64(1.0), 'eval/std_episode_length': np.float64(0.0), 'eval/eval_time': 0.06900715827941895}
{'training/total_steps': 48000, 'training/updates': 24, 'training/sps': np.float64(5937.341), 'training/walltime': np.float64(10.16), 'training/rollout_time': np.float64(0.335), 'training/update_time': np.float64(0.002), 'training/approx_kl': 0.0, 'training/entropy': 0.017464783042669296, 'training/policy_loss': 0.0011969900224357843, 'training/total_loss': 0.0012069750810042024, 'training/value_loss': 1.9970020730397664e-05}
{'eval/num_episodes': 200, 'eval/num_steps': 200, 'eval/mean_score': np.float64(0.9), 'eval/std_score': np.float64(0.0), 'eval/mean_episode_length': np.float64(1.0), 'eval/std_episode_length': np.float64(0.0), 'eval/eval_time': 0.0729982852935791}
{'training/total_steps': 50000, 'training/updates': 25, 'training/sps': np.float64(6363.655), 'training/walltime': np.float64(10.547), 'training/rollout_time': np.float64(0.313), 'training/update_time': np.float64(0.002), 'training/approx_kl': 0.0, 'training/entropy': 0.017470693215727806, 'training/policy_loss': 0.0014944521244615316, 'training/total_loss': 0.0015069221844896674, 'training/value_loss': 2.4940012735896744e-05}
{'eval/num_episodes': 200, 'eval/num_steps': 200, 'eval/mean_score': np.float64(0.9), 'eval/std_score': np.float64(0.0), 'eval/mean_episode_length': np.float64(1.0), 'eval/std_episode_length': np.float64(0.0), 'eval/eval_time': 0.0709068775177002}
{'training/total_steps': 52000, 'training/updates': 26, 'training/sps': np.float64(6384.617), 'training/walltime': np.float64(10.932), 'training/rollout_time': np.float64(0.312), 'training/update_time': np.float64(0.001), 'training/approx_kl': 0.0, 'training/entropy': 0.017478201538324356, 'training/policy_loss': 0.0017922682454809546, 'training/total_loss': 0.0018072244711220264, 'training/value_loss': 2.9912518584751524e-05}
{'eval/num_episodes': 200, 'eval/num_steps': 200, 'eval/mean_score': np.float64(0.9), 'eval/std_score': np.float64(0.0), 'eval/mean_episode_length': np.float64(1.0), 'eval/std_episode_length': np.float64(0.0), 'eval/eval_time': 0.07068705558776855}
{'training/total_steps': 54000, 'training/updates': 27, 'training/sps': np.float64(5838.092), 'training/walltime': np.float64(11.346), 'training/rollout_time': np.float64(0.341), 'training/update_time': np.float64(0.002), 'training/approx_kl': 0.0, 'training/entropy': 0.017487075179815292, 'training/policy_loss': 0.0011937940726056695, 'training/total_loss': 0.0012037791311740875, 'training/value_loss': 1.9970015273429453e-05}
{'eval/num_episodes': 200, 'eval/num_steps': 200, 'eval/mean_score': np.float64(0.901), 'eval/std_score': np.float64(0.01), 'eval/mean_episode_length': np.float64(1.0), 'eval/std_episode_length': np.float64(0.0), 'eval/eval_time': 0.07423615455627441}
{'training/total_steps': 56000, 'training/updates': 28, 'training/sps': np.float64(6298.321), 'training/walltime': np.float64(11.738), 'training/rollout_time': np.float64(0.316), 'training/update_time': np.float64(0.002), 'training/approx_kl': 0.0, 'training/entropy': 0.01749310828745365, 'training/policy_loss': 0.001792994444258511, 'training/total_loss': 0.0018079543951898813, 'training/value_loss': 2.992000190715771e-05}
{'eval/num_episodes': 200, 'eval/num_steps': 200, 'eval/mean_score': np.float64(0.9), 'eval/std_score': np.float64(0.0), 'eval/mean_episode_length': np.float64(1.0), 'eval/std_episode_length': np.float64(0.0), 'eval/eval_time': 0.07277894020080566}
{'training/total_steps': 58000, 'training/updates': 29, 'training/sps': np.float64(5864.326), 'training/walltime': np.float64(12.152), 'training/rollout_time': np.float64(0.34), 'training/update_time': np.float64(0.001), 'training/approx_kl': 0.0, 'training/entropy': 0.017501987516880035, 'training/policy_loss': 0.0008950075134634972, 'training/total_loss': 0.0009025075123645365, 'training/value_loss': 1.5000014172983356e-05}
{'eval/num_episodes': 200, 'eval/num_steps': 200, 'eval/mean_score': np.float64(0.9), 'eval/std_score': np.float64(0.0), 'eval/mean_episode_length': np.float64(1.0), 'eval/std_episode_length': np.float64(0.0), 'eval/eval_time': 0.0713808536529541}
{'training/total_steps': 60000, 'training/updates': 30, 'training/sps': np.float64(6297.309), 'training/walltime': np.float64(12.541), 'training/rollout_time': np.float64(0.316), 'training/update_time': np.float64(0.001), 'training/approx_kl': 0.0, 'training/entropy': 0.017506543546915054, 'training/policy_loss': 0.0014947281451895833, 'training/total_loss': 0.0015072019305080175, 'training/value_loss': 2.4947488782345317e-05}
{'eval/num_episodes': 200, 'eval/num_steps': 200, 'eval/mean_score': np.float64(0.9), 'eval/std_score': np.float64(0.007), 'eval/mean_episode_length': np.float64(1.0), 'eval/std_episode_length': np.float64(0.0), 'eval/eval_time': 0.06987595558166504}
TRAINING END: training duration: 12.611665964126587
{'final_eval/num_episodes': 200, 'final_eval/num_steps': 200, 'final_eval/mean_score': np.float64(0.8999999761581421), 'final_eval/std_score': np.float64(0.0), 'final_eval/mean_episode_length': np.float64(1.0), 'final_eval/std_episode_length': np.float64(0.0)}
