E0619 18:17:43.013266  476578 ptx_compiler_helpers.cc:87] *** WARNING *** Invoking ptxas with version 12.4.131, which corresponds to a CUDA version <=12.6.2. CUDA versions 12.x.y up to and including 12.6.2 miscompile certain edge cases around clamping.
Please upgrade to CUDA 12.6.3 or newer.
wandb: [wandb.login()] Loaded credentials for https://api.wandb.ai from /root/.netrc.
wandb: Currently logged in as: mariberger (mariberger-eth-z-rich) to https://api.wandb.ai. Use `wandb login --relogin` to force relogin
wandb: Tracking run with wandb version 0.27.2
wandb: Run data is saved locally in /workspace/PCPG/wandb/run-20260619_181748-4gvawnp7
wandb: Run `wandb offline` to turn off syncing.
wandb: Syncing run Exp_reinforce_mujoco__halfcheetah__1
wandb: ⭐️ View project at https://wandb.ai/mariberger-eth-z-rich/mujoco-pcpg
wandb: 🚀 View run at https://wandb.ai/mariberger-eth-z-rich/mujoco-pcpg/runs/4gvawnp7
Failed to import warp: No module named 'warp'
Failed to import mujoco_warp: No module named 'warp'
[run_train] algorithm=reinforce env=halfcheetah num_envs=1 total_steps=300000 seed=1 use_cnn=False
|param: value|
|experiment_name:  reinforce_mujoco|
|seed:  1|
|platform:  cpu|
|write_logs_to_file:  False|
|save_model:  False|
|env_name:  halfcheetah|
|num_envs:  1|
|num_train_levels:  200|
|distribution_mode:  easy|
|arm_means:  (1.0, 0.9)|
|deterministic_rewards:  True|
|eval_env:  True|
|num_eval_episodes:  10|
|eval_every:  20|
|deterministic_eval:  True|
|normalize_observations:  True|
|total_timesteps:  300000|
|learning_rate:  0.0003|
|optimizer:  adam|
|unroll_length:  16|
|anneal_lr:  False|
|gamma:  0.99|
|batch_size:  8|
|num_minibatches:  1|
|update_epochs:  4|
|entropy_cost:  0.0|
|max_grad_norm:  0.5|
|reward_scaling:  1.0|
|use_cnn:  False|
|policy_hidden_layer_sizes:  [128, 128, 128, 128]|
|value_hidden_layer_sizes:  [128, 128, 128, 128]|
|activation:  <jax._src.custom_derivatives.custom_jvp object at 0x794bbfbad990>|
|policy_init_logit_bias:  None|
|checkpoint_dir:  /workspace/PCPG/outputs/checkpoints|
Using JAX default device: cuda:0.
/usr/local/lib/python3.11/dist-packages/brax/io/mjcf.py:480: UserWarning: Brax System, piplines and environments are not actively being maintained. Please see MJX for a well maintained JAX-based physics engine: https://github.com/google-deepmind/mujoco/tree/main/mjx. For a host of environments that use MJX, see: https://github.com/google-deepmind/mujoco_playground.
  warnings.warn(
Using JAX default device: cuda:0.
Using JAX default device: cuda:0.
Using JAX default device: cuda:0.
/usr/local/lib/python3.11/dist-packages/brax/io/mjcf.py:480: UserWarning: Brax System, piplines and environments are not actively being maintained. Please see MJX for a well maintained JAX-based physics engine: https://github.com/google-deepmind/mujoco/tree/main/mjx. For a host of environments that use MJX, see: https://github.com/google-deepmind/mujoco_playground.
  warnings.warn(
Using JAX default device: cuda:0.
Using JAX default device: cuda:0.
{'training/total_steps': 2000, 'training/updates': 1, 'training/sps': np.float64(37.406), 'training/walltime': np.float64(53.467), 'training/rollout_time': np.float64(45.942), 'training/update_time': np.float64(7.525), 'training/approx_kl': 0.01752651482820511, 'training/entropy': 3.653456211090088, 'training/policy_loss': -0.38831454515457153, 'training/total_loss': -0.23791980743408203, 'training/value_loss': 0.3007894456386566}
{'training/total_steps': 4000, 'training/updates': 2, 'training/sps': np.float64(65.572), 'training/walltime': np.float64(83.977), 'training/rollout_time': np.float64(30.487), 'training/update_time': np.float64(0.013), 'training/approx_kl': 0.02037740685045719, 'training/entropy': 3.703847885131836, 'training/policy_loss': 0.20483630895614624, 'training/total_loss': 0.37095633149147034, 'training/value_loss': 0.3322400450706482}
{'training/total_steps': 6000, 'training/updates': 3, 'training/sps': np.float64(66.454), 'training/walltime': np.float64(114.081), 'training/rollout_time': np.float64(30.079), 'training/update_time': np.float64(0.017), 'training/approx_kl': 0.014901742339134216, 'training/entropy': 3.630739212036133, 'training/policy_loss': 0.24515479803085327, 'training/total_loss': 0.3648338317871094, 'training/value_loss': 0.2393580824136734}
{'training/total_steps': 8000, 'training/updates': 4, 'training/sps': np.float64(64.975), 'training/walltime': np.float64(144.87), 'training/rollout_time': np.float64(30.758), 'training/update_time': np.float64(0.023), 'training/approx_kl': 0.018485836684703827, 'training/entropy': 3.447134017944336, 'training/policy_loss': -0.03508630394935608, 'training/total_loss': 0.0548178069293499, 'training/value_loss': 0.17980819940567017}
{'training/total_steps': 10000, 'training/updates': 5, 'training/sps': np.float64(64.725), 'training/walltime': np.float64(175.778), 'training/rollout_time': np.float64(30.889), 'training/update_time': np.float64(0.011), 'training/approx_kl': 0.02901880070567131, 'training/entropy': 3.147226333618164, 'training/policy_loss': -0.2695976495742798, 'training/total_loss': -0.19731631875038147, 'training/value_loss': 0.14456266164779663}
{'training/total_steps': 12000, 'training/updates': 6, 'training/sps': np.float64(63.37), 'training/walltime': np.float64(207.342), 'training/rollout_time': np.float64(31.549), 'training/update_time': np.float64(0.012), 'training/approx_kl': 0.0366065576672554, 'training/entropy': 2.567570686340332, 'training/policy_loss': -0.11887107789516449, 'training/total_loss': -0.07148052006959915, 'training/value_loss': 0.09478110074996948}
{'training/total_steps': 14000, 'training/updates': 7, 'training/sps': np.float64(62.052), 'training/walltime': np.float64(239.584), 'training/rollout_time': np.float64(32.219), 'training/update_time': np.float64(0.012), 'training/approx_kl': 0.0786994993686676, 'training/entropy': 1.858353853225708, 'training/policy_loss': -0.13943420350551605, 'training/total_loss': -0.11032024025917053, 'training/value_loss': 0.05822794884443283}
{'training/total_steps': 16000, 'training/updates': 8, 'training/sps': np.float64(58.524), 'training/walltime': np.float64(273.762), 'training/rollout_time': np.float64(34.163), 'training/update_time': np.float64(0.011), 'training/approx_kl': 0.10861267149448395, 'training/entropy': 0.7785645127296448, 'training/policy_loss': -0.06832703202962875, 'training/total_loss': -0.052636392414569855, 'training/value_loss': 0.0313812755048275}
{'training/total_steps': 18000, 'training/updates': 9, 'training/sps': np.float64(59.004), 'training/walltime': np.float64(307.664), 'training/rollout_time': np.float64(33.886), 'training/update_time': np.float64(0.01), 'training/approx_kl': 0.08695250749588013, 'training/entropy': -0.11875943839550018, 'training/policy_loss': -0.013111179694533348, 'training/total_loss': -0.0023797450121492147, 'training/value_loss': 0.02146286889910698}
{'training/total_steps': 20000, 'training/updates': 10, 'training/sps': np.float64(58.3), 'training/walltime': np.float64(341.973), 'training/rollout_time': np.float64(34.294), 'training/update_time': np.float64(0.012), 'training/approx_kl': 0.07923512160778046, 'training/entropy': -0.6557716131210327, 'training/policy_loss': -0.003273565787822008, 'training/total_loss': 0.004929618909955025, 'training/value_loss': 0.01640636846423149}
{'training/total_steps': 22000, 'training/updates': 11, 'training/sps': np.float64(59.249), 'training/walltime': np.float64(375.736), 'training/rollout_time': np.float64(33.726), 'training/update_time': np.float64(0.03), 'training/approx_kl': 0.1111908033490181, 'training/entropy': -1.1524450778961182, 'training/policy_loss': -0.0342172235250473, 'training/total_loss': -0.02495155856013298, 'training/value_loss': 0.018531333655118942}
{'training/total_steps': 24000, 'training/updates': 12, 'training/sps': np.float64(61.302), 'training/walltime': np.float64(408.364), 'training/rollout_time': np.float64(32.61), 'training/update_time': np.float64(0.016), 'training/approx_kl': 0.11917237192392349, 'training/entropy': -2.042840003967285, 'training/policy_loss': -0.10742697864770889, 'training/total_loss': -0.09479473531246185, 'training/value_loss': 0.02526448294520378}
{'training/total_steps': 26000, 'training/updates': 13, 'training/sps': np.float64(60.864), 'training/walltime': np.float64(441.232), 'training/rollout_time': np.float64(32.849), 'training/update_time': np.float64(0.011), 'training/approx_kl': 0.16436216235160828, 'training/entropy': -3.0197360515594482, 'training/policy_loss': -0.0323077067732811, 'training/total_loss': -0.023347677662968636, 'training/value_loss': 0.017920061945915222}
{'training/total_steps': 28000, 'training/updates': 14, 'training/sps': np.float64(60.903), 'training/walltime': np.float64(474.078), 'training/rollout_time': np.float64(32.816), 'training/update_time': np.float64(0.024), 'training/approx_kl': 0.38943707942962646, 'training/entropy': -4.292027473449707, 'training/policy_loss': 0.009687284007668495, 'training/total_loss': 0.015654897317290306, 'training/value_loss': 0.011935225687921047}
{'training/total_steps': 30000, 'training/updates': 15, 'training/sps': np.float64(59.305), 'training/walltime': np.float64(507.808), 'training/rollout_time': np.float64(33.709), 'training/update_time': np.float64(0.015), 'training/approx_kl': 0.39310774207115173, 'training/entropy': -6.544592380523682, 'training/policy_loss': -0.14544038474559784, 'training/total_loss': -0.14120912551879883, 'training/value_loss': 0.008462516590952873}
{'training/total_steps': 32000, 'training/updates': 16, 'training/sps': np.float64(59.323), 'training/walltime': np.float64(541.535), 'training/rollout_time': np.float64(33.694), 'training/update_time': np.float64(0.02), 'training/approx_kl': 0.342254638671875, 'training/entropy': -7.677227020263672, 'training/policy_loss': 0.12248459458351135, 'training/total_loss': 0.1258956640958786, 'training/value_loss': 0.006822146009653807}
{'training/total_steps': 34000, 'training/updates': 17, 'training/sps': np.float64(59.895), 'training/walltime': np.float64(574.933), 'training/rollout_time': np.float64(33.38), 'training/update_time': np.float64(0.012), 'training/approx_kl': 1.0788346529006958, 'training/entropy': -8.655292510986328, 'training/policy_loss': 0.3459424674510956, 'training/total_loss': 0.3495127558708191, 'training/value_loss': 0.0071406131610274315}
{'training/total_steps': 36000, 'training/updates': 18, 'training/sps': np.float64(60.746), 'training/walltime': np.float64(607.861), 'training/rollout_time': np.float64(32.912), 'training/update_time': np.float64(0.012), 'training/approx_kl': 2.6811001300811768, 'training/entropy': -11.521993637084961, 'training/policy_loss': 0.3040575385093689, 'training/total_loss': 0.3069722354412079, 'training/value_loss': 0.005829371511936188}
{'training/total_steps': 38000, 'training/updates': 19, 'training/sps': np.float64(60.621), 'training/walltime': np.float64(640.858), 'training/rollout_time': np.float64(32.955), 'training/update_time': np.float64(0.037), 'training/approx_kl': 18.883359909057617, 'training/entropy': -17.764110565185547, 'training/policy_loss': 0.11277290433645248, 'training/total_loss': 0.11475180089473724, 'training/value_loss': 0.003957804292440414}
{'training/total_steps': 40000, 'training/updates': 20, 'training/sps': np.float64(60.021), 'training/walltime': np.float64(674.184), 'training/rollout_time': np.float64(33.31), 'training/update_time': np.float64(0.012), 'training/approx_kl': 5.3042426109313965, 'training/entropy': -14.620725631713867, 'training/policy_loss': -0.2919999659061432, 'training/total_loss': -0.2889288663864136, 'training/value_loss': 0.006142165046185255}
{'eval/num_episodes': 10, 'eval/num_steps': 10000, 'eval/mean_score': np.float64(-265.482), 'eval/std_score': np.float64(2.18), 'eval/mean_episode_length': np.float64(1000.0), 'eval/std_episode_length': np.float64(0.0), 'eval/eval_time': 157.08360052108765}
{'training/total_steps': 42000, 'training/updates': 21, 'training/sps': np.float64(61.335), 'training/walltime': np.float64(863.885), 'training/rollout_time': np.float64(32.586), 'training/update_time': np.float64(0.022), 'training/approx_kl': 58.71742248535156, 'training/entropy': -21.94252586364746, 'training/policy_loss': -4.22169303894043, 'training/total_loss': -4.217141151428223, 'training/value_loss': 0.009103957563638687}
{'training/total_steps': 44000, 'training/updates': 22, 'training/sps': np.float64(62.129), 'training/walltime': np.float64(896.083), 'training/rollout_time': np.float64(32.173), 'training/update_time': np.float64(0.018), 'training/approx_kl': 128.4688262939453, 'training/entropy': -22.52223014831543, 'training/policy_loss': -14.664997100830078, 'training/total_loss': -14.66102123260498, 'training/value_loss': 0.007951577194035053}
{'training/total_steps': 46000, 'training/updates': 23, 'training/sps': np.float64(61.397), 'training/walltime': np.float64(928.662), 'training/rollout_time': np.float64(32.548), 'training/update_time': np.float64(0.027), 'training/approx_kl': 222.365234375, 'training/entropy': -20.138174057006836, 'training/policy_loss': -50.547752380371094, 'training/total_loss': -50.539573669433594, 'training/value_loss': 0.016362231224775314}
{'training/total_steps': 48000, 'training/updates': 24, 'training/sps': np.float64(60.71), 'training/walltime': np.float64(961.609), 'training/rollout_time': np.float64(32.911), 'training/update_time': np.float64(0.032), 'training/approx_kl': 343.7577209472656, 'training/entropy': -21.93421173095703, 'training/policy_loss': -92.97474670410156, 'training/total_loss': -92.96491241455078, 'training/value_loss': 0.019678223878145218}
{'training/total_steps': 50000, 'training/updates': 25, 'training/sps': np.float64(63.359), 'training/walltime': np.float64(993.189), 'training/rollout_time': np.float64(31.556), 'training/update_time': np.float64(0.01), 'training/approx_kl': 667.3485717773438, 'training/entropy': -24.42193031311035, 'training/policy_loss': -180.58126831054688, 'training/total_loss': -180.56893920898438, 'training/value_loss': 0.024632692337036133}
{'training/total_steps': 52000, 'training/updates': 26, 'training/sps': np.float64(61.382), 'training/walltime': np.float64(1025.776), 'training/rollout_time': np.float64(32.571), 'training/update_time': np.float64(0.011), 'training/approx_kl': 536.6091918945312, 'training/entropy': -25.475624084472656, 'training/policy_loss': -76.84163665771484, 'training/total_loss': -76.8293685913086, 'training/value_loss': 0.024528156965970993}
{'training/total_steps': 54000, 'training/updates': 27, 'training/sps': np.float64(60.915), 'training/walltime': np.float64(1058.613), 'training/rollout_time': np.float64(32.821), 'training/update_time': np.float64(0.012), 'training/approx_kl': 887.0181884765625, 'training/entropy': -27.518280029296875, 'training/policy_loss': -167.32057189941406, 'training/total_loss': -167.30506896972656, 'training/value_loss': 0.03101789765059948}
{'training/total_steps': 56000, 'training/updates': 28, 'training/sps': np.float64(60.298), 'training/walltime': np.float64(1091.789), 'training/rollout_time': np.float64(33.134), 'training/update_time': np.float64(0.035), 'training/approx_kl': 2475.427978515625, 'training/entropy': -31.470054626464844, 'training/policy_loss': -542.9605712890625, 'training/total_loss': -542.9400634765625, 'training/value_loss': 0.04112137109041214}
{'training/total_steps': 58000, 'training/updates': 29, 'training/sps': np.float64(61.854), 'training/walltime': np.float64(1124.128), 'training/rollout_time': np.float64(32.314), 'training/update_time': np.float64(0.021), 'training/approx_kl': 5810.314453125, 'training/entropy': -35.524261474609375, 'training/policy_loss': -1441.380126953125, 'training/total_loss': -1441.3544921875, 'training/value_loss': 0.051282964646816254}
{'training/total_steps': 60000, 'training/updates': 30, 'training/sps': np.float64(62.024), 'training/walltime': np.float64(1156.378), 'training/rollout_time': np.float64(32.235), 'training/update_time': np.float64(0.011), 'training/approx_kl': 12633.9267578125, 'training/entropy': -40.50732421875, 'training/policy_loss': -3298.33837890625, 'training/total_loss': -3298.3076171875, 'training/value_loss': 0.06142789497971535}
{'training/total_steps': 62000, 'training/updates': 31, 'training/sps': np.float64(61.923), 'training/walltime': np.float64(1188.68), 'training/rollout_time': np.float64(32.262), 'training/update_time': np.float64(0.036), 'training/approx_kl': 24133.400390625, 'training/entropy': -45.76032638549805, 'training/policy_loss': -6818.61962890625, 'training/total_loss': -6818.5830078125, 'training/value_loss': 0.07329965382814407}
{'training/total_steps': 64000, 'training/updates': 32, 'training/sps': np.float64(63.904), 'training/walltime': np.float64(1219.982), 'training/rollout_time': np.float64(31.286), 'training/update_time': np.float64(0.011), 'training/approx_kl': 41970.41015625, 'training/entropy': -51.6451416015625, 'training/policy_loss': -12326.6484375, 'training/total_loss': -12326.607421875, 'training/value_loss': 0.0830969288945198}
{'training/total_steps': 66000, 'training/updates': 33, 'training/sps': np.float64(63.773), 'training/walltime': np.float64(1251.349), 'training/rollout_time': np.float64(31.328), 'training/update_time': np.float64(0.033), 'training/approx_kl': 60990.1953125, 'training/entropy': -57.33863067626953, 'training/policy_loss': -18292.42578125, 'training/total_loss': -18292.380859375, 'training/value_loss': 0.09002471715211868}
{'training/total_steps': 68000, 'training/updates': 34, 'training/sps': np.float64(64.605), 'training/walltime': np.float64(1282.311), 'training/rollout_time': np.float64(30.947), 'training/update_time': np.float64(0.011), 'training/approx_kl': 79440.296875, 'training/entropy': -63.31538391113281, 'training/policy_loss': -24311.24609375, 'training/total_loss': -24311.19921875, 'training/value_loss': 0.0939120501279831}
{'training/total_steps': 70000, 'training/updates': 35, 'training/sps': np.float64(64.935), 'training/walltime': np.float64(1313.123), 'training/rollout_time': np.float64(30.767), 'training/update_time': np.float64(0.033), 'training/approx_kl': 96119.84375, 'training/entropy': -69.1256103515625, 'training/policy_loss': -30089.96484375, 'training/total_loss': -30089.9140625, 'training/value_loss': 0.09862492978572845}
{'training/total_steps': 72000, 'training/updates': 36, 'training/sps': np.float64(63.349), 'training/walltime': np.float64(1344.7), 'training/rollout_time': np.float64(31.538), 'training/update_time': np.float64(0.033), 'training/approx_kl': 113146.4609375, 'training/entropy': -75.13014221191406, 'training/policy_loss': -36024.46875, 'training/total_loss': -36024.41796875, 'training/value_loss': 0.1014166921377182}
{'training/total_steps': 74000, 'training/updates': 37, 'training/sps': np.float64(63.552), 'training/walltime': np.float64(1376.176), 'training/rollout_time': np.float64(31.451), 'training/update_time': np.float64(0.02), 'training/approx_kl': 133429.953125, 'training/entropy': -81.72454833984375, 'training/policy_loss': -42579.3984375, 'training/total_loss': -42579.34375, 'training/value_loss': 0.10200655460357666}
{'training/total_steps': 76000, 'training/updates': 38, 'training/sps': np.float64(64.063), 'training/walltime': np.float64(1407.399), 'training/rollout_time': np.float64(31.199), 'training/update_time': np.float64(0.02), 'training/approx_kl': 158227.125, 'training/entropy': -87.9405517578125, 'training/policy_loss': -50832.35546875, 'training/total_loss': -50832.30078125, 'training/value_loss': 0.10321113467216492}
{'training/total_steps': 78000, 'training/updates': 39, 'training/sps': np.float64(64.198), 'training/walltime': np.float64(1438.557), 'training/rollout_time': np.float64(31.142), 'training/update_time': np.float64(0.011), 'training/approx_kl': 190964.96875, 'training/entropy': -94.29867553710938, 'training/policy_loss': -61422.5859375, 'training/total_loss': -61422.53515625, 'training/value_loss': 0.10398771613836288}
{'training/total_steps': 80000, 'training/updates': 40, 'training/sps': np.float64(64.45), 'training/walltime': np.float64(1469.593), 'training/rollout_time': np.float64(31.003), 'training/update_time': np.float64(0.029), 'training/approx_kl': 233900.78125, 'training/entropy': -100.7952880859375, 'training/policy_loss': -75930.8203125, 'training/total_loss': -75930.765625, 'training/value_loss': 0.10583175718784332}
{'eval/num_episodes': 10, 'eval/num_steps': 10000, 'eval/mean_score': np.float64(-522.185), 'eval/std_score': np.float64(2.073), 'eval/mean_episode_length': np.float64(1000.0), 'eval/std_episode_length': np.float64(0.0), 'eval/eval_time': 131.24389934539795}
{'training/total_steps': 82000, 'training/updates': 41, 'training/sps': np.float64(64.675), 'training/walltime': np.float64(1631.769), 'training/rollout_time': np.float64(30.913), 'training/update_time': np.float64(0.011), 'training/approx_kl': 231047.03125, 'training/entropy': -99.92750549316406, 'training/policy_loss': -78285.828125, 'training/total_loss': -78285.7734375, 'training/value_loss': 0.11561749130487442}
{'training/total_steps': 84000, 'training/updates': 42, 'training/sps': np.float64(64.403), 'training/walltime': np.float64(1662.83), 'training/rollout_time': np.float64(31.034), 'training/update_time': np.float64(0.021), 'training/approx_kl': 293212.75, 'training/entropy': -108.20516204833984, 'training/policy_loss': -99682.9140625, 'training/total_loss': -99682.859375, 'training/value_loss': 0.11693885922431946}
{'training/total_steps': 86000, 'training/updates': 43, 'training/sps': np.float64(65.05), 'training/walltime': np.float64(1693.579), 'training/rollout_time': np.float64(30.734), 'training/update_time': np.float64(0.011), 'training/approx_kl': 361330.84375, 'training/entropy': -116.7818603515625, 'training/policy_loss': -124767.421875, 'training/total_loss': -124767.3671875, 'training/value_loss': 0.11991777271032333}
{'training/total_steps': 88000, 'training/updates': 44, 'training/sps': np.float64(64.572), 'training/walltime': np.float64(1724.555), 'training/rollout_time': np.float64(30.962), 'training/update_time': np.float64(0.011), 'training/approx_kl': 446749.78125, 'training/entropy': -126.39968872070312, 'training/policy_loss': -155611.8125, 'training/total_loss': -155611.75, 'training/value_loss': 0.12217806279659271}
{'training/total_steps': 90000, 'training/updates': 45, 'training/sps': np.float64(64.645), 'training/walltime': np.float64(1755.499), 'training/rollout_time': np.float64(30.927), 'training/update_time': np.float64(0.011), 'training/approx_kl': 543243.5625, 'training/entropy': -137.1705322265625, 'training/policy_loss': -191438.609375, 'training/total_loss': -191438.546875, 'training/value_loss': 0.12532246112823486}
{'training/total_steps': 92000, 'training/updates': 46, 'training/sps': np.float64(64.61), 'training/walltime': np.float64(1786.459), 'training/rollout_time': np.float64(30.944), 'training/update_time': np.float64(0.011), 'training/approx_kl': 639855.5, 'training/entropy': -148.01284790039062, 'training/policy_loss': -229353.875, 'training/total_loss': -229353.8125, 'training/value_loss': 0.12890249490737915}
{'training/total_steps': 94000, 'training/updates': 47, 'training/sps': np.float64(64.652), 'training/walltime': np.float64(1817.403), 'training/rollout_time': np.float64(30.923), 'training/update_time': np.float64(0.011), 'training/approx_kl': 743211.125, 'training/entropy': -160.18374633789062, 'training/policy_loss': -270521.0625, 'training/total_loss': -270521.0, 'training/value_loss': 0.1330585777759552}
{'training/total_steps': 96000, 'training/updates': 48, 'training/sps': np.float64(65.833), 'training/walltime': np.float64(1847.79), 'training/rollout_time': np.float64(30.359), 'training/update_time': np.float64(0.021), 'training/approx_kl': 851322.9375, 'training/entropy': -173.42218017578125, 'training/policy_loss': -315036.4375, 'training/total_loss': -315036.375, 'training/value_loss': 0.13803842663764954}
{'training/total_steps': 98000, 'training/updates': 49, 'training/sps': np.float64(65.718), 'training/walltime': np.float64(1878.227), 'training/rollout_time': np.float64(30.416), 'training/update_time': np.float64(0.017), 'training/approx_kl': 968596.5625, 'training/entropy': -187.60409545898438, 'training/policy_loss': -366804.3125, 'training/total_loss': -366804.25, 'training/value_loss': 0.14389362931251526}
{'training/total_steps': 100000, 'training/updates': 50, 'training/sps': np.float64(65.89), 'training/walltime': np.float64(1908.586), 'training/rollout_time': np.float64(30.342), 'training/update_time': np.float64(0.012), 'training/approx_kl': 1104035.125, 'training/entropy': -203.8488006591797, 'training/policy_loss': -425888.40625, 'training/total_loss': -425888.3125, 'training/value_loss': 0.15060284733772278}
{'training/total_steps': 102000, 'training/updates': 51, 'training/sps': np.float64(67.432), 'training/walltime': np.float64(1938.249), 'training/rollout_time': np.float64(29.64), 'training/update_time': np.float64(0.02), 'training/approx_kl': 1237895.75, 'training/entropy': -220.10935974121094, 'training/policy_loss': -492258.4375, 'training/total_loss': -492258.34375, 'training/value_loss': 0.15846356749534607}
{'training/total_steps': 104000, 'training/updates': 52, 'training/sps': np.float64(67.533), 'training/walltime': np.float64(1967.868), 'training/rollout_time': np.float64(29.601), 'training/update_time': np.float64(0.014), 'training/approx_kl': 1392538.625, 'training/entropy': -238.02259826660156, 'training/policy_loss': -565061.5625, 'training/total_loss': -565061.5, 'training/value_loss': 0.16611118614673615}
{'training/total_steps': 106000, 'training/updates': 53, 'training/sps': np.float64(68.787), 'training/walltime': np.float64(1996.951), 'training/rollout_time': np.float64(29.064), 'training/update_time': np.float64(0.011), 'training/approx_kl': 1516382.25, 'training/entropy': -254.63819885253906, 'training/policy_loss': -624971.375, 'training/total_loss': -624971.25, 'training/value_loss': 0.17113655805587769}
{'training/total_steps': 108000, 'training/updates': 54, 'training/sps': np.float64(68.354), 'training/walltime': np.float64(2026.213), 'training/rollout_time': np.float64(29.248), 'training/update_time': np.float64(0.012), 'training/approx_kl': 1688120.75, 'training/entropy': -273.8335266113281, 'training/policy_loss': -707739.375, 'training/total_loss': -707739.25, 'training/value_loss': 0.17733526229858398}
{'training/total_steps': 110000, 'training/updates': 55, 'training/sps': np.float64(68.31), 'training/walltime': np.float64(2055.504), 'training/rollout_time': np.float64(29.261), 'training/update_time': np.float64(0.017), 'training/approx_kl': 1914244.0, 'training/entropy': -296.0566711425781, 'training/policy_loss': -824342.8125, 'training/total_loss': -824342.75, 'training/value_loss': 0.1866047978401184}
{'training/total_steps': 112000, 'training/updates': 56, 'training/sps': np.float64(69.043), 'training/walltime': np.float64(2084.475), 'training/rollout_time': np.float64(28.957), 'training/update_time': np.float64(0.011), 'training/approx_kl': 2186488.5, 'training/entropy': -321.735595703125, 'training/policy_loss': -962817.5, 'training/total_loss': -962817.375, 'training/value_loss': 0.19547957181930542}
{'training/total_steps': 114000, 'training/updates': 57, 'training/sps': np.float64(69.131), 'training/walltime': np.float64(2113.408), 'training/rollout_time': np.float64(28.92), 'training/update_time': np.float64(0.01), 'training/approx_kl': 2541605.0, 'training/entropy': -352.74969482421875, 'training/policy_loss': -1151496.5, 'training/total_loss': -1151496.375, 'training/value_loss': 0.20601040124893188}
{'training/total_steps': 116000, 'training/updates': 58, 'training/sps': np.float64(70.163), 'training/walltime': np.float64(2141.916), 'training/rollout_time': np.float64(28.496), 'training/update_time': np.float64(0.009), 'training/approx_kl': 2922427.75, 'training/entropy': -381.4949645996094, 'training/policy_loss': -1342937.5, 'training/total_loss': -1342937.5, 'training/value_loss': 0.213527649641037}
{'training/total_steps': 118000, 'training/updates': 59, 'training/sps': np.float64(69.496), 'training/walltime': np.float64(2170.7), 'training/rollout_time': np.float64(28.768), 'training/update_time': np.float64(0.011), 'training/approx_kl': 3209982.5, 'training/entropy': -403.89739990234375, 'training/policy_loss': -1480523.75, 'training/total_loss': -1480523.5, 'training/value_loss': 0.21701201796531677}
{'training/total_steps': 120000, 'training/updates': 60, 'training/sps': np.float64(69.21), 'training/walltime': np.float64(2199.601), 'training/rollout_time': np.float64(28.865), 'training/update_time': np.float64(0.032), 'training/approx_kl': 3426261.0, 'training/entropy': -424.1636962890625, 'training/policy_loss': -1586964.5, 'training/total_loss': -1586964.25, 'training/value_loss': 0.21821525692939758}
{'eval/num_episodes': 10, 'eval/num_steps': 10000, 'eval/mean_score': np.float64(-600.425), 'eval/std_score': np.float64(0.009), 'eval/mean_episode_length': np.float64(1000.0), 'eval/std_episode_length': np.float64(0.0), 'eval/eval_time': 130.65012407302856}
{'training/total_steps': 122000, 'training/updates': 61, 'training/sps': np.float64(68.72), 'training/walltime': np.float64(2359.369), 'training/rollout_time': np.float64(29.068), 'training/update_time': np.float64(0.035), 'training/approx_kl': 3367762.75, 'training/entropy': -431.0874328613281, 'training/policy_loss': -1580252.5, 'training/total_loss': -1580252.5, 'training/value_loss': 0.22228044271469116}
{'training/total_steps': 124000, 'training/updates': 62, 'training/sps': np.float64(68.783), 'training/walltime': np.float64(2388.451), 'training/rollout_time': np.float64(29.056), 'training/update_time': np.float64(0.021), 'training/approx_kl': 3543535.0, 'training/entropy': -453.2105712890625, 'training/policy_loss': -1663641.75, 'training/total_loss': -1663641.75, 'training/value_loss': 0.2234150767326355}
{'training/total_steps': 126000, 'training/updates': 63, 'training/sps': np.float64(68.524), 'training/walltime': np.float64(2417.643), 'training/rollout_time': np.float64(29.165), 'training/update_time': np.float64(0.022), 'training/approx_kl': 3718078.75, 'training/entropy': -476.2251281738281, 'training/policy_loss': -1742667.5, 'training/total_loss': -1742667.25, 'training/value_loss': 0.22417093813419342}
{'training/total_steps': 128000, 'training/updates': 64, 'training/sps': np.float64(69.628), 'training/walltime': np.float64(2446.371), 'training/rollout_time': np.float64(28.713), 'training/update_time': np.float64(0.011), 'training/approx_kl': 3864862.5, 'training/entropy': -499.26519775390625, 'training/policy_loss': -1832677.5, 'training/total_loss': -1832677.375, 'training/value_loss': 0.22652731835842133}
{'training/total_steps': 130000, 'training/updates': 65, 'training/sps': np.float64(69.399), 'training/walltime': np.float64(2475.192), 'training/rollout_time': np.float64(28.799), 'training/update_time': np.float64(0.02), 'training/approx_kl': 4051110.25, 'training/entropy': -523.3707275390625, 'training/policy_loss': -1916131.875, 'training/total_loss': -1916131.75, 'training/value_loss': 0.22614094614982605}
{'training/total_steps': 132000, 'training/updates': 66, 'training/sps': np.float64(68.321), 'training/walltime': np.float64(2504.469), 'training/rollout_time': np.float64(29.254), 'training/update_time': np.float64(0.02), 'training/approx_kl': 4237847.0, 'training/entropy': -547.874755859375, 'training/policy_loss': -2009914.75, 'training/total_loss': -2009914.625, 'training/value_loss': 0.2275826334953308}
{'training/total_steps': 134000, 'training/updates': 67, 'training/sps': np.float64(69.011), 'training/walltime': np.float64(2533.454), 'training/rollout_time': np.float64(28.957), 'training/update_time': np.float64(0.024), 'training/approx_kl': 4425380.0, 'training/entropy': -573.4798583984375, 'training/policy_loss': -2106556.0, 'training/total_loss': -2106556.0, 'training/value_loss': 0.22831641137599945}
{'training/total_steps': 136000, 'training/updates': 68, 'training/sps': np.float64(69.172), 'training/walltime': np.float64(2562.37), 'training/rollout_time': np.float64(28.895), 'training/update_time': np.float64(0.019), 'training/approx_kl': 4655197.5, 'training/entropy': -599.6033935546875, 'training/policy_loss': -2217712.0, 'training/total_loss': -2217712.0, 'training/value_loss': 0.22862769663333893}
{'training/total_steps': 138000, 'training/updates': 69, 'training/sps': np.float64(69.837), 'training/walltime': np.float64(2591.012), 'training/rollout_time': np.float64(28.602), 'training/update_time': np.float64(0.036), 'training/approx_kl': 4955745.5, 'training/entropy': -626.8509521484375, 'training/policy_loss': -2345334.0, 'training/total_loss': -2345334.0, 'training/value_loss': 0.22873440384864807}
{'training/total_steps': 140000, 'training/updates': 70, 'training/sps': np.float64(71.656), 'training/walltime': np.float64(2618.929), 'training/rollout_time': np.float64(27.9), 'training/update_time': np.float64(0.011), 'training/approx_kl': 5235060.0, 'training/entropy': -655.39697265625, 'training/policy_loss': -2482191.0, 'training/total_loss': -2482191.0, 'training/value_loss': 0.2293705940246582}
{'training/total_steps': 142000, 'training/updates': 71, 'training/sps': np.float64(69.339), 'training/walltime': np.float64(2647.776), 'training/rollout_time': np.float64(28.832), 'training/update_time': np.float64(0.012), 'training/approx_kl': 5556823.5, 'training/entropy': -683.4188232421875, 'training/policy_loss': -2639755.0, 'training/total_loss': -2639755.0, 'training/value_loss': 0.23009324073791504}
{'training/total_steps': 144000, 'training/updates': 72, 'training/sps': np.float64(68.601), 'training/walltime': np.float64(2676.933), 'training/rollout_time': np.float64(29.143), 'training/update_time': np.float64(0.011), 'training/approx_kl': 5847461.5, 'training/entropy': -711.947021484375, 'training/policy_loss': -2808899.75, 'training/total_loss': -2808899.75, 'training/value_loss': 0.23154039680957794}
{'training/total_steps': 146000, 'training/updates': 73, 'training/sps': np.float64(68.924), 'training/walltime': np.float64(2705.954), 'training/rollout_time': np.float64(29.007), 'training/update_time': np.float64(0.01), 'training/approx_kl': 6174628.0, 'training/entropy': -740.7345581054688, 'training/policy_loss': -2965067.25, 'training/total_loss': -2965067.25, 'training/value_loss': 0.23173771798610687}
{'training/total_steps': 148000, 'training/updates': 74, 'training/sps': np.float64(68.953), 'training/walltime': np.float64(2734.961), 'training/rollout_time': np.float64(28.993), 'training/update_time': np.float64(0.013), 'training/approx_kl': 6372475.0, 'training/entropy': -763.1226806640625, 'training/policy_loss': -3006278.0, 'training/total_loss': -3006277.5, 'training/value_loss': 0.2232123166322708}
{'training/total_steps': 150000, 'training/updates': 75, 'training/sps': np.float64(66.945), 'training/walltime': np.float64(2764.84), 'training/rollout_time': np.float64(29.866), 'training/update_time': np.float64(0.009), 'training/approx_kl': 6180679.0, 'training/entropy': -765.1594848632812, 'training/policy_loss': -2250224.5, 'training/total_loss': -2250224.5, 'training/value_loss': 0.13458207249641418}
{'training/total_steps': 152000, 'training/updates': 76, 'training/sps': np.float64(66.462), 'training/walltime': np.float64(2794.935), 'training/rollout_time': np.float64(30.081), 'training/update_time': np.float64(0.011), 'training/approx_kl': 5839220.0, 'training/entropy': -731.908935546875, 'training/policy_loss': -1124158.25, 'training/total_loss': -1124158.25, 'training/value_loss': 0.03883350268006325}
{'training/total_steps': 154000, 'training/updates': 77, 'training/sps': np.float64(65.196), 'training/walltime': np.float64(2825.615), 'training/rollout_time': np.float64(30.656), 'training/update_time': np.float64(0.021), 'training/approx_kl': 8068946.0, 'training/entropy': -742.4345703125, 'training/policy_loss': 362964.90625, 'training/total_loss': 362964.90625, 'training/value_loss': 0.011668618768453598}
{'training/total_steps': 156000, 'training/updates': 78, 'training/sps': np.float64(62.218), 'training/walltime': np.float64(2857.765), 'training/rollout_time': np.float64(32.12), 'training/update_time': np.float64(0.025), 'training/approx_kl': 10421554.0, 'training/entropy': -755.922119140625, 'training/policy_loss': -264518.1875, 'training/total_loss': -264518.1875, 'training/value_loss': 0.0076452032662928104}
{'training/total_steps': 158000, 'training/updates': 79, 'training/sps': np.float64(66.142), 'training/walltime': np.float64(2888.009), 'training/rollout_time': np.float64(30.226), 'training/update_time': np.float64(0.012), 'training/approx_kl': 33308444.0, 'training/entropy': -584.44921875, 'training/policy_loss': -2109354.75, 'training/total_loss': -2109354.75, 'training/value_loss': 0.0062961275689303875}
{'training/total_steps': 160000, 'training/updates': 80, 'training/sps': np.float64(62.198), 'training/walltime': np.float64(2920.18), 'training/rollout_time': np.float64(32.144), 'training/update_time': np.float64(0.011), 'training/approx_kl': 53169380.0, 'training/entropy': -548.9817504882812, 'training/policy_loss': -3869272.5, 'training/total_loss': -3869272.5, 'training/value_loss': 0.010604972951114178}
{'eval/num_episodes': 10, 'eval/num_steps': 10000, 'eval/mean_score': np.float64(-521.102), 'eval/std_score': np.float64(0.867), 'eval/mean_episode_length': np.float64(1000.0), 'eval/std_episode_length': np.float64(0.0), 'eval/eval_time': 145.16498112678528}
{'training/total_steps': 162000, 'training/updates': 81, 'training/sps': np.float64(64.599), 'training/walltime': np.float64(3096.315), 'training/rollout_time': np.float64(30.941), 'training/update_time': np.float64(0.019), 'training/approx_kl': 41645668.0, 'training/entropy': -421.0550842285156, 'training/policy_loss': -4719226.0, 'training/total_loss': -4719226.0, 'training/value_loss': 0.016806766390800476}
{'training/total_steps': 164000, 'training/updates': 82, 'training/sps': np.float64(65.953), 'training/walltime': np.float64(3126.652), 'training/rollout_time': np.float64(30.314), 'training/update_time': np.float64(0.01), 'training/approx_kl': 34759756.0, 'training/entropy': -343.5664978027344, 'training/policy_loss': -2760546.5, 'training/total_loss': -2760546.5, 'training/value_loss': 0.008250018581748009}
{'training/total_steps': 166000, 'training/updates': 83, 'training/sps': np.float64(64.556), 'training/walltime': np.float64(3157.64), 'training/rollout_time': np.float64(30.956), 'training/update_time': np.float64(0.025), 'training/approx_kl': 25042318.0, 'training/entropy': -300.1604309082031, 'training/policy_loss': -4175443.0, 'training/total_loss': -4175443.0, 'training/value_loss': 0.04746997356414795}
{'training/total_steps': 168000, 'training/updates': 84, 'training/sps': np.float64(63.459), 'training/walltime': np.float64(3189.165), 'training/rollout_time': np.float64(31.506), 'training/update_time': np.float64(0.01), 'training/approx_kl': 21638260.0, 'training/entropy': -336.48858642578125, 'training/policy_loss': -4627666.0, 'training/total_loss': -4627666.0, 'training/value_loss': 0.08953878283500671}
{'training/total_steps': 170000, 'training/updates': 85, 'training/sps': np.float64(61.263), 'training/walltime': np.float64(3221.818), 'training/rollout_time': np.float64(32.619), 'training/update_time': np.float64(0.027), 'training/approx_kl': 17461602.0, 'training/entropy': -350.3578796386719, 'training/policy_loss': -5941560.0, 'training/total_loss': -5941560.0, 'training/value_loss': 0.13436193764209747}
{'training/total_steps': 172000, 'training/updates': 86, 'training/sps': np.float64(61.181), 'training/walltime': np.float64(3254.518), 'training/rollout_time': np.float64(32.681), 'training/update_time': np.float64(0.009), 'training/approx_kl': 12040736.0, 'training/entropy': -318.215087890625, 'training/policy_loss': -3510765.5, 'training/total_loss': -3510765.5, 'training/value_loss': 0.11321619153022766}
{'training/total_steps': 174000, 'training/updates': 87, 'training/sps': np.float64(61.82), 'training/walltime': np.float64(3286.873), 'training/rollout_time': np.float64(32.34), 'training/update_time': np.float64(0.012), 'training/approx_kl': 9316123.0, 'training/entropy': -309.7110595703125, 'training/policy_loss': -1929415.375, 'training/total_loss': -1929415.25, 'training/value_loss': 0.09003746509552002}
{'training/total_steps': 176000, 'training/updates': 88, 'training/sps': np.float64(61.582), 'training/walltime': np.float64(3319.354), 'training/rollout_time': np.float64(32.465), 'training/update_time': np.float64(0.012), 'training/approx_kl': 7705059.0, 'training/entropy': -307.6822204589844, 'training/policy_loss': -1002240.25, 'training/total_loss': -1002240.25, 'training/value_loss': 0.06440617889165878}
{'training/total_steps': 178000, 'training/updates': 89, 'training/sps': np.float64(64.922), 'training/walltime': np.float64(3350.164), 'training/rollout_time': np.float64(30.779), 'training/update_time': np.float64(0.028), 'training/approx_kl': 5105010.5, 'training/entropy': -326.2042236328125, 'training/policy_loss': -317644.75, 'training/total_loss': -317644.71875, 'training/value_loss': 0.07464585453271866}
{'training/total_steps': 180000, 'training/updates': 90, 'training/sps': np.float64(64.703), 'training/walltime': np.float64(3381.08), 'training/rollout_time': np.float64(30.896), 'training/update_time': np.float64(0.014), 'training/approx_kl': 2636028.5, 'training/entropy': -259.42388916015625, 'training/policy_loss': -393104.75, 'training/total_loss': -393104.6875, 'training/value_loss': 0.08199196308851242}
{'training/total_steps': 182000, 'training/updates': 91, 'training/sps': np.float64(64.705), 'training/walltime': np.float64(3411.994), 'training/rollout_time': np.float64(30.9), 'training/update_time': np.float64(0.01), 'training/approx_kl': 1097093.75, 'training/entropy': -101.6239013671875, 'training/policy_loss': -240578.703125, 'training/total_loss': -240578.671875, 'training/value_loss': 0.08197200298309326}
{'training/total_steps': 184000, 'training/updates': 92, 'training/sps': np.float64(61.14), 'training/walltime': np.float64(3444.711), 'training/rollout_time': np.float64(32.689), 'training/update_time': np.float64(0.023), 'training/approx_kl': 2413544.75, 'training/entropy': -216.7829132080078, 'training/policy_loss': -368386.6875, 'training/total_loss': -368386.625, 'training/value_loss': 0.06963802129030228}
{'training/total_steps': 186000, 'training/updates': 93, 'training/sps': np.float64(58.947), 'training/walltime': np.float64(3478.65), 'training/rollout_time': np.float64(33.908), 'training/update_time': np.float64(0.021), 'training/approx_kl': 6934029.0, 'training/entropy': -206.5889892578125, 'training/policy_loss': -1284062.75, 'training/total_loss': -1284062.75, 'training/value_loss': 0.049018070101737976}
{'training/total_steps': 188000, 'training/updates': 94, 'training/sps': np.float64(60.869), 'training/walltime': np.float64(3511.515), 'training/rollout_time': np.float64(32.836), 'training/update_time': np.float64(0.022), 'training/approx_kl': 423073.5, 'training/entropy': -55.88006591796875, 'training/policy_loss': -5400.00634765625, 'training/total_loss': -5399.900390625, 'training/value_loss': 0.21266713738441467}
{'training/total_steps': 190000, 'training/updates': 95, 'training/sps': np.float64(60.388), 'training/walltime': np.float64(3544.64), 'training/rollout_time': np.float64(33.108), 'training/update_time': np.float64(0.011), 'training/approx_kl': 156484.09375, 'training/entropy': -56.346656799316406, 'training/policy_loss': 19628.650390625, 'training/total_loss': 19628.75, 'training/value_loss': 0.20184127986431122}
{'training/total_steps': 192000, 'training/updates': 96, 'training/sps': np.float64(60.109), 'training/walltime': np.float64(3577.916), 'training/rollout_time': np.float64(33.252), 'training/update_time': np.float64(0.021), 'training/approx_kl': 196783.5, 'training/entropy': -66.17781066894531, 'training/policy_loss': -27684.9609375, 'training/total_loss': -27684.876953125, 'training/value_loss': 0.16949641704559326}
{'training/total_steps': 194000, 'training/updates': 97, 'training/sps': np.float64(59.061), 'training/walltime': np.float64(3611.79), 'training/rollout_time': np.float64(33.829), 'training/update_time': np.float64(0.034), 'training/approx_kl': 963663.375, 'training/entropy': -167.16534423828125, 'training/policy_loss': -105104.4375, 'training/total_loss': -105104.390625, 'training/value_loss': 0.09586377441883087}
{'training/total_steps': 196000, 'training/updates': 98, 'training/sps': np.float64(58.331), 'training/walltime': np.float64(3646.085), 'training/rollout_time': np.float64(34.276), 'training/update_time': np.float64(0.011), 'training/approx_kl': 4121521.25, 'training/entropy': -179.05934143066406, 'training/policy_loss': -513066.9375, 'training/total_loss': -513066.9375, 'training/value_loss': 0.07240825146436691}
{'training/total_steps': 198000, 'training/updates': 99, 'training/sps': np.float64(58.635), 'training/walltime': np.float64(3680.201), 'training/rollout_time': np.float64(34.078), 'training/update_time': np.float64(0.032), 'training/approx_kl': 4909239.0, 'training/entropy': -175.6959991455078, 'training/policy_loss': -453237.3125, 'training/total_loss': -453237.25, 'training/value_loss': 0.09291718900203705}
{'training/total_steps': 200000, 'training/updates': 100, 'training/sps': np.float64(58.58), 'training/walltime': np.float64(3714.352), 'training/rollout_time': np.float64(34.108), 'training/update_time': np.float64(0.033), 'training/approx_kl': 3085981.0, 'training/entropy': -175.48095703125, 'training/policy_loss': -661376.625, 'training/total_loss': -661376.5625, 'training/value_loss': 0.1254703551530838}
{'eval/num_episodes': 10, 'eval/num_steps': 10000, 'eval/mean_score': np.float64(-553.328), 'eval/std_score': np.float64(0.566), 'eval/mean_episode_length': np.float64(1000.0), 'eval/std_episode_length': np.float64(0.0), 'eval/eval_time': 157.1148841381073}
{'training/total_steps': 202000, 'training/updates': 101, 'training/sps': np.float64(58.96), 'training/walltime': np.float64(3905.401), 'training/rollout_time': np.float64(33.91), 'training/update_time': np.float64(0.012), 'training/approx_kl': 3884796.25, 'training/entropy': -175.82260131835938, 'training/policy_loss': -1017280.25, 'training/total_loss': -1017280.125, 'training/value_loss': 0.13501589000225067}
{'training/total_steps': 204000, 'training/updates': 102, 'training/sps': np.float64(60.639), 'training/walltime': np.float64(3938.386), 'training/rollout_time': np.float64(32.967), 'training/update_time': np.float64(0.015), 'training/approx_kl': 7151803.5, 'training/entropy': -184.87014770507812, 'training/policy_loss': -2100293.75, 'training/total_loss': -2100293.5, 'training/value_loss': 0.15477833151817322}
{'training/total_steps': 206000, 'training/updates': 103, 'training/sps': np.float64(62.223), 'training/walltime': np.float64(3970.533), 'training/rollout_time': np.float64(32.129), 'training/update_time': np.float64(0.013), 'training/approx_kl': 14407258.0, 'training/entropy': -215.97817993164062, 'training/policy_loss': -5773268.5, 'training/total_loss': -5773268.5, 'training/value_loss': 0.16787967085838318}
{'training/total_steps': 208000, 'training/updates': 104, 'training/sps': np.float64(67.65), 'training/walltime': np.float64(4000.1), 'training/rollout_time': np.float64(29.555), 'training/update_time': np.float64(0.009), 'training/approx_kl': 18289690.0, 'training/entropy': -228.19140625, 'training/policy_loss': -8116877.0, 'training/total_loss': -8116876.5, 'training/value_loss': 0.21155981719493866}
{'training/total_steps': 210000, 'training/updates': 105, 'training/sps': np.float64(69.264), 'training/walltime': np.float64(4028.977), 'training/rollout_time': np.float64(28.864), 'training/update_time': np.float64(0.011), 'training/approx_kl': 21553216.0, 'training/entropy': -196.67428588867188, 'training/policy_loss': -9821395.0, 'training/total_loss': -9821395.0, 'training/value_loss': 0.22534166276454926}
{'training/total_steps': 212000, 'training/updates': 106, 'training/sps': np.float64(69.504), 'training/walltime': np.float64(4057.757), 'training/rollout_time': np.float64(28.746), 'training/update_time': np.float64(0.029), 'training/approx_kl': 21706438.0, 'training/entropy': -142.00521850585938, 'training/policy_loss': -9808352.0, 'training/total_loss': -9808352.0, 'training/value_loss': 0.23508980870246887}
{'training/total_steps': 214000, 'training/updates': 107, 'training/sps': np.float64(68.772), 'training/walltime': np.float64(4086.842), 'training/rollout_time': np.float64(29.069), 'training/update_time': np.float64(0.012), 'training/approx_kl': 22639824.0, 'training/entropy': -107.73294830322266, 'training/policy_loss': -2764528.0, 'training/total_loss': -2764528.0, 'training/value_loss': 0.28362053632736206}
{'training/total_steps': 216000, 'training/updates': 108, 'training/sps': np.float64(70.823), 'training/walltime': np.float64(4115.084), 'training/rollout_time': np.float64(28.218), 'training/update_time': np.float64(0.021), 'training/approx_kl': 6148228.0, 'training/entropy': -112.31735229492188, 'training/policy_loss': 284669.78125, 'training/total_loss': 284670.125, 'training/value_loss': 0.6989818811416626}
{'training/total_steps': 218000, 'training/updates': 109, 'training/sps': np.float64(69.769), 'training/walltime': np.float64(4143.754), 'training/rollout_time': np.float64(28.652), 'training/update_time': np.float64(0.014), 'training/approx_kl': 519001.5625, 'training/entropy': -110.08230590820312, 'training/policy_loss': -26338.552734375, 'training/total_loss': -26338.19140625, 'training/value_loss': 0.7260318994522095}
{'training/total_steps': 220000, 'training/updates': 110, 'training/sps': np.float64(69.085), 'training/walltime': np.float64(4172.707), 'training/rollout_time': np.float64(28.926), 'training/update_time': np.float64(0.024), 'training/approx_kl': 455324.78125, 'training/entropy': -103.26549530029297, 'training/policy_loss': -67147.75, 'training/total_loss': -67147.40625, 'training/value_loss': 0.6853177547454834}
{'training/total_steps': 222000, 'training/updates': 111, 'training/sps': np.float64(68.58), 'training/walltime': np.float64(4201.873), 'training/rollout_time': np.float64(29.142), 'training/update_time': np.float64(0.021), 'training/approx_kl': 504998.03125, 'training/entropy': -97.87747192382812, 'training/policy_loss': -117403.4296875, 'training/total_loss': -117403.125, 'training/value_loss': 0.6137382984161377}
{'training/total_steps': 224000, 'training/updates': 112, 'training/sps': np.float64(67.583), 'training/walltime': np.float64(4231.47), 'training/rollout_time': np.float64(29.578), 'training/update_time': np.float64(0.016), 'training/approx_kl': 694033.3125, 'training/entropy': -98.92720794677734, 'training/policy_loss': -193192.921875, 'training/total_loss': -193192.671875, 'training/value_loss': 0.5079395174980164}
{'training/total_steps': 226000, 'training/updates': 113, 'training/sps': np.float64(71.594), 'training/walltime': np.float64(4259.408), 'training/rollout_time': np.float64(27.925), 'training/update_time': np.float64(0.01), 'training/approx_kl': 2163142.5, 'training/entropy': -86.68425750732422, 'training/policy_loss': -855026.25, 'training/total_loss': -855026.25, 'training/value_loss': 0.17854002118110657}
{'training/total_steps': 228000, 'training/updates': 114, 'training/sps': np.float64(66.619), 'training/walltime': np.float64(4289.444), 'training/rollout_time': np.float64(30.002), 'training/update_time': np.float64(0.02), 'training/approx_kl': 1407789.0, 'training/entropy': -89.34806823730469, 'training/policy_loss': -295214.4375, 'training/total_loss': -295214.21875, 'training/value_loss': 0.3994218409061432}
{'training/total_steps': 230000, 'training/updates': 115, 'training/sps': np.float64(58.588), 'training/walltime': np.float64(4323.588), 'training/rollout_time': np.float64(34.125), 'training/update_time': np.float64(0.012), 'training/approx_kl': 383312.03125, 'training/entropy': -94.20118713378906, 'training/policy_loss': -162597.375, 'training/total_loss': -162597.03125, 'training/value_loss': 0.7173988819122314}
{'training/total_steps': 232000, 'training/updates': 116, 'training/sps': np.float64(57.958), 'training/walltime': np.float64(4358.099), 'training/rollout_time': np.float64(34.483), 'training/update_time': np.float64(0.024), 'training/approx_kl': 489877.25, 'training/entropy': -101.03787231445312, 'training/policy_loss': -302838.8125, 'training/total_loss': -302838.375, 'training/value_loss': 0.8218368291854858}
{'training/total_steps': 234000, 'training/updates': 117, 'training/sps': np.float64(61.375), 'training/walltime': np.float64(4390.694), 'training/rollout_time': np.float64(32.575), 'training/update_time': np.float64(0.011), 'training/approx_kl': 508999.9375, 'training/entropy': -105.01165771484375, 'training/policy_loss': -432363.21875, 'training/total_loss': -432362.84375, 'training/value_loss': 0.7033278346061707}
{'training/total_steps': 236000, 'training/updates': 118, 'training/sps': np.float64(60.454), 'training/walltime': np.float64(4423.781), 'training/rollout_time': np.float64(33.044), 'training/update_time': np.float64(0.039), 'training/approx_kl': 805118.125, 'training/entropy': -112.70477294921875, 'training/policy_loss': -649111.875, 'training/total_loss': -649111.5, 'training/value_loss': 0.7001651525497437}
{'training/total_steps': 238000, 'training/updates': 119, 'training/sps': np.float64(62.752), 'training/walltime': np.float64(4455.662), 'training/rollout_time': np.float64(31.861), 'training/update_time': np.float64(0.011), 'training/approx_kl': 1152287.25, 'training/entropy': -123.60408020019531, 'training/policy_loss': -880807.125, 'training/total_loss': -880806.8125, 'training/value_loss': 0.6905567646026611}
{'training/total_steps': 240000, 'training/updates': 120, 'training/sps': np.float64(62.683), 'training/walltime': np.float64(4487.575), 'training/rollout_time': np.float64(31.894), 'training/update_time': np.float64(0.012), 'training/approx_kl': 1478047.625, 'training/entropy': -135.5829315185547, 'training/policy_loss': -1094711.875, 'training/total_loss': -1094711.5, 'training/value_loss': 0.6821162700653076}
{'eval/num_episodes': 10, 'eval/num_steps': 10000, 'eval/mean_score': np.float64(-718.538), 'eval/std_score': np.float64(79.021), 'eval/mean_episode_length': np.float64(1000.0), 'eval/std_episode_length': np.float64(0.0), 'eval/eval_time': 151.788635969162}
{'training/total_steps': 242000, 'training/updates': 121, 'training/sps': np.float64(69.004), 'training/walltime': np.float64(4668.357), 'training/rollout_time': np.float64(28.956), 'training/update_time': np.float64(0.028), 'training/approx_kl': 1738340.25, 'training/entropy': -140.45916748046875, 'training/policy_loss': -1213298.75, 'training/total_loss': -1213298.5, 'training/value_loss': 0.49384018778800964}
{'training/total_steps': 244000, 'training/updates': 122, 'training/sps': np.float64(68.23), 'training/walltime': np.float64(4697.673), 'training/rollout_time': np.float64(29.271), 'training/update_time': np.float64(0.041), 'training/approx_kl': 2286537.5, 'training/entropy': -155.40884399414062, 'training/policy_loss': -1554793.0, 'training/total_loss': -1554792.875, 'training/value_loss': 0.46606317162513733}
{'training/total_steps': 246000, 'training/updates': 123, 'training/sps': np.float64(69.392), 'training/walltime': np.float64(4726.502), 'training/rollout_time': np.float64(28.811), 'training/update_time': np.float64(0.011), 'training/approx_kl': 2808457.5, 'training/entropy': -173.40496826171875, 'training/policy_loss': -1856294.0, 'training/total_loss': -1856293.75, 'training/value_loss': 0.4436020255088806}
{'training/total_steps': 248000, 'training/updates': 124, 'training/sps': np.float64(69.624), 'training/walltime': np.float64(4755.23), 'training/rollout_time': np.float64(28.705), 'training/update_time': np.float64(0.02), 'training/approx_kl': 3292506.5, 'training/entropy': -193.58099365234375, 'training/policy_loss': -2128248.75, 'training/total_loss': -2128248.75, 'training/value_loss': 0.42315804958343506}
{'training/total_steps': 250000, 'training/updates': 125, 'training/sps': np.float64(68.551), 'training/walltime': np.float64(4784.411), 'training/rollout_time': np.float64(29.163), 'training/update_time': np.float64(0.012), 'training/approx_kl': 3948654.75, 'training/entropy': -216.55752563476562, 'training/policy_loss': -2479926.0, 'training/total_loss': -2479925.5, 'training/value_loss': 0.411138653755188}
{'training/total_steps': 252000, 'training/updates': 126, 'training/sps': np.float64(69.389), 'training/walltime': np.float64(4813.236), 'training/rollout_time': np.float64(28.811), 'training/update_time': np.float64(0.012), 'training/approx_kl': 4597539.0, 'training/entropy': -241.59951782226562, 'training/policy_loss': -2867987.0, 'training/total_loss': -2867986.5, 'training/value_loss': 0.39317408204078674}
{'training/total_steps': 254000, 'training/updates': 127, 'training/sps': np.float64(70.321), 'training/walltime': np.float64(4841.685), 'training/rollout_time': np.float64(28.405), 'training/update_time': np.float64(0.037), 'training/approx_kl': 5409503.0, 'training/entropy': -269.7498779296875, 'training/policy_loss': -3313531.0, 'training/total_loss': -3313530.75, 'training/value_loss': 0.38300901651382446}
{'training/total_steps': 256000, 'training/updates': 128, 'training/sps': np.float64(68.112), 'training/walltime': np.float64(4871.053), 'training/rollout_time': np.float64(29.325), 'training/update_time': np.float64(0.038), 'training/approx_kl': 6296466.5, 'training/entropy': -300.4132080078125, 'training/policy_loss': -3810607.25, 'training/total_loss': -3810607.25, 'training/value_loss': 0.3721526861190796}
{'training/total_steps': 258000, 'training/updates': 129, 'training/sps': np.float64(69.231), 'training/walltime': np.float64(4899.951), 'training/rollout_time': np.float64(28.864), 'training/update_time': np.float64(0.025), 'training/approx_kl': 7359444.5, 'training/entropy': -334.1172790527344, 'training/policy_loss': -4399775.0, 'training/total_loss': -4399775.0, 'training/value_loss': 0.3638993799686432}
{'training/total_steps': 260000, 'training/updates': 130, 'training/sps': np.float64(69.117), 'training/walltime': np.float64(4928.891), 'training/rollout_time': np.float64(28.924), 'training/update_time': np.float64(0.012), 'training/approx_kl': 8522215.0, 'training/entropy': -371.0952453613281, 'training/policy_loss': -5057730.5, 'training/total_loss': -5057730.5, 'training/value_loss': 0.3560142517089844}
{'training/total_steps': 262000, 'training/updates': 131, 'training/sps': np.float64(69.222), 'training/walltime': np.float64(4957.791), 'training/rollout_time': np.float64(28.876), 'training/update_time': np.float64(0.017), 'training/approx_kl': 9805716.0, 'training/entropy': -411.64752197265625, 'training/policy_loss': -5759862.5, 'training/total_loss': -5759862.0, 'training/value_loss': 0.3498799502849579}
{'training/total_steps': 264000, 'training/updates': 132, 'training/sps': np.float64(69.818), 'training/walltime': np.float64(4986.44), 'training/rollout_time': np.float64(28.635), 'training/update_time': np.float64(0.011), 'training/approx_kl': 11280877.0, 'training/entropy': -455.22589111328125, 'training/policy_loss': -6583468.0, 'training/total_loss': -6583468.0, 'training/value_loss': 0.34556928277015686}
{'training/total_steps': 266000, 'training/updates': 133, 'training/sps': np.float64(69.144), 'training/walltime': np.float64(5015.369), 'training/rollout_time': np.float64(28.909), 'training/update_time': np.float64(0.016), 'training/approx_kl': 12852171.0, 'training/entropy': -502.2312316894531, 'training/policy_loss': -7458477.5, 'training/total_loss': -7458477.0, 'training/value_loss': 0.34109243750572205}
{'training/total_steps': 268000, 'training/updates': 134, 'training/sps': np.float64(69.292), 'training/walltime': np.float64(5044.235), 'training/rollout_time': np.float64(28.852), 'training/update_time': np.float64(0.011), 'training/approx_kl': 14418862.0, 'training/entropy': -552.5833740234375, 'training/policy_loss': -8316681.0, 'training/total_loss': -8316681.0, 'training/value_loss': 0.33670201897621155}
{'training/total_steps': 270000, 'training/updates': 135, 'training/sps': np.float64(69.823), 'training/walltime': np.float64(5072.883), 'training/rollout_time': np.float64(28.634), 'training/update_time': np.float64(0.01), 'training/approx_kl': 16068856.0, 'training/entropy': -605.70166015625, 'training/policy_loss': -9218088.0, 'training/total_loss': -9218088.0, 'training/value_loss': 0.33385011553764343}
{'training/total_steps': 272000, 'training/updates': 136, 'training/sps': np.float64(69.058), 'training/walltime': np.float64(5101.846), 'training/rollout_time': np.float64(28.935), 'training/update_time': np.float64(0.026), 'training/approx_kl': 18032976.0, 'training/entropy': -662.5790405273438, 'training/policy_loss': -10299786.0, 'training/total_loss': -10299786.0, 'training/value_loss': 0.3314459025859833}
{'training/total_steps': 274000, 'training/updates': 137, 'training/sps': np.float64(69.283), 'training/walltime': np.float64(5130.721), 'training/rollout_time': np.float64(28.855), 'training/update_time': np.float64(0.012), 'training/approx_kl': 20027304.0, 'training/entropy': -723.1057739257812, 'training/policy_loss': -11378238.0, 'training/total_loss': -11378238.0, 'training/value_loss': 0.3276523947715759}
{'training/total_steps': 276000, 'training/updates': 138, 'training/sps': np.float64(70.039), 'training/walltime': np.float64(5159.279), 'training/rollout_time': np.float64(28.544), 'training/update_time': np.float64(0.011), 'training/approx_kl': 22225764.0, 'training/entropy': -787.5046997070312, 'training/policy_loss': -12582844.0, 'training/total_loss': -12582844.0, 'training/value_loss': 0.3260449767112732}
{'training/total_steps': 278000, 'training/updates': 139, 'training/sps': np.float64(69.959), 'training/walltime': np.float64(5187.876), 'training/rollout_time': np.float64(28.57), 'training/update_time': np.float64(0.019), 'training/approx_kl': 24687916.0, 'training/entropy': -855.68505859375, 'training/policy_loss': -13943980.0, 'training/total_loss': -13943980.0, 'training/value_loss': 0.32364189624786377}
{'training/total_steps': 280000, 'training/updates': 140, 'training/sps': np.float64(68.856), 'training/walltime': np.float64(5216.925), 'training/rollout_time': np.float64(29.018), 'training/update_time': np.float64(0.028), 'training/approx_kl': 27460642.0, 'training/entropy': -928.9254150390625, 'training/policy_loss': -15442574.0, 'training/total_loss': -15442574.0, 'training/value_loss': 0.32107922434806824}
{'eval/num_episodes': 10, 'eval/num_steps': 10000, 'eval/mean_score': np.float64(-598.887), 'eval/std_score': np.float64(0.0), 'eval/mean_episode_length': np.float64(1000.0), 'eval/std_episode_length': np.float64(0.0), 'eval/eval_time': 129.62457704544067}
{'training/total_steps': 282000, 'training/updates': 141, 'training/sps': np.float64(69.633), 'training/walltime': np.float64(5375.282), 'training/rollout_time': np.float64(28.697), 'training/update_time': np.float64(0.025), 'training/approx_kl': 29150460.0, 'training/entropy': -987.91845703125, 'training/policy_loss': -16258104.0, 'training/total_loss': -16258104.0, 'training/value_loss': 0.3165026903152466}
{'training/total_steps': 284000, 'training/updates': 142, 'training/sps': np.float64(69.383), 'training/walltime': np.float64(5404.11), 'training/rollout_time': np.float64(28.814), 'training/update_time': np.float64(0.011), 'training/approx_kl': 32255038.0, 'training/entropy': -1068.94921875, 'training/policy_loss': -17964364.0, 'training/total_loss': -17964364.0, 'training/value_loss': 0.3144877552986145}
{'training/total_steps': 286000, 'training/updates': 143, 'training/sps': np.float64(69.049), 'training/walltime': np.float64(5433.088), 'training/rollout_time': np.float64(28.953), 'training/update_time': np.float64(0.012), 'training/approx_kl': 35542344.0, 'training/entropy': -1155.7384033203125, 'training/policy_loss': -19740978.0, 'training/total_loss': -19740978.0, 'training/value_loss': 0.3134780526161194}
{'training/total_steps': 288000, 'training/updates': 144, 'training/sps': np.float64(70.2), 'training/walltime': np.float64(5461.58), 'training/rollout_time': np.float64(28.477), 'training/update_time': np.float64(0.013), 'training/approx_kl': 39539600.0, 'training/entropy': -1247.569091796875, 'training/policy_loss': -21876864.0, 'training/total_loss': -21876864.0, 'training/value_loss': 0.31210240721702576}
{'training/total_steps': 290000, 'training/updates': 145, 'training/sps': np.float64(68.678), 'training/walltime': np.float64(5490.706), 'training/rollout_time': np.float64(29.092), 'training/update_time': np.float64(0.03), 'training/approx_kl': 43148884.0, 'training/entropy': -1343.052734375, 'training/policy_loss': -23863588.0, 'training/total_loss': -23863588.0, 'training/value_loss': 0.31082603335380554}
{'training/total_steps': 292000, 'training/updates': 146, 'training/sps': np.float64(69.434), 'training/walltime': np.float64(5519.515), 'training/rollout_time': np.float64(28.784), 'training/update_time': np.float64(0.02), 'training/approx_kl': 47400296.0, 'training/entropy': -1443.7567138671875, 'training/policy_loss': -26179084.0, 'training/total_loss': -26179084.0, 'training/value_loss': 0.3097190856933594}
{'training/total_steps': 294000, 'training/updates': 147, 'training/sps': np.float64(69.657), 'training/walltime': np.float64(5548.238), 'training/rollout_time': np.float64(28.692), 'training/update_time': np.float64(0.02), 'training/approx_kl': 51470096.0, 'training/entropy': -1550.0224609375, 'training/policy_loss': -28381828.0, 'training/total_loss': -28381828.0, 'training/value_loss': 0.30856549739837646}
{'training/total_steps': 296000, 'training/updates': 148, 'training/sps': np.float64(68.393), 'training/walltime': np.float64(5577.484), 'training/rollout_time': np.float64(29.207), 'training/update_time': np.float64(0.036), 'training/approx_kl': 56252452.0, 'training/entropy': -1660.8701171875, 'training/policy_loss': -30909072.0, 'training/total_loss': -30909072.0, 'training/value_loss': 0.30798667669296265}
{'training/total_steps': 298000, 'training/updates': 149, 'training/sps': np.float64(69.75), 'training/walltime': np.float64(5606.164), 'training/rollout_time': np.float64(28.663), 'training/update_time': np.float64(0.011), 'training/approx_kl': 60457352.0, 'training/entropy': -1776.2315673828125, 'training/policy_loss': -33174884.0, 'training/total_loss': -33174884.0, 'training/value_loss': 0.3069789707660675}
{'training/total_steps': 300000, 'training/updates': 150, 'training/sps': np.float64(70.157), 'training/walltime': np.float64(5634.674), 'training/rollout_time': np.float64(28.496), 'training/update_time': np.float64(0.011), 'training/approx_kl': 66082292.0, 'training/entropy': -1896.775390625, 'training/policy_loss': -36253408.0, 'training/total_loss': -36253408.0, 'training/value_loss': 0.3056008815765381}
TRAINING END: training duration: 5634.679089546204
{'final_eval/num_episodes': 10, 'final_eval/num_steps': 10000, 'final_eval/mean_score': np.float64(-600.3721923828125), 'final_eval/std_score': np.float64(0.0), 'final_eval/mean_episode_length': np.float64(1000.0), 'final_eval/std_episode_length': np.float64(0.0)}
[1;34mwandb[0m: 
[1;34mwandb[0m: 🚀 View run [33mExp_reinforce_mujoco__halfcheetah__1[0m at: [34mhttps://wandb.ai/mariberger-eth-z-rich/mujoco-pcpg/runs/4gvawnp7[0m
[1;34mwandb[0m: Find logs at: [1;35mwandb/run-20260619_181748-4gvawnp7/logs[0m
