E0619 17:01:04.136666  463137 ptx_compiler_helpers.cc:87] *** WARNING *** Invoking ptxas with version 12.4.131, which corresponds to a CUDA version <=12.6.2. CUDA versions 12.x.y up to and including 12.6.2 miscompile certain edge cases around clamping.
Please upgrade to CUDA 12.6.3 or newer.
wandb: [wandb.login()] Loaded credentials for https://api.wandb.ai from /root/.netrc.
wandb: Currently logged in as: mariberger (mariberger-eth-z-rich) to https://api.wandb.ai. Use `wandb login --relogin` to force relogin
wandb: setting up run f472urj9
wandb: Tracking run with wandb version 0.27.2
wandb: Run data is saved locally in /workspace/PCPG/wandb/run-20260619_170107-f472urj9
wandb: Run `wandb offline` to turn off syncing.
wandb: Syncing run Exp_reinforce_mujoco__inverted_pendulum__2
wandb: ⭐️ View project at https://wandb.ai/mariberger-eth-z-rich/mujoco-pcpg
wandb: 🚀 View run at https://wandb.ai/mariberger-eth-z-rich/mujoco-pcpg/runs/f472urj9
Failed to import warp: No module named 'warp'
Failed to import mujoco_warp: No module named 'warp'
[run_train] algorithm=reinforce env=inverted_pendulum num_envs=1 total_steps=300000 seed=2 use_cnn=False
|param: value|
|experiment_name:  reinforce_mujoco|
|seed:  2|
|platform:  cpu|
|write_logs_to_file:  False|
|save_model:  False|
|env_name:  inverted_pendulum|
|num_envs:  1|
|num_train_levels:  200|
|distribution_mode:  easy|
|arm_means:  (1.0, 0.9)|
|deterministic_rewards:  True|
|eval_env:  True|
|num_eval_episodes:  10|
|eval_every:  20|
|deterministic_eval:  True|
|normalize_observations:  True|
|total_timesteps:  300000|
|learning_rate:  0.0003|
|optimizer:  adam|
|unroll_length:  16|
|anneal_lr:  False|
|gamma:  0.99|
|batch_size:  8|
|num_minibatches:  1|
|update_epochs:  4|
|entropy_cost:  0.0|
|max_grad_norm:  0.5|
|reward_scaling:  1.0|
|use_cnn:  False|
|policy_hidden_layer_sizes:  [128, 128, 128, 128]|
|value_hidden_layer_sizes:  [128, 128, 128, 128]|
|activation:  <jax._src.custom_derivatives.custom_jvp object at 0x7d5a68c86650>|
|policy_init_logit_bias:  None|
|checkpoint_dir:  /workspace/PCPG/outputs/checkpoints|
Using JAX default device: cuda:0.
/usr/local/lib/python3.11/dist-packages/brax/io/mjcf.py:480: UserWarning: Brax System, piplines and environments are not actively being maintained. Please see MJX for a well maintained JAX-based physics engine: https://github.com/google-deepmind/mujoco/tree/main/mjx. For a host of environments that use MJX, see: https://github.com/google-deepmind/mujoco_playground.
  warnings.warn(
Using JAX default device: cuda:0.
Using JAX default device: cuda:0.
Using JAX default device: cuda:0.
/usr/local/lib/python3.11/dist-packages/brax/io/mjcf.py:480: UserWarning: Brax System, piplines and environments are not actively being maintained. Please see MJX for a well maintained JAX-based physics engine: https://github.com/google-deepmind/mujoco/tree/main/mjx. For a host of environments that use MJX, see: https://github.com/google-deepmind/mujoco_playground.
  warnings.warn(
Using JAX default device: cuda:0.
Using JAX default device: cuda:0.
{'training/total_steps': 2001, 'training/updates': 1, 'training/sps': np.float64(64.389), 'training/walltime': np.float64(31.077), 'training/rollout_time': np.float64(24.096), 'training/update_time': np.float64(6.98), 'training/approx_kl': -0.0013889935798943043, 'training/entropy': 0.5293377637863159, 'training/policy_loss': 0.5009772181510925, 'training/total_loss': 0.9408105611801147, 'training/value_loss': 0.8796666264533997}
{'training/total_steps': 4006, 'training/updates': 2, 'training/sps': np.float64(103.567), 'training/walltime': np.float64(50.442), 'training/rollout_time': np.float64(13.096), 'training/update_time': np.float64(6.264), 'training/approx_kl': -0.0004289018106646836, 'training/entropy': 0.5323517322540283, 'training/policy_loss': 0.3979766368865967, 'training/total_loss': 0.6636189222335815, 'training/value_loss': 0.5312844514846802}
{'training/total_steps': 6012, 'training/updates': 3, 'training/sps': np.float64(108.398), 'training/walltime': np.float64(68.951), 'training/rollout_time': np.float64(12.95), 'training/update_time': np.float64(5.556), 'training/approx_kl': 0.003834742121398449, 'training/entropy': 0.551522970199585, 'training/policy_loss': 0.2823790907859802, 'training/total_loss': 0.4612601399421692, 'training/value_loss': 0.3577621579170227}
{'training/total_steps': 8019, 'training/updates': 4, 'training/sps': np.float64(103.33), 'training/walltime': np.float64(88.382), 'training/rollout_time': np.float64(13.352), 'training/update_time': np.float64(6.071), 'training/approx_kl': 0.00788193754851818, 'training/entropy': 0.5808156132698059, 'training/policy_loss': 0.1728348433971405, 'training/total_loss': 0.3206143379211426, 'training/value_loss': 0.29555898904800415}
{'training/total_steps': 10025, 'training/updates': 5, 'training/sps': np.float64(153.031), 'training/walltime': np.float64(101.493), 'training/rollout_time': np.float64(13.097), 'training/update_time': np.float64(0.011), 'training/approx_kl': 0.022488821297883987, 'training/entropy': 0.5362196564674377, 'training/policy_loss': 0.12212646007537842, 'training/total_loss': 0.24585232138633728, 'training/value_loss': 0.24745172262191772}
{'training/total_steps': 12025, 'training/updates': 6, 'training/sps': np.float64(103.597), 'training/walltime': np.float64(120.804), 'training/rollout_time': np.float64(13.183), 'training/update_time': np.float64(6.123), 'training/approx_kl': 0.16232556104660034, 'training/entropy': 0.3910882771015167, 'training/policy_loss': -0.10406326502561569, 'training/total_loss': 0.16810232400894165, 'training/value_loss': 0.5443311333656311}
{'training/total_steps': 14031, 'training/updates': 7, 'training/sps': np.float64(151.702), 'training/walltime': np.float64(134.03), 'training/rollout_time': np.float64(13.203), 'training/update_time': np.float64(0.021), 'training/approx_kl': 1.0079926252365112, 'training/entropy': 0.3646690249443054, 'training/policy_loss': -1.6944963932037354, 'training/total_loss': -1.5500656366348267, 'training/value_loss': 0.28886133432388306}
{'training/total_steps': 16031, 'training/updates': 8, 'training/sps': np.float64(142.334), 'training/walltime': np.float64(148.085), 'training/rollout_time': np.float64(14.018), 'training/update_time': np.float64(0.033), 'training/approx_kl': 0.1116790622472763, 'training/entropy': 0.3552558720111847, 'training/policy_loss': 0.06980916857719421, 'training/total_loss': 0.16180634498596191, 'training/value_loss': 0.1839943677186966}
{'training/total_steps': 18040, 'training/updates': 9, 'training/sps': np.float64(108.315), 'training/walltime': np.float64(166.638), 'training/rollout_time': np.float64(13.078), 'training/update_time': np.float64(5.469), 'training/approx_kl': 0.0041434732265770435, 'training/entropy': 0.35518819093704224, 'training/policy_loss': 0.09959042817354202, 'training/total_loss': 0.18395406007766724, 'training/value_loss': 0.16872724890708923}
{'training/total_steps': 20064, 'training/updates': 10, 'training/sps': np.float64(103.641), 'training/walltime': np.float64(186.171), 'training/rollout_time': np.float64(13.66), 'training/update_time': np.float64(5.869), 'training/approx_kl': 0.02948394976556301, 'training/entropy': 0.29821112751960754, 'training/policy_loss': 0.11091722548007965, 'training/total_loss': 0.18643417954444885, 'training/value_loss': 0.15103387832641602}
{'training/total_steps': 22077, 'training/updates': 11, 'training/sps': np.float64(101.513), 'training/walltime': np.float64(206.004), 'training/rollout_time': np.float64(13.813), 'training/update_time': np.float64(6.017), 'training/approx_kl': 0.3583884835243225, 'training/entropy': 0.2151896357536316, 'training/policy_loss': -0.014347052201628685, 'training/total_loss': 0.0660148337483406, 'training/value_loss': 0.16072377562522888}
{'training/total_steps': 24078, 'training/updates': 12, 'training/sps': np.float64(146.333), 'training/walltime': np.float64(219.684), 'training/rollout_time': np.float64(13.65), 'training/update_time': np.float64(0.024), 'training/approx_kl': 1.5003591775894165, 'training/entropy': -0.02977263368666172, 'training/policy_loss': -0.6097636818885803, 'training/total_loss': -0.49235066771507263, 'training/value_loss': 0.23482602834701538}
{'training/total_steps': 26084, 'training/updates': 13, 'training/sps': np.float64(138.828), 'training/walltime': np.float64(234.136), 'training/rollout_time': np.float64(14.416), 'training/update_time': np.float64(0.034), 'training/approx_kl': 4.000850200653076, 'training/entropy': -0.42768093943595886, 'training/policy_loss': -1.886042594909668, 'training/total_loss': -1.7564232349395752, 'training/value_loss': 0.2592388987541199}
{'training/total_steps': 28086, 'training/updates': 14, 'training/sps': np.float64(104.545), 'training/walltime': np.float64(253.29), 'training/rollout_time': np.float64(13.311), 'training/update_time': np.float64(5.839), 'training/approx_kl': 13.188986778259277, 'training/entropy': -0.8509782552719116, 'training/policy_loss': -5.46973991394043, 'training/total_loss': -5.323307991027832, 'training/value_loss': 0.29286447167396545}
{'training/total_steps': 30087, 'training/updates': 15, 'training/sps': np.float64(143.429), 'training/walltime': np.float64(267.247), 'training/rollout_time': np.float64(13.924), 'training/update_time': np.float64(0.027), 'training/approx_kl': 54.21656036376953, 'training/entropy': -1.3078912496566772, 'training/policy_loss': -19.340152740478516, 'training/total_loss': -19.188413619995117, 'training/value_loss': 0.3034808039665222}
{'training/total_steps': 32087, 'training/updates': 16, 'training/sps': np.float64(137.639), 'training/walltime': np.float64(281.782), 'training/rollout_time': np.float64(14.496), 'training/update_time': np.float64(0.035), 'training/approx_kl': 220.1985321044922, 'training/entropy': -1.8867487907409668, 'training/policy_loss': -65.58045959472656, 'training/total_loss': -65.43204498291016, 'training/value_loss': 0.2968229651451111}
{'training/total_steps': 34087, 'training/updates': 17, 'training/sps': np.float64(136.258), 'training/walltime': np.float64(296.464), 'training/rollout_time': np.float64(14.667), 'training/update_time': np.float64(0.011), 'training/approx_kl': 770.2659912109375, 'training/entropy': -2.567013740539551, 'training/policy_loss': -168.96571350097656, 'training/total_loss': -168.81417846679688, 'training/value_loss': 0.30306220054626465}
{'training/total_steps': 36090, 'training/updates': 18, 'training/sps': np.float64(100.649), 'training/walltime': np.float64(316.372), 'training/rollout_time': np.float64(14.031), 'training/update_time': np.float64(5.87), 'training/approx_kl': 2078.17724609375, 'training/entropy': -3.193033218383789, 'training/policy_loss': -349.4873046875, 'training/total_loss': -349.338623046875, 'training/value_loss': 0.29739174246788025}
{'training/total_steps': 38091, 'training/updates': 19, 'training/sps': np.float64(134.858), 'training/walltime': np.float64(331.213), 'training/rollout_time': np.float64(14.811), 'training/update_time': np.float64(0.027), 'training/approx_kl': 4270.79150390625, 'training/entropy': -3.847540855407715, 'training/policy_loss': -533.0228271484375, 'training/total_loss': -532.8758544921875, 'training/value_loss': 0.2938701808452606}
{'training/total_steps': 40094, 'training/updates': 20, 'training/sps': np.float64(138.872), 'training/walltime': np.float64(345.64), 'training/rollout_time': np.float64(14.413), 'training/update_time': np.float64(0.01), 'training/approx_kl': 6988.6591796875, 'training/entropy': -4.660979270935059, 'training/policy_loss': -500.8482360839844, 'training/total_loss': -500.7032470703125, 'training/value_loss': 0.2898856997489929}
{'eval/num_episodes': 10, 'eval/num_steps': 30, 'eval/mean_score': np.float64(3.0), 'eval/std_score': np.float64(0.0), 'eval/mean_episode_length': np.float64(3.0), 'eval/std_episode_length': np.float64(0.0), 'eval/eval_time': 10.582611560821533}
{'training/total_steps': 42096, 'training/updates': 21, 'training/sps': np.float64(128.915), 'training/walltime': np.float64(371.756), 'training/rollout_time': np.float64(15.499), 'training/update_time': np.float64(0.03), 'training/approx_kl': 11271.0869140625, 'training/entropy': -5.602814197540283, 'training/policy_loss': -528.0964965820312, 'training/total_loss': -527.9550170898438, 'training/value_loss': 0.28298407793045044}
{'training/total_steps': 44096, 'training/updates': 22, 'training/sps': np.float64(138.365), 'training/walltime': np.float64(386.216), 'training/rollout_time': np.float64(14.423), 'training/update_time': np.float64(0.031), 'training/approx_kl': 14190.8720703125, 'training/entropy': -6.415253162384033, 'training/policy_loss': -227.77105712890625, 'training/total_loss': -227.6326904296875, 'training/value_loss': 0.2767738401889801}
{'training/total_steps': 46096, 'training/updates': 23, 'training/sps': np.float64(146.124), 'training/walltime': np.float64(399.906), 'training/rollout_time': np.float64(13.67), 'training/update_time': np.float64(0.017), 'training/approx_kl': 11751.8486328125, 'training/entropy': -7.328402519226074, 'training/policy_loss': -12.903919219970703, 'training/total_loss': -12.769320487976074, 'training/value_loss': 0.2691991329193115}
{'training/total_steps': 48096, 'training/updates': 24, 'training/sps': np.float64(136.683), 'training/walltime': np.float64(414.541), 'training/rollout_time': np.float64(14.604), 'training/update_time': np.float64(0.029), 'training/approx_kl': 3066.876953125, 'training/entropy': -7.870018005371094, 'training/policy_loss': -30.57192039489746, 'training/total_loss': -30.442359924316406, 'training/value_loss': 0.2591206133365631}
{'training/total_steps': 50096, 'training/updates': 25, 'training/sps': np.float64(137.661), 'training/walltime': np.float64(429.074), 'training/rollout_time': np.float64(14.51), 'training/update_time': np.float64(0.019), 'training/approx_kl': 6959.1640625, 'training/entropy': -8.130727767944336, 'training/policy_loss': 6.145879745483398, 'training/total_loss': 6.272680282592773, 'training/value_loss': 0.2536020576953888}
{'training/total_steps': 52098, 'training/updates': 26, 'training/sps': np.float64(139.405), 'training/walltime': np.float64(443.439), 'training/rollout_time': np.float64(14.344), 'training/update_time': np.float64(0.017), 'training/approx_kl': 797.08984375, 'training/entropy': -8.34896469116211, 'training/policy_loss': -6.346540451049805, 'training/total_loss': -6.221128463745117, 'training/value_loss': 0.2508254051208496}
{'training/total_steps': 54099, 'training/updates': 27, 'training/sps': np.float64(127.508), 'training/walltime': np.float64(459.134), 'training/rollout_time': np.float64(15.667), 'training/update_time': np.float64(0.026), 'training/approx_kl': 1823.4560546875, 'training/entropy': -8.367627143859863, 'training/policy_loss': -15.462481498718262, 'training/total_loss': -15.341536521911621, 'training/value_loss': 0.24189110100269318}
{'training/total_steps': 56101, 'training/updates': 28, 'training/sps': np.float64(144.981), 'training/walltime': np.float64(472.947), 'training/rollout_time': np.float64(13.79), 'training/update_time': np.float64(0.019), 'training/approx_kl': 3599.123779296875, 'training/entropy': -8.75928783416748, 'training/policy_loss': -29.213794708251953, 'training/total_loss': -29.096757888793945, 'training/value_loss': 0.23407235741615295}
{'training/total_steps': 58102, 'training/updates': 29, 'training/sps': np.float64(137.616), 'training/walltime': np.float64(487.49), 'training/rollout_time': np.float64(14.52), 'training/update_time': np.float64(0.021), 'training/approx_kl': 6107.6640625, 'training/entropy': -9.341691970825195, 'training/policy_loss': -90.98038482666016, 'training/total_loss': -90.86600494384766, 'training/value_loss': 0.2287636250257492}
{'training/total_steps': 60103, 'training/updates': 30, 'training/sps': np.float64(133.776), 'training/walltime': np.float64(502.452), 'training/rollout_time': np.float64(14.924), 'training/update_time': np.float64(0.034), 'training/approx_kl': 9078.0234375, 'training/entropy': -9.837919235229492, 'training/policy_loss': -127.03959655761719, 'training/total_loss': -126.92903137207031, 'training/value_loss': 0.2211155891418457}
{'training/total_steps': 62105, 'training/updates': 31, 'training/sps': np.float64(138.851), 'training/walltime': np.float64(516.875), 'training/rollout_time': np.float64(14.402), 'training/update_time': np.float64(0.016), 'training/approx_kl': 12691.4072265625, 'training/entropy': -10.564634323120117, 'training/policy_loss': -118.21542358398438, 'training/total_loss': -118.10717010498047, 'training/value_loss': 0.2165299654006958}
{'training/total_steps': 64106, 'training/updates': 32, 'training/sps': np.float64(137.683), 'training/walltime': np.float64(531.412), 'training/rollout_time': np.float64(14.522), 'training/update_time': np.float64(0.011), 'training/approx_kl': 13966.7412109375, 'training/entropy': -10.923135757446289, 'training/policy_loss': -128.19093322753906, 'training/total_loss': -128.0838165283203, 'training/value_loss': 0.2142508178949356}
{'training/total_steps': 66107, 'training/updates': 33, 'training/sps': np.float64(138.472), 'training/walltime': np.float64(545.864), 'training/rollout_time': np.float64(14.431), 'training/update_time': np.float64(0.02), 'training/approx_kl': 16209.341796875, 'training/entropy': -11.433356285095215, 'training/policy_loss': -218.91184997558594, 'training/total_loss': -218.806640625, 'training/value_loss': 0.21041028201580048}
{'training/total_steps': 68108, 'training/updates': 34, 'training/sps': np.float64(142.016), 'training/walltime': np.float64(559.959), 'training/rollout_time': np.float64(14.08), 'training/update_time': np.float64(0.01), 'training/approx_kl': 18974.275390625, 'training/entropy': -11.809167861938477, 'training/policy_loss': -213.46923828125, 'training/total_loss': -213.36685180664062, 'training/value_loss': 0.2047574818134308}
{'training/total_steps': 70109, 'training/updates': 35, 'training/sps': np.float64(134.139), 'training/walltime': np.float64(574.879), 'training/rollout_time': np.float64(14.88), 'training/update_time': np.float64(0.037), 'training/approx_kl': 20748.205078125, 'training/entropy': -12.074132919311523, 'training/policy_loss': -324.3642578125, 'training/total_loss': -324.26251220703125, 'training/value_loss': 0.20345836877822876}
{'training/total_steps': 72111, 'training/updates': 36, 'training/sps': np.float64(130.378), 'training/walltime': np.float64(590.239), 'training/rollout_time': np.float64(15.332), 'training/update_time': np.float64(0.024), 'training/approx_kl': 22312.73046875, 'training/entropy': -12.27301025390625, 'training/policy_loss': -590.3021850585938, 'training/total_loss': -590.2011108398438, 'training/value_loss': 0.2021627277135849}
{'training/total_steps': 74111, 'training/updates': 37, 'training/sps': np.float64(131.85), 'training/walltime': np.float64(605.414), 'training/rollout_time': np.float64(15.136), 'training/update_time': np.float64(0.033), 'training/approx_kl': 22127.265625, 'training/entropy': -12.358112335205078, 'training/policy_loss': -514.9046630859375, 'training/total_loss': -514.804443359375, 'training/value_loss': 0.2004525065422058}
{'training/total_steps': 76112, 'training/updates': 38, 'training/sps': np.float64(133.211), 'training/walltime': np.float64(620.439), 'training/rollout_time': np.float64(15.009), 'training/update_time': np.float64(0.012), 'training/approx_kl': 21726.6484375, 'training/entropy': -12.697233200073242, 'training/policy_loss': -703.2113037109375, 'training/total_loss': -703.11181640625, 'training/value_loss': 0.1989426612854004}
{'training/total_steps': 78112, 'training/updates': 39, 'training/sps': np.float64(136.7), 'training/walltime': np.float64(635.073), 'training/rollout_time': np.float64(14.598), 'training/update_time': np.float64(0.032), 'training/approx_kl': 15094.7880859375, 'training/entropy': -12.422781944274902, 'training/policy_loss': -587.6317749023438, 'training/total_loss': -587.5325927734375, 'training/value_loss': 0.19833745062351227}
{'training/total_steps': 80112, 'training/updates': 40, 'training/sps': np.float64(139.03), 'training/walltime': np.float64(649.463), 'training/rollout_time': np.float64(14.37), 'training/update_time': np.float64(0.016), 'training/approx_kl': 11670.82421875, 'training/entropy': -12.834813117980957, 'training/policy_loss': -594.2872314453125, 'training/total_loss': -594.1890869140625, 'training/value_loss': 0.19621062278747559}
{'eval/num_episodes': 10, 'eval/num_steps': 20, 'eval/mean_score': np.float64(2.0), 'eval/std_score': np.float64(0.0), 'eval/mean_episode_length': np.float64(2.0), 'eval/std_episode_length': np.float64(0.0), 'eval/eval_time': 0.23301434516906738}
{'training/total_steps': 82112, 'training/updates': 41, 'training/sps': np.float64(136.653), 'training/walltime': np.float64(664.336), 'training/rollout_time': np.float64(14.626), 'training/update_time': np.float64(0.01), 'training/approx_kl': 10808.3544921875, 'training/entropy': -13.701814651489258, 'training/policy_loss': -695.14990234375, 'training/total_loss': -695.052734375, 'training/value_loss': 0.1942112147808075}
{'training/total_steps': 84113, 'training/updates': 42, 'training/sps': np.float64(131.519), 'training/walltime': np.float64(679.554), 'training/rollout_time': np.float64(15.182), 'training/update_time': np.float64(0.032), 'training/approx_kl': 7141.482421875, 'training/entropy': -14.364297866821289, 'training/policy_loss': -486.6546630859375, 'training/total_loss': -486.559326171875, 'training/value_loss': 0.19069211184978485}
{'training/total_steps': 86113, 'training/updates': 43, 'training/sps': np.float64(133.582), 'training/walltime': np.float64(694.529), 'training/rollout_time': np.float64(14.953), 'training/update_time': np.float64(0.019), 'training/approx_kl': 3111.740478515625, 'training/entropy': -14.997108459472656, 'training/policy_loss': -188.7969207763672, 'training/total_loss': -188.70184326171875, 'training/value_loss': 0.19017161428928375}
{'training/total_steps': 88113, 'training/updates': 44, 'training/sps': np.float64(136.947), 'training/walltime': np.float64(709.137), 'training/rollout_time': np.float64(14.593), 'training/update_time': np.float64(0.012), 'training/approx_kl': 999.4375, 'training/entropy': -16.087038040161133, 'training/policy_loss': 31.112850189208984, 'training/total_loss': 31.205482482910156, 'training/value_loss': 0.18526481091976166}
{'training/total_steps': 90114, 'training/updates': 45, 'training/sps': np.float64(127.868), 'training/walltime': np.float64(724.788), 'training/rollout_time': np.float64(15.615), 'training/update_time': np.float64(0.034), 'training/approx_kl': 58.26628112792969, 'training/entropy': -16.613248825073242, 'training/policy_loss': -3.0812878608703613, 'training/total_loss': -2.9903507232666016, 'training/value_loss': 0.18187400698661804}
{'training/total_steps': 92115, 'training/updates': 46, 'training/sps': np.float64(124.458), 'training/walltime': np.float64(740.871), 'training/rollout_time': np.float64(16.067), 'training/update_time': np.float64(0.011), 'training/approx_kl': 4.682528972625732, 'training/entropy': -16.588848114013672, 'training/policy_loss': -7.977110862731934, 'training/total_loss': -7.8871965408325195, 'training/value_loss': 0.17982909083366394}
{'training/total_steps': 94115, 'training/updates': 47, 'training/sps': np.float64(133.602), 'training/walltime': np.float64(755.844), 'training/rollout_time': np.float64(14.961), 'training/update_time': np.float64(0.009), 'training/approx_kl': 370.26708984375, 'training/entropy': -16.33049774169922, 'training/policy_loss': -47.692237854003906, 'training/total_loss': -47.60487365722656, 'training/value_loss': 0.1747303605079651}
{'training/total_steps': 96115, 'training/updates': 48, 'training/sps': np.float64(133.357), 'training/walltime': np.float64(770.844), 'training/rollout_time': np.float64(14.978), 'training/update_time': np.float64(0.019), 'training/approx_kl': 2328.763916015625, 'training/entropy': -15.389412879943848, 'training/policy_loss': -372.79901123046875, 'training/total_loss': -372.71343994140625, 'training/value_loss': 0.17114223539829254}
{'training/total_steps': 98115, 'training/updates': 49, 'training/sps': np.float64(134.484), 'training/walltime': np.float64(785.719), 'training/rollout_time': np.float64(14.851), 'training/update_time': np.float64(0.02), 'training/approx_kl': 5522.06884765625, 'training/entropy': -14.221572875976562, 'training/policy_loss': -816.5442504882812, 'training/total_loss': -816.4608154296875, 'training/value_loss': 0.16684484481811523}
{'training/total_steps': 100115, 'training/updates': 50, 'training/sps': np.float64(135.517), 'training/walltime': np.float64(800.48), 'training/rollout_time': np.float64(14.729), 'training/update_time': np.float64(0.029), 'training/approx_kl': 12134.3515625, 'training/entropy': -13.089017868041992, 'training/policy_loss': -2146.72705078125, 'training/total_loss': -2146.64404296875, 'training/value_loss': 0.16598829627037048}
{'training/total_steps': 102115, 'training/updates': 51, 'training/sps': np.float64(133.875), 'training/walltime': np.float64(815.424), 'training/rollout_time': np.float64(14.92), 'training/update_time': np.float64(0.02), 'training/approx_kl': 14826.314453125, 'training/entropy': -11.796943664550781, 'training/policy_loss': -2577.078857421875, 'training/total_loss': -2576.9970703125, 'training/value_loss': 0.16362959146499634}
{'training/total_steps': 104116, 'training/updates': 52, 'training/sps': np.float64(131.943), 'training/walltime': np.float64(830.592), 'training/rollout_time': np.float64(15.144), 'training/update_time': np.float64(0.021), 'training/approx_kl': 17920.1953125, 'training/entropy': -10.706513404846191, 'training/policy_loss': -3151.180908203125, 'training/total_loss': -3151.09765625, 'training/value_loss': 0.16613706946372986}
{'training/total_steps': 106117, 'training/updates': 53, 'training/sps': np.float64(135.883), 'training/walltime': np.float64(845.324), 'training/rollout_time': np.float64(14.695), 'training/update_time': np.float64(0.031), 'training/approx_kl': 22002.787109375, 'training/entropy': -9.833327293395996, 'training/policy_loss': -3791.023193359375, 'training/total_loss': -3790.94091796875, 'training/value_loss': 0.1647621989250183}
{'training/total_steps': 108118, 'training/updates': 54, 'training/sps': np.float64(134.626), 'training/walltime': np.float64(860.191), 'training/rollout_time': np.float64(14.852), 'training/update_time': np.float64(0.011), 'training/approx_kl': 30873.57421875, 'training/entropy': -9.346329689025879, 'training/policy_loss': -5546.18994140625, 'training/total_loss': -5546.10888671875, 'training/value_loss': 0.16293957829475403}
{'training/total_steps': 110119, 'training/updates': 55, 'training/sps': np.float64(132.289), 'training/walltime': np.float64(875.319), 'training/rollout_time': np.float64(15.093), 'training/update_time': np.float64(0.033), 'training/approx_kl': 31549.4375, 'training/entropy': -8.573481559753418, 'training/policy_loss': -5726.83251953125, 'training/total_loss': -5726.74951171875, 'training/value_loss': 0.16575682163238525}
{'training/total_steps': 112119, 'training/updates': 56, 'training/sps': np.float64(137.39), 'training/walltime': np.float64(889.885), 'training/rollout_time': np.float64(14.534), 'training/update_time': np.float64(0.023), 'training/approx_kl': 31386.59375, 'training/entropy': -7.923831462860107, 'training/policy_loss': -5771.1376953125, 'training/total_loss': -5771.0556640625, 'training/value_loss': 0.16505774855613708}
{'training/total_steps': 114120, 'training/updates': 57, 'training/sps': np.float64(136.487), 'training/walltime': np.float64(904.551), 'training/rollout_time': np.float64(14.628), 'training/update_time': np.float64(0.032), 'training/approx_kl': 23133.76171875, 'training/entropy': -6.978466987609863, 'training/policy_loss': -4057.017822265625, 'training/total_loss': -4056.934326171875, 'training/value_loss': 0.16689276695251465}
{'training/total_steps': 116121, 'training/updates': 58, 'training/sps': np.float64(133.384), 'training/walltime': np.float64(919.557), 'training/rollout_time': np.float64(14.968), 'training/update_time': np.float64(0.034), 'training/approx_kl': 19692.646484375, 'training/entropy': -6.553982734680176, 'training/policy_loss': -3496.72607421875, 'training/total_loss': -3496.64208984375, 'training/value_loss': 0.16774892807006836}
{'training/total_steps': 118121, 'training/updates': 59, 'training/sps': np.float64(131.993), 'training/walltime': np.float64(934.719), 'training/rollout_time': np.float64(15.12), 'training/update_time': np.float64(0.033), 'training/approx_kl': 14563.38671875, 'training/entropy': -5.792636394500732, 'training/policy_loss': -2524.223876953125, 'training/total_loss': -2524.1396484375, 'training/value_loss': 0.1682620644569397}
{'training/total_steps': 120122, 'training/updates': 60, 'training/sps': np.float64(139.445), 'training/walltime': np.float64(949.072), 'training/rollout_time': np.float64(14.317), 'training/update_time': np.float64(0.033), 'training/approx_kl': 10447.24609375, 'training/entropy': -5.073856830596924, 'training/policy_loss': -1746.4150390625, 'training/total_loss': -1746.32958984375, 'training/value_loss': 0.1709938794374466}
{'eval/num_episodes': 10, 'eval/num_steps': 30, 'eval/mean_score': np.float64(3.0), 'eval/std_score': np.float64(0.0), 'eval/mean_episode_length': np.float64(3.0), 'eval/std_episode_length': np.float64(0.0), 'eval/eval_time': 0.336317777633667}
{'training/total_steps': 122124, 'training/updates': 61, 'training/sps': np.float64(129.133), 'training/walltime': np.float64(964.918), 'training/rollout_time': np.float64(15.49), 'training/update_time': np.float64(0.014), 'training/approx_kl': 6379.8134765625, 'training/entropy': -4.2285284996032715, 'training/policy_loss': -918.0382690429688, 'training/total_loss': -917.9526977539062, 'training/value_loss': 0.1712072342634201}
{'training/total_steps': 124125, 'training/updates': 62, 'training/sps': np.float64(124.854), 'training/walltime': np.float64(980.954), 'training/rollout_time': np.float64(15.992), 'training/update_time': np.float64(0.035), 'training/approx_kl': 4196.6923828125, 'training/entropy': -3.458777666091919, 'training/policy_loss': -538.48974609375, 'training/total_loss': -538.4044189453125, 'training/value_loss': 0.17058750987052917}
{'training/total_steps': 126126, 'training/updates': 63, 'training/sps': np.float64(142.123), 'training/walltime': np.float64(995.038), 'training/rollout_time': np.float64(14.053), 'training/update_time': np.float64(0.026), 'training/approx_kl': 1957.25244140625, 'training/entropy': -2.5648791790008545, 'training/policy_loss': -204.8431396484375, 'training/total_loss': -204.75750732421875, 'training/value_loss': 0.17124557495117188}
{'training/total_steps': 128126, 'training/updates': 64, 'training/sps': np.float64(143.123), 'training/walltime': np.float64(1009.017), 'training/rollout_time': np.float64(13.941), 'training/update_time': np.float64(0.033), 'training/approx_kl': 504.2303466796875, 'training/entropy': -1.602684736251831, 'training/policy_loss': -27.313879013061523, 'training/total_loss': -27.225536346435547, 'training/value_loss': 0.17668825387954712}
{'training/total_steps': 130129, 'training/updates': 65, 'training/sps': np.float64(137.396), 'training/walltime': np.float64(1023.598), 'training/rollout_time': np.float64(14.567), 'training/update_time': np.float64(0.011), 'training/approx_kl': 143.82501220703125, 'training/entropy': -0.9307660460472107, 'training/policy_loss': -8.331652641296387, 'training/total_loss': -8.24336051940918, 'training/value_loss': 0.1765839159488678}
{'training/total_steps': 132131, 'training/updates': 66, 'training/sps': np.float64(147.639), 'training/walltime': np.float64(1037.161), 'training/rollout_time': np.float64(13.548), 'training/update_time': np.float64(0.012), 'training/approx_kl': 83.64103698730469, 'training/entropy': -0.722492516040802, 'training/policy_loss': -13.266343116760254, 'training/total_loss': -13.186349868774414, 'training/value_loss': 0.1599847972393036}
{'training/total_steps': 134133, 'training/updates': 67, 'training/sps': np.float64(149.956), 'training/walltime': np.float64(1050.519), 'training/rollout_time': np.float64(13.331), 'training/update_time': np.float64(0.02), 'training/approx_kl': 31.5545597076416, 'training/entropy': -1.0251240730285645, 'training/policy_loss': -12.014547348022461, 'training/total_loss': -11.919154167175293, 'training/value_loss': 0.19078615307807922}
{'training/total_steps': 136139, 'training/updates': 68, 'training/sps': np.float64(150.354), 'training/walltime': np.float64(1063.865), 'training/rollout_time': np.float64(13.328), 'training/update_time': np.float64(0.014), 'training/approx_kl': 35.616004943847656, 'training/entropy': -1.2784405946731567, 'training/policy_loss': -9.229279518127441, 'training/total_loss': -9.131643295288086, 'training/value_loss': 0.19527065753936768}
{'training/total_steps': 138155, 'training/updates': 69, 'training/sps': np.float64(106.706), 'training/walltime': np.float64(1082.76), 'training/rollout_time': np.float64(12.721), 'training/update_time': np.float64(6.172), 'training/approx_kl': 18.982149124145508, 'training/entropy': -0.7906614542007446, 'training/policy_loss': -3.5175113677978516, 'training/total_loss': -3.4563424587249756, 'training/value_loss': 0.12233741581439972}
{'training/total_steps': 140174, 'training/updates': 70, 'training/sps': np.float64(109.117), 'training/walltime': np.float64(1101.271), 'training/rollout_time': np.float64(12.95), 'training/update_time': np.float64(5.553), 'training/approx_kl': 443.9493103027344, 'training/entropy': -1.3325834274291992, 'training/policy_loss': -173.44479370117188, 'training/total_loss': -173.3325958251953, 'training/value_loss': 0.22441308200359344}
{'training/total_steps': 142175, 'training/updates': 71, 'training/sps': np.float64(143.402), 'training/walltime': np.float64(1115.229), 'training/rollout_time': np.float64(13.926), 'training/update_time': np.float64(0.028), 'training/approx_kl': 8611.474609375, 'training/entropy': -2.6295857429504395, 'training/policy_loss': -11747.3671875, 'training/total_loss': -11747.1376953125, 'training/value_loss': 0.46088945865631104}
{'training/total_steps': 144175, 'training/updates': 72, 'training/sps': np.float64(133.96), 'training/walltime': np.float64(1130.163), 'training/rollout_time': np.float64(14.918), 'training/update_time': np.float64(0.012), 'training/approx_kl': 148574.734375, 'training/entropy': -7.026478290557861, 'training/policy_loss': -216861.40625, 'training/total_loss': -216861.0, 'training/value_loss': 0.8097110986709595}
{'training/total_steps': 146176, 'training/updates': 73, 'training/sps': np.float64(135.55), 'training/walltime': np.float64(1144.928), 'training/rollout_time': np.float64(14.75), 'training/update_time': np.float64(0.012), 'training/approx_kl': 180630.0, 'training/entropy': -9.813331604003906, 'training/policy_loss': -251952.296875, 'training/total_loss': -251951.96875, 'training/value_loss': 0.6500694155693054}
{'training/total_steps': 148178, 'training/updates': 74, 'training/sps': np.float64(131.892), 'training/walltime': np.float64(1160.109), 'training/rollout_time': np.float64(15.144), 'training/update_time': np.float64(0.035), 'training/approx_kl': 95486.90625, 'training/entropy': -10.178730010986328, 'training/policy_loss': -67197.1640625, 'training/total_loss': -67197.03125, 'training/value_loss': 0.26788899302482605}
{'training/total_steps': 150178, 'training/updates': 75, 'training/sps': np.float64(128.194), 'training/walltime': np.float64(1175.717), 'training/rollout_time': np.float64(15.57), 'training/update_time': np.float64(0.031), 'training/approx_kl': 130956.4453125, 'training/entropy': -12.28584098815918, 'training/policy_loss': -58102.5703125, 'training/total_loss': -58102.4609375, 'training/value_loss': 0.22019648551940918}
{'training/total_steps': 152178, 'training/updates': 76, 'training/sps': np.float64(135.499), 'training/walltime': np.float64(1190.481), 'training/rollout_time': np.float64(14.749), 'training/update_time': np.float64(0.011), 'training/approx_kl': 174766.65625, 'training/entropy': -14.860297203063965, 'training/policy_loss': -74625.53125, 'training/total_loss': -74625.4140625, 'training/value_loss': 0.21984809637069702}
{'training/total_steps': 154178, 'training/updates': 77, 'training/sps': np.float64(128.682), 'training/walltime': np.float64(1206.029), 'training/rollout_time': np.float64(15.507), 'training/update_time': np.float64(0.035), 'training/approx_kl': 208628.65625, 'training/entropy': -17.50089454650879, 'training/policy_loss': -84629.7890625, 'training/total_loss': -84629.6796875, 'training/value_loss': 0.21776258945465088}
{'training/total_steps': 156178, 'training/updates': 78, 'training/sps': np.float64(136.653), 'training/walltime': np.float64(1220.669), 'training/rollout_time': np.float64(14.627), 'training/update_time': np.float64(0.008), 'training/approx_kl': 244452.1875, 'training/entropy': -20.282161712646484, 'training/policy_loss': -93643.984375, 'training/total_loss': -93643.875, 'training/value_loss': 0.2165374457836151}
{'training/total_steps': 158178, 'training/updates': 79, 'training/sps': np.float64(138.605), 'training/walltime': np.float64(1235.105), 'training/rollout_time': np.float64(14.42), 'training/update_time': np.float64(0.01), 'training/approx_kl': 276059.96875, 'training/entropy': -23.183910369873047, 'training/policy_loss': -100649.84375, 'training/total_loss': -100649.7421875, 'training/value_loss': 0.2153431475162506}
{'training/total_steps': 160178, 'training/updates': 80, 'training/sps': np.float64(136.373), 'training/walltime': np.float64(1249.773), 'training/rollout_time': np.float64(14.63), 'training/update_time': np.float64(0.035), 'training/approx_kl': 314143.3125, 'training/entropy': -26.226959228515625, 'training/policy_loss': -108452.4765625, 'training/total_loss': -108452.3671875, 'training/value_loss': 0.21517378091812134}
{'eval/num_episodes': 10, 'eval/num_steps': 20, 'eval/mean_score': np.float64(2.0), 'eval/std_score': np.float64(0.0), 'eval/mean_episode_length': np.float64(2.0), 'eval/std_episode_length': np.float64(0.0), 'eval/eval_time': 0.26765871047973633}
{'training/total_steps': 162178, 'training/updates': 81, 'training/sps': np.float64(135.298), 'training/walltime': np.float64(1264.828), 'training/rollout_time': np.float64(14.751), 'training/update_time': np.float64(0.031), 'training/approx_kl': 358465.5, 'training/entropy': -29.47394561767578, 'training/policy_loss': -117253.96875, 'training/total_loss': -117253.875, 'training/value_loss': 0.21593260765075684}
{'training/total_steps': 164178, 'training/updates': 82, 'training/sps': np.float64(137.914), 'training/walltime': np.float64(1279.335), 'training/rollout_time': np.float64(14.492), 'training/update_time': np.float64(0.01), 'training/approx_kl': 403114.59375, 'training/entropy': -32.8581428527832, 'training/policy_loss': -127649.578125, 'training/total_loss': -127649.484375, 'training/value_loss': 0.2155267894268036}
{'training/total_steps': 166178, 'training/updates': 83, 'training/sps': np.float64(133.571), 'training/walltime': np.float64(1294.311), 'training/rollout_time': np.float64(14.962), 'training/update_time': np.float64(0.012), 'training/approx_kl': 458260.125, 'training/entropy': -36.496864318847656, 'training/policy_loss': -138168.34375, 'training/total_loss': -138168.25, 'training/value_loss': 0.21658167243003845}
{'training/total_steps': 168178, 'training/updates': 84, 'training/sps': np.float64(131.238), 'training/walltime': np.float64(1309.553), 'training/rollout_time': np.float64(15.223), 'training/update_time': np.float64(0.016), 'training/approx_kl': 526841.3125, 'training/entropy': -40.30494689941406, 'training/policy_loss': -149001.78125, 'training/total_loss': -149001.65625, 'training/value_loss': 0.21967649459838867}
{'training/total_steps': 170178, 'training/updates': 85, 'training/sps': np.float64(131.327), 'training/walltime': np.float64(1324.785), 'training/rollout_time': np.float64(15.213), 'training/update_time': np.float64(0.016), 'training/approx_kl': 596147.625, 'training/entropy': -44.41156005859375, 'training/policy_loss': -162260.484375, 'training/total_loss': -162260.375, 'training/value_loss': 0.22048521041870117}
{'training/total_steps': 172178, 'training/updates': 86, 'training/sps': np.float64(134.236), 'training/walltime': np.float64(1339.687), 'training/rollout_time': np.float64(14.888), 'training/update_time': np.float64(0.011), 'training/approx_kl': 668938.0, 'training/entropy': -48.73527145385742, 'training/policy_loss': -173218.21875, 'training/total_loss': -173218.09375, 'training/value_loss': 0.2228446900844574}
{'training/total_steps': 174178, 'training/updates': 87, 'training/sps': np.float64(132.812), 'training/walltime': np.float64(1354.752), 'training/rollout_time': np.float64(15.035), 'training/update_time': np.float64(0.024), 'training/approx_kl': 746757.625, 'training/entropy': -53.27662658691406, 'training/policy_loss': -184769.46875, 'training/total_loss': -184769.34375, 'training/value_loss': 0.22492794692516327}
{'training/total_steps': 176178, 'training/updates': 88, 'training/sps': np.float64(132.977), 'training/walltime': np.float64(1369.799), 'training/rollout_time': np.float64(15.021), 'training/update_time': np.float64(0.019), 'training/approx_kl': 821194.875, 'training/entropy': -58.066619873046875, 'training/policy_loss': -194794.5, 'training/total_loss': -194794.375, 'training/value_loss': 0.22645443677902222}
{'training/total_steps': 178178, 'training/updates': 89, 'training/sps': np.float64(133.937), 'training/walltime': np.float64(1384.74), 'training/rollout_time': np.float64(14.915), 'training/update_time': np.float64(0.018), 'training/approx_kl': 870171.3125, 'training/entropy': -62.89949035644531, 'training/policy_loss': -196906.40625, 'training/total_loss': -196906.28125, 'training/value_loss': 0.22910749912261963}
{'training/total_steps': 180178, 'training/updates': 90, 'training/sps': np.float64(133.737), 'training/walltime': np.float64(1399.697), 'training/rollout_time': np.float64(14.939), 'training/update_time': np.float64(0.016), 'training/approx_kl': 951816.875, 'training/entropy': -68.01741027832031, 'training/policy_loss': -204008.21875, 'training/total_loss': -204008.109375, 'training/value_loss': 0.23177820444107056}
{'training/total_steps': 182178, 'training/updates': 91, 'training/sps': np.float64(137.076), 'training/walltime': np.float64(1414.29), 'training/rollout_time': np.float64(14.58), 'training/update_time': np.float64(0.01), 'training/approx_kl': 1039716.4375, 'training/entropy': -73.36923217773438, 'training/policy_loss': -210474.484375, 'training/total_loss': -210474.375, 'training/value_loss': 0.23481722176074982}
{'training/total_steps': 184178, 'training/updates': 92, 'training/sps': np.float64(136.079), 'training/walltime': np.float64(1428.991), 'training/rollout_time': np.float64(14.687), 'training/update_time': np.float64(0.011), 'training/approx_kl': 1131738.875, 'training/entropy': -78.84202575683594, 'training/policy_loss': -218937.078125, 'training/total_loss': -218936.96875, 'training/value_loss': 0.23705588281154633}
{'training/total_steps': 186178, 'training/updates': 93, 'training/sps': np.float64(129.117), 'training/walltime': np.float64(1444.483), 'training/rollout_time': np.float64(15.464), 'training/update_time': np.float64(0.026), 'training/approx_kl': 1219917.5, 'training/entropy': -84.42334747314453, 'training/policy_loss': -223017.140625, 'training/total_loss': -223017.015625, 'training/value_loss': 0.24055980145931244}
{'training/total_steps': 188178, 'training/updates': 94, 'training/sps': np.float64(141.965), 'training/walltime': np.float64(1458.578), 'training/rollout_time': np.float64(14.079), 'training/update_time': np.float64(0.009), 'training/approx_kl': 1322441.75, 'training/entropy': -90.3084487915039, 'training/policy_loss': -233111.96875, 'training/total_loss': -233111.84375, 'training/value_loss': 0.24165746569633484}
{'training/total_steps': 190178, 'training/updates': 95, 'training/sps': np.float64(132.431), 'training/walltime': np.float64(1473.682), 'training/rollout_time': np.float64(15.083), 'training/update_time': np.float64(0.019), 'training/approx_kl': 1421374.125, 'training/entropy': -96.47509765625, 'training/policy_loss': -236845.84375, 'training/total_loss': -236845.71875, 'training/value_loss': 0.24472354352474213}
{'training/total_steps': 192178, 'training/updates': 96, 'training/sps': np.float64(122.827), 'training/walltime': np.float64(1489.968), 'training/rollout_time': np.float64(16.252), 'training/update_time': np.float64(0.031), 'training/approx_kl': 1534287.125, 'training/entropy': -102.75445556640625, 'training/policy_loss': -243688.6875, 'training/total_loss': -243688.5625, 'training/value_loss': 0.24713486433029175}
{'training/total_steps': 194178, 'training/updates': 97, 'training/sps': np.float64(126.909), 'training/walltime': np.float64(1505.736), 'training/rollout_time': np.float64(15.748), 'training/update_time': np.float64(0.011), 'training/approx_kl': 1647809.5, 'training/entropy': -109.26463317871094, 'training/policy_loss': -246049.1875, 'training/total_loss': -246049.0625, 'training/value_loss': 0.2504723072052002}
{'training/total_steps': 196178, 'training/updates': 98, 'training/sps': np.float64(128.385), 'training/walltime': np.float64(1521.317), 'training/rollout_time': np.float64(15.569), 'training/update_time': np.float64(0.009), 'training/approx_kl': 1747198.5, 'training/entropy': -115.8308334350586, 'training/policy_loss': -246672.34375, 'training/total_loss': -246672.21875, 'training/value_loss': 0.25355076789855957}
{'training/total_steps': 198178, 'training/updates': 99, 'training/sps': np.float64(139.285), 'training/walltime': np.float64(1535.693), 'training/rollout_time': np.float64(14.347), 'training/update_time': np.float64(0.012), 'training/approx_kl': 1877085.5, 'training/entropy': -122.9212646484375, 'training/policy_loss': -246481.3125, 'training/total_loss': -246481.1875, 'training/value_loss': 0.25742626190185547}
{'training/total_steps': 200178, 'training/updates': 100, 'training/sps': np.float64(128.981), 'training/walltime': np.float64(1551.201), 'training/rollout_time': np.float64(15.493), 'training/update_time': np.float64(0.013), 'training/approx_kl': 2002766.375, 'training/entropy': -129.90414428710938, 'training/policy_loss': -253399.40625, 'training/total_loss': -253399.28125, 'training/value_loss': 0.259268581867218}
{'eval/num_episodes': 10, 'eval/num_steps': 20, 'eval/mean_score': np.float64(2.0), 'eval/std_score': np.float64(0.0), 'eval/mean_episode_length': np.float64(2.0), 'eval/std_episode_length': np.float64(0.0), 'eval/eval_time': 0.23937368392944336}
{'training/total_steps': 202178, 'training/updates': 101, 'training/sps': np.float64(132.613), 'training/walltime': np.float64(1566.527), 'training/rollout_time': np.float64(15.066), 'training/update_time': np.float64(0.016), 'training/approx_kl': 2111395.75, 'training/entropy': -137.06236267089844, 'training/policy_loss': -245619.484375, 'training/total_loss': -245619.359375, 'training/value_loss': 0.26446714997291565}
{'training/total_steps': 204178, 'training/updates': 102, 'training/sps': np.float64(129.302), 'training/walltime': np.float64(1581.997), 'training/rollout_time': np.float64(15.457), 'training/update_time': np.float64(0.01), 'training/approx_kl': 2238025.5, 'training/entropy': -144.57205200195312, 'training/policy_loss': -248943.953125, 'training/total_loss': -248943.8125, 'training/value_loss': 0.2661934792995453}
{'training/total_steps': 206178, 'training/updates': 103, 'training/sps': np.float64(130.649), 'training/walltime': np.float64(1597.309), 'training/rollout_time': np.float64(15.298), 'training/update_time': np.float64(0.01), 'training/approx_kl': 2378223.25, 'training/entropy': -152.54978942871094, 'training/policy_loss': -250544.109375, 'training/total_loss': -250543.96875, 'training/value_loss': 0.26762741804122925}
{'training/total_steps': 208178, 'training/updates': 104, 'training/sps': np.float64(127.486), 'training/walltime': np.float64(1612.999), 'training/rollout_time': np.float64(15.654), 'training/update_time': np.float64(0.034), 'training/approx_kl': 2525631.25, 'training/entropy': -160.3372344970703, 'training/policy_loss': -250723.71875, 'training/total_loss': -250723.578125, 'training/value_loss': 0.27121514081954956}
{'training/total_steps': 210178, 'training/updates': 105, 'training/sps': np.float64(131.959), 'training/walltime': np.float64(1628.161), 'training/rollout_time': np.float64(15.145), 'training/update_time': np.float64(0.011), 'training/approx_kl': 2692915.0, 'training/entropy': -168.4594268798828, 'training/policy_loss': -253737.859375, 'training/total_loss': -253737.71875, 'training/value_loss': 0.27402132749557495}
{'training/total_steps': 212178, 'training/updates': 106, 'training/sps': np.float64(134.497), 'training/walltime': np.float64(1643.034), 'training/rollout_time': np.float64(14.86), 'training/update_time': np.float64(0.01), 'training/approx_kl': 2844805.25, 'training/entropy': -177.04617309570312, 'training/policy_loss': -248795.5, 'training/total_loss': -248795.375, 'training/value_loss': 0.27668043971061707}
{'training/total_steps': 214178, 'training/updates': 107, 'training/sps': np.float64(132.344), 'training/walltime': np.float64(1658.15), 'training/rollout_time': np.float64(15.102), 'training/update_time': np.float64(0.01), 'training/approx_kl': 3014401.25, 'training/entropy': -185.48989868164062, 'training/policy_loss': -239914.34375, 'training/total_loss': -239914.21875, 'training/value_loss': 0.28148096799850464}
{'training/total_steps': 216178, 'training/updates': 108, 'training/sps': np.float64(132.52), 'training/walltime': np.float64(1673.244), 'training/rollout_time': np.float64(15.082), 'training/update_time': np.float64(0.01), 'training/approx_kl': 3184539.0, 'training/entropy': -194.50086975097656, 'training/policy_loss': -246694.75, 'training/total_loss': -246694.59375, 'training/value_loss': 0.2820509076118469}
{'training/total_steps': 218178, 'training/updates': 109, 'training/sps': np.float64(136.458), 'training/walltime': np.float64(1687.903), 'training/rollout_time': np.float64(14.647), 'training/update_time': np.float64(0.01), 'training/approx_kl': 3361632.5, 'training/entropy': -203.24835205078125, 'training/policy_loss': -247248.375, 'training/total_loss': -247248.234375, 'training/value_loss': 0.2852082848548889}
{'training/total_steps': 220178, 'training/updates': 110, 'training/sps': np.float64(134.471), 'training/walltime': np.float64(1702.779), 'training/rollout_time': np.float64(14.863), 'training/update_time': np.float64(0.01), 'training/approx_kl': 3537725.5, 'training/entropy': -212.57730102539062, 'training/policy_loss': -232666.90625, 'training/total_loss': -232666.765625, 'training/value_loss': 0.28932055830955505}
{'training/total_steps': 222178, 'training/updates': 111, 'training/sps': np.float64(133.804), 'training/walltime': np.float64(1717.729), 'training/rollout_time': np.float64(14.938), 'training/update_time': np.float64(0.009), 'training/approx_kl': 3748358.75, 'training/entropy': -222.1364288330078, 'training/policy_loss': -236367.765625, 'training/total_loss': -236367.625, 'training/value_loss': 0.29090625047683716}
{'training/total_steps': 224178, 'training/updates': 112, 'training/sps': np.float64(137.769), 'training/walltime': np.float64(1732.249), 'training/rollout_time': np.float64(14.5), 'training/update_time': np.float64(0.017), 'training/approx_kl': 3911119.0, 'training/entropy': -231.65394592285156, 'training/policy_loss': -234880.140625, 'training/total_loss': -234880.0, 'training/value_loss': 0.2926845848560333}
{'training/total_steps': 226178, 'training/updates': 113, 'training/sps': np.float64(132.927), 'training/walltime': np.float64(1747.297), 'training/rollout_time': np.float64(15.036), 'training/update_time': np.float64(0.01), 'training/approx_kl': 4127645.5, 'training/entropy': -241.41798400878906, 'training/policy_loss': -224187.46875, 'training/total_loss': -224187.3125, 'training/value_loss': 0.29651913046836853}
{'training/total_steps': 228178, 'training/updates': 114, 'training/sps': np.float64(130.73), 'training/walltime': np.float64(1762.599), 'training/rollout_time': np.float64(15.286), 'training/update_time': np.float64(0.012), 'training/approx_kl': 4333995.5, 'training/entropy': -251.95932006835938, 'training/policy_loss': -210609.90625, 'training/total_loss': -210609.765625, 'training/value_loss': 0.2999470829963684}
{'training/total_steps': 230178, 'training/updates': 115, 'training/sps': np.float64(134.014), 'training/walltime': np.float64(1777.526), 'training/rollout_time': np.float64(14.914), 'training/update_time': np.float64(0.01), 'training/approx_kl': 4507827.5, 'training/entropy': -261.8875732421875, 'training/policy_loss': -205886.90625, 'training/total_loss': -205886.75, 'training/value_loss': 0.30247724056243896}
{'training/total_steps': 232178, 'training/updates': 116, 'training/sps': np.float64(132.19), 'training/walltime': np.float64(1792.659), 'training/rollout_time': np.float64(15.118), 'training/update_time': np.float64(0.012), 'training/approx_kl': 4717415.0, 'training/entropy': -273.07598876953125, 'training/policy_loss': -189770.5, 'training/total_loss': -189770.34375, 'training/value_loss': 0.30463701486587524}
{'training/total_steps': 234178, 'training/updates': 117, 'training/sps': np.float64(132.709), 'training/walltime': np.float64(1807.739), 'training/rollout_time': np.float64(15.051), 'training/update_time': np.float64(0.02), 'training/approx_kl': 4960144.0, 'training/entropy': -284.3876953125, 'training/policy_loss': -170200.921875, 'training/total_loss': -170200.765625, 'training/value_loss': 0.3079887330532074}
{'training/total_steps': 236178, 'training/updates': 118, 'training/sps': np.float64(133.535), 'training/walltime': np.float64(1822.719), 'training/rollout_time': np.float64(14.966), 'training/update_time': np.float64(0.011), 'training/approx_kl': 5210104.5, 'training/entropy': -295.2083435058594, 'training/policy_loss': -168559.171875, 'training/total_loss': -168559.015625, 'training/value_loss': 0.30946290493011475}
{'training/total_steps': 238178, 'training/updates': 119, 'training/sps': np.float64(140.455), 'training/walltime': np.float64(1836.968), 'training/rollout_time': np.float64(14.23), 'training/update_time': np.float64(0.009), 'training/approx_kl': 5407835.5, 'training/entropy': -305.9750671386719, 'training/policy_loss': -162303.90625, 'training/total_loss': -162303.75, 'training/value_loss': 0.31189626455307007}
{'training/total_steps': 240178, 'training/updates': 120, 'training/sps': np.float64(135.242), 'training/walltime': np.float64(1851.759), 'training/rollout_time': np.float64(14.766), 'training/update_time': np.float64(0.022), 'training/approx_kl': 5639378.5, 'training/entropy': -317.82586669921875, 'training/policy_loss': -128423.875, 'training/total_loss': -128423.71875, 'training/value_loss': 0.3159956932067871}
{'eval/num_episodes': 10, 'eval/num_steps': 20, 'eval/mean_score': np.float64(2.0), 'eval/std_score': np.float64(0.0), 'eval/mean_episode_length': np.float64(2.0), 'eval/std_episode_length': np.float64(0.0), 'eval/eval_time': 0.25498104095458984}
{'training/total_steps': 242178, 'training/updates': 121, 'training/sps': np.float64(134.905), 'training/walltime': np.float64(1866.844), 'training/rollout_time': np.float64(14.814), 'training/update_time': np.float64(0.011), 'training/approx_kl': 5894846.0, 'training/entropy': -329.746337890625, 'training/policy_loss': -135097.046875, 'training/total_loss': -135096.890625, 'training/value_loss': 0.3154948055744171}
{'training/total_steps': 244178, 'training/updates': 122, 'training/sps': np.float64(135.457), 'training/walltime': np.float64(1881.612), 'training/rollout_time': np.float64(14.737), 'training/update_time': np.float64(0.027), 'training/approx_kl': 6143935.5, 'training/entropy': -341.72760009765625, 'training/policy_loss': -115366.84375, 'training/total_loss': -115366.6875, 'training/value_loss': 0.31778424978256226}
{'training/total_steps': 246178, 'training/updates': 123, 'training/sps': np.float64(141.164), 'training/walltime': np.float64(1895.784), 'training/rollout_time': np.float64(14.156), 'training/update_time': np.float64(0.012), 'training/approx_kl': 6400134.0, 'training/entropy': -353.8849182128906, 'training/policy_loss': -119981.53125, 'training/total_loss': -119981.375, 'training/value_loss': 0.31809672713279724}
{'training/total_steps': 248178, 'training/updates': 124, 'training/sps': np.float64(128.117), 'training/walltime': np.float64(1911.397), 'training/rollout_time': np.float64(15.592), 'training/update_time': np.float64(0.019), 'training/approx_kl': 6692163.0, 'training/entropy': -366.573974609375, 'training/policy_loss': -87863.2578125, 'training/total_loss': -87863.09375, 'training/value_loss': 0.3209853768348694}
{'training/total_steps': 250178, 'training/updates': 125, 'training/sps': np.float64(134.624), 'training/walltime': np.float64(1926.257), 'training/rollout_time': np.float64(14.845), 'training/update_time': np.float64(0.011), 'training/approx_kl': 6916361.5, 'training/entropy': -380.11944580078125, 'training/policy_loss': -54207.2109375, 'training/total_loss': -54207.0546875, 'training/value_loss': 0.3228418827056885}
{'training/total_steps': 252178, 'training/updates': 126, 'training/sps': np.float64(136.424), 'training/walltime': np.float64(1940.919), 'training/rollout_time': np.float64(14.651), 'training/update_time': np.float64(0.009), 'training/approx_kl': 7022871.5, 'training/entropy': -392.27349853515625, 'training/policy_loss': -49611.43359375, 'training/total_loss': -49611.2734375, 'training/value_loss': 0.3240036070346832}
{'training/total_steps': 254178, 'training/updates': 127, 'training/sps': np.float64(133.867), 'training/walltime': np.float64(1955.862), 'training/rollout_time': np.float64(14.929), 'training/update_time': np.float64(0.011), 'training/approx_kl': 8072004.0, 'training/entropy': -406.93731689453125, 'training/policy_loss': 6954.98046875, 'training/total_loss': 6955.1435546875, 'training/value_loss': 0.3259317874908447}
{'training/total_steps': 256178, 'training/updates': 128, 'training/sps': np.float64(134.755), 'training/walltime': np.float64(1970.711), 'training/rollout_time': np.float64(14.822), 'training/update_time': np.float64(0.019), 'training/approx_kl': 2369596.0, 'training/entropy': -412.8655700683594, 'training/policy_loss': -6132.28125, 'training/total_loss': -6132.1171875, 'training/value_loss': 0.3284420371055603}
{'training/total_steps': 258178, 'training/updates': 129, 'training/sps': np.float64(129.644), 'training/walltime': np.float64(1986.141), 'training/rollout_time': np.float64(15.411), 'training/update_time': np.float64(0.016), 'training/approx_kl': 2509112.5, 'training/entropy': -417.485107421875, 'training/policy_loss': -10514.390625, 'training/total_loss': -10514.2265625, 'training/value_loss': 0.32825347781181335}
{'training/total_steps': 260178, 'training/updates': 130, 'training/sps': np.float64(129.277), 'training/walltime': np.float64(2001.617), 'training/rollout_time': np.float64(15.439), 'training/update_time': np.float64(0.031), 'training/approx_kl': 2622230.5, 'training/entropy': -425.2921142578125, 'training/policy_loss': -2500.8642578125, 'training/total_loss': -2500.69921875, 'training/value_loss': 0.32992446422576904}
{'training/total_steps': 262178, 'training/updates': 131, 'training/sps': np.float64(134.945), 'training/walltime': np.float64(2016.442), 'training/rollout_time': np.float64(14.81), 'training/update_time': np.float64(0.011), 'training/approx_kl': 943797.5625, 'training/entropy': -429.21368408203125, 'training/policy_loss': -2541.234619140625, 'training/total_loss': -2541.07080078125, 'training/value_loss': 0.3273938298225403}
{'training/total_steps': 264178, 'training/updates': 132, 'training/sps': np.float64(131.678), 'training/walltime': np.float64(2031.634), 'training/rollout_time': np.float64(15.16), 'training/update_time': np.float64(0.029), 'training/approx_kl': 414889.375, 'training/entropy': -431.19573974609375, 'training/policy_loss': -920.1585693359375, 'training/total_loss': -919.9931640625, 'training/value_loss': 0.33086681365966797}
{'training/total_steps': 266178, 'training/updates': 133, 'training/sps': np.float64(131.96), 'training/walltime': np.float64(2046.793), 'training/rollout_time': np.float64(15.135), 'training/update_time': np.float64(0.021), 'training/approx_kl': 638189.5, 'training/entropy': -433.7238464355469, 'training/policy_loss': 2751.8125, 'training/total_loss': 2751.977783203125, 'training/value_loss': 0.33055195212364197}
{'training/total_steps': 268178, 'training/updates': 134, 'training/sps': np.float64(137.897), 'training/walltime': np.float64(2061.304), 'training/rollout_time': np.float64(14.495), 'training/update_time': np.float64(0.009), 'training/approx_kl': 310572.78125, 'training/entropy': -435.57672119140625, 'training/policy_loss': 2207.8134765625, 'training/total_loss': 2207.97802734375, 'training/value_loss': 0.32919684052467346}
{'training/total_steps': 270178, 'training/updates': 135, 'training/sps': np.float64(132.206), 'training/walltime': np.float64(2076.434), 'training/rollout_time': np.float64(15.117), 'training/update_time': np.float64(0.011), 'training/approx_kl': 244854.71875, 'training/entropy': -435.03790283203125, 'training/policy_loss': 4343.251953125, 'training/total_loss': 4343.4169921875, 'training/value_loss': 0.33056145906448364}
{'training/total_steps': 272178, 'training/updates': 136, 'training/sps': np.float64(138.032), 'training/walltime': np.float64(2090.926), 'training/rollout_time': np.float64(14.481), 'training/update_time': np.float64(0.008), 'training/approx_kl': 236416.78125, 'training/entropy': -434.8897399902344, 'training/policy_loss': 3837.2900390625, 'training/total_loss': 3837.455078125, 'training/value_loss': 0.32977044582366943}
{'training/total_steps': 274178, 'training/updates': 137, 'training/sps': np.float64(135.373), 'training/walltime': np.float64(2105.706), 'training/rollout_time': np.float64(14.756), 'training/update_time': np.float64(0.018), 'training/approx_kl': 414911.15625, 'training/entropy': -434.6937255859375, 'training/policy_loss': 10152.73046875, 'training/total_loss': 10152.8955078125, 'training/value_loss': 0.33080756664276123}
{'training/total_steps': 276178, 'training/updates': 138, 'training/sps': np.float64(131.148), 'training/walltime': np.float64(2120.958), 'training/rollout_time': np.float64(15.239), 'training/update_time': np.float64(0.011), 'training/approx_kl': 168322.6875, 'training/entropy': -437.6007385253906, 'training/policy_loss': 3911.88232421875, 'training/total_loss': 3912.04736328125, 'training/value_loss': 0.32933443784713745}
{'training/total_steps': 278178, 'training/updates': 139, 'training/sps': np.float64(125.616), 'training/walltime': np.float64(2136.883), 'training/rollout_time': np.float64(15.908), 'training/update_time': np.float64(0.013), 'training/approx_kl': 352943.9375, 'training/entropy': -435.40325927734375, 'training/policy_loss': 11195.689453125, 'training/total_loss': 11195.853515625, 'training/value_loss': 0.32889291644096375}
{'training/total_steps': 280178, 'training/updates': 140, 'training/sps': np.float64(128.106), 'training/walltime': np.float64(2152.497), 'training/rollout_time': np.float64(15.593), 'training/update_time': np.float64(0.019), 'training/approx_kl': 698002.125, 'training/entropy': -437.3609619140625, 'training/policy_loss': 23802.943359375, 'training/total_loss': 23803.109375, 'training/value_loss': 0.329738050699234}
{'eval/num_episodes': 10, 'eval/num_steps': 20, 'eval/mean_score': np.float64(2.0), 'eval/std_score': np.float64(0.0), 'eval/mean_episode_length': np.float64(2.0), 'eval/std_episode_length': np.float64(0.0), 'eval/eval_time': 0.2480311393737793}
{'training/total_steps': 282178, 'training/updates': 141, 'training/sps': np.float64(127.804), 'training/walltime': np.float64(2168.4), 'training/rollout_time': np.float64(15.615), 'training/update_time': np.float64(0.034), 'training/approx_kl': 326377.46875, 'training/entropy': -439.0500183105469, 'training/policy_loss': 11574.08984375, 'training/total_loss': 11574.25390625, 'training/value_loss': 0.3284408748149872}
{'training/total_steps': 284178, 'training/updates': 142, 'training/sps': np.float64(138.57), 'training/walltime': np.float64(2182.837), 'training/rollout_time': np.float64(14.424), 'training/update_time': np.float64(0.009), 'training/approx_kl': 220493.625, 'training/entropy': -440.245361328125, 'training/policy_loss': 8774.962890625, 'training/total_loss': 8775.126953125, 'training/value_loss': 0.32860422134399414}
{'training/total_steps': 286178, 'training/updates': 143, 'training/sps': np.float64(137.07), 'training/walltime': np.float64(2197.431), 'training/rollout_time': np.float64(14.573), 'training/update_time': np.float64(0.018), 'training/approx_kl': 204079.84375, 'training/entropy': -439.2528076171875, 'training/policy_loss': 8850.005859375, 'training/total_loss': 8850.169921875, 'training/value_loss': 0.32863688468933105}
{'training/total_steps': 288178, 'training/updates': 144, 'training/sps': np.float64(138.758), 'training/walltime': np.float64(2211.848), 'training/rollout_time': np.float64(14.394), 'training/update_time': np.float64(0.02), 'training/approx_kl': 362004.65625, 'training/entropy': -439.9989013671875, 'training/policy_loss': 16019.552734375, 'training/total_loss': 16019.71484375, 'training/value_loss': 0.32652831077575684}
{'training/total_steps': 290178, 'training/updates': 145, 'training/sps': np.float64(137.251), 'training/walltime': np.float64(2226.423), 'training/rollout_time': np.float64(14.562), 'training/update_time': np.float64(0.01), 'training/approx_kl': 148026.765625, 'training/entropy': -442.2728271484375, 'training/policy_loss': 6966.78857421875, 'training/total_loss': 6966.9521484375, 'training/value_loss': 0.32708245515823364}
{'training/total_steps': 292178, 'training/updates': 146, 'training/sps': np.float64(130.954), 'training/walltime': np.float64(2241.704), 'training/rollout_time': np.float64(15.239), 'training/update_time': np.float64(0.033), 'training/approx_kl': 359687.03125, 'training/entropy': -441.0296325683594, 'training/policy_loss': 17343.5625, 'training/total_loss': 17343.72265625, 'training/value_loss': 0.32531821727752686}
{'training/total_steps': 294178, 'training/updates': 147, 'training/sps': np.float64(134.215), 'training/walltime': np.float64(2256.609), 'training/rollout_time': np.float64(14.873), 'training/update_time': np.float64(0.029), 'training/approx_kl': 623642.5, 'training/entropy': -443.4913024902344, 'training/policy_loss': 32768.96875, 'training/total_loss': 32769.1328125, 'training/value_loss': 0.3250895142555237}
{'training/total_steps': 296178, 'training/updates': 148, 'training/sps': np.float64(132.341), 'training/walltime': np.float64(2271.727), 'training/rollout_time': np.float64(15.101), 'training/update_time': np.float64(0.011), 'training/approx_kl': 312921.3125, 'training/entropy': -445.31890869140625, 'training/policy_loss': 16738.91015625, 'training/total_loss': 16739.072265625, 'training/value_loss': 0.3241862654685974}
{'training/total_steps': 298178, 'training/updates': 149, 'training/sps': np.float64(131.433), 'training/walltime': np.float64(2286.946), 'training/rollout_time': np.float64(15.184), 'training/update_time': np.float64(0.033), 'training/approx_kl': 224192.96875, 'training/entropy': -446.8254699707031, 'training/policy_loss': 11610.4091796875, 'training/total_loss': 11610.5703125, 'training/value_loss': 0.3223993182182312}
{'training/total_steps': 300178, 'training/updates': 150, 'training/sps': np.float64(134.574), 'training/walltime': np.float64(2301.812), 'training/rollout_time': np.float64(14.851), 'training/update_time': np.float64(0.011), 'training/approx_kl': 213466.4375, 'training/entropy': -446.7386474609375, 'training/policy_loss': 12092.0, 'training/total_loss': 12092.162109375, 'training/value_loss': 0.32284772396087646}
TRAINING END: training duration: 2301.8146934509277
{'final_eval/num_episodes': 10, 'final_eval/num_steps': 20, 'final_eval/mean_score': np.float64(2.0), 'final_eval/std_score': np.float64(0.0), 'final_eval/mean_episode_length': np.float64(2.0), 'final_eval/std_episode_length': np.float64(0.0)}
[1;34mwandb[0m: 
[1;34mwandb[0m: 🚀 View run [33mExp_reinforce_mujoco__inverted_pendulum__2[0m at: [34mhttps://wandb.ai/mariberger-eth-z-rich/mujoco-pcpg/runs/f472urj9[0m
[1;34mwandb[0m: Find logs at: [1;35mwandb/run-20260619_170107-f472urj9/logs[0m
