E0619 16:22:38.714076  456523 ptx_compiler_helpers.cc:87] *** WARNING *** Invoking ptxas with version 12.4.131, which corresponds to a CUDA version <=12.6.2. CUDA versions 12.x.y up to and including 12.6.2 miscompile certain edge cases around clamping.
Please upgrade to CUDA 12.6.3 or newer.
wandb: [wandb.login()] Loaded credentials for https://api.wandb.ai from /root/.netrc.
wandb: Currently logged in as: mariberger (mariberger-eth-z-rich) to https://api.wandb.ai. Use `wandb login --relogin` to force relogin
wandb: setting up run 11gb3m4e
wandb: Tracking run with wandb version 0.27.2
wandb: Run data is saved locally in /workspace/PCPG/wandb/run-20260619_162242-11gb3m4e
wandb: Run `wandb offline` to turn off syncing.
wandb: Syncing run Exp_reinforce_mujoco__inverted_pendulum__1
wandb: ⭐️ View project at https://wandb.ai/mariberger-eth-z-rich/mujoco-pcpg
wandb: 🚀 View run at https://wandb.ai/mariberger-eth-z-rich/mujoco-pcpg/runs/11gb3m4e
Failed to import warp: No module named 'warp'
Failed to import mujoco_warp: No module named 'warp'
[run_train] algorithm=reinforce env=inverted_pendulum num_envs=1 total_steps=300000 seed=1 use_cnn=False
|param: value|
|experiment_name:  reinforce_mujoco|
|seed:  1|
|platform:  cpu|
|write_logs_to_file:  False|
|save_model:  False|
|env_name:  inverted_pendulum|
|num_envs:  1|
|num_train_levels:  200|
|distribution_mode:  easy|
|arm_means:  (1.0, 0.9)|
|deterministic_rewards:  True|
|eval_env:  True|
|num_eval_episodes:  10|
|eval_every:  20|
|deterministic_eval:  True|
|normalize_observations:  True|
|total_timesteps:  300000|
|learning_rate:  0.0003|
|optimizer:  adam|
|unroll_length:  16|
|anneal_lr:  False|
|gamma:  0.99|
|batch_size:  8|
|num_minibatches:  1|
|update_epochs:  4|
|entropy_cost:  0.0|
|max_grad_norm:  0.5|
|reward_scaling:  1.0|
|use_cnn:  False|
|policy_hidden_layer_sizes:  [128, 128, 128, 128]|
|value_hidden_layer_sizes:  [128, 128, 128, 128]|
|activation:  <jax._src.custom_derivatives.custom_jvp object at 0x74906ce05910>|
|policy_init_logit_bias:  None|
|checkpoint_dir:  /workspace/PCPG/outputs/checkpoints|
Using JAX default device: cuda:0.
/usr/local/lib/python3.11/dist-packages/brax/io/mjcf.py:480: UserWarning: Brax System, piplines and environments are not actively being maintained. Please see MJX for a well maintained JAX-based physics engine: https://github.com/google-deepmind/mujoco/tree/main/mjx. For a host of environments that use MJX, see: https://github.com/google-deepmind/mujoco_playground.
  warnings.warn(
Using JAX default device: cuda:0.
Using JAX default device: cuda:0.
Using JAX default device: cuda:0.
/usr/local/lib/python3.11/dist-packages/brax/io/mjcf.py:480: UserWarning: Brax System, piplines and environments are not actively being maintained. Please see MJX for a well maintained JAX-based physics engine: https://github.com/google-deepmind/mujoco/tree/main/mjx. For a host of environments that use MJX, see: https://github.com/google-deepmind/mujoco_playground.
  warnings.warn(
Using JAX default device: cuda:0.
Using JAX default device: cuda:0.
{'training/total_steps': 2002, 'training/updates': 1, 'training/sps': np.float64(66.218), 'training/walltime': np.float64(30.234), 'training/rollout_time': np.float64(23.386), 'training/update_time': np.float64(6.847), 'training/approx_kl': -0.0030735693871974945, 'training/entropy': 0.5949257612228394, 'training/policy_loss': 0.5342649221420288, 'training/total_loss': 0.9388752579689026, 'training/value_loss': 0.8092206716537476}
{'training/total_steps': 4004, 'training/updates': 2, 'training/sps': np.float64(161.605), 'training/walltime': np.float64(42.63), 'training/rollout_time': np.float64(12.376), 'training/update_time': np.float64(0.012), 'training/approx_kl': -0.0009621123899705708, 'training/entropy': 0.612305760383606, 'training/policy_loss': 0.37530529499053955, 'training/total_loss': 0.6035335063934326, 'training/value_loss': 0.4564564824104309}
{'training/total_steps': 6013, 'training/updates': 3, 'training/sps': np.float64(108.369), 'training/walltime': np.float64(61.171), 'training/rollout_time': np.float64(12.895), 'training/update_time': np.float64(5.643), 'training/approx_kl': 0.0012959246523678303, 'training/entropy': 0.6049538850784302, 'training/policy_loss': 0.20093600451946259, 'training/total_loss': 0.366073876619339, 'training/value_loss': 0.3302757441997528}
{'training/total_steps': 8014, 'training/updates': 4, 'training/sps': np.float64(106.943), 'training/walltime': np.float64(79.888), 'training/rollout_time': np.float64(12.993), 'training/update_time': np.float64(5.718), 'training/approx_kl': 0.005725879222154617, 'training/entropy': 0.5817892551422119, 'training/policy_loss': 0.12754428386688232, 'training/total_loss': 0.2797095477581024, 'training/value_loss': 0.30433058738708496}
{'training/total_steps': 10014, 'training/updates': 5, 'training/sps': np.float64(103.476), 'training/walltime': np.float64(99.219), 'training/rollout_time': np.float64(13.454), 'training/update_time': np.float64(5.874), 'training/approx_kl': 0.01928827539086342, 'training/entropy': 0.5495920181274414, 'training/policy_loss': 0.16319122910499573, 'training/total_loss': 0.3076727092266083, 'training/value_loss': 0.2889629900455475}
{'training/total_steps': 12014, 'training/updates': 6, 'training/sps': np.float64(153.159), 'training/walltime': np.float64(112.281), 'training/rollout_time': np.float64(13.027), 'training/update_time': np.float64(0.031), 'training/approx_kl': 0.02109973505139351, 'training/entropy': 0.4252265989780426, 'training/policy_loss': 0.229414701461792, 'training/total_loss': 0.36174142360687256, 'training/value_loss': 0.2646535038948059}
{'training/total_steps': 14019, 'training/updates': 7, 'training/sps': np.float64(103.625), 'training/walltime': np.float64(131.633), 'training/rollout_time': np.float64(13.666), 'training/update_time': np.float64(5.683), 'training/approx_kl': 0.023673633113503456, 'training/entropy': 0.23405355215072632, 'training/policy_loss': 0.23441414535045624, 'training/total_loss': 0.361298143863678, 'training/value_loss': 0.2537679970264435}
{'training/total_steps': 16020, 'training/updates': 8, 'training/sps': np.float64(149.403), 'training/walltime': np.float64(145.031), 'training/rollout_time': np.float64(13.383), 'training/update_time': np.float64(0.01), 'training/approx_kl': 0.03599286824464798, 'training/entropy': -0.018890652805566788, 'training/policy_loss': 0.21923595666885376, 'training/total_loss': 0.3299262523651123, 'training/value_loss': 0.2213805615901947}
{'training/total_steps': 18021, 'training/updates': 9, 'training/sps': np.float64(149.673), 'training/walltime': np.float64(158.402), 'training/rollout_time': np.float64(13.358), 'training/update_time': np.float64(0.011), 'training/approx_kl': 0.14168331027030945, 'training/entropy': -0.39057451486587524, 'training/policy_loss': 0.23390072584152222, 'training/total_loss': 0.337388277053833, 'training/value_loss': 0.2069750726222992}
{'training/total_steps': 20029, 'training/updates': 10, 'training/sps': np.float64(100.773), 'training/walltime': np.float64(178.331), 'training/rollout_time': np.float64(14.06), 'training/update_time': np.float64(5.866), 'training/approx_kl': 0.3303573429584503, 'training/entropy': -0.8930834531784058, 'training/policy_loss': 0.1823527216911316, 'training/total_loss': 0.269439697265625, 'training/value_loss': 0.17417392134666443}
{'training/total_steps': 22030, 'training/updates': 11, 'training/sps': np.float64(142.23), 'training/walltime': np.float64(192.403), 'training/rollout_time': np.float64(14.058), 'training/update_time': np.float64(0.011), 'training/approx_kl': 1.1130719184875488, 'training/entropy': -1.5190839767456055, 'training/policy_loss': -0.11610111594200134, 'training/total_loss': -0.03812199831008911, 'training/value_loss': 0.15595826506614685}
{'training/total_steps': 24032, 'training/updates': 12, 'training/sps': np.float64(144.443), 'training/walltime': np.float64(206.266), 'training/rollout_time': np.float64(13.848), 'training/update_time': np.float64(0.012), 'training/approx_kl': 3.85075044631958, 'training/entropy': -2.2349905967712402, 'training/policy_loss': -0.900036633014679, 'training/total_loss': -0.832775890827179, 'training/value_loss': 0.1345215141773224}
{'training/total_steps': 26034, 'training/updates': 13, 'training/sps': np.float64(140.631), 'training/walltime': np.float64(220.504), 'training/rollout_time': np.float64(14.224), 'training/update_time': np.float64(0.012), 'training/approx_kl': 16.942672729492188, 'training/entropy': -3.0436394214630127, 'training/policy_loss': -4.912613391876221, 'training/total_loss': -4.856442928314209, 'training/value_loss': 0.11234216392040253}
{'training/total_steps': 28034, 'training/updates': 14, 'training/sps': np.float64(139.268), 'training/walltime': np.float64(234.87), 'training/rollout_time': np.float64(14.349), 'training/update_time': np.float64(0.012), 'training/approx_kl': 99.643310546875, 'training/entropy': -3.878718376159668, 'training/policy_loss': -33.31032943725586, 'training/total_loss': -33.260379791259766, 'training/value_loss': 0.0998961478471756}
{'training/total_steps': 30036, 'training/updates': 15, 'training/sps': np.float64(137.579), 'training/walltime': np.float64(249.424), 'training/rollout_time': np.float64(14.535), 'training/update_time': np.float64(0.017), 'training/approx_kl': 646.4178466796875, 'training/entropy': -4.848100662231445, 'training/policy_loss': -238.72979736328125, 'training/total_loss': -238.6856689453125, 'training/value_loss': 0.08825957775115967}
{'training/total_steps': 32037, 'training/updates': 16, 'training/sps': np.float64(141.661), 'training/walltime': np.float64(263.553), 'training/rollout_time': np.float64(14.114), 'training/update_time': np.float64(0.012), 'training/approx_kl': 3282.053955078125, 'training/entropy': -5.983238220214844, 'training/policy_loss': -1153.8387451171875, 'training/total_loss': -1153.7999267578125, 'training/value_loss': 0.077667236328125}
{'training/total_steps': 34037, 'training/updates': 17, 'training/sps': np.float64(142.291), 'training/walltime': np.float64(277.612), 'training/rollout_time': np.float64(14.041), 'training/update_time': np.float64(0.015), 'training/approx_kl': 9449.591796875, 'training/entropy': -6.946164608001709, 'training/policy_loss': -3457.932373046875, 'training/total_loss': -3457.89794921875, 'training/value_loss': 0.0688544511795044}
{'training/total_steps': 36037, 'training/updates': 18, 'training/sps': np.float64(140.78), 'training/walltime': np.float64(291.822), 'training/rollout_time': np.float64(14.194), 'training/update_time': np.float64(0.013), 'training/approx_kl': 16913.81640625, 'training/entropy': -7.546040058135986, 'training/policy_loss': -6114.17578125, 'training/total_loss': -6114.1435546875, 'training/value_loss': 0.06482566893100739}
{'training/total_steps': 38037, 'training/updates': 19, 'training/sps': np.float64(133.614), 'training/walltime': np.float64(306.794), 'training/rollout_time': np.float64(14.958), 'training/update_time': np.float64(0.011), 'training/approx_kl': 24217.578125, 'training/entropy': -8.50501823425293, 'training/policy_loss': -9003.552734375, 'training/total_loss': -9003.5234375, 'training/value_loss': 0.05862421542406082}
{'training/total_steps': 40037, 'training/updates': 20, 'training/sps': np.float64(130.358), 'training/walltime': np.float64(322.147), 'training/rollout_time': np.float64(15.33), 'training/update_time': np.float64(0.012), 'training/approx_kl': 27948.8125, 'training/entropy': -9.283631324768066, 'training/policy_loss': -10000.1845703125, 'training/total_loss': -10000.1572265625, 'training/value_loss': 0.05335409194231033}
{'eval/num_episodes': 10, 'eval/num_steps': 20, 'eval/mean_score': np.float64(2.0), 'eval/std_score': np.float64(0.0), 'eval/mean_episode_length': np.float64(2.0), 'eval/std_episode_length': np.float64(0.0), 'eval/eval_time': 10.211884498596191}
{'training/total_steps': 42039, 'training/updates': 21, 'training/sps': np.float64(137.362), 'training/walltime': np.float64(346.938), 'training/rollout_time': np.float64(14.553), 'training/update_time': np.float64(0.022), 'training/approx_kl': 24295.5390625, 'training/entropy': -9.472515106201172, 'training/policy_loss': -9119.10546875, 'training/total_loss': -9119.083984375, 'training/value_loss': 0.04478879272937775}
{'training/total_steps': 44040, 'training/updates': 22, 'training/sps': np.float64(136.121), 'training/walltime': np.float64(361.643), 'training/rollout_time': np.float64(14.689), 'training/update_time': np.float64(0.011), 'training/approx_kl': 23054.849609375, 'training/entropy': -10.031930923461914, 'training/policy_loss': -8844.462890625, 'training/total_loss': -8844.4423828125, 'training/value_loss': 0.04084104299545288}
{'training/total_steps': 46040, 'training/updates': 23, 'training/sps': np.float64(132.946), 'training/walltime': np.float64(376.689), 'training/rollout_time': np.float64(15.028), 'training/update_time': np.float64(0.016), 'training/approx_kl': 17077.6484375, 'training/entropy': -10.285171508789062, 'training/policy_loss': -6573.52197265625, 'training/total_loss': -6573.50390625, 'training/value_loss': 0.03621184080839157}
{'training/total_steps': 48041, 'training/updates': 24, 'training/sps': np.float64(127.752), 'training/walltime': np.float64(392.355), 'training/rollout_time': np.float64(15.631), 'training/update_time': np.float64(0.032), 'training/approx_kl': 12366.189453125, 'training/entropy': -10.835851669311523, 'training/policy_loss': -4993.494140625, 'training/total_loss': -4993.478515625, 'training/value_loss': 0.03236113116145134}
{'training/total_steps': 50041, 'training/updates': 25, 'training/sps': np.float64(132.621), 'training/walltime': np.float64(407.442), 'training/rollout_time': np.float64(15.07), 'training/update_time': np.float64(0.01), 'training/approx_kl': 8259.47265625, 'training/entropy': -11.451929092407227, 'training/policy_loss': -3223.200439453125, 'training/total_loss': -3223.185791015625, 'training/value_loss': 0.029343847185373306}
{'training/total_steps': 52042, 'training/updates': 26, 'training/sps': np.float64(130.442), 'training/walltime': np.float64(422.785), 'training/rollout_time': np.float64(15.329), 'training/update_time': np.float64(0.011), 'training/approx_kl': 5395.7373046875, 'training/entropy': -12.337085723876953, 'training/policy_loss': -1695.9725341796875, 'training/total_loss': -1695.9588623046875, 'training/value_loss': 0.02731570228934288}
{'training/total_steps': 54043, 'training/updates': 27, 'training/sps': np.float64(131.756), 'training/walltime': np.float64(437.976), 'training/rollout_time': np.float64(15.168), 'training/update_time': np.float64(0.019), 'training/approx_kl': 4821.453125, 'training/entropy': -13.466448783874512, 'training/policy_loss': -876.641845703125, 'training/total_loss': -876.6282348632812, 'training/value_loss': 0.027219675481319427}
{'training/total_steps': 56044, 'training/updates': 28, 'training/sps': np.float64(133.088), 'training/walltime': np.float64(453.015), 'training/rollout_time': np.float64(15.026), 'training/update_time': np.float64(0.009), 'training/approx_kl': 4220.359375, 'training/entropy': -14.666967391967773, 'training/policy_loss': 115.21159362792969, 'training/total_loss': 115.22538757324219, 'training/value_loss': 0.02757720835506916}
{'training/total_steps': 58044, 'training/updates': 29, 'training/sps': np.float64(130.716), 'training/walltime': np.float64(468.32), 'training/rollout_time': np.float64(15.289), 'training/update_time': np.float64(0.011), 'training/approx_kl': 172.98745727539062, 'training/entropy': -15.112222671508789, 'training/policy_loss': 25.815963745117188, 'training/total_loss': 25.829992294311523, 'training/value_loss': 0.028059102594852448}
{'training/total_steps': 60045, 'training/updates': 30, 'training/sps': np.float64(133.096), 'training/walltime': np.float64(483.357), 'training/rollout_time': np.float64(15.023), 'training/update_time': np.float64(0.012), 'training/approx_kl': 18.060245513916016, 'training/entropy': -15.124658584594727, 'training/policy_loss': -0.3453327715396881, 'training/total_loss': -0.33063024282455444, 'training/value_loss': 0.029405150562524796}
{'training/total_steps': 62045, 'training/updates': 31, 'training/sps': np.float64(128.719), 'training/walltime': np.float64(498.899), 'training/rollout_time': np.float64(15.525), 'training/update_time': np.float64(0.013), 'training/approx_kl': 24.60909080505371, 'training/entropy': -15.240074157714844, 'training/policy_loss': -2.3106250762939453, 'training/total_loss': -2.295412540435791, 'training/value_loss': 0.0304248109459877}
{'training/total_steps': 64045, 'training/updates': 32, 'training/sps': np.float64(125.635), 'training/walltime': np.float64(514.821), 'training/rollout_time': np.float64(15.888), 'training/update_time': np.float64(0.031), 'training/approx_kl': 195.76235961914062, 'training/entropy': -15.60587215423584, 'training/policy_loss': 30.88849639892578, 'training/total_loss': 30.904518127441406, 'training/value_loss': 0.032047875225543976}
{'training/total_steps': 66045, 'training/updates': 33, 'training/sps': np.float64(135.606), 'training/walltime': np.float64(529.575), 'training/rollout_time': np.float64(14.738), 'training/update_time': np.float64(0.011), 'training/approx_kl': 15.628861427307129, 'training/entropy': -15.787261962890625, 'training/policy_loss': 1.4681611061096191, 'training/total_loss': 1.4848123788833618, 'training/value_loss': 0.03330253064632416}
{'training/total_steps': 68045, 'training/updates': 34, 'training/sps': np.float64(133.375), 'training/walltime': np.float64(544.573), 'training/rollout_time': np.float64(14.981), 'training/update_time': np.float64(0.014), 'training/approx_kl': 8.162220001220703, 'training/entropy': -15.87342357635498, 'training/policy_loss': 0.18318039178848267, 'training/total_loss': 0.1993110477924347, 'training/value_loss': 0.03226132690906525}
{'training/total_steps': 70045, 'training/updates': 35, 'training/sps': np.float64(133.452), 'training/walltime': np.float64(559.563), 'training/rollout_time': np.float64(14.953), 'training/update_time': np.float64(0.033), 'training/approx_kl': 5.891574859619141, 'training/entropy': -15.935632705688477, 'training/policy_loss': -0.28016453981399536, 'training/total_loss': -0.26285305619239807, 'training/value_loss': 0.03462294861674309}
{'training/total_steps': 72045, 'training/updates': 36, 'training/sps': np.float64(134.446), 'training/walltime': np.float64(574.448), 'training/rollout_time': np.float64(14.859), 'training/update_time': np.float64(0.016), 'training/approx_kl': 4.541836738586426, 'training/entropy': -15.977479934692383, 'training/policy_loss': -0.42182058095932007, 'training/total_loss': -0.40378478169441223, 'training/value_loss': 0.03607157990336418}
{'training/total_steps': 74045, 'training/updates': 37, 'training/sps': np.float64(132.746), 'training/walltime': np.float64(589.517), 'training/rollout_time': np.float64(15.037), 'training/update_time': np.float64(0.03), 'training/approx_kl': 633.6027221679688, 'training/entropy': -15.834171295166016, 'training/policy_loss': -219.18450927734375, 'training/total_loss': -219.1654052734375, 'training/value_loss': 0.03822905942797661}
{'training/total_steps': 76046, 'training/updates': 38, 'training/sps': np.float64(136.865), 'training/walltime': np.float64(604.141), 'training/rollout_time': np.float64(14.607), 'training/update_time': np.float64(0.014), 'training/approx_kl': 946.291259765625, 'training/entropy': -14.763467788696289, 'training/policy_loss': -224.18072509765625, 'training/total_loss': -224.16192626953125, 'training/value_loss': 0.03759189322590828}
{'training/total_steps': 78046, 'training/updates': 39, 'training/sps': np.float64(135.029), 'training/walltime': np.float64(618.96), 'training/rollout_time': np.float64(14.801), 'training/update_time': np.float64(0.011), 'training/approx_kl': 2164.5498046875, 'training/entropy': -13.364044189453125, 'training/policy_loss': -1247.7152099609375, 'training/total_loss': -1247.6954345703125, 'training/value_loss': 0.039469823241233826}
{'training/total_steps': 80047, 'training/updates': 40, 'training/sps': np.float64(136.302), 'training/walltime': np.float64(633.643), 'training/rollout_time': np.float64(14.66), 'training/update_time': np.float64(0.02), 'training/approx_kl': 20696.2890625, 'training/entropy': -12.067172050476074, 'training/policy_loss': -13567.705078125, 'training/total_loss': -13567.681640625, 'training/value_loss': 0.04594571143388748}
{'eval/num_episodes': 10, 'eval/num_steps': 20, 'eval/mean_score': np.float64(2.0), 'eval/std_score': np.float64(0.0), 'eval/mean_episode_length': np.float64(2.0), 'eval/std_episode_length': np.float64(0.0), 'eval/eval_time': 0.2753417491912842}
{'training/total_steps': 82048, 'training/updates': 41, 'training/sps': np.float64(135.376), 'training/walltime': np.float64(648.705), 'training/rollout_time': np.float64(14.768), 'training/update_time': np.float64(0.013), 'training/approx_kl': 22403.54296875, 'training/entropy': -10.379646301269531, 'training/policy_loss': -15089.419921875, 'training/total_loss': -15089.39453125, 'training/value_loss': 0.0489213764667511}
{'training/total_steps': 84048, 'training/updates': 42, 'training/sps': np.float64(135.312), 'training/walltime': np.float64(663.492), 'training/rollout_time': np.float64(14.766), 'training/update_time': np.float64(0.015), 'training/approx_kl': 28579.921875, 'training/entropy': -9.134349822998047, 'training/policy_loss': -19532.0078125, 'training/total_loss': -19531.98046875, 'training/value_loss': 0.05785695090889931}
{'training/total_steps': 86048, 'training/updates': 43, 'training/sps': np.float64(135.536), 'training/walltime': np.float64(678.251), 'training/rollout_time': np.float64(14.745), 'training/update_time': np.float64(0.011), 'training/approx_kl': 25450.1796875, 'training/entropy': -7.993238925933838, 'training/policy_loss': -17264.271484375, 'training/total_loss': -17264.23828125, 'training/value_loss': 0.06778348982334137}
{'training/total_steps': 88048, 'training/updates': 44, 'training/sps': np.float64(134.771), 'training/walltime': np.float64(693.093), 'training/rollout_time': np.float64(14.829), 'training/update_time': np.float64(0.011), 'training/approx_kl': 22456.91015625, 'training/entropy': -7.053251266479492, 'training/policy_loss': -15358.392578125, 'training/total_loss': -15358.353515625, 'training/value_loss': 0.0789887011051178}
{'training/total_steps': 90048, 'training/updates': 45, 'training/sps': np.float64(133.942), 'training/walltime': np.float64(708.033), 'training/rollout_time': np.float64(14.921), 'training/update_time': np.float64(0.011), 'training/approx_kl': 15696.333984375, 'training/entropy': -5.861232757568359, 'training/policy_loss': -10761.298828125, 'training/total_loss': -10761.255859375, 'training/value_loss': 0.08701633661985397}
{'training/total_steps': 92049, 'training/updates': 46, 'training/sps': np.float64(142.473), 'training/walltime': np.float64(722.081), 'training/rollout_time': np.float64(14.012), 'training/update_time': np.float64(0.033), 'training/approx_kl': 18116.03515625, 'training/entropy': -5.240915298461914, 'training/policy_loss': -12304.3388671875, 'training/total_loss': -12304.2861328125, 'training/value_loss': 0.10503560304641724}
{'training/total_steps': 94049, 'training/updates': 47, 'training/sps': np.float64(137.719), 'training/walltime': np.float64(736.606), 'training/rollout_time': np.float64(14.5), 'training/update_time': np.float64(0.022), 'training/approx_kl': 15570.09765625, 'training/entropy': -4.257040977478027, 'training/policy_loss': -10610.587890625, 'training/total_loss': -10610.52734375, 'training/value_loss': 0.12073060870170593}
{'training/total_steps': 96050, 'training/updates': 48, 'training/sps': np.float64(147.033), 'training/walltime': np.float64(750.226), 'training/rollout_time': np.float64(13.598), 'training/update_time': np.float64(0.011), 'training/approx_kl': 13487.6279296875, 'training/entropy': -3.398181200027466, 'training/policy_loss': -9144.119140625, 'training/total_loss': -9144.052734375, 'training/value_loss': 0.13269057869911194}
{'training/total_steps': 98050, 'training/updates': 49, 'training/sps': np.float64(139.112), 'training/walltime': np.float64(764.605), 'training/rollout_time': np.float64(14.366), 'training/update_time': np.float64(0.011), 'training/approx_kl': 17803.78125, 'training/entropy': -2.5556094646453857, 'training/policy_loss': -11773.25, 'training/total_loss': -11773.1748046875, 'training/value_loss': 0.14953485131263733}
{'training/total_steps': 100052, 'training/updates': 50, 'training/sps': np.float64(136.373), 'training/walltime': np.float64(779.288), 'training/rollout_time': np.float64(14.669), 'training/update_time': np.float64(0.012), 'training/approx_kl': 11856.685546875, 'training/entropy': -1.5352303981781006, 'training/policy_loss': -7511.365234375, 'training/total_loss': -7511.287109375, 'training/value_loss': 0.15763375163078308}
{'training/total_steps': 102053, 'training/updates': 51, 'training/sps': np.float64(144.879), 'training/walltime': np.float64(793.107), 'training/rollout_time': np.float64(13.801), 'training/update_time': np.float64(0.011), 'training/approx_kl': 269.85687255859375, 'training/entropy': -1.0348339080810547, 'training/policy_loss': -91.18972778320312, 'training/total_loss': -91.01028442382812, 'training/value_loss': 0.3588980436325073}
{'training/total_steps': 104057, 'training/updates': 52, 'training/sps': np.float64(103.378), 'training/walltime': np.float64(812.494), 'training/rollout_time': np.float64(13.637), 'training/update_time': np.float64(5.748), 'training/approx_kl': 19.158275604248047, 'training/entropy': -0.897819995880127, 'training/policy_loss': -10.353832244873047, 'training/total_loss': -9.140304565429688, 'training/value_loss': 2.427055835723877}
{'training/total_steps': 106085, 'training/updates': 53, 'training/sps': np.float64(108.497), 'training/walltime': np.float64(831.194), 'training/rollout_time': np.float64(13.07), 'training/update_time': np.float64(5.622), 'training/approx_kl': 85392.03125, 'training/entropy': -3.286558151245117, 'training/policy_loss': -692681.875, 'training/total_loss': -692664.0, 'training/value_loss': 35.682559967041016}
{'training/total_steps': 108100, 'training/updates': 54, 'training/sps': np.float64(100.228), 'training/walltime': np.float64(851.301), 'training/rollout_time': np.float64(14.292), 'training/update_time': np.float64(5.812), 'training/approx_kl': 1837.2523193359375, 'training/entropy': -1.4510433673858643, 'training/policy_loss': -9213.740234375, 'training/total_loss': -9211.5400390625, 'training/value_loss': 4.400961875915527}
{'training/total_steps': 110113, 'training/updates': 55, 'training/sps': np.float64(100.517), 'training/walltime': np.float64(871.332), 'training/rollout_time': np.float64(14.418), 'training/update_time': np.float64(5.608), 'training/approx_kl': 653.9937133789062, 'training/entropy': -1.4256906509399414, 'training/policy_loss': -1895.3773193359375, 'training/total_loss': -1894.6092529296875, 'training/value_loss': 1.5362188816070557}
{'training/total_steps': 112118, 'training/updates': 56, 'training/sps': np.float64(158.089), 'training/walltime': np.float64(884.017), 'training/rollout_time': np.float64(12.672), 'training/update_time': np.float64(0.011), 'training/approx_kl': 474.6220397949219, 'training/entropy': -1.5199275016784668, 'training/policy_loss': -754.9207763671875, 'training/total_loss': -754.6458740234375, 'training/value_loss': 0.549835205078125}
{'training/total_steps': 114134, 'training/updates': 57, 'training/sps': np.float64(112.145), 'training/walltime': np.float64(901.998), 'training/rollout_time': np.float64(12.714), 'training/update_time': np.float64(5.263), 'training/approx_kl': 760.5318603515625, 'training/entropy': -1.9596425294876099, 'training/policy_loss': -546.7477416992188, 'training/total_loss': -546.6552734375, 'training/value_loss': 0.1848614513874054}
{'training/total_steps': 116138, 'training/updates': 58, 'training/sps': np.float64(154.361), 'training/walltime': np.float64(914.983), 'training/rollout_time': np.float64(12.971), 'training/update_time': np.float64(0.012), 'training/approx_kl': 1679.8681640625, 'training/entropy': -2.870300769805908, 'training/policy_loss': -255.16897583007812, 'training/total_loss': -255.12648010253906, 'training/value_loss': 0.08501020818948746}
{'training/total_steps': 118138, 'training/updates': 59, 'training/sps': np.float64(152.178), 'training/walltime': np.float64(928.13), 'training/rollout_time': np.float64(13.124), 'training/update_time': np.float64(0.019), 'training/approx_kl': 9967.2353515625, 'training/entropy': -3.960179328918457, 'training/policy_loss': -130.6613006591797, 'training/total_loss': -130.6185302734375, 'training/value_loss': 0.08551521599292755}
{'training/total_steps': 120138, 'training/updates': 60, 'training/sps': np.float64(142.897), 'training/walltime': np.float64(942.129), 'training/rollout_time': np.float64(13.969), 'training/update_time': np.float64(0.028), 'training/approx_kl': 1550.9488525390625, 'training/entropy': -4.090012550354004, 'training/policy_loss': 337.3548583984375, 'training/total_loss': 337.4245300292969, 'training/value_loss': 0.13938476145267487}
{'eval/num_episodes': 10, 'eval/num_steps': 40, 'eval/mean_score': np.float64(4.0), 'eval/std_score': np.float64(0.0), 'eval/mean_episode_length': np.float64(4.0), 'eval/std_episode_length': np.float64(0.0), 'eval/eval_time': 0.37264561653137207}
{'training/total_steps': 122139, 'training/updates': 61, 'training/sps': np.float64(145.953), 'training/walltime': np.float64(956.217), 'training/rollout_time': np.float64(13.695), 'training/update_time': np.float64(0.015), 'training/approx_kl': 62.272979736328125, 'training/entropy': -4.397610664367676, 'training/policy_loss': 13.838008880615234, 'training/total_loss': 13.906785011291504, 'training/value_loss': 0.13755226135253906}
{'training/total_steps': 124140, 'training/updates': 62, 'training/sps': np.float64(140.282), 'training/walltime': np.float64(970.489), 'training/rollout_time': np.float64(14.253), 'training/update_time': np.float64(0.011), 'training/approx_kl': 1997.0714111328125, 'training/entropy': -4.594429016113281, 'training/policy_loss': 601.4791259765625, 'training/total_loss': 601.5484008789062, 'training/value_loss': 0.13868504762649536}
{'training/total_steps': 126141, 'training/updates': 63, 'training/sps': np.float64(137.717), 'training/walltime': np.float64(985.021), 'training/rollout_time': np.float64(14.497), 'training/update_time': np.float64(0.033), 'training/approx_kl': 71.73202514648438, 'training/entropy': -4.686382293701172, 'training/policy_loss': 21.622528076171875, 'training/total_loss': 21.693758010864258, 'training/value_loss': 0.14246147871017456}
{'training/total_steps': 128143, 'training/updates': 64, 'training/sps': np.float64(139.348), 'training/walltime': np.float64(999.392), 'training/rollout_time': np.float64(14.335), 'training/update_time': np.float64(0.032), 'training/approx_kl': 88.47716522216797, 'training/entropy': -4.738851070404053, 'training/policy_loss': 26.07001304626465, 'training/total_loss': 26.141284942626953, 'training/value_loss': 0.14254531264305115}
{'training/total_steps': 130145, 'training/updates': 65, 'training/sps': np.float64(136.269), 'training/walltime': np.float64(1014.097), 'training/rollout_time': np.float64(14.657), 'training/update_time': np.float64(0.035), 'training/approx_kl': 109.24595642089844, 'training/entropy': -4.775453567504883, 'training/policy_loss': 32.38465118408203, 'training/total_loss': 32.45597839355469, 'training/value_loss': 0.14265722036361694}
{'training/total_steps': 132147, 'training/updates': 66, 'training/sps': np.float64(148.092), 'training/walltime': np.float64(1027.621), 'training/rollout_time': np.float64(13.51), 'training/update_time': np.float64(0.009), 'training/approx_kl': 121.37004089355469, 'training/entropy': -4.795522689819336, 'training/policy_loss': 36.287628173828125, 'training/total_loss': 36.35956573486328, 'training/value_loss': 0.14386701583862305}
{'training/total_steps': 134149, 'training/updates': 67, 'training/sps': np.float64(151.311), 'training/walltime': np.float64(1040.854), 'training/rollout_time': np.float64(13.208), 'training/update_time': np.float64(0.023), 'training/approx_kl': 134.98794555664062, 'training/entropy': -4.826938152313232, 'training/policy_loss': 39.136383056640625, 'training/total_loss': 39.2076301574707, 'training/value_loss': 0.14249616861343384}
{'training/total_steps': 136149, 'training/updates': 68, 'training/sps': np.float64(146.729), 'training/walltime': np.float64(1054.49), 'training/rollout_time': np.float64(13.62), 'training/update_time': np.float64(0.011), 'training/approx_kl': 130.09249877929688, 'training/entropy': -4.839532375335693, 'training/policy_loss': 38.18697738647461, 'training/total_loss': 38.258811950683594, 'training/value_loss': 0.14366447925567627}
{'training/total_steps': 138150, 'training/updates': 69, 'training/sps': np.float64(147.281), 'training/walltime': np.float64(1068.078), 'training/rollout_time': np.float64(13.56), 'training/update_time': np.float64(0.026), 'training/approx_kl': 141.0635223388672, 'training/entropy': -4.8636064529418945, 'training/policy_loss': 40.832763671875, 'training/total_loss': 40.90435791015625, 'training/value_loss': 0.14318758249282837}
{'training/total_steps': 140150, 'training/updates': 70, 'training/sps': np.float64(146.516), 'training/walltime': np.float64(1081.731), 'training/rollout_time': np.float64(13.638), 'training/update_time': np.float64(0.012), 'training/approx_kl': 141.1346435546875, 'training/entropy': -4.877697944641113, 'training/policy_loss': 39.97679138183594, 'training/total_loss': 40.04840087890625, 'training/value_loss': 0.1432197242975235}
{'training/total_steps': 142150, 'training/updates': 71, 'training/sps': np.float64(137.918), 'training/walltime': np.float64(1096.235), 'training/rollout_time': np.float64(14.468), 'training/update_time': np.float64(0.034), 'training/approx_kl': 139.0977783203125, 'training/entropy': -4.895345687866211, 'training/policy_loss': 39.4803466796875, 'training/total_loss': 39.55221939086914, 'training/value_loss': 0.14374789595603943}
{'training/total_steps': 144151, 'training/updates': 72, 'training/sps': np.float64(131.213), 'training/walltime': np.float64(1111.489), 'training/rollout_time': np.float64(15.217), 'training/update_time': np.float64(0.033), 'training/approx_kl': 142.7457275390625, 'training/entropy': -4.9128875732421875, 'training/policy_loss': 40.64913558959961, 'training/total_loss': 40.72050476074219, 'training/value_loss': 0.1427309662103653}
{'training/total_steps': 146152, 'training/updates': 73, 'training/sps': np.float64(142.753), 'training/walltime': np.float64(1125.51), 'training/rollout_time': np.float64(14.006), 'training/update_time': np.float64(0.011), 'training/approx_kl': 140.26275634765625, 'training/entropy': -4.934781074523926, 'training/policy_loss': 39.566184997558594, 'training/total_loss': 39.63736343383789, 'training/value_loss': 0.142356738448143}
{'training/total_steps': 148154, 'training/updates': 74, 'training/sps': np.float64(146.629), 'training/walltime': np.float64(1139.168), 'training/rollout_time': np.float64(13.622), 'training/update_time': np.float64(0.031), 'training/approx_kl': 143.92459106445312, 'training/entropy': -4.958446502685547, 'training/policy_loss': 39.826263427734375, 'training/total_loss': 39.896514892578125, 'training/value_loss': 0.14050781726837158}
{'training/total_steps': 150154, 'training/updates': 75, 'training/sps': np.float64(138.035), 'training/walltime': np.float64(1153.662), 'training/rollout_time': np.float64(14.479), 'training/update_time': np.float64(0.01), 'training/approx_kl': 138.55718994140625, 'training/entropy': -4.976665019989014, 'training/policy_loss': 38.1908073425293, 'training/total_loss': 38.26103591918945, 'training/value_loss': 0.14046017825603485}
{'training/total_steps': 152156, 'training/updates': 76, 'training/sps': np.float64(134.041), 'training/walltime': np.float64(1168.6), 'training/rollout_time': np.float64(14.903), 'training/update_time': np.float64(0.033), 'training/approx_kl': 136.53143310546875, 'training/entropy': -4.9908294677734375, 'training/policy_loss': 37.18997573852539, 'training/total_loss': 37.260581970214844, 'training/value_loss': 0.14121384918689728}
{'training/total_steps': 154156, 'training/updates': 77, 'training/sps': np.float64(142.537), 'training/walltime': np.float64(1182.638), 'training/rollout_time': np.float64(14.021), 'training/update_time': np.float64(0.011), 'training/approx_kl': 135.028076171875, 'training/entropy': -5.014505386352539, 'training/policy_loss': 37.47467041015625, 'training/total_loss': 37.54505157470703, 'training/value_loss': 0.14075930416584015}
{'training/total_steps': 156158, 'training/updates': 78, 'training/sps': np.float64(140.693), 'training/walltime': np.float64(1196.87), 'training/rollout_time': np.float64(14.195), 'training/update_time': np.float64(0.034), 'training/approx_kl': 136.3606414794922, 'training/entropy': -5.033322334289551, 'training/policy_loss': 37.266361236572266, 'training/total_loss': 37.33635711669922, 'training/value_loss': 0.139995738863945}
{'training/total_steps': 158160, 'training/updates': 79, 'training/sps': np.float64(139.98), 'training/walltime': np.float64(1211.176), 'training/rollout_time': np.float64(14.286), 'training/update_time': np.float64(0.016), 'training/approx_kl': 130.85470581054688, 'training/entropy': -5.045340538024902, 'training/policy_loss': 36.00028991699219, 'training/total_loss': 36.07072448730469, 'training/value_loss': 0.14087513089179993}
{'training/total_steps': 160161, 'training/updates': 80, 'training/sps': np.float64(150.063), 'training/walltime': np.float64(1224.529), 'training/rollout_time': np.float64(13.324), 'training/update_time': np.float64(0.01), 'training/approx_kl': 128.3665771484375, 'training/entropy': -5.055492877960205, 'training/policy_loss': 34.28130340576172, 'training/total_loss': 34.35145950317383, 'training/value_loss': 0.14031097292900085}
{'eval/num_episodes': 10, 'eval/num_steps': 30, 'eval/mean_score': np.float64(3.0), 'eval/std_score': np.float64(0.0), 'eval/mean_episode_length': np.float64(3.0), 'eval/std_episode_length': np.float64(0.0), 'eval/eval_time': 0.3258547782897949}
{'training/total_steps': 162162, 'training/updates': 81, 'training/sps': np.float64(139.438), 'training/walltime': np.float64(1239.209), 'training/rollout_time': np.float64(14.317), 'training/update_time': np.float64(0.034), 'training/approx_kl': 136.05943298339844, 'training/entropy': -5.083748817443848, 'training/policy_loss': 36.17376708984375, 'training/total_loss': 36.24269485473633, 'training/value_loss': 0.13785219192504883}
{'training/total_steps': 164162, 'training/updates': 82, 'training/sps': np.float64(133.31), 'training/walltime': np.float64(1254.216), 'training/rollout_time': np.float64(14.992), 'training/update_time': np.float64(0.011), 'training/approx_kl': 139.91836547851562, 'training/entropy': -5.1024041175842285, 'training/policy_loss': 36.059913635253906, 'training/total_loss': 36.12825393676758, 'training/value_loss': 0.13667896389961243}
{'training/total_steps': 166164, 'training/updates': 83, 'training/sps': np.float64(130.053), 'training/walltime': np.float64(1269.612), 'training/rollout_time': np.float64(15.382), 'training/update_time': np.float64(0.011), 'training/approx_kl': 129.00233459472656, 'training/entropy': -5.100696563720703, 'training/policy_loss': 34.043251037597656, 'training/total_loss': 34.112850189208984, 'training/value_loss': 0.13919872045516968}
{'training/total_steps': 168165, 'training/updates': 84, 'training/sps': np.float64(135.088), 'training/walltime': np.float64(1284.426), 'training/rollout_time': np.float64(14.802), 'training/update_time': np.float64(0.011), 'training/approx_kl': 128.63330078125, 'training/entropy': -5.120275497436523, 'training/policy_loss': 34.04172134399414, 'training/total_loss': 34.11094665527344, 'training/value_loss': 0.13844668865203857}
{'training/total_steps': 170167, 'training/updates': 85, 'training/sps': np.float64(132.521), 'training/walltime': np.float64(1299.536), 'training/rollout_time': np.float64(15.085), 'training/update_time': np.float64(0.022), 'training/approx_kl': 132.80279541015625, 'training/entropy': -5.142237663269043, 'training/policy_loss': 34.22550964355469, 'training/total_loss': 34.29429626464844, 'training/value_loss': 0.13756896555423737}
{'training/total_steps': 172168, 'training/updates': 86, 'training/sps': np.float64(132.213), 'training/walltime': np.float64(1314.673), 'training/rollout_time': np.float64(15.123), 'training/update_time': np.float64(0.011), 'training/approx_kl': 123.53607177734375, 'training/entropy': -5.1379618644714355, 'training/policy_loss': 33.44832992553711, 'training/total_loss': 33.518409729003906, 'training/value_loss': 0.14015227556228638}
{'training/total_steps': 174169, 'training/updates': 87, 'training/sps': np.float64(138.632), 'training/walltime': np.float64(1329.111), 'training/rollout_time': np.float64(14.401), 'training/update_time': np.float64(0.033), 'training/approx_kl': 120.52035522460938, 'training/entropy': -5.146517753601074, 'training/policy_loss': 32.254364013671875, 'training/total_loss': 32.32477569580078, 'training/value_loss': 0.14082612097263336}
{'training/total_steps': 176170, 'training/updates': 88, 'training/sps': np.float64(141.112), 'training/walltime': np.float64(1343.296), 'training/rollout_time': np.float64(14.168), 'training/update_time': np.float64(0.012), 'training/approx_kl': 125.62051391601562, 'training/entropy': -5.164131164550781, 'training/policy_loss': 33.54721450805664, 'training/total_loss': 33.61650848388672, 'training/value_loss': 0.1385881006717682}
{'training/total_steps': 178170, 'training/updates': 89, 'training/sps': np.float64(139.18), 'training/walltime': np.float64(1357.668), 'training/rollout_time': np.float64(14.351), 'training/update_time': np.float64(0.019), 'training/approx_kl': 122.45631408691406, 'training/entropy': -5.175549507141113, 'training/policy_loss': 33.12005615234375, 'training/total_loss': 33.189788818359375, 'training/value_loss': 0.13947060704231262}
{'training/total_steps': 180170, 'training/updates': 90, 'training/sps': np.float64(139.82), 'training/walltime': np.float64(1371.977), 'training/rollout_time': np.float64(14.294), 'training/update_time': np.float64(0.01), 'training/approx_kl': 111.6851806640625, 'training/entropy': -5.183612823486328, 'training/policy_loss': 30.881813049316406, 'training/total_loss': 30.952852249145508, 'training/value_loss': 0.14207783341407776}
{'training/total_steps': 182170, 'training/updates': 91, 'training/sps': np.float64(141.971), 'training/walltime': np.float64(1386.067), 'training/rollout_time': np.float64(14.079), 'training/update_time': np.float64(0.008), 'training/approx_kl': 113.70557403564453, 'training/entropy': -5.1908979415893555, 'training/policy_loss': 31.671274185180664, 'training/total_loss': 31.742382049560547, 'training/value_loss': 0.14222005009651184}
{'training/total_steps': 184170, 'training/updates': 92, 'training/sps': np.float64(134.703), 'training/walltime': np.float64(1400.916), 'training/rollout_time': np.float64(14.836), 'training/update_time': np.float64(0.012), 'training/approx_kl': 110.64241790771484, 'training/entropy': -5.1966938972473145, 'training/policy_loss': 30.332380294799805, 'training/total_loss': 30.40399169921875, 'training/value_loss': 0.1432204246520996}
{'training/total_steps': 186172, 'training/updates': 93, 'training/sps': np.float64(127.992), 'training/walltime': np.float64(1416.562), 'training/rollout_time': np.float64(15.623), 'training/update_time': np.float64(0.019), 'training/approx_kl': 120.40686798095703, 'training/entropy': -5.226461410522461, 'training/policy_loss': 33.09748840332031, 'training/total_loss': 33.16830062866211, 'training/value_loss': 0.14162220060825348}
{'training/total_steps': 188172, 'training/updates': 94, 'training/sps': np.float64(143.91), 'training/walltime': np.float64(1430.463), 'training/rollout_time': np.float64(13.88), 'training/update_time': np.float64(0.018), 'training/approx_kl': 111.4315185546875, 'training/entropy': -5.231233596801758, 'training/policy_loss': 31.22722053527832, 'training/total_loss': 31.298728942871094, 'training/value_loss': 0.14301803708076477}
{'training/total_steps': 190173, 'training/updates': 95, 'training/sps': np.float64(140.757), 'training/walltime': np.float64(1444.681), 'training/rollout_time': np.float64(14.195), 'training/update_time': np.float64(0.021), 'training/approx_kl': 111.89878845214844, 'training/entropy': -5.245474815368652, 'training/policy_loss': 31.8447265625, 'training/total_loss': 31.916702270507812, 'training/value_loss': 0.14395201206207275}
{'training/total_steps': 192173, 'training/updates': 96, 'training/sps': np.float64(140.656), 'training/walltime': np.float64(1458.906), 'training/rollout_time': np.float64(14.21), 'training/update_time': np.float64(0.009), 'training/approx_kl': 112.33370971679688, 'training/entropy': -5.258577346801758, 'training/policy_loss': 31.38511085510254, 'training/total_loss': 31.4566650390625, 'training/value_loss': 0.14310605823993683}
{'training/total_steps': 194173, 'training/updates': 97, 'training/sps': np.float64(143.577), 'training/walltime': np.float64(1472.838), 'training/rollout_time': np.float64(13.92), 'training/update_time': np.float64(0.01), 'training/approx_kl': 108.19523620605469, 'training/entropy': -5.266176223754883, 'training/policy_loss': 30.4716739654541, 'training/total_loss': 30.543472290039062, 'training/value_loss': 0.14359137415885925}
{'training/total_steps': 196174, 'training/updates': 98, 'training/sps': np.float64(147.005), 'training/walltime': np.float64(1486.452), 'training/rollout_time': np.float64(13.594), 'training/update_time': np.float64(0.018), 'training/approx_kl': 111.32247161865234, 'training/entropy': -5.282114505767822, 'training/policy_loss': 30.424734115600586, 'training/total_loss': 30.495731353759766, 'training/value_loss': 0.1419963538646698}
{'training/total_steps': 198175, 'training/updates': 99, 'training/sps': np.float64(142.737), 'training/walltime': np.float64(1500.477), 'training/rollout_time': np.float64(13.994), 'training/update_time': np.float64(0.024), 'training/approx_kl': 108.15191650390625, 'training/entropy': -5.293365478515625, 'training/policy_loss': 30.632057189941406, 'training/total_loss': 30.704153060913086, 'training/value_loss': 0.1441921591758728}
{'training/total_steps': 200177, 'training/updates': 100, 'training/sps': np.float64(138.953), 'training/walltime': np.float64(1514.888), 'training/rollout_time': np.float64(14.392), 'training/update_time': np.float64(0.016), 'training/approx_kl': 97.64189147949219, 'training/entropy': -5.294903755187988, 'training/policy_loss': 28.01128387451172, 'training/total_loss': 28.084217071533203, 'training/value_loss': 0.1458665430545807}
{'eval/num_episodes': 10, 'eval/num_steps': 20, 'eval/mean_score': np.float64(2.0), 'eval/std_score': np.float64(0.0), 'eval/mean_episode_length': np.float64(2.0), 'eval/std_episode_length': np.float64(0.0), 'eval/eval_time': 0.25899291038513184}
{'training/total_steps': 202177, 'training/updates': 101, 'training/sps': np.float64(138.899), 'training/walltime': np.float64(1529.55), 'training/rollout_time': np.float64(14.381), 'training/update_time': np.float64(0.018), 'training/approx_kl': 104.90982055664062, 'training/entropy': -5.318687438964844, 'training/policy_loss': 29.781780242919922, 'training/total_loss': 29.853713989257812, 'training/value_loss': 0.14386427402496338}
{'training/total_steps': 204178, 'training/updates': 102, 'training/sps': np.float64(138.376), 'training/walltime': np.float64(1544.015), 'training/rollout_time': np.float64(14.439), 'training/update_time': np.float64(0.021), 'training/approx_kl': 101.73503112792969, 'training/entropy': -5.329987525939941, 'training/policy_loss': 28.88831901550293, 'training/total_loss': 28.960538864135742, 'training/value_loss': 0.14443789422512054}
{'training/total_steps': 206180, 'training/updates': 103, 'training/sps': np.float64(142.765), 'training/walltime': np.float64(1558.04), 'training/rollout_time': np.float64(14.005), 'training/update_time': np.float64(0.018), 'training/approx_kl': 99.51016235351562, 'training/entropy': -5.346771717071533, 'training/policy_loss': 28.174800872802734, 'training/total_loss': 28.246931076049805, 'training/value_loss': 0.14426086843013763}
{'training/total_steps': 208181, 'training/updates': 104, 'training/sps': np.float64(139.381), 'training/walltime': np.float64(1572.399), 'training/rollout_time': np.float64(14.326), 'training/update_time': np.float64(0.031), 'training/approx_kl': 99.36396789550781, 'training/entropy': -5.361976146697998, 'training/policy_loss': 29.079151153564453, 'training/total_loss': 29.15205192565918, 'training/value_loss': 0.14580050110816956}
{'training/total_steps': 210183, 'training/updates': 105, 'training/sps': np.float64(136.68), 'training/walltime': np.float64(1587.055), 'training/rollout_time': np.float64(14.618), 'training/update_time': np.float64(0.029), 'training/approx_kl': 96.69401550292969, 'training/entropy': -5.3714118003845215, 'training/policy_loss': 28.000537872314453, 'training/total_loss': 28.073944091796875, 'training/value_loss': 0.14681509137153625}
{'training/total_steps': 212184, 'training/updates': 106, 'training/sps': np.float64(138.293), 'training/walltime': np.float64(1601.527), 'training/rollout_time': np.float64(14.46), 'training/update_time': np.float64(0.009), 'training/approx_kl': 102.278564453125, 'training/entropy': -5.403035640716553, 'training/policy_loss': 29.64072036743164, 'training/total_loss': 29.713367462158203, 'training/value_loss': 0.1452973186969757}
{'training/total_steps': 214185, 'training/updates': 107, 'training/sps': np.float64(141.734), 'training/walltime': np.float64(1615.648), 'training/rollout_time': np.float64(14.108), 'training/update_time': np.float64(0.01), 'training/approx_kl': 94.07833862304688, 'training/entropy': -5.406877517700195, 'training/policy_loss': 27.63176727294922, 'training/total_loss': 27.705425262451172, 'training/value_loss': 0.14731530845165253}
{'training/total_steps': 216187, 'training/updates': 108, 'training/sps': np.float64(131.692), 'training/walltime': np.float64(1630.857), 'training/rollout_time': np.float64(15.175), 'training/update_time': np.float64(0.027), 'training/approx_kl': 96.4625244140625, 'training/entropy': -5.420373916625977, 'training/policy_loss': 28.26900291442871, 'training/total_loss': 28.34254264831543, 'training/value_loss': 0.1470814347267151}
{'training/total_steps': 218187, 'training/updates': 109, 'training/sps': np.float64(130.217), 'training/walltime': np.float64(1646.219), 'training/rollout_time': np.float64(15.327), 'training/update_time': np.float64(0.032), 'training/approx_kl': 96.3131332397461, 'training/entropy': -5.443638801574707, 'training/policy_loss': 28.36534881591797, 'training/total_loss': 28.438884735107422, 'training/value_loss': 0.14707139134407043}
{'training/total_steps': 220188, 'training/updates': 110, 'training/sps': np.float64(135.641), 'training/walltime': np.float64(1660.976), 'training/rollout_time': np.float64(14.741), 'training/update_time': np.float64(0.012), 'training/approx_kl': 92.9046630859375, 'training/entropy': -5.45892333984375, 'training/policy_loss': 26.698501586914062, 'training/total_loss': 26.771955490112305, 'training/value_loss': 0.1469079703092575}
{'training/total_steps': 222189, 'training/updates': 111, 'training/sps': np.float64(143.175), 'training/walltime': np.float64(1674.955), 'training/rollout_time': np.float64(13.966), 'training/update_time': np.float64(0.01), 'training/approx_kl': 93.20864868164062, 'training/entropy': -5.480765342712402, 'training/policy_loss': 27.422611236572266, 'training/total_loss': 27.496356964111328, 'training/value_loss': 0.1474907547235489}
{'training/total_steps': 224189, 'training/updates': 112, 'training/sps': np.float64(142.185), 'training/walltime': np.float64(1689.023), 'training/rollout_time': np.float64(14.049), 'training/update_time': np.float64(0.017), 'training/approx_kl': 93.79474639892578, 'training/entropy': -5.504829406738281, 'training/policy_loss': 27.99185562133789, 'training/total_loss': 28.065616607666016, 'training/value_loss': 0.14752623438835144}
{'training/total_steps': 226189, 'training/updates': 113, 'training/sps': np.float64(146.537), 'training/walltime': np.float64(1702.676), 'training/rollout_time': np.float64(13.631), 'training/update_time': np.float64(0.018), 'training/approx_kl': 83.71588897705078, 'training/entropy': -5.511926651000977, 'training/policy_loss': 25.109344482421875, 'training/total_loss': 25.183799743652344, 'training/value_loss': 0.1489100158214569}
{'training/total_steps': 228190, 'training/updates': 114, 'training/sps': np.float64(144.861), 'training/walltime': np.float64(1716.492), 'training/rollout_time': np.float64(13.803), 'training/update_time': np.float64(0.01), 'training/approx_kl': 88.18112182617188, 'training/entropy': -5.541775703430176, 'training/policy_loss': 26.202526092529297, 'training/total_loss': 26.276395797729492, 'training/value_loss': 0.1477423906326294}
{'training/total_steps': 230190, 'training/updates': 115, 'training/sps': np.float64(144.908), 'training/walltime': np.float64(1730.296), 'training/rollout_time': np.float64(13.779), 'training/update_time': np.float64(0.023), 'training/approx_kl': 83.22744750976562, 'training/entropy': -5.565913200378418, 'training/policy_loss': 24.706035614013672, 'training/total_loss': 24.779956817626953, 'training/value_loss': 0.14784221351146698}
{'training/total_steps': 232192, 'training/updates': 116, 'training/sps': np.float64(144.468), 'training/walltime': np.float64(1744.166), 'training/rollout_time': np.float64(13.847), 'training/update_time': np.float64(0.011), 'training/approx_kl': 84.79216003417969, 'training/entropy': -5.589303016662598, 'training/policy_loss': 24.69861602783203, 'training/total_loss': 24.771778106689453, 'training/value_loss': 0.1463235765695572}
{'training/total_steps': 234194, 'training/updates': 117, 'training/sps': np.float64(144.414), 'training/walltime': np.float64(1758.031), 'training/rollout_time': np.float64(13.844), 'training/update_time': np.float64(0.019), 'training/approx_kl': 86.3065185546875, 'training/entropy': -5.622628211975098, 'training/policy_loss': 25.396446228027344, 'training/total_loss': 25.470054626464844, 'training/value_loss': 0.14721763134002686}
{'training/total_steps': 236195, 'training/updates': 118, 'training/sps': np.float64(137.804), 'training/walltime': np.float64(1772.554), 'training/rollout_time': np.float64(14.509), 'training/update_time': np.float64(0.012), 'training/approx_kl': 83.80914306640625, 'training/entropy': -5.643357753753662, 'training/policy_loss': 24.682693481445312, 'training/total_loss': 24.756511688232422, 'training/value_loss': 0.14763440191745758}
{'training/total_steps': 238195, 'training/updates': 119, 'training/sps': np.float64(143.275), 'training/walltime': np.float64(1786.517), 'training/rollout_time': np.float64(13.938), 'training/update_time': np.float64(0.021), 'training/approx_kl': 81.61355590820312, 'training/entropy': -5.67764139175415, 'training/policy_loss': 24.155555725097656, 'training/total_loss': 24.229389190673828, 'training/value_loss': 0.1476677507162094}
{'training/total_steps': 240196, 'training/updates': 120, 'training/sps': np.float64(144.855), 'training/walltime': np.float64(1800.334), 'training/rollout_time': np.float64(13.804), 'training/update_time': np.float64(0.01), 'training/approx_kl': 82.96621704101562, 'training/entropy': -5.707541465759277, 'training/policy_loss': 24.10175323486328, 'training/total_loss': 24.17526626586914, 'training/value_loss': 0.14702777564525604}
{'eval/num_episodes': 10, 'eval/num_steps': 20, 'eval/mean_score': np.float64(2.0), 'eval/std_score': np.float64(0.0), 'eval/mean_episode_length': np.float64(2.0), 'eval/std_episode_length': np.float64(0.0), 'eval/eval_time': 0.23021769523620605}
{'training/total_steps': 242197, 'training/updates': 121, 'training/sps': np.float64(132.543), 'training/walltime': np.float64(1815.666), 'training/rollout_time': np.float64(15.086), 'training/update_time': np.float64(0.011), 'training/approx_kl': 77.06982421875, 'training/entropy': -5.726017951965332, 'training/policy_loss': 22.928712844848633, 'training/total_loss': 23.00285530090332, 'training/value_loss': 0.14828675985336304}
{'training/total_steps': 244198, 'training/updates': 122, 'training/sps': np.float64(141.421), 'training/walltime': np.float64(1829.82), 'training/rollout_time': np.float64(14.127), 'training/update_time': np.float64(0.022), 'training/approx_kl': 75.5192642211914, 'training/entropy': -5.765870094299316, 'training/policy_loss': 21.805194854736328, 'training/total_loss': 21.8782901763916, 'training/value_loss': 0.14619296789169312}
{'training/total_steps': 246198, 'training/updates': 123, 'training/sps': np.float64(140.373), 'training/walltime': np.float64(1844.072), 'training/rollout_time': np.float64(14.237), 'training/update_time': np.float64(0.011), 'training/approx_kl': 76.87696838378906, 'training/entropy': -5.792675971984863, 'training/policy_loss': 22.249652862548828, 'training/total_loss': 22.322891235351562, 'training/value_loss': 0.14647381007671356}
{'training/total_steps': 248199, 'training/updates': 124, 'training/sps': np.float64(142.531), 'training/walltime': np.float64(1858.114), 'training/rollout_time': np.float64(14.027), 'training/update_time': np.float64(0.012), 'training/approx_kl': 71.37969970703125, 'training/entropy': -5.821562767028809, 'training/policy_loss': 21.48583984375, 'training/total_loss': 21.560152053833008, 'training/value_loss': 0.1486234813928604}
{'training/total_steps': 250199, 'training/updates': 125, 'training/sps': np.float64(133.857), 'training/walltime': np.float64(1873.058), 'training/rollout_time': np.float64(14.922), 'training/update_time': np.float64(0.019), 'training/approx_kl': 70.91741943359375, 'training/entropy': -5.865377426147461, 'training/policy_loss': 20.921302795410156, 'training/total_loss': 20.99551010131836, 'training/value_loss': 0.1484135240316391}
{'training/total_steps': 252199, 'training/updates': 126, 'training/sps': np.float64(135.878), 'training/walltime': np.float64(1887.78), 'training/rollout_time': np.float64(14.708), 'training/update_time': np.float64(0.011), 'training/approx_kl': 72.91863250732422, 'training/entropy': -5.891596794128418, 'training/policy_loss': 21.518535614013672, 'training/total_loss': 21.592464447021484, 'training/value_loss': 0.14785534143447876}
{'training/total_steps': 254200, 'training/updates': 127, 'training/sps': np.float64(130.049), 'training/walltime': np.float64(1903.169), 'training/rollout_time': np.float64(15.374), 'training/update_time': np.float64(0.012), 'training/approx_kl': 68.58326721191406, 'training/entropy': -5.9272050857543945, 'training/policy_loss': 19.672805786132812, 'training/total_loss': 19.74659538269043, 'training/value_loss': 0.1475771963596344}
{'training/total_steps': 256200, 'training/updates': 128, 'training/sps': np.float64(126.342), 'training/walltime': np.float64(1919.006), 'training/rollout_time': np.float64(15.811), 'training/update_time': np.float64(0.019), 'training/approx_kl': 69.77461242675781, 'training/entropy': -5.970608711242676, 'training/policy_loss': 20.732376098632812, 'training/total_loss': 20.806346893310547, 'training/value_loss': 0.14794287085533142}
{'training/total_steps': 258200, 'training/updates': 129, 'training/sps': np.float64(125.036), 'training/walltime': np.float64(1935.026), 'training/rollout_time': np.float64(15.982), 'training/update_time': np.float64(0.014), 'training/approx_kl': 77.79597473144531, 'training/entropy': -6.021824836730957, 'training/policy_loss': 22.752666473388672, 'training/total_loss': 22.82556915283203, 'training/value_loss': 0.14581051468849182}
{'training/total_steps': 260201, 'training/updates': 130, 'training/sps': np.float64(130.293), 'training/walltime': np.float64(1950.387), 'training/rollout_time': np.float64(15.338), 'training/update_time': np.float64(0.02), 'training/approx_kl': 63.628517150878906, 'training/entropy': -6.0558624267578125, 'training/policy_loss': 18.72896385192871, 'training/total_loss': 18.80312728881836, 'training/value_loss': 0.14832788705825806}
{'training/total_steps': 262203, 'training/updates': 131, 'training/sps': np.float64(125.181), 'training/walltime': np.float64(1966.384), 'training/rollout_time': np.float64(15.981), 'training/update_time': np.float64(0.012), 'training/approx_kl': 61.40991973876953, 'training/entropy': -6.099825382232666, 'training/policy_loss': 18.135698318481445, 'training/total_loss': 18.21004867553711, 'training/value_loss': 0.14869973063468933}
{'training/total_steps': 264204, 'training/updates': 132, 'training/sps': np.float64(127.103), 'training/walltime': np.float64(1982.133), 'training/rollout_time': np.float64(15.721), 'training/update_time': np.float64(0.022), 'training/approx_kl': 63.7818717956543, 'training/entropy': -6.148453235626221, 'training/policy_loss': 18.720535278320312, 'training/total_loss': 18.79452133178711, 'training/value_loss': 0.14797541499137878}
{'training/total_steps': 266206, 'training/updates': 133, 'training/sps': np.float64(130.33), 'training/walltime': np.float64(1997.504), 'training/rollout_time': np.float64(15.35), 'training/update_time': np.float64(0.011), 'training/approx_kl': 63.548465728759766, 'training/entropy': -6.202811241149902, 'training/policy_loss': 18.634958267211914, 'training/total_loss': 18.708864212036133, 'training/value_loss': 0.14780785143375397}
{'training/total_steps': 268206, 'training/updates': 134, 'training/sps': np.float64(130.556), 'training/walltime': np.float64(2012.826), 'training/rollout_time': np.float64(15.297), 'training/update_time': np.float64(0.022), 'training/approx_kl': 63.46025085449219, 'training/entropy': -6.259664058685303, 'training/policy_loss': 18.566104888916016, 'training/total_loss': 18.63954734802246, 'training/value_loss': 0.14688602089881897}
{'training/total_steps': 270208, 'training/updates': 135, 'training/sps': np.float64(120.254), 'training/walltime': np.float64(2029.478), 'training/rollout_time': np.float64(16.626), 'training/update_time': np.float64(0.022), 'training/approx_kl': 60.65190505981445, 'training/entropy': -6.300013542175293, 'training/policy_loss': 17.97754669189453, 'training/total_loss': 18.051464080810547, 'training/value_loss': 0.147837296128273}
{'training/total_steps': 272209, 'training/updates': 136, 'training/sps': np.float64(129.24), 'training/walltime': np.float64(2044.965), 'training/rollout_time': np.float64(15.47), 'training/update_time': np.float64(0.012), 'training/approx_kl': 61.8055305480957, 'training/entropy': -6.371934413909912, 'training/policy_loss': 18.060855865478516, 'training/total_loss': 18.13418197631836, 'training/value_loss': 0.14664745330810547}
{'training/total_steps': 274209, 'training/updates': 137, 'training/sps': np.float64(131.052), 'training/walltime': np.float64(2060.228), 'training/rollout_time': np.float64(15.243), 'training/update_time': np.float64(0.018), 'training/approx_kl': 64.07485961914062, 'training/entropy': -6.422514915466309, 'training/policy_loss': 18.672191619873047, 'training/total_loss': 18.74514389038086, 'training/value_loss': 0.1459040343761444}
{'training/total_steps': 276210, 'training/updates': 138, 'training/sps': np.float64(127.934), 'training/walltime': np.float64(2075.873), 'training/rollout_time': np.float64(15.62), 'training/update_time': np.float64(0.021), 'training/approx_kl': 62.487548828125, 'training/entropy': -6.473772048950195, 'training/policy_loss': 18.386884689331055, 'training/total_loss': 18.460037231445312, 'training/value_loss': 0.14630278944969177}
{'training/total_steps': 278211, 'training/updates': 139, 'training/sps': np.float64(130.758), 'training/walltime': np.float64(2091.181), 'training/rollout_time': np.float64(15.292), 'training/update_time': np.float64(0.011), 'training/approx_kl': 52.99839782714844, 'training/entropy': -6.524762153625488, 'training/policy_loss': 15.411108016967773, 'training/total_loss': 15.484695434570312, 'training/value_loss': 0.1471765637397766}
{'training/total_steps': 280211, 'training/updates': 140, 'training/sps': np.float64(127.012), 'training/walltime': np.float64(2106.931), 'training/rollout_time': np.float64(15.715), 'training/update_time': np.float64(0.032), 'training/approx_kl': 59.54487991333008, 'training/entropy': -6.591855525970459, 'training/policy_loss': 17.463329315185547, 'training/total_loss': 17.53638458251953, 'training/value_loss': 0.14610949158668518}
{'eval/num_episodes': 10, 'eval/num_steps': 20, 'eval/mean_score': np.float64(2.0), 'eval/std_score': np.float64(0.0), 'eval/mean_episode_length': np.float64(2.0), 'eval/std_episode_length': np.float64(0.0), 'eval/eval_time': 0.271132230758667}
{'training/total_steps': 282212, 'training/updates': 141, 'training/sps': np.float64(125.534), 'training/walltime': np.float64(2123.147), 'training/rollout_time': np.float64(15.928), 'training/update_time': np.float64(0.012), 'training/approx_kl': 57.26312255859375, 'training/entropy': -6.643582344055176, 'training/policy_loss': 16.922107696533203, 'training/total_loss': 16.995548248291016, 'training/value_loss': 0.14687713980674744}
{'training/total_steps': 284213, 'training/updates': 142, 'training/sps': np.float64(127.28), 'training/walltime': np.float64(2138.874), 'training/rollout_time': np.float64(15.713), 'training/update_time': np.float64(0.008), 'training/approx_kl': 52.49055480957031, 'training/entropy': -6.697417259216309, 'training/policy_loss': 15.313423156738281, 'training/total_loss': 15.386820793151855, 'training/value_loss': 0.14679701626300812}
{'training/total_steps': 286214, 'training/updates': 143, 'training/sps': np.float64(136.106), 'training/walltime': np.float64(2153.578), 'training/rollout_time': np.float64(14.676), 'training/update_time': np.float64(0.026), 'training/approx_kl': 58.109130859375, 'training/entropy': -6.779766082763672, 'training/policy_loss': 16.89327049255371, 'training/total_loss': 16.965850830078125, 'training/value_loss': 0.14516150951385498}
{'training/total_steps': 288216, 'training/updates': 144, 'training/sps': np.float64(142.048), 'training/walltime': np.float64(2167.676), 'training/rollout_time': np.float64(14.075), 'training/update_time': np.float64(0.019), 'training/approx_kl': 48.44898986816406, 'training/entropy': -6.835926055908203, 'training/policy_loss': 13.693585395812988, 'training/total_loss': 13.766101837158203, 'training/value_loss': 0.14503256976604462}
{'training/total_steps': 290218, 'training/updates': 145, 'training/sps': np.float64(134.763), 'training/walltime': np.float64(2182.535), 'training/rollout_time': np.float64(14.844), 'training/update_time': np.float64(0.012), 'training/approx_kl': 48.07571029663086, 'training/entropy': -6.907395839691162, 'training/policy_loss': 13.777154922485352, 'training/total_loss': 13.849594116210938, 'training/value_loss': 0.14487826824188232}
{'training/total_steps': 292218, 'training/updates': 146, 'training/sps': np.float64(133.325), 'training/walltime': np.float64(2197.539), 'training/rollout_time': np.float64(14.988), 'training/update_time': np.float64(0.013), 'training/approx_kl': 48.2618522644043, 'training/entropy': -6.973703384399414, 'training/policy_loss': 13.672025680541992, 'training/total_loss': 13.743993759155273, 'training/value_loss': 0.143934965133667}
{'training/total_steps': 294218, 'training/updates': 147, 'training/sps': np.float64(123.558), 'training/walltime': np.float64(2213.729), 'training/rollout_time': np.float64(16.16), 'training/update_time': np.float64(0.027), 'training/approx_kl': 42.68893051147461, 'training/entropy': -7.027016639709473, 'training/policy_loss': 12.017085075378418, 'training/total_loss': 12.089617729187012, 'training/value_loss': 0.14506474137306213}
{'training/total_steps': 296218, 'training/updates': 148, 'training/sps': np.float64(126.815), 'training/walltime': np.float64(2229.504), 'training/rollout_time': np.float64(15.76), 'training/update_time': np.float64(0.011), 'training/approx_kl': 40.7828369140625, 'training/entropy': -7.103199481964111, 'training/policy_loss': 10.997013092041016, 'training/total_loss': 11.06854248046875, 'training/value_loss': 0.14305725693702698}
{'training/total_steps': 298219, 'training/updates': 149, 'training/sps': np.float64(131.705), 'training/walltime': np.float64(2244.701), 'training/rollout_time': np.float64(15.165), 'training/update_time': np.float64(0.028), 'training/approx_kl': 39.518253326416016, 'training/entropy': -7.168440818786621, 'training/policy_loss': 10.936988830566406, 'training/total_loss': 11.008596420288086, 'training/value_loss': 0.14321720600128174}
{'training/total_steps': 300220, 'training/updates': 150, 'training/sps': np.float64(132.24), 'training/walltime': np.float64(2259.836), 'training/rollout_time': np.float64(15.122), 'training/update_time': np.float64(0.01), 'training/approx_kl': 39.972801208496094, 'training/entropy': -7.228987693786621, 'training/policy_loss': 10.806303024291992, 'training/total_loss': 10.877445220947266, 'training/value_loss': 0.14228561520576477}
TRAINING END: training duration: 2259.8390312194824
{'final_eval/num_episodes': 10, 'final_eval/num_steps': 30, 'final_eval/mean_score': np.float64(3.0), 'final_eval/std_score': np.float64(0.0), 'final_eval/mean_episode_length': np.float64(3.0), 'final_eval/std_episode_length': np.float64(0.0)}
[1;34mwandb[0m: 
[1;34mwandb[0m: 🚀 View run [33mExp_reinforce_mujoco__inverted_pendulum__1[0m at: [34mhttps://wandb.ai/mariberger-eth-z-rich/mujoco-pcpg/runs/11gb3m4e[0m
[1;34mwandb[0m: Find logs at: [1;35mwandb/run-20260619_162242-11gb3m4e/logs[0m
