E0619 17:40:05.368142  469945 ptx_compiler_helpers.cc:87] *** WARNING *** Invoking ptxas with version 12.4.131, which corresponds to a CUDA version <=12.6.2. CUDA versions 12.x.y up to and including 12.6.2 miscompile certain edge cases around clamping.
Please upgrade to CUDA 12.6.3 or newer.
wandb: [wandb.login()] Loaded credentials for https://api.wandb.ai from /root/.netrc.
wandb: Currently logged in as: mariberger (mariberger-eth-z-rich) to https://api.wandb.ai. Use `wandb login --relogin` to force relogin
wandb: Tracking run with wandb version 0.27.2
wandb: Run data is saved locally in /workspace/PCPG/wandb/run-20260619_174007-hzt2iu3y
wandb: Run `wandb offline` to turn off syncing.
wandb: Syncing run Exp_reinforce_mujoco__inverted_pendulum__3
wandb: ⭐️ View project at https://wandb.ai/mariberger-eth-z-rich/mujoco-pcpg
wandb: 🚀 View run at https://wandb.ai/mariberger-eth-z-rich/mujoco-pcpg/runs/hzt2iu3y
Failed to import warp: No module named 'warp'
Failed to import mujoco_warp: No module named 'warp'
[run_train] algorithm=reinforce env=inverted_pendulum num_envs=1 total_steps=300000 seed=3 use_cnn=False
|param: value|
|experiment_name:  reinforce_mujoco|
|seed:  3|
|platform:  cpu|
|write_logs_to_file:  False|
|save_model:  False|
|env_name:  inverted_pendulum|
|num_envs:  1|
|num_train_levels:  200|
|distribution_mode:  easy|
|arm_means:  (1.0, 0.9)|
|deterministic_rewards:  True|
|eval_env:  True|
|num_eval_episodes:  10|
|eval_every:  20|
|deterministic_eval:  True|
|normalize_observations:  True|
|total_timesteps:  300000|
|learning_rate:  0.0003|
|optimizer:  adam|
|unroll_length:  16|
|anneal_lr:  False|
|gamma:  0.99|
|batch_size:  8|
|num_minibatches:  1|
|update_epochs:  4|
|entropy_cost:  0.0|
|max_grad_norm:  0.5|
|reward_scaling:  1.0|
|use_cnn:  False|
|policy_hidden_layer_sizes:  [128, 128, 128, 128]|
|value_hidden_layer_sizes:  [128, 128, 128, 128]|
|activation:  <jax._src.custom_derivatives.custom_jvp object at 0x7e00112e20d0>|
|policy_init_logit_bias:  None|
|checkpoint_dir:  /workspace/PCPG/outputs/checkpoints|
Using JAX default device: cuda:0.
/usr/local/lib/python3.11/dist-packages/brax/io/mjcf.py:480: UserWarning: Brax System, piplines and environments are not actively being maintained. Please see MJX for a well maintained JAX-based physics engine: https://github.com/google-deepmind/mujoco/tree/main/mjx. For a host of environments that use MJX, see: https://github.com/google-deepmind/mujoco_playground.
  warnings.warn(
Using JAX default device: cuda:0.
Using JAX default device: cuda:0.
Using JAX default device: cuda:0.
/usr/local/lib/python3.11/dist-packages/brax/io/mjcf.py:480: UserWarning: Brax System, piplines and environments are not actively being maintained. Please see MJX for a well maintained JAX-based physics engine: https://github.com/google-deepmind/mujoco/tree/main/mjx. For a host of environments that use MJX, see: https://github.com/google-deepmind/mujoco_playground.
  warnings.warn(
Using JAX default device: cuda:0.
Using JAX default device: cuda:0.
{'training/total_steps': 2001, 'training/updates': 1, 'training/sps': np.float64(65.336), 'training/walltime': np.float64(30.626), 'training/rollout_time': np.float64(23.719), 'training/update_time': np.float64(6.907), 'training/approx_kl': 0.0053820135071873665, 'training/entropy': 0.5021911859512329, 'training/policy_loss': 0.3841060996055603, 'training/total_loss': 0.6834256649017334, 'training/value_loss': 0.5986390113830566}
{'training/total_steps': 4002, 'training/updates': 2, 'training/sps': np.float64(150.424), 'training/walltime': np.float64(43.934), 'training/rollout_time': np.float64(13.277), 'training/update_time': np.float64(0.025), 'training/approx_kl': 0.008484914898872375, 'training/entropy': 0.45613783597946167, 'training/policy_loss': 0.2518451511859894, 'training/total_loss': 0.4526051878929138, 'training/value_loss': 0.4015200734138489}
{'training/total_steps': 6004, 'training/updates': 3, 'training/sps': np.float64(105.628), 'training/walltime': np.float64(62.891), 'training/rollout_time': np.float64(13.229), 'training/update_time': np.float64(5.724), 'training/approx_kl': 0.03865983337163925, 'training/entropy': 0.4764890670776367, 'training/policy_loss': 0.21328938007354736, 'training/total_loss': 0.4070587158203125, 'training/value_loss': 0.38753873109817505}
{'training/total_steps': 8006, 'training/updates': 4, 'training/sps': np.float64(145.046), 'training/walltime': np.float64(76.699), 'training/rollout_time': np.float64(13.779), 'training/update_time': np.float64(0.024), 'training/approx_kl': 0.18751831352710724, 'training/entropy': 0.3230476379394531, 'training/policy_loss': 0.14065761864185333, 'training/total_loss': 0.32314038276672363, 'training/value_loss': 0.364965558052063}
{'training/total_steps': 10007, 'training/updates': 5, 'training/sps': np.float64(151.385), 'training/walltime': np.float64(89.92), 'training/rollout_time': np.float64(13.2), 'training/update_time': np.float64(0.018), 'training/approx_kl': 0.3856997787952423, 'training/entropy': -0.13060221076011658, 'training/policy_loss': 0.06493602693080902, 'training/total_loss': 0.22932858765125275, 'training/value_loss': 0.32878512144088745}
{'training/total_steps': 12007, 'training/updates': 6, 'training/sps': np.float64(102.244), 'training/walltime': np.float64(109.485), 'training/rollout_time': np.float64(13.53), 'training/update_time': np.float64(6.031), 'training/approx_kl': 1.3247406482696533, 'training/entropy': -0.6287729740142822, 'training/policy_loss': -0.4565790295600891, 'training/total_loss': -0.30315548181533813, 'training/value_loss': 0.30684709548950195}
{'training/total_steps': 14008, 'training/updates': 7, 'training/sps': np.float64(140.528), 'training/walltime': np.float64(123.732), 'training/rollout_time': np.float64(14.222), 'training/update_time': np.float64(0.017), 'training/approx_kl': 3.1807074546813965, 'training/entropy': -1.1468839645385742, 'training/policy_loss': -0.7151250839233398, 'training/total_loss': -0.5607577562332153, 'training/value_loss': 0.30873456597328186}
{'training/total_steps': 16009, 'training/updates': 8, 'training/sps': np.float64(150.354), 'training/walltime': np.float64(137.043), 'training/rollout_time': np.float64(13.289), 'training/update_time': np.float64(0.019), 'training/approx_kl': 6.810837745666504, 'training/entropy': -1.6148468255996704, 'training/policy_loss': -1.5890682935714722, 'training/total_loss': -1.4436883926391602, 'training/value_loss': 0.2907599210739136}
{'training/total_steps': 18009, 'training/updates': 9, 'training/sps': np.float64(142.039), 'training/walltime': np.float64(151.126), 'training/rollout_time': np.float64(14.055), 'training/update_time': np.float64(0.025), 'training/approx_kl': 23.61979103088379, 'training/entropy': -2.3336050510406494, 'training/policy_loss': -8.743168830871582, 'training/total_loss': -8.61159896850586, 'training/value_loss': 0.2631396949291229}
{'training/total_steps': 20012, 'training/updates': 10, 'training/sps': np.float64(103.164), 'training/walltime': np.float64(170.55), 'training/rollout_time': np.float64(14.185), 'training/update_time': np.float64(5.231), 'training/approx_kl': 103.0435791015625, 'training/entropy': -3.159276247024536, 'training/policy_loss': -51.215721130371094, 'training/total_loss': -51.09269714355469, 'training/value_loss': 0.24604731798171997}
{'training/total_steps': 22013, 'training/updates': 11, 'training/sps': np.float64(145.603), 'training/walltime': np.float64(184.296), 'training/rollout_time': np.float64(13.73), 'training/update_time': np.float64(0.013), 'training/approx_kl': 369.8857116699219, 'training/entropy': -3.9629688262939453, 'training/policy_loss': -206.93991088867188, 'training/total_loss': -206.82652282714844, 'training/value_loss': 0.2268257588148117}
{'training/total_steps': 24013, 'training/updates': 12, 'training/sps': np.float64(135.007), 'training/walltime': np.float64(199.114), 'training/rollout_time': np.float64(14.805), 'training/update_time': np.float64(0.009), 'training/approx_kl': 1297.1396484375, 'training/entropy': -4.88265323638916, 'training/policy_loss': -789.93115234375, 'training/total_loss': -789.8225708007812, 'training/value_loss': 0.21702086925506592}
{'training/total_steps': 26014, 'training/updates': 13, 'training/sps': np.float64(149.721), 'training/walltime': np.float64(212.481), 'training/rollout_time': np.float64(13.354), 'training/update_time': np.float64(0.01), 'training/approx_kl': 3849.46435546875, 'training/entropy': -5.985612392425537, 'training/policy_loss': -2463.4140625, 'training/total_loss': -2463.31005859375, 'training/value_loss': 0.20830626785755157}
{'training/total_steps': 28016, 'training/updates': 14, 'training/sps': np.float64(143.405), 'training/walltime': np.float64(226.444), 'training/rollout_time': np.float64(13.946), 'training/update_time': np.float64(0.015), 'training/approx_kl': 7968.43310546875, 'training/entropy': -6.904388427734375, 'training/policy_loss': -5092.3154296875, 'training/total_loss': -5092.21728515625, 'training/value_loss': 0.19576916098594666}
{'training/total_steps': 30017, 'training/updates': 15, 'training/sps': np.float64(136.267), 'training/walltime': np.float64(241.133), 'training/rollout_time': np.float64(14.673), 'training/update_time': np.float64(0.011), 'training/approx_kl': 13830.38671875, 'training/entropy': -7.777617931365967, 'training/policy_loss': -8966.2275390625, 'training/total_loss': -8966.13671875, 'training/value_loss': 0.18094873428344727}
{'training/total_steps': 32017, 'training/updates': 16, 'training/sps': np.float64(143.497), 'training/walltime': np.float64(255.073), 'training/rollout_time': np.float64(13.928), 'training/update_time': np.float64(0.009), 'training/approx_kl': 17739.97265625, 'training/entropy': -8.140539169311523, 'training/policy_loss': -11849.50390625, 'training/total_loss': -11849.42578125, 'training/value_loss': 0.158277690410614}
{'training/total_steps': 34017, 'training/updates': 17, 'training/sps': np.float64(136.372), 'training/walltime': np.float64(269.741), 'training/rollout_time': np.float64(14.655), 'training/update_time': np.float64(0.01), 'training/approx_kl': 17732.6796875, 'training/entropy': -8.186685562133789, 'training/policy_loss': -12127.25, 'training/total_loss': -12127.1796875, 'training/value_loss': 0.1382754147052765}
{'training/total_steps': 36018, 'training/updates': 18, 'training/sps': np.float64(137.903), 'training/walltime': np.float64(284.254), 'training/rollout_time': np.float64(14.489), 'training/update_time': np.float64(0.021), 'training/approx_kl': 13428.736328125, 'training/entropy': -7.920872688293457, 'training/policy_loss': -9601.1640625, 'training/total_loss': -9601.1103515625, 'training/value_loss': 0.10710113495588303}
{'training/total_steps': 38018, 'training/updates': 19, 'training/sps': np.float64(141.364), 'training/walltime': np.float64(298.405), 'training/rollout_time': np.float64(14.138), 'training/update_time': np.float64(0.009), 'training/approx_kl': 8987.783203125, 'training/entropy': -7.985036373138428, 'training/policy_loss': -6804.2666015625, 'training/total_loss': -6804.2236328125, 'training/value_loss': 0.08620554208755493}
{'training/total_steps': 40018, 'training/updates': 20, 'training/sps': np.float64(131.423), 'training/walltime': np.float64(313.625), 'training/rollout_time': np.float64(15.193), 'training/update_time': np.float64(0.025), 'training/approx_kl': 3505.243408203125, 'training/entropy': -8.213970184326172, 'training/policy_loss': -2821.27197265625, 'training/total_loss': -2821.24072265625, 'training/value_loss': 0.06229763850569725}
{'eval/num_episodes': 10, 'eval/num_steps': 20, 'eval/mean_score': np.float64(2.0), 'eval/std_score': np.float64(0.0), 'eval/mean_episode_length': np.float64(2.0), 'eval/std_episode_length': np.float64(0.0), 'eval/eval_time': 10.52979826927185}
{'training/total_steps': 42018, 'training/updates': 21, 'training/sps': np.float64(131.728), 'training/walltime': np.float64(339.345), 'training/rollout_time': np.float64(15.165), 'training/update_time': np.float64(0.018), 'training/approx_kl': 1801.837646484375, 'training/entropy': -9.054686546325684, 'training/policy_loss': -1476.2672119140625, 'training/total_loss': -1476.2413330078125, 'training/value_loss': 0.05167806148529053}
{'training/total_steps': 44018, 'training/updates': 22, 'training/sps': np.float64(134.943), 'training/walltime': np.float64(354.17), 'training/rollout_time': np.float64(14.795), 'training/update_time': np.float64(0.026), 'training/approx_kl': 817.378662109375, 'training/entropy': -10.043045043945312, 'training/policy_loss': -576.3070678710938, 'training/total_loss': -576.2855224609375, 'training/value_loss': 0.043068110942840576}
{'training/total_steps': 46018, 'training/updates': 23, 'training/sps': np.float64(135.771), 'training/walltime': np.float64(368.905), 'training/rollout_time': np.float64(14.72), 'training/update_time': np.float64(0.011), 'training/approx_kl': 295.0245361328125, 'training/entropy': -11.150025367736816, 'training/policy_loss': 65.84159851074219, 'training/total_loss': 65.86015319824219, 'training/value_loss': 0.03709587827324867}
{'training/total_steps': 48018, 'training/updates': 24, 'training/sps': np.float64(137.034), 'training/walltime': np.float64(383.502), 'training/rollout_time': np.float64(14.571), 'training/update_time': np.float64(0.024), 'training/approx_kl': 16.57785415649414, 'training/entropy': -11.719182968139648, 'training/policy_loss': 1.4328844547271729, 'training/total_loss': 1.449934720993042, 'training/value_loss': 0.03410068154335022}
{'training/total_steps': 50018, 'training/updates': 25, 'training/sps': np.float64(132.605), 'training/walltime': np.float64(398.587), 'training/rollout_time': np.float64(15.072), 'training/update_time': np.float64(0.011), 'training/approx_kl': 1.569991111755371, 'training/entropy': -11.780195236206055, 'training/policy_loss': -2.0264785289764404, 'training/total_loss': -2.0105767250061035, 'training/value_loss': 0.031803764402866364}
{'training/total_steps': 52018, 'training/updates': 26, 'training/sps': np.float64(135.101), 'training/walltime': np.float64(413.396), 'training/rollout_time': np.float64(14.792), 'training/update_time': np.float64(0.011), 'training/approx_kl': 1.5669915676116943, 'training/entropy': -11.821569442749023, 'training/policy_loss': -1.9355711936950684, 'training/total_loss': -1.9214396476745605, 'training/value_loss': 0.028263283893465996}
{'training/total_steps': 54018, 'training/updates': 27, 'training/sps': np.float64(133.74), 'training/walltime': np.float64(428.352), 'training/rollout_time': np.float64(14.932), 'training/update_time': np.float64(0.023), 'training/approx_kl': 1.223651647567749, 'training/entropy': -11.895981788635254, 'training/policy_loss': -1.8531526327133179, 'training/total_loss': -1.8411238193511963, 'training/value_loss': 0.024057477712631226}
{'training/total_steps': 56018, 'training/updates': 28, 'training/sps': np.float64(131.456), 'training/walltime': np.float64(443.571), 'training/rollout_time': np.float64(15.198), 'training/update_time': np.float64(0.017), 'training/approx_kl': 1.0192620754241943, 'training/entropy': -11.96489143371582, 'training/policy_loss': -1.7484380006790161, 'training/total_loss': -1.7383058071136475, 'training/value_loss': 0.02026427537202835}
{'training/total_steps': 58018, 'training/updates': 29, 'training/sps': np.float64(134.824), 'training/walltime': np.float64(458.41), 'training/rollout_time': np.float64(14.803), 'training/update_time': np.float64(0.031), 'training/approx_kl': 0.9823145866394043, 'training/entropy': -12.030345916748047, 'training/policy_loss': -1.6328036785125732, 'training/total_loss': -1.6241254806518555, 'training/value_loss': 0.0173563864082098}
{'training/total_steps': 60018, 'training/updates': 30, 'training/sps': np.float64(135.931), 'training/walltime': np.float64(473.128), 'training/rollout_time': np.float64(14.701), 'training/update_time': np.float64(0.012), 'training/approx_kl': 0.9060555100440979, 'training/entropy': -12.084297180175781, 'training/policy_loss': -1.5051804780960083, 'training/total_loss': -1.4979790449142456, 'training/value_loss': 0.014402952045202255}
{'training/total_steps': 62018, 'training/updates': 31, 'training/sps': np.float64(135.813), 'training/walltime': np.float64(487.856), 'training/rollout_time': np.float64(14.717), 'training/update_time': np.float64(0.009), 'training/approx_kl': 0.8170454502105713, 'training/entropy': -12.13888168334961, 'training/policy_loss': -1.3189115524291992, 'training/total_loss': -1.3134061098098755, 'training/value_loss': 0.01101083867251873}
{'training/total_steps': 64018, 'training/updates': 32, 'training/sps': np.float64(133.749), 'training/walltime': np.float64(502.815), 'training/rollout_time': np.float64(14.943), 'training/update_time': np.float64(0.01), 'training/approx_kl': 0.810315728187561, 'training/entropy': -12.212825775146484, 'training/policy_loss': -1.1332186460494995, 'training/total_loss': -1.1290968656539917, 'training/value_loss': 0.008243471384048462}
{'training/total_steps': 66018, 'training/updates': 33, 'training/sps': np.float64(135.017), 'training/walltime': np.float64(517.63), 'training/rollout_time': np.float64(14.802), 'training/update_time': np.float64(0.011), 'training/approx_kl': 0.7709722518920898, 'training/entropy': -12.245622634887695, 'training/policy_loss': -0.8782954812049866, 'training/total_loss': -0.8756140470504761, 'training/value_loss': 0.0053627947345376015}
{'training/total_steps': 68018, 'training/updates': 34, 'training/sps': np.float64(137.635), 'training/walltime': np.float64(532.164), 'training/rollout_time': np.float64(14.522), 'training/update_time': np.float64(0.009), 'training/approx_kl': 0.7438440322875977, 'training/entropy': -12.313668251037598, 'training/policy_loss': -0.5960037708282471, 'training/total_loss': -0.5945602655410767, 'training/value_loss': 0.002886946778744459}
{'training/total_steps': 70018, 'training/updates': 35, 'training/sps': np.float64(129.532), 'training/walltime': np.float64(547.615), 'training/rollout_time': np.float64(15.417), 'training/update_time': np.float64(0.023), 'training/approx_kl': 0.688400149345398, 'training/entropy': -12.364677429199219, 'training/policy_loss': -0.23927728831768036, 'training/total_loss': -0.2386697232723236, 'training/value_loss': 0.0012151002883911133}
{'training/total_steps': 72018, 'training/updates': 36, 'training/sps': np.float64(139.5), 'training/walltime': np.float64(561.956), 'training/rollout_time': np.float64(14.329), 'training/update_time': np.float64(0.008), 'training/approx_kl': 20.07413673400879, 'training/entropy': -12.284452438354492, 'training/policy_loss': -0.33218640089035034, 'training/total_loss': -0.33169564604759216, 'training/value_loss': 0.000981462188065052}
{'training/total_steps': 74018, 'training/updates': 37, 'training/sps': np.float64(136.86), 'training/walltime': np.float64(576.573), 'training/rollout_time': np.float64(14.592), 'training/update_time': np.float64(0.021), 'training/approx_kl': 114.92677307128906, 'training/entropy': -11.72226333618164, 'training/policy_loss': -4.637057781219482, 'training/total_loss': -4.636292457580566, 'training/value_loss': 0.0015306081622838974}
{'training/total_steps': 76018, 'training/updates': 38, 'training/sps': np.float64(136.097), 'training/walltime': np.float64(591.272), 'training/rollout_time': np.float64(14.685), 'training/update_time': np.float64(0.011), 'training/approx_kl': 213.3347930908203, 'training/entropy': -10.811426162719727, 'training/policy_loss': -11.326549530029297, 'training/total_loss': -11.325498580932617, 'training/value_loss': 0.0021025375463068485}
{'training/total_steps': 78018, 'training/updates': 39, 'training/sps': np.float64(139.406), 'training/walltime': np.float64(605.622), 'training/rollout_time': np.float64(14.337), 'training/update_time': np.float64(0.01), 'training/approx_kl': 262.972412109375, 'training/entropy': -9.738565444946289, 'training/policy_loss': -13.908348083496094, 'training/total_loss': -13.907210350036621, 'training/value_loss': 0.0022759516723454}
{'training/total_steps': 80018, 'training/updates': 40, 'training/sps': np.float64(136.92), 'training/walltime': np.float64(620.231), 'training/rollout_time': np.float64(14.597), 'training/update_time': np.float64(0.01), 'training/approx_kl': 1393.3135986328125, 'training/entropy': -8.611687660217285, 'training/policy_loss': -2428.6552734375, 'training/total_loss': -2428.652099609375, 'training/value_loss': 0.006433987058699131}
{'eval/num_episodes': 10, 'eval/num_steps': 20, 'eval/mean_score': np.float64(2.0), 'eval/std_score': np.float64(0.0), 'eval/mean_episode_length': np.float64(2.0), 'eval/std_episode_length': np.float64(0.0), 'eval/eval_time': 0.22799968719482422}
{'training/total_steps': 82018, 'training/updates': 41, 'training/sps': np.float64(132.005), 'training/walltime': np.float64(635.615), 'training/rollout_time': np.float64(15.14), 'training/update_time': np.float64(0.011), 'training/approx_kl': 2538.60400390625, 'training/entropy': -7.3094563484191895, 'training/policy_loss': -4847.576171875, 'training/total_loss': -4847.5712890625, 'training/value_loss': 0.010049114003777504}
{'training/total_steps': 84018, 'training/updates': 42, 'training/sps': np.float64(135.224), 'training/walltime': np.float64(650.408), 'training/rollout_time': np.float64(14.779), 'training/update_time': np.float64(0.011), 'training/approx_kl': 13286.8984375, 'training/entropy': -6.1437859535217285, 'training/policy_loss': -26940.3671875, 'training/total_loss': -26940.341796875, 'training/value_loss': 0.05171525105834007}
{'training/total_steps': 86018, 'training/updates': 43, 'training/sps': np.float64(138.62), 'training/walltime': np.float64(664.839), 'training/rollout_time': np.float64(14.413), 'training/update_time': np.float64(0.015), 'training/approx_kl': 56084.39453125, 'training/entropy': -5.748922824859619, 'training/policy_loss': -110008.828125, 'training/total_loss': -110008.7109375, 'training/value_loss': 0.23999124765396118}
{'training/total_steps': 88019, 'training/updates': 44, 'training/sps': np.float64(141.185), 'training/walltime': np.float64(679.015), 'training/rollout_time': np.float64(14.161), 'training/update_time': np.float64(0.011), 'training/approx_kl': 116349.59375, 'training/entropy': -6.126911163330078, 'training/policy_loss': -214870.234375, 'training/total_loss': -214869.921875, 'training/value_loss': 0.6063033938407898}
{'training/total_steps': 90020, 'training/updates': 45, 'training/sps': np.float64(147.769), 'training/walltime': np.float64(692.558), 'training/rollout_time': np.float64(13.523), 'training/update_time': np.float64(0.019), 'training/approx_kl': 89790.234375, 'training/entropy': -5.259462356567383, 'training/policy_loss': -150423.703125, 'training/total_loss': -150423.359375, 'training/value_loss': 0.7155211567878723}
{'training/total_steps': 92021, 'training/updates': 46, 'training/sps': np.float64(139.986), 'training/walltime': np.float64(706.865), 'training/rollout_time': np.float64(14.274), 'training/update_time': np.float64(0.02), 'training/approx_kl': 14852.50390625, 'training/entropy': -2.77911114692688, 'training/policy_loss': -22083.38671875, 'training/total_loss': -22083.158203125, 'training/value_loss': 0.45823168754577637}
{'training/total_steps': 94023, 'training/updates': 47, 'training/sps': np.float64(142.682), 'training/walltime': np.float64(720.9), 'training/rollout_time': np.float64(14.019), 'training/update_time': np.float64(0.012), 'training/approx_kl': 1091.638916015625, 'training/entropy': -0.9572862982749939, 'training/policy_loss': -1521.1861572265625, 'training/total_loss': -1521.0257568359375, 'training/value_loss': 0.3206874132156372}
{'training/total_steps': 96024, 'training/updates': 48, 'training/sps': np.float64(150.933), 'training/walltime': np.float64(734.16), 'training/rollout_time': np.float64(13.235), 'training/update_time': np.float64(0.022), 'training/approx_kl': 518.0514526367188, 'training/entropy': -0.5111751556396484, 'training/policy_loss': -903.9579467773438, 'training/total_loss': -903.7398071289062, 'training/value_loss': 0.43630146980285645}
{'training/total_steps': 98031, 'training/updates': 49, 'training/sps': np.float64(104.893), 'training/walltime': np.float64(753.309), 'training/rollout_time': np.float64(13.328), 'training/update_time': np.float64(5.806), 'training/approx_kl': 23291.5390625, 'training/entropy': -1.4811816215515137, 'training/policy_loss': -148469.359375, 'training/total_loss': -148467.21875, 'training/value_loss': 4.286425590515137}
{'training/total_steps': 100051, 'training/updates': 50, 'training/sps': np.float64(112.378), 'training/walltime': np.float64(771.286), 'training/rollout_time': np.float64(12.614), 'training/update_time': np.float64(5.361), 'training/approx_kl': 90.87083435058594, 'training/entropy': -1.0318115949630737, 'training/policy_loss': -117.38037109375, 'training/total_loss': -117.05957794189453, 'training/value_loss': 0.641592800617218}
{'training/total_steps': 102060, 'training/updates': 51, 'training/sps': np.float64(109.343), 'training/walltime': np.float64(789.664), 'training/rollout_time': np.float64(12.906), 'training/update_time': np.float64(5.467), 'training/approx_kl': 73.36479187011719, 'training/entropy': -1.2780526876449585, 'training/policy_loss': -42.3254280090332, 'training/total_loss': -42.21174621582031, 'training/value_loss': 0.22736020386219025}
{'training/total_steps': 104064, 'training/updates': 52, 'training/sps': np.float64(106.265), 'training/walltime': np.float64(808.525), 'training/rollout_time': np.float64(13.343), 'training/update_time': np.float64(5.515), 'training/approx_kl': 882.07470703125, 'training/entropy': -2.4089152812957764, 'training/policy_loss': -413.54547119140625, 'training/total_loss': -413.4433898925781, 'training/value_loss': 0.2041202187538147}
{'training/total_steps': 106067, 'training/updates': 53, 'training/sps': np.float64(142.034), 'training/walltime': np.float64(822.632), 'training/rollout_time': np.float64(14.091), 'training/update_time': np.float64(0.011), 'training/approx_kl': 5106.60986328125, 'training/entropy': -3.116788387298584, 'training/policy_loss': -670.5665893554688, 'training/total_loss': -670.5328979492188, 'training/value_loss': 0.06741540133953094}
{'training/total_steps': 108068, 'training/updates': 54, 'training/sps': np.float64(138.112), 'training/walltime': np.float64(837.123), 'training/rollout_time': np.float64(14.472), 'training/update_time': np.float64(0.016), 'training/approx_kl': 7979.17578125, 'training/entropy': -3.987112522125244, 'training/policy_loss': 153.85142517089844, 'training/total_loss': 153.87527465820312, 'training/value_loss': 0.047685686498880386}
{'training/total_steps': 110069, 'training/updates': 55, 'training/sps': np.float64(140.707), 'training/walltime': np.float64(851.347), 'training/rollout_time': np.float64(14.209), 'training/update_time': np.float64(0.012), 'training/approx_kl': 1580.9599609375, 'training/entropy': -4.534731864929199, 'training/policy_loss': -225.23471069335938, 'training/total_loss': -225.20755004882812, 'training/value_loss': 0.05432913824915886}
{'training/total_steps': 112070, 'training/updates': 56, 'training/sps': np.float64(143.471), 'training/walltime': np.float64(865.3), 'training/rollout_time': np.float64(13.937), 'training/update_time': np.float64(0.01), 'training/approx_kl': 20838.390625, 'training/entropy': -4.449208736419678, 'training/policy_loss': -634.770263671875, 'training/total_loss': -634.7457885742188, 'training/value_loss': 0.04890745133161545}
{'training/total_steps': 114071, 'training/updates': 57, 'training/sps': np.float64(147.008), 'training/walltime': np.float64(878.914), 'training/rollout_time': np.float64(13.59), 'training/update_time': np.float64(0.021), 'training/approx_kl': 2282.33837890625, 'training/entropy': -4.168666839599609, 'training/policy_loss': 624.3145751953125, 'training/total_loss': 624.3555297851562, 'training/value_loss': 0.08183146268129349}
{'training/total_steps': 116072, 'training/updates': 58, 'training/sps': np.float64(148.014), 'training/walltime': np.float64(892.436), 'training/rollout_time': np.float64(13.507), 'training/update_time': np.float64(0.012), 'training/approx_kl': 98.03697967529297, 'training/entropy': -4.124588489532471, 'training/policy_loss': 26.438879013061523, 'training/total_loss': 26.508317947387695, 'training/value_loss': 0.13887640833854675}
{'training/total_steps': 118073, 'training/updates': 59, 'training/sps': np.float64(152.058), 'training/walltime': np.float64(905.6), 'training/rollout_time': np.float64(13.139), 'training/update_time': np.float64(0.02), 'training/approx_kl': 65.03345489501953, 'training/entropy': -4.022061347961426, 'training/policy_loss': 14.279441833496094, 'training/total_loss': 14.356575965881348, 'training/value_loss': 0.15426677465438843}
{'training/total_steps': 120073, 'training/updates': 60, 'training/sps': np.float64(144.787), 'training/walltime': np.float64(919.416), 'training/rollout_time': np.float64(13.803), 'training/update_time': np.float64(0.01), 'training/approx_kl': 94.03089141845703, 'training/entropy': -4.025173664093018, 'training/policy_loss': 16.587562561035156, 'training/total_loss': 16.666656494140625, 'training/value_loss': 0.1581888645887375}
{'eval/num_episodes': 10, 'eval/num_steps': 40, 'eval/mean_score': np.float64(4.0), 'eval/std_score': np.float64(0.0), 'eval/mean_episode_length': np.float64(4.0), 'eval/std_episode_length': np.float64(0.0), 'eval/eval_time': 0.32251739501953125}
{'training/total_steps': 122076, 'training/updates': 61, 'training/sps': np.float64(149.032), 'training/walltime': np.float64(933.182), 'training/rollout_time': np.float64(13.429), 'training/update_time': np.float64(0.011), 'training/approx_kl': 79.00588989257812, 'training/entropy': -4.062774181365967, 'training/policy_loss': 20.843015670776367, 'training/total_loss': 20.921905517578125, 'training/value_loss': 0.15777653455734253}
{'training/total_steps': 124077, 'training/updates': 62, 'training/sps': np.float64(148.816), 'training/walltime': np.float64(946.632), 'training/rollout_time': np.float64(13.435), 'training/update_time': np.float64(0.011), 'training/approx_kl': 791.4918212890625, 'training/entropy': -4.182021617889404, 'training/policy_loss': 82.38331604003906, 'training/total_loss': 82.46034240722656, 'training/value_loss': 0.15404671430587769}
{'training/total_steps': 126078, 'training/updates': 63, 'training/sps': np.float64(141.956), 'training/walltime': np.float64(960.73), 'training/rollout_time': np.float64(14.082), 'training/update_time': np.float64(0.014), 'training/approx_kl': 7.469747066497803, 'training/entropy': -4.308339595794678, 'training/policy_loss': 0.11260377615690231, 'training/total_loss': 0.18997158110141754, 'training/value_loss': 0.15473563969135284}
{'training/total_steps': 128081, 'training/updates': 64, 'training/sps': np.float64(140.464), 'training/walltime': np.float64(974.993), 'training/rollout_time': np.float64(14.249), 'training/update_time': np.float64(0.011), 'training/approx_kl': 248.6004638671875, 'training/entropy': -4.3719682693481445, 'training/policy_loss': 6.484233379364014, 'training/total_loss': 6.5589704513549805, 'training/value_loss': 0.14947432279586792}
{'training/total_steps': 130083, 'training/updates': 65, 'training/sps': np.float64(142.007), 'training/walltime': np.float64(989.095), 'training/rollout_time': np.float64(14.086), 'training/update_time': np.float64(0.012), 'training/approx_kl': 1065.5501708984375, 'training/entropy': -4.452886581420898, 'training/policy_loss': -39.929969787597656, 'training/total_loss': -39.85651397705078, 'training/value_loss': 0.14691108465194702}
{'training/total_steps': 132083, 'training/updates': 66, 'training/sps': np.float64(153.002), 'training/walltime': np.float64(1002.17), 'training/rollout_time': np.float64(13.061), 'training/update_time': np.float64(0.011), 'training/approx_kl': 714.8809814453125, 'training/entropy': -4.306158542633057, 'training/policy_loss': 27.41883659362793, 'training/total_loss': 27.481571197509766, 'training/value_loss': 0.12547096610069275}
{'training/total_steps': 134085, 'training/updates': 67, 'training/sps': np.float64(143.93), 'training/walltime': np.float64(1016.082), 'training/rollout_time': np.float64(13.899), 'training/update_time': np.float64(0.011), 'training/approx_kl': 7.210957050323486, 'training/entropy': -4.377913951873779, 'training/policy_loss': -0.264540433883667, 'training/total_loss': -0.22134575247764587, 'training/value_loss': 0.08638940751552582}
{'training/total_steps': 136086, 'training/updates': 68, 'training/sps': np.float64(145.618), 'training/walltime': np.float64(1029.829), 'training/rollout_time': np.float64(13.726), 'training/update_time': np.float64(0.016), 'training/approx_kl': 23.074501037597656, 'training/entropy': -4.3804707527160645, 'training/policy_loss': 4.336856842041016, 'training/total_loss': 4.372226715087891, 'training/value_loss': 0.070738784968853}
{'training/total_steps': 138086, 'training/updates': 69, 'training/sps': np.float64(141.836), 'training/walltime': np.float64(1043.932), 'training/rollout_time': np.float64(14.089), 'training/update_time': np.float64(0.011), 'training/approx_kl': 1.1165331602096558, 'training/entropy': -4.274162292480469, 'training/policy_loss': -0.8142246603965759, 'training/total_loss': -0.7812992334365845, 'training/value_loss': 0.06585077941417694}
{'training/total_steps': 140086, 'training/updates': 70, 'training/sps': np.float64(139.204), 'training/walltime': np.float64(1058.302), 'training/rollout_time': np.float64(14.354), 'training/update_time': np.float64(0.013), 'training/approx_kl': 13.318836212158203, 'training/entropy': -4.20658016204834, 'training/policy_loss': 1.0481452941894531, 'training/total_loss': 1.0767844915390015, 'training/value_loss': 0.05727827176451683}
{'training/total_steps': 142087, 'training/updates': 71, 'training/sps': np.float64(144.591), 'training/walltime': np.float64(1072.146), 'training/rollout_time': np.float64(13.827), 'training/update_time': np.float64(0.012), 'training/approx_kl': 0.45239850878715515, 'training/entropy': -4.145467281341553, 'training/policy_loss': -0.7902372479438782, 'training/total_loss': -0.7644817233085632, 'training/value_loss': 0.051511071622371674}
{'training/total_steps': 144087, 'training/updates': 72, 'training/sps': np.float64(137.052), 'training/walltime': np.float64(1086.742), 'training/rollout_time': np.float64(14.566), 'training/update_time': np.float64(0.027), 'training/approx_kl': 6.275583267211914, 'training/entropy': -4.084702014923096, 'training/policy_loss': -0.16011777520179749, 'training/total_loss': -0.13937970995903015, 'training/value_loss': 0.041476111859083176}
{'training/total_steps': 146088, 'training/updates': 73, 'training/sps': np.float64(136.726), 'training/walltime': np.float64(1101.381), 'training/rollout_time': np.float64(14.625), 'training/update_time': np.float64(0.011), 'training/approx_kl': 0.5420421361923218, 'training/entropy': -4.025153636932373, 'training/policy_loss': -0.5944159030914307, 'training/total_loss': -0.5784478187561035, 'training/value_loss': 0.031936321407556534}
{'training/total_steps': 148088, 'training/updates': 74, 'training/sps': np.float64(144.127), 'training/walltime': np.float64(1115.26), 'training/rollout_time': np.float64(13.866), 'training/update_time': np.float64(0.011), 'training/approx_kl': 9.736615180969238, 'training/entropy': -3.975018262863159, 'training/policy_loss': -1.3100275993347168, 'training/total_loss': -1.3016130924224854, 'training/value_loss': 0.01682903990149498}
{'training/total_steps': 150089, 'training/updates': 75, 'training/sps': np.float64(137.137), 'training/walltime': np.float64(1129.854), 'training/rollout_time': np.float64(14.57), 'training/update_time': np.float64(0.021), 'training/approx_kl': 33.12018585205078, 'training/entropy': -4.0312089920043945, 'training/policy_loss': -5.351787567138672, 'training/total_loss': -5.347596645355225, 'training/value_loss': 0.008382735773921013}
{'training/total_steps': 152090, 'training/updates': 76, 'training/sps': np.float64(139.691), 'training/walltime': np.float64(1144.181), 'training/rollout_time': np.float64(14.311), 'training/update_time': np.float64(0.014), 'training/approx_kl': 1680.208984375, 'training/entropy': -4.7321624755859375, 'training/policy_loss': -919.6436767578125, 'training/total_loss': -919.608154296875, 'training/value_loss': 0.07115435600280762}
{'training/total_steps': 154091, 'training/updates': 77, 'training/sps': np.float64(141.279), 'training/walltime': np.float64(1158.348), 'training/rollout_time': np.float64(14.154), 'training/update_time': np.float64(0.009), 'training/approx_kl': 20324.62109375, 'training/entropy': -5.835241317749023, 'training/policy_loss': -21309.21875, 'training/total_loss': -21309.046875, 'training/value_loss': 0.3478628396987915}
{'training/total_steps': 156093, 'training/updates': 78, 'training/sps': np.float64(141.961), 'training/walltime': np.float64(1172.454), 'training/rollout_time': np.float64(14.088), 'training/update_time': np.float64(0.015), 'training/approx_kl': 22494.66015625, 'training/entropy': -6.687251091003418, 'training/policy_loss': -32288.814453125, 'training/total_loss': -32288.59765625, 'training/value_loss': 0.435157835483551}
{'training/total_steps': 158093, 'training/updates': 79, 'training/sps': np.float64(138.615), 'training/walltime': np.float64(1186.885), 'training/rollout_time': np.float64(14.416), 'training/update_time': np.float64(0.013), 'training/approx_kl': 6121.2109375, 'training/entropy': -6.847933292388916, 'training/policy_loss': -10388.5224609375, 'training/total_loss': -10388.447265625, 'training/value_loss': 0.14969122409820557}
{'training/total_steps': 160093, 'training/updates': 80, 'training/sps': np.float64(135.239), 'training/walltime': np.float64(1201.68), 'training/rollout_time': np.float64(14.765), 'training/update_time': np.float64(0.023), 'training/approx_kl': 11.911120414733887, 'training/entropy': -7.2114033699035645, 'training/policy_loss': -0.22160610556602478, 'training/total_loss': -0.2205572873353958, 'training/value_loss': 0.0020976534578949213}
{'eval/num_episodes': 10, 'eval/num_steps': 20, 'eval/mean_score': np.float64(2.0), 'eval/std_score': np.float64(0.0), 'eval/mean_episode_length': np.float64(2.0), 'eval/std_episode_length': np.float64(0.0), 'eval/eval_time': 0.25972557067871094}
{'training/total_steps': 162093, 'training/updates': 81, 'training/sps': np.float64(130.305), 'training/walltime': np.float64(1217.293), 'training/rollout_time': np.float64(15.337), 'training/update_time': np.float64(0.012), 'training/approx_kl': 7.7522664070129395, 'training/entropy': -7.877368927001953, 'training/policy_loss': 0.1019812747836113, 'training/total_loss': 0.10252390801906586, 'training/value_loss': 0.0010852699633687735}
{'training/total_steps': 164093, 'training/updates': 82, 'training/sps': np.float64(123.0), 'training/walltime': np.float64(1233.558), 'training/rollout_time': np.float64(16.24), 'training/update_time': np.float64(0.02), 'training/approx_kl': 25.25838851928711, 'training/entropy': -7.666328430175781, 'training/policy_loss': -0.46059975028038025, 'training/total_loss': -0.45969918370246887, 'training/value_loss': 0.0018011793727055192}
{'training/total_steps': 166093, 'training/updates': 83, 'training/sps': np.float64(130.005), 'training/walltime': np.float64(1248.944), 'training/rollout_time': np.float64(15.366), 'training/update_time': np.float64(0.018), 'training/approx_kl': 49.661109924316406, 'training/entropy': -6.643773078918457, 'training/policy_loss': -0.8901017904281616, 'training/total_loss': -0.8892988562583923, 'training/value_loss': 0.001605815370567143}
{'training/total_steps': 168093, 'training/updates': 84, 'training/sps': np.float64(131.47), 'training/walltime': np.float64(1264.161), 'training/rollout_time': np.float64(15.202), 'training/update_time': np.float64(0.01), 'training/approx_kl': 35.753028869628906, 'training/entropy': -5.651693344116211, 'training/policy_loss': -0.604691743850708, 'training/total_loss': -0.6041061878204346, 'training/value_loss': 0.0011711705010384321}
{'training/total_steps': 170093, 'training/updates': 85, 'training/sps': np.float64(136.776), 'training/walltime': np.float64(1278.785), 'training/rollout_time': np.float64(14.603), 'training/update_time': np.float64(0.019), 'training/approx_kl': 408.18939208984375, 'training/entropy': -4.814460754394531, 'training/policy_loss': -658.4430541992188, 'training/total_loss': -658.4243774414062, 'training/value_loss': 0.037266459316015244}
{'training/total_steps': 172093, 'training/updates': 86, 'training/sps': np.float64(136.006), 'training/walltime': np.float64(1293.494), 'training/rollout_time': np.float64(14.695), 'training/update_time': np.float64(0.01), 'training/approx_kl': 23274.791015625, 'training/entropy': -5.875466346740723, 'training/policy_loss': -35134.51953125, 'training/total_loss': -35134.2734375, 'training/value_loss': 0.49696627259254456}
{'training/total_steps': 174094, 'training/updates': 87, 'training/sps': np.float64(140.328), 'training/walltime': np.float64(1307.759), 'training/rollout_time': np.float64(14.241), 'training/update_time': np.float64(0.018), 'training/approx_kl': 27751.08203125, 'training/entropy': -4.798415660858154, 'training/policy_loss': -27989.30078125, 'training/total_loss': -27989.12890625, 'training/value_loss': 0.3395020663738251}
{'training/total_steps': 176096, 'training/updates': 88, 'training/sps': np.float64(142.706), 'training/walltime': np.float64(1321.79), 'training/rollout_time': np.float64(13.996), 'training/update_time': np.float64(0.032), 'training/approx_kl': 6100.36376953125, 'training/entropy': -2.5836405754089355, 'training/policy_loss': -4442.65478515625, 'training/total_loss': -4442.55322265625, 'training/value_loss': 0.2036305069923401}
{'training/total_steps': 178096, 'training/updates': 89, 'training/sps': np.float64(135.34), 'training/walltime': np.float64(1336.571), 'training/rollout_time': np.float64(14.762), 'training/update_time': np.float64(0.016), 'training/approx_kl': 5886.7919921875, 'training/entropy': -1.9174282550811768, 'training/policy_loss': -4427.6943359375, 'training/total_loss': -4427.580078125, 'training/value_loss': 0.22878605127334595}
{'training/total_steps': 180100, 'training/updates': 90, 'training/sps': np.float64(149.8), 'training/walltime': np.float64(1349.953), 'training/rollout_time': np.float64(13.359), 'training/update_time': np.float64(0.019), 'training/approx_kl': 2589.985107421875, 'training/entropy': -1.5281647443771362, 'training/policy_loss': -1681.0755615234375, 'training/total_loss': -1680.97998046875, 'training/value_loss': 0.19087733328342438}
{'training/total_steps': 182101, 'training/updates': 91, 'training/sps': np.float64(156.186), 'training/walltime': np.float64(1362.768), 'training/rollout_time': np.float64(12.792), 'training/update_time': np.float64(0.019), 'training/approx_kl': 2813.405029296875, 'training/entropy': -2.7404799461364746, 'training/policy_loss': -5350.22412109375, 'training/total_loss': -5349.9111328125, 'training/value_loss': 0.626934289932251}
{'training/total_steps': 184101, 'training/updates': 92, 'training/sps': np.float64(148.518), 'training/walltime': np.float64(1376.237), 'training/rollout_time': np.float64(13.457), 'training/update_time': np.float64(0.01), 'training/approx_kl': 384.63751220703125, 'training/entropy': -1.6174899339675903, 'training/policy_loss': -163.95082092285156, 'training/total_loss': -163.86627197265625, 'training/value_loss': 0.16911059617996216}
{'training/total_steps': 186102, 'training/updates': 93, 'training/sps': np.float64(150.291), 'training/walltime': np.float64(1389.558), 'training/rollout_time': np.float64(13.305), 'training/update_time': np.float64(0.009), 'training/approx_kl': 1227.8505859375, 'training/entropy': -1.8678604364395142, 'training/policy_loss': -378.6931457519531, 'training/total_loss': -378.5970458984375, 'training/value_loss': 0.19216874241828918}
{'training/total_steps': 188106, 'training/updates': 94, 'training/sps': np.float64(151.599), 'training/walltime': np.float64(1402.778), 'training/rollout_time': np.float64(13.21), 'training/update_time': np.float64(0.009), 'training/approx_kl': 1830.6021728515625, 'training/entropy': -2.100919485092163, 'training/policy_loss': -242.3809356689453, 'training/total_loss': -242.2873992919922, 'training/value_loss': 0.18708392977714539}
{'training/total_steps': 190112, 'training/updates': 95, 'training/sps': np.float64(105.701), 'training/walltime': np.float64(1421.759), 'training/rollout_time': np.float64(12.879), 'training/update_time': np.float64(6.099), 'training/approx_kl': 1060.351806640625, 'training/entropy': -2.50661563873291, 'training/policy_loss': 10.515987396240234, 'training/total_loss': 10.600887298583984, 'training/value_loss': 0.1697990596294403}
{'training/total_steps': 192118, 'training/updates': 96, 'training/sps': np.float64(146.032), 'training/walltime': np.float64(1435.512), 'training/rollout_time': np.float64(13.723), 'training/update_time': np.float64(0.013), 'training/approx_kl': 156.45489501953125, 'training/entropy': -2.6867928504943848, 'training/policy_loss': 16.41614532470703, 'training/total_loss': 16.497276306152344, 'training/value_loss': 0.16226254403591156}
{'training/total_steps': 194119, 'training/updates': 97, 'training/sps': np.float64(148.755), 'training/walltime': np.float64(1448.966), 'training/rollout_time': np.float64(13.44), 'training/update_time': np.float64(0.011), 'training/approx_kl': 33.08550262451172, 'training/entropy': -2.8404316902160645, 'training/policy_loss': -0.2054702639579773, 'training/total_loss': -0.1280287802219391, 'training/value_loss': 0.1548829972743988}
{'training/total_steps': 196120, 'training/updates': 98, 'training/sps': np.float64(155.753), 'training/walltime': np.float64(1461.816), 'training/rollout_time': np.float64(12.839), 'training/update_time': np.float64(0.009), 'training/approx_kl': 53.05908966064453, 'training/entropy': -3.0006022453308105, 'training/policy_loss': -0.5242087244987488, 'training/total_loss': -0.45217353105545044, 'training/value_loss': 0.14407049119472504}
{'training/total_steps': 198121, 'training/updates': 99, 'training/sps': np.float64(151.759), 'training/walltime': np.float64(1475.008), 'training/rollout_time': np.float64(13.172), 'training/update_time': np.float64(0.013), 'training/approx_kl': 491.6249084472656, 'training/entropy': -3.219102382659912, 'training/policy_loss': 38.11445617675781, 'training/total_loss': 38.180809020996094, 'training/value_loss': 0.13270653784275055}
{'training/total_steps': 200127, 'training/updates': 100, 'training/sps': np.float64(145.78), 'training/walltime': np.float64(1488.771), 'training/rollout_time': np.float64(13.75), 'training/update_time': np.float64(0.011), 'training/approx_kl': 31.332229614257812, 'training/entropy': -3.3400607109069824, 'training/policy_loss': 0.6082282066345215, 'training/total_loss': 0.6723120212554932, 'training/value_loss': 0.12816770374774933}
{'eval/num_episodes': 10, 'eval/num_steps': 100, 'eval/mean_score': np.float64(10.0), 'eval/std_score': np.float64(0.0), 'eval/mean_episode_length': np.float64(10.0), 'eval/std_episode_length': np.float64(0.0), 'eval/eval_time': 0.6500873565673828}
{'training/total_steps': 202127, 'training/updates': 101, 'training/sps': np.float64(153.731), 'training/walltime': np.float64(1502.435), 'training/rollout_time': np.float64(12.998), 'training/update_time': np.float64(0.011), 'training/approx_kl': 42.36565399169922, 'training/entropy': -3.4335105419158936, 'training/policy_loss': -3.7366318702697754, 'training/total_loss': -3.6779088973999023, 'training/value_loss': 0.11744610965251923}
{'training/total_steps': 204131, 'training/updates': 102, 'training/sps': np.float64(156.581), 'training/walltime': np.float64(1515.238), 'training/rollout_time': np.float64(12.788), 'training/update_time': np.float64(0.011), 'training/approx_kl': 137.6383819580078, 'training/entropy': -3.5741567611694336, 'training/policy_loss': -2.291764497756958, 'training/total_loss': -2.235731363296509, 'training/value_loss': 0.11206615716218948}
{'training/total_steps': 206139, 'training/updates': 103, 'training/sps': np.float64(106.072), 'training/walltime': np.float64(1534.171), 'training/rollout_time': np.float64(13.053), 'training/update_time': np.float64(5.877), 'training/approx_kl': 110.21060180664062, 'training/entropy': -3.747875690460205, 'training/policy_loss': 3.5472214221954346, 'training/total_loss': 3.6015172004699707, 'training/value_loss': 0.10859096050262451}
{'training/total_steps': 208145, 'training/updates': 104, 'training/sps': np.float64(150.474), 'training/walltime': np.float64(1547.507), 'training/rollout_time': np.float64(13.313), 'training/update_time': np.float64(0.019), 'training/approx_kl': 187.85003662109375, 'training/entropy': -3.787052631378174, 'training/policy_loss': 3.6258580684661865, 'training/total_loss': 3.6795742511749268, 'training/value_loss': 0.10743261873722076}
{'training/total_steps': 210148, 'training/updates': 105, 'training/sps': np.float64(150.015), 'training/walltime': np.float64(1560.862), 'training/rollout_time': np.float64(13.341), 'training/update_time': np.float64(0.011), 'training/approx_kl': 25.61900520324707, 'training/entropy': -3.755887269973755, 'training/policy_loss': -0.11655116826295853, 'training/total_loss': -0.06489422172307968, 'training/value_loss': 0.1033138707280159}
{'training/total_steps': 212152, 'training/updates': 106, 'training/sps': np.float64(155.246), 'training/walltime': np.float64(1573.774), 'training/rollout_time': np.float64(12.897), 'training/update_time': np.float64(0.011), 'training/approx_kl': 358.83349609375, 'training/entropy': -3.7724151611328125, 'training/policy_loss': -6.784927845001221, 'training/total_loss': -6.736122131347656, 'training/value_loss': 0.09761198610067368}
{'training/total_steps': 214158, 'training/updates': 107, 'training/sps': np.float64(149.705), 'training/walltime': np.float64(1587.249), 'training/rollout_time': np.float64(13.378), 'training/update_time': np.float64(0.022), 'training/approx_kl': 1296.703369140625, 'training/entropy': -3.9214720726013184, 'training/policy_loss': -84.12239074707031, 'training/total_loss': -84.07093811035156, 'training/value_loss': 0.10290920734405518}
{'training/total_steps': 216163, 'training/updates': 108, 'training/sps': np.float64(104.053), 'training/walltime': np.float64(1606.52), 'training/rollout_time': np.float64(13.521), 'training/update_time': np.float64(5.748), 'training/approx_kl': 2472.611328125, 'training/entropy': -3.8394815921783447, 'training/policy_loss': -512.9412231445312, 'training/total_loss': -512.875244140625, 'training/value_loss': 0.1319754719734192}
{'training/total_steps': 218168, 'training/updates': 109, 'training/sps': np.float64(150.468), 'training/walltime': np.float64(1619.854), 'training/rollout_time': np.float64(13.295), 'training/update_time': np.float64(0.03), 'training/approx_kl': 3618.950927734375, 'training/entropy': -3.7983510494232178, 'training/policy_loss': -1105.7698974609375, 'training/total_loss': -1105.700927734375, 'training/value_loss': 0.13807979226112366}
{'training/total_steps': 220169, 'training/updates': 110, 'training/sps': np.float64(150.167), 'training/walltime': np.float64(1633.183), 'training/rollout_time': np.float64(13.313), 'training/update_time': np.float64(0.013), 'training/approx_kl': 4720.8759765625, 'training/entropy': -3.462926149368286, 'training/policy_loss': -2527.343505859375, 'training/total_loss': -2527.2666015625, 'training/value_loss': 0.15406158566474915}
{'training/total_steps': 222169, 'training/updates': 111, 'training/sps': np.float64(153.241), 'training/walltime': np.float64(1646.237), 'training/rollout_time': np.float64(13.041), 'training/update_time': np.float64(0.011), 'training/approx_kl': 3549.224609375, 'training/entropy': -3.0318355560302734, 'training/policy_loss': -2532.85888671875, 'training/total_loss': -2532.80419921875, 'training/value_loss': 0.10862784087657928}
{'training/total_steps': 224169, 'training/updates': 112, 'training/sps': np.float64(154.334), 'training/walltime': np.float64(1659.2), 'training/rollout_time': np.float64(12.948), 'training/update_time': np.float64(0.011), 'training/approx_kl': 443.7557067871094, 'training/entropy': -3.3167543411254883, 'training/policy_loss': -95.36376953125, 'training/total_loss': -95.35432434082031, 'training/value_loss': 0.01887424662709236}
{'training/total_steps': 226171, 'training/updates': 113, 'training/sps': np.float64(153.364), 'training/walltime': np.float64(1672.256), 'training/rollout_time': np.float64(13.043), 'training/update_time': np.float64(0.011), 'training/approx_kl': 1906.686767578125, 'training/entropy': -3.6202924251556396, 'training/policy_loss': -834.2442626953125, 'training/total_loss': -834.2195434570312, 'training/value_loss': 0.04951757192611694}
{'training/total_steps': 228172, 'training/updates': 114, 'training/sps': np.float64(155.148), 'training/walltime': np.float64(1685.156), 'training/rollout_time': np.float64(12.886), 'training/update_time': np.float64(0.011), 'training/approx_kl': 13096.109375, 'training/entropy': -4.460857391357422, 'training/policy_loss': -12327.0166015625, 'training/total_loss': -12326.8662109375, 'training/value_loss': 0.29969239234924316}
{'training/total_steps': 230174, 'training/updates': 115, 'training/sps': np.float64(142.979), 'training/walltime': np.float64(1699.165), 'training/rollout_time': np.float64(13.987), 'training/update_time': np.float64(0.015), 'training/approx_kl': 20136.41796875, 'training/entropy': -5.387028217315674, 'training/policy_loss': -28696.05859375, 'training/total_loss': -28695.716796875, 'training/value_loss': 0.6836425065994263}
{'training/total_steps': 232176, 'training/updates': 116, 'training/sps': np.float64(139.212), 'training/walltime': np.float64(1713.548), 'training/rollout_time': np.float64(14.371), 'training/update_time': np.float64(0.009), 'training/approx_kl': 19591.154296875, 'training/entropy': -6.060482501983643, 'training/policy_loss': -34281.9609375, 'training/total_loss': -34281.546875, 'training/value_loss': 0.8225646018981934}
{'training/total_steps': 234176, 'training/updates': 117, 'training/sps': np.float64(135.02), 'training/walltime': np.float64(1728.363), 'training/rollout_time': np.float64(14.801), 'training/update_time': np.float64(0.011), 'training/approx_kl': 13539.5556640625, 'training/entropy': -6.2345733642578125, 'training/policy_loss': -26698.650390625, 'training/total_loss': -26698.34765625, 'training/value_loss': 0.606407642364502}
{'training/total_steps': 236176, 'training/updates': 118, 'training/sps': np.float64(137.37), 'training/walltime': np.float64(1742.932), 'training/rollout_time': np.float64(14.549), 'training/update_time': np.float64(0.011), 'training/approx_kl': 3708.048828125, 'training/entropy': -5.981503963470459, 'training/policy_loss': -7760.38525390625, 'training/total_loss': -7760.29833984375, 'training/value_loss': 0.17364323139190674}
{'training/total_steps': 238176, 'training/updates': 119, 'training/sps': np.float64(135.79), 'training/walltime': np.float64(1757.663), 'training/rollout_time': np.float64(14.719), 'training/update_time': np.float64(0.01), 'training/approx_kl': 163.06915283203125, 'training/entropy': -6.2409443855285645, 'training/policy_loss': -26.849802017211914, 'training/total_loss': -26.8397216796875, 'training/value_loss': 0.020158957690000534}
{'training/total_steps': 240176, 'training/updates': 120, 'training/sps': np.float64(141.081), 'training/walltime': np.float64(1771.842), 'training/rollout_time': np.float64(14.163), 'training/update_time': np.float64(0.014), 'training/approx_kl': 532.34716796875, 'training/entropy': -6.928882598876953, 'training/policy_loss': -93.06382751464844, 'training/total_loss': -93.05347442626953, 'training/value_loss': 0.020698651671409607}
{'eval/num_episodes': 10, 'eval/num_steps': 20, 'eval/mean_score': np.float64(2.0), 'eval/std_score': np.float64(0.0), 'eval/mean_episode_length': np.float64(2.0), 'eval/std_episode_length': np.float64(0.0), 'eval/eval_time': 0.24504923820495605}
{'training/total_steps': 242176, 'training/updates': 121, 'training/sps': np.float64(136.125), 'training/walltime': np.float64(1786.784), 'training/rollout_time': np.float64(14.681), 'training/update_time': np.float64(0.011), 'training/approx_kl': 1666.396728515625, 'training/entropy': -7.812488555908203, 'training/policy_loss': -301.56756591796875, 'training/total_loss': -301.556884765625, 'training/value_loss': 0.02132653445005417}
{'training/total_steps': 244176, 'training/updates': 122, 'training/sps': np.float64(137.99), 'training/walltime': np.float64(1801.28), 'training/rollout_time': np.float64(14.474), 'training/update_time': np.float64(0.02), 'training/approx_kl': 4615.435546875, 'training/entropy': -8.797335624694824, 'training/policy_loss': -854.59619140625, 'training/total_loss': -854.5851440429688, 'training/value_loss': 0.0220525823533535}
{'training/total_steps': 246176, 'training/updates': 123, 'training/sps': np.float64(142.806), 'training/walltime': np.float64(1815.288), 'training/rollout_time': np.float64(13.997), 'training/update_time': np.float64(0.008), 'training/approx_kl': 9963.0009765625, 'training/entropy': -9.863225936889648, 'training/policy_loss': -1878.960205078125, 'training/total_loss': -1878.94873046875, 'training/value_loss': 0.022973986342549324}
{'training/total_steps': 248176, 'training/updates': 124, 'training/sps': np.float64(136.821), 'training/walltime': np.float64(1829.908), 'training/rollout_time': np.float64(14.604), 'training/update_time': np.float64(0.014), 'training/approx_kl': 16512.958984375, 'training/entropy': -10.922304153442383, 'training/policy_loss': -3173.511962890625, 'training/total_loss': -3173.5, 'training/value_loss': 0.02345241606235504}
{'training/total_steps': 250176, 'training/updates': 125, 'training/sps': np.float64(129.783), 'training/walltime': np.float64(1845.321), 'training/rollout_time': np.float64(15.396), 'training/update_time': np.float64(0.014), 'training/approx_kl': 23235.517578125, 'training/entropy': -12.053722381591797, 'training/policy_loss': -4559.068359375, 'training/total_loss': -4559.056640625, 'training/value_loss': 0.024275705218315125}
{'training/total_steps': 252176, 'training/updates': 126, 'training/sps': np.float64(138.246), 'training/walltime': np.float64(1859.792), 'training/rollout_time': np.float64(14.456), 'training/update_time': np.float64(0.011), 'training/approx_kl': 28979.515625, 'training/entropy': -13.145925521850586, 'training/policy_loss': -5672.50390625, 'training/total_loss': -5672.4912109375, 'training/value_loss': 0.024338312447071075}
{'training/total_steps': 254176, 'training/updates': 127, 'training/sps': np.float64(135.138), 'training/walltime': np.float64(1874.595), 'training/rollout_time': np.float64(14.789), 'training/update_time': np.float64(0.011), 'training/approx_kl': 34026.62890625, 'training/entropy': -14.337459564208984, 'training/policy_loss': -6679.61767578125, 'training/total_loss': -6679.60595703125, 'training/value_loss': 0.024578243494033813}
{'training/total_steps': 256176, 'training/updates': 128, 'training/sps': np.float64(133.797), 'training/walltime': np.float64(1889.545), 'training/rollout_time': np.float64(14.936), 'training/update_time': np.float64(0.012), 'training/approx_kl': 38973.625, 'training/entropy': -15.606744766235352, 'training/policy_loss': -7700.01953125, 'training/total_loss': -7700.0078125, 'training/value_loss': 0.024908576160669327}
{'training/total_steps': 258176, 'training/updates': 129, 'training/sps': np.float64(136.728), 'training/walltime': np.float64(1904.176), 'training/rollout_time': np.float64(14.61), 'training/update_time': np.float64(0.018), 'training/approx_kl': 44384.5625, 'training/entropy': -16.852407455444336, 'training/policy_loss': -8811.2490234375, 'training/total_loss': -8811.236328125, 'training/value_loss': 0.025016676634550095}
{'training/total_steps': 260176, 'training/updates': 130, 'training/sps': np.float64(136.214), 'training/walltime': np.float64(1918.862), 'training/rollout_time': np.float64(14.672), 'training/update_time': np.float64(0.011), 'training/approx_kl': 51402.703125, 'training/entropy': -18.27733612060547, 'training/policy_loss': -10267.771484375, 'training/total_loss': -10267.7578125, 'training/value_loss': 0.025273896753787994}
{'training/total_steps': 262176, 'training/updates': 131, 'training/sps': np.float64(131.625), 'training/walltime': np.float64(1934.059), 'training/rollout_time': np.float64(15.171), 'training/update_time': np.float64(0.023), 'training/approx_kl': 58942.953125, 'training/entropy': -19.718679428100586, 'training/policy_loss': -11823.404296875, 'training/total_loss': -11823.3916015625, 'training/value_loss': 0.02538059465587139}
{'training/total_steps': 264176, 'training/updates': 132, 'training/sps': np.float64(120.79), 'training/walltime': np.float64(1950.631), 'training/rollout_time': np.float64(16.536), 'training/update_time': np.float64(0.021), 'training/approx_kl': 67566.046875, 'training/entropy': -21.247970581054688, 'training/policy_loss': -13423.33984375, 'training/total_loss': -13423.328125, 'training/value_loss': 0.025252507999539375}
{'training/total_steps': 266176, 'training/updates': 133, 'training/sps': np.float64(129.012), 'training/walltime': np.float64(1966.138), 'training/rollout_time': np.float64(15.491), 'training/update_time': np.float64(0.012), 'training/approx_kl': 77575.9140625, 'training/entropy': -22.945465087890625, 'training/policy_loss': -15567.4072265625, 'training/total_loss': -15567.39453125, 'training/value_loss': 0.025599896907806396}
{'training/total_steps': 268176, 'training/updates': 134, 'training/sps': np.float64(133.777), 'training/walltime': np.float64(1981.095), 'training/rollout_time': np.float64(14.939), 'training/update_time': np.float64(0.011), 'training/approx_kl': 88047.140625, 'training/entropy': -24.683378219604492, 'training/policy_loss': -17633.09375, 'training/total_loss': -17633.08203125, 'training/value_loss': 0.02551935613155365}
{'training/total_steps': 270176, 'training/updates': 135, 'training/sps': np.float64(138.874), 'training/walltime': np.float64(1995.499), 'training/rollout_time': np.float64(14.391), 'training/update_time': np.float64(0.01), 'training/approx_kl': 100305.90625, 'training/entropy': -26.57023811340332, 'training/policy_loss': -20112.365234375, 'training/total_loss': -20112.353515625, 'training/value_loss': 0.02575148455798626}
{'training/total_steps': 272176, 'training/updates': 136, 'training/sps': np.float64(137.301), 'training/walltime': np.float64(2010.068), 'training/rollout_time': np.float64(14.556), 'training/update_time': np.float64(0.011), 'training/approx_kl': 112398.75, 'training/entropy': -28.503705978393555, 'training/policy_loss': -22421.19140625, 'training/total_loss': -22421.1796875, 'training/value_loss': 0.025476329028606415}
{'training/total_steps': 274176, 'training/updates': 137, 'training/sps': np.float64(133.598), 'training/walltime': np.float64(2025.042), 'training/rollout_time': np.float64(14.962), 'training/update_time': np.float64(0.008), 'training/approx_kl': 125985.53125, 'training/entropy': -30.607074737548828, 'training/policy_loss': -25272.90234375, 'training/total_loss': -25272.888671875, 'training/value_loss': 0.02580621838569641}
{'training/total_steps': 276176, 'training/updates': 138, 'training/sps': np.float64(136.608), 'training/walltime': np.float64(2039.684), 'training/rollout_time': np.float64(14.63), 'training/update_time': np.float64(0.011), 'training/approx_kl': 141143.5, 'training/entropy': -32.83328628540039, 'training/policy_loss': -28314.345703125, 'training/total_loss': -28314.33203125, 'training/value_loss': 0.02596943825483322}
{'training/total_steps': 278176, 'training/updates': 139, 'training/sps': np.float64(133.663), 'training/walltime': np.float64(2054.649), 'training/rollout_time': np.float64(14.952), 'training/update_time': np.float64(0.011), 'training/approx_kl': 158174.78125, 'training/entropy': -35.167747497558594, 'training/policy_loss': -31793.1171875, 'training/total_loss': -31793.1015625, 'training/value_loss': 0.025794710963964462}
{'training/total_steps': 280176, 'training/updates': 140, 'training/sps': np.float64(134.427), 'training/walltime': np.float64(2069.532), 'training/rollout_time': np.float64(14.859), 'training/update_time': np.float64(0.019), 'training/approx_kl': 175145.90625, 'training/entropy': -37.557151794433594, 'training/policy_loss': -35001.94140625, 'training/total_loss': -35001.9296875, 'training/value_loss': 0.025794770568609238}
{'eval/num_episodes': 10, 'eval/num_steps': 20, 'eval/mean_score': np.float64(2.0), 'eval/std_score': np.float64(0.0), 'eval/mean_episode_length': np.float64(2.0), 'eval/std_episode_length': np.float64(0.0), 'eval/eval_time': 0.253582239151001}
{'training/total_steps': 282176, 'training/updates': 141, 'training/sps': np.float64(136.771), 'training/walltime': np.float64(2084.413), 'training/rollout_time': np.float64(14.611), 'training/update_time': np.float64(0.012), 'training/approx_kl': 195041.328125, 'training/entropy': -40.187808990478516, 'training/policy_loss': -39172.60546875, 'training/total_loss': -39172.59375, 'training/value_loss': 0.026102224364876747}
{'training/total_steps': 284176, 'training/updates': 142, 'training/sps': np.float64(129.561), 'training/walltime': np.float64(2099.852), 'training/rollout_time': np.float64(15.425), 'training/update_time': np.float64(0.012), 'training/approx_kl': 217453.765625, 'training/entropy': -43.036556243896484, 'training/policy_loss': -43514.9453125, 'training/total_loss': -43514.93359375, 'training/value_loss': 0.026084061712026596}
{'training/total_steps': 286176, 'training/updates': 143, 'training/sps': np.float64(131.807), 'training/walltime': np.float64(2115.031), 'training/rollout_time': np.float64(15.156), 'training/update_time': np.float64(0.017), 'training/approx_kl': 239844.9375, 'training/entropy': -45.75718307495117, 'training/policy_loss': -48114.2109375, 'training/total_loss': -48114.1953125, 'training/value_loss': 0.026171207427978516}
{'training/total_steps': 288176, 'training/updates': 144, 'training/sps': np.float64(134.818), 'training/walltime': np.float64(2129.87), 'training/rollout_time': np.float64(14.82), 'training/update_time': np.float64(0.015), 'training/approx_kl': 258954.578125, 'training/entropy': -48.807987213134766, 'training/policy_loss': -51800.83984375, 'training/total_loss': -51800.828125, 'training/value_loss': 0.026215767487883568}
{'training/total_steps': 290176, 'training/updates': 145, 'training/sps': np.float64(137.201), 'training/walltime': np.float64(2144.45), 'training/rollout_time': np.float64(14.564), 'training/update_time': np.float64(0.014), 'training/approx_kl': 283676.71875, 'training/entropy': -51.90452575683594, 'training/policy_loss': -56387.51171875, 'training/total_loss': -56387.49609375, 'training/value_loss': 0.026076970621943474}
{'training/total_steps': 292176, 'training/updates': 146, 'training/sps': np.float64(133.478), 'training/walltime': np.float64(2159.436), 'training/rollout_time': np.float64(14.973), 'training/update_time': np.float64(0.011), 'training/approx_kl': 310447.15625, 'training/entropy': -55.21539306640625, 'training/policy_loss': -61669.84765625, 'training/total_loss': -61669.8359375, 'training/value_loss': 0.026162918657064438}
{'training/total_steps': 294176, 'training/updates': 147, 'training/sps': np.float64(130.029), 'training/walltime': np.float64(2174.82), 'training/rollout_time': np.float64(15.371), 'training/update_time': np.float64(0.01), 'training/approx_kl': 342234.4375, 'training/entropy': -58.718505859375, 'training/policy_loss': -68356.921875, 'training/total_loss': -68356.9140625, 'training/value_loss': 0.02621660754084587}
{'training/total_steps': 296176, 'training/updates': 148, 'training/sps': np.float64(143.479), 'training/walltime': np.float64(2188.764), 'training/rollout_time': np.float64(13.928), 'training/update_time': np.float64(0.011), 'training/approx_kl': 373206.4375, 'training/entropy': -62.350337982177734, 'training/policy_loss': -74779.1953125, 'training/total_loss': -74779.1796875, 'training/value_loss': 0.026549503207206726}
{'training/total_steps': 298176, 'training/updates': 149, 'training/sps': np.float64(143.58), 'training/walltime': np.float64(2202.696), 'training/rollout_time': np.float64(13.92), 'training/update_time': np.float64(0.01), 'training/approx_kl': 408621.5, 'training/entropy': -66.17764282226562, 'training/policy_loss': -81516.25, 'training/total_loss': -81516.234375, 'training/value_loss': 0.026571452617645264}
{'training/total_steps': 300176, 'training/updates': 150, 'training/sps': np.float64(130.85), 'training/walltime': np.float64(2217.983), 'training/rollout_time': np.float64(15.267), 'training/update_time': np.float64(0.018), 'training/approx_kl': 447702.5625, 'training/entropy': -70.15608978271484, 'training/policy_loss': -88847.734375, 'training/total_loss': -88847.71875, 'training/value_loss': 0.026669926941394806}
TRAINING END: training duration: 2217.9870915412903
{'final_eval/num_episodes': 10, 'final_eval/num_steps': 20, 'final_eval/mean_score': np.float64(2.0), 'final_eval/std_score': np.float64(0.0), 'final_eval/mean_episode_length': np.float64(2.0), 'final_eval/std_episode_length': np.float64(0.0)}
[1;34mwandb[0m: 
[1;34mwandb[0m: 🚀 View run [33mExp_reinforce_mujoco__inverted_pendulum__3[0m at: [34mhttps://wandb.ai/mariberger-eth-z-rich/mujoco-pcpg/runs/hzt2iu3y[0m
[1;34mwandb[0m: Find logs at: [1;35mwandb/run-20260619_174007-hzt2iu3y/logs[0m
