|param: value|
|experiment_name:  reinforce_procgen|
|seed:  10|
|platform:  cpu|
|write_logs_to_file:  False|
|save_model:  False|
|env_name:  bandit|
|num_envs:  1|
|num_train_levels:  200|
|distribution_mode:  easy|
|arm_means:  (1.0, 0.9)|
|deterministic_rewards:  True|
|eval_env:  True|
|num_eval_episodes:  200|
|eval_every:  1|
|deterministic_eval:  False|
|normalize_observations:  True|
|total_timesteps:  60000|
|learning_rate:  0.5|
|optimizer:  sgd|
|unroll_length:  2048|
|anneal_lr:  False|
|gamma:  0.99|
|batch_size:  1|
|num_minibatches:  1|
|update_epochs:  1|
|entropy_cost:  0.0|
|max_grad_norm:  0.5|
|reward_scaling:  1.0|
|use_cnn:  False|
|policy_hidden_layer_sizes:  ()|
|value_hidden_layer_sizes:  ()|
|activation:  <jax._src.custom_derivatives.custom_jvp object at 0x1040a1c90>|
|policy_init_logit_bias:  [0.0, 4.0]|
{'training/total_steps': 2000, 'training/updates': 1, 'training/sps': np.float64(2066.171), 'training/walltime': np.float64(0.968), 'training/rollout_time': np.float64(0.405), 'training/update_time': np.float64(0.563), 'training/approx_kl': 0.0, 'training/entropy': 0.09009480476379395, 'training/policy_loss': -0.04434513300657272, 'training/total_loss': 0.10710470378398895, 'training/value_loss': 0.30289965867996216}
{'eval/num_episodes': 200, 'eval/num_steps': 200, 'eval/mean_score': np.float64(0.901), 'eval/std_score': np.float64(0.01), 'eval/mean_episode_length': np.float64(1.0), 'eval/std_episode_length': np.float64(0.0), 'eval/eval_time': 0.06793022155761719}
{'training/total_steps': 4000, 'training/updates': 2, 'training/sps': np.float64(6427.456), 'training/walltime': np.float64(1.347), 'training/rollout_time': np.float64(0.31), 'training/update_time': np.float64(0.001), 'training/approx_kl': 0.0, 'training/entropy': 0.09021347761154175, 'training/policy_loss': -0.010080602951347828, 'training/total_loss': 0.009383829310536385, 'training/value_loss': 0.038928866386413574}
{'eval/num_episodes': 200, 'eval/num_steps': 200, 'eval/mean_score': np.float64(0.901), 'eval/std_score': np.float64(0.01), 'eval/mean_episode_length': np.float64(1.0), 'eval/std_episode_length': np.float64(0.0), 'eval/eval_time': 0.07002615928649902}
{'training/total_steps': 6000, 'training/updates': 3, 'training/sps': np.float64(6471.797), 'training/walltime': np.float64(1.727), 'training/rollout_time': np.float64(0.308), 'training/update_time': np.float64(0.001), 'training/approx_kl': 0.0, 'training/entropy': 0.0904855728149414, 'training/policy_loss': 0.007666215766221285, 'training/total_loss': 0.007761859800666571, 'training/value_loss': 0.00019128770509269089}
{'eval/num_episodes': 200, 'eval/num_steps': 200, 'eval/mean_score': np.float64(0.902), 'eval/std_score': np.float64(0.016), 'eval/mean_episode_length': np.float64(1.0), 'eval/std_episode_length': np.float64(0.0), 'eval/eval_time': 0.07056379318237305}
{'training/total_steps': 8000, 'training/updates': 4, 'training/sps': np.float64(5994.449), 'training/walltime': np.float64(2.132), 'training/rollout_time': np.float64(0.332), 'training/update_time': np.float64(0.001), 'training/approx_kl': 0.0, 'training/entropy': 0.09075720608234406, 'training/policy_loss': 0.008219714276492596, 'training/total_loss': 0.008322520181536674, 'training/value_loss': 0.00020561272685881704}
{'eval/num_episodes': 200, 'eval/num_steps': 200, 'eval/mean_score': np.float64(0.901), 'eval/std_score': np.float64(0.012), 'eval/mean_episode_length': np.float64(1.0), 'eval/std_episode_length': np.float64(0.0), 'eval/eval_time': 0.07102012634277344}
{'training/total_steps': 10000, 'training/updates': 5, 'training/sps': np.float64(6558.903), 'training/walltime': np.float64(2.508), 'training/rollout_time': np.float64(0.304), 'training/update_time': np.float64(0.001), 'training/approx_kl': 0.0, 'training/entropy': 0.0910501629114151, 'training/policy_loss': 0.008195924572646618, 'training/total_loss': 0.008298719301819801, 'training/value_loss': 0.00020559014228638262}
{'eval/num_episodes': 200, 'eval/num_steps': 200, 'eval/mean_score': np.float64(0.901), 'eval/std_score': np.float64(0.012), 'eval/mean_episode_length': np.float64(1.0), 'eval/std_episode_length': np.float64(0.0), 'eval/eval_time': 0.06952118873596191}
{'training/total_steps': 12000, 'training/updates': 6, 'training/sps': np.float64(6068.091), 'training/walltime': np.float64(2.907), 'training/rollout_time': np.float64(0.328), 'training/update_time': np.float64(0.001), 'training/approx_kl': 0.0, 'training/entropy': 0.09134389460086823, 'training/policy_loss': 0.007208163384348154, 'training/total_loss': 0.007298983633518219, 'training/value_loss': 0.00018164009088650346}
{'eval/num_episodes': 200, 'eval/num_steps': 200, 'eval/mean_score': np.float64(0.902), 'eval/std_score': np.float64(0.014), 'eval/mean_episode_length': np.float64(1.0), 'eval/std_episode_length': np.float64(0.0), 'eval/eval_time': 0.07203388214111328}
{'training/total_steps': 14000, 'training/updates': 7, 'training/sps': np.float64(6475.974), 'training/walltime': np.float64(3.289), 'training/rollout_time': np.float64(0.307), 'training/update_time': np.float64(0.002), 'training/approx_kl': 0.0, 'training/entropy': 0.0916040688753128, 'training/policy_loss': 0.008597906678915024, 'training/total_loss': 0.008705548010766506, 'training/value_loss': 0.0002152826200472191}
{'eval/num_episodes': 200, 'eval/num_steps': 200, 'eval/mean_score': np.float64(0.902), 'eval/std_score': np.float64(0.016), 'eval/mean_episode_length': np.float64(1.0), 'eval/std_episode_length': np.float64(0.0), 'eval/eval_time': 0.07290291786193848}
{'training/total_steps': 16000, 'training/updates': 8, 'training/sps': np.float64(6313.808), 'training/walltime': np.float64(3.679), 'training/rollout_time': np.float64(0.315), 'training/update_time': np.float64(0.001), 'training/approx_kl': 0.0, 'training/entropy': 0.09191339462995529, 'training/policy_loss': 0.007379821036010981, 'training/total_loss': 0.0074730608612298965, 'training/value_loss': 0.00018648010154720396}
{'eval/num_episodes': 200, 'eval/num_steps': 200, 'eval/mean_score': np.float64(0.902), 'eval/std_score': np.float64(0.014), 'eval/mean_episode_length': np.float64(1.0), 'eval/std_episode_length': np.float64(0.0), 'eval/eval_time': 0.07275009155273438}
{'training/total_steps': 18000, 'training/updates': 9, 'training/sps': np.float64(6029.526), 'training/walltime': np.float64(4.083), 'training/rollout_time': np.float64(0.33), 'training/update_time': np.float64(0.001), 'training/approx_kl': 0.0, 'training/entropy': 0.09218193590641022, 'training/policy_loss': 0.006422608159482479, 'training/total_loss': 0.006503778044134378, 'training/value_loss': 0.00016234004579018801}
{'eval/num_episodes': 200, 'eval/num_steps': 200, 'eval/mean_score': np.float64(0.901), 'eval/std_score': np.float64(0.01), 'eval/mean_episode_length': np.float64(1.0), 'eval/std_episode_length': np.float64(0.0), 'eval/eval_time': 0.07039213180541992}
{'training/total_steps': 20000, 'training/updates': 10, 'training/sps': np.float64(6333.487), 'training/walltime': np.float64(4.47), 'training/rollout_time': np.float64(0.314), 'training/update_time': np.float64(0.001), 'training/approx_kl': 0.0, 'training/entropy': 0.09241635352373123, 'training/policy_loss': 0.006830472033470869, 'training/total_loss': 0.006916445679962635, 'training/value_loss': 0.00017194755491800606}
{'eval/num_episodes': 200, 'eval/num_steps': 200, 'eval/mean_score': np.float64(0.903), 'eval/std_score': np.float64(0.017), 'eval/mean_episode_length': np.float64(1.0), 'eval/std_episode_length': np.float64(0.0), 'eval/eval_time': 0.06910204887390137}
{'training/total_steps': 22000, 'training/updates': 11, 'training/sps': np.float64(6034.11), 'training/walltime': np.float64(4.871), 'training/rollout_time': np.float64(0.33), 'training/update_time': np.float64(0.001), 'training/approx_kl': 0.0, 'training/entropy': 0.09266538172960281, 'training/policy_loss': 0.007207094691693783, 'training/total_loss': 0.007297888398170471, 'training/value_loss': 0.00018158755847252905}
{'eval/num_episodes': 200, 'eval/num_steps': 200, 'eval/mean_score': np.float64(0.902), 'eval/std_score': np.float64(0.016), 'eval/mean_episode_length': np.float64(1.0), 'eval/std_episode_length': np.float64(0.0), 'eval/eval_time': 0.07462310791015625}
{'training/total_steps': 24000, 'training/updates': 12, 'training/sps': np.float64(6384.408), 'training/walltime': np.float64(5.259), 'training/rollout_time': np.float64(0.312), 'training/update_time': np.float64(0.001), 'training/approx_kl': 0.0, 'training/entropy': 0.09292888641357422, 'training/policy_loss': 0.0075818877667188644, 'training/total_loss': 0.007677491754293442, 'training/value_loss': 0.00019120761135127395}
{'eval/num_episodes': 200, 'eval/num_steps': 200, 'eval/mean_score': np.float64(0.902), 'eval/std_score': np.float64(0.014), 'eval/mean_episode_length': np.float64(1.0), 'eval/std_episode_length': np.float64(0.0), 'eval/eval_time': 0.07237100601196289}
{'training/total_steps': 26000, 'training/updates': 13, 'training/sps': np.float64(6462.18), 'training/walltime': np.float64(5.641), 'training/rollout_time': np.float64(0.308), 'training/update_time': np.float64(0.002), 'training/approx_kl': 0.0, 'training/entropy': 0.09320718795061111, 'training/policy_loss': 0.007175132166594267, 'training/total_loss': 0.007265925873070955, 'training/value_loss': 0.0001815876312321052}
{'eval/num_episodes': 200, 'eval/num_steps': 200, 'eval/mean_score': np.float64(0.902), 'eval/std_score': np.float64(0.016), 'eval/mean_episode_length': np.float64(1.0), 'eval/std_episode_length': np.float64(0.0), 'eval/eval_time': 0.07009387016296387}
{'training/total_steps': 28000, 'training/updates': 14, 'training/sps': np.float64(5398.957), 'training/walltime': np.float64(6.082), 'training/rollout_time': np.float64(0.369), 'training/update_time': np.float64(0.002), 'training/approx_kl': 0.0, 'training/entropy': 0.09347223490476608, 'training/policy_loss': 0.00854235514998436, 'training/total_loss': 0.008649996481835842, 'training/value_loss': 0.00021528259094338864}
{'eval/num_episodes': 200, 'eval/num_steps': 200, 'eval/mean_score': np.float64(0.902), 'eval/std_score': np.float64(0.016), 'eval/mean_episode_length': np.float64(1.0), 'eval/std_episode_length': np.float64(0.0), 'eval/eval_time': 0.08599281311035156}
{'training/total_steps': 30000, 'training/updates': 15, 'training/sps': np.float64(6086.446), 'training/walltime': np.float64(6.497), 'training/rollout_time': np.float64(0.327), 'training/update_time': np.float64(0.001), 'training/approx_kl': 0.0, 'training/entropy': 0.09378717839717865, 'training/policy_loss': 0.008884087204933167, 'training/total_loss': 0.008996447548270226, 'training/value_loss': 0.00022472013370133936}
{'eval/num_episodes': 200, 'eval/num_steps': 200, 'eval/mean_score': np.float64(0.902), 'eval/std_score': np.float64(0.014), 'eval/mean_episode_length': np.float64(1.0), 'eval/std_episode_length': np.float64(0.0), 'eval/eval_time': 0.07507109642028809}
{'training/total_steps': 32000, 'training/updates': 16, 'training/sps': np.float64(5776.606), 'training/walltime': np.float64(6.919), 'training/rollout_time': np.float64(0.345), 'training/update_time': np.float64(0.002), 'training/approx_kl': 0.0, 'training/entropy': 0.09411710500717163, 'training/policy_loss': 0.007507566828280687, 'training/total_loss': 0.007603226695209742, 'training/value_loss': 0.00019132003944832832}
{'eval/num_episodes': 200, 'eval/num_steps': 200, 'eval/mean_score': np.float64(0.901), 'eval/std_score': np.float64(0.01), 'eval/mean_episode_length': np.float64(1.0), 'eval/std_episode_length': np.float64(0.0), 'eval/eval_time': 0.0720670223236084}
{'training/total_steps': 34000, 'training/updates': 17, 'training/sps': np.float64(5546.092), 'training/walltime': np.float64(7.352), 'training/rollout_time': np.float64(0.359), 'training/update_time': np.float64(0.002), 'training/approx_kl': 0.0, 'training/entropy': 0.09439849853515625, 'training/policy_loss': 0.007339744828641415, 'training/total_loss': 0.007432941347360611, 'training/value_loss': 0.00018639262998476624}
{'eval/num_episodes': 200, 'eval/num_steps': 200, 'eval/mean_score': np.float64(0.902), 'eval/std_score': np.float64(0.016), 'eval/mean_episode_length': np.float64(1.0), 'eval/std_episode_length': np.float64(0.0), 'eval/eval_time': 0.07383394241333008}
{'training/total_steps': 36000, 'training/updates': 18, 'training/sps': np.float64(6325.788), 'training/walltime': np.float64(7.743), 'training/rollout_time': np.float64(0.315), 'training/update_time': np.float64(0.002), 'training/approx_kl': 0.0, 'training/entropy': 0.09467363357543945, 'training/policy_loss': 0.006755335722118616, 'training/total_loss': 0.006841315887868404, 'training/value_loss': 0.000171960040461272}
{'eval/num_episodes': 200, 'eval/num_steps': 200, 'eval/mean_score': np.float64(0.901), 'eval/std_score': np.float64(0.01), 'eval/mean_episode_length': np.float64(1.0), 'eval/std_episode_length': np.float64(0.0), 'eval/eval_time': 0.0712580680847168}
{'training/total_steps': 38000, 'training/updates': 19, 'training/sps': np.float64(5982.189), 'training/walltime': np.float64(8.149), 'training/rollout_time': np.float64(0.333), 'training/update_time': np.float64(0.002), 'training/approx_kl': 0.0, 'training/entropy': 0.09492809325456619, 'training/policy_loss': 0.006762648466974497, 'training/total_loss': 0.00684861745685339, 'training/value_loss': 0.0001719375140964985}
{'eval/num_episodes': 200, 'eval/num_steps': 200, 'eval/mean_score': np.float64(0.901), 'eval/std_score': np.float64(0.012), 'eval/mean_episode_length': np.float64(1.0), 'eval/std_episode_length': np.float64(0.0), 'eval/eval_time': 0.07290005683898926}
{'training/total_steps': 40000, 'training/updates': 20, 'training/sps': np.float64(6396.906), 'training/walltime': np.float64(8.535), 'training/rollout_time': np.float64(0.311), 'training/update_time': np.float64(0.001), 'training/approx_kl': 0.0, 'training/entropy': 0.09518314152956009, 'training/policy_loss': 0.009085007011890411, 'training/total_loss': 0.009199925698339939, 'training/value_loss': 0.00022983757662586868}
{'eval/num_episodes': 200, 'eval/num_steps': 200, 'eval/mean_score': np.float64(0.901), 'eval/std_score': np.float64(0.01), 'eval/mean_episode_length': np.float64(1.0), 'eval/std_episode_length': np.float64(0.0), 'eval/eval_time': 0.07067584991455078}
{'training/total_steps': 42000, 'training/updates': 21, 'training/sps': np.float64(6225.659), 'training/walltime': np.float64(8.927), 'training/rollout_time': np.float64(0.32), 'training/update_time': np.float64(0.001), 'training/approx_kl': 0.0, 'training/entropy': 0.09552502632141113, 'training/policy_loss': 0.006695892661809921, 'training/total_loss': 0.006782041396945715, 'training/value_loss': 0.00017229767399840057}
{'eval/num_episodes': 200, 'eval/num_steps': 200, 'eval/mean_score': np.float64(0.905), 'eval/std_score': np.float64(0.022), 'eval/mean_episode_length': np.float64(1.0), 'eval/std_episode_length': np.float64(0.0), 'eval/eval_time': 0.07140898704528809}
{'training/total_steps': 44000, 'training/updates': 22, 'training/sps': np.float64(6021.808), 'training/walltime': np.float64(9.331), 'training/rollout_time': np.float64(0.331), 'training/update_time': np.float64(0.001), 'training/approx_kl': 0.0, 'training/entropy': 0.09578174352645874, 'training/policy_loss': 0.005000200588256121, 'training/total_loss': 0.005064456723630428, 'training/value_loss': 0.00012851251813117415}
{'eval/num_episodes': 200, 'eval/num_steps': 200, 'eval/mean_score': np.float64(0.9), 'eval/std_score': np.float64(0.007), 'eval/mean_episode_length': np.float64(1.0), 'eval/std_episode_length': np.float64(0.0), 'eval/eval_time': 0.07239198684692383}
{'training/total_steps': 46000, 'training/updates': 23, 'training/sps': np.float64(6249.354), 'training/walltime': np.float64(9.724), 'training/rollout_time': np.float64(0.319), 'training/update_time': np.float64(0.001), 'training/approx_kl': 0.0, 'training/entropy': 0.09597398340702057, 'training/policy_loss': 0.005611851345747709, 'training/total_loss': 0.005683311261236668, 'training/value_loss': 0.00014292009291239083}
{'eval/num_episodes': 200, 'eval/num_steps': 200, 'eval/mean_score': np.float64(0.902), 'eval/std_score': np.float64(0.016), 'eval/mean_episode_length': np.float64(1.0), 'eval/std_episode_length': np.float64(0.0), 'eval/eval_time': 0.06890082359313965}
{'training/total_steps': 48000, 'training/updates': 24, 'training/sps': np.float64(5788.109), 'training/walltime': np.float64(10.138), 'training/rollout_time': np.float64(0.344), 'training/update_time': np.float64(0.001), 'training/approx_kl': 0.0, 'training/entropy': 0.09618783742189407, 'training/policy_loss': 0.007923834025859833, 'training/total_loss': 0.008024413138628006, 'training/value_loss': 0.00020115771621931344}
{'eval/num_episodes': 200, 'eval/num_steps': 200, 'eval/mean_score': np.float64(0.902), 'eval/std_score': np.float64(0.014), 'eval/mean_episode_length': np.float64(1.0), 'eval/std_episode_length': np.float64(0.0), 'eval/eval_time': 0.07085394859313965}
{'training/total_steps': 50000, 'training/updates': 25, 'training/sps': np.float64(6444.774), 'training/walltime': np.float64(10.52), 'training/rollout_time': np.float64(0.309), 'training/update_time': np.float64(0.001), 'training/approx_kl': 0.0, 'training/entropy': 0.09648961573839188, 'training/policy_loss': 0.00650760205462575, 'training/total_loss': 0.006591218523681164, 'training/value_loss': 0.00016723264707252383}
{'eval/num_episodes': 200, 'eval/num_steps': 200, 'eval/mean_score': np.float64(0.902), 'eval/std_score': np.float64(0.016), 'eval/mean_episode_length': np.float64(1.0), 'eval/std_episode_length': np.float64(0.0), 'eval/eval_time': 0.07210612297058105}
{'training/total_steps': 52000, 'training/updates': 26, 'training/sps': np.float64(6313.229), 'training/walltime': np.float64(10.909), 'training/rollout_time': np.float64(0.315), 'training/update_time': np.float64(0.002), 'training/approx_kl': 0.0, 'training/entropy': 0.09674125909805298, 'training/policy_loss': 0.007497810758650303, 'training/total_loss': 0.0075934408232569695, 'training/value_loss': 0.00019126010010950267}
{'eval/num_episodes': 200, 'eval/num_steps': 200, 'eval/mean_score': np.float64(0.901), 'eval/std_score': np.float64(0.012), 'eval/mean_episode_length': np.float64(1.0), 'eval/std_episode_length': np.float64(0.0), 'eval/eval_time': 0.0699920654296875}
{'training/total_steps': 54000, 'training/updates': 27, 'training/sps': np.float64(6041.69), 'training/walltime': np.float64(11.311), 'training/rollout_time': np.float64(0.33), 'training/update_time': np.float64(0.001), 'training/approx_kl': 0.0, 'training/entropy': 0.09702975302934647, 'training/policy_loss': 0.009006050415337086, 'training/total_loss': 0.00912086945027113, 'training/value_loss': 0.0002296377788297832}
{'eval/num_episodes': 200, 'eval/num_steps': 200, 'eval/mean_score': np.float64(0.9), 'eval/std_score': np.float64(0.007), 'eval/mean_episode_length': np.float64(1.0), 'eval/std_episode_length': np.float64(0.0), 'eval/eval_time': 0.06900668144226074}
{'training/total_steps': 56000, 'training/updates': 28, 'training/sps': np.float64(6533.387), 'training/walltime': np.float64(11.686), 'training/rollout_time': np.float64(0.305), 'training/update_time': np.float64(0.001), 'training/approx_kl': 0.0, 'training/entropy': 0.09737752377986908, 'training/policy_loss': 0.007036380469799042, 'training/total_loss': 0.0071272943168878555, 'training/value_loss': 0.00018182763596996665}
{'eval/num_episodes': 200, 'eval/num_steps': 200, 'eval/mean_score': np.float64(0.902), 'eval/std_score': np.float64(0.016), 'eval/mean_episode_length': np.float64(1.0), 'eval/std_episode_length': np.float64(0.0), 'eval/eval_time': 0.07150626182556152}
{'training/total_steps': 58000, 'training/updates': 29, 'training/sps': np.float64(5946.086), 'training/walltime': np.float64(12.094), 'training/rollout_time': np.float64(0.335), 'training/update_time': np.float64(0.001), 'training/approx_kl': 0.0, 'training/entropy': 0.097653329372406, 'training/policy_loss': 0.009767299517989159, 'training/total_loss': 0.009891793131828308, 'training/value_loss': 0.00024898763513192534}
{'eval/num_episodes': 200, 'eval/num_steps': 200, 'eval/mean_score': np.float64(0.902), 'eval/std_score': np.float64(0.016), 'eval/mean_episode_length': np.float64(1.0), 'eval/std_episode_length': np.float64(0.0), 'eval/eval_time': 0.07242202758789062}
{'training/total_steps': 60000, 'training/updates': 30, 'training/sps': np.float64(6460.747), 'training/walltime': np.float64(12.477), 'training/rollout_time': np.float64(0.308), 'training/update_time': np.float64(0.002), 'training/approx_kl': 0.0, 'training/entropy': 0.09803224354982376, 'training/policy_loss': 0.0075742267072200775, 'training/total_loss': 0.007672377862036228, 'training/value_loss': 0.00019630257156677544}
{'eval/num_episodes': 200, 'eval/num_steps': 200, 'eval/mean_score': np.float64(0.901), 'eval/std_score': np.float64(0.012), 'eval/mean_episode_length': np.float64(1.0), 'eval/std_episode_length': np.float64(0.0), 'eval/eval_time': 0.06949996948242188}
TRAINING END: training duration: 12.546465158462524
{'final_eval/num_episodes': 200, 'final_eval/num_steps': 200, 'final_eval/mean_score': np.float64(0.8999999761581421), 'final_eval/std_score': np.float64(0.0), 'final_eval/mean_episode_length': np.float64(1.0), 'final_eval/std_episode_length': np.float64(0.0)}
0.0)}
