|param: value|
|experiment_name:  trpo_procgen|
|seed:  10|
|platform:  cpu|
|write_logs_to_file:  False|
|save_model:  False|
|env_name:  bandit|
|num_envs:  8|
|num_train_levels:  200|
|distribution_mode:  easy|
|arm_means:  (1.0, 0.9)|
|deterministic_rewards:  True|
|eval_env:  True|
|num_eval_episodes:  200|
|eval_every:  1|
|deterministic_eval:  False|
|normalize_observations:  True|
|total_timesteps:  60000|
|learning_rate:  0.01|
|unroll_length:  250|
|anneal_lr:  False|
|gamma:  0.99|
|gae_lambda:  0.95|
|batch_size:  1|
|num_minibatches:  8|
|update_epochs:  10|
|normalize_advantages:  True|
|target_kl:  0.01|
|cg_damping:  0.1|
|cg_max_iterations:  10|
|line_search_max_iter:  10|
|line_search_shrinking_factor:  0.8|
|vf_cost:  1.0|
|max_grad_norm:  0.5|
|reward_scaling:  1.0|
|use_cnn:  False|
|policy_hidden_layer_sizes:  ()|
|value_hidden_layer_sizes:  ()|
|activation:  <jax._src.custom_derivatives.custom_jvp object at 0x1040a1c90>|
|policy_init_logit_bias:  [0.0, 4.0]|
|entropy_cost:  0.0|
{'training/total_steps': 2000, 'training/updates': 1, 'training/sps': np.float64(1491.55), 'training/walltime': np.float64(1.341), 'training/rollout_time': np.float64(0.115), 'training/update_time': np.float64(1.226), 'training/iterations': 1.0, 'training/kl_div': 0.008209974505007267, 'training/line_search_success': 1.0, 'training/new_policy_objective': 1.2411338090896606, 'training/policy_objective': 0.8922873735427856, 'training/value_loss': 0.018901750445365906}
{'eval/num_episodes': 200, 'eval/num_steps': 200, 'eval/mean_score': np.float64(0.938), 'eval/std_score': np.float64(0.049), 'eval/mean_episode_length': np.float64(1.0), 'eval/std_episode_length': np.float64(0.0), 'eval/eval_time': 0.06895208358764648}
{'training/total_steps': 4000, 'training/updates': 2, 'training/sps': np.float64(20394.062), 'training/walltime': np.float64(1.526), 'training/rollout_time': np.float64(0.095), 'training/update_time': np.float64(0.003), 'training/iterations': 1.0, 'training/kl_div': 0.008749918080866337, 'training/line_search_success': 1.0, 'training/new_policy_objective': 0.593726396560669, 'training/policy_objective': 0.46908554434776306, 'training/value_loss': 0.0012063444592058659}
{'eval/num_episodes': 200, 'eval/num_steps': 200, 'eval/mean_score': np.float64(0.987), 'eval/std_score': np.float64(0.034), 'eval/mean_episode_length': np.float64(1.0), 'eval/std_episode_length': np.float64(0.0), 'eval/eval_time': 0.0692911148071289}
{'training/total_steps': 6000, 'training/updates': 3, 'training/sps': np.float64(20840.071), 'training/walltime': np.float64(1.691), 'training/rollout_time': np.float64(0.092), 'training/update_time': np.float64(0.004), 'training/iterations': 1.0, 'training/kl_div': 0.004530307836830616, 'training/line_search_success': 1.0, 'training/new_policy_objective': 0.3107318878173828, 'training/policy_objective': 0.2594951093196869, 'training/value_loss': 0.000728599785361439}
{'eval/num_episodes': 200, 'eval/num_steps': 200, 'eval/mean_score': np.float64(1.0), 'eval/std_score': np.float64(0.0), 'eval/mean_episode_length': np.float64(1.0), 'eval/std_episode_length': np.float64(0.0), 'eval/eval_time': 0.06953215599060059}
{'training/total_steps': 8000, 'training/updates': 4, 'training/sps': np.float64(20353.338), 'training/walltime': np.float64(1.86), 'training/rollout_time': np.float64(0.095), 'training/update_time': np.float64(0.004), 'training/iterations': 1.0, 'training/kl_div': 0.0036574213299900293, 'training/line_search_success': 1.0, 'training/new_policy_objective': -0.08426360040903091, 'training/policy_objective': -0.10875090956687927, 'training/value_loss': 1.1920974429813214e-05}
{'eval/num_episodes': 200, 'eval/num_steps': 200, 'eval/mean_score': np.float64(0.992), 'eval/std_score': np.float64(0.027), 'eval/mean_episode_length': np.float64(1.0), 'eval/std_episode_length': np.float64(0.0), 'eval/eval_time': 0.07073712348937988}
{'training/total_steps': 10000, 'training/updates': 5, 'training/sps': np.float64(20703.922), 'training/walltime': np.float64(2.027), 'training/rollout_time': np.float64(0.093), 'training/update_time': np.float64(0.003), 'training/iterations': 1.0, 'training/kl_div': 0.003444097237661481, 'training/line_search_success': 1.0, 'training/new_policy_objective': 0.26149338483810425, 'training/policy_objective': 0.21967314183712006, 'training/value_loss': 0.00045012711780145764}
{'eval/num_episodes': 200, 'eval/num_steps': 200, 'eval/mean_score': np.float64(1.0), 'eval/std_score': np.float64(0.0), 'eval/mean_episode_length': np.float64(1.0), 'eval/std_episode_length': np.float64(0.0), 'eval/eval_time': 0.06888675689697266}
{'training/total_steps': 12000, 'training/updates': 6, 'training/sps': np.float64(20966.54), 'training/walltime': np.float64(2.192), 'training/rollout_time': np.float64(0.092), 'training/update_time': np.float64(0.003), 'training/iterations': 1.0, 'training/kl_div': 0.002453708555549383, 'training/line_search_success': 1.0, 'training/new_policy_objective': -0.11361318826675415, 'training/policy_objective': -0.17237484455108643, 'training/value_loss': 6.617950475629186e-06}
{'eval/num_episodes': 200, 'eval/num_steps': 200, 'eval/mean_score': np.float64(0.996), 'eval/std_score': np.float64(0.018), 'eval/mean_episode_length': np.float64(1.0), 'eval/std_episode_length': np.float64(0.0), 'eval/eval_time': 0.07100796699523926}
{'training/total_steps': 14000, 'training/updates': 7, 'training/sps': np.float64(19790.614), 'training/walltime': np.float64(2.365), 'training/rollout_time': np.float64(0.098), 'training/update_time': np.float64(0.004), 'training/iterations': 1.0, 'training/kl_div': 0.0022864157799631357, 'training/line_search_success': 1.0, 'training/new_policy_objective': 0.20209693908691406, 'training/policy_objective': 0.17144930362701416, 'training/value_loss': 0.0002632632676977664}
{'eval/num_episodes': 200, 'eval/num_steps': 200, 'eval/mean_score': np.float64(1.0), 'eval/std_score': np.float64(0.0), 'eval/mean_episode_length': np.float64(1.0), 'eval/std_episode_length': np.float64(0.0), 'eval/eval_time': 0.07141923904418945}
{'training/total_steps': 16000, 'training/updates': 8, 'training/sps': np.float64(19506.667), 'training/walltime': np.float64(2.539), 'training/rollout_time': np.float64(0.099), 'training/update_time': np.float64(0.003), 'training/iterations': 1.0, 'training/kl_div': 0.002631047274917364, 'training/line_search_success': 1.0, 'training/new_policy_objective': -0.04362921416759491, 'training/policy_objective': -0.04402882605791092, 'training/value_loss': 1.133165255851054e-06}
{'eval/num_episodes': 200, 'eval/num_steps': 200, 'eval/mean_score': np.float64(0.99), 'eval/std_score': np.float64(0.029), 'eval/mean_episode_length': np.float64(1.0), 'eval/std_episode_length': np.float64(0.0), 'eval/eval_time': 0.07043290138244629}
{'training/total_steps': 18000, 'training/updates': 9, 'training/sps': np.float64(15856.013), 'training/walltime': np.float64(2.736), 'training/rollout_time': np.float64(0.123), 'training/update_time': np.float64(0.003), 'training/iterations': 1.0, 'training/kl_div': 0.002807021141052246, 'training/line_search_success': 1.0, 'training/new_policy_objective': 0.22703585028648376, 'training/policy_objective': 0.18922799825668335, 'training/value_loss': 0.00035391520941630006}
{'eval/num_episodes': 200, 'eval/num_steps': 200, 'eval/mean_score': np.float64(1.0), 'eval/std_score': np.float64(0.0), 'eval/mean_episode_length': np.float64(1.0), 'eval/std_episode_length': np.float64(0.0), 'eval/eval_time': 0.08304619789123535}
{'training/total_steps': 20000, 'training/updates': 10, 'training/sps': np.float64(20370.538), 'training/walltime': np.float64(2.918), 'training/rollout_time': np.float64(0.095), 'training/update_time': np.float64(0.003), 'training/iterations': 1.0, 'training/kl_div': 0.0032867849804461002, 'training/line_search_success': 1.0, 'training/new_policy_objective': -0.04326772689819336, 'training/policy_objective': -0.04379793256521225, 'training/value_loss': 2.318542101420462e-06}
{'eval/num_episodes': 200, 'eval/num_steps': 200, 'eval/mean_score': np.float64(0.993), 'eval/std_score': np.float64(0.025), 'eval/mean_episode_length': np.float64(1.0), 'eval/std_episode_length': np.float64(0.0), 'eval/eval_time': 0.06906414031982422}
{'training/total_steps': 22000, 'training/updates': 11, 'training/sps': np.float64(20816.024), 'training/walltime': np.float64(3.083), 'training/rollout_time': np.float64(0.093), 'training/update_time': np.float64(0.003), 'training/iterations': 1.0, 'training/kl_div': 0.0034421728923916817, 'training/line_search_success': 1.0, 'training/new_policy_objective': 0.26434674859046936, 'training/policy_objective': 0.22505754232406616, 'training/value_loss': 0.00044549882295541465}
{'eval/num_episodes': 200, 'eval/num_steps': 200, 'eval/mean_score': np.float64(1.0), 'eval/std_score': np.float64(0.0), 'eval/mean_episode_length': np.float64(1.0), 'eval/std_episode_length': np.float64(0.0), 'eval/eval_time': 0.06955194473266602}
{'training/total_steps': 24000, 'training/updates': 12, 'training/sps': np.float64(18856.016), 'training/walltime': np.float64(3.259), 'training/rollout_time': np.float64(0.103), 'training/update_time': np.float64(0.003), 'training/iterations': 1.0, 'training/kl_div': 0.0040715099312365055, 'training/line_search_success': 1.0, 'training/new_policy_objective': -0.08183115720748901, 'training/policy_objective': -0.08317694067955017, 'training/value_loss': 3.6066255688638194e-06}
{'eval/num_episodes': 200, 'eval/num_steps': 200, 'eval/mean_score': np.float64(0.988), 'eval/std_score': np.float64(0.032), 'eval/mean_episode_length': np.float64(1.0), 'eval/std_episode_length': np.float64(0.0), 'eval/eval_time': 0.07057499885559082}
{'training/total_steps': 26000, 'training/updates': 13, 'training/sps': np.float64(20182.874), 'training/walltime': np.float64(3.429), 'training/rollout_time': np.float64(0.096), 'training/update_time': np.float64(0.003), 'training/iterations': 1.0, 'training/kl_div': 0.004188258200883865, 'training/line_search_success': 1.0, 'training/new_policy_objective': 0.29616719484329224, 'training/policy_objective': 0.25097137689590454, 'training/value_loss': 0.0005524665466509759}
{'eval/num_episodes': 200, 'eval/num_steps': 200, 'eval/mean_score': np.float64(1.0), 'eval/std_score': np.float64(0.0), 'eval/mean_episode_length': np.float64(1.0), 'eval/std_episode_length': np.float64(0.0), 'eval/eval_time': 0.07130908966064453}
{'training/total_steps': 28000, 'training/updates': 14, 'training/sps': np.float64(20319.813), 'training/walltime': np.float64(3.599), 'training/rollout_time': np.float64(0.095), 'training/update_time': np.float64(0.003), 'training/iterations': 1.0, 'training/kl_div': 0.0031802416779100895, 'training/line_search_success': 1.0, 'training/new_policy_objective': -0.08460385352373123, 'training/policy_objective': -0.10997764021158218, 'training/value_loss': 7.67517394706374e-06}
{'eval/num_episodes': 200, 'eval/num_steps': 200, 'eval/mean_score': np.float64(0.995), 'eval/std_score': np.float64(0.022), 'eval/mean_episode_length': np.float64(1.0), 'eval/std_episode_length': np.float64(0.0), 'eval/eval_time': 0.07341217994689941}
{'training/total_steps': 30000, 'training/updates': 15, 'training/sps': np.float64(20827.446), 'training/walltime': np.float64(3.769), 'training/rollout_time': np.float64(0.093), 'training/update_time': np.float64(0.003), 'training/iterations': 1.0, 'training/kl_div': 0.0030613578855991364, 'training/line_search_success': 1.0, 'training/new_policy_objective': 0.2342354953289032, 'training/policy_objective': 0.1995162069797516, 'training/value_loss': 0.0003510753158479929}
{'eval/num_episodes': 200, 'eval/num_steps': 200, 'eval/mean_score': np.float64(1.0), 'eval/std_score': np.float64(0.0), 'eval/mean_episode_length': np.float64(1.0), 'eval/std_episode_length': np.float64(0.0), 'eval/eval_time': 0.07094025611877441}
{'training/total_steps': 32000, 'training/updates': 16, 'training/sps': np.float64(20712.05), 'training/walltime': np.float64(3.937), 'training/rollout_time': np.float64(0.093), 'training/update_time': np.float64(0.003), 'training/iterations': 1.0, 'training/kl_div': 0.0017137911636382341, 'training/line_search_success': 1.0, 'training/new_policy_objective': -0.038551416248083115, 'training/policy_objective': -0.050007157027721405, 'training/value_loss': 4.427214662428014e-06}
{'eval/num_episodes': 200, 'eval/num_steps': 200, 'eval/mean_score': np.float64(0.997), 'eval/std_score': np.float64(0.017), 'eval/mean_episode_length': np.float64(1.0), 'eval/std_episode_length': np.float64(0.0), 'eval/eval_time': 0.07009077072143555}
{'training/total_steps': 34000, 'training/updates': 17, 'training/sps': np.float64(21074.098), 'training/walltime': np.float64(4.103), 'training/rollout_time': np.float64(0.092), 'training/update_time': np.float64(0.003), 'training/iterations': 1.0, 'training/kl_div': 0.0018590621184557676, 'training/line_search_success': 1.0, 'training/new_policy_objective': 0.1729082614183426, 'training/policy_objective': 0.14709384739398956, 'training/value_loss': 0.0001925837277667597}
{'eval/num_episodes': 200, 'eval/num_steps': 200, 'eval/mean_score': np.float64(1.0), 'eval/std_score': np.float64(0.0), 'eval/mean_episode_length': np.float64(1.0), 'eval/std_episode_length': np.float64(0.0), 'eval/eval_time': 0.07189297676086426}
{'training/total_steps': 36000, 'training/updates': 18, 'training/sps': np.float64(19880.95), 'training/walltime': np.float64(4.276), 'training/rollout_time': np.float64(0.098), 'training/update_time': np.float64(0.003), 'training/iterations': 1.0, 'training/kl_div': nan, 'training/line_search_success': 0.0, 'training/new_policy_objective': nan, 'training/policy_objective': 0.0, 'training/value_loss': 6.199571771503543e-07}
{'eval/num_episodes': 200, 'eval/num_steps': 200, 'eval/mean_score': np.float64(1.0), 'eval/std_score': np.float64(0.0), 'eval/mean_episode_length': np.float64(1.0), 'eval/std_episode_length': np.float64(0.0), 'eval/eval_time': 0.06871223449707031}
{'training/total_steps': 38000, 'training/updates': 19, 'training/sps': np.float64(20601.77), 'training/walltime': np.float64(4.442), 'training/rollout_time': np.float64(0.094), 'training/update_time': np.float64(0.003), 'training/iterations': 1.0, 'training/kl_div': nan, 'training/line_search_success': 0.0, 'training/new_policy_objective': nan, 'training/policy_objective': 0.0, 'training/value_loss': 1.3264567222392998e-10}
{'eval/num_episodes': 200, 'eval/num_steps': 200, 'eval/mean_score': np.float64(1.0), 'eval/std_score': np.float64(0.0), 'eval/mean_episode_length': np.float64(1.0), 'eval/std_episode_length': np.float64(0.0), 'eval/eval_time': 0.0745229721069336}
{'training/total_steps': 40000, 'training/updates': 20, 'training/sps': np.float64(20718.086), 'training/walltime': np.float64(4.613), 'training/rollout_time': np.float64(0.093), 'training/update_time': np.float64(0.003), 'training/iterations': 1.0, 'training/kl_div': nan, 'training/line_search_success': 0.0, 'training/new_policy_objective': nan, 'training/policy_objective': 0.0, 'training/value_loss': 2.058353589298994e-14}
{'eval/num_episodes': 200, 'eval/num_steps': 200, 'eval/mean_score': np.float64(1.0), 'eval/std_score': np.float64(0.0), 'eval/mean_episode_length': np.float64(1.0), 'eval/std_episode_length': np.float64(0.0), 'eval/eval_time': 0.070526123046875}
{'training/total_steps': 42000, 'training/updates': 21, 'training/sps': np.float64(20789.765), 'training/walltime': np.float64(4.78), 'training/rollout_time': np.float64(0.093), 'training/update_time': np.float64(0.003), 'training/iterations': 1.0, 'training/kl_div': nan, 'training/line_search_success': 0.0, 'training/new_policy_objective': nan, 'training/policy_objective': 0.0, 'training/value_loss': 0.0}
{'eval/num_episodes': 200, 'eval/num_steps': 200, 'eval/mean_score': np.float64(1.0), 'eval/std_score': np.float64(0.0), 'eval/mean_episode_length': np.float64(1.0), 'eval/std_episode_length': np.float64(0.0), 'eval/eval_time': 0.0695810317993164}
{'training/total_steps': 44000, 'training/updates': 22, 'training/sps': np.float64(20617.669), 'training/walltime': np.float64(4.947), 'training/rollout_time': np.float64(0.094), 'training/update_time': np.float64(0.003), 'training/iterations': 1.0, 'training/kl_div': nan, 'training/line_search_success': 0.0, 'training/new_policy_objective': nan, 'training/policy_objective': 0.0, 'training/value_loss': 0.0}
{'eval/num_episodes': 200, 'eval/num_steps': 200, 'eval/mean_score': np.float64(1.0), 'eval/std_score': np.float64(0.0), 'eval/mean_episode_length': np.float64(1.0), 'eval/std_episode_length': np.float64(0.0), 'eval/eval_time': 0.06993794441223145}
{'training/total_steps': 46000, 'training/updates': 23, 'training/sps': np.float64(20370.538), 'training/walltime': np.float64(5.116), 'training/rollout_time': np.float64(0.095), 'training/update_time': np.float64(0.003), 'training/iterations': 1.0, 'training/kl_div': nan, 'training/line_search_success': 0.0, 'training/new_policy_objective': nan, 'training/policy_objective': 0.0, 'training/value_loss': 0.0}
{'eval/num_episodes': 200, 'eval/num_steps': 200, 'eval/mean_score': np.float64(1.0), 'eval/std_score': np.float64(0.0), 'eval/mean_episode_length': np.float64(1.0), 'eval/std_episode_length': np.float64(0.0), 'eval/eval_time': 0.0711979866027832}
{'training/total_steps': 48000, 'training/updates': 24, 'training/sps': np.float64(20667.552), 'training/walltime': np.float64(5.284), 'training/rollout_time': np.float64(0.094), 'training/update_time': np.float64(0.003), 'training/iterations': 1.0, 'training/kl_div': nan, 'training/line_search_success': 0.0, 'training/new_policy_objective': nan, 'training/policy_objective': 0.0, 'training/value_loss': 0.0}
{'eval/num_episodes': 200, 'eval/num_steps': 200, 'eval/mean_score': np.float64(1.0), 'eval/std_score': np.float64(0.0), 'eval/mean_episode_length': np.float64(1.0), 'eval/std_episode_length': np.float64(0.0), 'eval/eval_time': 0.07294893264770508}
{'training/total_steps': 50000, 'training/updates': 25, 'training/sps': np.float64(20013.236), 'training/walltime': np.float64(5.458), 'training/rollout_time': np.float64(0.097), 'training/update_time': np.float64(0.003), 'training/iterations': 1.0, 'training/kl_div': nan, 'training/line_search_success': 0.0, 'training/new_policy_objective': nan, 'training/policy_objective': 0.0, 'training/value_loss': 0.0}
{'eval/num_episodes': 200, 'eval/num_steps': 200, 'eval/mean_score': np.float64(1.0), 'eval/std_score': np.float64(0.0), 'eval/mean_episode_length': np.float64(1.0), 'eval/std_episode_length': np.float64(0.0), 'eval/eval_time': 0.07009482383728027}
{'training/total_steps': 52000, 'training/updates': 26, 'training/sps': np.float64(20440.277), 'training/walltime': np.float64(5.626), 'training/rollout_time': np.float64(0.095), 'training/update_time': np.float64(0.003), 'training/iterations': 1.0, 'training/kl_div': nan, 'training/line_search_success': 0.0, 'training/new_policy_objective': nan, 'training/policy_objective': 0.0, 'training/value_loss': 0.0}
{'eval/num_episodes': 200, 'eval/num_steps': 200, 'eval/mean_score': np.float64(1.0), 'eval/std_score': np.float64(0.0), 'eval/mean_episode_length': np.float64(1.0), 'eval/std_episode_length': np.float64(0.0), 'eval/eval_time': 0.07303404808044434}
{'training/total_steps': 54000, 'training/updates': 27, 'training/sps': np.float64(19792.202), 'training/walltime': np.float64(5.801), 'training/rollout_time': np.float64(0.098), 'training/update_time': np.float64(0.003), 'training/iterations': 1.0, 'training/kl_div': nan, 'training/line_search_success': 0.0, 'training/new_policy_objective': nan, 'training/policy_objective': 0.0, 'training/value_loss': 0.0}
{'eval/num_episodes': 200, 'eval/num_steps': 200, 'eval/mean_score': np.float64(1.0), 'eval/std_score': np.float64(0.0), 'eval/mean_episode_length': np.float64(1.0), 'eval/std_episode_length': np.float64(0.0), 'eval/eval_time': 0.07338905334472656}
{'training/total_steps': 56000, 'training/updates': 28, 'training/sps': np.float64(19554.184), 'training/walltime': np.float64(5.977), 'training/rollout_time': np.float64(0.099), 'training/update_time': np.float64(0.003), 'training/iterations': 1.0, 'training/kl_div': nan, 'training/line_search_success': 0.0, 'training/new_policy_objective': nan, 'training/policy_objective': 0.0, 'training/value_loss': 0.0}
{'eval/num_episodes': 200, 'eval/num_steps': 200, 'eval/mean_score': np.float64(1.0), 'eval/std_score': np.float64(0.0), 'eval/mean_episode_length': np.float64(1.0), 'eval/std_episode_length': np.float64(0.0), 'eval/eval_time': 0.07060599327087402}
{'training/total_steps': 58000, 'training/updates': 29, 'training/sps': np.float64(20559.205), 'training/walltime': np.float64(6.145), 'training/rollout_time': np.float64(0.094), 'training/update_time': np.float64(0.003), 'training/iterations': 1.0, 'training/kl_div': nan, 'training/line_search_success': 0.0, 'training/new_policy_objective': nan, 'training/policy_objective': 0.0, 'training/value_loss': 0.0}
{'eval/num_episodes': 200, 'eval/num_steps': 200, 'eval/mean_score': np.float64(1.0), 'eval/std_score': np.float64(0.0), 'eval/mean_episode_length': np.float64(1.0), 'eval/std_episode_length': np.float64(0.0), 'eval/eval_time': 0.07233691215515137}
{'training/total_steps': 60000, 'training/updates': 30, 'training/sps': np.float64(20173.458), 'training/walltime': np.float64(6.317), 'training/rollout_time': np.float64(0.096), 'training/update_time': np.float64(0.003), 'training/iterations': 1.0, 'training/kl_div': nan, 'training/line_search_success': 0.0, 'training/new_policy_objective': nan, 'training/policy_objective': 0.0, 'training/value_loss': 0.0}
{'eval/num_episodes': 200, 'eval/num_steps': 200, 'eval/mean_score': np.float64(1.0), 'eval/std_score': np.float64(0.0), 'eval/mean_episode_length': np.float64(1.0), 'eval/std_episode_length': np.float64(0.0), 'eval/eval_time': 0.07010817527770996}
TRAINING END: training duration: 6.387377977371216
{'final_eval/num_episodes': 200, 'final_eval/num_steps': 200, 'final_eval/mean_score': np.float64(1.0), 'final_eval/std_score': np.float64(0.0), 'final_eval/mean_episode_length': np.float64(1.0), 'final_eval/std_episode_length': np.float64(0.0)}

