|param: value|
|experiment_name:  pc_reinforce|
|seed:  16|
|write_logs_to_file:  False|
|save_model:  False|
|env_name:  bandit|
|num_envs:  8|
|num_train_levels:  200|
|distribution_mode:  easy|
|arm_means:  (1.0, 0.9)|
|deterministic_rewards:  True|
|eval_env:  True|
|num_eval_episodes:  200|
|eval_every:  1|
|total_timesteps:  60000|
|unroll_length:  250|
|learning_rate:  0.01|
|target_scale:  1.0|
|pc_steps_per_update:  1|
|max_t1:  20|
|width:  32|
|depth:  2|
|act_fn:  relu|
|policy_init_logit_bias:  [0.0, 4.0]|
|use_cnn:  False|
|policy_hidden_layer_sizes:  ()|
|value_hidden_layer_sizes:  ()|
|anneal_lr:  False|
|entropy_cost:  0.0|
|deterministic_eval:  False|
|gamma:  0.99|
{'training/total_steps': 2000, 'training/updates': 1, 'training/walltime': np.float64(1.459), 'training/update_time': np.float64(1.459), 'training/pc_loss': 0.00016290882194880396, 'training/mean_reward': 0.9017496109008789, 'training/mean_advantage_abs': 0.003438398474827409}
{'eval/num_episodes': 200, 'eval/mean_score': np.float64(0.902), 'eval/std_score': np.float64(0.014), 'eval/mean_episode_length': np.float64(1.0)}
{'training/total_steps': 4000, 'training/updates': 2, 'training/walltime': np.float64(1.738), 'training/update_time': np.float64(0.103), 'training/pc_loss': 0.0002178969152737409, 'training/mean_reward': 0.9023996591567993, 'training/mean_advantage_abs': 0.004684498533606529}
{'eval/num_episodes': 200, 'eval/mean_score': np.float64(0.904), 'eval/std_score': np.float64(0.0196), 'eval/mean_episode_length': np.float64(1.0)}
{'training/total_steps': 6000, 'training/updates': 3, 'training/walltime': np.float64(1.846), 'training/update_time': np.float64(0.107), 'training/pc_loss': 0.0002771524013951421, 'training/mean_reward': 0.9031497240066528, 'training/mean_advantage_abs': 0.006101314444094896}
{'eval/num_episodes': 200, 'eval/mean_score': np.float64(0.9075), 'eval/std_score': np.float64(0.0263), 'eval/mean_episode_length': np.float64(1.0)}
{'training/total_steps': 8000, 'training/updates': 4, 'training/walltime': np.float64(1.958), 'training/update_time': np.float64(0.111), 'training/pc_loss': 0.0004435060836840421, 'training/mean_reward': 0.9053996801376343, 'training/mean_advantage_abs': 0.010216537863016129}
{'eval/num_episodes': 200, 'eval/mean_score': np.float64(0.905), 'eval/std_score': np.float64(0.0218), 'eval/mean_episode_length': np.float64(1.0)}
{'training/total_steps': 10000, 'training/updates': 5, 'training/walltime': np.float64(2.096), 'training/update_time': np.float64(0.124), 'training/pc_loss': 0.0005031871842220426, 'training/mean_reward': 0.9064497351646423, 'training/mean_advantage_abs': 0.012067741714417934}
{'eval/num_episodes': 200, 'eval/mean_score': np.float64(0.9075), 'eval/std_score': np.float64(0.0263), 'eval/mean_episode_length': np.float64(1.0)}
{'training/total_steps': 12000, 'training/updates': 6, 'training/walltime': np.float64(2.266), 'training/update_time': np.float64(0.17), 'training/pc_loss': 0.0005464095156639814, 'training/mean_reward': 0.9074497222900391, 'training/mean_advantage_abs': 0.013789736665785313}
{'eval/num_episodes': 200, 'eval/mean_score': np.float64(0.9075), 'eval/std_score': np.float64(0.0263), 'eval/mean_episode_length': np.float64(1.0)}
{'training/total_steps': 14000, 'training/updates': 7, 'training/walltime': np.float64(2.371), 'training/update_time': np.float64(0.104), 'training/pc_loss': 0.0006583782960660756, 'training/mean_reward': 0.9100498557090759, 'training/mean_advantage_abs': 0.018079858273267746}
{'eval/num_episodes': 200, 'eval/mean_score': np.float64(0.92), 'eval/std_score': np.float64(0.04), 'eval/mean_episode_length': np.float64(1.0)}
{'training/total_steps': 16000, 'training/updates': 8, 'training/walltime': np.float64(2.481), 'training/update_time': np.float64(0.109), 'training/pc_loss': 0.0007316821138374507, 'training/mean_reward': 0.9128497838973999, 'training/mean_advantage_abs': 0.02239740826189518}
{'eval/num_episodes': 200, 'eval/mean_score': np.float64(0.919), 'eval/std_score': np.float64(0.0392), 'eval/mean_episode_length': np.float64(1.0)}
{'training/total_steps': 18000, 'training/updates': 9, 'training/walltime': np.float64(2.604), 'training/update_time': np.float64(0.122), 'training/pc_loss': 0.000859025283716619, 'training/mean_reward': 0.9196498990058899, 'training/mean_advantage_abs': 0.03157751262187958}
{'eval/num_episodes': 200, 'eval/mean_score': np.float64(0.923), 'eval/std_score': np.float64(0.0421), 'eval/mean_episode_length': np.float64(1.0)}
{'training/total_steps': 20000, 'training/updates': 10, 'training/walltime': np.float64(2.714), 'training/update_time': np.float64(0.11), 'training/pc_loss': 0.0008235758868977427, 'training/mean_reward': 0.9239997863769531, 'training/mean_advantage_abs': 0.03647990524768829}
{'eval/num_episodes': 200, 'eval/mean_score': np.float64(0.936), 'eval/std_score': np.float64(0.048), 'eval/mean_episode_length': np.float64(1.0)}
{'training/total_steps': 22000, 'training/updates': 11, 'training/walltime': np.float64(2.823), 'training/update_time': np.float64(0.108), 'training/pc_loss': 0.0007552201859652996, 'training/mean_reward': 0.9305499196052551, 'training/mean_advantage_abs': 0.042433954775333405}
{'eval/num_episodes': 200, 'eval/mean_score': np.float64(0.9405), 'eval/std_score': np.float64(0.0491), 'eval/mean_episode_length': np.float64(1.0)}
{'training/total_steps': 24000, 'training/updates': 12, 'training/walltime': np.float64(2.933), 'training/update_time': np.float64(0.109), 'training/pc_loss': 0.0006689158035442233, 'training/mean_reward': 0.9416499137878418, 'training/mean_advantage_abs': 0.0486055463552475}
{'eval/num_episodes': 200, 'eval/mean_score': np.float64(0.9475), 'eval/std_score': np.float64(0.0499), 'eval/mean_episode_length': np.float64(1.0)}
{'training/total_steps': 26000, 'training/updates': 13, 'training/walltime': np.float64(3.037), 'training/update_time': np.float64(0.103), 'training/pc_loss': 0.0006243646494112909, 'training/mean_reward': 0.9487000107765198, 'training/mean_advantage_abs': 0.0499662347137928}
{'eval/num_episodes': 200, 'eval/mean_score': np.float64(0.955), 'eval/std_score': np.float64(0.0497), 'eval/mean_episode_length': np.float64(1.0)}
{'training/total_steps': 28000, 'training/updates': 14, 'training/walltime': np.float64(3.146), 'training/update_time': np.float64(0.108), 'training/pc_loss': 0.0006775013171136379, 'training/mean_reward': 0.9621000289916992, 'training/mean_advantage_abs': 0.04707181081175804}
{'eval/num_episodes': 200, 'eval/mean_score': np.float64(0.9755), 'eval/std_score': np.float64(0.043), 'eval/mean_episode_length': np.float64(1.0)}
{'training/total_steps': 30000, 'training/updates': 15, 'training/walltime': np.float64(3.255), 'training/update_time': np.float64(0.108), 'training/pc_loss': 0.0007817554869689047, 'training/mean_reward': 0.9712000489234924, 'training/mean_advantage_abs': 0.041011203080415726}
{'eval/num_episodes': 200, 'eval/mean_score': np.float64(0.976), 'eval/std_score': np.float64(0.0427), 'eval/mean_episode_length': np.float64(1.0)}
{'training/total_steps': 32000, 'training/updates': 16, 'training/walltime': np.float64(3.363), 'training/update_time': np.float64(0.108), 'training/pc_loss': 0.0007969721918925643, 'training/mean_reward': 0.9810500741004944, 'training/mean_advantage_abs': 0.030717913061380386}
{'eval/num_episodes': 200, 'eval/mean_score': np.float64(0.9865), 'eval/std_score': np.float64(0.0342), 'eval/mean_episode_length': np.float64(1.0)}
{'training/total_steps': 34000, 'training/updates': 17, 'training/walltime': np.float64(3.472), 'training/update_time': np.float64(0.108), 'training/pc_loss': 0.000734684756025672, 'training/mean_reward': 0.9869499802589417, 'training/mean_advantage_abs': 0.022693967446684837}
{'eval/num_episodes': 200, 'eval/mean_score': np.float64(0.991), 'eval/std_score': np.float64(0.0286), 'eval/mean_episode_length': np.float64(1.0)}
{'training/total_steps': 36000, 'training/updates': 18, 'training/walltime': np.float64(3.577), 'training/update_time': np.float64(0.104), 'training/pc_loss': 0.0006005512550473213, 'training/mean_reward': 0.991300106048584, 'training/mean_advantage_abs': 0.01588611491024494}
{'eval/num_episodes': 200, 'eval/mean_score': np.float64(0.997), 'eval/std_score': np.float64(0.0171), 'eval/mean_episode_length': np.float64(1.0)}
{'training/total_steps': 38000, 'training/updates': 19, 'training/walltime': np.float64(3.686), 'training/update_time': np.float64(0.108), 'training/pc_loss': 0.00041838129982352257, 'training/mean_reward': 0.9947501420974731, 'training/mean_advantage_abs': 0.009948626160621643}
{'eval/num_episodes': 200, 'eval/mean_score': np.float64(0.997), 'eval/std_score': np.float64(0.0171), 'eval/mean_episode_length': np.float64(1.0)}
{'training/total_steps': 40000, 'training/updates': 20, 'training/walltime': np.float64(3.795), 'training/update_time': np.float64(0.108), 'training/pc_loss': 0.00032610955531708896, 'training/mean_reward': 0.9962001442909241, 'training/mean_advantage_abs': 0.007311068009585142}
{'eval/num_episodes': 200, 'eval/mean_score': np.float64(0.996), 'eval/std_score': np.float64(0.0196), 'eval/mean_episode_length': np.float64(1.0)}
{'training/total_steps': 42000, 'training/updates': 21, 'training/walltime': np.float64(3.907), 'training/update_time': np.float64(0.111), 'training/pc_loss': 0.00019178206275682896, 'training/mean_reward': 0.9979000687599182, 'training/mean_advantage_abs': 0.00411173515021801}
{'eval/num_episodes': 200, 'eval/mean_score': np.float64(0.9995), 'eval/std_score': np.float64(0.0071), 'eval/mean_episode_length': np.float64(1.0)}
{'training/total_steps': 44000, 'training/updates': 22, 'training/walltime': np.float64(4.018), 'training/update_time': np.float64(0.11), 'training/pc_loss': 0.0001227160100825131, 'training/mean_reward': 0.9987000823020935, 'training/mean_advantage_abs': 0.0025661203544586897}
{'eval/num_episodes': 200, 'eval/mean_score': np.float64(0.9985), 'eval/std_score': np.float64(0.0122), 'eval/mean_episode_length': np.float64(1.0)}
{'training/total_steps': 46000, 'training/updates': 23, 'training/walltime': np.float64(4.13), 'training/update_time': np.float64(0.111), 'training/pc_loss': 0.0001378997985739261, 'training/mean_reward': 0.9985501170158386, 'training/mean_advantage_abs': 0.0028578368946909904}
{'eval/num_episodes': 200, 'eval/mean_score': np.float64(0.999), 'eval/std_score': np.float64(0.0099), 'eval/mean_episode_length': np.float64(1.0)}
{'training/total_steps': 48000, 'training/updates': 24, 'training/walltime': np.float64(4.244), 'training/update_time': np.float64(0.114), 'training/pc_loss': 4.39632021880243e-05, 'training/mean_reward': 0.9995501041412354, 'training/mean_advantage_abs': 0.0008958469261415303}
{'eval/num_episodes': 200, 'eval/mean_score': np.float64(0.9995), 'eval/std_score': np.float64(0.0071), 'eval/mean_episode_length': np.float64(1.0)}
{'training/total_steps': 50000, 'training/updates': 25, 'training/walltime': np.float64(4.361), 'training/update_time': np.float64(0.116), 'training/pc_loss': 8.27318144729361e-05, 'training/mean_reward': 0.9991500973701477, 'training/mean_advantage_abs': 0.00168545451015234}
{'eval/num_episodes': 200, 'eval/mean_score': np.float64(1.0), 'eval/std_score': np.float64(0.0), 'eval/mean_episode_length': np.float64(1.0)}
{'training/total_steps': 52000, 'training/updates': 26, 'training/walltime': np.float64(4.475), 'training/update_time': np.float64(0.114), 'training/pc_loss': 3.939949965570122e-05, 'training/mean_reward': 0.9996001720428467, 'training/mean_advantage_abs': 0.0007966294651851058}
{'eval/num_episodes': 200, 'eval/mean_score': np.float64(0.9995), 'eval/std_score': np.float64(0.0071), 'eval/mean_episode_length': np.float64(1.0)}
{'training/total_steps': 54000, 'training/updates': 27, 'training/walltime': np.float64(4.586), 'training/update_time': np.float64(0.11), 'training/pc_loss': 3.457561251707375e-05, 'training/mean_reward': 0.9996500611305237, 'training/mean_advantage_abs': 0.0006974894204176962}
{'eval/num_episodes': 200, 'eval/mean_score': np.float64(1.0), 'eval/std_score': np.float64(0.0), 'eval/mean_episode_length': np.float64(1.0)}
{'training/total_steps': 56000, 'training/updates': 28, 'training/walltime': np.float64(4.695), 'training/update_time': np.float64(0.108), 'training/pc_loss': 2.4779012164799497e-05, 'training/mean_reward': 0.999750018119812, 'training/mean_advantage_abs': 0.0004987320280633867}
{'eval/num_episodes': 200, 'eval/mean_score': np.float64(1.0), 'eval/std_score': np.float64(0.0), 'eval/mean_episode_length': np.float64(1.0)}
{'training/total_steps': 58000, 'training/updates': 29, 'training/walltime': np.float64(4.798), 'training/update_time': np.float64(0.102), 'training/pc_loss': 4.980304311175132e-06, 'training/mean_reward': 0.9999500513076782, 'training/mean_advantage_abs': 9.989875979954377e-05}
{'eval/num_episodes': 200, 'eval/mean_score': np.float64(1.0), 'eval/std_score': np.float64(0.0), 'eval/mean_episode_length': np.float64(1.0)}
{'training/total_steps': 60000, 'training/updates': 30, 'training/walltime': np.float64(4.907), 'training/update_time': np.float64(0.108), 'training/pc_loss': 1.4920791727490723e-05, 'training/mean_reward': 0.9998500347137451, 'training/mean_advantage_abs': 0.0002995154354721308}
{'eval/num_episodes': 200, 'eval/mean_score': np.float64(1.0), 'eval/std_score': np.float64(0.0), 'eval/mean_episode_length': np.float64(1.0)}
TRAINING END: training duration: 4.907864093780518
