|param: value|
|experiment_name:  reinforce_procgen|
|seed:  16|
|platform:  cpu|
|write_logs_to_file:  False|
|save_model:  False|
|env_name:  bandit|
|num_envs:  1|
|num_train_levels:  200|
|distribution_mode:  easy|
|arm_means:  (1.0, 0.9)|
|deterministic_rewards:  True|
|eval_env:  True|
|num_eval_episodes:  200|
|eval_every:  1|
|deterministic_eval:  False|
|normalize_observations:  True|
|total_timesteps:  60000|
|learning_rate:  0.5|
|optimizer:  sgd|
|unroll_length:  2048|
|anneal_lr:  False|
|gamma:  0.99|
|batch_size:  1|
|num_minibatches:  1|
|update_epochs:  1|
|entropy_cost:  0.0|
|max_grad_norm:  0.5|
|reward_scaling:  1.0|
|use_cnn:  False|
|policy_hidden_layer_sizes:  ()|
|value_hidden_layer_sizes:  ()|
|activation:  <jax._src.custom_derivatives.custom_jvp object at 0x108206710>|
|policy_init_logit_bias:  [0.0, 4.0]|
{'training/total_steps': 2000, 'training/updates': 1, 'training/sps': np.float64(2090.279), 'training/walltime': np.float64(0.957), 'training/rollout_time': np.float64(0.402), 'training/update_time': np.float64(0.554), 'training/approx_kl': 0.0, 'training/entropy': 0.09009480476379395, 'training/policy_loss': 0.17822282016277313, 'training/total_loss': 1.622237205505371, 'training/value_loss': 2.888028621673584}
{'eval/num_episodes': 200, 'eval/num_steps': 200, 'eval/mean_score': np.float64(0.901), 'eval/std_score': np.float64(0.01), 'eval/mean_episode_length': np.float64(1.0), 'eval/std_episode_length': np.float64(0.0), 'eval/eval_time': 0.07515120506286621}
{'training/total_steps': 4000, 'training/updates': 2, 'training/sps': np.float64(6305.427), 'training/walltime': np.float64(1.35), 'training/rollout_time': np.float64(0.316), 'training/update_time': np.float64(0.002), 'training/approx_kl': 0.0, 'training/entropy': 0.09027959406375885, 'training/policy_loss': 0.11393550038337708, 'training/total_loss': 1.0189447402954102, 'training/value_loss': 1.8100184202194214}
{'eval/num_episodes': 200, 'eval/num_steps': 200, 'eval/mean_score': np.float64(0.902), 'eval/std_score': np.float64(0.016), 'eval/mean_episode_length': np.float64(1.0), 'eval/std_episode_length': np.float64(0.0), 'eval/eval_time': 0.07856893539428711}
{'training/total_steps': 6000, 'training/updates': 3, 'training/sps': np.float64(6029.396), 'training/walltime': np.float64(1.76), 'training/rollout_time': np.float64(0.33), 'training/update_time': np.float64(0.002), 'training/approx_kl': 0.0, 'training/entropy': 0.0902094915509224, 'training/policy_loss': 0.11612104624509811, 'training/total_loss': 0.6087188720703125, 'training/value_loss': 0.9851955771446228}
{'eval/num_episodes': 200, 'eval/num_steps': 200, 'eval/mean_score': np.float64(0.901), 'eval/std_score': np.float64(0.01), 'eval/mean_episode_length': np.float64(1.0), 'eval/std_episode_length': np.float64(0.0), 'eval/eval_time': 0.07607793807983398}
{'training/total_steps': 8000, 'training/updates': 4, 'training/sps': np.float64(5605.29), 'training/walltime': np.float64(2.193), 'training/rollout_time': np.float64(0.355), 'training/update_time': np.float64(0.002), 'training/approx_kl': 0.0, 'training/entropy': 0.09054524451494217, 'training/policy_loss': 0.06461752206087112, 'training/total_loss': 0.2685292363166809, 'training/value_loss': 0.40782344341278076}
{'eval/num_episodes': 200, 'eval/num_steps': 200, 'eval/mean_score': np.float64(0.901), 'eval/std_score': np.float64(0.01), 'eval/mean_episode_length': np.float64(1.0), 'eval/std_episode_length': np.float64(0.0), 'eval/eval_time': 0.0767660140991211}
{'training/total_steps': 10000, 'training/updates': 5, 'training/sps': np.float64(6190.8), 'training/walltime': np.float64(2.594), 'training/rollout_time': np.float64(0.321), 'training/update_time': np.float64(0.002), 'training/approx_kl': 0.0, 'training/entropy': 0.09067941457033157, 'training/policy_loss': 0.028148144483566284, 'training/total_loss': 0.06872662156820297, 'training/value_loss': 0.08115695416927338}
{'eval/num_episodes': 200, 'eval/num_steps': 200, 'eval/mean_score': np.float64(0.902), 'eval/std_score': np.float64(0.014), 'eval/mean_episode_length': np.float64(1.0), 'eval/std_episode_length': np.float64(0.0), 'eval/eval_time': 0.08067631721496582}
{'training/total_steps': 12000, 'training/updates': 6, 'training/sps': np.float64(5564.291), 'training/walltime': np.float64(3.034), 'training/rollout_time': np.float64(0.358), 'training/update_time': np.float64(0.001), 'training/approx_kl': 0.0, 'training/entropy': 0.09076262265443802, 'training/policy_loss': 0.00885782390832901, 'training/total_loss': 0.00896807387471199, 'training/value_loss': 0.0002204995253123343}
{'eval/num_episodes': 200, 'eval/num_steps': 200, 'eval/mean_score': np.float64(0.902), 'eval/std_score': np.float64(0.016), 'eval/mean_episode_length': np.float64(1.0), 'eval/std_episode_length': np.float64(0.0), 'eval/eval_time': 0.07465028762817383}
{'training/total_steps': 14000, 'training/updates': 7, 'training/sps': np.float64(5872.693), 'training/walltime': np.float64(3.45), 'training/rollout_time': np.float64(0.339), 'training/update_time': np.float64(0.002), 'training/approx_kl': 0.0, 'training/entropy': 0.09107656031847, 'training/policy_loss': 0.006222420837730169, 'training/total_loss': 0.00630135228857398, 'training/value_loss': 0.00015786256699357182}
{'eval/num_episodes': 200, 'eval/num_steps': 200, 'eval/mean_score': np.float64(0.902), 'eval/std_score': np.float64(0.014), 'eval/mean_episode_length': np.float64(1.0), 'eval/std_episode_length': np.float64(0.0), 'eval/eval_time': 0.0922400951385498}
{'training/total_steps': 16000, 'training/updates': 8, 'training/sps': np.float64(6265.392), 'training/walltime': np.float64(3.862), 'training/rollout_time': np.float64(0.318), 'training/update_time': np.float64(0.002), 'training/approx_kl': 0.0, 'training/entropy': 0.09130168706178665, 'training/policy_loss': 0.007058417424559593, 'training/total_loss': 0.00714681763201952, 'training/value_loss': 0.00017680008022580296}
{'eval/num_episodes': 200, 'eval/num_steps': 200, 'eval/mean_score': np.float64(0.902), 'eval/std_score': np.float64(0.016), 'eval/mean_episode_length': np.float64(1.0), 'eval/std_episode_length': np.float64(0.0), 'eval/eval_time': 0.0715339183807373}
{'training/total_steps': 18000, 'training/updates': 9, 'training/sps': np.float64(6023.08), 'training/walltime': np.float64(4.266), 'training/rollout_time': np.float64(0.331), 'training/update_time': np.float64(0.001), 'training/approx_kl': 0.0, 'training/entropy': 0.09155470877885818, 'training/policy_loss': 0.008408378809690475, 'training/total_loss': 0.008513628505170345, 'training/value_loss': 0.0002105001622112468}
{'eval/num_episodes': 200, 'eval/num_steps': 200, 'eval/mean_score': np.float64(0.902), 'eval/std_score': np.float64(0.016), 'eval/mean_episode_length': np.float64(1.0), 'eval/std_episode_length': np.float64(0.0), 'eval/eval_time': 0.07108926773071289}
{'training/total_steps': 20000, 'training/updates': 10, 'training/sps': np.float64(6329.348), 'training/walltime': np.float64(4.653), 'training/rollout_time': np.float64(0.315), 'training/update_time': np.float64(0.001), 'training/approx_kl': 0.0, 'training/entropy': 0.09185703098773956, 'training/policy_loss': 0.007776820566505194, 'training/total_loss': 0.007874831557273865, 'training/value_loss': 0.00019602265092544258}
{'eval/num_episodes': 200, 'eval/num_steps': 200, 'eval/mean_score': np.float64(0.903), 'eval/std_score': np.float64(0.018), 'eval/mean_episode_length': np.float64(1.0), 'eval/std_episode_length': np.float64(0.0), 'eval/eval_time': 0.07302284240722656}
{'training/total_steps': 22000, 'training/updates': 11, 'training/sps': np.float64(5719.91), 'training/walltime': np.float64(5.076), 'training/rollout_time': np.float64(0.348), 'training/update_time': np.float64(0.001), 'training/approx_kl': 0.0, 'training/entropy': 0.09213924407958984, 'training/policy_loss': 0.008370455354452133, 'training/total_loss': 0.008475655689835548, 'training/value_loss': 0.00021040016144979745}
{'eval/num_episodes': 200, 'eval/num_steps': 200, 'eval/mean_score': np.float64(0.902), 'eval/std_score': np.float64(0.014), 'eval/mean_episode_length': np.float64(1.0), 'eval/std_episode_length': np.float64(0.0), 'eval/eval_time': 0.09433126449584961}
{'training/total_steps': 24000, 'training/updates': 12, 'training/sps': np.float64(6033.221), 'training/walltime': np.float64(5.502), 'training/rollout_time': np.float64(0.33), 'training/update_time': np.float64(0.002), 'training/approx_kl': 0.0, 'training/entropy': 0.09244316816329956, 'training/policy_loss': 0.007760895416140556, 'training/total_loss': 0.007858906872570515, 'training/value_loss': 0.00019602263637352735}
{'eval/num_episodes': 200, 'eval/num_steps': 200, 'eval/mean_score': np.float64(0.904), 'eval/std_score': np.float64(0.02), 'eval/mean_episode_length': np.float64(1.0), 'eval/std_episode_length': np.float64(0.0), 'eval/eval_time': 0.07398200035095215}
{'training/total_steps': 26000, 'training/updates': 13, 'training/sps': np.float64(6409.781), 'training/walltime': np.float64(5.889), 'training/rollout_time': np.float64(0.31), 'training/update_time': np.float64(0.002), 'training/approx_kl': 0.0, 'training/entropy': 0.09272712469100952, 'training/policy_loss': 0.008158212527632713, 'training/total_loss': 0.008261012844741344, 'training/value_loss': 0.0002056001394521445}
{'eval/num_episodes': 200, 'eval/num_steps': 200, 'eval/mean_score': np.float64(0.902), 'eval/std_score': np.float64(0.016), 'eval/mean_episode_length': np.float64(1.0), 'eval/std_episode_length': np.float64(0.0), 'eval/eval_time': 0.07452702522277832}
{'training/total_steps': 28000, 'training/updates': 14, 'training/sps': np.float64(5897.101), 'training/walltime': np.float64(6.303), 'training/rollout_time': np.float64(0.338), 'training/update_time': np.float64(0.001), 'training/approx_kl': 0.0, 'training/entropy': 0.09302569925785065, 'training/policy_loss': 0.005997366271913052, 'training/total_loss': 0.0060738162137568, 'training/value_loss': 0.00015290007286239415}
{'eval/num_episodes': 200, 'eval/num_steps': 200, 'eval/mean_score': np.float64(0.902), 'eval/std_score': np.float64(0.016), 'eval/mean_episode_length': np.float64(1.0), 'eval/std_episode_length': np.float64(0.0), 'eval/eval_time': 0.07004213333129883}
{'training/total_steps': 30000, 'training/updates': 15, 'training/sps': np.float64(6290.972), 'training/walltime': np.float64(6.691), 'training/rollout_time': np.float64(0.317), 'training/update_time': np.float64(0.001), 'training/approx_kl': 0.0, 'training/entropy': 0.0932481437921524, 'training/policy_loss': 0.0077980211935937405, 'training/total_loss': 0.00789612252265215, 'training/value_loss': 0.00019620274542830884}
{'eval/num_episodes': 200, 'eval/num_steps': 200, 'eval/mean_score': np.float64(0.9), 'eval/std_score': np.float64(0.007), 'eval/mean_episode_length': np.float64(1.0), 'eval/std_episode_length': np.float64(0.0), 'eval/eval_time': 0.07329607009887695}
{'training/total_steps': 32000, 'training/updates': 16, 'training/sps': np.float64(5941.294), 'training/walltime': np.float64(7.101), 'training/rollout_time': np.float64(0.335), 'training/update_time': np.float64(0.002), 'training/approx_kl': 0.0, 'training/entropy': 0.09353446960449219, 'training/policy_loss': 0.00735698826611042, 'training/total_loss': 0.007450188510119915, 'training/value_loss': 0.00018640013877302408}
{'eval/num_episodes': 200, 'eval/num_steps': 200, 'eval/mean_score': np.float64(0.902), 'eval/std_score': np.float64(0.016), 'eval/mean_episode_length': np.float64(1.0), 'eval/std_episode_length': np.float64(0.0), 'eval/eval_time': 0.07010793685913086}
{'training/total_steps': 34000, 'training/updates': 17, 'training/sps': np.float64(6458.996), 'training/walltime': np.float64(7.481), 'training/rollout_time': np.float64(0.308), 'training/update_time': np.float64(0.001), 'training/approx_kl': 0.0, 'training/entropy': 0.09380728751420975, 'training/policy_loss': 0.009889565408229828, 'training/total_loss': 0.010014025494456291, 'training/value_loss': 0.00024892008514143527}
{'eval/num_episodes': 200, 'eval/num_steps': 200, 'eval/mean_score': np.float64(0.903), 'eval/std_score': np.float64(0.017), 'eval/mean_episode_length': np.float64(1.0), 'eval/std_episode_length': np.float64(0.0), 'eval/eval_time': 0.0734860897064209}
{'training/total_steps': 36000, 'training/updates': 18, 'training/sps': np.float64(6432.33), 'training/walltime': np.float64(7.866), 'training/rollout_time': np.float64(0.309), 'training/update_time': np.float64(0.001), 'training/approx_kl': 0.0, 'training/entropy': 0.09417278319597244, 'training/policy_loss': 0.005937268491834402, 'training/total_loss': 0.006014067213982344, 'training/value_loss': 0.00015359753160737455}
{'eval/num_episodes': 200, 'eval/num_steps': 200, 'eval/mean_score': np.float64(0.904), 'eval/std_score': np.float64(0.02), 'eval/mean_episode_length': np.float64(1.0), 'eval/std_episode_length': np.float64(0.0), 'eval/eval_time': 0.07067084312438965}
{'training/total_steps': 38000, 'training/updates': 19, 'training/sps': np.float64(6007.99), 'training/walltime': np.float64(8.27), 'training/rollout_time': np.float64(0.332), 'training/update_time': np.float64(0.001), 'training/approx_kl': 0.0, 'training/entropy': 0.09439802914857864, 'training/policy_loss': 0.008741902187466621, 'training/total_loss': 0.008852115832269192, 'training/value_loss': 0.00022042766795493662}
{'eval/num_episodes': 200, 'eval/num_steps': 200, 'eval/mean_score': np.float64(0.902), 'eval/std_score': np.float64(0.014), 'eval/mean_episode_length': np.float64(1.0), 'eval/std_episode_length': np.float64(0.0), 'eval/eval_time': 0.07130980491638184}
{'training/total_steps': 40000, 'training/updates': 20, 'training/sps': np.float64(6400.205), 'training/walltime': np.float64(8.654), 'training/rollout_time': np.float64(0.311), 'training/update_time': np.float64(0.002), 'training/approx_kl': 0.0, 'training/entropy': 0.09472320973873138, 'training/policy_loss': 0.007689989637583494, 'training/total_loss': 0.007788021117448807, 'training/value_loss': 0.00019606268324423581}
{'eval/num_episodes': 200, 'eval/num_steps': 200, 'eval/mean_score': np.float64(0.901), 'eval/std_score': np.float64(0.012), 'eval/mean_episode_length': np.float64(1.0), 'eval/std_episode_length': np.float64(0.0), 'eval/eval_time': 0.07096195220947266}
{'training/total_steps': 42000, 'training/updates': 21, 'training/sps': np.float64(6334.907), 'training/walltime': np.float64(9.041), 'training/rollout_time': np.float64(0.314), 'training/update_time': np.float64(0.001), 'training/approx_kl': 0.0, 'training/entropy': 0.09501337260007858, 'training/policy_loss': 0.007706819102168083, 'training/total_loss': 0.007804818917065859, 'training/value_loss': 0.00019600008090492338}
{'eval/num_episodes': 200, 'eval/num_steps': 200, 'eval/mean_score': np.float64(0.901), 'eval/std_score': np.float64(0.012), 'eval/mean_episode_length': np.float64(1.0), 'eval/std_episode_length': np.float64(0.0), 'eval/eval_time': 0.07348895072937012}
{'training/total_steps': 44000, 'training/updates': 22, 'training/sps': np.float64(5862.798), 'training/walltime': np.float64(9.456), 'training/rollout_time': np.float64(0.332), 'training/update_time': np.float64(0.009), 'training/approx_kl': 0.0, 'training/entropy': 0.09530442953109741, 'training/policy_loss': 0.007699139881879091, 'training/total_loss': 0.007797140162438154, 'training/value_loss': 0.0001960001391125843}
{'eval/num_episodes': 200, 'eval/num_steps': 200, 'eval/mean_score': np.float64(0.901), 'eval/std_score': np.float64(0.01), 'eval/mean_episode_length': np.float64(1.0), 'eval/std_episode_length': np.float64(0.0), 'eval/eval_time': 0.07842731475830078}
{'training/total_steps': 46000, 'training/updates': 23, 'training/sps': np.float64(6300.421), 'training/walltime': np.float64(9.853), 'training/rollout_time': np.float64(0.316), 'training/update_time': np.float64(0.002), 'training/approx_kl': 0.0, 'training/entropy': 0.0955963283777237, 'training/policy_loss': 0.007884715683758259, 'training/total_loss': 0.007985115982592106, 'training/value_loss': 0.00020080007379874587}
{'eval/num_episodes': 200, 'eval/num_steps': 200, 'eval/mean_score': np.float64(0.902), 'eval/std_score': np.float64(0.014), 'eval/mean_episode_length': np.float64(1.0), 'eval/std_episode_length': np.float64(0.0), 'eval/eval_time': 0.07026886940002441}
{'training/total_steps': 48000, 'training/updates': 24, 'training/sps': np.float64(5723.332), 'training/walltime': np.float64(10.273), 'training/rollout_time': np.float64(0.348), 'training/update_time': np.float64(0.001), 'training/approx_kl': 0.0, 'training/entropy': 0.09589622914791107, 'training/policy_loss': 0.005170025862753391, 'training/total_loss': 0.005236859433352947, 'training/value_loss': 0.00013366749044507742}
{'eval/num_episodes': 200, 'eval/num_steps': 200, 'eval/mean_score': np.float64(0.903), 'eval/std_score': np.float64(0.017), 'eval/mean_episode_length': np.float64(1.0), 'eval/std_episode_length': np.float64(0.0), 'eval/eval_time': 0.07345366477966309}
{'training/total_steps': 50000, 'training/updates': 25, 'training/sps': np.float64(6359.135), 'training/walltime': np.float64(10.661), 'training/rollout_time': np.float64(0.313), 'training/update_time': np.float64(0.001), 'training/approx_kl': 0.0, 'training/entropy': 0.09609606862068176, 'training/policy_loss': 0.00910159945487976, 'training/total_loss': 0.009216838516294956, 'training/value_loss': 0.00023047767172101885}
{'eval/num_episodes': 200, 'eval/num_steps': 200, 'eval/mean_score': np.float64(0.904), 'eval/std_score': np.float64(0.02), 'eval/mean_episode_length': np.float64(1.0), 'eval/std_episode_length': np.float64(0.0), 'eval/eval_time': 0.07166814804077148}
{'training/total_steps': 52000, 'training/updates': 26, 'training/sps': np.float64(6365.862), 'training/walltime': np.float64(11.047), 'training/rollout_time': np.float64(0.313), 'training/update_time': np.float64(0.001), 'training/approx_kl': 0.0, 'training/entropy': 0.09644106030464172, 'training/policy_loss': 0.006482793018221855, 'training/total_loss': 0.0065665594302117825, 'training/value_loss': 0.0001675326784607023}
{'eval/num_episodes': 200, 'eval/num_steps': 200, 'eval/mean_score': np.float64(0.901), 'eval/std_score': np.float64(0.012), 'eval/mean_episode_length': np.float64(1.0), 'eval/std_episode_length': np.float64(0.0), 'eval/eval_time': 0.07252693176269531}
{'training/total_steps': 54000, 'training/updates': 27, 'training/sps': np.float64(5992.094), 'training/walltime': np.float64(11.454), 'training/rollout_time': np.float64(0.332), 'training/update_time': np.float64(0.001), 'training/approx_kl': 0.0, 'training/entropy': 0.09669280052185059, 'training/policy_loss': 0.00556756230071187, 'training/total_loss': 0.005639042239636183, 'training/value_loss': 0.00014296006702352315}
{'eval/num_episodes': 200, 'eval/num_steps': 200, 'eval/mean_score': np.float64(0.9), 'eval/std_score': np.float64(0.007), 'eval/mean_episode_length': np.float64(1.0), 'eval/std_episode_length': np.float64(0.0), 'eval/eval_time': 0.0743417739868164}
{'training/total_steps': 56000, 'training/updates': 28, 'training/sps': np.float64(6455.82), 'training/walltime': np.float64(11.838), 'training/rollout_time': np.float64(0.308), 'training/update_time': np.float64(0.001), 'training/approx_kl': 0.0, 'training/entropy': 0.09690850973129272, 'training/policy_loss': 0.007130596321076155, 'training/total_loss': 0.0072214649990201, 'training/value_loss': 0.00018173767603002489}
{'eval/num_episodes': 200, 'eval/num_steps': 200, 'eval/mean_score': np.float64(0.903), 'eval/std_score': np.float64(0.017), 'eval/mean_episode_length': np.float64(1.0), 'eval/std_episode_length': np.float64(0.0), 'eval/eval_time': 0.0733950138092041}
{'training/total_steps': 58000, 'training/updates': 29, 'training/sps': np.float64(5903.309), 'training/walltime': np.float64(12.251), 'training/rollout_time': np.float64(0.337), 'training/update_time': np.float64(0.001), 'training/approx_kl': 0.0, 'training/entropy': 0.0971829891204834, 'training/policy_loss': 0.006702055223286152, 'training/total_loss': 0.006788028869777918, 'training/value_loss': 0.00017194759857375175}
{'eval/num_episodes': 200, 'eval/num_steps': 200, 'eval/mean_score': np.float64(0.903), 'eval/std_score': np.float64(0.018), 'eval/mean_episode_length': np.float64(1.0), 'eval/std_episode_length': np.float64(0.0), 'eval/eval_time': 0.0739898681640625}
{'training/total_steps': 60000, 'training/updates': 30, 'training/sps': np.float64(6406.334), 'training/walltime': np.float64(12.638), 'training/rollout_time': np.float64(0.311), 'training/update_time': np.float64(0.001), 'training/approx_kl': 0.0, 'training/entropy': 0.0974435806274414, 'training/policy_loss': 0.006127242464572191, 'training/total_loss': 0.00620597368106246, 'training/value_loss': 0.00015746266581118107}
{'eval/num_episodes': 200, 'eval/num_steps': 200, 'eval/mean_score': np.float64(0.901), 'eval/std_score': np.float64(0.012), 'eval/mean_episode_length': np.float64(1.0), 'eval/std_episode_length': np.float64(0.0), 'eval/eval_time': 0.07288312911987305}
TRAINING END: training duration: 12.710750102996826
{'final_eval/num_episodes': 200, 'final_eval/num_steps': 200, 'final_eval/mean_score': np.float64(0.8999999761581421), 'final_eval/std_score': np.float64(0.0), 'final_eval/mean_episode_length': np.float64(1.0), 'final_eval/std_episode_length': np.float64(0.0)}
(0.0)}
