|param: value|
|experiment_name:  trpo_procgen|
|seed:  16|
|platform:  cpu|
|write_logs_to_file:  False|
|save_model:  False|
|env_name:  bandit|
|num_envs:  8|
|num_train_levels:  200|
|distribution_mode:  easy|
|arm_means:  (1.0, 0.9)|
|deterministic_rewards:  True|
|eval_env:  True|
|num_eval_episodes:  200|
|eval_every:  1|
|deterministic_eval:  False|
|normalize_observations:  True|
|total_timesteps:  60000|
|learning_rate:  0.01|
|unroll_length:  250|
|anneal_lr:  False|
|gamma:  0.99|
|gae_lambda:  0.95|
|batch_size:  1|
|num_minibatches:  8|
|update_epochs:  10|
|normalize_advantages:  True|
|target_kl:  0.01|
|cg_damping:  0.1|
|cg_max_iterations:  10|
|line_search_max_iter:  10|
|line_search_shrinking_factor:  0.8|
|vf_cost:  1.0|
|max_grad_norm:  0.5|
|reward_scaling:  1.0|
|use_cnn:  False|
|policy_hidden_layer_sizes:  ()|
|value_hidden_layer_sizes:  ()|
|activation:  <jax._src.custom_derivatives.custom_jvp object at 0x108206710>|
|policy_init_logit_bias:  [0.0, 4.0]|
|entropy_cost:  0.0|
{'training/total_steps': 2000, 'training/updates': 1, 'training/sps': np.float64(1458.946), 'training/walltime': np.float64(1.371), 'training/rollout_time': np.float64(0.115), 'training/update_time': np.float64(1.255), 'training/iterations': 1.0, 'training/kl_div': 0.008209992200136185, 'training/line_search_success': 1.0, 'training/new_policy_objective': 0.9786314368247986, 'training/policy_objective': 0.7010674476623535, 'training/value_loss': 0.5197591781616211}
{'eval/num_episodes': 200, 'eval/num_steps': 200, 'eval/mean_score': np.float64(0.934), 'eval/std_score': np.float64(0.047), 'eval/mean_episode_length': np.float64(1.0), 'eval/std_episode_length': np.float64(0.0), 'eval/eval_time': 0.07339978218078613}
{'training/total_steps': 4000, 'training/updates': 2, 'training/sps': np.float64(19891.18), 'training/walltime': np.float64(1.563), 'training/rollout_time': np.float64(0.097), 'training/update_time': np.float64(0.003), 'training/iterations': 1.0, 'training/kl_div': 0.008749914355576038, 'training/line_search_success': 1.0, 'training/new_policy_objective': 0.5938212871551514, 'training/policy_objective': 0.46882450580596924, 'training/value_loss': 0.0020671829115599394}
{'eval/num_episodes': 200, 'eval/num_steps': 200, 'eval/mean_score': np.float64(0.989), 'eval/std_score': np.float64(0.031), 'eval/mean_episode_length': np.float64(1.0), 'eval/std_episode_length': np.float64(0.0), 'eval/eval_time': 0.07389688491821289}
{'training/total_steps': 6000, 'training/updates': 3, 'training/sps': np.float64(19879.914), 'training/walltime': np.float64(1.738), 'training/rollout_time': np.float64(0.097), 'training/update_time': np.float64(0.003), 'training/iterations': 1.0, 'training/kl_div': 0.004530301317572594, 'training/line_search_success': 1.0, 'training/new_policy_objective': 0.3020893633365631, 'training/policy_objective': 0.2521513104438782, 'training/value_loss': 0.0007549070287495852}
{'eval/num_episodes': 200, 'eval/num_steps': 200, 'eval/mean_score': np.float64(1.0), 'eval/std_score': np.float64(0.0), 'eval/mean_episode_length': np.float64(1.0), 'eval/std_episode_length': np.float64(0.0), 'eval/eval_time': 0.07374405860900879}
{'training/total_steps': 8000, 'training/updates': 4, 'training/sps': np.float64(19740.409), 'training/walltime': np.float64(1.914), 'training/rollout_time': np.float64(0.098), 'training/update_time': np.float64(0.003), 'training/iterations': 1.0, 'training/kl_div': nan, 'training/line_search_success': 0.375, 'training/new_policy_objective': nan, 'training/policy_objective': 0.011120114475488663, 'training/value_loss': 1.9165954654454254e-05}
{'eval/num_episodes': 200, 'eval/num_steps': 200, 'eval/mean_score': np.float64(1.0), 'eval/std_score': np.float64(0.0), 'eval/mean_episode_length': np.float64(1.0), 'eval/std_episode_length': np.float64(0.0), 'eval/eval_time': 0.07192587852478027}
{'training/total_steps': 10000, 'training/updates': 5, 'training/sps': np.float64(19802.434), 'training/walltime': np.float64(2.087), 'training/rollout_time': np.float64(0.098), 'training/update_time': np.float64(0.003), 'training/iterations': 1.0, 'training/kl_div': nan, 'training/line_search_success': 0.0, 'training/new_policy_objective': nan, 'training/policy_objective': 0.0, 'training/value_loss': 2.4460171665907637e-09}
{'eval/num_episodes': 200, 'eval/num_steps': 200, 'eval/mean_score': np.float64(1.0), 'eval/std_score': np.float64(0.0), 'eval/mean_episode_length': np.float64(1.0), 'eval/std_episode_length': np.float64(0.0), 'eval/eval_time': 0.07485795021057129}
{'training/total_steps': 12000, 'training/updates': 6, 'training/sps': np.float64(19126.876), 'training/walltime': np.float64(2.267), 'training/rollout_time': np.float64(0.101), 'training/update_time': np.float64(0.003), 'training/iterations': 1.0, 'training/kl_div': nan, 'training/line_search_success': 0.125, 'training/new_policy_objective': nan, 'training/policy_objective': 6.675720420901143e-09, 'training/value_loss': 2.4993344140966656e-06}
{'eval/num_episodes': 200, 'eval/num_steps': 200, 'eval/mean_score': np.float64(1.0), 'eval/std_score': np.float64(0.0), 'eval/mean_episode_length': np.float64(1.0), 'eval/std_episode_length': np.float64(0.0), 'eval/eval_time': 0.07303094863891602}
{'training/total_steps': 14000, 'training/updates': 7, 'training/sps': np.float64(20171.227), 'training/walltime': np.float64(2.439), 'training/rollout_time': np.float64(0.096), 'training/update_time': np.float64(0.003), 'training/iterations': 1.0, 'training/kl_div': 0.0013981162337586284, 'training/line_search_success': 1.0, 'training/new_policy_objective': -0.00036072652437724173, 'training/policy_objective': -0.00036226329393684864, 'training/value_loss': 1.3413763155778469e-10}
{'eval/num_episodes': 200, 'eval/num_steps': 200, 'eval/mean_score': np.float64(0.998), 'eval/std_score': np.float64(0.014), 'eval/mean_episode_length': np.float64(1.0), 'eval/std_episode_length': np.float64(0.0), 'eval/eval_time': 0.07059001922607422}
{'training/total_steps': 16000, 'training/updates': 8, 'training/sps': np.float64(19439.178), 'training/walltime': np.float64(2.613), 'training/rollout_time': np.float64(0.098), 'training/update_time': np.float64(0.005), 'training/iterations': 1.0, 'training/kl_div': 0.0015780340181663632, 'training/line_search_success': 1.0, 'training/new_policy_objective': 0.1552126705646515, 'training/policy_objective': 0.12870994210243225, 'training/value_loss': 0.00016481320199090987}
{'eval/num_episodes': 200, 'eval/num_steps': 200, 'eval/mean_score': np.float64(1.0), 'eval/std_score': np.float64(0.0), 'eval/mean_episode_length': np.float64(1.0), 'eval/std_episode_length': np.float64(0.0), 'eval/eval_time': 0.07676315307617188}
{'training/total_steps': 18000, 'training/updates': 9, 'training/sps': np.float64(15058.067), 'training/walltime': np.float64(2.823), 'training/rollout_time': np.float64(0.13), 'training/update_time': np.float64(0.003), 'training/iterations': 1.0, 'training/kl_div': 0.0017301260959357023, 'training/line_search_success': 1.0, 'training/new_policy_objective': -0.0225101038813591, 'training/policy_objective': -0.022633159533143044, 'training/value_loss': 5.508518938768248e-07}
{'eval/num_episodes': 200, 'eval/num_steps': 200, 'eval/mean_score': np.float64(0.997), 'eval/std_score': np.float64(0.017), 'eval/mean_episode_length': np.float64(1.0), 'eval/std_episode_length': np.float64(0.0), 'eval/eval_time': 0.07456302642822266}
{'training/total_steps': 20000, 'training/updates': 10, 'training/sps': np.float64(20414.609), 'training/walltime': np.float64(2.996), 'training/rollout_time': np.float64(0.095), 'training/update_time': np.float64(0.003), 'training/iterations': 1.0, 'training/kl_div': 0.0019152088789269328, 'training/line_search_success': 1.0, 'training/new_policy_objective': 0.19355443120002747, 'training/policy_objective': 0.16648444533348083, 'training/value_loss': 0.0002386480337008834}
{'eval/num_episodes': 200, 'eval/num_steps': 200, 'eval/mean_score': np.float64(1.0), 'eval/std_score': np.float64(0.0), 'eval/mean_episode_length': np.float64(1.0), 'eval/std_episode_length': np.float64(0.0), 'eval/eval_time': 0.0742807388305664}
{'training/total_steps': 22000, 'training/updates': 11, 'training/sps': np.float64(18848.178), 'training/walltime': np.float64(3.177), 'training/rollout_time': np.float64(0.103), 'training/update_time': np.float64(0.003), 'training/iterations': 1.0, 'training/kl_div': 0.0007471467251889408, 'training/line_search_success': 1.0, 'training/new_policy_objective': -0.050256937742233276, 'training/policy_objective': -0.07788969576358795, 'training/value_loss': 3.566843588487245e-06}
{'eval/num_episodes': 200, 'eval/num_steps': 200, 'eval/mean_score': np.float64(0.998), 'eval/std_score': np.float64(0.014), 'eval/mean_episode_length': np.float64(1.0), 'eval/std_episode_length': np.float64(0.0), 'eval/eval_time': 0.07991433143615723}
{'training/total_steps': 24000, 'training/updates': 12, 'training/sps': np.float64(17995.281), 'training/walltime': np.float64(3.369), 'training/rollout_time': np.float64(0.108), 'training/update_time': np.float64(0.003), 'training/iterations': 1.0, 'training/kl_div': 0.0008553809020668268, 'training/line_search_success': 1.0, 'training/new_policy_objective': 0.10498657822608948, 'training/policy_objective': 0.08939597010612488, 'training/value_loss': 7.15367859811522e-05}
{'eval/num_episodes': 200, 'eval/num_steps': 200, 'eval/mean_score': np.float64(1.0), 'eval/std_score': np.float64(0.0), 'eval/mean_episode_length': np.float64(1.0), 'eval/std_episode_length': np.float64(0.0), 'eval/eval_time': 0.07242703437805176}
{'training/total_steps': 26000, 'training/updates': 13, 'training/sps': np.float64(19328.902), 'training/walltime': np.float64(3.545), 'training/rollout_time': np.float64(0.1), 'training/update_time': np.float64(0.003), 'training/iterations': 1.0, 'training/kl_div': 0.0008418471552431583, 'training/line_search_success': 1.0, 'training/new_policy_objective': -0.01145741157233715, 'training/policy_objective': -0.011485066264867783, 'training/value_loss': 9.117512433931552e-08}
{'eval/num_episodes': 200, 'eval/num_steps': 200, 'eval/mean_score': np.float64(0.998), 'eval/std_score': np.float64(0.012), 'eval/mean_episode_length': np.float64(1.0), 'eval/std_episode_length': np.float64(0.0), 'eval/eval_time': 0.07100629806518555}
{'training/total_steps': 28000, 'training/updates': 14, 'training/sps': np.float64(19306.614), 'training/walltime': np.float64(3.72), 'training/rollout_time': np.float64(0.1), 'training/update_time': np.float64(0.003), 'training/iterations': 1.0, 'training/kl_div': 0.000993850757367909, 'training/line_search_success': 1.0, 'training/new_policy_objective': 0.13186734914779663, 'training/policy_objective': 0.11247380822896957, 'training/value_loss': 0.00011499779066070914}
{'eval/num_episodes': 200, 'eval/num_steps': 200, 'eval/mean_score': np.float64(1.0), 'eval/std_score': np.float64(0.0), 'eval/mean_episode_length': np.float64(1.0), 'eval/std_episode_length': np.float64(0.0), 'eval/eval_time': 0.07175397872924805}
{'training/total_steps': 30000, 'training/updates': 15, 'training/sps': np.float64(19186.679), 'training/walltime': np.float64(3.897), 'training/rollout_time': np.float64(0.101), 'training/update_time': np.float64(0.003), 'training/iterations': 1.0, 'training/kl_div': nan, 'training/line_search_success': 0.0, 'training/new_policy_objective': nan, 'training/policy_objective': 0.0, 'training/value_loss': 2.2616710282363783e-07}
{'eval/num_episodes': 200, 'eval/num_steps': 200, 'eval/mean_score': np.float64(1.0), 'eval/std_score': np.float64(0.0), 'eval/mean_episode_length': np.float64(1.0), 'eval/std_episode_length': np.float64(0.0), 'eval/eval_time': 0.07149219512939453}
{'training/total_steps': 32000, 'training/updates': 16, 'training/sps': np.float64(19836.148), 'training/walltime': np.float64(4.069), 'training/rollout_time': np.float64(0.097), 'training/update_time': np.float64(0.003), 'training/iterations': 1.0, 'training/kl_div': 0.001005479833111167, 'training/line_search_success': 1.0, 'training/new_policy_objective': -0.00018088825163431466, 'training/policy_objective': -0.00018141910550184548, 'training/value_loss': 3.011866450686185e-11}
{'eval/num_episodes': 200, 'eval/num_steps': 200, 'eval/mean_score': np.float64(0.997), 'eval/std_score': np.float64(0.017), 'eval/mean_episode_length': np.float64(1.0), 'eval/std_episode_length': np.float64(0.0), 'eval/eval_time': 0.0723867416381836}
{'training/total_steps': 34000, 'training/updates': 17, 'training/sps': np.float64(18268.193), 'training/walltime': np.float64(4.252), 'training/rollout_time': np.float64(0.106), 'training/update_time': np.float64(0.003), 'training/iterations': 1.0, 'training/kl_div': 0.001169025432318449, 'training/line_search_success': 1.0, 'training/new_policy_objective': 0.13087791204452515, 'training/policy_objective': 0.11353248357772827, 'training/value_loss': 0.00010777771240100265}
{'eval/num_episodes': 200, 'eval/num_steps': 200, 'eval/mean_score': np.float64(1.0), 'eval/std_score': np.float64(0.0), 'eval/mean_episode_length': np.float64(1.0), 'eval/std_episode_length': np.float64(0.0), 'eval/eval_time': 0.08388996124267578}
{'training/total_steps': 36000, 'training/updates': 18, 'training/sps': np.float64(19092.746), 'training/walltime': np.float64(4.441), 'training/rollout_time': np.float64(0.101), 'training/update_time': np.float64(0.003), 'training/iterations': 1.0, 'training/kl_div': nan, 'training/line_search_success': 0.125, 'training/new_policy_objective': nan, 'training/policy_objective': -9.536743617033494e-10, 'training/value_loss': 2.709107093323837e-06}
{'eval/num_episodes': 200, 'eval/num_steps': 200, 'eval/mean_score': np.float64(1.0), 'eval/std_score': np.float64(0.0), 'eval/mean_episode_length': np.float64(1.0), 'eval/std_episode_length': np.float64(0.0), 'eval/eval_time': 0.07922601699829102}
{'training/total_steps': 38000, 'training/updates': 19, 'training/sps': np.float64(18356.861), 'training/walltime': np.float64(4.629), 'training/rollout_time': np.float64(0.106), 'training/update_time': np.float64(0.003), 'training/iterations': 1.0, 'training/kl_div': 0.0006423773011192679, 'training/line_search_success': 1.0, 'training/new_policy_objective': -0.00018128403462469578, 'training/policy_objective': -0.0001816107687773183, 'training/value_loss': 4.4873771365416815e-11}
{'eval/num_episodes': 200, 'eval/num_steps': 200, 'eval/mean_score': np.float64(0.999), 'eval/std_score': np.float64(0.01), 'eval/mean_episode_length': np.float64(1.0), 'eval/std_episode_length': np.float64(0.0), 'eval/eval_time': 0.07105588912963867}
{'training/total_steps': 40000, 'training/updates': 20, 'training/sps': np.float64(18636.713), 'training/walltime': np.float64(4.808), 'training/rollout_time': np.float64(0.102), 'training/update_time': np.float64(0.005), 'training/iterations': 1.0, 'training/kl_div': 0.0007750745280645788, 'training/line_search_success': 1.0, 'training/new_policy_objective': 0.11252113431692123, 'training/policy_objective': 0.09518089890480042, 'training/value_loss': 8.613902173237875e-05}
{'eval/num_episodes': 200, 'eval/num_steps': 200, 'eval/mean_score': np.float64(1.0), 'eval/std_score': np.float64(0.0), 'eval/mean_episode_length': np.float64(1.0), 'eval/std_episode_length': np.float64(0.0), 'eval/eval_time': 0.07172298431396484}
{'training/total_steps': 42000, 'training/updates': 21, 'training/sps': np.float64(19442.062), 'training/walltime': np.float64(4.983), 'training/rollout_time': np.float64(0.1), 'training/update_time': np.float64(0.003), 'training/iterations': 1.0, 'training/kl_div': 0.0007492944714613259, 'training/line_search_success': 1.0, 'training/new_policy_objective': -0.011463725008070469, 'training/policy_objective': -0.011488106101751328, 'training/value_loss': 1.0676075135052088e-07}
{'eval/num_episodes': 200, 'eval/num_steps': 200, 'eval/mean_score': np.float64(0.999), 'eval/std_score': np.float64(0.007), 'eval/mean_episode_length': np.float64(1.0), 'eval/std_episode_length': np.float64(0.0), 'eval/eval_time': 0.07091712951660156}
{'training/total_steps': 44000, 'training/updates': 22, 'training/sps': np.float64(19004.248), 'training/walltime': np.float64(5.16), 'training/rollout_time': np.float64(0.102), 'training/update_time': np.float64(0.003), 'training/iterations': 1.0, 'training/kl_div': 0.0008931417833082378, 'training/line_search_success': 1.0, 'training/new_policy_objective': 0.10620216280221939, 'training/policy_objective': 0.0959448367357254, 'training/value_loss': 6.914456753293052e-05}
{'eval/num_episodes': 200, 'eval/num_steps': 200, 'eval/mean_score': np.float64(1.0), 'eval/std_score': np.float64(0.0), 'eval/mean_episode_length': np.float64(1.0), 'eval/std_episode_length': np.float64(0.0), 'eval/eval_time': 0.07252192497253418}
{'training/total_steps': 46000, 'training/updates': 23, 'training/sps': np.float64(19740.642), 'training/walltime': np.float64(5.334), 'training/rollout_time': np.float64(0.098), 'training/update_time': np.float64(0.003), 'training/iterations': 1.0, 'training/kl_div': 0.0008859972003847361, 'training/line_search_success': 1.0, 'training/new_policy_objective': -0.011454323306679726, 'training/policy_objective': -0.011483561247587204, 'training/value_loss': 6.766398286117692e-08}
{'eval/num_episodes': 200, 'eval/num_steps': 200, 'eval/mean_score': np.float64(0.998), 'eval/std_score': np.float64(0.014), 'eval/mean_episode_length': np.float64(1.0), 'eval/std_episode_length': np.float64(0.0), 'eval/eval_time': 0.07136893272399902}
{'training/total_steps': 48000, 'training/updates': 24, 'training/sps': np.float64(19861.98), 'training/walltime': np.float64(5.506), 'training/rollout_time': np.float64(0.097), 'training/update_time': np.float64(0.003), 'training/iterations': 1.0, 'training/kl_div': 0.0010414677672088146, 'training/line_search_success': 1.0, 'training/new_policy_objective': 0.09959327429533005, 'training/policy_objective': 0.08803233504295349, 'training/value_loss': 7.405411452054977e-05}
{'eval/num_episodes': 200, 'eval/num_steps': 200, 'eval/mean_score': np.float64(1.0), 'eval/std_score': np.float64(0.0), 'eval/mean_episode_length': np.float64(1.0), 'eval/std_episode_length': np.float64(0.0), 'eval/eval_time': 0.07248711585998535}
{'training/total_steps': 50000, 'training/updates': 25, 'training/sps': np.float64(18492.14), 'training/walltime': np.float64(5.687), 'training/rollout_time': np.float64(0.105), 'training/update_time': np.float64(0.003), 'training/iterations': 1.0, 'training/kl_div': 0.001062737195752561, 'training/line_search_success': 1.0, 'training/new_policy_objective': -0.011441441252827644, 'training/policy_objective': -0.011477155610918999, 'training/value_loss': 1.0315434195717899e-07}
{'eval/num_episodes': 200, 'eval/num_steps': 200, 'eval/mean_score': np.float64(0.998), 'eval/std_score': np.float64(0.014), 'eval/mean_episode_length': np.float64(1.0), 'eval/std_episode_length': np.float64(0.0), 'eval/eval_time': 0.06925678253173828}
{'training/total_steps': 52000, 'training/updates': 26, 'training/sps': np.float64(19572.342), 'training/walltime': np.float64(5.859), 'training/rollout_time': np.float64(0.099), 'training/update_time': np.float64(0.003), 'training/iterations': 1.0, 'training/kl_div': 0.0012295700144022703, 'training/line_search_success': 1.0, 'training/new_policy_objective': 0.14878413081169128, 'training/policy_objective': 0.1250721514225006, 'training/value_loss': 0.00014586796169169247}
{'eval/num_episodes': 200, 'eval/num_steps': 200, 'eval/mean_score': np.float64(1.0), 'eval/std_score': np.float64(0.0), 'eval/mean_episode_length': np.float64(1.0), 'eval/std_episode_length': np.float64(0.0), 'eval/eval_time': 0.07307291030883789}
{'training/total_steps': 54000, 'training/updates': 27, 'training/sps': np.float64(19872.379), 'training/walltime': np.float64(6.033), 'training/rollout_time': np.float64(0.097), 'training/update_time': np.float64(0.004), 'training/iterations': 1.0, 'training/kl_div': 0.0012928975047543645, 'training/line_search_success': 1.0, 'training/new_policy_objective': -0.022586790844798088, 'training/policy_objective': -0.02267475239932537, 'training/value_loss': 3.295368458111625e-07}
{'eval/num_episodes': 200, 'eval/num_steps': 200, 'eval/mean_score': np.float64(0.995), 'eval/std_score': np.float64(0.021), 'eval/mean_episode_length': np.float64(1.0), 'eval/std_episode_length': np.float64(0.0), 'eval/eval_time': 0.07229900360107422}
{'training/total_steps': 56000, 'training/updates': 28, 'training/sps': np.float64(20367.768), 'training/walltime': np.float64(6.204), 'training/rollout_time': np.float64(0.094), 'training/update_time': np.float64(0.004), 'training/iterations': 1.0, 'training/kl_div': 0.0014696989674121141, 'training/line_search_success': 1.0, 'training/new_policy_objective': 0.14517077803611755, 'training/policy_objective': 0.1241602972149849, 'training/value_loss': 0.00013398721057455987}
{'eval/num_episodes': 200, 'eval/num_steps': 200, 'eval/mean_score': np.float64(1.0), 'eval/std_score': np.float64(0.0), 'eval/mean_episode_length': np.float64(1.0), 'eval/std_episode_length': np.float64(0.0), 'eval/eval_time': 0.07146596908569336}
{'training/total_steps': 58000, 'training/updates': 29, 'training/sps': np.float64(20282.572), 'training/walltime': np.float64(6.375), 'training/rollout_time': np.float64(0.095), 'training/update_time': np.float64(0.003), 'training/iterations': 1.0, 'training/kl_div': 0.0015932004898786545, 'training/line_search_success': 1.0, 'training/new_policy_objective': -0.022535407915711403, 'training/policy_objective': -0.02264716848731041, 'training/value_loss': 2.3821753813990654e-07}
{'eval/num_episodes': 200, 'eval/num_steps': 200, 'eval/mean_score': np.float64(0.997), 'eval/std_score': np.float64(0.016), 'eval/mean_episode_length': np.float64(1.0), 'eval/std_episode_length': np.float64(0.0), 'eval/eval_time': 0.07065272331237793}
{'training/total_steps': 60000, 'training/updates': 30, 'training/sps': np.float64(20123.37), 'training/walltime': np.float64(6.545), 'training/rollout_time': np.float64(0.096), 'training/update_time': np.float64(0.003), 'training/iterations': 1.0, 'training/kl_div': 0.00177691038697958, 'training/line_search_success': 1.0, 'training/new_policy_objective': 0.17040735483169556, 'training/policy_objective': 0.14431200921535492, 'training/value_loss': 0.0001904215750982985}
{'eval/num_episodes': 200, 'eval/num_steps': 200, 'eval/mean_score': np.float64(1.0), 'eval/std_score': np.float64(0.0), 'eval/mean_episode_length': np.float64(1.0), 'eval/std_episode_length': np.float64(0.0), 'eval/eval_time': 0.07234311103820801}
TRAINING END: training duration: 6.618140935897827
{'final_eval/num_episodes': 200, 'final_eval/num_steps': 200, 'final_eval/mean_score': np.float64(1.0), 'final_eval/std_score': np.float64(0.0), 'final_eval/mean_episode_length': np.float64(1.0), 'final_eval/std_episode_length': np.float64(0.0)}
}
