|param: value|
|experiment_name:  trpo_procgen|
|seed:  1|
|platform:  cpu|
|write_logs_to_file:  False|
|save_model:  False|
|env_name:  bandit|
|num_envs:  8|
|num_train_levels:  200|
|distribution_mode:  easy|
|arm_means:  (1.0, 0.9)|
|deterministic_rewards:  True|
|eval_env:  True|
|num_eval_episodes:  200|
|eval_every:  1|
|deterministic_eval:  False|
|normalize_observations:  True|
|total_timesteps:  60000|
|learning_rate:  0.01|
|unroll_length:  250|
|anneal_lr:  False|
|gamma:  0.99|
|gae_lambda:  0.95|
|batch_size:  1|
|num_minibatches:  8|
|update_epochs:  10|
|normalize_advantages:  True|
|target_kl:  0.01|
|cg_damping:  0.1|
|cg_max_iterations:  10|
|line_search_max_iter:  10|
|line_search_shrinking_factor:  0.8|
|vf_cost:  1.0|
|max_grad_norm:  0.5|
|reward_scaling:  1.0|
|use_cnn:  False|
|policy_hidden_layer_sizes:  ()|
|value_hidden_layer_sizes:  ()|
|activation:  <jax._src.custom_derivatives.custom_jvp object at 0x1289a0c10>|
|policy_init_logit_bias:  [0.0, 6.0]|
|entropy_cost:  0.0|
{'training/total_steps': 2000, 'training/updates': 1, 'training/sps': np.float64(1538.467), 'training/walltime': np.float64(1.3), 'training/rollout_time': np.float64(0.116), 'training/update_time': np.float64(1.184), 'training/iterations': 1.0, 'training/kl_div': 0.006048957817256451, 'training/line_search_success': 1.0, 'training/new_policy_objective': 0.28793174028396606, 'training/policy_objective': -0.02249312400817871, 'training/value_loss': 0.08589529246091843}
{'eval/num_episodes': 200, 'eval/num_steps': 200, 'eval/mean_score': np.float64(0.924), 'eval/std_score': np.float64(0.043), 'eval/mean_episode_length': np.float64(1.0), 'eval/std_episode_length': np.float64(0.0), 'eval/eval_time': 0.06971001625061035}
{'training/total_steps': 4000, 'training/updates': 2, 'training/sps': np.float64(20534.545), 'training/walltime': np.float64(1.485), 'training/rollout_time': np.float64(0.094), 'training/update_time': np.float64(0.004), 'training/iterations': 1.0, 'training/kl_div': 0.009065300226211548, 'training/line_search_success': 1.0, 'training/new_policy_objective': 0.6882477402687073, 'training/policy_objective': 0.5349780321121216, 'training/value_loss': 0.0008670326205901802}
{'eval/num_episodes': 200, 'eval/num_steps': 200, 'eval/mean_score': np.float64(0.969), 'eval/std_score': np.float64(0.046), 'eval/mean_episode_length': np.float64(1.0), 'eval/std_episode_length': np.float64(0.0), 'eval/eval_time': 0.07255387306213379}
{'training/total_steps': 6000, 'training/updates': 3, 'training/sps': np.float64(19679.742), 'training/walltime': np.float64(1.66), 'training/rollout_time': np.float64(0.098), 'training/update_time': np.float64(0.003), 'training/iterations': 1.0, 'training/kl_div': 0.006575122941285372, 'training/line_search_success': 1.0, 'training/new_policy_objective': 0.3999224305152893, 'training/policy_objective': 0.3271348476409912, 'training/value_loss': 0.0011190063087269664}
{'eval/num_episodes': 200, 'eval/num_steps': 200, 'eval/mean_score': np.float64(0.999), 'eval/std_score': np.float64(0.007), 'eval/mean_episode_length': np.float64(1.0), 'eval/std_episode_length': np.float64(0.0), 'eval/eval_time': 0.0747079849243164}
{'training/total_steps': 8000, 'training/updates': 4, 'training/sps': np.float64(20102.538), 'training/walltime': np.float64(1.834), 'training/rollout_time': np.float64(0.096), 'training/update_time': np.float64(0.003), 'training/iterations': 1.0, 'training/kl_div': 0.000564762216527015, 'training/line_search_success': 1.0, 'training/new_policy_objective': 0.0788937360048294, 'training/policy_objective': 0.06892740726470947, 'training/value_loss': 7.064911915222183e-05}
{'eval/num_episodes': 200, 'eval/num_steps': 200, 'eval/mean_score': np.float64(1.0), 'eval/std_score': np.float64(0.0), 'eval/mean_episode_length': np.float64(1.0), 'eval/std_episode_length': np.float64(0.0), 'eval/eval_time': 0.07206892967224121}
{'training/total_steps': 10000, 'training/updates': 5, 'training/sps': np.float64(20108.947), 'training/walltime': np.float64(2.006), 'training/rollout_time': np.float64(0.096), 'training/update_time': np.float64(0.003), 'training/iterations': 1.0, 'training/kl_div': 0.0005171484663151205, 'training/line_search_success': 1.0, 'training/new_policy_objective': -0.0028946404345333576, 'training/policy_objective': -0.0028987841214984655, 'training/value_loss': 8.612039970046226e-09}
{'eval/num_episodes': 200, 'eval/num_steps': 200, 'eval/mean_score': np.float64(0.998), 'eval/std_score': np.float64(0.012), 'eval/mean_episode_length': np.float64(1.0), 'eval/std_episode_length': np.float64(0.0), 'eval/eval_time': 0.07204318046569824}
{'training/total_steps': 12000, 'training/updates': 6, 'training/sps': np.float64(20604.3), 'training/walltime': np.float64(2.176), 'training/rollout_time': np.float64(0.094), 'training/update_time': np.float64(0.003), 'training/iterations': 1.0, 'training/kl_div': 0.0006339249666780233, 'training/line_search_success': 1.0, 'training/new_policy_objective': 0.10434554517269135, 'training/policy_objective': 0.08985895663499832, 'training/value_loss': 7.156636274885386e-05}
{'eval/num_episodes': 200, 'eval/num_steps': 200, 'eval/mean_score': np.float64(1.0), 'eval/std_score': np.float64(0.0), 'eval/mean_episode_length': np.float64(1.0), 'eval/std_episode_length': np.float64(0.0), 'eval/eval_time': 0.07182598114013672}
{'training/total_steps': 14000, 'training/updates': 7, 'training/sps': np.float64(20173.458), 'training/walltime': np.float64(2.347), 'training/rollout_time': np.float64(0.096), 'training/update_time': np.float64(0.003), 'training/iterations': 1.0, 'training/kl_div': 0.0005916604422964156, 'training/line_search_success': 1.0, 'training/new_policy_objective': -0.011473985388875008, 'training/policy_objective': -0.011492929421365261, 'training/value_loss': 9.172861581419056e-08}
{'eval/num_episodes': 200, 'eval/num_steps': 200, 'eval/mean_score': np.float64(0.998), 'eval/std_score': np.float64(0.012), 'eval/mean_episode_length': np.float64(1.0), 'eval/std_episode_length': np.float64(0.0), 'eval/eval_time': 0.06984996795654297}
{'training/total_steps': 16000, 'training/updates': 8, 'training/sps': np.float64(20782.709), 'training/walltime': np.float64(2.514), 'training/rollout_time': np.float64(0.093), 'training/update_time': np.float64(0.003), 'training/iterations': 1.0, 'training/kl_div': 0.0007183151319622993, 'training/line_search_success': 1.0, 'training/new_policy_objective': 0.10946480929851532, 'training/policy_objective': 0.09346553683280945, 'training/value_loss': 7.641671982128173e-05}
{'eval/num_episodes': 200, 'eval/num_steps': 200, 'eval/mean_score': np.float64(1.0), 'eval/std_score': np.float64(0.0), 'eval/mean_episode_length': np.float64(1.0), 'eval/std_episode_length': np.float64(0.0), 'eval/eval_time': 0.06990528106689453}
{'training/total_steps': 18000, 'training/updates': 9, 'training/sps': np.float64(16052.878), 'training/walltime': np.float64(2.709), 'training/rollout_time': np.float64(0.121), 'training/update_time': np.float64(0.003), 'training/iterations': 1.0, 'training/kl_div': 0.0006850638310424984, 'training/line_search_success': 1.0, 'training/new_policy_objective': -0.011467977426946163, 'training/policy_objective': -0.011490123346447945, 'training/value_loss': 1.10007384535038e-07}
{'eval/num_episodes': 200, 'eval/num_steps': 200, 'eval/mean_score': np.float64(1.0), 'eval/std_score': np.float64(0.0), 'eval/mean_episode_length': np.float64(1.0), 'eval/std_episode_length': np.float64(0.0), 'eval/eval_time': 0.07218790054321289}
{'training/total_steps': 20000, 'training/updates': 10, 'training/sps': np.float64(20543.949), 'training/walltime': np.float64(2.879), 'training/rollout_time': np.float64(0.094), 'training/update_time': np.float64(0.003), 'training/iterations': 1.0, 'training/kl_div': 0.0008224675548262894, 'training/line_search_success': 1.0, 'training/new_policy_objective': 0.10537335276603699, 'training/policy_objective': 0.09233751893043518, 'training/value_loss': 7.157140498748049e-05}
{'eval/num_episodes': 200, 'eval/num_steps': 200, 'eval/mean_score': np.float64(1.0), 'eval/std_score': np.float64(0.0), 'eval/mean_episode_length': np.float64(1.0), 'eval/std_episode_length': np.float64(0.0), 'eval/eval_time': 0.07030391693115234}
{'training/total_steps': 22000, 'training/updates': 11, 'training/sps': np.float64(20359.958), 'training/walltime': np.float64(3.048), 'training/rollout_time': np.float64(0.095), 'training/update_time': np.float64(0.003), 'training/iterations': 1.0, 'training/kl_div': 0.0008036844083108008, 'training/line_search_success': 1.0, 'training/new_policy_objective': -0.01146004255861044, 'training/policy_objective': -0.011486340314149857, 'training/value_loss': 8.832460451912993e-08}
{'eval/num_episodes': 200, 'eval/num_steps': 200, 'eval/mean_score': np.float64(0.998), 'eval/std_score': np.float64(0.014), 'eval/mean_episode_length': np.float64(1.0), 'eval/std_episode_length': np.float64(0.0), 'eval/eval_time': 0.06821131706237793}
{'training/total_steps': 24000, 'training/updates': 12, 'training/sps': np.float64(18008.454), 'training/walltime': np.float64(3.228), 'training/rollout_time': np.float64(0.106), 'training/update_time': np.float64(0.005), 'training/iterations': 1.0, 'training/kl_div': 0.0009524885099381208, 'training/line_search_success': 1.0, 'training/new_policy_objective': 0.11952004581689835, 'training/policy_objective': 0.10008718073368073, 'training/value_loss': 9.577365563018247e-05}
{'eval/num_episodes': 200, 'eval/num_steps': 200, 'eval/mean_score': np.float64(1.0), 'eval/std_score': np.float64(0.0), 'eval/mean_episode_length': np.float64(1.0), 'eval/std_episode_length': np.float64(0.0), 'eval/eval_time': 0.07204604148864746}
{'training/total_steps': 26000, 'training/updates': 13, 'training/sps': np.float64(20286.447), 'training/walltime': np.float64(3.399), 'training/rollout_time': np.float64(0.096), 'training/update_time': np.float64(0.003), 'training/iterations': 1.0, 'training/kl_div': nan, 'training/line_search_success': 0.0, 'training/new_policy_objective': nan, 'training/policy_objective': 0.0, 'training/value_loss': 1.7290879839038098e-07}
{'eval/num_episodes': 200, 'eval/num_steps': 200, 'eval/mean_score': np.float64(1.0), 'eval/std_score': np.float64(0.0), 'eval/mean_episode_length': np.float64(1.0), 'eval/std_episode_length': np.float64(0.0), 'eval/eval_time': 0.0688331127166748}
{'training/total_steps': 28000, 'training/updates': 14, 'training/sps': np.float64(20459.321), 'training/walltime': np.float64(3.566), 'training/rollout_time': np.float64(0.095), 'training/update_time': np.float64(0.003), 'training/iterations': 1.0, 'training/kl_div': 1.4801790939600323e-06, 'training/line_search_success': 1.0, 'training/new_policy_objective': 0.0001818697201088071, 'training/policy_objective': 0.00018186919623985887, 'training/value_loss': 3.923452882026446e-11}
{'eval/num_episodes': 200, 'eval/num_steps': 200, 'eval/mean_score': np.float64(1.0), 'eval/std_score': np.float64(0.0), 'eval/mean_episode_length': np.float64(1.0), 'eval/std_episode_length': np.float64(0.0), 'eval/eval_time': 0.07103180885314941}
{'training/total_steps': 30000, 'training/updates': 15, 'training/sps': np.float64(20193.417), 'training/walltime': np.float64(3.736), 'training/rollout_time': np.float64(0.096), 'training/update_time': np.float64(0.003), 'training/iterations': 1.0, 'training/kl_div': nan, 'training/line_search_success': 0.0, 'training/new_policy_objective': nan, 'training/policy_objective': 0.0, 'training/value_loss': 8.126833048475914e-15}
{'eval/num_episodes': 200, 'eval/num_steps': 200, 'eval/mean_score': np.float64(1.0), 'eval/std_score': np.float64(0.0), 'eval/mean_episode_length': np.float64(1.0), 'eval/std_episode_length': np.float64(0.0), 'eval/eval_time': 0.06956696510314941}
{'training/total_steps': 32000, 'training/updates': 16, 'training/sps': np.float64(20810.809), 'training/walltime': np.float64(3.902), 'training/rollout_time': np.float64(0.093), 'training/update_time': np.float64(0.003), 'training/iterations': 1.0, 'training/kl_div': nan, 'training/line_search_success': 0.0, 'training/new_policy_objective': nan, 'training/policy_objective': 0.0, 'training/value_loss': 0.0}
{'eval/num_episodes': 200, 'eval/num_steps': 200, 'eval/mean_score': np.float64(1.0), 'eval/std_score': np.float64(0.0), 'eval/mean_episode_length': np.float64(1.0), 'eval/std_episode_length': np.float64(0.0), 'eval/eval_time': 0.06937503814697266}
{'training/total_steps': 34000, 'training/updates': 17, 'training/sps': np.float64(20620.71), 'training/walltime': np.float64(4.069), 'training/rollout_time': np.float64(0.094), 'training/update_time': np.float64(0.003), 'training/iterations': 1.0, 'training/kl_div': nan, 'training/line_search_success': 0.0, 'training/new_policy_objective': nan, 'training/policy_objective': 0.0, 'training/value_loss': 0.0}
{'eval/num_episodes': 200, 'eval/num_steps': 200, 'eval/mean_score': np.float64(1.0), 'eval/std_score': np.float64(0.0), 'eval/mean_episode_length': np.float64(1.0), 'eval/std_episode_length': np.float64(0.0), 'eval/eval_time': 0.06995296478271484}
{'training/total_steps': 36000, 'training/updates': 18, 'training/sps': np.float64(21198.985), 'training/walltime': np.float64(4.234), 'training/rollout_time': np.float64(0.091), 'training/update_time': np.float64(0.003), 'training/iterations': 1.0, 'training/kl_div': nan, 'training/line_search_success': 0.0, 'training/new_policy_objective': nan, 'training/policy_objective': 0.0, 'training/value_loss': 0.0}
{'eval/num_episodes': 200, 'eval/num_steps': 200, 'eval/mean_score': np.float64(1.0), 'eval/std_score': np.float64(0.0), 'eval/mean_episode_length': np.float64(1.0), 'eval/std_episode_length': np.float64(0.0), 'eval/eval_time': 0.06751298904418945}
{'training/total_steps': 38000, 'training/updates': 19, 'training/sps': np.float64(21223.496), 'training/walltime': np.float64(4.396), 'training/rollout_time': np.float64(0.091), 'training/update_time': np.float64(0.003), 'training/iterations': 1.0, 'training/kl_div': nan, 'training/line_search_success': 0.0, 'training/new_policy_objective': nan, 'training/policy_objective': 0.0, 'training/value_loss': 0.0}
{'eval/num_episodes': 200, 'eval/num_steps': 200, 'eval/mean_score': np.float64(1.0), 'eval/std_score': np.float64(0.0), 'eval/mean_episode_length': np.float64(1.0), 'eval/std_episode_length': np.float64(0.0), 'eval/eval_time': 0.07113289833068848}
{'training/total_steps': 40000, 'training/updates': 20, 'training/sps': np.float64(20805.389), 'training/walltime': np.float64(4.564), 'training/rollout_time': np.float64(0.093), 'training/update_time': np.float64(0.003), 'training/iterations': 1.0, 'training/kl_div': nan, 'training/line_search_success': 0.0, 'training/new_policy_objective': nan, 'training/policy_objective': 0.0, 'training/value_loss': 0.0}
{'eval/num_episodes': 200, 'eval/num_steps': 200, 'eval/mean_score': np.float64(1.0), 'eval/std_score': np.float64(0.0), 'eval/mean_episode_length': np.float64(1.0), 'eval/std_episode_length': np.float64(0.0), 'eval/eval_time': 0.0685276985168457}
{'training/total_steps': 42000, 'training/updates': 21, 'training/sps': np.float64(21083.261), 'training/walltime': np.float64(4.728), 'training/rollout_time': np.float64(0.092), 'training/update_time': np.float64(0.003), 'training/iterations': 1.0, 'training/kl_div': nan, 'training/line_search_success': 0.0, 'training/new_policy_objective': nan, 'training/policy_objective': 0.0, 'training/value_loss': 0.0}
{'eval/num_episodes': 200, 'eval/num_steps': 200, 'eval/mean_score': np.float64(1.0), 'eval/std_score': np.float64(0.0), 'eval/mean_episode_length': np.float64(1.0), 'eval/std_episode_length': np.float64(0.0), 'eval/eval_time': 0.07383108139038086}
{'training/total_steps': 44000, 'training/updates': 22, 'training/sps': np.float64(19491.03), 'training/walltime': np.float64(4.905), 'training/rollout_time': np.float64(0.099), 'training/update_time': np.float64(0.003), 'training/iterations': 1.0, 'training/kl_div': nan, 'training/line_search_success': 0.0, 'training/new_policy_objective': nan, 'training/policy_objective': 0.0, 'training/value_loss': 0.0}
{'eval/num_episodes': 200, 'eval/num_steps': 200, 'eval/mean_score': np.float64(1.0), 'eval/std_score': np.float64(0.0), 'eval/mean_episode_length': np.float64(1.0), 'eval/std_episode_length': np.float64(0.0), 'eval/eval_time': 0.07066488265991211}
{'training/total_steps': 46000, 'training/updates': 23, 'training/sps': np.float64(20048.679), 'training/walltime': np.float64(5.075), 'training/rollout_time': np.float64(0.097), 'training/update_time': np.float64(0.003), 'training/iterations': 1.0, 'training/kl_div': nan, 'training/line_search_success': 0.0, 'training/new_policy_objective': nan, 'training/policy_objective': 0.0, 'training/value_loss': 0.0}
{'eval/num_episodes': 200, 'eval/num_steps': 200, 'eval/mean_score': np.float64(1.0), 'eval/std_score': np.float64(0.0), 'eval/mean_episode_length': np.float64(1.0), 'eval/std_episode_length': np.float64(0.0), 'eval/eval_time': 0.07041692733764648}
{'training/total_steps': 48000, 'training/updates': 24, 'training/sps': np.float64(21011.547), 'training/walltime': np.float64(5.241), 'training/rollout_time': np.float64(0.092), 'training/update_time': np.float64(0.003), 'training/iterations': 1.0, 'training/kl_div': nan, 'training/line_search_success': 0.0, 'training/new_policy_objective': nan, 'training/policy_objective': 0.0, 'training/value_loss': 0.0}
{'eval/num_episodes': 200, 'eval/num_steps': 200, 'eval/mean_score': np.float64(1.0), 'eval/std_score': np.float64(0.0), 'eval/mean_episode_length': np.float64(1.0), 'eval/std_episode_length': np.float64(0.0), 'eval/eval_time': 0.06965899467468262}
{'training/total_steps': 50000, 'training/updates': 25, 'training/sps': np.float64(20367.027), 'training/walltime': np.float64(5.41), 'training/rollout_time': np.float64(0.095), 'training/update_time': np.float64(0.003), 'training/iterations': 1.0, 'training/kl_div': nan, 'training/line_search_success': 0.0, 'training/new_policy_objective': nan, 'training/policy_objective': 0.0, 'training/value_loss': 0.0}
{'eval/num_episodes': 200, 'eval/num_steps': 200, 'eval/mean_score': np.float64(1.0), 'eval/std_score': np.float64(0.0), 'eval/mean_episode_length': np.float64(1.0), 'eval/std_episode_length': np.float64(0.0), 'eval/eval_time': 0.07206082344055176}
{'training/total_steps': 52000, 'training/updates': 26, 'training/sps': np.float64(20024.415), 'training/walltime': np.float64(5.586), 'training/rollout_time': np.float64(0.097), 'training/update_time': np.float64(0.003), 'training/iterations': 1.0, 'training/kl_div': nan, 'training/line_search_success': 0.0, 'training/new_policy_objective': nan, 'training/policy_objective': 0.0, 'training/value_loss': 0.0}
{'eval/num_episodes': 200, 'eval/num_steps': 200, 'eval/mean_score': np.float64(1.0), 'eval/std_score': np.float64(0.0), 'eval/mean_episode_length': np.float64(1.0), 'eval/std_episode_length': np.float64(0.0), 'eval/eval_time': 0.06976318359375}
{'training/total_steps': 54000, 'training/updates': 27, 'training/sps': np.float64(20332.914), 'training/walltime': np.float64(5.754), 'training/rollout_time': np.float64(0.095), 'training/update_time': np.float64(0.003), 'training/iterations': 1.0, 'training/kl_div': nan, 'training/line_search_success': 0.0, 'training/new_policy_objective': nan, 'training/policy_objective': 0.0, 'training/value_loss': 0.0}
{'eval/num_episodes': 200, 'eval/num_steps': 200, 'eval/mean_score': np.float64(1.0), 'eval/std_score': np.float64(0.0), 'eval/mean_episode_length': np.float64(1.0), 'eval/std_episode_length': np.float64(0.0), 'eval/eval_time': 0.07092475891113281}
{'training/total_steps': 56000, 'training/updates': 28, 'training/sps': np.float64(20588.623), 'training/walltime': np.float64(5.923), 'training/rollout_time': np.float64(0.094), 'training/update_time': np.float64(0.003), 'training/iterations': 1.0, 'training/kl_div': nan, 'training/line_search_success': 0.0, 'training/new_policy_objective': nan, 'training/policy_objective': 0.0, 'training/value_loss': 0.0}
{'eval/num_episodes': 200, 'eval/num_steps': 200, 'eval/mean_score': np.float64(1.0), 'eval/std_score': np.float64(0.0), 'eval/mean_episode_length': np.float64(1.0), 'eval/std_episode_length': np.float64(0.0), 'eval/eval_time': 0.07035708427429199}
{'training/total_steps': 58000, 'training/updates': 29, 'training/sps': np.float64(20226.136), 'training/walltime': np.float64(6.092), 'training/rollout_time': np.float64(0.096), 'training/update_time': np.float64(0.003), 'training/iterations': 1.0, 'training/kl_div': nan, 'training/line_search_success': 0.0, 'training/new_policy_objective': nan, 'training/policy_objective': 0.0, 'training/value_loss': 0.0}
{'eval/num_episodes': 200, 'eval/num_steps': 200, 'eval/mean_score': np.float64(1.0), 'eval/std_score': np.float64(0.0), 'eval/mean_episode_length': np.float64(1.0), 'eval/std_episode_length': np.float64(0.0), 'eval/eval_time': 0.07210493087768555}
{'training/total_steps': 60000, 'training/updates': 30, 'training/sps': np.float64(20094.833), 'training/walltime': np.float64(6.265), 'training/rollout_time': np.float64(0.096), 'training/update_time': np.float64(0.003), 'training/iterations': 1.0, 'training/kl_div': nan, 'training/line_search_success': 0.0, 'training/new_policy_objective': nan, 'training/policy_objective': 0.0, 'training/value_loss': 0.0}
{'eval/num_episodes': 200, 'eval/num_steps': 200, 'eval/mean_score': np.float64(1.0), 'eval/std_score': np.float64(0.0), 'eval/mean_episode_length': np.float64(1.0), 'eval/std_episode_length': np.float64(0.0), 'eval/eval_time': 0.07227277755737305}
TRAINING END: training duration: 6.337364912033081
{'final_eval/num_episodes': 200, 'final_eval/num_steps': 200, 'final_eval/mean_score': np.float64(1.0), 'final_eval/std_score': np.float64(0.0), 'final_eval/mean_episode_length': np.float64(1.0), 'final_eval/std_episode_length': np.float64(0.0)}
