|param: value|
|experiment_name:  cleanba_ppo|
|seed:  6|
|platform:  cpu|
|write_logs_to_file:  False|
|save_model:  False|
|env_name:  bandit|
|num_envs:  8|
|num_train_levels:  200|
|distribution_mode:  easy|
|arm_means:  (1.0, 0.9)|
|deterministic_rewards:  True|
|eval_env:  True|
|num_eval_episodes:  200|
|eval_every:  1|
|deterministic_eval:  False|
|total_timesteps:  60000|
|learning_rate:  0.00025|
|adam_eps:  1e-05|
|unroll_length:  250|
|anneal_lr:  False|
|gamma:  0.99|
|gae_lambda:  0.95|
|num_minibatches:  4|
|update_epochs:  4|
|normalize_advantages:  True|
|clip_eps:  0.1|
|clip_vloss:  True|
|entropy_cost:  0.0|
|vf_cost:  0.5|
|max_grad_norm:  0.5|
|use_cnn:  False|
|policy_hidden_layer_sizes:  ()|
|value_hidden_layer_sizes:  ()|
|activation:  <jax._src.custom_derivatives.custom_jvp object at 0x10fbafdd0>|
|policy_init_logit_bias:  [0.0, 1.0]|
{'training/total_steps': 2000, 'training/updates': 1, 'training/sps': np.float64(2304.425), 'training/walltime': np.float64(0.868), 'training/rollout_time': np.float64(0.407), 'training/update_time': np.float64(0.461), 'training/approx_kl': 1.787926521501504e-05, 'training/entropy': 0.5848476886749268, 'training/policy_loss': -0.005965977441519499, 'training/total_loss': 0.09624817967414856, 'training/value_loss': 0.2044283151626587}
{'eval/num_episodes': 200, 'eval/num_steps': 200, 'eval/mean_score': np.float64(0.931), 'eval/std_score': np.float64(0.046), 'eval/mean_episode_length': np.float64(1.0), 'eval/std_episode_length': np.float64(0.0), 'eval/eval_time': 0.07203388214111328}
{'training/total_steps': 4000, 'training/updates': 2, 'training/sps': np.float64(14415.769), 'training/walltime': np.float64(1.079), 'training/rollout_time': np.float64(0.131), 'training/update_time': np.float64(0.008), 'training/approx_kl': 1.8568902305560187e-05, 'training/entropy': 0.5879604816436768, 'training/policy_loss': -0.006068923976272345, 'training/total_loss': 0.09320007264614105, 'training/value_loss': 0.19853799045085907}
{'eval/num_episodes': 200, 'eval/num_steps': 200, 'eval/mean_score': np.float64(0.928), 'eval/std_score': np.float64(0.045), 'eval/mean_episode_length': np.float64(1.0), 'eval/std_episode_length': np.float64(0.0), 'eval/eval_time': 0.07375192642211914}
{'training/total_steps': 6000, 'training/updates': 3, 'training/sps': np.float64(13632.676), 'training/walltime': np.float64(1.3), 'training/rollout_time': np.float64(0.139), 'training/update_time': np.float64(0.008), 'training/approx_kl': 1.801972211978864e-05, 'training/entropy': 0.5910468101501465, 'training/policy_loss': -0.005987123586237431, 'training/total_loss': 0.09104423224925995, 'training/value_loss': 0.1940627098083496}
{'eval/num_episodes': 200, 'eval/num_steps': 200, 'eval/mean_score': np.float64(0.929), 'eval/std_score': np.float64(0.045), 'eval/mean_episode_length': np.float64(1.0), 'eval/std_episode_length': np.float64(0.0), 'eval/eval_time': 0.07285404205322266}
{'training/total_steps': 8000, 'training/updates': 4, 'training/sps': np.float64(14217.088), 'training/walltime': np.float64(1.513), 'training/rollout_time': np.float64(0.133), 'training/update_time': np.float64(0.008), 'training/approx_kl': 1.922419687616639e-05, 'training/entropy': 0.594109833240509, 'training/policy_loss': -0.006178872659802437, 'training/total_loss': 0.08777842670679092, 'training/value_loss': 0.18791459500789642}
{'eval/num_episodes': 200, 'eval/num_steps': 200, 'eval/mean_score': np.float64(0.933), 'eval/std_score': np.float64(0.047), 'eval/mean_episode_length': np.float64(1.0), 'eval/std_episode_length': np.float64(0.0), 'eval/eval_time': 0.07033205032348633}
{'training/total_steps': 10000, 'training/updates': 5, 'training/sps': np.float64(14532.548), 'training/walltime': np.float64(1.722), 'training/rollout_time': np.float64(0.127), 'training/update_time': np.float64(0.011), 'training/approx_kl': 1.950664955074899e-05, 'training/entropy': 0.5971506834030151, 'training/policy_loss': -0.006222628988325596, 'training/total_loss': 0.08526203036308289, 'training/value_loss': 0.182969331741333}
{'eval/num_episodes': 200, 'eval/num_steps': 200, 'eval/mean_score': np.float64(0.926), 'eval/std_score': np.float64(0.044), 'eval/mean_episode_length': np.float64(1.0), 'eval/std_episode_length': np.float64(0.0), 'eval/eval_time': 0.07188081741333008}
{'training/total_steps': 12000, 'training/updates': 6, 'training/sps': np.float64(14353.486), 'training/walltime': np.float64(1.933), 'training/rollout_time': np.float64(0.131), 'training/update_time': np.float64(0.008), 'training/approx_kl': 1.855437585618347e-05, 'training/entropy': 0.60015869140625, 'training/policy_loss': -0.006081398576498032, 'training/total_loss': 0.08366438001394272, 'training/value_loss': 0.1794915497303009}
{'eval/num_episodes': 200, 'eval/num_steps': 200, 'eval/mean_score': np.float64(0.929), 'eval/std_score': np.float64(0.045), 'eval/mean_episode_length': np.float64(1.0), 'eval/std_episode_length': np.float64(0.0), 'eval/eval_time': 0.07180166244506836}
{'training/total_steps': 14000, 'training/updates': 7, 'training/sps': np.float64(14280.888), 'training/walltime': np.float64(2.145), 'training/rollout_time': np.float64(0.132), 'training/update_time': np.float64(0.008), 'training/approx_kl': 1.9932314899051562e-05, 'training/entropy': 0.60313880443573, 'training/policy_loss': -0.0062973168678581715, 'training/total_loss': 0.08024045079946518, 'training/value_loss': 0.17307554185390472}
{'eval/num_episodes': 200, 'eval/num_steps': 200, 'eval/mean_score': np.float64(0.934), 'eval/std_score': np.float64(0.048), 'eval/mean_episode_length': np.float64(1.0), 'eval/std_episode_length': np.float64(0.0), 'eval/eval_time': 0.07419896125793457}
{'training/total_steps': 16000, 'training/updates': 8, 'training/sps': np.float64(14517.91), 'training/walltime': np.float64(2.358), 'training/rollout_time': np.float64(0.13), 'training/update_time': np.float64(0.008), 'training/approx_kl': 1.9278377294540405e-05, 'training/entropy': 0.6060910224914551, 'training/policy_loss': -0.00619934406131506, 'training/total_loss': 0.07849419116973877, 'training/value_loss': 0.1693870723247528}
{'eval/num_episodes': 200, 'eval/num_steps': 200, 'eval/mean_score': np.float64(0.931), 'eval/std_score': np.float64(0.046), 'eval/mean_episode_length': np.float64(1.0), 'eval/std_episode_length': np.float64(0.0), 'eval/eval_time': 0.07790493965148926}
{'training/total_steps': 18000, 'training/updates': 9, 'training/sps': np.float64(13343.293), 'training/walltime': np.float64(2.586), 'training/rollout_time': np.float64(0.142), 'training/update_time': np.float64(0.008), 'training/approx_kl': 1.9641282051452436e-05, 'training/entropy': 0.6090083718299866, 'training/policy_loss': -0.006243743002414703, 'training/total_loss': 0.07618635892868042, 'training/value_loss': 0.16486020386219025}
{'eval/num_episodes': 200, 'eval/num_steps': 200, 'eval/mean_score': np.float64(0.932), 'eval/std_score': np.float64(0.047), 'eval/mean_episode_length': np.float64(1.0), 'eval/std_episode_length': np.float64(0.0), 'eval/eval_time': 0.07797884941101074}
{'training/total_steps': 20000, 'training/updates': 10, 'training/sps': np.float64(13523.753), 'training/walltime': np.float64(2.812), 'training/rollout_time': np.float64(0.14), 'training/update_time': np.float64(0.008), 'training/approx_kl': 2.0381228750920855e-05, 'training/entropy': 0.6118960380554199, 'training/policy_loss': -0.006366639863699675, 'training/total_loss': 0.07341836392879486, 'training/value_loss': 0.15957000851631165}
{'eval/num_episodes': 200, 'eval/num_steps': 200, 'eval/mean_score': np.float64(0.932), 'eval/std_score': np.float64(0.047), 'eval/mean_episode_length': np.float64(1.0), 'eval/std_episode_length': np.float64(0.0), 'eval/eval_time': 0.07709479331970215}
{'training/total_steps': 22000, 'training/updates': 11, 'training/sps': np.float64(13542.682), 'training/walltime': np.float64(3.037), 'training/rollout_time': np.float64(0.139), 'training/update_time': np.float64(0.008), 'training/approx_kl': 2.0467252397793345e-05, 'training/entropy': 0.6147525310516357, 'training/policy_loss': -0.006372012197971344, 'training/total_loss': 0.07137180864810944, 'training/value_loss': 0.15548764169216156}
{'eval/num_episodes': 200, 'eval/num_steps': 200, 'eval/mean_score': np.float64(0.926), 'eval/std_score': np.float64(0.044), 'eval/mean_episode_length': np.float64(1.0), 'eval/std_episode_length': np.float64(0.0), 'eval/eval_time': 0.07591700553894043}
{'training/total_steps': 24000, 'training/updates': 12, 'training/sps': np.float64(11572.074), 'training/walltime': np.float64(3.286), 'training/rollout_time': np.float64(0.165), 'training/update_time': np.float64(0.008), 'training/approx_kl': 2.0202949599479325e-05, 'training/entropy': 0.617572009563446, 'training/policy_loss': -0.006348715163767338, 'training/total_loss': 0.06943969428539276, 'training/value_loss': 0.15157683193683624}
{'eval/num_episodes': 200, 'eval/num_steps': 200, 'eval/mean_score': np.float64(0.933), 'eval/std_score': np.float64(0.047), 'eval/mean_episode_length': np.float64(1.0), 'eval/std_episode_length': np.float64(0.0), 'eval/eval_time': 0.07360696792602539}
{'training/total_steps': 26000, 'training/updates': 13, 'training/sps': np.float64(14040.804), 'training/walltime': np.float64(3.502), 'training/rollout_time': np.float64(0.135), 'training/update_time': np.float64(0.008), 'training/approx_kl': 2.0726994989672676e-05, 'training/entropy': 0.620355486869812, 'training/policy_loss': -0.006402891129255295, 'training/total_loss': 0.06706437468528748, 'training/value_loss': 0.14693453907966614}
{'eval/num_episodes': 200, 'eval/num_steps': 200, 'eval/mean_score': np.float64(0.937), 'eval/std_score': np.float64(0.048), 'eval/mean_episode_length': np.float64(1.0), 'eval/std_episode_length': np.float64(0.0), 'eval/eval_time': 0.07214999198913574}
{'training/total_steps': 28000, 'training/updates': 14, 'training/sps': np.float64(14498.213), 'training/walltime': np.float64(3.713), 'training/rollout_time': np.float64(0.13), 'training/update_time': np.float64(0.008), 'training/approx_kl': 1.989106931432616e-05, 'training/entropy': 0.6230989098548889, 'training/policy_loss': -0.006290564313530922, 'training/total_loss': 0.06572997570037842, 'training/value_loss': 0.14404107630252838}
{'eval/num_episodes': 200, 'eval/num_steps': 200, 'eval/mean_score': np.float64(0.933), 'eval/std_score': np.float64(0.047), 'eval/mean_episode_length': np.float64(1.0), 'eval/std_episode_length': np.float64(0.0), 'eval/eval_time': 0.07172894477844238}
{'training/total_steps': 30000, 'training/updates': 15, 'training/sps': np.float64(14107.961), 'training/walltime': np.float64(3.927), 'training/rollout_time': np.float64(0.134), 'training/update_time': np.float64(0.008), 'training/approx_kl': 2.0111025150981732e-05, 'training/entropy': 0.6258007287979126, 'training/policy_loss': -0.006328968796879053, 'training/total_loss': 0.063633993268013, 'training/value_loss': 0.13992592692375183}
{'eval/num_episodes': 200, 'eval/num_steps': 200, 'eval/mean_score': np.float64(0.932), 'eval/std_score': np.float64(0.047), 'eval/mean_episode_length': np.float64(1.0), 'eval/std_episode_length': np.float64(0.0), 'eval/eval_time': 0.07411789894104004}
{'training/total_steps': 32000, 'training/updates': 16, 'training/sps': np.float64(14393.977), 'training/walltime': np.float64(4.14), 'training/rollout_time': np.float64(0.131), 'training/update_time': np.float64(0.008), 'training/approx_kl': 2.0366624084999785e-05, 'training/entropy': 0.6284641027450562, 'training/policy_loss': -0.006359980441629887, 'training/total_loss': 0.061554424464702606, 'training/value_loss': 0.13582882285118103}
{'eval/num_episodes': 200, 'eval/num_steps': 200, 'eval/mean_score': np.float64(0.93), 'eval/std_score': np.float64(0.046), 'eval/mean_episode_length': np.float64(1.0), 'eval/std_episode_length': np.float64(0.0), 'eval/eval_time': 0.07087898254394531}
{'training/total_steps': 34000, 'training/updates': 17, 'training/sps': np.float64(14048.117), 'training/walltime': np.float64(4.354), 'training/rollout_time': np.float64(0.135), 'training/update_time': np.float64(0.008), 'training/approx_kl': 2.022531771217473e-05, 'training/entropy': 0.6310871839523315, 'training/policy_loss': -0.006346535868942738, 'training/total_loss': 0.05979553237557411, 'training/value_loss': 0.13228413462638855}
{'eval/num_episodes': 200, 'eval/num_steps': 200, 'eval/mean_score': np.float64(0.932), 'eval/std_score': np.float64(0.047), 'eval/mean_episode_length': np.float64(1.0), 'eval/std_episode_length': np.float64(0.0), 'eval/eval_time': 0.0703420639038086}
{'training/total_steps': 36000, 'training/updates': 18, 'training/sps': np.float64(14380.578), 'training/walltime': np.float64(4.563), 'training/rollout_time': np.float64(0.131), 'training/update_time': np.float64(0.008), 'training/approx_kl': 2.173787470383104e-05, 'training/entropy': 0.6336725354194641, 'training/policy_loss': -0.006561793386936188, 'training/total_loss': 0.05685564875602722, 'training/value_loss': 0.12683488428592682}
{'eval/num_episodes': 200, 'eval/num_steps': 200, 'eval/mean_score': np.float64(0.928), 'eval/std_score': np.float64(0.045), 'eval/mean_episode_length': np.float64(1.0), 'eval/std_episode_length': np.float64(0.0), 'eval/eval_time': 0.07111501693725586}
{'training/total_steps': 38000, 'training/updates': 19, 'training/sps': np.float64(14052.635), 'training/walltime': np.float64(4.777), 'training/rollout_time': np.float64(0.134), 'training/update_time': np.float64(0.008), 'training/approx_kl': 2.143010715371929e-05, 'training/entropy': 0.6362185478210449, 'training/policy_loss': -0.006524919997900724, 'training/total_loss': 0.055300068110227585, 'training/value_loss': 0.1236499771475792}
{'eval/num_episodes': 200, 'eval/num_steps': 200, 'eval/mean_score': np.float64(0.936), 'eval/std_score': np.float64(0.048), 'eval/mean_episode_length': np.float64(1.0), 'eval/std_episode_length': np.float64(0.0), 'eval/eval_time': 0.07264304161071777}
{'training/total_steps': 40000, 'training/updates': 20, 'training/sps': np.float64(14419.387), 'training/walltime': np.float64(4.989), 'training/rollout_time': np.float64(0.131), 'training/update_time': np.float64(0.008), 'training/approx_kl': 2.201211464125663e-05, 'training/entropy': 0.6387218832969666, 'training/policy_loss': -0.006607582792639732, 'training/total_loss': 0.05308736115694046, 'training/value_loss': 0.11938989162445068}
{'eval/num_episodes': 200, 'eval/num_steps': 200, 'eval/mean_score': np.float64(0.936), 'eval/std_score': np.float64(0.048), 'eval/mean_episode_length': np.float64(1.0), 'eval/std_episode_length': np.float64(0.0), 'eval/eval_time': 0.07211899757385254}
{'training/total_steps': 42000, 'training/updates': 21, 'training/sps': np.float64(14159.589), 'training/walltime': np.float64(5.202), 'training/rollout_time': np.float64(0.133), 'training/update_time': np.float64(0.008), 'training/approx_kl': 2.1588341041933745e-05, 'training/entropy': 0.6411794424057007, 'training/policy_loss': -0.0065444959327578545, 'training/total_loss': 0.05190277472138405, 'training/value_loss': 0.11689454317092896}
{'eval/num_episodes': 200, 'eval/num_steps': 200, 'eval/mean_score': np.float64(0.94), 'eval/std_score': np.float64(0.049), 'eval/mean_episode_length': np.float64(1.0), 'eval/std_episode_length': np.float64(0.0), 'eval/eval_time': 0.07021498680114746}
{'training/total_steps': 44000, 'training/updates': 22, 'training/sps': np.float64(14395.113), 'training/walltime': np.float64(5.412), 'training/rollout_time': np.float64(0.131), 'training/update_time': np.float64(0.008), 'training/approx_kl': 2.143733399861958e-05, 'training/entropy': 0.6435884833335876, 'training/policy_loss': -0.006531222723424435, 'training/total_loss': 0.05027708411216736, 'training/value_loss': 0.11361661553382874}
{'eval/num_episodes': 200, 'eval/num_steps': 200, 'eval/mean_score': np.float64(0.935), 'eval/std_score': np.float64(0.048), 'eval/mean_episode_length': np.float64(1.0), 'eval/std_episode_length': np.float64(0.0), 'eval/eval_time': 0.07114601135253906}
{'training/total_steps': 46000, 'training/updates': 23, 'training/sps': np.float64(14755.479), 'training/walltime': np.float64(5.619), 'training/rollout_time': np.float64(0.128), 'training/update_time': np.float64(0.008), 'training/approx_kl': 2.0998792024329305e-05, 'training/entropy': 0.6459475755691528, 'training/policy_loss': -0.006445250473916531, 'training/total_loss': 0.04915042594075203, 'training/value_loss': 0.11119135469198227}
{'eval/num_episodes': 200, 'eval/num_steps': 200, 'eval/mean_score': np.float64(0.941), 'eval/std_score': np.float64(0.049), 'eval/mean_episode_length': np.float64(1.0), 'eval/std_episode_length': np.float64(0.0), 'eval/eval_time': 0.07151484489440918}
{'training/total_steps': 48000, 'training/updates': 24, 'training/sps': np.float64(11165.442), 'training/walltime': np.float64(5.87), 'training/rollout_time': np.float64(0.171), 'training/update_time': np.float64(0.008), 'training/approx_kl': 2.205598502769135e-05, 'training/entropy': 0.6482597589492798, 'training/policy_loss': -0.006627007853239775, 'training/total_loss': 0.046551451086997986, 'training/value_loss': 0.10635692626237869}
{'eval/num_episodes': 200, 'eval/num_steps': 200, 'eval/mean_score': np.float64(0.935), 'eval/std_score': np.float64(0.048), 'eval/mean_episode_length': np.float64(1.0), 'eval/std_episode_length': np.float64(0.0), 'eval/eval_time': 0.07206130027770996}
{'training/total_steps': 50000, 'training/updates': 25, 'training/sps': np.float64(14506.938), 'training/walltime': np.float64(6.08), 'training/rollout_time': np.float64(0.13), 'training/update_time': np.float64(0.008), 'training/approx_kl': 2.262552152387798e-05, 'training/entropy': 0.6505279541015625, 'training/policy_loss': -0.006709174253046513, 'training/total_loss': 0.04457554966211319, 'training/value_loss': 0.10256944596767426}
{'eval/num_episodes': 200, 'eval/num_steps': 200, 'eval/mean_score': np.float64(0.94), 'eval/std_score': np.float64(0.049), 'eval/mean_episode_length': np.float64(1.0), 'eval/std_episode_length': np.float64(0.0), 'eval/eval_time': 0.0748291015625}
{'training/total_steps': 52000, 'training/updates': 26, 'training/sps': np.float64(14254.631), 'training/walltime': np.float64(6.295), 'training/rollout_time': np.float64(0.132), 'training/update_time': np.float64(0.008), 'training/approx_kl': 2.2703201466356404e-05, 'training/entropy': 0.652747392654419, 'training/policy_loss': -0.006711660884320736, 'training/total_loss': 0.043046265840530396, 'training/value_loss': 0.09951585531234741}
{'eval/num_episodes': 200, 'eval/num_steps': 200, 'eval/mean_score': np.float64(0.93), 'eval/std_score': np.float64(0.046), 'eval/mean_episode_length': np.float64(1.0), 'eval/std_episode_length': np.float64(0.0), 'eval/eval_time': 0.07092785835266113}
{'training/total_steps': 54000, 'training/updates': 27, 'training/sps': np.float64(14616.668), 'training/walltime': np.float64(6.503), 'training/rollout_time': np.float64(0.129), 'training/update_time': np.float64(0.008), 'training/approx_kl': 2.202940231654793e-05, 'training/entropy': 0.654914140701294, 'training/policy_loss': -0.006620978005230427, 'training/total_loss': 0.04221814498305321, 'training/value_loss': 0.09767824411392212}
{'eval/num_episodes': 200, 'eval/num_steps': 200, 'eval/mean_score': np.float64(0.934), 'eval/std_score': np.float64(0.048), 'eval/mean_episode_length': np.float64(1.0), 'eval/std_episode_length': np.float64(0.0), 'eval/eval_time': 0.07161593437194824}
{'training/total_steps': 56000, 'training/updates': 28, 'training/sps': np.float64(14561.862), 'training/walltime': np.float64(6.713), 'training/rollout_time': np.float64(0.129), 'training/update_time': np.float64(0.008), 'training/approx_kl': 2.2543043087353e-05, 'training/entropy': 0.6570278406143188, 'training/policy_loss': -0.006698173936456442, 'training/total_loss': 0.040291473269462585, 'training/value_loss': 0.09397929906845093}
{'eval/num_episodes': 200, 'eval/num_steps': 200, 'eval/mean_score': np.float64(0.938), 'eval/std_score': np.float64(0.049), 'eval/mean_episode_length': np.float64(1.0), 'eval/std_episode_length': np.float64(0.0), 'eval/eval_time': 0.07266569137573242}
{'training/total_steps': 58000, 'training/updates': 29, 'training/sps': np.float64(14505.784), 'training/walltime': np.float64(6.923), 'training/rollout_time': np.float64(0.13), 'training/update_time': np.float64(0.008), 'training/approx_kl': 2.2462787455879152e-05, 'training/entropy': 0.6590896844863892, 'training/policy_loss': -0.006690138019621372, 'training/total_loss': 0.038982685655355453, 'training/value_loss': 0.0913456529378891}
{'eval/num_episodes': 200, 'eval/num_steps': 200, 'eval/mean_score': np.float64(0.932), 'eval/std_score': np.float64(0.047), 'eval/mean_episode_length': np.float64(1.0), 'eval/std_episode_length': np.float64(0.0), 'eval/eval_time': 0.07213902473449707}
{'training/total_steps': 60000, 'training/updates': 30, 'training/sps': np.float64(14204.93), 'training/walltime': np.float64(7.137), 'training/rollout_time': np.float64(0.133), 'training/update_time': np.float64(0.008), 'training/approx_kl': 2.2437156076193787e-05, 'training/entropy': 0.6610974073410034, 'training/policy_loss': -0.006682098377496004, 'training/total_loss': 0.03766098618507385, 'training/value_loss': 0.08868616819381714}
{'eval/num_episodes': 200, 'eval/num_steps': 200, 'eval/mean_score': np.float64(0.937), 'eval/std_score': np.float64(0.048), 'eval/mean_episode_length': np.float64(1.0), 'eval/std_episode_length': np.float64(0.0), 'eval/eval_time': 0.07438778877258301}
TRAINING END: training duration: 7.211427688598633
{'final_eval/num_episodes': 200, 'final_eval/num_steps': 200, 'final_eval/mean_score': np.float64(0.8999999761581421), 'final_eval/std_score': np.float64(0.0), 'final_eval/mean_episode_length': np.float64(1.0), 'final_eval/std_episode_length': np.float64(0.0)}
