|param: value|
|experiment_name:  reinforce_procgen|
|seed:  6|
|platform:  cpu|
|write_logs_to_file:  False|
|save_model:  False|
|env_name:  bandit|
|num_envs:  1|
|num_train_levels:  200|
|distribution_mode:  easy|
|arm_means:  (1.0, 0.9)|
|deterministic_rewards:  True|
|eval_env:  True|
|num_eval_episodes:  200|
|eval_every:  1|
|deterministic_eval:  False|
|normalize_observations:  True|
|total_timesteps:  60000|
|learning_rate:  0.5|
|optimizer:  sgd|
|unroll_length:  2048|
|anneal_lr:  False|
|gamma:  0.99|
|batch_size:  1|
|num_minibatches:  1|
|update_epochs:  1|
|entropy_cost:  0.0|
|max_grad_norm:  0.5|
|reward_scaling:  1.0|
|use_cnn:  False|
|policy_hidden_layer_sizes:  ()|
|value_hidden_layer_sizes:  ()|
|activation:  <jax._src.custom_derivatives.custom_jvp object at 0x10fbafdd0>|
|policy_init_logit_bias:  [0.0, 1.0]|
{'training/total_steps': 2000, 'training/updates': 1, 'training/sps': np.float64(1998.703), 'training/walltime': np.float64(1.001), 'training/rollout_time': np.float64(0.427), 'training/update_time': np.float64(0.574), 'training/approx_kl': 0.0, 'training/entropy': 0.5822030305862427, 'training/policy_loss': 0.7287972569465637, 'training/total_loss': 1.441948652267456, 'training/value_loss': 1.4263027906417847}
{'eval/num_episodes': 200, 'eval/num_steps': 200, 'eval/mean_score': np.float64(0.928), 'eval/std_score': np.float64(0.045), 'eval/mean_episode_length': np.float64(1.0), 'eval/std_episode_length': np.float64(0.0), 'eval/eval_time': 0.07148289680480957}
{'training/total_steps': 4000, 'training/updates': 2, 'training/sps': np.float64(6159.059), 'training/walltime': np.float64(1.397), 'training/rollout_time': np.float64(0.323), 'training/update_time': np.float64(0.002), 'training/approx_kl': 0.0, 'training/entropy': 0.5861359238624573, 'training/policy_loss': 0.5235641598701477, 'training/total_loss': 0.8779875040054321, 'training/value_loss': 0.7088466882705688}
{'eval/num_episodes': 200, 'eval/num_steps': 200, 'eval/mean_score': np.float64(0.928), 'eval/std_score': np.float64(0.045), 'eval/mean_episode_length': np.float64(1.0), 'eval/std_episode_length': np.float64(0.0), 'eval/eval_time': 0.07550692558288574}
{'training/total_steps': 6000, 'training/updates': 3, 'training/sps': np.float64(5959.655), 'training/walltime': np.float64(1.809), 'training/rollout_time': np.float64(0.333), 'training/update_time': np.float64(0.002), 'training/approx_kl': 0.0, 'training/entropy': 0.5912285447120667, 'training/policy_loss': 0.3071795403957367, 'training/total_loss': 0.42672303318977356, 'training/value_loss': 0.23908695578575134}
{'eval/num_episodes': 200, 'eval/num_steps': 200, 'eval/mean_score': np.float64(0.926), 'eval/std_score': np.float64(0.044), 'eval/mean_episode_length': np.float64(1.0), 'eval/std_episode_length': np.float64(0.0), 'eval/eval_time': 0.0746612548828125}
{'training/total_steps': 8000, 'training/updates': 4, 'training/sps': np.float64(5306.458), 'training/walltime': np.float64(2.261), 'training/rollout_time': np.float64(0.372), 'training/update_time': np.float64(0.005), 'training/approx_kl': 0.0, 'training/entropy': 0.5967979431152344, 'training/policy_loss': 0.09692731499671936, 'training/total_loss': 0.106842540204525, 'training/value_loss': 0.019830450415611267}
{'eval/num_episodes': 200, 'eval/num_steps': 200, 'eval/mean_score': np.float64(0.928), 'eval/std_score': np.float64(0.045), 'eval/mean_episode_length': np.float64(1.0), 'eval/std_episode_length': np.float64(0.0), 'eval/eval_time': 0.07857799530029297}
{'training/total_steps': 10000, 'training/updates': 5, 'training/sps': np.float64(6305.688), 'training/walltime': np.float64(2.657), 'training/rollout_time': np.float64(0.316), 'training/update_time': np.float64(0.001), 'training/approx_kl': 0.0, 'training/entropy': 0.6037151217460632, 'training/policy_loss': 0.02102273516356945, 'training/total_loss': 0.022095154970884323, 'training/value_loss': 0.0021448389161378145}
{'eval/num_episodes': 200, 'eval/num_steps': 200, 'eval/mean_score': np.float64(0.93), 'eval/std_score': np.float64(0.046), 'eval/mean_episode_length': np.float64(1.0), 'eval/std_episode_length': np.float64(0.0), 'eval/eval_time': 0.07447695732116699}
{'training/total_steps': 12000, 'training/updates': 6, 'training/sps': np.float64(5943.357), 'training/walltime': np.float64(3.068), 'training/rollout_time': np.float64(0.335), 'training/update_time': np.float64(0.001), 'training/approx_kl': 0.0, 'training/entropy': 0.6114330291748047, 'training/policy_loss': 0.0169244222342968, 'training/total_loss': 0.0179690383374691, 'training/value_loss': 0.0020892336033284664}
{'eval/num_episodes': 200, 'eval/num_steps': 200, 'eval/mean_score': np.float64(0.932), 'eval/std_score': np.float64(0.047), 'eval/mean_episode_length': np.float64(1.0), 'eval/std_episode_length': np.float64(0.0), 'eval/eval_time': 0.07221293449401855}
{'training/total_steps': 14000, 'training/updates': 7, 'training/sps': np.float64(6462.454), 'training/walltime': np.float64(3.451), 'training/rollout_time': np.float64(0.308), 'training/update_time': np.float64(0.002), 'training/approx_kl': 0.0, 'training/entropy': 0.6187216639518738, 'training/policy_loss': 0.015583975240588188, 'training/total_loss': 0.01660255528986454, 'training/value_loss': 0.002037161262705922}
{'eval/num_episodes': 200, 'eval/num_steps': 200, 'eval/mean_score': np.float64(0.943), 'eval/std_score': np.float64(0.05), 'eval/mean_episode_length': np.float64(1.0), 'eval/std_episode_length': np.float64(0.0), 'eval/eval_time': 0.07361721992492676}
{'training/total_steps': 16000, 'training/updates': 8, 'training/sps': np.float64(6131.714), 'training/walltime': np.float64(3.851), 'training/rollout_time': np.float64(0.325), 'training/update_time': np.float64(0.002), 'training/approx_kl': 0.0, 'training/entropy': 0.6255875825881958, 'training/policy_loss': 0.019400162622332573, 'training/total_loss': 0.020508471876382828, 'training/value_loss': 0.0022166192065924406}
{'eval/num_episodes': 200, 'eval/num_steps': 200, 'eval/mean_score': np.float64(0.935), 'eval/std_score': np.float64(0.048), 'eval/mean_episode_length': np.float64(1.0), 'eval/std_episode_length': np.float64(0.0), 'eval/eval_time': 0.06978988647460938}
{'training/total_steps': 18000, 'training/updates': 9, 'training/sps': np.float64(5964.414), 'training/walltime': np.float64(4.256), 'training/rollout_time': np.float64(0.334), 'training/update_time': np.float64(0.002), 'training/approx_kl': 0.0, 'training/entropy': 0.6327114701271057, 'training/policy_loss': 0.015865983441472054, 'training/total_loss': 0.016967207193374634, 'training/value_loss': 0.002202448667958379}
{'eval/num_episodes': 200, 'eval/num_steps': 200, 'eval/mean_score': np.float64(0.934), 'eval/std_score': np.float64(0.048), 'eval/mean_episode_length': np.float64(1.0), 'eval/std_episode_length': np.float64(0.0), 'eval/eval_time': 0.07197070121765137}
{'training/total_steps': 20000, 'training/updates': 10, 'training/sps': np.float64(6561.12), 'training/walltime': np.float64(4.633), 'training/rollout_time': np.float64(0.303), 'training/update_time': np.float64(0.002), 'training/approx_kl': 0.0, 'training/entropy': 0.6395130753517151, 'training/policy_loss': 0.015351539477705956, 'training/total_loss': 0.016463108360767365, 'training/value_loss': 0.0022231386974453926}
{'eval/num_episodes': 200, 'eval/num_steps': 200, 'eval/mean_score': np.float64(0.939), 'eval/std_score': np.float64(0.049), 'eval/mean_episode_length': np.float64(1.0), 'eval/std_episode_length': np.float64(0.0), 'eval/eval_time': 0.07111501693725586}
{'training/total_steps': 22000, 'training/updates': 11, 'training/sps': np.float64(6038.397), 'training/walltime': np.float64(5.036), 'training/rollout_time': np.float64(0.33), 'training/update_time': np.float64(0.001), 'training/approx_kl': 0.0, 'training/entropy': 0.6460331082344055, 'training/policy_loss': 0.016732769086956978, 'training/total_loss': 0.01789827086031437, 'training/value_loss': 0.0023310042452067137}
{'eval/num_episodes': 200, 'eval/num_steps': 200, 'eval/mean_score': np.float64(0.935), 'eval/std_score': np.float64(0.048), 'eval/mean_episode_length': np.float64(1.0), 'eval/std_episode_length': np.float64(0.0), 'eval/eval_time': 0.07261180877685547}
{'training/total_steps': 24000, 'training/updates': 12, 'training/sps': np.float64(6528.755), 'training/walltime': np.float64(5.415), 'training/rollout_time': np.float64(0.305), 'training/update_time': np.float64(0.001), 'training/approx_kl': 0.0, 'training/entropy': 0.6524696946144104, 'training/policy_loss': 0.012947054579854012, 'training/total_loss': 0.014097895473241806, 'training/value_loss': 0.0023016813211143017}
{'eval/num_episodes': 200, 'eval/num_steps': 200, 'eval/mean_score': np.float64(0.937), 'eval/std_score': np.float64(0.048), 'eval/mean_episode_length': np.float64(1.0), 'eval/std_episode_length': np.float64(0.0), 'eval/eval_time': 0.07021117210388184}
{'training/total_steps': 26000, 'training/updates': 13, 'training/sps': np.float64(6637.77), 'training/walltime': np.float64(5.787), 'training/rollout_time': np.float64(0.3), 'training/update_time': np.float64(0.001), 'training/approx_kl': 0.0, 'training/entropy': 0.6584276556968689, 'training/policy_loss': 0.013551474548876286, 'training/total_loss': 0.014723219908773899, 'training/value_loss': 0.0023434909526258707}
{'eval/num_episodes': 200, 'eval/num_steps': 200, 'eval/mean_score': np.float64(0.935), 'eval/std_score': np.float64(0.048), 'eval/mean_episode_length': np.float64(1.0), 'eval/std_episode_length': np.float64(0.0), 'eval/eval_time': 0.07109928131103516}
{'training/total_steps': 28000, 'training/updates': 14, 'training/sps': np.float64(5969.473), 'training/walltime': np.float64(6.194), 'training/rollout_time': np.float64(0.334), 'training/update_time': np.float64(0.001), 'training/approx_kl': 0.0, 'training/entropy': 0.664055585861206, 'training/policy_loss': 0.013385239988565445, 'training/total_loss': 0.014586730860173702, 'training/value_loss': 0.002402981510385871}
{'eval/num_episodes': 200, 'eval/num_steps': 200, 'eval/mean_score': np.float64(0.932), 'eval/std_score': np.float64(0.047), 'eval/mean_episode_length': np.float64(1.0), 'eval/std_episode_length': np.float64(0.0), 'eval/eval_time': 0.07079195976257324}
{'training/total_steps': 30000, 'training/updates': 15, 'training/sps': np.float64(6395.482), 'training/walltime': np.float64(6.578), 'training/rollout_time': np.float64(0.311), 'training/update_time': np.float64(0.002), 'training/approx_kl': 0.0, 'training/entropy': 0.6693535447120667, 'training/policy_loss': 0.010508598759770393, 'training/total_loss': 0.011706072837114334, 'training/value_loss': 0.0023949481546878815}
{'eval/num_episodes': 200, 'eval/num_steps': 200, 'eval/mean_score': np.float64(0.946), 'eval/std_score': np.float64(0.05), 'eval/mean_episode_length': np.float64(1.0), 'eval/std_episode_length': np.float64(0.0), 'eval/eval_time': 0.07145285606384277}
{'training/total_steps': 32000, 'training/updates': 16, 'training/sps': np.float64(5855.93), 'training/walltime': np.float64(6.991), 'training/rollout_time': np.float64(0.34), 'training/update_time': np.float64(0.001), 'training/approx_kl': 0.0, 'training/entropy': 0.6741422414779663, 'training/policy_loss': 0.009880360215902328, 'training/total_loss': 0.011083979159593582, 'training/value_loss': 0.002407238120213151}
{'eval/num_episodes': 200, 'eval/num_steps': 200, 'eval/mean_score': np.float64(0.939), 'eval/std_score': np.float64(0.049), 'eval/mean_episode_length': np.float64(1.0), 'eval/std_episode_length': np.float64(0.0), 'eval/eval_time': 0.07419800758361816}
{'training/total_steps': 34000, 'training/updates': 17, 'training/sps': np.float64(6038.302), 'training/walltime': np.float64(7.397), 'training/rollout_time': np.float64(0.33), 'training/update_time': np.float64(0.002), 'training/approx_kl': 8.419156216632473e-08, 'training/entropy': 0.6784414649009705, 'training/policy_loss': 0.008984316140413284, 'training/total_loss': 0.010196439921855927, 'training/value_loss': 0.0024242480285465717}
{'eval/num_episodes': 200, 'eval/num_steps': 200, 'eval/mean_score': np.float64(0.945), 'eval/std_score': np.float64(0.05), 'eval/mean_episode_length': np.float64(1.0), 'eval/std_episode_length': np.float64(0.0), 'eval/eval_time': 0.08826875686645508}
{'training/total_steps': 36000, 'training/updates': 18, 'training/sps': np.float64(6514.72), 'training/walltime': np.float64(7.792), 'training/rollout_time': np.float64(0.306), 'training/update_time': np.float64(0.001), 'training/approx_kl': 0.0, 'training/entropy': 0.6822351217269897, 'training/policy_loss': 0.008258477784693241, 'training/total_loss': 0.009482884779572487, 'training/value_loss': 0.0024488139897584915}
{'eval/num_episodes': 200, 'eval/num_steps': 200, 'eval/mean_score': np.float64(0.945), 'eval/std_score': np.float64(0.05), 'eval/mean_episode_length': np.float64(1.0), 'eval/std_episode_length': np.float64(0.0), 'eval/eval_time': 0.0719151496887207}
{'training/total_steps': 38000, 'training/updates': 19, 'training/sps': np.float64(5597.521), 'training/walltime': np.float64(8.222), 'training/rollout_time': np.float64(0.356), 'training/update_time': np.float64(0.001), 'training/approx_kl': 0.0, 'training/entropy': 0.6855087280273438, 'training/policy_loss': 0.007365645840764046, 'training/total_loss': 0.0086021414026618, 'training/value_loss': 0.002472990658134222}
{'eval/num_episodes': 200, 'eval/num_steps': 200, 'eval/mean_score': np.float64(0.941), 'eval/std_score': np.float64(0.049), 'eval/mean_episode_length': np.float64(1.0), 'eval/std_episode_length': np.float64(0.0), 'eval/eval_time': 0.07072591781616211}
{'training/total_steps': 40000, 'training/updates': 20, 'training/sps': np.float64(6401.06), 'training/walltime': np.float64(8.605), 'training/rollout_time': np.float64(0.311), 'training/update_time': np.float64(0.002), 'training/approx_kl': 0.0, 'training/entropy': 0.6882343888282776, 'training/policy_loss': 0.004730979911983013, 'training/total_loss': 0.005964480806142092, 'training/value_loss': 0.0024670015554875135}
{'eval/num_episodes': 200, 'eval/num_steps': 200, 'eval/mean_score': np.float64(0.949), 'eval/std_score': np.float64(0.05), 'eval/mean_episode_length': np.float64(1.0), 'eval/std_episode_length': np.float64(0.0), 'eval/eval_time': 0.07680320739746094}
{'training/total_steps': 42000, 'training/updates': 21, 'training/sps': np.float64(6194.997), 'training/walltime': np.float64(9.006), 'training/rollout_time': np.float64(0.321), 'training/update_time': np.float64(0.001), 'training/approx_kl': 0.0, 'training/entropy': 0.6903649568557739, 'training/policy_loss': 0.00590463075786829, 'training/total_loss': 0.007156212814152241, 'training/value_loss': 0.0025031641125679016}
{'eval/num_episodes': 200, 'eval/num_steps': 200, 'eval/mean_score': np.float64(0.956), 'eval/std_score': np.float64(0.05), 'eval/mean_episode_length': np.float64(1.0), 'eval/std_episode_length': np.float64(0.0), 'eval/eval_time': 0.07468891143798828}
{'training/total_steps': 44000, 'training/updates': 22, 'training/sps': np.float64(6015.905), 'training/walltime': np.float64(9.413), 'training/rollout_time': np.float64(0.331), 'training/update_time': np.float64(0.002), 'training/approx_kl': 0.0, 'training/entropy': 0.6919122934341431, 'training/policy_loss': 0.002270565601065755, 'training/total_loss': 0.0035164065193384886, 'training/value_loss': 0.0024916816037148237}
{'eval/num_episodes': 200, 'eval/num_steps': 200, 'eval/mean_score': np.float64(0.954), 'eval/std_score': np.float64(0.05), 'eval/mean_episode_length': np.float64(1.0), 'eval/std_episode_length': np.float64(0.0), 'eval/eval_time': 0.07346796989440918}
{'training/total_steps': 46000, 'training/updates': 23, 'training/sps': np.float64(6303.044), 'training/walltime': np.float64(9.804), 'training/rollout_time': np.float64(0.316), 'training/update_time': np.float64(0.001), 'training/approx_kl': 0.0, 'training/entropy': 0.6928392648696899, 'training/policy_loss': 0.0022091446444392204, 'training/total_loss': 0.0034590004943311214, 'training/value_loss': 0.002499711699783802}
{'eval/num_episodes': 200, 'eval/num_steps': 200, 'eval/mean_score': np.float64(0.95), 'eval/std_score': np.float64(0.05), 'eval/mean_episode_length': np.float64(1.0), 'eval/std_episode_length': np.float64(0.0), 'eval/eval_time': 0.07132482528686523}
{'training/total_steps': 48000, 'training/updates': 24, 'training/sps': np.float64(5896.956), 'training/walltime': np.float64(10.215), 'training/rollout_time': np.float64(0.338), 'training/update_time': np.float64(0.001), 'training/approx_kl': 0.0, 'training/entropy': 0.693147599697113, 'training/policy_loss': 0.0014820394571870565, 'training/total_loss': 0.002734139794483781, 'training/value_loss': 0.0025042006745934486}
{'eval/num_episodes': 200, 'eval/num_steps': 200, 'eval/mean_score': np.float64(0.955), 'eval/std_score': np.float64(0.05), 'eval/mean_episode_length': np.float64(1.0), 'eval/std_episode_length': np.float64(0.0), 'eval/eval_time': 0.07156181335449219}
{'training/total_steps': 50000, 'training/updates': 25, 'training/sps': np.float64(6424.109), 'training/walltime': np.float64(10.598), 'training/rollout_time': np.float64(0.31), 'training/update_time': np.float64(0.002), 'training/approx_kl': 0.0, 'training/entropy': 0.692830502986908, 'training/policy_loss': 0.0009963760385289788, 'training/total_loss': 0.002244052942842245, 'training/value_loss': 0.002495353575795889}
{'eval/num_episodes': 200, 'eval/num_steps': 200, 'eval/mean_score': np.float64(0.951), 'eval/std_score': np.float64(0.05), 'eval/mean_episode_length': np.float64(1.0), 'eval/std_episode_length': np.float64(0.0), 'eval/eval_time': 0.07239198684692383}
{'training/total_steps': 52000, 'training/updates': 26, 'training/sps': np.float64(6446.691), 'training/walltime': np.float64(10.981), 'training/rollout_time': np.float64(0.309), 'training/update_time': np.float64(0.001), 'training/approx_kl': 0.0, 'training/entropy': 0.6918932199478149, 'training/policy_loss': -0.003258244600147009, 'training/total_loss': -0.0020115587394684553, 'training/value_loss': 0.002493371721357107}
{'eval/num_episodes': 200, 'eval/num_steps': 200, 'eval/mean_score': np.float64(0.947), 'eval/std_score': np.float64(0.05), 'eval/mean_episode_length': np.float64(1.0), 'eval/std_episode_length': np.float64(0.0), 'eval/eval_time': 0.07206010818481445}
{'training/total_steps': 54000, 'training/updates': 27, 'training/sps': np.float64(5921.344), 'training/walltime': np.float64(11.391), 'training/rollout_time': np.float64(0.336), 'training/update_time': np.float64(0.002), 'training/approx_kl': 0.0, 'training/entropy': 0.6903406381607056, 'training/policy_loss': -0.0030743542592972517, 'training/total_loss': -0.0018309333827346563, 'training/value_loss': 0.0024868417531251907}
{'eval/num_episodes': 200, 'eval/num_steps': 200, 'eval/mean_score': np.float64(0.952), 'eval/std_score': np.float64(0.05), 'eval/mean_episode_length': np.float64(1.0), 'eval/std_episode_length': np.float64(0.0), 'eval/eval_time': 0.07397723197937012}
{'training/total_steps': 56000, 'training/updates': 28, 'training/sps': np.float64(6349.628), 'training/walltime': np.float64(11.781), 'training/rollout_time': np.float64(0.314), 'training/update_time': np.float64(0.001), 'training/approx_kl': 0.0, 'training/entropy': 0.6881834268569946, 'training/policy_loss': -0.0032374097499996424, 'training/total_loss': -0.002003628062084317, 'training/value_loss': 0.002467563608661294}
{'eval/num_episodes': 200, 'eval/num_steps': 200, 'eval/mean_score': np.float64(0.954), 'eval/std_score': np.float64(0.05), 'eval/mean_episode_length': np.float64(1.0), 'eval/std_episode_length': np.float64(0.0), 'eval/eval_time': 0.07271599769592285}
{'training/total_steps': 58000, 'training/updates': 29, 'training/sps': np.float64(5831.452), 'training/walltime': np.float64(12.197), 'training/rollout_time': np.float64(0.342), 'training/update_time': np.float64(0.001), 'training/approx_kl': 0.0, 'training/entropy': 0.6854534149169922, 'training/policy_loss': -0.004698154982179403, 'training/total_loss': -0.0034797743428498507, 'training/value_loss': 0.0024367612786591053}
{'eval/num_episodes': 200, 'eval/num_steps': 200, 'eval/mean_score': np.float64(0.962), 'eval/std_score': np.float64(0.049), 'eval/mean_episode_length': np.float64(1.0), 'eval/std_episode_length': np.float64(0.0), 'eval/eval_time': 0.07345795631408691}
{'training/total_steps': 60000, 'training/updates': 30, 'training/sps': np.float64(6296.355), 'training/walltime': np.float64(12.588), 'training/rollout_time': np.float64(0.316), 'training/update_time': np.float64(0.002), 'training/approx_kl': 0.0, 'training/entropy': 0.6821836829185486, 'training/policy_loss': -0.007426819298416376, 'training/total_loss': -0.006208388600498438, 'training/value_loss': 0.00243686162866652}
{'eval/num_episodes': 200, 'eval/num_steps': 200, 'eval/mean_score': np.float64(0.96), 'eval/std_score': np.float64(0.049), 'eval/mean_episode_length': np.float64(1.0), 'eval/std_episode_length': np.float64(0.0), 'eval/eval_time': 0.07598519325256348}
TRAINING END: training duration: 12.66474986076355
{'final_eval/num_episodes': 200, 'final_eval/num_steps': 200, 'final_eval/mean_score': np.float64(1.0), 'final_eval/std_score': np.float64(0.0), 'final_eval/mean_episode_length': np.float64(1.0), 'final_eval/std_episode_length': np.float64(0.0)}
