|param: value|
|experiment_name:  cleanba_ppo|
|seed:  18|
|platform:  cpu|
|write_logs_to_file:  False|
|save_model:  False|
|env_name:  bandit|
|num_envs:  8|
|num_train_levels:  200|
|distribution_mode:  easy|
|arm_means:  (1.0, 0.9)|
|deterministic_rewards:  True|
|eval_env:  True|
|num_eval_episodes:  200|
|eval_every:  1|
|deterministic_eval:  False|
|total_timesteps:  60000|
|learning_rate:  0.00025|
|adam_eps:  1e-05|
|unroll_length:  250|
|anneal_lr:  False|
|gamma:  0.99|
|gae_lambda:  0.95|
|num_minibatches:  4|
|update_epochs:  4|
|normalize_advantages:  True|
|clip_eps:  0.1|
|clip_vloss:  True|
|entropy_cost:  0.0|
|vf_cost:  0.5|
|max_grad_norm:  0.5|
|use_cnn:  False|
|policy_hidden_layer_sizes:  ()|
|value_hidden_layer_sizes:  ()|
|activation:  <jax._src.custom_derivatives.custom_jvp object at 0x118c0ab50>|
|policy_init_logit_bias:  [0.0, 4.0]|
{'training/total_steps': 2000, 'training/updates': 1, 'training/sps': np.float64(2235.449), 'training/walltime': np.float64(0.895), 'training/rollout_time': np.float64(0.409), 'training/update_time': np.float64(0.486), 'training/approx_kl': 1.4757338249182794e-06, 'training/entropy': 0.09103748202323914, 'training/policy_loss': -0.0017643787432461977, 'training/total_loss': 0.7716806530952454, 'training/value_loss': 1.546890139579773}
{'eval/num_episodes': 200, 'eval/num_steps': 200, 'eval/mean_score': np.float64(0.9), 'eval/std_score': np.float64(0.0), 'eval/mean_episode_length': np.float64(1.0), 'eval/std_episode_length': np.float64(0.0), 'eval/eval_time': 0.07559776306152344}
{'training/total_steps': 4000, 'training/updates': 2, 'training/sps': np.float64(13869.021), 'training/walltime': np.float64(1.115), 'training/rollout_time': np.float64(0.136), 'training/update_time': np.float64(0.008), 'training/approx_kl': 1.3234700872999383e-06, 'training/entropy': 0.09216299653053284, 'training/policy_loss': -0.0015797947999089956, 'training/total_loss': 0.7647090554237366, 'training/value_loss': 1.532577633857727}
{'eval/num_episodes': 200, 'eval/num_steps': 200, 'eval/mean_score': np.float64(0.902), 'eval/std_score': np.float64(0.014), 'eval/mean_episode_length': np.float64(1.0), 'eval/std_episode_length': np.float64(0.0), 'eval/eval_time': 0.07806587219238281}
{'training/total_steps': 6000, 'training/updates': 3, 'training/sps': np.float64(14101.369), 'training/walltime': np.float64(1.335), 'training/rollout_time': np.float64(0.134), 'training/update_time': np.float64(0.008), 'training/approx_kl': 1.8903800764746848e-06, 'training/entropy': 0.09333144128322601, 'training/policy_loss': -0.0019709691405296326, 'training/total_loss': 0.7577866315841675, 'training/value_loss': 1.5195152759552002}
{'eval/num_episodes': 200, 'eval/num_steps': 200, 'eval/mean_score': np.float64(0.901), 'eval/std_score': np.float64(0.012), 'eval/mean_episode_length': np.float64(1.0), 'eval/std_episode_length': np.float64(0.0), 'eval/eval_time': 0.0820469856262207}
{'training/total_steps': 8000, 'training/updates': 4, 'training/sps': np.float64(13515.342), 'training/walltime': np.float64(1.565), 'training/rollout_time': np.float64(0.14), 'training/update_time': np.float64(0.008), 'training/approx_kl': 2.260549081256613e-06, 'training/entropy': 0.09457099437713623, 'training/policy_loss': -0.0021539321169257164, 'training/total_loss': 0.7508483529090881, 'training/value_loss': 1.5060045719146729}
{'eval/num_episodes': 200, 'eval/num_steps': 200, 'eval/mean_score': np.float64(0.902), 'eval/std_score': np.float64(0.016), 'eval/mean_episode_length': np.float64(1.0), 'eval/std_episode_length': np.float64(0.0), 'eval/eval_time': 0.0724339485168457}
{'training/total_steps': 10000, 'training/updates': 5, 'training/sps': np.float64(13951.227), 'training/walltime': np.float64(1.781), 'training/rollout_time': np.float64(0.135), 'training/update_time': np.float64(0.008), 'training/approx_kl': 1.797463824004808e-06, 'training/entropy': 0.09579810500144958, 'training/policy_loss': -0.001823098980821669, 'training/total_loss': 0.743869423866272, 'training/value_loss': 1.4913849830627441}
{'eval/num_episodes': 200, 'eval/num_steps': 200, 'eval/mean_score': np.float64(0.902), 'eval/std_score': np.float64(0.016), 'eval/mean_episode_length': np.float64(1.0), 'eval/std_episode_length': np.float64(0.0), 'eval/eval_time': 0.0740048885345459}
{'training/total_steps': 12000, 'training/updates': 6, 'training/sps': np.float64(14430.251), 'training/walltime': np.float64(1.994), 'training/rollout_time': np.float64(0.131), 'training/update_time': np.float64(0.008), 'training/approx_kl': 1.8145833564631175e-06, 'training/entropy': 0.0970204770565033, 'training/policy_loss': -0.0019153135363012552, 'training/total_loss': 0.73707115650177, 'training/value_loss': 1.4779728651046753}
{'eval/num_episodes': 200, 'eval/num_steps': 200, 'eval/mean_score': np.float64(0.902), 'eval/std_score': np.float64(0.016), 'eval/mean_episode_length': np.float64(1.0), 'eval/std_episode_length': np.float64(0.0), 'eval/eval_time': 0.07128500938415527}
{'training/total_steps': 14000, 'training/updates': 7, 'training/sps': np.float64(14084.511), 'training/walltime': np.float64(2.208), 'training/rollout_time': np.float64(0.134), 'training/update_time': np.float64(0.008), 'training/approx_kl': 2.4019268494157586e-06, 'training/entropy': 0.09830551594495773, 'training/policy_loss': -0.002200514543801546, 'training/total_loss': 0.7302999496459961, 'training/value_loss': 1.4650009870529175}
{'eval/num_episodes': 200, 'eval/num_steps': 200, 'eval/mean_score': np.float64(0.903), 'eval/std_score': np.float64(0.018), 'eval/mean_episode_length': np.float64(1.0), 'eval/std_episode_length': np.float64(0.0), 'eval/eval_time': 0.07579183578491211}
{'training/total_steps': 16000, 'training/updates': 8, 'training/sps': np.float64(13888.424), 'training/walltime': np.float64(2.428), 'training/rollout_time': np.float64(0.136), 'training/update_time': np.float64(0.008), 'training/approx_kl': 2.5876574909489136e-06, 'training/entropy': 0.0996505618095398, 'training/policy_loss': -0.002296474762260914, 'training/total_loss': 0.7234543561935425, 'training/value_loss': 1.4515016078948975}
{'eval/num_episodes': 200, 'eval/num_steps': 200, 'eval/mean_score': np.float64(0.902), 'eval/std_score': np.float64(0.016), 'eval/mean_episode_length': np.float64(1.0), 'eval/std_episode_length': np.float64(0.0), 'eval/eval_time': 0.0718691349029541}
{'training/total_steps': 18000, 'training/updates': 9, 'training/sps': np.float64(13997.25), 'training/walltime': np.float64(2.643), 'training/rollout_time': np.float64(0.135), 'training/update_time': np.float64(0.008), 'training/approx_kl': 2.250293391625746e-06, 'training/entropy': 0.10098398476839066, 'training/policy_loss': -0.0020663230679929256, 'training/total_loss': 0.7166537046432495, 'training/value_loss': 1.437440037727356}
{'eval/num_episodes': 200, 'eval/num_steps': 200, 'eval/mean_score': np.float64(0.902), 'eval/std_score': np.float64(0.014), 'eval/mean_episode_length': np.float64(1.0), 'eval/std_episode_length': np.float64(0.0), 'eval/eval_time': 0.07299613952636719}
{'training/total_steps': 20000, 'training/updates': 10, 'training/sps': np.float64(14088.793), 'training/walltime': np.float64(2.858), 'training/rollout_time': np.float64(0.134), 'training/update_time': np.float64(0.008), 'training/approx_kl': 1.8983093923452543e-06, 'training/entropy': 0.10227687656879425, 'training/policy_loss': -0.0018606551457196474, 'training/total_loss': 0.7099769711494446, 'training/value_loss': 1.423675298690796}
{'eval/num_episodes': 200, 'eval/num_steps': 200, 'eval/mean_score': np.float64(0.902), 'eval/std_score': np.float64(0.016), 'eval/mean_episode_length': np.float64(1.0), 'eval/std_episode_length': np.float64(0.0), 'eval/eval_time': 0.07529973983764648}
{'training/total_steps': 22000, 'training/updates': 11, 'training/sps': np.float64(14175.549), 'training/walltime': np.float64(3.075), 'training/rollout_time': np.float64(0.133), 'training/update_time': np.float64(0.008), 'training/approx_kl': 1.7192447785419063e-06, 'training/entropy': 0.10354134440422058, 'training/policy_loss': -0.0018757600337266922, 'training/total_loss': 0.7031435370445251, 'training/value_loss': 1.4100385904312134}
{'eval/num_episodes': 200, 'eval/num_steps': 200, 'eval/mean_score': np.float64(0.901), 'eval/std_score': np.float64(0.01), 'eval/mean_episode_length': np.float64(1.0), 'eval/std_episode_length': np.float64(0.0), 'eval/eval_time': 0.07316994667053223}
{'training/total_steps': 24000, 'training/updates': 12, 'training/sps': np.float64(14064.628), 'training/walltime': np.float64(3.291), 'training/rollout_time': np.float64(0.134), 'training/update_time': np.float64(0.008), 'training/approx_kl': 2.2157385046739364e-06, 'training/entropy': 0.10485468804836273, 'training/policy_loss': -0.0020958695095032454, 'training/total_loss': 0.6965330839157104, 'training/value_loss': 1.3972580432891846}
{'eval/num_episodes': 200, 'eval/num_steps': 200, 'eval/mean_score': np.float64(0.902), 'eval/std_score': np.float64(0.016), 'eval/mean_episode_length': np.float64(1.0), 'eval/std_episode_length': np.float64(0.0), 'eval/eval_time': 0.07497692108154297}
{'training/total_steps': 26000, 'training/updates': 13, 'training/sps': np.float64(14095.729), 'training/walltime': np.float64(3.508), 'training/rollout_time': np.float64(0.134), 'training/update_time': np.float64(0.008), 'training/approx_kl': 2.1688902052119374e-06, 'training/entropy': 0.10621846467256546, 'training/policy_loss': -0.002107813488692045, 'training/total_loss': 0.6898289918899536, 'training/value_loss': 1.383873701095581}
{'eval/num_episodes': 200, 'eval/num_steps': 200, 'eval/mean_score': np.float64(0.902), 'eval/std_score': np.float64(0.016), 'eval/mean_episode_length': np.float64(1.0), 'eval/std_episode_length': np.float64(0.0), 'eval/eval_time': 0.07292389869689941}
{'training/total_steps': 28000, 'training/updates': 14, 'training/sps': np.float64(14172.148), 'training/walltime': np.float64(3.722), 'training/rollout_time': np.float64(0.133), 'training/update_time': np.float64(0.008), 'training/approx_kl': 2.2759400053473655e-06, 'training/entropy': 0.10761312395334244, 'training/policy_loss': -0.002101385034620762, 'training/total_loss': 0.6832636594772339, 'training/value_loss': 1.3707300424575806}
{'eval/num_episodes': 200, 'eval/num_steps': 200, 'eval/mean_score': np.float64(0.901), 'eval/std_score': np.float64(0.012), 'eval/mean_episode_length': np.float64(1.0), 'eval/std_episode_length': np.float64(0.0), 'eval/eval_time': 0.07212591171264648}
{'training/total_steps': 30000, 'training/updates': 15, 'training/sps': np.float64(14230.015), 'training/walltime': np.float64(3.935), 'training/rollout_time': np.float64(0.133), 'training/update_time': np.float64(0.008), 'training/approx_kl': 1.5767114973641583e-06, 'training/entropy': 0.10896580666303635, 'training/policy_loss': -0.0018144909990951419, 'training/total_loss': 0.67652827501297, 'training/value_loss': 1.3566855192184448}
{'eval/num_episodes': 200, 'eval/num_steps': 200, 'eval/mean_score': np.float64(0.901), 'eval/std_score': np.float64(0.01), 'eval/mean_episode_length': np.float64(1.0), 'eval/std_episode_length': np.float64(0.0), 'eval/eval_time': 0.07332706451416016}
{'training/total_steps': 32000, 'training/updates': 16, 'training/sps': np.float64(14162.315), 'training/walltime': np.float64(4.15), 'training/rollout_time': np.float64(0.133), 'training/update_time': np.float64(0.008), 'training/approx_kl': 2.23446454583609e-06, 'training/entropy': 0.11033699661493301, 'training/policy_loss': -0.0021172072738409042, 'training/total_loss': 0.67012619972229, 'training/value_loss': 1.344486951828003}
{'eval/num_episodes': 200, 'eval/num_steps': 200, 'eval/mean_score': np.float64(0.901), 'eval/std_score': np.float64(0.012), 'eval/mean_episode_length': np.float64(1.0), 'eval/std_episode_length': np.float64(0.0), 'eval/eval_time': 0.07334685325622559}
{'training/total_steps': 34000, 'training/updates': 17, 'training/sps': np.float64(9527.486), 'training/walltime': np.float64(4.433), 'training/rollout_time': np.float64(0.202), 'training/update_time': np.float64(0.008), 'training/approx_kl': 3.5031971492571756e-06, 'training/entropy': 0.11186744272708893, 'training/policy_loss': -0.002589070936664939, 'training/total_loss': 0.6637945175170898, 'training/value_loss': 1.332767128944397}
{'eval/num_episodes': 200, 'eval/num_steps': 200, 'eval/mean_score': np.float64(0.903), 'eval/std_score': np.float64(0.017), 'eval/mean_episode_length': np.float64(1.0), 'eval/std_episode_length': np.float64(0.0), 'eval/eval_time': 0.0754392147064209}
{'training/total_steps': 36000, 'training/updates': 18, 'training/sps': np.float64(13684.85), 'training/walltime': np.float64(4.655), 'training/rollout_time': np.float64(0.138), 'training/update_time': np.float64(0.008), 'training/approx_kl': 2.395346882622107e-06, 'training/entropy': 0.11341387778520584, 'training/policy_loss': -0.002229215344414115, 'training/total_loss': 0.6569852232933044, 'training/value_loss': 1.3184287548065186}
{'eval/num_episodes': 200, 'eval/num_steps': 200, 'eval/mean_score': np.float64(0.902), 'eval/std_score': np.float64(0.014), 'eval/mean_episode_length': np.float64(1.0), 'eval/std_episode_length': np.float64(0.0), 'eval/eval_time': 0.07468795776367188}
{'training/total_steps': 38000, 'training/updates': 19, 'training/sps': np.float64(13708.69), 'training/walltime': np.float64(4.876), 'training/rollout_time': np.float64(0.138), 'training/update_time': np.float64(0.008), 'training/approx_kl': 2.485287495801458e-06, 'training/entropy': 0.11489593237638474, 'training/policy_loss': -0.0021906059700995684, 'training/total_loss': 0.6507425904273987, 'training/value_loss': 1.3058664798736572}
{'eval/num_episodes': 200, 'eval/num_steps': 200, 'eval/mean_score': np.float64(0.902), 'eval/std_score': np.float64(0.016), 'eval/mean_episode_length': np.float64(1.0), 'eval/std_episode_length': np.float64(0.0), 'eval/eval_time': 0.07288908958435059}
{'training/total_steps': 40000, 'training/updates': 20, 'training/sps': np.float64(13829.921), 'training/walltime': np.float64(5.094), 'training/rollout_time': np.float64(0.137), 'training/update_time': np.float64(0.008), 'training/approx_kl': 3.009019565070048e-06, 'training/entropy': 0.11645609140396118, 'training/policy_loss': -0.002396028023213148, 'training/total_loss': 0.6444693207740784, 'training/value_loss': 1.2937307357788086}
{'eval/num_episodes': 200, 'eval/num_steps': 200, 'eval/mean_score': np.float64(0.903), 'eval/std_score': np.float64(0.017), 'eval/mean_episode_length': np.float64(1.0), 'eval/std_episode_length': np.float64(0.0), 'eval/eval_time': 0.07294178009033203}
{'training/total_steps': 42000, 'training/updates': 21, 'training/sps': np.float64(14015.609), 'training/walltime': np.float64(5.31), 'training/rollout_time': np.float64(0.135), 'training/update_time': np.float64(0.008), 'training/approx_kl': 3.084671789110871e-06, 'training/entropy': 0.11807839572429657, 'training/policy_loss': -0.0025218469090759754, 'training/total_loss': 0.6379457712173462, 'training/value_loss': 1.280935287475586}
{'eval/num_episodes': 200, 'eval/num_steps': 200, 'eval/mean_score': np.float64(0.903), 'eval/std_score': np.float64(0.017), 'eval/mean_episode_length': np.float64(1.0), 'eval/std_episode_length': np.float64(0.0), 'eval/eval_time': 0.07461285591125488}
{'training/total_steps': 44000, 'training/updates': 22, 'training/sps': np.float64(13993.071), 'training/walltime': np.float64(5.528), 'training/rollout_time': np.float64(0.135), 'training/update_time': np.float64(0.008), 'training/approx_kl': 2.857611661966075e-06, 'training/entropy': 0.11970866471529007, 'training/policy_loss': -0.002420798409730196, 'training/total_loss': 0.6315534710884094, 'training/value_loss': 1.2679485082626343}
{'eval/num_episodes': 200, 'eval/num_steps': 200, 'eval/mean_score': np.float64(0.902), 'eval/std_score': np.float64(0.014), 'eval/mean_episode_length': np.float64(1.0), 'eval/std_episode_length': np.float64(0.0), 'eval/eval_time': 0.07837677001953125}
{'training/total_steps': 46000, 'training/updates': 23, 'training/sps': np.float64(14000.918), 'training/walltime': np.float64(5.749), 'training/rollout_time': np.float64(0.135), 'training/update_time': np.float64(0.008), 'training/approx_kl': 2.5770759748411365e-06, 'training/entropy': 0.12130587548017502, 'training/policy_loss': -0.0022389846853911877, 'training/total_loss': 0.6252586841583252, 'training/value_loss': 1.254995346069336}
{'eval/num_episodes': 200, 'eval/num_steps': 200, 'eval/mean_score': np.float64(0.903), 'eval/std_score': np.float64(0.017), 'eval/mean_episode_length': np.float64(1.0), 'eval/std_episode_length': np.float64(0.0), 'eval/eval_time': 0.0722799301147461}
{'training/total_steps': 48000, 'training/updates': 24, 'training/sps': np.float64(10866.199), 'training/walltime': np.float64(6.006), 'training/rollout_time': np.float64(0.176), 'training/update_time': np.float64(0.008), 'training/approx_kl': 3.097685294051189e-06, 'training/entropy': 0.12295256555080414, 'training/policy_loss': -0.002492653438821435, 'training/total_loss': 0.6191821098327637, 'training/value_loss': 1.243349552154541}
{'eval/num_episodes': 200, 'eval/num_steps': 200, 'eval/mean_score': np.float64(0.903), 'eval/std_score': np.float64(0.018), 'eval/mean_episode_length': np.float64(1.0), 'eval/std_episode_length': np.float64(0.0), 'eval/eval_time': 0.07555770874023438}
{'training/total_steps': 50000, 'training/updates': 25, 'training/sps': np.float64(13629.951), 'training/walltime': np.float64(6.228), 'training/rollout_time': np.float64(0.139), 'training/update_time': np.float64(0.008), 'training/approx_kl': 3.8009679883543868e-06, 'training/entropy': 0.12469957023859024, 'training/policy_loss': -0.0027842458803206682, 'training/total_loss': 0.6128780245780945, 'training/value_loss': 1.231324553489685}
{'eval/num_episodes': 200, 'eval/num_steps': 200, 'eval/mean_score': np.float64(0.902), 'eval/std_score': np.float64(0.016), 'eval/mean_episode_length': np.float64(1.0), 'eval/std_episode_length': np.float64(0.0), 'eval/eval_time': 0.07350492477416992}
{'training/total_steps': 52000, 'training/updates': 26, 'training/sps': np.float64(13828.554), 'training/walltime': np.float64(6.447), 'training/rollout_time': np.float64(0.137), 'training/update_time': np.float64(0.008), 'training/approx_kl': 3.2318421290256083e-06, 'training/entropy': 0.12646275758743286, 'training/policy_loss': -0.0025300346314907074, 'training/total_loss': 0.6066259741783142, 'training/value_loss': 1.2183120250701904}
{'eval/num_episodes': 200, 'eval/num_steps': 200, 'eval/mean_score': np.float64(0.902), 'eval/std_score': np.float64(0.016), 'eval/mean_episode_length': np.float64(1.0), 'eval/std_episode_length': np.float64(0.0), 'eval/eval_time': 0.07577967643737793}
{'training/total_steps': 54000, 'training/updates': 27, 'training/sps': np.float64(14056.803), 'training/walltime': np.float64(6.665), 'training/rollout_time': np.float64(0.134), 'training/update_time': np.float64(0.008), 'training/approx_kl': 3.586097136576427e-06, 'training/entropy': 0.12824219465255737, 'training/policy_loss': -0.0026716594584286213, 'training/total_loss': 0.6005709171295166, 'training/value_loss': 1.2064850330352783}
{'eval/num_episodes': 200, 'eval/num_steps': 200, 'eval/mean_score': np.float64(0.903), 'eval/std_score': np.float64(0.017), 'eval/mean_episode_length': np.float64(1.0), 'eval/std_episode_length': np.float64(0.0), 'eval/eval_time': 0.07498812675476074}
{'training/total_steps': 56000, 'training/updates': 28, 'training/sps': np.float64(13247.039), 'training/walltime': np.float64(6.891), 'training/rollout_time': np.float64(0.143), 'training/update_time': np.float64(0.008), 'training/approx_kl': 3.836320956907002e-06, 'training/entropy': 0.1300601363182068, 'training/policy_loss': -0.0027062376029789448, 'training/total_loss': 0.5944597721099854, 'training/value_loss': 1.1943320035934448}
{'eval/num_episodes': 200, 'eval/num_steps': 200, 'eval/mean_score': np.float64(0.903), 'eval/std_score': np.float64(0.018), 'eval/mean_episode_length': np.float64(1.0), 'eval/std_episode_length': np.float64(0.0), 'eval/eval_time': 0.07888221740722656}
{'training/total_steps': 58000, 'training/updates': 29, 'training/sps': np.float64(13817.392), 'training/walltime': np.float64(7.115), 'training/rollout_time': np.float64(0.137), 'training/update_time': np.float64(0.008), 'training/approx_kl': 3.4627887544047553e-06, 'training/entropy': 0.13188837468624115, 'training/policy_loss': -0.0026523226406425238, 'training/total_loss': 0.5882675051689148, 'training/value_loss': 1.1818397045135498}
{'eval/num_episodes': 200, 'eval/num_steps': 200, 'eval/mean_score': np.float64(0.902), 'eval/std_score': np.float64(0.016), 'eval/mean_episode_length': np.float64(1.0), 'eval/std_episode_length': np.float64(0.0), 'eval/eval_time': 0.07384014129638672}
{'training/total_steps': 60000, 'training/updates': 30, 'training/sps': np.float64(13436.542), 'training/walltime': np.float64(7.338), 'training/rollout_time': np.float64(0.139), 'training/update_time': np.float64(0.01), 'training/approx_kl': 5.021918696002103e-06, 'training/entropy': 0.13380752503871918, 'training/policy_loss': -0.0031580121722072363, 'training/total_loss': 0.5824801921844482, 'training/value_loss': 1.171276330947876}
{'eval/num_episodes': 200, 'eval/num_steps': 200, 'eval/mean_score': np.float64(0.901), 'eval/std_score': np.float64(0.01), 'eval/mean_episode_length': np.float64(1.0), 'eval/std_episode_length': np.float64(0.0), 'eval/eval_time': 0.0737149715423584}
TRAINING END: training duration: 7.4122490882873535
{'final_eval/num_episodes': 200, 'final_eval/num_steps': 200, 'final_eval/mean_score': np.float64(0.8999999761581421), 'final_eval/std_score': np.float64(0.0), 'final_eval/mean_episode_length': np.float64(1.0), 'final_eval/std_episode_length': np.float64(0.0)}
