|param: value|
|experiment_name:  reinforce_procgen|
|seed:  18|
|platform:  cpu|
|write_logs_to_file:  False|
|save_model:  False|
|env_name:  bandit|
|num_envs:  1|
|num_train_levels:  200|
|distribution_mode:  easy|
|arm_means:  (1.0, 0.9)|
|deterministic_rewards:  True|
|eval_env:  True|
|num_eval_episodes:  200|
|eval_every:  1|
|deterministic_eval:  False|
|normalize_observations:  True|
|total_timesteps:  60000|
|learning_rate:  0.5|
|optimizer:  sgd|
|unroll_length:  2048|
|anneal_lr:  False|
|gamma:  0.99|
|batch_size:  1|
|num_minibatches:  1|
|update_epochs:  1|
|entropy_cost:  0.0|
|max_grad_norm:  0.5|
|reward_scaling:  1.0|
|use_cnn:  False|
|policy_hidden_layer_sizes:  ()|
|value_hidden_layer_sizes:  ()|
|activation:  <jax._src.custom_derivatives.custom_jvp object at 0x118c0ab50>|
|policy_init_logit_bias:  [0.0, 4.0]|
{'training/total_steps': 2000, 'training/updates': 1, 'training/sps': np.float64(2014.57), 'training/walltime': np.float64(0.993), 'training/rollout_time': np.float64(0.415), 'training/update_time': np.float64(0.578), 'training/approx_kl': 0.0, 'training/entropy': 0.09009480476379395, 'training/policy_loss': 0.1466548591852188, 'training/total_loss': 1.2397046089172363, 'training/value_loss': 2.1860995292663574}
{'eval/num_episodes': 200, 'eval/num_steps': 200, 'eval/mean_score': np.float64(0.903), 'eval/std_score': np.float64(0.018), 'eval/mean_episode_length': np.float64(1.0), 'eval/std_episode_length': np.float64(0.0), 'eval/eval_time': 0.07521891593933105}
{'training/total_steps': 4000, 'training/updates': 2, 'training/sps': np.float64(6307.02), 'training/walltime': np.float64(1.385), 'training/rollout_time': np.float64(0.316), 'training/update_time': np.float64(0.001), 'training/approx_kl': 0.0, 'training/entropy': 0.09020847082138062, 'training/policy_loss': 0.09868711978197098, 'training/total_loss': 0.7311645746231079, 'training/value_loss': 1.264954924583435}
{'eval/num_episodes': 200, 'eval/num_steps': 200, 'eval/mean_score': np.float64(0.901), 'eval/std_score': np.float64(0.01), 'eval/mean_episode_length': np.float64(1.0), 'eval/std_episode_length': np.float64(0.0), 'eval/eval_time': 0.0743260383605957}
{'training/total_steps': 6000, 'training/updates': 3, 'training/sps': np.float64(6237.324), 'training/walltime': np.float64(1.781), 'training/rollout_time': np.float64(0.319), 'training/update_time': np.float64(0.002), 'training/approx_kl': 0.0, 'training/entropy': 0.09017770737409592, 'training/policy_loss': 0.09747134149074554, 'training/total_loss': 0.3954869210720062, 'training/value_loss': 0.596031129360199}
{'eval/num_episodes': 200, 'eval/num_steps': 200, 'eval/mean_score': np.float64(0.903), 'eval/std_score': np.float64(0.017), 'eval/mean_episode_length': np.float64(1.0), 'eval/std_episode_length': np.float64(0.0), 'eval/eval_time': 0.07653021812438965}
{'training/total_steps': 8000, 'training/updates': 4, 'training/sps': np.float64(5720.382), 'training/walltime': np.float64(2.207), 'training/rollout_time': np.float64(0.348), 'training/update_time': np.float64(0.001), 'training/approx_kl': 0.0, 'training/entropy': 0.09063006937503815, 'training/policy_loss': 0.039563361555337906, 'training/total_loss': 0.12679457664489746, 'training/value_loss': 0.1744624376296997}
{'eval/num_episodes': 200, 'eval/num_steps': 200, 'eval/mean_score': np.float64(0.901), 'eval/std_score': np.float64(0.01), 'eval/mean_episode_length': np.float64(1.0), 'eval/std_episode_length': np.float64(0.0), 'eval/eval_time': 0.07547903060913086}
{'training/total_steps': 10000, 'training/updates': 5, 'training/sps': np.float64(6247.734), 'training/walltime': np.float64(2.603), 'training/rollout_time': np.float64(0.319), 'training/update_time': np.float64(0.002), 'training/approx_kl': 0.0, 'training/entropy': 0.0906820297241211, 'training/policy_loss': 0.013493607752025127, 'training/total_loss': 0.015654129907488823, 'training/value_loss': 0.004321045707911253}
{'eval/num_episodes': 200, 'eval/num_steps': 200, 'eval/mean_score': np.float64(0.901), 'eval/std_score': np.float64(0.012), 'eval/mean_episode_length': np.float64(1.0), 'eval/std_episode_length': np.float64(0.0), 'eval/eval_time': 0.07422089576721191}
{'training/total_steps': 12000, 'training/updates': 6, 'training/sps': np.float64(5770.359), 'training/walltime': np.float64(3.025), 'training/rollout_time': np.float64(0.345), 'training/update_time': np.float64(0.001), 'training/approx_kl': 0.0, 'training/entropy': 0.09095524996519089, 'training/policy_loss': 0.006450423039495945, 'training/total_loss': 0.006531592924147844, 'training/value_loss': 0.00016233981295954436}
{'eval/num_episodes': 200, 'eval/num_steps': 200, 'eval/mean_score': np.float64(0.902), 'eval/std_score': np.float64(0.016), 'eval/mean_episode_length': np.float64(1.0), 'eval/std_episode_length': np.float64(0.0), 'eval/eval_time': 0.07243704795837402}
{'training/total_steps': 14000, 'training/updates': 7, 'training/sps': np.float64(6222.02), 'training/walltime': np.float64(3.419), 'training/rollout_time': np.float64(0.32), 'training/update_time': np.float64(0.002), 'training/approx_kl': 0.0, 'training/entropy': 0.09118694067001343, 'training/policy_loss': 0.007647351361811161, 'training/total_loss': 0.007742995396256447, 'training/value_loss': 0.00019128763233311474}
{'eval/num_episodes': 200, 'eval/num_steps': 200, 'eval/mean_score': np.float64(0.902), 'eval/std_score': np.float64(0.016), 'eval/mean_episode_length': np.float64(1.0), 'eval/std_episode_length': np.float64(0.0), 'eval/eval_time': 0.07281208038330078}
{'training/total_steps': 16000, 'training/updates': 8, 'training/sps': np.float64(6297.13), 'training/walltime': np.float64(3.81), 'training/rollout_time': np.float64(0.316), 'training/update_time': np.float64(0.001), 'training/approx_kl': 0.0, 'training/entropy': 0.09146047383546829, 'training/policy_loss': 0.005258188582956791, 'training/total_loss': 0.005324957426637411, 'training/value_loss': 0.00013353760004974902}
{'eval/num_episodes': 200, 'eval/num_steps': 200, 'eval/mean_score': np.float64(0.903), 'eval/std_score': np.float64(0.017), 'eval/mean_episode_length': np.float64(1.0), 'eval/std_episode_length': np.float64(0.0), 'eval/eval_time': 0.07525491714477539}
{'training/total_steps': 18000, 'training/updates': 9, 'training/sps': np.float64(5757.5), 'training/walltime': np.float64(4.232), 'training/rollout_time': np.float64(0.346), 'training/update_time': np.float64(0.002), 'training/approx_kl': 0.0, 'training/entropy': 0.09165191650390625, 'training/policy_loss': 0.007269465830177069, 'training/total_loss': 0.0073603796772658825, 'training/value_loss': 0.0001818275632103905}
{'eval/num_episodes': 200, 'eval/num_steps': 200, 'eval/mean_score': np.float64(0.902), 'eval/std_score': np.float64(0.014), 'eval/mean_episode_length': np.float64(1.0), 'eval/std_episode_length': np.float64(0.0), 'eval/eval_time': 0.0820472240447998}
{'training/total_steps': 20000, 'training/updates': 10, 'training/sps': np.float64(6061.61), 'training/walltime': np.float64(4.645), 'training/rollout_time': np.float64(0.328), 'training/update_time': np.float64(0.002), 'training/approx_kl': 0.0, 'training/entropy': 0.09191275388002396, 'training/policy_loss': 0.007412774953991175, 'training/total_loss': 0.007505971472710371, 'training/value_loss': 0.00018639261543285102}
{'eval/num_episodes': 200, 'eval/num_steps': 200, 'eval/mean_score': np.float64(0.904), 'eval/std_score': np.float64(0.02), 'eval/mean_episode_length': np.float64(1.0), 'eval/std_episode_length': np.float64(0.0), 'eval/eval_time': 0.07576608657836914}
{'training/total_steps': 22000, 'training/updates': 11, 'training/sps': np.float64(5424.008), 'training/walltime': np.float64(5.09), 'training/rollout_time': np.float64(0.367), 'training/update_time': np.float64(0.002), 'training/approx_kl': 0.0, 'training/entropy': 0.09218144416809082, 'training/policy_loss': 0.008966734632849693, 'training/total_loss': 0.009079169481992722, 'training/value_loss': 0.00022487007663585246}
{'eval/num_episodes': 200, 'eval/num_steps': 200, 'eval/mean_score': np.float64(0.902), 'eval/std_score': np.float64(0.014), 'eval/mean_episode_length': np.float64(1.0), 'eval/std_episode_length': np.float64(0.0), 'eval/eval_time': 0.07880425453186035}
{'training/total_steps': 24000, 'training/updates': 12, 'training/sps': np.float64(5937.328), 'training/walltime': np.float64(5.506), 'training/rollout_time': np.float64(0.335), 'training/update_time': np.float64(0.001), 'training/approx_kl': 0.0, 'training/entropy': 0.09250640869140625, 'training/policy_loss': 0.006576326675713062, 'training/total_loss': 0.00666006188839674, 'training/value_loss': 0.00016747007612138987}
{'eval/num_episodes': 200, 'eval/num_steps': 200, 'eval/mean_score': np.float64(0.901), 'eval/std_score': np.float64(0.012), 'eval/mean_episode_length': np.float64(1.0), 'eval/std_episode_length': np.float64(0.0), 'eval/eval_time': 0.07586002349853516}
{'training/total_steps': 26000, 'training/updates': 13, 'training/sps': np.float64(5482.965), 'training/walltime': np.float64(5.947), 'training/rollout_time': np.float64(0.363), 'training/update_time': np.float64(0.002), 'training/approx_kl': 0.0, 'training/entropy': 0.09274864196777344, 'training/policy_loss': 0.008775366470217705, 'training/total_loss': 0.008885486982762814, 'training/value_loss': 0.00022024009376764297}
{'eval/num_episodes': 200, 'eval/num_steps': 200, 'eval/mean_score': np.float64(0.901), 'eval/std_score': np.float64(0.01), 'eval/mean_episode_length': np.float64(1.0), 'eval/std_episode_length': np.float64(0.0), 'eval/eval_time': 0.07824897766113281}
{'training/total_steps': 28000, 'training/updates': 14, 'training/sps': np.float64(5387.684), 'training/walltime': np.float64(6.397), 'training/rollout_time': np.float64(0.37), 'training/update_time': np.float64(0.002), 'training/approx_kl': 0.0, 'training/entropy': 0.09306859225034714, 'training/policy_loss': 0.00948396883904934, 'training/total_loss': 0.009603487327694893, 'training/value_loss': 0.00023903769033495337}
{'eval/num_episodes': 200, 'eval/num_steps': 200, 'eval/mean_score': np.float64(0.901), 'eval/std_score': np.float64(0.012), 'eval/mean_episode_length': np.float64(1.0), 'eval/std_episode_length': np.float64(0.0), 'eval/eval_time': 0.07938718795776367}
{'training/total_steps': 30000, 'training/updates': 15, 'training/sps': np.float64(4001.834), 'training/walltime': np.float64(6.976), 'training/rollout_time': np.float64(0.498), 'training/update_time': np.float64(0.002), 'training/approx_kl': 0.0, 'training/entropy': 0.09341716766357422, 'training/policy_loss': 0.008480386808514595, 'training/total_loss': 0.00858799833804369, 'training/value_loss': 0.000215222651604563}
{'eval/num_episodes': 200, 'eval/num_steps': 200, 'eval/mean_score': np.float64(0.901), 'eval/std_score': np.float64(0.012), 'eval/mean_episode_length': np.float64(1.0), 'eval/std_episode_length': np.float64(0.0), 'eval/eval_time': 0.09034395217895508}
{'training/total_steps': 32000, 'training/updates': 16, 'training/sps': np.float64(5614.572), 'training/walltime': np.float64(7.423), 'training/rollout_time': np.float64(0.355), 'training/update_time': np.float64(0.001), 'training/approx_kl': 0.0, 'training/entropy': 0.09373164921998978, 'training/policy_loss': 0.009079869836568832, 'training/total_loss': 0.009194619953632355, 'training/value_loss': 0.00022950005950406194}
{'eval/num_episodes': 200, 'eval/num_steps': 200, 'eval/mean_score': np.float64(0.901), 'eval/std_score': np.float64(0.01), 'eval/mean_episode_length': np.float64(1.0), 'eval/std_episode_length': np.float64(0.0), 'eval/eval_time': 0.07467293739318848}
{'training/total_steps': 34000, 'training/updates': 17, 'training/sps': np.float64(5982.807), 'training/walltime': np.float64(7.833), 'training/rollout_time': np.float64(0.333), 'training/update_time': np.float64(0.001), 'training/approx_kl': 0.0, 'training/entropy': 0.09406852722167969, 'training/policy_loss': 0.006923324894160032, 'training/total_loss': 0.00701185641810298, 'training/value_loss': 0.00017706264043226838}
{'eval/num_episodes': 200, 'eval/num_steps': 200, 'eval/mean_score': np.float64(0.9), 'eval/std_score': np.float64(0.0), 'eval/mean_episode_length': np.float64(1.0), 'eval/std_episode_length': np.float64(0.0), 'eval/eval_time': 0.07649731636047363}
{'training/total_steps': 36000, 'training/updates': 18, 'training/sps': np.float64(6175.046), 'training/walltime': np.float64(8.233), 'training/rollout_time': np.float64(0.322), 'training/update_time': np.float64(0.002), 'training/approx_kl': 0.0, 'training/entropy': 0.09432864934206009, 'training/policy_loss': 0.008911476470530033, 'training/total_loss': 0.009023956954479218, 'training/value_loss': 0.0002249601238872856}
{'eval/num_episodes': 200, 'eval/num_steps': 200, 'eval/mean_score': np.float64(0.902), 'eval/std_score': np.float64(0.016), 'eval/mean_episode_length': np.float64(1.0), 'eval/std_episode_length': np.float64(0.0), 'eval/eval_time': 0.0723729133605957}
{'training/total_steps': 38000, 'training/updates': 19, 'training/sps': np.float64(5639.586), 'training/walltime': np.float64(8.661), 'training/rollout_time': np.float64(0.353), 'training/update_time': np.float64(0.001), 'training/approx_kl': 0.0, 'training/entropy': 0.09466052055358887, 'training/policy_loss': 0.008459869772195816, 'training/total_loss': 0.008567455224692822, 'training/value_loss': 0.00021517014829441905}
{'eval/num_episodes': 200, 'eval/num_steps': 200, 'eval/mean_score': np.float64(0.903), 'eval/std_score': np.float64(0.018), 'eval/mean_episode_length': np.float64(1.0), 'eval/std_episode_length': np.float64(0.0), 'eval/eval_time': 0.07349395751953125}
{'training/total_steps': 40000, 'training/updates': 20, 'training/sps': np.float64(6113.99), 'training/walltime': np.float64(9.062), 'training/rollout_time': np.float64(0.326), 'training/update_time': np.float64(0.001), 'training/approx_kl': 0.0, 'training/entropy': 0.09497902542352676, 'training/policy_loss': 0.006335229612886906, 'training/total_loss': 0.00641651963815093, 'training/value_loss': 0.00016258010873571038}
{'eval/num_episodes': 200, 'eval/num_steps': 200, 'eval/mean_score': np.float64(0.902), 'eval/std_score': np.float64(0.016), 'eval/mean_episode_length': np.float64(1.0), 'eval/std_episode_length': np.float64(0.0), 'eval/eval_time': 0.07453584671020508}
{'training/total_steps': 42000, 'training/updates': 21, 'training/sps': np.float64(5817.681), 'training/walltime': np.float64(9.48), 'training/rollout_time': np.float64(0.342), 'training/update_time': np.float64(0.001), 'training/approx_kl': 0.0, 'training/entropy': 0.09522008150815964, 'training/policy_loss': 0.00754148792475462, 'training/total_loss': 0.007637131493538618, 'training/value_loss': 0.00019128758867736906}
{'eval/num_episodes': 200, 'eval/num_steps': 200, 'eval/mean_score': np.float64(0.901), 'eval/std_score': np.float64(0.01), 'eval/mean_episode_length': np.float64(1.0), 'eval/std_episode_length': np.float64(0.0), 'eval/eval_time': 0.07805395126342773}
{'training/total_steps': 44000, 'training/updates': 22, 'training/sps': np.float64(5728.147), 'training/walltime': np.float64(9.908), 'training/rollout_time': np.float64(0.348), 'training/update_time': np.float64(0.002), 'training/approx_kl': 0.0, 'training/entropy': 0.09550453722476959, 'training/policy_loss': 0.005571128334850073, 'training/total_loss': 0.005642702337354422, 'training/value_loss': 0.0001431475830031559}
{'eval/num_episodes': 200, 'eval/num_steps': 200, 'eval/mean_score': np.float64(0.901), 'eval/std_score': np.float64(0.012), 'eval/mean_episode_length': np.float64(1.0), 'eval/std_episode_length': np.float64(0.0), 'eval/eval_time': 0.0766909122467041}
{'training/total_steps': 46000, 'training/updates': 23, 'training/sps': np.float64(6121.995), 'training/walltime': np.float64(10.312), 'training/rollout_time': np.float64(0.325), 'training/update_time': np.float64(0.002), 'training/approx_kl': 0.0, 'training/entropy': 0.0957179144024849, 'training/policy_loss': 0.005216744728386402, 'training/total_loss': 0.005283338483422995, 'training/value_loss': 0.0001331874809693545}
{'eval/num_episodes': 200, 'eval/num_steps': 200, 'eval/mean_score': np.float64(0.9), 'eval/std_score': np.float64(0.007), 'eval/mean_episode_length': np.float64(1.0), 'eval/std_episode_length': np.float64(0.0), 'eval/eval_time': 0.07494521141052246}
{'training/total_steps': 48000, 'training/updates': 24, 'training/sps': np.float64(5626.683), 'training/walltime': np.float64(10.743), 'training/rollout_time': np.float64(0.354), 'training/update_time': np.float64(0.002), 'training/approx_kl': 0.0, 'training/entropy': 0.09591706097126007, 'training/policy_loss': 0.007941094227135181, 'training/total_loss': 0.008041737601161003, 'training/value_loss': 0.00020128756295889616}
{'eval/num_episodes': 200, 'eval/num_steps': 200, 'eval/mean_score': np.float64(0.901), 'eval/std_score': np.float64(0.012), 'eval/mean_episode_length': np.float64(1.0), 'eval/std_episode_length': np.float64(0.0), 'eval/eval_time': 0.08405923843383789}
{'training/total_steps': 50000, 'training/updates': 25, 'training/sps': np.float64(5826.847), 'training/walltime': np.float64(11.17), 'training/rollout_time': np.float64(0.342), 'training/update_time': np.float64(0.002), 'training/approx_kl': 0.0, 'training/entropy': 0.09621790051460266, 'training/policy_loss': 0.007670262362807989, 'training/total_loss': 0.007768263574689627, 'training/value_loss': 0.00019600256928242743}
{'eval/num_episodes': 200, 'eval/num_steps': 200, 'eval/mean_score': np.float64(0.901), 'eval/std_score': np.float64(0.01), 'eval/mean_episode_length': np.float64(1.0), 'eval/std_episode_length': np.float64(0.0), 'eval/eval_time': 0.0741128921508789}
{'training/total_steps': 52000, 'training/updates': 26, 'training/sps': np.float64(6166.802), 'training/walltime': np.float64(11.569), 'training/rollout_time': np.float64(0.323), 'training/update_time': np.float64(0.002), 'training/approx_kl': 0.0, 'training/entropy': 0.09651234745979309, 'training/policy_loss': 0.007089443039149046, 'training/total_loss': 0.007180243264883757, 'training/value_loss': 0.00018160007311962545}
{'eval/num_episodes': 200, 'eval/num_steps': 200, 'eval/mean_score': np.float64(0.903), 'eval/std_score': np.float64(0.018), 'eval/mean_episode_length': np.float64(1.0), 'eval/std_episode_length': np.float64(0.0), 'eval/eval_time': 0.07392692565917969}
{'training/total_steps': 54000, 'training/updates': 27, 'training/sps': np.float64(5799.943), 'training/walltime': np.float64(11.988), 'training/rollout_time': np.float64(0.343), 'training/update_time': np.float64(0.001), 'training/approx_kl': 0.0, 'training/entropy': 0.09678579121828079, 'training/policy_loss': 0.0072894711047410965, 'training/total_loss': 0.007382667623460293, 'training/value_loss': 0.00018639258632902056}
{'eval/num_episodes': 200, 'eval/num_steps': 200, 'eval/mean_score': np.float64(0.902), 'eval/std_score': np.float64(0.016), 'eval/mean_episode_length': np.float64(1.0), 'eval/std_episode_length': np.float64(0.0), 'eval/eval_time': 0.07403397560119629}
{'training/total_steps': 56000, 'training/updates': 28, 'training/sps': np.float64(6060.419), 'training/walltime': np.float64(12.393), 'training/rollout_time': np.float64(0.329), 'training/update_time': np.float64(0.001), 'training/approx_kl': 0.0, 'training/entropy': 0.09706729650497437, 'training/policy_loss': 0.009588053449988365, 'training/total_loss': 0.009710108861327171, 'training/value_loss': 0.00024411012418568134}
{'eval/num_episodes': 200, 'eval/num_steps': 200, 'eval/mean_score': np.float64(0.901), 'eval/std_score': np.float64(0.012), 'eval/mean_episode_length': np.float64(1.0), 'eval/std_episode_length': np.float64(0.0), 'eval/eval_time': 0.0772397518157959}
{'training/total_steps': 58000, 'training/updates': 29, 'training/sps': np.float64(5593.528), 'training/walltime': np.float64(12.828), 'training/rollout_time': np.float64(0.356), 'training/update_time': np.float64(0.001), 'training/approx_kl': 0.0, 'training/entropy': 0.09743690490722656, 'training/policy_loss': 0.006065554916858673, 'training/total_loss': 0.006144680082798004, 'training/value_loss': 0.000158250069944188}
{'eval/num_episodes': 200, 'eval/num_steps': 200, 'eval/mean_score': np.float64(0.902), 'eval/std_score': np.float64(0.016), 'eval/mean_episode_length': np.float64(1.0), 'eval/std_episode_length': np.float64(0.0), 'eval/eval_time': 0.07663202285766602}
{'training/total_steps': 60000, 'training/updates': 30, 'training/sps': np.float64(6077.715), 'training/walltime': np.float64(13.234), 'training/rollout_time': np.float64(0.328), 'training/update_time': np.float64(0.002), 'training/approx_kl': 0.0, 'training/entropy': 0.09767652302980423, 'training/policy_loss': 0.009989122860133648, 'training/total_loss': 0.010116242803633213, 'training/value_loss': 0.00025424023624509573}
{'eval/num_episodes': 200, 'eval/num_steps': 200, 'eval/mean_score': np.float64(0.902), 'eval/std_score': np.float64(0.014), 'eval/mean_episode_length': np.float64(1.0), 'eval/std_episode_length': np.float64(0.0), 'eval/eval_time': 0.07433795928955078}
TRAINING END: training duration: 13.308728218078613
{'final_eval/num_episodes': 200, 'final_eval/num_steps': 200, 'final_eval/mean_score': np.float64(0.8999999761581421), 'final_eval/std_score': np.float64(0.0), 'final_eval/mean_episode_length': np.float64(1.0), 'final_eval/std_episode_length': np.float64(0.0)}
0)}
