|param: value|
|experiment_name:  trpo_procgen|
|seed:  18|
|platform:  cpu|
|write_logs_to_file:  False|
|save_model:  False|
|env_name:  bandit|
|num_envs:  8|
|num_train_levels:  200|
|distribution_mode:  easy|
|arm_means:  (1.0, 0.9)|
|deterministic_rewards:  True|
|eval_env:  True|
|num_eval_episodes:  200|
|eval_every:  1|
|deterministic_eval:  False|
|normalize_observations:  True|
|total_timesteps:  60000|
|learning_rate:  0.01|
|unroll_length:  250|
|anneal_lr:  False|
|gamma:  0.99|
|gae_lambda:  0.95|
|batch_size:  1|
|num_minibatches:  8|
|update_epochs:  10|
|normalize_advantages:  True|
|target_kl:  0.01|
|cg_damping:  0.1|
|cg_max_iterations:  10|
|line_search_max_iter:  10|
|line_search_shrinking_factor:  0.8|
|vf_cost:  1.0|
|max_grad_norm:  0.5|
|reward_scaling:  1.0|
|use_cnn:  False|
|policy_hidden_layer_sizes:  ()|
|value_hidden_layer_sizes:  ()|
|activation:  <jax._src.custom_derivatives.custom_jvp object at 0x118c0ab50>|
|policy_init_logit_bias:  [0.0, 4.0]|
|entropy_cost:  0.0|
{'training/total_steps': 2000, 'training/updates': 1, 'training/sps': np.float64(1298.555), 'training/walltime': np.float64(1.54), 'training/rollout_time': np.float64(0.119), 'training/update_time': np.float64(1.421), 'training/iterations': 1.0, 'training/kl_div': 0.008209984749555588, 'training/line_search_success': 1.0, 'training/new_policy_objective': 0.9182935953140259, 'training/policy_objective': 0.6620912551879883, 'training/value_loss': 0.3434261083602905}
{'eval/num_episodes': 200, 'eval/num_steps': 200, 'eval/mean_score': np.float64(0.933), 'eval/std_score': np.float64(0.047), 'eval/mean_episode_length': np.float64(1.0), 'eval/std_episode_length': np.float64(0.0), 'eval/eval_time': 0.08946895599365234}
{'training/total_steps': 4000, 'training/updates': 2, 'training/sps': np.float64(17553.098), 'training/walltime': np.float64(1.765), 'training/rollout_time': np.float64(0.111), 'training/update_time': np.float64(0.003), 'training/iterations': 1.0, 'training/kl_div': 0.008749913424253464, 'training/line_search_success': 1.0, 'training/new_policy_objective': 0.5973975658416748, 'training/policy_objective': 0.47275716066360474, 'training/value_loss': 0.001266704173758626}
{'eval/num_episodes': 200, 'eval/num_steps': 200, 'eval/mean_score': np.float64(0.987), 'eval/std_score': np.float64(0.033), 'eval/mean_episode_length': np.float64(1.0), 'eval/std_episode_length': np.float64(0.0), 'eval/eval_time': 0.07674193382263184}
{'training/total_steps': 6000, 'training/updates': 3, 'training/sps': np.float64(15923.675), 'training/walltime': np.float64(1.968), 'training/rollout_time': np.float64(0.116), 'training/update_time': np.float64(0.01), 'training/iterations': 1.0, 'training/kl_div': 0.004530301317572594, 'training/line_search_success': 1.0, 'training/new_policy_objective': 0.3057255148887634, 'training/policy_objective': 0.25859811902046204, 'training/value_loss': 0.0007348015205934644}
{'eval/num_episodes': 200, 'eval/num_steps': 200, 'eval/mean_score': np.float64(1.0), 'eval/std_score': np.float64(0.0), 'eval/mean_episode_length': np.float64(1.0), 'eval/std_episode_length': np.float64(0.0), 'eval/eval_time': 0.10774993896484375}
{'training/total_steps': 8000, 'training/updates': 4, 'training/sps': np.float64(19235.559), 'training/walltime': np.float64(2.18), 'training/rollout_time': np.float64(0.101), 'training/update_time': np.float64(0.003), 'training/iterations': 1.0, 'training/kl_div': nan, 'training/line_search_success': 0.125, 'training/new_policy_objective': nan, 'training/policy_objective': -1.287460360543946e-08, 'training/value_loss': 1.3207451047492214e-05}
{'eval/num_episodes': 200, 'eval/num_steps': 200, 'eval/mean_score': np.float64(0.999), 'eval/std_score': np.float64(0.007), 'eval/mean_episode_length': np.float64(1.0), 'eval/std_episode_length': np.float64(0.0), 'eval/eval_time': 0.07524704933166504}
{'training/total_steps': 10000, 'training/updates': 5, 'training/sps': np.float64(18255.67), 'training/walltime': np.float64(2.365), 'training/rollout_time': np.float64(0.106), 'training/update_time': np.float64(0.003), 'training/iterations': 1.0, 'training/kl_div': 0.0012365947477519512, 'training/line_search_success': 1.0, 'training/new_policy_objective': -0.036239247769117355, 'training/policy_objective': -0.09767330437898636, 'training/value_loss': 4.997671567252837e-06}
{'eval/num_episodes': 200, 'eval/num_steps': 200, 'eval/mean_score': np.float64(0.998), 'eval/std_score': np.float64(0.012), 'eval/mean_episode_length': np.float64(1.0), 'eval/std_episode_length': np.float64(0.0), 'eval/eval_time': 0.0796973705291748}
{'training/total_steps': 12000, 'training/updates': 6, 'training/sps': np.float64(18181.008), 'training/walltime': np.float64(2.555), 'training/rollout_time': np.float64(0.107), 'training/update_time': np.float64(0.003), 'training/iterations': 1.0, 'training/kl_div': 0.0009430979262106121, 'training/line_search_success': 1.0, 'training/new_policy_objective': 0.11648160964250565, 'training/policy_objective': 0.10374590754508972, 'training/value_loss': 8.370715659111738e-05}
{'eval/num_episodes': 200, 'eval/num_steps': 200, 'eval/mean_score': np.float64(1.0), 'eval/std_score': np.float64(0.0), 'eval/mean_episode_length': np.float64(1.0), 'eval/std_episode_length': np.float64(0.0), 'eval/eval_time': 0.07444500923156738}
{'training/total_steps': 14000, 'training/updates': 7, 'training/sps': np.float64(18909.147), 'training/walltime': np.float64(2.736), 'training/rollout_time': np.float64(0.102), 'training/update_time': np.float64(0.003), 'training/iterations': 1.0, 'training/kl_div': 0.0009449388599023223, 'training/line_search_success': 1.0, 'training/new_policy_objective': -0.011450119316577911, 'training/policy_objective': -0.011481492780148983, 'training/value_loss': 1.52751496784731e-07}
{'eval/num_episodes': 200, 'eval/num_steps': 200, 'eval/mean_score': np.float64(0.998), 'eval/std_score': np.float64(0.012), 'eval/mean_episode_length': np.float64(1.0), 'eval/std_episode_length': np.float64(0.0), 'eval/eval_time': 0.07762503623962402}
{'training/total_steps': 16000, 'training/updates': 8, 'training/sps': np.float64(18509.931), 'training/walltime': np.float64(2.922), 'training/rollout_time': np.float64(0.105), 'training/update_time': np.float64(0.003), 'training/iterations': 1.0, 'training/kl_div': 0.0011046137660741806, 'training/line_search_success': 1.0, 'training/new_policy_objective': 0.14316022396087646, 'training/policy_objective': 0.12055019289255142, 'training/value_loss': 0.00013410400424618274}
{'eval/num_episodes': 200, 'eval/num_steps': 200, 'eval/mean_score': np.float64(1.0), 'eval/std_score': np.float64(0.0), 'eval/mean_episode_length': np.float64(1.0), 'eval/std_episode_length': np.float64(0.0), 'eval/eval_time': 0.07397079467773438}
{'training/total_steps': 18000, 'training/updates': 9, 'training/sps': np.float64(13684.85), 'training/walltime': np.float64(3.143), 'training/rollout_time': np.float64(0.143), 'training/update_time': np.float64(0.003), 'training/iterations': 1.0, 'training/kl_div': 0.0011393665336072445, 'training/line_search_success': 1.0, 'training/new_policy_objective': -0.022610977292060852, 'training/policy_objective': -0.022687282413244247, 'training/value_loss': 3.235386145661323e-07}
{'eval/num_episodes': 200, 'eval/num_steps': 200, 'eval/mean_score': np.float64(0.997), 'eval/std_score': np.float64(0.016), 'eval/mean_episode_length': np.float64(1.0), 'eval/std_episode_length': np.float64(0.0), 'eval/eval_time': 0.07635617256164551}
{'training/total_steps': 20000, 'training/updates': 10, 'training/sps': np.float64(17886.844), 'training/walltime': np.float64(3.331), 'training/rollout_time': np.float64(0.109), 'training/update_time': np.float64(0.003), 'training/iterations': 1.0, 'training/kl_div': 0.0013100426876917481, 'training/line_search_success': 1.0, 'training/new_policy_objective': 0.15180285274982452, 'training/policy_objective': 0.13189184665679932, 'training/value_loss': 0.00014597727567888796}
{'eval/num_episodes': 200, 'eval/num_steps': 200, 'eval/mean_score': np.float64(1.0), 'eval/std_score': np.float64(0.0), 'eval/mean_episode_length': np.float64(1.0), 'eval/std_episode_length': np.float64(0.0), 'eval/eval_time': 0.08997201919555664}
{'training/total_steps': 22000, 'training/updates': 11, 'training/sps': np.float64(15075.575), 'training/walltime': np.float64(3.554), 'training/rollout_time': np.float64(0.129), 'training/update_time': np.float64(0.003), 'training/iterations': 1.0, 'training/kl_div': 0.0013929163105785847, 'training/line_search_success': 1.0, 'training/new_policy_objective': -0.022570285946130753, 'training/policy_objective': -0.022666027769446373, 'training/value_loss': 3.6162415995022457e-07}
{'eval/num_episodes': 200, 'eval/num_steps': 200, 'eval/mean_score': np.float64(0.997), 'eval/std_score': np.float64(0.017), 'eval/mean_episode_length': np.float64(1.0), 'eval/std_episode_length': np.float64(0.0), 'eval/eval_time': 0.08374714851379395}
{'training/total_steps': 24000, 'training/updates': 12, 'training/sps': np.float64(18498.094), 'training/walltime': np.float64(3.747), 'training/rollout_time': np.float64(0.105), 'training/update_time': np.float64(0.003), 'training/iterations': 1.0, 'training/kl_div': 0.0015726812416687608, 'training/line_search_success': 1.0, 'training/new_policy_objective': 0.1597718596458435, 'training/policy_objective': 0.13842113316059113, 'training/value_loss': 0.00015765470743644983}
{'eval/num_episodes': 200, 'eval/num_steps': 200, 'eval/mean_score': np.float64(1.0), 'eval/std_score': np.float64(0.0), 'eval/mean_episode_length': np.float64(1.0), 'eval/std_episode_length': np.float64(0.0), 'eval/eval_time': 0.0758810043334961}
{'training/total_steps': 26000, 'training/updates': 13, 'training/sps': np.float64(18050.071), 'training/walltime': np.float64(3.934), 'training/rollout_time': np.float64(0.107), 'training/update_time': np.float64(0.003), 'training/iterations': 1.0, 'training/kl_div': 0.0014753309078514576, 'training/line_search_success': 1.0, 'training/new_policy_objective': -1.6168410778045654, 'training/policy_objective': -3.0495598316192627, 'training/value_loss': 2.9193727186793694e-06}
{'eval/num_episodes': 200, 'eval/num_steps': 200, 'eval/mean_score': np.float64(0.998), 'eval/std_score': np.float64(0.012), 'eval/mean_episode_length': np.float64(1.0), 'eval/std_episode_length': np.float64(0.0), 'eval/eval_time': 0.07401704788208008}
{'training/total_steps': 28000, 'training/updates': 14, 'training/sps': np.float64(18601.008), 'training/walltime': np.float64(4.116), 'training/rollout_time': np.float64(0.104), 'training/update_time': np.float64(0.003), 'training/iterations': 1.0, 'training/kl_div': 0.0006691443268209696, 'training/line_search_success': 1.0, 'training/new_policy_objective': 0.10259005427360535, 'training/policy_objective': 0.0898946076631546, 'training/value_loss': 6.422484875656664e-05}
{'eval/num_episodes': 200, 'eval/num_steps': 200, 'eval/mean_score': np.float64(1.0), 'eval/std_score': np.float64(0.0), 'eval/mean_episode_length': np.float64(1.0), 'eval/std_episode_length': np.float64(0.0), 'eval/eval_time': 0.07914900779724121}
{'training/total_steps': 30000, 'training/updates': 15, 'training/sps': np.float64(17431.598), 'training/walltime': np.float64(4.31), 'training/rollout_time': np.float64(0.111), 'training/update_time': np.float64(0.003), 'training/iterations': 1.0, 'training/kl_div': 0.0006303050904534757, 'training/line_search_success': 1.0, 'training/new_policy_objective': -0.011471523903310299, 'training/policy_objective': -0.011491784825921059, 'training/value_loss': 7.023849946108385e-08}
{'eval/num_episodes': 200, 'eval/num_steps': 200, 'eval/mean_score': np.float64(0.999), 'eval/std_score': np.float64(0.01), 'eval/mean_episode_length': np.float64(1.0), 'eval/std_episode_length': np.float64(0.0), 'eval/eval_time': 0.07959198951721191}
{'training/total_steps': 32000, 'training/updates': 16, 'training/sps': np.float64(15760.683), 'training/walltime': np.float64(4.517), 'training/rollout_time': np.float64(0.124), 'training/update_time': np.float64(0.003), 'training/iterations': 1.0, 'training/kl_div': 0.0007616269867867231, 'training/line_search_success': 1.0, 'training/new_policy_objective': 0.09406941384077072, 'training/policy_objective': 0.08106525987386703, 'training/value_loss': 6.18508638581261e-05}
{'eval/num_episodes': 200, 'eval/num_steps': 200, 'eval/mean_score': np.float64(1.0), 'eval/std_score': np.float64(0.0), 'eval/mean_episode_length': np.float64(1.0), 'eval/std_episode_length': np.float64(0.0), 'eval/eval_time': 0.07974934577941895}
{'training/total_steps': 34000, 'training/updates': 17, 'training/sps': np.float64(18997.147), 'training/walltime': np.float64(4.702), 'training/rollout_time': np.float64(0.102), 'training/update_time': np.float64(0.003), 'training/iterations': 1.0, 'training/kl_div': 0.0007339605363085866, 'training/line_search_success': 1.0, 'training/new_policy_objective': -0.011464749462902546, 'training/policy_objective': -0.011488595046103, 'training/value_loss': 6.785187878222132e-08}
{'eval/num_episodes': 200, 'eval/num_steps': 200, 'eval/mean_score': np.float64(0.998), 'eval/std_score': np.float64(0.012), 'eval/mean_episode_length': np.float64(1.0), 'eval/std_episode_length': np.float64(0.0), 'eval/eval_time': 0.07696795463562012}
{'training/total_steps': 36000, 'training/updates': 18, 'training/sps': np.float64(16975.524), 'training/walltime': np.float64(4.898), 'training/rollout_time': np.float64(0.115), 'training/update_time': np.float64(0.003), 'training/iterations': 1.0, 'training/kl_div': 0.0008763609221205115, 'training/line_search_success': 1.0, 'training/new_policy_objective': 0.12705351412296295, 'training/policy_objective': 0.1108967512845993, 'training/value_loss': 0.00010304565512342378}
{'eval/num_episodes': 200, 'eval/num_steps': 200, 'eval/mean_score': np.float64(1.0), 'eval/std_score': np.float64(0.0), 'eval/mean_episode_length': np.float64(1.0), 'eval/std_episode_length': np.float64(0.0), 'eval/eval_time': 0.07191085815429688}
{'training/total_steps': 38000, 'training/updates': 19, 'training/sps': np.float64(18765.789), 'training/walltime': np.float64(5.077), 'training/rollout_time': np.float64(0.103), 'training/update_time': np.float64(0.003), 'training/iterations': 1.0, 'training/kl_div': nan, 'training/line_search_success': 0.0, 'training/new_policy_objective': nan, 'training/policy_objective': 0.0, 'training/value_loss': 1.6954173531757988e-07}
{'eval/num_episodes': 200, 'eval/num_steps': 200, 'eval/mean_score': np.float64(1.0), 'eval/std_score': np.float64(0.0), 'eval/mean_episode_length': np.float64(1.0), 'eval/std_episode_length': np.float64(0.0), 'eval/eval_time': 0.07341313362121582}
{'training/total_steps': 40000, 'training/updates': 20, 'training/sps': np.float64(19498.279), 'training/walltime': np.float64(5.253), 'training/rollout_time': np.float64(0.1), 'training/update_time': np.float64(0.003), 'training/iterations': 1.0, 'training/kl_div': nan, 'training/line_search_success': 0.0, 'training/new_policy_objective': nan, 'training/policy_objective': 0.0, 'training/value_loss': 3.183897590020024e-11}
{'eval/num_episodes': 200, 'eval/num_steps': 200, 'eval/mean_score': np.float64(1.0), 'eval/std_score': np.float64(0.0), 'eval/mean_episode_length': np.float64(1.0), 'eval/std_episode_length': np.float64(0.0), 'eval/eval_time': 0.07205605506896973}
{'training/total_steps': 42000, 'training/updates': 21, 'training/sps': np.float64(19071.433), 'training/walltime': np.float64(5.43), 'training/rollout_time': np.float64(0.102), 'training/update_time': np.float64(0.003), 'training/iterations': 1.0, 'training/kl_div': nan, 'training/line_search_success': 0.375, 'training/new_policy_objective': nan, 'training/policy_objective': -1.4208162610884756e-06, 'training/value_loss': 7.52731244577174e-15}
{'eval/num_episodes': 200, 'eval/num_steps': 200, 'eval/mean_score': np.float64(1.0), 'eval/std_score': np.float64(0.0), 'eval/mean_episode_length': np.float64(1.0), 'eval/std_episode_length': np.float64(0.0), 'eval/eval_time': 0.07657814025878906}
{'training/total_steps': 44000, 'training/updates': 22, 'training/sps': np.float64(18763.103), 'training/walltime': np.float64(5.614), 'training/rollout_time': np.float64(0.103), 'training/update_time': np.float64(0.003), 'training/iterations': 1.0, 'training/kl_div': nan, 'training/line_search_success': 0.125, 'training/new_policy_objective': nan, 'training/policy_objective': 6.675720420901143e-09, 'training/value_loss': 2.499750053175376e-06}
{'eval/num_episodes': 200, 'eval/num_steps': 200, 'eval/mean_score': np.float64(1.0), 'eval/std_score': np.float64(0.0), 'eval/mean_episode_length': np.float64(1.0), 'eval/std_episode_length': np.float64(0.0), 'eval/eval_time': 0.08434677124023438}
{'training/total_steps': 46000, 'training/updates': 23, 'training/sps': np.float64(19072.994), 'training/walltime': np.float64(5.804), 'training/rollout_time': np.float64(0.102), 'training/update_time': np.float64(0.003), 'training/iterations': 1.0, 'training/kl_div': nan, 'training/line_search_success': 0.0, 'training/new_policy_objective': nan, 'training/policy_objective': 0.0, 'training/value_loss': 1.5735126743243733e-11}
{'eval/num_episodes': 200, 'eval/num_steps': 200, 'eval/mean_score': np.float64(1.0), 'eval/std_score': np.float64(0.0), 'eval/mean_episode_length': np.float64(1.0), 'eval/std_episode_length': np.float64(0.0), 'eval/eval_time': 0.07285618782043457}
{'training/total_steps': 48000, 'training/updates': 24, 'training/sps': np.float64(20480.9), 'training/walltime': np.float64(5.975), 'training/rollout_time': np.float64(0.094), 'training/update_time': np.float64(0.003), 'training/iterations': 1.0, 'training/kl_div': 0.0024400013498961926, 'training/line_search_success': 1.0, 'training/new_policy_objective': -2.7928119834541576e-06, 'training/policy_objective': -2.8160579859104473e-06, 'training/value_loss': 4.418687553304828e-15}
{'eval/num_episodes': 200, 'eval/num_steps': 200, 'eval/mean_score': np.float64(0.995), 'eval/std_score': np.float64(0.022), 'eval/mean_episode_length': np.float64(1.0), 'eval/std_episode_length': np.float64(0.0), 'eval/eval_time': 0.07344293594360352}
{'training/total_steps': 50000, 'training/updates': 25, 'training/sps': np.float64(19694.943), 'training/walltime': np.float64(6.15), 'training/rollout_time': np.float64(0.098), 'training/update_time': np.float64(0.003), 'training/iterations': 1.0, 'training/kl_div': 0.002620016224682331, 'training/line_search_success': 1.0, 'training/new_policy_objective': 0.21704338490962982, 'training/policy_objective': 0.1827680468559265, 'training/value_loss': 0.0003147948591504246}
{'eval/num_episodes': 200, 'eval/num_steps': 200, 'eval/mean_score': np.float64(1.0), 'eval/std_score': np.float64(0.0), 'eval/mean_episode_length': np.float64(1.0), 'eval/std_episode_length': np.float64(0.0), 'eval/eval_time': 0.07091188430786133}
{'training/total_steps': 52000, 'training/updates': 26, 'training/sps': np.float64(19349.634), 'training/walltime': np.float64(6.325), 'training/rollout_time': np.float64(0.1), 'training/update_time': np.float64(0.003), 'training/iterations': 1.0, 'training/kl_div': 0.003052393440157175, 'training/line_search_success': 1.0, 'training/new_policy_objective': -0.043405115604400635, 'training/policy_objective': -0.04388720542192459, 'training/value_loss': 1.4297615962277632e-06}
{'eval/num_episodes': 200, 'eval/num_steps': 200, 'eval/mean_score': np.float64(0.989), 'eval/std_score': np.float64(0.031), 'eval/mean_episode_length': np.float64(1.0), 'eval/std_episode_length': np.float64(0.0), 'eval/eval_time': 0.07191896438598633}
{'training/total_steps': 54000, 'training/updates': 27, 'training/sps': np.float64(19567.914), 'training/walltime': np.float64(6.499), 'training/rollout_time': np.float64(0.099), 'training/update_time': np.float64(0.003), 'training/iterations': 1.0, 'training/kl_div': 0.003216293640434742, 'training/line_search_success': 1.0, 'training/new_policy_objective': 0.25091254711151123, 'training/policy_objective': 0.21203503012657166, 'training/value_loss': 0.0004107948043383658}
{'eval/num_episodes': 200, 'eval/num_steps': 200, 'eval/mean_score': np.float64(1.0), 'eval/std_score': np.float64(0.0), 'eval/mean_episode_length': np.float64(1.0), 'eval/std_episode_length': np.float64(0.0), 'eval/eval_time': 0.070587158203125}
{'training/total_steps': 56000, 'training/updates': 28, 'training/sps': np.float64(19642.692), 'training/walltime': np.float64(6.672), 'training/rollout_time': np.float64(0.099), 'training/update_time': np.float64(0.003), 'training/iterations': 1.0, 'training/kl_div': nan, 'training/line_search_success': 0.0, 'training/new_policy_objective': nan, 'training/policy_objective': 0.0, 'training/value_loss': 2.5365714009240037e-06}
{'eval/num_episodes': 200, 'eval/num_steps': 200, 'eval/mean_score': np.float64(1.0), 'eval/std_score': np.float64(0.0), 'eval/mean_episode_length': np.float64(1.0), 'eval/std_episode_length': np.float64(0.0), 'eval/eval_time': 0.08161306381225586}
{'training/total_steps': 58000, 'training/updates': 29, 'training/sps': np.float64(19442.783), 'training/walltime': np.float64(6.857), 'training/rollout_time': np.float64(0.1), 'training/update_time': np.float64(0.003), 'training/iterations': 1.0, 'training/kl_div': nan, 'training/line_search_success': 0.125, 'training/new_policy_objective': nan, 'training/policy_objective': 3.814697446813398e-09, 'training/value_loss': 2.5005051611515228e-06}
{'eval/num_episodes': 200, 'eval/num_steps': 200, 'eval/mean_score': np.float64(1.0), 'eval/std_score': np.float64(0.0), 'eval/mean_episode_length': np.float64(1.0), 'eval/std_episode_length': np.float64(0.0), 'eval/eval_time': 0.07260823249816895}
{'training/total_steps': 60000, 'training/updates': 30, 'training/sps': np.float64(20007.985), 'training/walltime': np.float64(7.03), 'training/rollout_time': np.float64(0.097), 'training/update_time': np.float64(0.003), 'training/iterations': 1.0, 'training/kl_div': 0.0014008797006681561, 'training/line_search_success': 1.0, 'training/new_policy_objective': -0.10972800850868225, 'training/policy_objective': -0.2557050287723541, 'training/value_loss': 2.500533582860953e-06}
{'eval/num_episodes': 200, 'eval/num_steps': 200, 'eval/mean_score': np.float64(0.998), 'eval/std_score': np.float64(0.014), 'eval/mean_episode_length': np.float64(1.0), 'eval/std_episode_length': np.float64(0.0), 'eval/eval_time': 0.07426786422729492}
TRAINING END: training duration: 7.104671001434326
{'final_eval/num_episodes': 200, 'final_eval/num_steps': 200, 'final_eval/mean_score': np.float64(1.0), 'final_eval/std_score': np.float64(0.0), 'final_eval/mean_episode_length': np.float64(1.0), 'final_eval/std_episode_length': np.float64(0.0)}
}
