|param: value|
|experiment_name:  cleanba_ppo|
|seed:  3|
|platform:  cpu|
|write_logs_to_file:  False|
|save_model:  False|
|env_name:  bandit|
|num_envs:  8|
|num_train_levels:  200|
|distribution_mode:  easy|
|arm_means:  (1.0, 0.9)|
|deterministic_rewards:  True|
|eval_env:  True|
|num_eval_episodes:  200|
|eval_every:  1|
|deterministic_eval:  False|
|total_timesteps:  60000|
|learning_rate:  0.00025|
|adam_eps:  1e-05|
|unroll_length:  250|
|anneal_lr:  False|
|gamma:  0.99|
|gae_lambda:  0.95|
|num_minibatches:  4|
|update_epochs:  4|
|normalize_advantages:  True|
|clip_eps:  0.1|
|clip_vloss:  True|
|entropy_cost:  0.0|
|vf_cost:  0.5|
|max_grad_norm:  0.5|
|use_cnn:  False|
|policy_hidden_layer_sizes:  ()|
|value_hidden_layer_sizes:  ()|
|activation:  <jax._src.custom_derivatives.custom_jvp object at 0x10f3242d0>|
|policy_init_logit_bias:  [0.0, 6.0]|
{'training/total_steps': 2000, 'training/updates': 1, 'training/sps': np.float64(2113.651), 'training/walltime': np.float64(0.946), 'training/rollout_time': np.float64(0.466), 'training/update_time': np.float64(0.481), 'training/approx_kl': 7.613818553409146e-08, 'training/entropy': 0.017416968941688538, 'training/policy_loss': -0.48665669560432434, 'training/total_loss': -0.09324239194393158, 'training/value_loss': 0.7868286371231079}
{'eval/num_episodes': 200, 'eval/num_steps': 200, 'eval/mean_score': np.float64(0.9), 'eval/std_score': np.float64(0.0), 'eval/mean_episode_length': np.float64(1.0), 'eval/std_episode_length': np.float64(0.0), 'eval/eval_time': 0.07390618324279785}
{'training/total_steps': 4000, 'training/updates': 2, 'training/sps': np.float64(10911.201), 'training/walltime': np.float64(1.204), 'training/rollout_time': np.float64(0.175), 'training/update_time': np.float64(0.008), 'training/approx_kl': 1.9139238816023862e-07, 'training/entropy': 0.017611760646104813, 'training/policy_loss': -0.23120877146720886, 'training/total_loss': 0.15727198123931885, 'training/value_loss': 0.7769615650177002}
{'eval/num_episodes': 200, 'eval/num_steps': 200, 'eval/mean_score': np.float64(0.9), 'eval/std_score': np.float64(0.007), 'eval/mean_episode_length': np.float64(1.0), 'eval/std_episode_length': np.float64(0.0), 'eval/eval_time': 0.07476091384887695}
{'training/total_steps': 6000, 'training/updates': 3, 'training/sps': np.float64(12996.889), 'training/walltime': np.float64(1.433), 'training/rollout_time': np.float64(0.141), 'training/update_time': np.float64(0.013), 'training/approx_kl': 2.7247904199612094e-07, 'training/entropy': 0.01783614605665207, 'training/policy_loss': -0.24556146562099457, 'training/total_loss': 0.13798823952674866, 'training/value_loss': 0.7670993804931641}
{'eval/num_episodes': 200, 'eval/num_steps': 200, 'eval/mean_score': np.float64(0.9), 'eval/std_score': np.float64(0.0), 'eval/mean_episode_length': np.float64(1.0), 'eval/std_episode_length': np.float64(0.0), 'eval/eval_time': 0.07754707336425781}
{'training/total_steps': 8000, 'training/updates': 4, 'training/sps': np.float64(13832.977), 'training/walltime': np.float64(1.655), 'training/rollout_time': np.float64(0.137), 'training/update_time': np.float64(0.008), 'training/approx_kl': 6.682950015601818e-08, 'training/entropy': 0.018026256933808327, 'training/policy_loss': -0.48669904470443726, 'training/total_loss': -0.10821568965911865, 'training/value_loss': 0.7569667100906372}
{'eval/num_episodes': 200, 'eval/num_steps': 200, 'eval/mean_score': np.float64(0.9), 'eval/std_score': np.float64(0.007), 'eval/mean_episode_length': np.float64(1.0), 'eval/std_episode_length': np.float64(0.0), 'eval/eval_time': 0.07591819763183594}
{'training/total_steps': 10000, 'training/updates': 5, 'training/sps': np.float64(9877.817), 'training/walltime': np.float64(1.934), 'training/rollout_time': np.float64(0.189), 'training/update_time': np.float64(0.013), 'training/approx_kl': 5.501206601365993e-08, 'training/entropy': 0.018174851313233376, 'training/policy_loss': -0.23095591366291046, 'training/total_loss': 0.14261341094970703, 'training/value_loss': 0.7471386790275574}
{'eval/num_episodes': 200, 'eval/num_steps': 200, 'eval/mean_score': np.float64(0.9), 'eval/std_score': np.float64(0.0), 'eval/mean_episode_length': np.float64(1.0), 'eval/std_episode_length': np.float64(0.0), 'eval/eval_time': 0.08159708976745605}
{'training/total_steps': 12000, 'training/updates': 6, 'training/sps': np.float64(13902.51), 'training/walltime': np.float64(2.16), 'training/rollout_time': np.float64(0.136), 'training/update_time': np.float64(0.008), 'training/approx_kl': 5.344022468989351e-08, 'training/entropy': 0.018331091850996017, 'training/policy_loss': -0.00021858788386452943, 'training/total_loss': 0.36846938729286194, 'training/value_loss': 0.7373759150505066}
{'eval/num_episodes': 200, 'eval/num_steps': 200, 'eval/mean_score': np.float64(0.9), 'eval/std_score': np.float64(0.0), 'eval/mean_episode_length': np.float64(1.0), 'eval/std_episode_length': np.float64(0.0), 'eval/eval_time': 0.07818388938903809}
{'training/total_steps': 14000, 'training/updates': 7, 'training/sps': np.float64(13928.457), 'training/walltime': np.float64(2.382), 'training/rollout_time': np.float64(0.133), 'training/update_time': np.float64(0.01), 'training/approx_kl': 6.274320440979864e-08, 'training/entropy': 0.018497111275792122, 'training/policy_loss': 0.4610564410686493, 'training/total_loss': 0.8248962163925171, 'training/value_loss': 0.7276794910430908}
{'eval/num_episodes': 200, 'eval/num_steps': 200, 'eval/mean_score': np.float64(0.9), 'eval/std_score': np.float64(0.0), 'eval/mean_episode_length': np.float64(1.0), 'eval/std_episode_length': np.float64(0.0), 'eval/eval_time': 0.07244110107421875}
{'training/total_steps': 16000, 'training/updates': 8, 'training/sps': np.float64(14254.243), 'training/walltime': np.float64(2.595), 'training/rollout_time': np.float64(0.132), 'training/update_time': np.float64(0.008), 'training/approx_kl': 2.3294253992389713e-07, 'training/entropy': 0.01870996505022049, 'training/policy_loss': -0.0005440683453343809, 'training/total_loss': 0.35858115553855896, 'training/value_loss': 0.7182504534721375}
{'eval/num_episodes': 200, 'eval/num_steps': 200, 'eval/mean_score': np.float64(0.901), 'eval/std_score': np.float64(0.01), 'eval/mean_episode_length': np.float64(1.0), 'eval/std_episode_length': np.float64(0.0), 'eval/eval_time': 0.0734243392944336}
{'training/total_steps': 18000, 'training/updates': 9, 'training/sps': np.float64(14175.453), 'training/walltime': np.float64(2.81), 'training/rollout_time': np.float64(0.133), 'training/update_time': np.float64(0.008), 'training/approx_kl': 2.056417400808641e-07, 'training/entropy': 0.018957238644361496, 'training/policy_loss': -0.00044041109504178166, 'training/total_loss': 0.35388338565826416, 'training/value_loss': 0.7086475491523743}
{'eval/num_episodes': 200, 'eval/num_steps': 200, 'eval/mean_score': np.float64(0.9), 'eval/std_score': np.float64(0.007), 'eval/mean_episode_length': np.float64(1.0), 'eval/std_episode_length': np.float64(0.0), 'eval/eval_time': 0.07174801826477051}
{'training/total_steps': 20000, 'training/updates': 10, 'training/sps': np.float64(14402.873), 'training/walltime': np.float64(3.021), 'training/rollout_time': np.float64(0.131), 'training/update_time': np.float64(0.008), 'training/approx_kl': 2.7004958269571944e-07, 'training/entropy': 0.019206751137971878, 'training/policy_loss': -0.0006169035332277417, 'training/total_loss': 0.3490009307861328, 'training/value_loss': 0.6992356777191162}
{'eval/num_episodes': 200, 'eval/num_steps': 200, 'eval/mean_score': np.float64(0.901), 'eval/std_score': np.float64(0.01), 'eval/mean_episode_length': np.float64(1.0), 'eval/std_episode_length': np.float64(0.0), 'eval/eval_time': 0.07297778129577637}
{'training/total_steps': 22000, 'training/updates': 11, 'training/sps': np.float64(13866.087), 'training/walltime': np.float64(3.238), 'training/rollout_time': np.float64(0.136), 'training/update_time': np.float64(0.008), 'training/approx_kl': 7.633501581949531e-07, 'training/entropy': 0.01951472833752632, 'training/policy_loss': -0.001170778414234519, 'training/total_loss': 0.34390848875045776, 'training/value_loss': 0.690158486366272}
{'eval/num_episodes': 200, 'eval/num_steps': 200, 'eval/mean_score': np.float64(0.9), 'eval/std_score': np.float64(0.0), 'eval/mean_episode_length': np.float64(1.0), 'eval/std_episode_length': np.float64(0.0), 'eval/eval_time': 0.07158803939819336}
{'training/total_steps': 24000, 'training/updates': 12, 'training/sps': np.float64(14072.414), 'training/walltime': np.float64(3.452), 'training/rollout_time': np.float64(0.133), 'training/update_time': np.float64(0.009), 'training/approx_kl': 5.867125310032861e-07, 'training/entropy': 0.019852176308631897, 'training/policy_loss': -0.001050319755449891, 'training/total_loss': 0.3392815589904785, 'training/value_loss': 0.6806637644767761}
{'eval/num_episodes': 200, 'eval/num_steps': 200, 'eval/mean_score': np.float64(0.9), 'eval/std_score': np.float64(0.007), 'eval/mean_episode_length': np.float64(1.0), 'eval/std_episode_length': np.float64(0.0), 'eval/eval_time': 0.07222700119018555}
{'training/total_steps': 26000, 'training/updates': 13, 'training/sps': np.float64(13792.606), 'training/walltime': np.float64(3.67), 'training/rollout_time': np.float64(0.137), 'training/update_time': np.float64(0.008), 'training/approx_kl': 5.723577487515286e-07, 'training/entropy': 0.020182786509394646, 'training/policy_loss': -0.000920139835216105, 'training/total_loss': 0.33481401205062866, 'training/value_loss': 0.6714683175086975}
{'eval/num_episodes': 200, 'eval/num_steps': 200, 'eval/mean_score': np.float64(0.9), 'eval/std_score': np.float64(0.0), 'eval/mean_episode_length': np.float64(1.0), 'eval/std_episode_length': np.float64(0.0), 'eval/eval_time': 0.07611703872680664}
{'training/total_steps': 28000, 'training/updates': 14, 'training/sps': np.float64(13868.585), 'training/walltime': np.float64(3.891), 'training/rollout_time': np.float64(0.136), 'training/update_time': np.float64(0.008), 'training/approx_kl': 5.181498750062019e-07, 'training/entropy': 0.020492903888225555, 'training/policy_loss': -0.0009520774474367499, 'training/total_loss': 0.33018508553504944, 'training/value_loss': 0.6622743606567383}
{'eval/num_episodes': 200, 'eval/num_steps': 200, 'eval/mean_score': np.float64(0.9), 'eval/std_score': np.float64(0.0), 'eval/mean_episode_length': np.float64(1.0), 'eval/std_episode_length': np.float64(0.0), 'eval/eval_time': 0.07164597511291504}
{'training/total_steps': 30000, 'training/updates': 15, 'training/sps': np.float64(14149.248), 'training/walltime': np.float64(4.104), 'training/rollout_time': np.float64(0.133), 'training/update_time': np.float64(0.008), 'training/approx_kl': 1.345905502603273e-07, 'training/entropy': 0.0207704808562994, 'training/policy_loss': 0.7343138456344604, 'training/total_loss': 1.060725212097168, 'training/value_loss': 0.652822732925415}
{'eval/num_episodes': 200, 'eval/num_steps': 200, 'eval/mean_score': np.float64(0.9), 'eval/std_score': np.float64(0.0), 'eval/mean_episode_length': np.float64(1.0), 'eval/std_episode_length': np.float64(0.0), 'eval/eval_time': 0.07376313209533691}
{'training/total_steps': 32000, 'training/updates': 16, 'training/sps': np.float64(13619.351), 'training/walltime': np.float64(4.325), 'training/rollout_time': np.float64(0.136), 'training/update_time': np.float64(0.011), 'training/approx_kl': 3.290522272436647e-07, 'training/entropy': 0.02102217823266983, 'training/policy_loss': 0.2392587810754776, 'training/total_loss': 0.5612379908561707, 'training/value_loss': 0.6439584493637085}
{'eval/num_episodes': 200, 'eval/num_steps': 200, 'eval/mean_score': np.float64(0.9), 'eval/std_score': np.float64(0.007), 'eval/mean_episode_length': np.float64(1.0), 'eval/std_episode_length': np.float64(0.0), 'eval/eval_time': 0.07249999046325684}
{'training/total_steps': 34000, 'training/updates': 17, 'training/sps': np.float64(14359.58), 'training/walltime': np.float64(4.537), 'training/rollout_time': np.float64(0.131), 'training/update_time': np.float64(0.008), 'training/approx_kl': 2.0327792071839212e-07, 'training/entropy': 0.02129146084189415, 'training/policy_loss': 0.2301039695739746, 'training/total_loss': 0.5474783778190613, 'training/value_loss': 0.6347488164901733}
{'eval/num_episodes': 200, 'eval/num_steps': 200, 'eval/mean_score': np.float64(0.9), 'eval/std_score': np.float64(0.0), 'eval/mean_episode_length': np.float64(1.0), 'eval/std_episode_length': np.float64(0.0), 'eval/eval_time': 0.07773327827453613}
{'training/total_steps': 36000, 'training/updates': 18, 'training/sps': np.float64(13522.706), 'training/walltime': np.float64(4.763), 'training/rollout_time': np.float64(0.137), 'training/update_time': np.float64(0.011), 'training/approx_kl': 2.0511006937340426e-07, 'training/entropy': 0.02154475450515747, 'training/policy_loss': -0.0006208253325894475, 'training/total_loss': 0.31229448318481445, 'training/value_loss': 0.6258305907249451}
{'eval/num_episodes': 200, 'eval/num_steps': 200, 'eval/mean_score': np.float64(0.9), 'eval/std_score': np.float64(0.0), 'eval/mean_episode_length': np.float64(1.0), 'eval/std_episode_length': np.float64(0.0), 'eval/eval_time': 0.07027602195739746}
{'training/total_steps': 38000, 'training/updates': 19, 'training/sps': np.float64(14391.927), 'training/walltime': np.float64(4.973), 'training/rollout_time': np.float64(0.131), 'training/update_time': np.float64(0.008), 'training/approx_kl': 1.7947854757949244e-07, 'training/entropy': 0.021814899519085884, 'training/policy_loss': 0.23012463748455048, 'training/total_loss': 0.5385531187057495, 'training/value_loss': 0.6168569922447205}
{'eval/num_episodes': 200, 'eval/num_steps': 200, 'eval/mean_score': np.float64(0.9), 'eval/std_score': np.float64(0.0), 'eval/mean_episode_length': np.float64(1.0), 'eval/std_episode_length': np.float64(0.0), 'eval/eval_time': 0.06942987442016602}
{'training/total_steps': 40000, 'training/updates': 20, 'training/sps': np.float64(14353.167), 'training/walltime': np.float64(5.182), 'training/rollout_time': np.float64(0.131), 'training/update_time': np.float64(0.008), 'training/approx_kl': 2.2765156870718783e-07, 'training/entropy': 0.02208900824189186, 'training/policy_loss': -0.2405090481042862, 'training/total_loss': 0.06355445086956024, 'training/value_loss': 0.6081269979476929}
{'eval/num_episodes': 200, 'eval/num_steps': 200, 'eval/mean_score': np.float64(0.9), 'eval/std_score': np.float64(0.007), 'eval/mean_episode_length': np.float64(1.0), 'eval/std_episode_length': np.float64(0.0), 'eval/eval_time': 0.07038998603820801}
{'training/total_steps': 42000, 'training/updates': 21, 'training/sps': np.float64(14448.445), 'training/walltime': np.float64(5.391), 'training/rollout_time': np.float64(0.131), 'training/update_time': np.float64(0.008), 'training/approx_kl': 2.5259086555706745e-07, 'training/entropy': 0.02237822115421295, 'training/policy_loss': -0.0005960278795100749, 'training/total_loss': 0.29905104637145996, 'training/value_loss': 0.599294126033783}
{'eval/num_episodes': 200, 'eval/num_steps': 200, 'eval/mean_score': np.float64(0.9), 'eval/std_score': np.float64(0.007), 'eval/mean_episode_length': np.float64(1.0), 'eval/std_episode_length': np.float64(0.0), 'eval/eval_time': 0.07187700271606445}
{'training/total_steps': 44000, 'training/updates': 22, 'training/sps': np.float64(14089.432), 'training/walltime': np.float64(5.605), 'training/rollout_time': np.float64(0.134), 'training/update_time': np.float64(0.008), 'training/approx_kl': 2.9330772122193594e-07, 'training/entropy': 0.02267076075077057, 'training/policy_loss': 0.23929192125797272, 'training/total_loss': 0.5346119999885559, 'training/value_loss': 0.5906401872634888}
{'eval/num_episodes': 200, 'eval/num_steps': 200, 'eval/mean_score': np.float64(0.9), 'eval/std_score': np.float64(0.0), 'eval/mean_episode_length': np.float64(1.0), 'eval/std_episode_length': np.float64(0.0), 'eval/eval_time': 0.07254910469055176}
{'training/total_steps': 46000, 'training/updates': 23, 'training/sps': np.float64(14510.401), 'training/walltime': np.float64(5.816), 'training/rollout_time': np.float64(0.129), 'training/update_time': np.float64(0.009), 'training/approx_kl': 5.746571218878671e-07, 'training/entropy': 0.0230212714523077, 'training/policy_loss': -0.0009148741373792291, 'training/total_loss': 0.2901802361011505, 'training/value_loss': 0.582190215587616}
{'eval/num_episodes': 200, 'eval/num_steps': 200, 'eval/mean_score': np.float64(0.9), 'eval/std_score': np.float64(0.0), 'eval/mean_episode_length': np.float64(1.0), 'eval/std_episode_length': np.float64(0.0), 'eval/eval_time': 0.07055783271789551}
{'training/total_steps': 48000, 'training/updates': 24, 'training/sps': np.float64(11372.749), 'training/walltime': np.float64(6.062), 'training/rollout_time': np.float64(0.164), 'training/update_time': np.float64(0.012), 'training/approx_kl': 9.330736929769046e-07, 'training/entropy': 0.023417621850967407, 'training/policy_loss': -0.0012575102737173438, 'training/total_loss': 0.2856276035308838, 'training/value_loss': 0.5737701654434204}
{'eval/num_episodes': 200, 'eval/num_steps': 200, 'eval/mean_score': np.float64(0.9), 'eval/std_score': np.float64(0.007), 'eval/mean_episode_length': np.float64(1.0), 'eval/std_episode_length': np.float64(0.0), 'eval/eval_time': 0.07158708572387695}
{'training/total_steps': 50000, 'training/updates': 25, 'training/sps': np.float64(13221.483), 'training/walltime': np.float64(6.286), 'training/rollout_time': np.float64(0.143), 'training/update_time': np.float64(0.008), 'training/approx_kl': 2.7708128413905797e-07, 'training/entropy': 0.023777643218636513, 'training/policy_loss': -0.2313128262758255, 'training/total_loss': 0.05113176256418228, 'training/value_loss': 0.5648891925811768}
{'eval/num_episodes': 200, 'eval/num_steps': 200, 'eval/mean_score': np.float64(0.9), 'eval/std_score': np.float64(0.0), 'eval/mean_episode_length': np.float64(1.0), 'eval/std_episode_length': np.float64(0.0), 'eval/eval_time': 0.07534003257751465}
{'training/total_steps': 52000, 'training/updates': 26, 'training/sps': np.float64(14169.491), 'training/walltime': np.float64(6.502), 'training/rollout_time': np.float64(0.133), 'training/update_time': np.float64(0.008), 'training/approx_kl': 5.705576313630445e-07, 'training/entropy': 0.024118324741721153, 'training/policy_loss': -0.001042703166604042, 'training/total_loss': 0.2773193418979645, 'training/value_loss': 0.5567240715026855}
{'eval/num_episodes': 200, 'eval/num_steps': 200, 'eval/mean_score': np.float64(0.9), 'eval/std_score': np.float64(0.007), 'eval/mean_episode_length': np.float64(1.0), 'eval/std_episode_length': np.float64(0.0), 'eval/eval_time': 0.06985712051391602}
{'training/total_steps': 54000, 'training/updates': 27, 'training/sps': np.float64(13899.493), 'training/walltime': np.float64(6.716), 'training/rollout_time': np.float64(0.136), 'training/update_time': np.float64(0.008), 'training/approx_kl': 4.106519213564752e-07, 'training/entropy': 0.02449694834649563, 'training/policy_loss': -0.0009362924611195922, 'training/total_loss': 0.2731601893901825, 'training/value_loss': 0.5481929779052734}
{'eval/num_episodes': 200, 'eval/num_steps': 200, 'eval/mean_score': np.float64(0.9), 'eval/std_score': np.float64(0.0), 'eval/mean_episode_length': np.float64(1.0), 'eval/std_episode_length': np.float64(0.0), 'eval/eval_time': 0.07493710517883301}
{'training/total_steps': 56000, 'training/updates': 28, 'training/sps': np.float64(14511.355), 'training/walltime': np.float64(6.929), 'training/rollout_time': np.float64(0.13), 'training/update_time': np.float64(0.008), 'training/approx_kl': 3.8465043417090783e-07, 'training/entropy': 0.024835988879203796, 'training/policy_loss': -0.24395345151424408, 'training/total_loss': 0.026011981070041656, 'training/value_loss': 0.5399308204650879}
{'eval/num_episodes': 200, 'eval/num_steps': 200, 'eval/mean_score': np.float64(0.9), 'eval/std_score': np.float64(0.0), 'eval/mean_episode_length': np.float64(1.0), 'eval/std_episode_length': np.float64(0.0), 'eval/eval_time': 0.07247686386108398}
{'training/total_steps': 58000, 'training/updates': 29, 'training/sps': np.float64(13905.437), 'training/walltime': np.float64(7.146), 'training/rollout_time': np.float64(0.136), 'training/update_time': np.float64(0.008), 'training/approx_kl': 1.1508772956858593e-07, 'training/entropy': 0.025111965835094452, 'training/policy_loss': -0.480194091796875, 'training/total_loss': -0.21447297930717468, 'training/value_loss': 0.5314422249794006}
{'eval/num_episodes': 200, 'eval/num_steps': 200, 'eval/mean_score': np.float64(0.901), 'eval/std_score': np.float64(0.012), 'eval/mean_episode_length': np.float64(1.0), 'eval/std_episode_length': np.float64(0.0), 'eval/eval_time': 0.07321977615356445}
{'training/total_steps': 60000, 'training/updates': 30, 'training/sps': np.float64(13486.898), 'training/walltime': np.float64(7.368), 'training/rollout_time': np.float64(0.137), 'training/update_time': np.float64(0.011), 'training/approx_kl': 4.232466608300456e-07, 'training/entropy': 0.025416184216737747, 'training/policy_loss': -0.0009145820513367653, 'training/total_loss': 0.2608686089515686, 'training/value_loss': 0.5235664248466492}
{'eval/num_episodes': 200, 'eval/num_steps': 200, 'eval/mean_score': np.float64(0.9), 'eval/std_score': np.float64(0.007), 'eval/mean_episode_length': np.float64(1.0), 'eval/std_episode_length': np.float64(0.0), 'eval/eval_time': 0.09053301811218262}
TRAINING END: training duration: 7.459079027175903
{'final_eval/num_episodes': 200, 'final_eval/num_steps': 200, 'final_eval/mean_score': np.float64(0.8999999761581421), 'final_eval/std_score': np.float64(0.0), 'final_eval/mean_episode_length': np.float64(1.0), 'final_eval/std_episode_length': np.float64(0.0)}
