|param: value|
|experiment_name:  pc_actor_critic|
|seed:  3|
|write_logs_to_file:  False|
|save_model:  False|
|env_name:  bandit|
|num_envs:  8|
|num_train_levels:  200|
|distribution_mode:  easy|
|arm_means:  (1.0, 0.9)|
|deterministic_rewards:  True|
|eval_env:  True|
|num_eval_episodes:  200|
|eval_every:  1|
|total_timesteps:  60000|
|unroll_length:  250|
|gamma:  0.99|
|learning_rate:  0.01|
|value_learning_rate:  0.01|
|target_scale:  1.0|
|pc_steps_per_update:  1|
|max_t1:  20|
|width:  32|
|depth:  2|
|act_fn:  relu|
|policy_init_logit_bias:  [0.0, 6.0]|
|use_cnn:  False|
|policy_hidden_layer_sizes:  ()|
|value_hidden_layer_sizes:  ()|
|anneal_lr:  False|
|entropy_cost:  0.0|
|deterministic_eval:  False|
{'training/total_steps': 2000, 'training/updates': 1, 'training/walltime': np.float64(1.243), 'training/update_time': np.float64(1.243), 'training/policy_pc_loss': 0.0015020391438156366, 'training/value_pc_loss': 0.15495257079601288, 'training/mean_value': 0.3436899483203888, 'training/mean_reward': 0.9003496766090393, 'training/mean_advantage_abs': 0.5566598176956177}
{'eval/num_episodes': 200, 'eval/mean_score': np.float64(0.901), 'eval/std_score': np.float64(0.0099), 'eval/mean_episode_length': np.float64(1.0)}
{'training/total_steps': 4000, 'training/updates': 2, 'training/walltime': np.float64(1.401), 'training/update_time': np.float64(0.13), 'training/policy_pc_loss': 0.0004684946616180241, 'training/value_pc_loss': 0.0741070881485939, 'training/mean_value': 0.5152398347854614, 'training/mean_reward': 0.9001997113227844, 'training/mean_advantage_abs': 0.3849599063396454}
{'eval/num_episodes': 200, 'eval/mean_score': np.float64(0.9), 'eval/std_score': np.float64(0.0), 'eval/mean_episode_length': np.float64(1.0)}
{'training/total_steps': 6000, 'training/updates': 3, 'training/walltime': np.float64(1.533), 'training/update_time': np.float64(0.13), 'training/policy_pc_loss': 0.0002447793958708644, 'training/value_pc_loss': 0.02288779616355896, 'training/mean_value': 0.686355710029602, 'training/mean_reward': 0.9002496600151062, 'training/mean_advantage_abs': 0.2138940393924713}
{'eval/num_episodes': 200, 'eval/mean_score': np.float64(0.9), 'eval/std_score': np.float64(0.0), 'eval/mean_episode_length': np.float64(1.0)}
{'training/total_steps': 8000, 'training/updates': 4, 'training/walltime': np.float64(1.66), 'training/update_time': np.float64(0.126), 'training/policy_pc_loss': 7.774402911309153e-05, 'training/value_pc_loss': 0.0012632888974621892, 'training/mean_value': 0.850433349609375, 'training/mean_reward': 0.9003497362136841, 'training/mean_advantage_abs': 0.04991695657372475}
{'eval/num_episodes': 200, 'eval/mean_score': np.float64(0.901), 'eval/std_score': np.float64(0.0099), 'eval/mean_episode_length': np.float64(1.0)}
{'training/total_steps': 10000, 'training/updates': 5, 'training/walltime': np.float64(1.79), 'training/update_time': np.float64(0.129), 'training/policy_pc_loss': 2.9160264602978714e-07, 'training/value_pc_loss': 0.004473017994314432, 'training/mean_value': 0.9948197603225708, 'training/mean_reward': 0.900499701499939, 'training/mean_advantage_abs': 0.09437190741300583}
{'eval/num_episodes': 200, 'eval/mean_score': np.float64(0.9), 'eval/std_score': np.float64(0.0), 'eval/mean_episode_length': np.float64(1.0)}
{'training/total_steps': 12000, 'training/updates': 6, 'training/walltime': np.float64(1.934), 'training/update_time': np.float64(0.143), 'training/policy_pc_loss': 4.269521014066413e-05, 'training/value_pc_loss': 0.02046944946050644, 'training/mean_value': 1.1026345491409302, 'training/mean_reward': 0.9003996849060059, 'training/mean_advantage_abs': 0.20223526656627655}
{'eval/num_episodes': 200, 'eval/mean_score': np.float64(0.9), 'eval/std_score': np.float64(0.0), 'eval/mean_episode_length': np.float64(1.0)}
{'training/total_steps': 14000, 'training/updates': 7, 'training/walltime': np.float64(2.066), 'training/update_time': np.float64(0.132), 'training/policy_pc_loss': 0.0001575550268171355, 'training/value_pc_loss': 0.03414344787597656, 'training/mean_value': 1.1618040800094604, 'training/mean_reward': 0.9005996584892273, 'training/mean_advantage_abs': 0.2612036168575287}
{'eval/num_episodes': 200, 'eval/mean_score': np.float64(0.901), 'eval/std_score': np.float64(0.0099), 'eval/mean_episode_length': np.float64(1.0)}
{'training/total_steps': 16000, 'training/updates': 8, 'training/walltime': np.float64(2.228), 'training/update_time': np.float64(0.16), 'training/policy_pc_loss': 0.0002149141946574673, 'training/value_pc_loss': 0.03763361647725105, 'training/mean_value': 1.1749229431152344, 'training/mean_reward': 0.9006996154785156, 'training/mean_advantage_abs': 0.27422192692756653}
{'eval/num_episodes': 200, 'eval/mean_score': np.float64(0.9), 'eval/std_score': np.float64(0.0), 'eval/mean_episode_length': np.float64(1.0)}
{'training/total_steps': 18000, 'training/updates': 9, 'training/walltime': np.float64(2.413), 'training/update_time': np.float64(0.183), 'training/policy_pc_loss': 0.0001767726062098518, 'training/value_pc_loss': 0.031780436635017395, 'training/mean_value': 1.1527150869369507, 'training/mean_reward': 0.900749683380127, 'training/mean_advantage_abs': 0.25196510553359985}
{'eval/num_episodes': 200, 'eval/mean_score': np.float64(0.9005), 'eval/std_score': np.float64(0.0071), 'eval/mean_episode_length': np.float64(1.0)}
{'training/total_steps': 20000, 'training/updates': 10, 'training/walltime': np.float64(2.545), 'training/update_time': np.float64(0.13), 'training/policy_pc_loss': 0.00015615155280102044, 'training/value_pc_loss': 0.021191678941249847, 'training/mean_value': 1.1068992614746094, 'training/mean_reward': 0.901349663734436, 'training/mean_advantage_abs': 0.20554853975772858}
{'eval/num_episodes': 200, 'eval/mean_score': np.float64(0.9015), 'eval/std_score': np.float64(0.0122), 'eval/mean_episode_length': np.float64(1.0)}
{'training/total_steps': 22000, 'training/updates': 11, 'training/walltime': np.float64(2.673), 'training/update_time': np.float64(0.128), 'training/policy_pc_loss': 3.403459777473472e-05, 'training/value_pc_loss': 0.0106103690341115, 'training/mean_value': 1.0465985536575317, 'training/mean_reward': 0.901399552822113, 'training/mean_advantage_abs': 0.14519882202148438}
{'eval/num_episodes': 200, 'eval/mean_score': np.float64(0.902), 'eval/std_score': np.float64(0.014), 'eval/mean_episode_length': np.float64(1.0)}
{'training/total_steps': 24000, 'training/updates': 12, 'training/walltime': np.float64(2.801), 'training/update_time': np.float64(0.127), 'training/policy_pc_loss': 1.068724668584764e-05, 'training/value_pc_loss': 0.003126170253381133, 'training/mean_value': 0.9798795580863953, 'training/mean_reward': 0.9021495580673218, 'training/mean_advantage_abs': 0.07859517633914948}
{'eval/num_episodes': 200, 'eval/mean_score': np.float64(0.903), 'eval/std_score': np.float64(0.0171), 'eval/mean_episode_length': np.float64(1.0)}
{'training/total_steps': 26000, 'training/updates': 13, 'training/walltime': np.float64(2.969), 'training/update_time': np.float64(0.163), 'training/policy_pc_loss': 0.00018023187294602394, 'training/value_pc_loss': 0.00018682492373045534, 'training/mean_value': 0.9137365221977234, 'training/mean_reward': 0.9025496244430542, 'training/mean_advantage_abs': 0.015586551278829575}
{'eval/num_episodes': 200, 'eval/mean_score': np.float64(0.903), 'eval/std_score': np.float64(0.0171), 'eval/mean_episode_length': np.float64(1.0)}
{'training/total_steps': 28000, 'training/updates': 14, 'training/walltime': np.float64(3.103), 'training/update_time': np.float64(0.133), 'training/policy_pc_loss': 0.000686939456500113, 'training/value_pc_loss': 0.0013858078746125102, 'training/mean_value': 0.8540687561035156, 'training/mean_reward': 0.9034496545791626, 'training/mean_advantage_abs': 0.04938133805990219}
{'eval/num_episodes': 200, 'eval/mean_score': np.float64(0.9045), 'eval/std_score': np.float64(0.0207), 'eval/mean_episode_length': np.float64(1.0)}
{'training/total_steps': 30000, 'training/updates': 15, 'training/walltime': np.float64(3.232), 'training/update_time': np.float64(0.128), 'training/policy_pc_loss': 0.0015975581482052803, 'training/value_pc_loss': 0.005126284435391426, 'training/mean_value': 0.8055360913276672, 'training/mean_reward': 0.904599666595459, 'training/mean_advantage_abs': 0.09906427562236786}
{'eval/num_episodes': 200, 'eval/mean_score': np.float64(0.907), 'eval/std_score': np.float64(0.0255), 'eval/mean_episode_length': np.float64(1.0)}
{'training/total_steps': 32000, 'training/updates': 16, 'training/walltime': np.float64(3.365), 'training/update_time': np.float64(0.132), 'training/policy_pc_loss': 0.003312497166916728, 'training/value_pc_loss': 0.00956094078719616, 'training/mean_value': 0.7712236046791077, 'training/mean_reward': 0.9070997834205627, 'training/mean_advantage_abs': 0.13587605953216553}
{'eval/num_episodes': 200, 'eval/mean_score': np.float64(0.9125), 'eval/std_score': np.float64(0.0331), 'eval/mean_episode_length': np.float64(1.0)}
{'training/total_steps': 34000, 'training/updates': 17, 'training/walltime': np.float64(3.497), 'training/update_time': np.float64(0.132), 'training/policy_pc_loss': 0.005082295276224613, 'training/value_pc_loss': 0.012777449563145638, 'training/mean_value': 0.7526049017906189, 'training/mean_reward': 0.9096997380256653, 'training/mean_advantage_abs': 0.1570955514907837}
{'eval/num_episodes': 200, 'eval/mean_score': np.float64(0.9145), 'eval/std_score': np.float64(0.0352), 'eval/mean_episode_length': np.float64(1.0)}
{'training/total_steps': 36000, 'training/updates': 18, 'training/walltime': np.float64(3.628), 'training/update_time': np.float64(0.13), 'training/policy_pc_loss': 0.006079166661947966, 'training/value_pc_loss': 0.013712799176573753, 'training/mean_value': 0.7495512962341309, 'training/mean_reward': 0.9119498133659363, 'training/mean_advantage_abs': 0.16239887475967407}
{'eval/num_episodes': 200, 'eval/mean_score': np.float64(0.917), 'eval/std_score': np.float64(0.0376), 'eval/mean_episode_length': np.float64(1.0)}
{'training/total_steps': 38000, 'training/updates': 19, 'training/walltime': np.float64(3.759), 'training/update_time': np.float64(0.13), 'training/policy_pc_loss': 0.00724429078400135, 'training/value_pc_loss': 0.012944921851158142, 'training/mean_value': 0.7606639862060547, 'training/mean_reward': 0.9170997738838196, 'training/mean_advantage_abs': 0.15643613040447235}
{'eval/num_episodes': 200, 'eval/mean_score': np.float64(0.9235), 'eval/std_score': np.float64(0.0424), 'eval/mean_episode_length': np.float64(1.0)}
{'training/total_steps': 40000, 'training/updates': 20, 'training/walltime': np.float64(3.887), 'training/update_time': np.float64(0.127), 'training/policy_pc_loss': 0.006918188650161028, 'training/value_pc_loss': 0.010546772740781307, 'training/mean_value': 0.7839350700378418, 'training/mean_reward': 0.9229497313499451, 'training/mean_advantage_abs': 0.13901527225971222}
{'eval/num_episodes': 200, 'eval/mean_score': np.float64(0.931), 'eval/std_score': np.float64(0.0462), 'eval/mean_episode_length': np.float64(1.0)}
{'training/total_steps': 42000, 'training/updates': 21, 'training/walltime': np.float64(4.021), 'training/update_time': np.float64(0.133), 'training/policy_pc_loss': 0.005562602076679468, 'training/value_pc_loss': 0.007708230055868626, 'training/mean_value': 0.8168168663978577, 'training/mean_reward': 0.9318998456001282, 'training/mean_advantage_abs': 0.11508285999298096}
{'eval/num_episodes': 200, 'eval/mean_score': np.float64(0.9385), 'eval/std_score': np.float64(0.0487), 'eval/mean_episode_length': np.float64(1.0)}
{'training/total_steps': 44000, 'training/updates': 22, 'training/walltime': np.float64(4.155), 'training/update_time': np.float64(0.132), 'training/policy_pc_loss': 0.0029298565350472927, 'training/value_pc_loss': 0.004480714909732342, 'training/mean_value': 0.8566113710403442, 'training/mean_reward': 0.9378998279571533, 'training/mean_advantage_abs': 0.08128862082958221}
{'eval/num_episodes': 200, 'eval/mean_score': np.float64(0.9555), 'eval/std_score': np.float64(0.0497), 'eval/mean_episode_length': np.float64(1.0)}
{'training/total_steps': 46000, 'training/updates': 23, 'training/walltime': np.float64(4.288), 'training/update_time': np.float64(0.133), 'training/policy_pc_loss': 0.0012080598389729857, 'training/value_pc_loss': 0.0026367458049207926, 'training/mean_value': 0.9000624418258667, 'training/mean_reward': 0.9527999758720398, 'training/mean_advantage_abs': 0.052796587347984314}
{'eval/num_episodes': 200, 'eval/mean_score': np.float64(0.9645), 'eval/std_score': np.float64(0.0479), 'eval/mean_episode_length': np.float64(1.0)}
{'training/total_steps': 48000, 'training/updates': 24, 'training/walltime': np.float64(4.424), 'training/update_time': np.float64(0.134), 'training/policy_pc_loss': 0.0005555647658184171, 'training/value_pc_loss': 0.0013311534421518445, 'training/mean_value': 0.9445456266403198, 'training/mean_reward': 0.962149977684021, 'training/mean_advantage_abs': 0.05132550373673439}
{'eval/num_episodes': 200, 'eval/mean_score': np.float64(0.973), 'eval/std_score': np.float64(0.0444), 'eval/mean_episode_length': np.float64(1.0)}
{'training/total_steps': 50000, 'training/updates': 25, 'training/walltime': np.float64(4.553), 'training/update_time': np.float64(0.128), 'training/policy_pc_loss': 0.0010862001217901707, 'training/value_pc_loss': 0.0010267558973282576, 'training/mean_value': 0.9869003295898438, 'training/mean_reward': 0.9745001196861267, 'training/mean_advantage_abs': 0.03191898390650749}
{'eval/num_episodes': 200, 'eval/mean_score': np.float64(0.9865), 'eval/std_score': np.float64(0.0342), 'eval/mean_episode_length': np.float64(1.0)}
{'training/total_steps': 52000, 'training/updates': 26, 'training/walltime': np.float64(4.689), 'training/update_time': np.float64(0.136), 'training/policy_pc_loss': 0.0017585252644494176, 'training/value_pc_loss': 0.001498898956924677, 'training/mean_value': 1.0244829654693604, 'training/mean_reward': 0.9839000701904297, 'training/mean_advantage_abs': 0.040583327412605286}
{'eval/num_episodes': 200, 'eval/mean_score': np.float64(0.988), 'eval/std_score': np.float64(0.0325), 'eval/mean_episode_length': np.float64(1.0)}
{'training/total_steps': 54000, 'training/updates': 27, 'training/walltime': np.float64(4.824), 'training/update_time': np.float64(0.133), 'training/policy_pc_loss': 0.0020445252303034067, 'training/value_pc_loss': 0.0025961087085306644, 'training/mean_value': 1.0548707246780396, 'training/mean_reward': 0.9896000027656555, 'training/mean_advantage_abs': 0.06527156382799149}
{'eval/num_episodes': 200, 'eval/mean_score': np.float64(0.995), 'eval/std_score': np.float64(0.0218), 'eval/mean_episode_length': np.float64(1.0)}
{'training/total_steps': 56000, 'training/updates': 28, 'training/walltime': np.float64(4.954), 'training/update_time': np.float64(0.129), 'training/policy_pc_loss': 0.0017182892188429832, 'training/value_pc_loss': 0.003676267806440592, 'training/mean_value': 1.0760860443115234, 'training/mean_reward': 0.9938002228736877, 'training/mean_advantage_abs': 0.08228595554828644}
{'eval/num_episodes': 200, 'eval/mean_score': np.float64(0.9985), 'eval/std_score': np.float64(0.0122), 'eval/mean_episode_length': np.float64(1.0)}
{'training/total_steps': 58000, 'training/updates': 29, 'training/walltime': np.float64(5.089), 'training/update_time': np.float64(0.135), 'training/policy_pc_loss': 0.0012957487488165498, 'training/value_pc_loss': 0.004333114717155695, 'training/mean_value': 1.087082028388977, 'training/mean_reward': 0.996050238609314, 'training/mean_advantage_abs': 0.09103202074766159}
{'eval/num_episodes': 200, 'eval/mean_score': np.float64(0.999), 'eval/std_score': np.float64(0.0099), 'eval/mean_episode_length': np.float64(1.0)}
{'training/total_steps': 60000, 'training/updates': 30, 'training/walltime': np.float64(5.229), 'training/update_time': np.float64(0.139), 'training/policy_pc_loss': 0.0007980142836458981, 'training/value_pc_loss': 0.00417896406725049, 'training/mean_value': 1.0878081321716309, 'training/mean_reward': 0.9976500868797302, 'training/mean_advantage_abs': 0.0901578888297081}
{'eval/num_episodes': 200, 'eval/mean_score': np.float64(0.9975), 'eval/std_score': np.float64(0.0156), 'eval/mean_episode_length': np.float64(1.0)}
TRAINING END: training duration: 5.229748964309692
