|param: value|
|experiment_name:  reinforce_procgen|
|seed:  3|
|platform:  cpu|
|write_logs_to_file:  False|
|save_model:  False|
|env_name:  bandit|
|num_envs:  1|
|num_train_levels:  200|
|distribution_mode:  easy|
|arm_means:  (1.0, 0.9)|
|deterministic_rewards:  True|
|eval_env:  True|
|num_eval_episodes:  200|
|eval_every:  1|
|deterministic_eval:  False|
|normalize_observations:  True|
|total_timesteps:  60000|
|learning_rate:  0.5|
|optimizer:  sgd|
|unroll_length:  2048|
|anneal_lr:  False|
|gamma:  0.99|
|batch_size:  1|
|num_minibatches:  1|
|update_epochs:  1|
|entropy_cost:  0.0|
|max_grad_norm:  0.5|
|reward_scaling:  1.0|
|use_cnn:  False|
|policy_hidden_layer_sizes:  ()|
|value_hidden_layer_sizes:  ()|
|activation:  <jax._src.custom_derivatives.custom_jvp object at 0x10f3242d0>|
|policy_init_logit_bias:  [0.0, 6.0]|
{'training/total_steps': 2000, 'training/updates': 1, 'training/sps': np.float64(1784.663), 'training/walltime': np.float64(1.121), 'training/rollout_time': np.float64(0.516), 'training/update_time': np.float64(0.605), 'training/approx_kl': 0.0, 'training/entropy': 0.017311394214630127, 'training/policy_loss': 0.014992793090641499, 'training/total_loss': 0.22274921834468842, 'training/value_loss': 0.4155128300189972}
{'eval/num_episodes': 200, 'eval/num_steps': 200, 'eval/mean_score': np.float64(0.9), 'eval/std_score': np.float64(0.0), 'eval/mean_episode_length': np.float64(1.0), 'eval/std_episode_length': np.float64(0.0), 'eval/eval_time': 0.08879494667053223}
{'training/total_steps': 4000, 'training/updates': 2, 'training/sps': np.float64(6029.877), 'training/walltime': np.float64(1.542), 'training/rollout_time': np.float64(0.33), 'training/update_time': np.float64(0.002), 'training/approx_kl': 0.0, 'training/entropy': 0.01732182502746582, 'training/policy_loss': 0.004236757755279541, 'training/total_loss': 0.046548839658498764, 'training/value_loss': 0.08462416380643845}
{'eval/num_episodes': 200, 'eval/num_steps': 200, 'eval/mean_score': np.float64(0.9), 'eval/std_score': np.float64(0.0), 'eval/mean_episode_length': np.float64(1.0), 'eval/std_episode_length': np.float64(0.0), 'eval/eval_time': 0.08343815803527832}
{'training/total_steps': 6000, 'training/updates': 3, 'training/sps': np.float64(6041.294), 'training/walltime': np.float64(1.957), 'training/rollout_time': np.float64(0.329), 'training/update_time': np.float64(0.002), 'training/approx_kl': 0.0, 'training/entropy': 0.017317811027169228, 'training/policy_loss': 0.0014978863764554262, 'training/total_loss': 0.0015103601617738605, 'training/value_loss': 2.4947476049419492e-05}
{'eval/num_episodes': 200, 'eval/num_steps': 200, 'eval/mean_score': np.float64(0.9), 'eval/std_score': np.float64(0.0), 'eval/mean_episode_length': np.float64(1.0), 'eval/std_episode_length': np.float64(0.0), 'eval/eval_time': 0.07404518127441406}
{'training/total_steps': 8000, 'training/updates': 4, 'training/sps': np.float64(5662.668), 'training/walltime': np.float64(2.384), 'training/rollout_time': np.float64(0.352), 'training/update_time': np.float64(0.001), 'training/approx_kl': 0.0, 'training/entropy': 0.017325280234217644, 'training/policy_loss': 0.002394003327935934, 'training/total_loss': 0.00241393456235528, 'training/value_loss': 3.9862527046352625e-05}
{'eval/num_episodes': 200, 'eval/num_steps': 200, 'eval/mean_score': np.float64(0.9), 'eval/std_score': np.float64(0.0), 'eval/mean_episode_length': np.float64(1.0), 'eval/std_episode_length': np.float64(0.0), 'eval/eval_time': 0.07686495780944824}
{'training/total_steps': 10000, 'training/updates': 5, 'training/sps': np.float64(6196.631), 'training/walltime': np.float64(2.784), 'training/rollout_time': np.float64(0.321), 'training/update_time': np.float64(0.001), 'training/approx_kl': 0.0, 'training/entropy': 0.017337022349238396, 'training/policy_loss': 0.0023897120263427496, 'training/total_loss': 0.0024096320848912, 'training/value_loss': 3.984003342338838e-05}
{'eval/num_episodes': 200, 'eval/num_steps': 200, 'eval/mean_score': np.float64(0.9), 'eval/std_score': np.float64(0.0), 'eval/mean_episode_length': np.float64(1.0), 'eval/std_episode_length': np.float64(0.0), 'eval/eval_time': 0.07413601875305176}
{'training/total_steps': 12000, 'training/updates': 6, 'training/sps': np.float64(5450.365), 'training/walltime': np.float64(3.226), 'training/rollout_time': np.float64(0.366), 'training/update_time': np.float64(0.001), 'training/approx_kl': 0.0, 'training/entropy': 0.0173488836735487, 'training/policy_loss': 0.002090594731271267, 'training/total_loss': 0.0021080346778035164, 'training/value_loss': 3.488002403173596e-05}
{'eval/num_episodes': 200, 'eval/num_steps': 200, 'eval/mean_score': np.float64(0.9), 'eval/std_score': np.float64(0.0), 'eval/mean_episode_length': np.float64(1.0), 'eval/std_episode_length': np.float64(0.0), 'eval/eval_time': 0.07479190826416016}
{'training/total_steps': 14000, 'training/updates': 7, 'training/sps': np.float64(6197.596), 'training/walltime': np.float64(3.624), 'training/rollout_time': np.float64(0.321), 'training/update_time': np.float64(0.001), 'training/approx_kl': 0.0, 'training/entropy': 0.017359159886837006, 'training/policy_loss': 0.0011947846505790949, 'training/total_loss': 0.0012047758791595697, 'training/value_loss': 1.9982539015472867e-05}
{'eval/num_episodes': 200, 'eval/num_steps': 200, 'eval/mean_score': np.float64(0.9), 'eval/std_score': np.float64(0.007), 'eval/mean_episode_length': np.float64(1.0), 'eval/std_episode_length': np.float64(0.0), 'eval/eval_time': 0.07159686088562012}
{'training/total_steps': 16000, 'training/updates': 8, 'training/sps': np.float64(6216.957), 'training/walltime': np.float64(4.017), 'training/rollout_time': np.float64(0.32), 'training/update_time': np.float64(0.001), 'training/approx_kl': 0.0, 'training/entropy': 0.01736515946686268, 'training/policy_loss': 0.0011968769831582904, 'training/total_loss': 0.0012068570358678699, 'training/value_loss': 1.9960012650699355e-05}
{'eval/num_episodes': 200, 'eval/num_steps': 200, 'eval/mean_score': np.float64(0.9), 'eval/std_score': np.float64(0.007), 'eval/mean_episode_length': np.float64(1.0), 'eval/std_episode_length': np.float64(0.0), 'eval/eval_time': 0.0752866268157959}
{'training/total_steps': 18000, 'training/updates': 9, 'training/sps': np.float64(5721.248), 'training/walltime': np.float64(4.443), 'training/rollout_time': np.float64(0.348), 'training/update_time': np.float64(0.001), 'training/approx_kl': 0.0, 'training/entropy': 0.017371056601405144, 'training/policy_loss': 0.0011967977043241262, 'training/total_loss': 0.0012067777570337057, 'training/value_loss': 1.9960012650699355e-05}
{'eval/num_episodes': 200, 'eval/num_steps': 200, 'eval/mean_score': np.float64(0.9), 'eval/std_score': np.float64(0.0), 'eval/mean_episode_length': np.float64(1.0), 'eval/std_episode_length': np.float64(0.0), 'eval/eval_time': 0.07575607299804688}
{'training/total_steps': 20000, 'training/updates': 10, 'training/sps': np.float64(6310.498), 'training/walltime': np.float64(4.836), 'training/rollout_time': np.float64(0.315), 'training/update_time': np.float64(0.002), 'training/approx_kl': 0.0, 'training/entropy': 0.017376931384205818, 'training/policy_loss': 0.002094630617648363, 'training/total_loss': 0.0021120805758982897, 'training/value_loss': 3.490002563921735e-05}
{'eval/num_episodes': 200, 'eval/num_steps': 200, 'eval/mean_score': np.float64(0.9), 'eval/std_score': np.float64(0.007), 'eval/mean_episode_length': np.float64(1.0), 'eval/std_episode_length': np.float64(0.0), 'eval/eval_time': 0.07369804382324219}
{'training/total_steps': 22000, 'training/updates': 11, 'training/sps': np.float64(5772.941), 'training/walltime': np.float64(5.256), 'training/rollout_time': np.float64(0.345), 'training/update_time': np.float64(0.001), 'training/approx_kl': 0.0, 'training/entropy': 0.017387334257364273, 'training/policy_loss': 0.0014932252233847976, 'training/total_loss': 0.0015056990087032318, 'training/value_loss': 2.4947526981122792e-05}
{'eval/num_episodes': 200, 'eval/num_steps': 200, 'eval/mean_score': np.float64(0.9), 'eval/std_score': np.float64(0.0), 'eval/mean_episode_length': np.float64(1.0), 'eval/std_episode_length': np.float64(0.0), 'eval/eval_time': 0.07603287696838379}
{'training/total_steps': 24000, 'training/updates': 12, 'training/sps': np.float64(4663.136), 'training/walltime': np.float64(5.762), 'training/rollout_time': np.float64(0.427), 'training/update_time': np.float64(0.001), 'training/approx_kl': 0.0, 'training/entropy': 0.017394719645380974, 'training/policy_loss': 0.0032894168980419636, 'training/total_loss': 0.0033168105874210596, 'training/value_loss': 5.4787549743195996e-05}
{'eval/num_episodes': 200, 'eval/num_steps': 200, 'eval/mean_score': np.float64(0.901), 'eval/std_score': np.float64(0.01), 'eval/mean_episode_length': np.float64(1.0), 'eval/std_episode_length': np.float64(0.0), 'eval/eval_time': 0.08051419258117676}
{'training/total_steps': 26000, 'training/updates': 13, 'training/sps': np.float64(6126.215), 'training/walltime': np.float64(6.169), 'training/rollout_time': np.float64(0.325), 'training/update_time': np.float64(0.002), 'training/approx_kl': 0.0, 'training/entropy': 0.017411015927791595, 'training/policy_loss': 0.0002967699256259948, 'training/total_loss': 0.00029939369414933026, 'training/value_loss': 5.247536591923563e-06}
{'eval/num_episodes': 200, 'eval/num_steps': 200, 'eval/mean_score': np.float64(0.9), 'eval/std_score': np.float64(0.007), 'eval/mean_episode_length': np.float64(1.0), 'eval/std_episode_length': np.float64(0.0), 'eval/eval_time': 0.07725405693054199}
{'training/total_steps': 28000, 'training/updates': 14, 'training/sps': np.float64(5406.78), 'training/walltime': np.float64(6.617), 'training/rollout_time': np.float64(0.367), 'training/update_time': np.float64(0.003), 'training/approx_kl': 0.0, 'training/entropy': 0.017412519082427025, 'training/policy_loss': 0.0008987775072455406, 'training/total_loss': 0.0009062712779268622, 'training/value_loss': 1.498749952588696e-05}
{'eval/num_episodes': 200, 'eval/num_steps': 200, 'eval/mean_score': np.float64(0.9), 'eval/std_score': np.float64(0.007), 'eval/mean_episode_length': np.float64(1.0), 'eval/std_episode_length': np.float64(0.0), 'eval/eval_time': 0.07581186294555664}
{'training/total_steps': 30000, 'training/updates': 15, 'training/sps': np.float64(5900.768), 'training/walltime': np.float64(7.032), 'training/rollout_time': np.float64(0.334), 'training/update_time': np.float64(0.005), 'training/approx_kl': 0.0, 'training/entropy': 0.017417071387171745, 'training/policy_loss': 0.0011969059705734253, 'training/total_loss': 0.001206887187436223, 'training/value_loss': 1.99624973902246e-05}
{'eval/num_episodes': 200, 'eval/num_steps': 200, 'eval/mean_score': np.float64(0.9), 'eval/std_score': np.float64(0.0), 'eval/mean_episode_length': np.float64(1.0), 'eval/std_episode_length': np.float64(0.0), 'eval/eval_time': 0.0764322280883789}
{'training/total_steps': 32000, 'training/updates': 16, 'training/sps': np.float64(5477.287), 'training/walltime': np.float64(7.474), 'training/rollout_time': np.float64(0.363), 'training/update_time': np.float64(0.002), 'training/approx_kl': 0.0, 'training/entropy': 0.017422951757907867, 'training/policy_loss': 0.0017944001592695713, 'training/total_loss': 0.0018093601102009416, 'training/value_loss': 2.9919992812210694e-05}
{'eval/num_episodes': 200, 'eval/num_steps': 200, 'eval/mean_score': np.float64(0.9), 'eval/std_score': np.float64(0.0), 'eval/mean_episode_length': np.float64(1.0), 'eval/std_episode_length': np.float64(0.0), 'eval/eval_time': 0.07984805107116699}
{'training/total_steps': 34000, 'training/updates': 17, 'training/sps': np.float64(5715.362), 'training/walltime': np.float64(7.904), 'training/rollout_time': np.float64(0.335), 'training/update_time': np.float64(0.014), 'training/approx_kl': 0.0, 'training/entropy': 0.017431918531656265, 'training/policy_loss': 0.0011945320293307304, 'training/total_loss': 0.0012045170878991485, 'training/value_loss': 1.9970022549387068e-05}
{'eval/num_episodes': 200, 'eval/num_steps': 200, 'eval/mean_score': np.float64(0.9), 'eval/std_score': np.float64(0.0), 'eval/mean_episode_length': np.float64(1.0), 'eval/std_episode_length': np.float64(0.0), 'eval/eval_time': 0.08294796943664551}
{'training/total_steps': 36000, 'training/updates': 18, 'training/sps': np.float64(5750.336), 'training/walltime': np.float64(8.335), 'training/rollout_time': np.float64(0.346), 'training/update_time': np.float64(0.002), 'training/approx_kl': 0.0, 'training/entropy': 0.01743781939148903, 'training/policy_loss': 0.002093203831464052, 'training/total_loss': 0.0021106537897139788, 'training/value_loss': 3.490003291517496e-05}
{'eval/num_episodes': 200, 'eval/num_steps': 200, 'eval/mean_score': np.float64(0.9), 'eval/std_score': np.float64(0.0), 'eval/mean_episode_length': np.float64(1.0), 'eval/std_episode_length': np.float64(0.0), 'eval/eval_time': 0.0756840705871582}
{'training/total_steps': 38000, 'training/updates': 19, 'training/sps': np.float64(5576.935), 'training/walltime': np.float64(8.77), 'training/rollout_time': np.float64(0.357), 'training/update_time': np.float64(0.001), 'training/approx_kl': 0.0, 'training/entropy': 0.017448274418711662, 'training/policy_loss': 0.0008949738112278283, 'training/total_loss': 0.0009024825412780046, 'training/value_loss': 1.5017515579529572e-05}
{'eval/num_episodes': 200, 'eval/num_steps': 200, 'eval/mean_score': np.float64(0.9), 'eval/std_score': np.float64(0.0), 'eval/mean_episode_length': np.float64(1.0), 'eval/std_episode_length': np.float64(0.0), 'eval/eval_time': 0.07353329658508301}
{'training/total_steps': 40000, 'training/updates': 20, 'training/sps': np.float64(6128.578), 'training/walltime': np.float64(9.17), 'training/rollout_time': np.float64(0.325), 'training/update_time': np.float64(0.002), 'training/approx_kl': 0.0, 'training/entropy': 0.01745271496474743, 'training/policy_loss': 0.0014956265222281218, 'training/total_loss': 0.001508100307546556, 'training/value_loss': 2.4947506972239353e-05}
{'eval/num_episodes': 200, 'eval/num_steps': 200, 'eval/mean_score': np.float64(0.901), 'eval/std_score': np.float64(0.01), 'eval/mean_episode_length': np.float64(1.0), 'eval/std_episode_length': np.float64(0.0), 'eval/eval_time': 0.07459402084350586}
{'training/total_steps': 42000, 'training/updates': 21, 'training/sps': np.float64(6047.046), 'training/walltime': np.float64(9.576), 'training/rollout_time': np.float64(0.329), 'training/update_time': np.float64(0.001), 'training/approx_kl': 0.0, 'training/entropy': 0.017460105940699577, 'training/policy_loss': 0.0011948790634050965, 'training/total_loss': 0.0012048602802678943, 'training/value_loss': 1.9962517399108037e-05}
{'eval/num_episodes': 200, 'eval/num_steps': 200, 'eval/mean_score': np.float64(0.9), 'eval/std_score': np.float64(0.0), 'eval/mean_episode_length': np.float64(1.0), 'eval/std_episode_length': np.float64(0.0), 'eval/eval_time': 0.08028292655944824}
{'training/total_steps': 44000, 'training/updates': 22, 'training/sps': np.float64(5611.214), 'training/walltime': np.float64(10.013), 'training/rollout_time': np.float64(0.355), 'training/update_time': np.float64(0.002), 'training/approx_kl': 0.0, 'training/entropy': 0.017466126009821892, 'training/policy_loss': 0.0017935357755050063, 'training/total_loss': 0.0018084957264363766, 'training/value_loss': 2.9920000088168308e-05}
{'eval/num_episodes': 200, 'eval/num_steps': 200, 'eval/mean_score': np.float64(0.9), 'eval/std_score': np.float64(0.0), 'eval/mean_episode_length': np.float64(1.0), 'eval/std_episode_length': np.float64(0.0), 'eval/eval_time': 0.0752420425415039}
{'training/total_steps': 46000, 'training/updates': 23, 'training/sps': np.float64(6086.464), 'training/walltime': np.float64(10.418), 'training/rollout_time': np.float64(0.327), 'training/update_time': np.float64(0.001), 'training/approx_kl': 0.0, 'training/entropy': 0.017474988475441933, 'training/policy_loss': 0.0011939539108425379, 'training/total_loss': 0.001203938969410956, 'training/value_loss': 1.9970028006355278e-05}
{'eval/num_episodes': 200, 'eval/num_steps': 200, 'eval/mean_score': np.float64(0.901), 'eval/std_score': np.float64(0.01), 'eval/mean_episode_length': np.float64(1.0), 'eval/std_episode_length': np.float64(0.0), 'eval/eval_time': 0.0790870189666748}
{'training/total_steps': 48000, 'training/updates': 24, 'training/sps': np.float64(4217.638), 'training/walltime': np.float64(10.971), 'training/rollout_time': np.float64(0.472), 'training/update_time': np.float64(0.002), 'training/approx_kl': 0.0, 'training/entropy': 0.01748102903366089, 'training/policy_loss': 0.00029845573590137064, 'training/total_loss': 0.00030096573755145073, 'training/value_loss': 5.019995114707854e-06}
{'eval/num_episodes': 200, 'eval/num_steps': 200, 'eval/mean_score': np.float64(0.9), 'eval/std_score': np.float64(0.007), 'eval/mean_episode_length': np.float64(1.0), 'eval/std_episode_length': np.float64(0.0), 'eval/eval_time': 0.08286118507385254}
{'training/total_steps': 50000, 'training/updates': 25, 'training/sps': np.float64(6004.885), 'training/walltime': np.float64(11.388), 'training/rollout_time': np.float64(0.331), 'training/update_time': np.float64(0.002), 'training/approx_kl': 0.0, 'training/entropy': 0.017482517287135124, 'training/policy_loss': 0.0011974760564044118, 'training/total_loss': 0.0012074672849848866, 'training/value_loss': 1.998251536861062e-05}
{'eval/num_episodes': 200, 'eval/num_steps': 200, 'eval/mean_score': np.float64(0.9), 'eval/std_score': np.float64(0.007), 'eval/mean_episode_length': np.float64(1.0), 'eval/std_episode_length': np.float64(0.0), 'eval/eval_time': 0.07773995399475098}
{'training/total_steps': 52000, 'training/updates': 26, 'training/sps': np.float64(5975.728), 'training/walltime': np.float64(11.801), 'training/rollout_time': np.float64(0.333), 'training/update_time': np.float64(0.001), 'training/approx_kl': 0.0, 'training/entropy': 0.017488423734903336, 'training/policy_loss': 0.0014941575936973095, 'training/total_loss': 0.0015066276537254453, 'training/value_loss': 2.494001637387555e-05}
{'eval/num_episodes': 200, 'eval/num_steps': 200, 'eval/mean_score': np.float64(0.9), 'eval/std_score': np.float64(0.0), 'eval/mean_episode_length': np.float64(1.0), 'eval/std_episode_length': np.float64(0.0), 'eval/eval_time': 0.07327699661254883}
{'training/total_steps': 54000, 'training/updates': 27, 'training/sps': np.float64(5715.412), 'training/walltime': np.float64(12.224), 'training/rollout_time': np.float64(0.348), 'training/update_time': np.float64(0.001), 'training/approx_kl': 0.0, 'training/entropy': 0.017495932057499886, 'training/policy_loss': 0.0011944007128477097, 'training/total_loss': 0.0012043819297105074, 'training/value_loss': 1.9962504666182213e-05}
{'eval/num_episodes': 200, 'eval/num_steps': 200, 'eval/mean_score': np.float64(0.9), 'eval/std_score': np.float64(0.0), 'eval/mean_episode_length': np.float64(1.0), 'eval/std_episode_length': np.float64(0.0), 'eval/eval_time': 0.07598400115966797}
{'training/total_steps': 56000, 'training/updates': 28, 'training/sps': np.float64(6134.405), 'training/walltime': np.float64(12.627), 'training/rollout_time': np.float64(0.325), 'training/update_time': np.float64(0.002), 'training/approx_kl': 0.0, 'training/entropy': 0.017501864582300186, 'training/policy_loss': 0.0011950450716540217, 'training/total_loss': 0.0012050251243636012, 'training/value_loss': 1.9960003555752337e-05}
{'eval/num_episodes': 200, 'eval/num_steps': 200, 'eval/mean_score': np.float64(0.9), 'eval/std_score': np.float64(0.007), 'eval/mean_episode_length': np.float64(1.0), 'eval/std_episode_length': np.float64(0.0), 'eval/eval_time': 0.07561779022216797}
{'training/total_steps': 58000, 'training/updates': 29, 'training/sps': np.float64(5546.374), 'training/walltime': np.float64(13.063), 'training/rollout_time': np.float64(0.359), 'training/update_time': np.float64(0.001), 'training/approx_kl': 0.0, 'training/entropy': 0.01750790886580944, 'training/policy_loss': 0.0023904326371848583, 'training/total_loss': 0.002410372719168663, 'training/value_loss': 3.9880014810478315e-05}
{'eval/num_episodes': 200, 'eval/num_steps': 200, 'eval/mean_score': np.float64(0.9), 'eval/std_score': np.float64(0.0), 'eval/mean_episode_length': np.float64(1.0), 'eval/std_episode_length': np.float64(0.0), 'eval/eval_time': 0.07871508598327637}
{'training/total_steps': 60000, 'training/updates': 30, 'training/sps': np.float64(6047.461), 'training/walltime': np.float64(13.473), 'training/rollout_time': np.float64(0.329), 'training/update_time': np.float64(0.001), 'training/approx_kl': 0.0, 'training/entropy': 0.017519740387797356, 'training/policy_loss': 0.0014901382382959127, 'training/total_loss': 0.0015026181936264038, 'training/value_loss': 2.496000706742052e-05}
{'eval/num_episodes': 200, 'eval/num_steps': 200, 'eval/mean_score': np.float64(0.9), 'eval/std_score': np.float64(0.007), 'eval/mean_episode_length': np.float64(1.0), 'eval/std_episode_length': np.float64(0.0), 'eval/eval_time': 0.07618474960327148}
TRAINING END: training duration: 13.549897909164429
{'final_eval/num_episodes': 200, 'final_eval/num_steps': 200, 'final_eval/mean_score': np.float64(0.8999999761581421), 'final_eval/std_score': np.float64(0.0), 'final_eval/mean_episode_length': np.float64(1.0), 'final_eval/std_episode_length': np.float64(0.0)}
