|param: value|
|experiment_name:  cleanba_ppo|
|seed:  2|
|platform:  cpu|
|write_logs_to_file:  False|
|save_model:  False|
|env_name:  bandit|
|num_envs:  8|
|num_train_levels:  200|
|distribution_mode:  easy|
|arm_means:  (1.0, 0.9)|
|deterministic_rewards:  True|
|eval_env:  True|
|num_eval_episodes:  200|
|eval_every:  1|
|deterministic_eval:  False|
|total_timesteps:  60000|
|learning_rate:  0.00025|
|adam_eps:  1e-05|
|unroll_length:  250|
|anneal_lr:  False|
|gamma:  0.99|
|gae_lambda:  0.95|
|num_minibatches:  4|
|update_epochs:  4|
|normalize_advantages:  True|
|clip_eps:  0.1|
|clip_vloss:  True|
|entropy_cost:  0.0|
|vf_cost:  0.5|
|max_grad_norm:  0.5|
|use_cnn:  False|
|policy_hidden_layer_sizes:  ()|
|value_hidden_layer_sizes:  ()|
|activation:  <jax._src.custom_derivatives.custom_jvp object at 0x119d07890>|
|policy_init_logit_bias:  [0.0, 6.0]|
{'training/total_steps': 2000, 'training/updates': 1, 'training/sps': np.float64(2152.638), 'training/walltime': np.float64(0.929), 'training/rollout_time': np.float64(0.435), 'training/update_time': np.float64(0.494), 'training/approx_kl': 1.4069095755075978e-07, 'training/entropy': 0.017482725903391838, 'training/policy_loss': 0.4927765727043152, 'training/total_loss': 1.9916468858718872, 'training/value_loss': 2.9977407455444336}
{'eval/num_episodes': 200, 'eval/num_steps': 200, 'eval/mean_score': np.float64(0.9), 'eval/std_score': np.float64(0.0), 'eval/mean_episode_length': np.float64(1.0), 'eval/std_episode_length': np.float64(0.0), 'eval/eval_time': 0.07296895980834961}
{'training/total_steps': 4000, 'training/updates': 2, 'training/sps': np.float64(13194.178), 'training/walltime': np.float64(1.154), 'training/rollout_time': np.float64(0.144), 'training/update_time': np.float64(0.008), 'training/approx_kl': 1.958710100780081e-07, 'training/entropy': 0.017687713727355003, 'training/policy_loss': -0.0006147040985524654, 'training/total_loss': 1.4886037111282349, 'training/value_loss': 2.9784367084503174}
{'eval/num_episodes': 200, 'eval/num_steps': 200, 'eval/mean_score': np.float64(0.9), 'eval/std_score': np.float64(0.007), 'eval/mean_episode_length': np.float64(1.0), 'eval/std_episode_length': np.float64(0.0), 'eval/eval_time': 0.08019089698791504}
{'training/total_steps': 6000, 'training/updates': 3, 'training/sps': np.float64(13212.841), 'training/walltime': np.float64(1.386), 'training/rollout_time': np.float64(0.143), 'training/update_time': np.float64(0.008), 'training/approx_kl': 2.6947844844471547e-07, 'training/entropy': 0.017929987981915474, 'training/policy_loss': -0.0006277981447055936, 'training/total_loss': 1.478846788406372, 'training/value_loss': 2.958949089050293}
{'eval/num_episodes': 200, 'eval/num_steps': 200, 'eval/mean_score': np.float64(0.9), 'eval/std_score': np.float64(0.0), 'eval/mean_episode_length': np.float64(1.0), 'eval/std_episode_length': np.float64(0.0), 'eval/eval_time': 0.07468676567077637}
{'training/total_steps': 8000, 'training/updates': 4, 'training/sps': np.float64(13294.339), 'training/walltime': np.float64(1.611), 'training/rollout_time': np.float64(0.143), 'training/update_time': np.float64(0.008), 'training/approx_kl': 1.0731362465321581e-07, 'training/entropy': 0.018135961145162582, 'training/policy_loss': -0.0004342604079283774, 'training/total_loss': 1.4692022800445557, 'training/value_loss': 2.9392731189727783}
{'eval/num_episodes': 200, 'eval/num_steps': 200, 'eval/mean_score': np.float64(0.9), 'eval/std_score': np.float64(0.007), 'eval/mean_episode_length': np.float64(1.0), 'eval/std_episode_length': np.float64(0.0), 'eval/eval_time': 0.07578086853027344}
{'training/total_steps': 10000, 'training/updates': 5, 'training/sps': np.float64(13870.397), 'training/walltime': np.float64(1.832), 'training/rollout_time': np.float64(0.136), 'training/update_time': np.float64(0.008), 'training/approx_kl': 3.1818402135286306e-08, 'training/entropy': 0.018306028097867966, 'training/policy_loss': 0.49575358629226685, 'training/total_loss': 1.9555801153182983, 'training/value_loss': 2.9196534156799316}
{'eval/num_episodes': 200, 'eval/num_steps': 200, 'eval/mean_score': np.float64(0.9), 'eval/std_score': np.float64(0.007), 'eval/mean_episode_length': np.float64(1.0), 'eval/std_episode_length': np.float64(0.0), 'eval/eval_time': 0.07398080825805664}
{'training/total_steps': 12000, 'training/updates': 6, 'training/sps': np.float64(14049.293), 'training/walltime': np.float64(2.049), 'training/rollout_time': np.float64(0.134), 'training/update_time': np.float64(0.008), 'training/approx_kl': 3.279302234204806e-07, 'training/entropy': 0.01851825788617134, 'training/policy_loss': -0.000787608209066093, 'training/total_loss': 1.4498217105865479, 'training/value_loss': 2.9012186527252197}
{'eval/num_episodes': 200, 'eval/num_steps': 200, 'eval/mean_score': np.float64(0.9), 'eval/std_score': np.float64(0.0), 'eval/mean_episode_length': np.float64(1.0), 'eval/std_episode_length': np.float64(0.0), 'eval/eval_time': 0.07710623741149902}
{'training/total_steps': 14000, 'training/updates': 7, 'training/sps': np.float64(13330.613), 'training/walltime': np.float64(2.276), 'training/rollout_time': np.float64(0.142), 'training/update_time': np.float64(0.008), 'training/approx_kl': 2.067268383143528e-07, 'training/entropy': 0.018762655556201935, 'training/policy_loss': -0.0006173296715132892, 'training/total_loss': 1.4401334524154663, 'training/value_loss': 2.8815016746520996}
{'eval/num_episodes': 200, 'eval/num_steps': 200, 'eval/mean_score': np.float64(0.9), 'eval/std_score': np.float64(0.007), 'eval/mean_episode_length': np.float64(1.0), 'eval/std_episode_length': np.float64(0.0), 'eval/eval_time': 0.07746481895446777}
{'training/total_steps': 16000, 'training/updates': 8, 'training/sps': np.float64(13723.851), 'training/walltime': np.float64(2.5), 'training/rollout_time': np.float64(0.138), 'training/update_time': np.float64(0.008), 'training/approx_kl': 8.643559112897492e-08, 'training/entropy': 0.018965043127536774, 'training/policy_loss': 0.24453338980674744, 'training/total_loss': 1.6756362915039062, 'training/value_loss': 2.862205982208252}
{'eval/num_episodes': 200, 'eval/num_steps': 200, 'eval/mean_score': np.float64(0.9), 'eval/std_score': np.float64(0.0), 'eval/mean_episode_length': np.float64(1.0), 'eval/std_episode_length': np.float64(0.0), 'eval/eval_time': 0.0763099193572998}
{'training/total_steps': 18000, 'training/updates': 9, 'training/sps': np.float64(13705.935), 'training/walltime': np.float64(2.722), 'training/rollout_time': np.float64(0.138), 'training/update_time': np.float64(0.008), 'training/approx_kl': 9.141746204477386e-08, 'training/entropy': 0.01916472613811493, 'training/policy_loss': 0.24625428020954132, 'training/total_loss': 1.6678009033203125, 'training/value_loss': 2.8430933952331543}
{'eval/num_episodes': 200, 'eval/num_steps': 200, 'eval/mean_score': np.float64(0.9), 'eval/std_score': np.float64(0.0), 'eval/mean_episode_length': np.float64(1.0), 'eval/std_episode_length': np.float64(0.0), 'eval/eval_time': 0.07615470886230469}
{'training/total_steps': 20000, 'training/updates': 10, 'training/sps': np.float64(13777.61), 'training/walltime': np.float64(2.944), 'training/rollout_time': np.float64(0.137), 'training/update_time': np.float64(0.008), 'training/approx_kl': 3.2078091294351907e-07, 'training/entropy': 0.01941101625561714, 'training/policy_loss': -0.0007632618071511388, 'training/total_loss': 1.4114446640014648, 'training/value_loss': 2.824415683746338}
{'eval/num_episodes': 200, 'eval/num_steps': 200, 'eval/mean_score': np.float64(0.901), 'eval/std_score': np.float64(0.01), 'eval/mean_episode_length': np.float64(1.0), 'eval/std_episode_length': np.float64(0.0), 'eval/eval_time': 0.07385087013244629}
{'training/total_steps': 22000, 'training/updates': 11, 'training/sps': np.float64(13617.384), 'training/walltime': np.float64(3.165), 'training/rollout_time': np.float64(0.137), 'training/update_time': np.float64(0.009), 'training/approx_kl': 1.7644418903728365e-07, 'training/entropy': 0.019656699150800705, 'training/policy_loss': 0.24619577825069427, 'training/total_loss': 1.6487338542938232, 'training/value_loss': 2.8050761222839355}
{'eval/num_episodes': 200, 'eval/num_steps': 200, 'eval/mean_score': np.float64(0.9), 'eval/std_score': np.float64(0.0), 'eval/mean_episode_length': np.float64(1.0), 'eval/std_episode_length': np.float64(0.0), 'eval/eval_time': 0.07375717163085938}
{'training/total_steps': 24000, 'training/updates': 12, 'training/sps': np.float64(13462.116), 'training/walltime': np.float64(3.388), 'training/rollout_time': np.float64(0.14), 'training/update_time': np.float64(0.008), 'training/approx_kl': 2.474540679031634e-07, 'training/entropy': 0.019896363839507103, 'training/policy_loss': 0.24432434141635895, 'training/total_loss': 1.6375250816345215, 'training/value_loss': 2.7864017486572266}
{'eval/num_episodes': 200, 'eval/num_steps': 200, 'eval/mean_score': np.float64(0.902), 'eval/std_score': np.float64(0.014), 'eval/mean_episode_length': np.float64(1.0), 'eval/std_episode_length': np.float64(0.0), 'eval/eval_time': 0.07598495483398438}
{'training/total_steps': 26000, 'training/updates': 13, 'training/sps': np.float64(13456.674), 'training/walltime': np.float64(3.612), 'training/rollout_time': np.float64(0.141), 'training/update_time': np.float64(0.008), 'training/approx_kl': 1.1015124812274735e-07, 'training/entropy': 0.020125137642025948, 'training/policy_loss': 0.4894292950630188, 'training/total_loss': 1.8730229139328003, 'training/value_loss': 2.7671873569488525}
{'eval/num_episodes': 200, 'eval/num_steps': 200, 'eval/mean_score': np.float64(0.9), 'eval/std_score': np.float64(0.0), 'eval/mean_episode_length': np.float64(1.0), 'eval/std_episode_length': np.float64(0.0), 'eval/eval_time': 0.0750429630279541}
{'training/total_steps': 28000, 'training/updates': 14, 'training/sps': np.float64(13857.909), 'training/walltime': np.float64(3.832), 'training/rollout_time': np.float64(0.136), 'training/update_time': np.float64(0.008), 'training/approx_kl': 7.822725933692709e-08, 'training/entropy': 0.020318299531936646, 'training/policy_loss': -0.24699115753173828, 'training/total_loss': 1.127265214920044, 'training/value_loss': 2.7485127449035645}
{'eval/num_episodes': 200, 'eval/num_steps': 200, 'eval/mean_score': np.float64(0.9), 'eval/std_score': np.float64(0.007), 'eval/mean_episode_length': np.float64(1.0), 'eval/std_episode_length': np.float64(0.0), 'eval/eval_time': 0.07568097114562988}
{'training/total_steps': 30000, 'training/updates': 15, 'training/sps': np.float64(13986.421), 'training/walltime': np.float64(4.051), 'training/rollout_time': np.float64(0.135), 'training/update_time': np.float64(0.008), 'training/approx_kl': 2.1689805507207893e-08, 'training/entropy': 0.020487584173679352, 'training/policy_loss': -0.49507269263267517, 'training/total_loss': 0.8696972727775574, 'training/value_loss': 2.7295398712158203}
{'eval/num_episodes': 200, 'eval/num_steps': 200, 'eval/mean_score': np.float64(0.9), 'eval/std_score': np.float64(0.0), 'eval/mean_episode_length': np.float64(1.0), 'eval/std_episode_length': np.float64(0.0), 'eval/eval_time': 0.1393120288848877}
{'training/total_steps': 32000, 'training/updates': 16, 'training/sps': np.float64(12751.454), 'training/walltime': np.float64(4.348), 'training/rollout_time': np.float64(0.149), 'training/update_time': np.float64(0.008), 'training/approx_kl': 3.63422913096656e-07, 'training/entropy': 0.02072197198867798, 'training/policy_loss': -0.24062852561473846, 'training/total_loss': 1.1152901649475098, 'training/value_loss': 2.7118375301361084}
{'eval/num_episodes': 200, 'eval/num_steps': 200, 'eval/mean_score': np.float64(0.9), 'eval/std_score': np.float64(0.0), 'eval/mean_episode_length': np.float64(1.0), 'eval/std_episode_length': np.float64(0.0), 'eval/eval_time': 0.07609987258911133}
{'training/total_steps': 34000, 'training/updates': 17, 'training/sps': np.float64(13553.447), 'training/walltime': np.float64(4.572), 'training/rollout_time': np.float64(0.139), 'training/update_time': np.float64(0.008), 'training/approx_kl': 3.092736164944654e-07, 'training/entropy': 0.021029004827141762, 'training/policy_loss': -0.000910423812456429, 'training/total_loss': 1.3454811573028564, 'training/value_loss': 2.6927831172943115}
{'eval/num_episodes': 200, 'eval/num_steps': 200, 'eval/mean_score': np.float64(0.9), 'eval/std_score': np.float64(0.007), 'eval/mean_episode_length': np.float64(1.0), 'eval/std_episode_length': np.float64(0.0), 'eval/eval_time': 0.07896924018859863}
{'training/total_steps': 36000, 'training/updates': 18, 'training/sps': np.float64(13465.941), 'training/walltime': np.float64(4.8), 'training/rollout_time': np.float64(0.141), 'training/update_time': np.float64(0.008), 'training/approx_kl': 6.001257588650333e-07, 'training/entropy': 0.021352550014853477, 'training/policy_loss': 0.24399299919605255, 'training/total_loss': 1.5813039541244507, 'training/value_loss': 2.67462158203125}
{'eval/num_episodes': 200, 'eval/num_steps': 200, 'eval/mean_score': np.float64(0.9), 'eval/std_score': np.float64(0.007), 'eval/mean_episode_length': np.float64(1.0), 'eval/std_episode_length': np.float64(0.0), 'eval/eval_time': 0.07636022567749023}
{'training/total_steps': 38000, 'training/updates': 19, 'training/sps': np.float64(12408.633), 'training/walltime': np.float64(5.038), 'training/rollout_time': np.float64(0.151), 'training/update_time': np.float64(0.01), 'training/approx_kl': 1.5050440538288967e-07, 'training/entropy': 0.02164384350180626, 'training/policy_loss': -0.00048657276784069836, 'training/total_loss': 1.327301263809204, 'training/value_loss': 2.655575752258301}
{'eval/num_episodes': 200, 'eval/num_steps': 200, 'eval/mean_score': np.float64(0.9), 'eval/std_score': np.float64(0.0), 'eval/mean_episode_length': np.float64(1.0), 'eval/std_episode_length': np.float64(0.0), 'eval/eval_time': 0.08035612106323242}
{'training/total_steps': 40000, 'training/updates': 20, 'training/sps': np.float64(12852.893), 'training/walltime': np.float64(5.274), 'training/rollout_time': np.float64(0.147), 'training/update_time': np.float64(0.008), 'training/approx_kl': 2.0012819845760532e-07, 'training/entropy': 0.0218962449580431, 'training/policy_loss': -0.24050714075565338, 'training/total_loss': 1.0781975984573364, 'training/value_loss': 2.6374094486236572}
{'eval/num_episodes': 200, 'eval/num_steps': 200, 'eval/mean_score': np.float64(0.9), 'eval/std_score': np.float64(0.0), 'eval/mean_episode_length': np.float64(1.0), 'eval/std_episode_length': np.float64(0.0), 'eval/eval_time': 0.07708597183227539}
{'training/total_steps': 42000, 'training/updates': 21, 'training/sps': np.float64(13902.096), 'training/walltime': np.float64(5.495), 'training/rollout_time': np.float64(0.136), 'training/update_time': np.float64(0.008), 'training/approx_kl': 1.5927945185012504e-08, 'training/entropy': 0.022089436650276184, 'training/policy_loss': 0.7421694397926331, 'training/total_loss': 2.0514075756073, 'training/value_loss': 2.618476390838623}
{'eval/num_episodes': 200, 'eval/num_steps': 200, 'eval/mean_score': np.float64(0.9), 'eval/std_score': np.float64(0.0), 'eval/mean_episode_length': np.float64(1.0), 'eval/std_episode_length': np.float64(0.0), 'eval/eval_time': 0.07423090934753418}
{'training/total_steps': 44000, 'training/updates': 22, 'training/sps': np.float64(13668.372), 'training/walltime': np.float64(5.716), 'training/rollout_time': np.float64(0.138), 'training/update_time': np.float64(0.008), 'training/approx_kl': 1.1174998348906229e-07, 'training/entropy': 0.022281289100646973, 'training/policy_loss': 0.24454110860824585, 'training/total_loss': 1.5449296236038208, 'training/value_loss': 2.6007766723632812}
{'eval/num_episodes': 200, 'eval/num_steps': 200, 'eval/mean_score': np.float64(0.901), 'eval/std_score': np.float64(0.01), 'eval/mean_episode_length': np.float64(1.0), 'eval/std_episode_length': np.float64(0.0), 'eval/eval_time': 0.07637381553649902}
{'training/total_steps': 46000, 'training/updates': 23, 'training/sps': np.float64(13697.677), 'training/walltime': np.float64(5.939), 'training/rollout_time': np.float64(0.138), 'training/update_time': np.float64(0.008), 'training/approx_kl': 4.1615814438955567e-07, 'training/entropy': 0.02257656678557396, 'training/policy_loss': -0.0007921390933915973, 'training/total_loss': 1.2906701564788818, 'training/value_loss': 2.5829248428344727}
{'eval/num_episodes': 200, 'eval/num_steps': 200, 'eval/mean_score': np.float64(0.9), 'eval/std_score': np.float64(0.0), 'eval/mean_episode_length': np.float64(1.0), 'eval/std_episode_length': np.float64(0.0), 'eval/eval_time': 0.08050203323364258}
{'training/total_steps': 48000, 'training/updates': 24, 'training/sps': np.float64(9700.011), 'training/walltime': np.float64(6.226), 'training/rollout_time': np.float64(0.195), 'training/update_time': np.float64(0.011), 'training/approx_kl': 6.264176022341417e-07, 'training/entropy': 0.022952884435653687, 'training/policy_loss': -0.0011753924190998077, 'training/total_loss': 1.2812247276306152, 'training/value_loss': 2.5648000240325928}
{'eval/num_episodes': 200, 'eval/num_steps': 200, 'eval/mean_score': np.float64(0.9), 'eval/std_score': np.float64(0.0), 'eval/mean_episode_length': np.float64(1.0), 'eval/std_episode_length': np.float64(0.0), 'eval/eval_time': 0.07733917236328125}
{'training/total_steps': 50000, 'training/updates': 25, 'training/sps': np.float64(13632.055), 'training/walltime': np.float64(6.451), 'training/rollout_time': np.float64(0.139), 'training/update_time': np.float64(0.008), 'training/approx_kl': 4.631901617813128e-07, 'training/entropy': 0.0233177337795496, 'training/policy_loss': -0.24742171168327332, 'training/total_loss': 1.0258303880691528, 'training/value_loss': 2.546504020690918}
{'eval/num_episodes': 200, 'eval/num_steps': 200, 'eval/mean_score': np.float64(0.9), 'eval/std_score': np.float64(0.0), 'eval/mean_episode_length': np.float64(1.0), 'eval/std_episode_length': np.float64(0.0), 'eval/eval_time': 0.07554197311401367}
{'training/total_steps': 52000, 'training/updates': 26, 'training/sps': np.float64(13150.535), 'training/walltime': np.float64(6.679), 'training/rollout_time': np.float64(0.144), 'training/update_time': np.float64(0.008), 'training/approx_kl': 4.942354436821006e-08, 'training/entropy': 0.023567186668515205, 'training/policy_loss': -0.0002308101684320718, 'training/total_loss': 1.2637231349945068, 'training/value_loss': 2.5279078483581543}
{'eval/num_episodes': 200, 'eval/num_steps': 200, 'eval/mean_score': np.float64(0.9), 'eval/std_score': np.float64(0.007), 'eval/mean_episode_length': np.float64(1.0), 'eval/std_episode_length': np.float64(0.0), 'eval/eval_time': 0.08545899391174316}
{'training/total_steps': 54000, 'training/updates': 27, 'training/sps': np.float64(13571.647), 'training/walltime': np.float64(6.912), 'training/rollout_time': np.float64(0.139), 'training/update_time': np.float64(0.008), 'training/approx_kl': 2.8277318619984726e-07, 'training/entropy': 0.023831190541386604, 'training/policy_loss': -0.0006551105761900544, 'training/total_loss': 1.2546652555465698, 'training/value_loss': 2.5106406211853027}
{'eval/num_episodes': 200, 'eval/num_steps': 200, 'eval/mean_score': np.float64(0.9), 'eval/std_score': np.float64(0.007), 'eval/mean_episode_length': np.float64(1.0), 'eval/std_episode_length': np.float64(0.0), 'eval/eval_time': 0.08339905738830566}
{'training/total_steps': 56000, 'training/updates': 28, 'training/sps': np.float64(13555.9), 'training/walltime': np.float64(7.143), 'training/rollout_time': np.float64(0.14), 'training/update_time': np.float64(0.008), 'training/approx_kl': 2.6323425572627457e-07, 'training/entropy': 0.02414781227707863, 'training/policy_loss': -0.0007644090801477432, 'training/total_loss': 1.2455002069473267, 'training/value_loss': 2.4925291538238525}
{'eval/num_episodes': 200, 'eval/num_steps': 200, 'eval/mean_score': np.float64(0.901), 'eval/std_score': np.float64(0.01), 'eval/mean_episode_length': np.float64(1.0), 'eval/std_episode_length': np.float64(0.0), 'eval/eval_time': 0.07659387588500977}
{'training/total_steps': 58000, 'training/updates': 29, 'training/sps': np.float64(13669.241), 'training/walltime': np.float64(7.366), 'training/rollout_time': np.float64(0.138), 'training/update_time': np.float64(0.008), 'training/approx_kl': 5.259030899651407e-07, 'training/entropy': 0.024497302249073982, 'training/policy_loss': -0.0009986159857362509, 'training/total_loss': 1.23652982711792, 'training/value_loss': 2.4750568866729736}
{'eval/num_episodes': 200, 'eval/num_steps': 200, 'eval/mean_score': np.float64(0.9), 'eval/std_score': np.float64(0.0), 'eval/mean_episode_length': np.float64(1.0), 'eval/std_episode_length': np.float64(0.0), 'eval/eval_time': 0.07852792739868164}
{'training/total_steps': 60000, 'training/updates': 30, 'training/sps': np.float64(13501.746), 'training/walltime': np.float64(7.593), 'training/rollout_time': np.float64(0.14), 'training/update_time': np.float64(0.008), 'training/approx_kl': 3.932925380922825e-07, 'training/entropy': 0.02486284263432026, 'training/policy_loss': -0.24071307480335236, 'training/total_loss': 0.9878278970718384, 'training/value_loss': 2.4570820331573486}
{'eval/num_episodes': 200, 'eval/num_steps': 200, 'eval/mean_score': np.float64(0.901), 'eval/std_score': np.float64(0.01), 'eval/mean_episode_length': np.float64(1.0), 'eval/std_episode_length': np.float64(0.0), 'eval/eval_time': 0.07488727569580078}
TRAINING END: training duration: 7.668592929840088
{'final_eval/num_episodes': 200, 'final_eval/num_steps': 200, 'final_eval/mean_score': np.float64(0.8999999761581421), 'final_eval/std_score': np.float64(0.0), 'final_eval/mean_episode_length': np.float64(1.0), 'final_eval/std_episode_length': np.float64(0.0)}
