|param: value|
|experiment_name:  trpo_procgen|
|seed:  2|
|platform:  cpu|
|write_logs_to_file:  False|
|save_model:  False|
|env_name:  bandit|
|num_envs:  8|
|num_train_levels:  200|
|distribution_mode:  easy|
|arm_means:  (1.0, 0.9)|
|deterministic_rewards:  True|
|eval_env:  True|
|num_eval_episodes:  200|
|eval_every:  1|
|deterministic_eval:  False|
|normalize_observations:  True|
|total_timesteps:  60000|
|learning_rate:  0.01|
|unroll_length:  250|
|anneal_lr:  False|
|gamma:  0.99|
|gae_lambda:  0.95|
|batch_size:  1|
|num_minibatches:  8|
|update_epochs:  10|
|normalize_advantages:  True|
|target_kl:  0.01|
|cg_damping:  0.1|
|cg_max_iterations:  10|
|line_search_max_iter:  10|
|line_search_shrinking_factor:  0.8|
|vf_cost:  1.0|
|max_grad_norm:  0.5|
|reward_scaling:  1.0|
|use_cnn:  False|
|policy_hidden_layer_sizes:  ()|
|value_hidden_layer_sizes:  ()|
|activation:  <jax._src.custom_derivatives.custom_jvp object at 0x119d07890>|
|policy_init_logit_bias:  [0.0, 6.0]|
|entropy_cost:  0.0|
{'training/total_steps': 2000, 'training/updates': 1, 'training/sps': np.float64(1323.259), 'training/walltime': np.float64(1.511), 'training/rollout_time': np.float64(0.122), 'training/update_time': np.float64(1.389), 'training/iterations': 1.0, 'training/kl_div': 0.0010245268931612372, 'training/line_search_success': 1.0, 'training/new_policy_objective': 0.4908241629600525, 'training/policy_objective': 0.45094719529151917, 'training/value_loss': 0.13630825281143188}
{'eval/num_episodes': 200, 'eval/num_steps': 200, 'eval/mean_score': np.float64(0.9), 'eval/std_score': np.float64(0.0), 'eval/mean_episode_length': np.float64(1.0), 'eval/std_episode_length': np.float64(0.0), 'eval/eval_time': 0.07484889030456543}
{'training/total_steps': 4000, 'training/updates': 2, 'training/sps': np.float64(19623.806), 'training/walltime': np.float64(1.707), 'training/rollout_time': np.float64(0.098), 'training/update_time': np.float64(0.004), 'training/iterations': 1.0, 'training/kl_div': 0.0004778265720233321, 'training/line_search_success': 1.0, 'training/new_policy_objective': 0.1259569674730301, 'training/policy_objective': 0.11320661008358002, 'training/value_loss': 7.457880565198138e-05}
{'eval/num_episodes': 200, 'eval/num_steps': 200, 'eval/mean_score': np.float64(0.9), 'eval/std_score': np.float64(0.0), 'eval/mean_episode_length': np.float64(1.0), 'eval/std_episode_length': np.float64(0.0), 'eval/eval_time': 0.07624006271362305}
{'training/total_steps': 6000, 'training/updates': 3, 'training/sps': np.float64(19268.963), 'training/walltime': np.float64(1.888), 'training/rollout_time': np.float64(0.101), 'training/update_time': np.float64(0.003), 'training/iterations': 1.0, 'training/kl_div': 0.005066919140517712, 'training/line_search_success': 1.0, 'training/new_policy_objective': 0.5810374021530151, 'training/policy_objective': 0.3039265275001526, 'training/value_loss': 1.9925699234590866e-05}
{'eval/num_episodes': 200, 'eval/num_steps': 200, 'eval/mean_score': np.float64(0.907), 'eval/std_score': np.float64(0.026), 'eval/mean_episode_length': np.float64(1.0), 'eval/std_episode_length': np.float64(0.0), 'eval/eval_time': 0.0739908218383789}
{'training/total_steps': 8000, 'training/updates': 4, 'training/sps': np.float64(18270.7), 'training/walltime': np.float64(2.072), 'training/rollout_time': np.float64(0.106), 'training/update_time': np.float64(0.003), 'training/iterations': 1.0, 'training/kl_div': 0.00900052860379219, 'training/line_search_success': 1.0, 'training/new_policy_objective': 0.9350727200508118, 'training/policy_objective': 0.705932080745697, 'training/value_loss': 0.00029029560391791165}
{'eval/num_episodes': 200, 'eval/num_steps': 200, 'eval/mean_score': np.float64(0.951), 'eval/std_score': np.float64(0.05), 'eval/mean_episode_length': np.float64(1.0), 'eval/std_episode_length': np.float64(0.0), 'eval/eval_time': 0.08675193786621094}
{'training/total_steps': 10000, 'training/updates': 5, 'training/sps': np.float64(19100.397), 'training/walltime': np.float64(2.264), 'training/rollout_time': np.float64(0.101), 'training/update_time': np.float64(0.003), 'training/iterations': 1.0, 'training/kl_div': 0.008266676217317581, 'training/line_search_success': 1.0, 'training/new_policy_objective': 0.5226261615753174, 'training/policy_objective': 0.41832423210144043, 'training/value_loss': 0.0013496223837137222}
{'eval/num_episodes': 200, 'eval/num_steps': 200, 'eval/mean_score': np.float64(0.993), 'eval/std_score': np.float64(0.025), 'eval/mean_episode_length': np.float64(1.0), 'eval/std_episode_length': np.float64(0.0), 'eval/eval_time': 0.07488059997558594}
{'training/total_steps': 12000, 'training/updates': 6, 'training/sps': np.float64(19774.752), 'training/walltime': np.float64(2.441), 'training/rollout_time': np.float64(0.098), 'training/update_time': np.float64(0.004), 'training/iterations': 1.0, 'training/kl_div': 0.002716147806495428, 'training/line_search_success': 1.0, 'training/new_policy_objective': 0.23017452657222748, 'training/policy_objective': 0.19664651155471802, 'training/value_loss': 0.0004153789486736059}
{'eval/num_episodes': 200, 'eval/num_steps': 200, 'eval/mean_score': np.float64(1.0), 'eval/std_score': np.float64(0.0), 'eval/mean_episode_length': np.float64(1.0), 'eval/std_episode_length': np.float64(0.0), 'eval/eval_time': 0.07453393936157227}
{'training/total_steps': 14000, 'training/updates': 7, 'training/sps': np.float64(19072.3), 'training/walltime': np.float64(2.62), 'training/rollout_time': np.float64(0.102), 'training/update_time': np.float64(0.003), 'training/iterations': 1.0, 'training/kl_div': 0.003173024393618107, 'training/line_search_success': 1.0, 'training/new_policy_objective': -0.04333557188510895, 'training/policy_objective': -0.04384222999215126, 'training/value_loss': 2.3998190954444e-06}
{'eval/num_episodes': 200, 'eval/num_steps': 200, 'eval/mean_score': np.float64(0.993), 'eval/std_score': np.float64(0.026), 'eval/mean_episode_length': np.float64(1.0), 'eval/std_episode_length': np.float64(0.0), 'eval/eval_time': 0.07363295555114746}
{'training/total_steps': 16000, 'training/updates': 8, 'training/sps': np.float64(19110.797), 'training/walltime': np.float64(2.799), 'training/rollout_time': np.float64(0.101), 'training/update_time': np.float64(0.003), 'training/iterations': 1.0, 'training/kl_div': 0.003332730382680893, 'training/line_search_success': 1.0, 'training/new_policy_objective': 0.2464098483324051, 'training/policy_objective': 0.20868468284606934, 'training/value_loss': 0.0003941396716982126}
{'eval/num_episodes': 200, 'eval/num_steps': 200, 'eval/mean_score': np.float64(1.0), 'eval/std_score': np.float64(0.0), 'eval/mean_episode_length': np.float64(1.0), 'eval/std_episode_length': np.float64(0.0), 'eval/eval_time': 0.07588601112365723}
{'training/total_steps': 18000, 'training/updates': 9, 'training/sps': np.float64(14506.336), 'training/walltime': np.float64(3.014), 'training/rollout_time': np.float64(0.134), 'training/update_time': np.float64(0.004), 'training/iterations': 1.0, 'training/kl_div': nan, 'training/line_search_success': 0.0, 'training/new_policy_objective': nan, 'training/policy_objective': 0.0, 'training/value_loss': 3.009243300766684e-06}
{'eval/num_episodes': 200, 'eval/num_steps': 200, 'eval/mean_score': np.float64(1.0), 'eval/std_score': np.float64(0.0), 'eval/mean_episode_length': np.float64(1.0), 'eval/std_episode_length': np.float64(0.0), 'eval/eval_time': 0.07474684715270996}
{'training/total_steps': 20000, 'training/updates': 10, 'training/sps': np.float64(18857.034), 'training/walltime': np.float64(3.195), 'training/rollout_time': np.float64(0.103), 'training/update_time': np.float64(0.003), 'training/iterations': 1.0, 'training/kl_div': nan, 'training/line_search_success': 0.125, 'training/new_policy_objective': nan, 'training/policy_objective': 3.814697446813398e-09, 'training/value_loss': 2.4993780698423507e-06}
{'eval/num_episodes': 200, 'eval/num_steps': 200, 'eval/mean_score': np.float64(1.0), 'eval/std_score': np.float64(0.0), 'eval/mean_episode_length': np.float64(1.0), 'eval/std_episode_length': np.float64(0.0), 'eval/eval_time': 0.08031582832336426}
{'training/total_steps': 22000, 'training/updates': 11, 'training/sps': np.float64(18554.434), 'training/walltime': np.float64(3.384), 'training/rollout_time': np.float64(0.104), 'training/update_time': np.float64(0.003), 'training/iterations': 1.0, 'training/kl_div': nan, 'training/line_search_success': 0.125, 'training/new_policy_objective': nan, 'training/policy_objective': 7.629394893626795e-09, 'training/value_loss': 2.499687525414629e-06}
{'eval/num_episodes': 200, 'eval/num_steps': 200, 'eval/mean_score': np.float64(1.0), 'eval/std_score': np.float64(0.0), 'eval/mean_episode_length': np.float64(1.0), 'eval/std_episode_length': np.float64(0.0), 'eval/eval_time': 0.07702994346618652}
{'training/total_steps': 24000, 'training/updates': 12, 'training/sps': np.float64(18961.977), 'training/walltime': np.float64(3.567), 'training/rollout_time': np.float64(0.102), 'training/update_time': np.float64(0.003), 'training/iterations': 1.0, 'training/kl_div': nan, 'training/line_search_success': 0.0, 'training/new_policy_objective': nan, 'training/policy_objective': 0.0, 'training/value_loss': 1.5609831482965575e-10}
{'eval/num_episodes': 200, 'eval/num_steps': 200, 'eval/mean_score': np.float64(1.0), 'eval/std_score': np.float64(0.0), 'eval/mean_episode_length': np.float64(1.0), 'eval/std_episode_length': np.float64(0.0), 'eval/eval_time': 0.07449007034301758}
{'training/total_steps': 26000, 'training/updates': 13, 'training/sps': np.float64(19157.497), 'training/walltime': np.float64(3.746), 'training/rollout_time': np.float64(0.101), 'training/update_time': np.float64(0.003), 'training/iterations': 1.0, 'training/kl_div': 0.0019405079074203968, 'training/line_search_success': 1.0, 'training/new_policy_objective': -5.613233952317387e-06, 'training/policy_objective': -5.648448222927982e-06, 'training/value_loss': 2.6867397195928788e-14}
{'eval/num_episodes': 200, 'eval/num_steps': 200, 'eval/mean_score': np.float64(0.993), 'eval/std_score': np.float64(0.026), 'eval/mean_episode_length': np.float64(1.0), 'eval/std_episode_length': np.float64(0.0), 'eval/eval_time': 0.07361698150634766}
{'training/total_steps': 28000, 'training/updates': 14, 'training/sps': np.float64(19023.512), 'training/walltime': np.float64(3.925), 'training/rollout_time': np.float64(0.102), 'training/update_time': np.float64(0.003), 'training/iterations': 1.0, 'training/kl_div': 0.002126030856743455, 'training/line_search_success': 1.0, 'training/new_policy_objective': 0.18433955311775208, 'training/policy_objective': 0.15600915253162384, 'training/value_loss': 0.00022491892741527408}
{'eval/num_episodes': 200, 'eval/num_steps': 200, 'eval/mean_score': np.float64(1.0), 'eval/std_score': np.float64(0.0), 'eval/mean_episode_length': np.float64(1.0), 'eval/std_episode_length': np.float64(0.0), 'eval/eval_time': 0.07588505744934082}
{'training/total_steps': 30000, 'training/updates': 15, 'training/sps': np.float64(19251.893), 'training/walltime': np.float64(4.105), 'training/rollout_time': np.float64(0.101), 'training/update_time': np.float64(0.003), 'training/iterations': 1.0, 'training/kl_div': nan, 'training/line_search_success': 0.0, 'training/new_policy_objective': nan, 'training/policy_objective': 0.0, 'training/value_loss': 8.767148074184661e-07}
{'eval/num_episodes': 200, 'eval/num_steps': 200, 'eval/mean_score': np.float64(1.0), 'eval/std_score': np.float64(0.0), 'eval/mean_episode_length': np.float64(1.0), 'eval/std_episode_length': np.float64(0.0), 'eval/eval_time': 0.07436895370483398}
{'training/total_steps': 32000, 'training/updates': 16, 'training/sps': np.float64(19713.734), 'training/walltime': np.float64(4.282), 'training/rollout_time': np.float64(0.098), 'training/update_time': np.float64(0.003), 'training/iterations': 1.0, 'training/kl_div': nan, 'training/line_search_success': 0.0, 'training/new_policy_objective': nan, 'training/policy_objective': 0.0, 'training/value_loss': 1.9054198496792907e-10}
{'eval/num_episodes': 200, 'eval/num_steps': 200, 'eval/mean_score': np.float64(1.0), 'eval/std_score': np.float64(0.0), 'eval/mean_episode_length': np.float64(1.0), 'eval/std_episode_length': np.float64(0.0), 'eval/eval_time': 0.07460379600524902}
{'training/total_steps': 34000, 'training/updates': 17, 'training/sps': np.float64(16928.694), 'training/walltime': np.float64(4.475), 'training/rollout_time': np.float64(0.11), 'training/update_time': np.float64(0.008), 'training/iterations': 1.0, 'training/kl_div': nan, 'training/line_search_success': 0.0, 'training/new_policy_objective': nan, 'training/policy_objective': 0.0, 'training/value_loss': 3.4905411216588564e-14}
{'eval/num_episodes': 200, 'eval/num_steps': 200, 'eval/mean_score': np.float64(1.0), 'eval/std_score': np.float64(0.0), 'eval/mean_episode_length': np.float64(1.0), 'eval/std_episode_length': np.float64(0.0), 'eval/eval_time': 0.15620875358581543}
{'training/total_steps': 36000, 'training/updates': 18, 'training/sps': np.float64(19574.626), 'training/walltime': np.float64(4.734), 'training/rollout_time': np.float64(0.099), 'training/update_time': np.float64(0.003), 'training/iterations': 1.0, 'training/kl_div': nan, 'training/line_search_success': 0.0, 'training/new_policy_objective': nan, 'training/policy_objective': 0.0, 'training/value_loss': 0.0}
{'eval/num_episodes': 200, 'eval/num_steps': 200, 'eval/mean_score': np.float64(1.0), 'eval/std_score': np.float64(0.0), 'eval/mean_episode_length': np.float64(1.0), 'eval/std_episode_length': np.float64(0.0), 'eval/eval_time': 0.07340812683105469}
{'training/total_steps': 38000, 'training/updates': 19, 'training/sps': np.float64(19507.846), 'training/walltime': np.float64(4.91), 'training/rollout_time': np.float64(0.099), 'training/update_time': np.float64(0.003), 'training/iterations': 1.0, 'training/kl_div': nan, 'training/line_search_success': 0.0, 'training/new_policy_objective': nan, 'training/policy_objective': 0.0, 'training/value_loss': 0.0}
{'eval/num_episodes': 200, 'eval/num_steps': 200, 'eval/mean_score': np.float64(1.0), 'eval/std_score': np.float64(0.0), 'eval/mean_episode_length': np.float64(1.0), 'eval/std_episode_length': np.float64(0.0), 'eval/eval_time': 0.07352232933044434}
{'training/total_steps': 40000, 'training/updates': 20, 'training/sps': np.float64(18870.311), 'training/walltime': np.float64(5.09), 'training/rollout_time': np.float64(0.103), 'training/update_time': np.float64(0.003), 'training/iterations': 1.0, 'training/kl_div': nan, 'training/line_search_success': 0.0, 'training/new_policy_objective': nan, 'training/policy_objective': 0.0, 'training/value_loss': 0.0}
{'eval/num_episodes': 200, 'eval/num_steps': 200, 'eval/mean_score': np.float64(1.0), 'eval/std_score': np.float64(0.0), 'eval/mean_episode_length': np.float64(1.0), 'eval/std_episode_length': np.float64(0.0), 'eval/eval_time': 0.07637977600097656}
{'training/total_steps': 42000, 'training/updates': 21, 'training/sps': np.float64(19527.009), 'training/walltime': np.float64(5.269), 'training/rollout_time': np.float64(0.099), 'training/update_time': np.float64(0.003), 'training/iterations': 1.0, 'training/kl_div': nan, 'training/line_search_success': 0.125, 'training/new_policy_objective': nan, 'training/policy_objective': 2.8610229740877458e-09, 'training/value_loss': 2.5007057047332637e-06}
{'eval/num_episodes': 200, 'eval/num_steps': 200, 'eval/mean_score': np.float64(1.0), 'eval/std_score': np.float64(0.0), 'eval/mean_episode_length': np.float64(1.0), 'eval/std_episode_length': np.float64(0.0), 'eval/eval_time': 0.07520699501037598}
{'training/total_steps': 44000, 'training/updates': 22, 'training/sps': np.float64(19584.04), 'training/walltime': np.float64(5.447), 'training/rollout_time': np.float64(0.099), 'training/update_time': np.float64(0.003), 'training/iterations': 1.0, 'training/kl_div': 3.1333404422184685e-06, 'training/line_search_success': 1.0, 'training/new_policy_objective': 1.136906666943105e-05, 'training/policy_objective': 1.1368996638339013e-05, 'training/value_loss': 9.612162454875062e-11}
{'eval/num_episodes': 200, 'eval/num_steps': 200, 'eval/mean_score': np.float64(1.0), 'eval/std_score': np.float64(0.0), 'eval/mean_episode_length': np.float64(1.0), 'eval/std_episode_length': np.float64(0.0), 'eval/eval_time': 0.07723689079284668}
{'training/total_steps': 46000, 'training/updates': 23, 'training/sps': np.float64(19055.274), 'training/walltime': np.float64(5.63), 'training/rollout_time': np.float64(0.102), 'training/update_time': np.float64(0.003), 'training/iterations': 1.0, 'training/kl_div': nan, 'training/line_search_success': 0.0, 'training/new_policy_objective': nan, 'training/policy_objective': 0.0, 'training/value_loss': 2.4824587508244858e-14}
{'eval/num_episodes': 200, 'eval/num_steps': 200, 'eval/mean_score': np.float64(1.0), 'eval/std_score': np.float64(0.0), 'eval/mean_episode_length': np.float64(1.0), 'eval/std_episode_length': np.float64(0.0), 'eval/eval_time': 0.07573413848876953}
{'training/total_steps': 48000, 'training/updates': 24, 'training/sps': np.float64(18120.527), 'training/walltime': np.float64(5.817), 'training/rollout_time': np.float64(0.107), 'training/update_time': np.float64(0.003), 'training/iterations': 1.0, 'training/kl_div': nan, 'training/line_search_success': 0.0, 'training/new_policy_objective': nan, 'training/policy_objective': 0.0, 'training/value_loss': 0.0}
{'eval/num_episodes': 200, 'eval/num_steps': 200, 'eval/mean_score': np.float64(1.0), 'eval/std_score': np.float64(0.0), 'eval/mean_episode_length': np.float64(1.0), 'eval/std_episode_length': np.float64(0.0), 'eval/eval_time': 0.0831902027130127}
{'training/total_steps': 50000, 'training/updates': 25, 'training/sps': np.float64(19305.77), 'training/walltime': np.float64(6.004), 'training/rollout_time': np.float64(0.1), 'training/update_time': np.float64(0.003), 'training/iterations': 1.0, 'training/kl_div': nan, 'training/line_search_success': 0.0, 'training/new_policy_objective': nan, 'training/policy_objective': 0.0, 'training/value_loss': 0.0}
{'eval/num_episodes': 200, 'eval/num_steps': 200, 'eval/mean_score': np.float64(1.0), 'eval/std_score': np.float64(0.0), 'eval/mean_episode_length': np.float64(1.0), 'eval/std_episode_length': np.float64(0.0), 'eval/eval_time': 0.07563090324401855}
{'training/total_steps': 52000, 'training/updates': 26, 'training/sps': np.float64(19394.28), 'training/walltime': np.float64(6.183), 'training/rollout_time': np.float64(0.1), 'training/update_time': np.float64(0.003), 'training/iterations': 1.0, 'training/kl_div': nan, 'training/line_search_success': 0.0, 'training/new_policy_objective': nan, 'training/policy_objective': 0.0, 'training/value_loss': 0.0}
{'eval/num_episodes': 200, 'eval/num_steps': 200, 'eval/mean_score': np.float64(1.0), 'eval/std_score': np.float64(0.0), 'eval/mean_episode_length': np.float64(1.0), 'eval/std_episode_length': np.float64(0.0), 'eval/eval_time': 0.07444286346435547}
{'training/total_steps': 54000, 'training/updates': 27, 'training/sps': np.float64(18858.645), 'training/walltime': np.float64(6.364), 'training/rollout_time': np.float64(0.103), 'training/update_time': np.float64(0.003), 'training/iterations': 1.0, 'training/kl_div': nan, 'training/line_search_success': 0.0, 'training/new_policy_objective': nan, 'training/policy_objective': 0.0, 'training/value_loss': 0.0}
{'eval/num_episodes': 200, 'eval/num_steps': 200, 'eval/mean_score': np.float64(1.0), 'eval/std_score': np.float64(0.0), 'eval/mean_episode_length': np.float64(1.0), 'eval/std_episode_length': np.float64(0.0), 'eval/eval_time': 0.07965898513793945}
{'training/total_steps': 56000, 'training/updates': 28, 'training/sps': np.float64(18451.222), 'training/walltime': np.float64(6.553), 'training/rollout_time': np.float64(0.105), 'training/update_time': np.float64(0.003), 'training/iterations': 1.0, 'training/kl_div': nan, 'training/line_search_success': 0.0, 'training/new_policy_objective': nan, 'training/policy_objective': 0.0, 'training/value_loss': 0.0}
{'eval/num_episodes': 200, 'eval/num_steps': 200, 'eval/mean_score': np.float64(1.0), 'eval/std_score': np.float64(0.0), 'eval/mean_episode_length': np.float64(1.0), 'eval/std_episode_length': np.float64(0.0), 'eval/eval_time': 0.07421112060546875}
{'training/total_steps': 58000, 'training/updates': 29, 'training/sps': np.float64(16510.213), 'training/walltime': np.float64(6.748), 'training/rollout_time': np.float64(0.118), 'training/update_time': np.float64(0.003), 'training/iterations': 1.0, 'training/kl_div': nan, 'training/line_search_success': 0.0, 'training/new_policy_objective': nan, 'training/policy_objective': 0.0, 'training/value_loss': 0.0}
{'eval/num_episodes': 200, 'eval/num_steps': 200, 'eval/mean_score': np.float64(1.0), 'eval/std_score': np.float64(0.0), 'eval/mean_episode_length': np.float64(1.0), 'eval/std_episode_length': np.float64(0.0), 'eval/eval_time': 0.07549571990966797}
{'training/total_steps': 60000, 'training/updates': 30, 'training/sps': np.float64(19260.822), 'training/walltime': np.float64(6.928), 'training/rollout_time': np.float64(0.1), 'training/update_time': np.float64(0.003), 'training/iterations': 1.0, 'training/kl_div': nan, 'training/line_search_success': 0.0, 'training/new_policy_objective': nan, 'training/policy_objective': 0.0, 'training/value_loss': 0.0}
{'eval/num_episodes': 200, 'eval/num_steps': 200, 'eval/mean_score': np.float64(1.0), 'eval/std_score': np.float64(0.0), 'eval/mean_episode_length': np.float64(1.0), 'eval/std_episode_length': np.float64(0.0), 'eval/eval_time': 0.07492518424987793}
TRAINING END: training duration: 7.003612756729126
{'final_eval/num_episodes': 200, 'final_eval/num_steps': 200, 'final_eval/mean_score': np.float64(1.0), 'final_eval/std_score': np.float64(0.0), 'final_eval/mean_episode_length': np.float64(1.0), 'final_eval/std_episode_length': np.float64(0.0)}
