|param: value|
|experiment_name:  cleanba_ppo|
|seed:  4|
|platform:  cpu|
|write_logs_to_file:  False|
|save_model:  False|
|env_name:  bandit|
|num_envs:  8|
|num_train_levels:  200|
|distribution_mode:  easy|
|arm_means:  (1.0, 0.9)|
|deterministic_rewards:  True|
|eval_env:  True|
|num_eval_episodes:  200|
|eval_every:  1|
|deterministic_eval:  False|
|total_timesteps:  60000|
|learning_rate:  0.00025|
|adam_eps:  1e-05|
|unroll_length:  250|
|anneal_lr:  False|
|gamma:  0.99|
|gae_lambda:  0.95|
|num_minibatches:  4|
|update_epochs:  4|
|normalize_advantages:  True|
|clip_eps:  0.1|
|clip_vloss:  True|
|entropy_cost:  0.0|
|vf_cost:  0.5|
|max_grad_norm:  0.5|
|use_cnn:  False|
|policy_hidden_layer_sizes:  ()|
|value_hidden_layer_sizes:  ()|
|activation:  <jax._src.custom_derivatives.custom_jvp object at 0x10c098850>|
|policy_init_logit_bias:  [0.0, 0.0]|
{'training/total_steps': 2000, 'training/updates': 1, 'training/sps': np.float64(2102.483), 'training/walltime': np.float64(0.951), 'training/rollout_time': np.float64(0.428), 'training/update_time': np.float64(0.523), 'training/approx_kl': 2.2920878109289333e-05, 'training/entropy': 0.6931242942810059, 'training/policy_loss': -0.006740794517099857, 'training/total_loss': -0.003491067560389638, 'training/value_loss': 0.006499453913420439}
{'eval/num_episodes': 200, 'eval/num_steps': 200, 'eval/mean_score': np.float64(0.95), 'eval/std_score': np.float64(0.05), 'eval/mean_episode_length': np.float64(1.0), 'eval/std_episode_length': np.float64(0.0), 'eval/eval_time': 0.07220292091369629}
{'training/total_steps': 4000, 'training/updates': 2, 'training/sps': np.float64(13765.514), 'training/walltime': np.float64(1.169), 'training/rollout_time': np.float64(0.137), 'training/update_time': np.float64(0.008), 'training/approx_kl': 2.2939593691262417e-05, 'training/entropy': 0.6930384635925293, 'training/policy_loss': -0.006739913020282984, 'training/total_loss': -0.00384145462885499, 'training/value_loss': 0.0057969167828559875}
{'eval/num_episodes': 200, 'eval/num_steps': 200, 'eval/mean_score': np.float64(0.954), 'eval/std_score': np.float64(0.05), 'eval/mean_episode_length': np.float64(1.0), 'eval/std_episode_length': np.float64(0.0), 'eval/eval_time': 0.07461690902709961}
{'training/total_steps': 6000, 'training/updates': 3, 'training/sps': np.float64(13809.022), 'training/walltime': np.float64(1.389), 'training/rollout_time': np.float64(0.137), 'training/update_time': np.float64(0.008), 'training/approx_kl': 2.2933782020118088e-05, 'training/entropy': 0.6928883194923401, 'training/policy_loss': -0.006745972670614719, 'training/total_loss': -0.004213249310851097, 'training/value_loss': 0.00506544578820467}
{'eval/num_episodes': 200, 'eval/num_steps': 200, 'eval/mean_score': np.float64(0.952), 'eval/std_score': np.float64(0.05), 'eval/mean_episode_length': np.float64(1.0), 'eval/std_episode_length': np.float64(0.0), 'eval/eval_time': 0.07572102546691895}
{'training/total_steps': 8000, 'training/updates': 4, 'training/sps': np.float64(13716.536), 'training/walltime': np.float64(1.611), 'training/rollout_time': np.float64(0.138), 'training/update_time': np.float64(0.008), 'training/approx_kl': 2.2957654437050223e-05, 'training/entropy': 0.6926745176315308, 'training/policy_loss': -0.0067395661026239395, 'training/total_loss': -0.004480184055864811, 'training/value_loss': 0.004518764093518257}
{'eval/num_episodes': 200, 'eval/num_steps': 200, 'eval/mean_score': np.float64(0.951), 'eval/std_score': np.float64(0.05), 'eval/mean_episode_length': np.float64(1.0), 'eval/std_episode_length': np.float64(0.0), 'eval/eval_time': 0.07431888580322266}
{'training/total_steps': 10000, 'training/updates': 5, 'training/sps': np.float64(13218.941), 'training/walltime': np.float64(1.837), 'training/rollout_time': np.float64(0.143), 'training/update_time': np.float64(0.008), 'training/approx_kl': 2.2898288079886697e-05, 'training/entropy': 0.6923965215682983, 'training/policy_loss': -0.00674252538010478, 'training/total_loss': -0.00481455260887742, 'training/value_loss': 0.003855945309624076}
{'eval/num_episodes': 200, 'eval/num_steps': 200, 'eval/mean_score': np.float64(0.953), 'eval/std_score': np.float64(0.05), 'eval/mean_episode_length': np.float64(1.0), 'eval/std_episode_length': np.float64(0.0), 'eval/eval_time': 0.07614612579345703}
{'training/total_steps': 12000, 'training/updates': 6, 'training/sps': np.float64(13487.636), 'training/walltime': np.float64(2.062), 'training/rollout_time': np.float64(0.14), 'training/update_time': np.float64(0.008), 'training/approx_kl': 2.284741640323773e-05, 'training/entropy': 0.692054808139801, 'training/policy_loss': -0.006731418892741203, 'training/total_loss': -0.005081504117697477, 'training/value_loss': 0.0032998300157487392}
{'eval/num_episodes': 200, 'eval/num_steps': 200, 'eval/mean_score': np.float64(0.957), 'eval/std_score': np.float64(0.049), 'eval/mean_episode_length': np.float64(1.0), 'eval/std_episode_length': np.float64(0.0), 'eval/eval_time': 0.07317686080932617}
{'training/total_steps': 14000, 'training/updates': 7, 'training/sps': np.float64(13845.626), 'training/walltime': np.float64(2.279), 'training/rollout_time': np.float64(0.136), 'training/update_time': np.float64(0.008), 'training/approx_kl': 2.2906213416717947e-05, 'training/entropy': 0.6916495561599731, 'training/policy_loss': -0.006737320683896542, 'training/total_loss': -0.005215848330408335, 'training/value_loss': 0.003042945172637701}
{'eval/num_episodes': 200, 'eval/num_steps': 200, 'eval/mean_score': np.float64(0.956), 'eval/std_score': np.float64(0.05), 'eval/mean_episode_length': np.float64(1.0), 'eval/std_episode_length': np.float64(0.0), 'eval/eval_time': 0.07494807243347168}
{'training/total_steps': 16000, 'training/updates': 8, 'training/sps': np.float64(13440.956), 'training/walltime': np.float64(2.504), 'training/rollout_time': np.float64(0.141), 'training/update_time': np.float64(0.008), 'training/approx_kl': 2.2890688342158683e-05, 'training/entropy': 0.6911805868148804, 'training/policy_loss': -0.006736816838383675, 'training/total_loss': -0.005401149392127991, 'training/value_loss': 0.002671334892511368}
{'eval/num_episodes': 200, 'eval/num_steps': 200, 'eval/mean_score': np.float64(0.954), 'eval/std_score': np.float64(0.05), 'eval/mean_episode_length': np.float64(1.0), 'eval/std_episode_length': np.float64(0.0), 'eval/eval_time': 0.07455992698669434}
{'training/total_steps': 18000, 'training/updates': 9, 'training/sps': np.float64(14003.419), 'training/walltime': np.float64(2.721), 'training/rollout_time': np.float64(0.135), 'training/update_time': np.float64(0.008), 'training/approx_kl': 2.2762687876820564e-05, 'training/entropy': 0.6906483173370361, 'training/policy_loss': -0.006716121453791857, 'training/total_loss': -0.005566732957959175, 'training/value_loss': 0.0022987767588347197}
{'eval/num_episodes': 200, 'eval/num_steps': 200, 'eval/mean_score': np.float64(0.953), 'eval/std_score': np.float64(0.05), 'eval/mean_episode_length': np.float64(1.0), 'eval/std_episode_length': np.float64(0.0), 'eval/eval_time': 0.0764310359954834}
{'training/total_steps': 20000, 'training/updates': 10, 'training/sps': np.float64(13489.371), 'training/walltime': np.float64(2.946), 'training/rollout_time': np.float64(0.14), 'training/update_time': np.float64(0.008), 'training/approx_kl': 2.282390050822869e-05, 'training/entropy': 0.69005286693573, 'training/policy_loss': -0.00672916229814291, 'training/total_loss': -0.005674020387232304, 'training/value_loss': 0.002110282890498638}
{'eval/num_episodes': 200, 'eval/num_steps': 200, 'eval/mean_score': np.float64(0.957), 'eval/std_score': np.float64(0.05), 'eval/mean_episode_length': np.float64(1.0), 'eval/std_episode_length': np.float64(0.0), 'eval/eval_time': 0.07240486145019531}
{'training/total_steps': 22000, 'training/updates': 11, 'training/sps': np.float64(13794.171), 'training/walltime': np.float64(3.164), 'training/rollout_time': np.float64(0.137), 'training/update_time': np.float64(0.008), 'training/approx_kl': 2.2745103706256486e-05, 'training/entropy': 0.6893945336341858, 'training/policy_loss': -0.006711206398904324, 'training/total_loss': -0.005761287175118923, 'training/value_loss': 0.0018998392624780536}
{'eval/num_episodes': 200, 'eval/num_steps': 200, 'eval/mean_score': np.float64(0.965), 'eval/std_score': np.float64(0.048), 'eval/mean_episode_length': np.float64(1.0), 'eval/std_episode_length': np.float64(0.0), 'eval/eval_time': 0.07392001152038574}
{'training/total_steps': 24000, 'training/updates': 12, 'training/sps': np.float64(13599.59), 'training/walltime': np.float64(3.385), 'training/rollout_time': np.float64(0.139), 'training/update_time': np.float64(0.008), 'training/approx_kl': 2.2843361875857227e-05, 'training/entropy': 0.6886734366416931, 'training/policy_loss': -0.006730616092681885, 'training/total_loss': -0.005831059068441391, 'training/value_loss': 0.001799113815650344}
{'eval/num_episodes': 200, 'eval/num_steps': 200, 'eval/mean_score': np.float64(0.953), 'eval/std_score': np.float64(0.05), 'eval/mean_episode_length': np.float64(1.0), 'eval/std_episode_length': np.float64(0.0), 'eval/eval_time': 0.07341790199279785}
{'training/total_steps': 26000, 'training/updates': 13, 'training/sps': np.float64(13566.05), 'training/walltime': np.float64(3.606), 'training/rollout_time': np.float64(0.138), 'training/update_time': np.float64(0.01), 'training/approx_kl': 2.28068238357082e-05, 'training/entropy': 0.6878899335861206, 'training/policy_loss': -0.0067230891436338425, 'training/total_loss': -0.005897467024624348, 'training/value_loss': 0.0016512450529262424}
{'eval/num_episodes': 200, 'eval/num_steps': 200, 'eval/mean_score': np.float64(0.96), 'eval/std_score': np.float64(0.049), 'eval/mean_episode_length': np.float64(1.0), 'eval/std_episode_length': np.float64(0.0), 'eval/eval_time': 0.07490682601928711}
{'training/total_steps': 28000, 'training/updates': 14, 'training/sps': np.float64(13964.256), 'training/walltime': np.float64(3.825), 'training/rollout_time': np.float64(0.135), 'training/update_time': np.float64(0.008), 'training/approx_kl': 2.27652199100703e-05, 'training/entropy': 0.6870445013046265, 'training/policy_loss': -0.0067170169204473495, 'training/total_loss': -0.00594523549079895, 'training/value_loss': 0.0015435623936355114}
{'eval/num_episodes': 200, 'eval/num_steps': 200, 'eval/mean_score': np.float64(0.96), 'eval/std_score': np.float64(0.049), 'eval/mean_episode_length': np.float64(1.0), 'eval/std_episode_length': np.float64(0.0), 'eval/eval_time': 0.07320284843444824}
{'training/total_steps': 30000, 'training/updates': 15, 'training/sps': np.float64(13767.751), 'training/walltime': np.float64(4.044), 'training/rollout_time': np.float64(0.137), 'training/update_time': np.float64(0.008), 'training/approx_kl': 2.260801375086885e-05, 'training/entropy': 0.6861371994018555, 'training/policy_loss': -0.006694480776786804, 'training/total_loss': -0.005975048057734966, 'training/value_loss': 0.001438866020180285}
{'eval/num_episodes': 200, 'eval/num_steps': 200, 'eval/mean_score': np.float64(0.949), 'eval/std_score': np.float64(0.05), 'eval/mean_episode_length': np.float64(1.0), 'eval/std_episode_length': np.float64(0.0), 'eval/eval_time': 0.07452178001403809}
{'training/total_steps': 32000, 'training/updates': 16, 'training/sps': np.float64(13879.049), 'training/walltime': np.float64(4.263), 'training/rollout_time': np.float64(0.136), 'training/update_time': np.float64(0.008), 'training/approx_kl': 2.2737802282790653e-05, 'training/entropy': 0.6851685047149658, 'training/policy_loss': -0.006705180276185274, 'training/total_loss': -0.006004970520734787, 'training/value_loss': 0.0014004200929775834}
{'eval/num_episodes': 200, 'eval/num_steps': 200, 'eval/mean_score': np.float64(0.961), 'eval/std_score': np.float64(0.049), 'eval/mean_episode_length': np.float64(1.0), 'eval/std_episode_length': np.float64(0.0), 'eval/eval_time': 0.07396101951599121}
{'training/total_steps': 34000, 'training/updates': 17, 'training/sps': np.float64(13881.162), 'training/walltime': np.float64(4.481), 'training/rollout_time': np.float64(0.136), 'training/update_time': np.float64(0.008), 'training/approx_kl': 2.265870716655627e-05, 'training/entropy': 0.684138834476471, 'training/policy_loss': -0.006697227247059345, 'training/total_loss': -0.006021523382514715, 'training/value_loss': 0.0013514072634279728}
{'eval/num_episodes': 200, 'eval/num_steps': 200, 'eval/mean_score': np.float64(0.963), 'eval/std_score': np.float64(0.048), 'eval/mean_episode_length': np.float64(1.0), 'eval/std_episode_length': np.float64(0.0), 'eval/eval_time': 0.07628297805786133}
{'training/total_steps': 36000, 'training/updates': 18, 'training/sps': np.float64(13565.305), 'training/walltime': np.float64(4.705), 'training/rollout_time': np.float64(0.139), 'training/update_time': np.float64(0.008), 'training/approx_kl': 2.2880169126437977e-05, 'training/entropy': 0.6830486059188843, 'training/policy_loss': -0.006722592283040285, 'training/total_loss': -0.0060488441959023476, 'training/value_loss': 0.001347496290691197}
{'eval/num_episodes': 200, 'eval/num_steps': 200, 'eval/mean_score': np.float64(0.96), 'eval/std_score': np.float64(0.049), 'eval/mean_episode_length': np.float64(1.0), 'eval/std_episode_length': np.float64(0.0), 'eval/eval_time': 0.07465004920959473}
{'training/total_steps': 38000, 'training/updates': 19, 'training/sps': np.float64(13419.819), 'training/walltime': np.float64(4.929), 'training/rollout_time': np.float64(0.141), 'training/update_time': np.float64(0.008), 'training/approx_kl': 2.234572275483515e-05, 'training/entropy': 0.6818980574607849, 'training/policy_loss': -0.0066564250737428665, 'training/total_loss': -0.006027833092957735, 'training/value_loss': 0.001257183961570263}
{'eval/num_episodes': 200, 'eval/num_steps': 200, 'eval/mean_score': np.float64(0.955), 'eval/std_score': np.float64(0.05), 'eval/mean_episode_length': np.float64(1.0), 'eval/std_episode_length': np.float64(0.0), 'eval/eval_time': 0.07274794578552246}
{'training/total_steps': 40000, 'training/updates': 20, 'training/sps': np.float64(13942.625), 'training/walltime': np.float64(5.146), 'training/rollout_time': np.float64(0.136), 'training/update_time': np.float64(0.008), 'training/approx_kl': 2.2654625354334712e-05, 'training/entropy': 0.6806875467300415, 'training/policy_loss': -0.006689922884106636, 'training/total_loss': -0.006051813252270222, 'training/value_loss': 0.0012762194965034723}
{'eval/num_episodes': 200, 'eval/num_steps': 200, 'eval/mean_score': np.float64(0.958), 'eval/std_score': np.float64(0.049), 'eval/mean_episode_length': np.float64(1.0), 'eval/std_episode_length': np.float64(0.0), 'eval/eval_time': 0.07395195960998535}
{'training/total_steps': 42000, 'training/updates': 21, 'training/sps': np.float64(13698.147), 'training/walltime': np.float64(5.366), 'training/rollout_time': np.float64(0.138), 'training/update_time': np.float64(0.008), 'training/approx_kl': 2.230143581982702e-05, 'training/entropy': 0.6794178485870361, 'training/policy_loss': -0.006645452696830034, 'training/total_loss': -0.006031123921275139, 'training/value_loss': 0.0012286570854485035}
{'eval/num_episodes': 200, 'eval/num_steps': 200, 'eval/mean_score': np.float64(0.956), 'eval/std_score': np.float64(0.05), 'eval/mean_episode_length': np.float64(1.0), 'eval/std_episode_length': np.float64(0.0), 'eval/eval_time': 0.07355809211730957}
{'training/total_steps': 44000, 'training/updates': 22, 'training/sps': np.float64(13939.821), 'training/walltime': np.float64(5.583), 'training/rollout_time': np.float64(0.135), 'training/update_time': np.float64(0.008), 'training/approx_kl': 2.194970875279978e-05, 'training/entropy': 0.678089439868927, 'training/policy_loss': -0.006587348412722349, 'training/total_loss': -0.005987813230603933, 'training/value_loss': 0.001199070131406188}
{'eval/num_episodes': 200, 'eval/num_steps': 200, 'eval/mean_score': np.float64(0.958), 'eval/std_score': np.float64(0.049), 'eval/mean_episode_length': np.float64(1.0), 'eval/std_episode_length': np.float64(0.0), 'eval/eval_time': 0.07531285285949707}
{'training/total_steps': 46000, 'training/updates': 23, 'training/sps': np.float64(11098.45), 'training/walltime': np.float64(5.839), 'training/rollout_time': np.float64(0.153), 'training/update_time': np.float64(0.027), 'training/approx_kl': 2.233633495052345e-05, 'training/entropy': 0.6767025589942932, 'training/policy_loss': -0.006650131661444902, 'training/total_loss': -0.006037837825715542, 'training/value_loss': 0.0012245881371200085}
{'eval/num_episodes': 200, 'eval/num_steps': 200, 'eval/mean_score': np.float64(0.956), 'eval/std_score': np.float64(0.05), 'eval/mean_episode_length': np.float64(1.0), 'eval/std_episode_length': np.float64(0.0), 'eval/eval_time': 0.10611414909362793}
{'training/total_steps': 48000, 'training/updates': 24, 'training/sps': np.float64(10554.921), 'training/walltime': np.float64(6.135), 'training/rollout_time': np.float64(0.181), 'training/update_time': np.float64(0.008), 'training/approx_kl': 2.2292733774520457e-05, 'training/entropy': 0.6752578616142273, 'training/policy_loss': -0.006645587272942066, 'training/total_loss': -0.006035235710442066, 'training/value_loss': 0.0012207032414153218}
{'eval/num_episodes': 200, 'eval/num_steps': 200, 'eval/mean_score': np.float64(0.96), 'eval/std_score': np.float64(0.049), 'eval/mean_episode_length': np.float64(1.0), 'eval/std_episode_length': np.float64(0.0), 'eval/eval_time': 0.07516598701477051}
{'training/total_steps': 50000, 'training/updates': 25, 'training/sps': np.float64(13394.405), 'training/walltime': np.float64(6.36), 'training/rollout_time': np.float64(0.141), 'training/update_time': np.float64(0.008), 'training/approx_kl': 2.2064001313992776e-05, 'training/entropy': 0.6737558841705322, 'training/policy_loss': -0.006602149456739426, 'training/total_loss': -0.006002454087138176, 'training/value_loss': 0.0011993910884484649}
{'eval/num_episodes': 200, 'eval/num_steps': 200, 'eval/mean_score': np.float64(0.963), 'eval/std_score': np.float64(0.048), 'eval/mean_episode_length': np.float64(1.0), 'eval/std_episode_length': np.float64(0.0), 'eval/eval_time': 0.07514595985412598}
{'training/total_steps': 52000, 'training/updates': 26, 'training/sps': np.float64(13997.974), 'training/walltime': np.float64(6.578), 'training/rollout_time': np.float64(0.135), 'training/update_time': np.float64(0.008), 'training/approx_kl': 2.2202581021701917e-05, 'training/entropy': 0.6721972227096558, 'training/policy_loss': -0.006627580150961876, 'training/total_loss': -0.006022500339895487, 'training/value_loss': 0.0012101592728868127}
{'eval/num_episodes': 200, 'eval/num_steps': 200, 'eval/mean_score': np.float64(0.952), 'eval/std_score': np.float64(0.05), 'eval/mean_episode_length': np.float64(1.0), 'eval/std_episode_length': np.float64(0.0), 'eval/eval_time': 0.07402276992797852}
{'training/total_steps': 54000, 'training/updates': 27, 'training/sps': np.float64(13956.45), 'training/walltime': np.float64(6.796), 'training/rollout_time': np.float64(0.135), 'training/update_time': np.float64(0.009), 'training/approx_kl': 2.1694631868740544e-05, 'training/entropy': 0.6705821752548218, 'training/policy_loss': -0.006552168168127537, 'training/total_loss': -0.0059593296609818935, 'training/value_loss': 0.0011856767814606428}
{'eval/num_episodes': 200, 'eval/num_steps': 200, 'eval/mean_score': np.float64(0.961), 'eval/std_score': np.float64(0.049), 'eval/mean_episode_length': np.float64(1.0), 'eval/std_episode_length': np.float64(0.0), 'eval/eval_time': 0.07404398918151855}
{'training/total_steps': 56000, 'training/updates': 28, 'training/sps': np.float64(13788.435), 'training/walltime': np.float64(7.015), 'training/rollout_time': np.float64(0.137), 'training/update_time': np.float64(0.008), 'training/approx_kl': 2.191451312683057e-05, 'training/entropy': 0.6689117550849915, 'training/policy_loss': -0.006590662524104118, 'training/total_loss': -0.005993453320115805, 'training/value_loss': 0.0011944188736379147}
{'eval/num_episodes': 200, 'eval/num_steps': 200, 'eval/mean_score': np.float64(0.968), 'eval/std_score': np.float64(0.046), 'eval/mean_episode_length': np.float64(1.0), 'eval/std_episode_length': np.float64(0.0), 'eval/eval_time': 0.07858014106750488}
{'training/total_steps': 58000, 'training/updates': 29, 'training/sps': np.float64(14066.561), 'training/walltime': np.float64(7.236), 'training/rollout_time': np.float64(0.134), 'training/update_time': np.float64(0.008), 'training/approx_kl': 2.1937743440503255e-05, 'training/entropy': 0.6671862006187439, 'training/policy_loss': -0.0065902299247682095, 'training/total_loss': -0.005992758087813854, 'training/value_loss': 0.0011949436739087105}
{'eval/num_episodes': 200, 'eval/num_steps': 200, 'eval/mean_score': np.float64(0.963), 'eval/std_score': np.float64(0.048), 'eval/mean_episode_length': np.float64(1.0), 'eval/std_episode_length': np.float64(0.0), 'eval/eval_time': 0.07518410682678223}
{'training/total_steps': 60000, 'training/updates': 30, 'training/sps': np.float64(13589.61), 'training/walltime': np.float64(7.459), 'training/rollout_time': np.float64(0.139), 'training/update_time': np.float64(0.008), 'training/approx_kl': 2.1427989850053564e-05, 'training/entropy': 0.6654062867164612, 'training/policy_loss': -0.0065160151571035385, 'training/total_loss': -0.0059306006878614426, 'training/value_loss': 0.0011708296369761229}
{'eval/num_episodes': 200, 'eval/num_steps': 200, 'eval/mean_score': np.float64(0.959), 'eval/std_score': np.float64(0.049), 'eval/mean_episode_length': np.float64(1.0), 'eval/std_episode_length': np.float64(0.0), 'eval/eval_time': 0.07587671279907227}
TRAINING END: training duration: 7.535405874252319
{'final_eval/num_episodes': 200, 'final_eval/num_steps': 200, 'final_eval/mean_score': np.float64(1.0), 'final_eval/std_score': np.float64(0.0), 'final_eval/mean_episode_length': np.float64(1.0), 'final_eval/std_episode_length': np.float64(0.0)}
