|param: value|
|experiment_name:  pc_reinforce|
|seed:  4|
|write_logs_to_file:  False|
|save_model:  False|
|env_name:  bandit|
|num_envs:  8|
|num_train_levels:  200|
|distribution_mode:  easy|
|arm_means:  (1.0, 0.9)|
|deterministic_rewards:  True|
|eval_env:  True|
|num_eval_episodes:  200|
|eval_every:  1|
|total_timesteps:  60000|
|unroll_length:  250|
|learning_rate:  0.01|
|target_scale:  1.0|
|pc_steps_per_update:  1|
|max_t1:  20|
|width:  32|
|depth:  2|
|act_fn:  relu|
|policy_init_logit_bias:  [0.0, 0.0]|
|use_cnn:  False|
|policy_hidden_layer_sizes:  ()|
|value_hidden_layer_sizes:  ()|
|anneal_lr:  False|
|entropy_cost:  0.0|
|deterministic_eval:  False|
|gamma:  0.99|
{'training/total_steps': 2000, 'training/updates': 1, 'training/walltime': np.float64(1.489), 'training/update_time': np.float64(1.489), 'training/pc_loss': 0.0006249603466130793, 'training/mean_reward': 0.9495999813079834, 'training/mean_advantage_abs': 0.049996811896562576}
{'eval/num_episodes': 200, 'eval/mean_score': np.float64(0.962), 'eval/std_score': np.float64(0.0485), 'eval/mean_episode_length': np.float64(1.0)}
{'training/total_steps': 4000, 'training/updates': 2, 'training/walltime': np.float64(1.779), 'training/update_time': np.float64(0.111), 'training/pc_loss': 0.0006439978023990989, 'training/mean_reward': 0.955049991607666, 'training/mean_advantage_abs': 0.04948997125029564}
{'eval/num_episodes': 200, 'eval/mean_score': np.float64(0.963), 'eval/std_score': np.float64(0.0483), 'eval/mean_episode_length': np.float64(1.0)}
{'training/total_steps': 6000, 'training/updates': 3, 'training/walltime': np.float64(1.887), 'training/update_time': np.float64(0.107), 'training/pc_loss': 0.0006972814444452524, 'training/mean_reward': 0.9618999361991882, 'training/mean_advantage_abs': 0.04716780409216881}
{'eval/num_episodes': 200, 'eval/mean_score': np.float64(0.9665), 'eval/std_score': np.float64(0.0472), 'eval/mean_episode_length': np.float64(1.0)}
{'training/total_steps': 8000, 'training/updates': 4, 'training/walltime': np.float64(1.993), 'training/update_time': np.float64(0.105), 'training/pc_loss': 0.0007708051707595587, 'training/mean_reward': 0.9669000506401062, 'training/mean_advantage_abs': 0.0442877821624279}
{'eval/num_episodes': 200, 'eval/mean_score': np.float64(0.9695), 'eval/std_score': np.float64(0.046), 'eval/mean_episode_length': np.float64(1.0)}
{'training/total_steps': 10000, 'training/updates': 5, 'training/walltime': np.float64(2.108), 'training/update_time': np.float64(0.114), 'training/pc_loss': 0.0008285630028694868, 'training/mean_reward': 0.9733500480651855, 'training/mean_advantage_abs': 0.03909552842378616}
{'eval/num_episodes': 200, 'eval/mean_score': np.float64(0.9765), 'eval/std_score': np.float64(0.0424), 'eval/mean_episode_length': np.float64(1.0)}
{'training/total_steps': 12000, 'training/updates': 6, 'training/walltime': np.float64(2.283), 'training/update_time': np.float64(0.174), 'training/pc_loss': 0.0008268807432614267, 'training/mean_reward': 0.979900062084198, 'training/mean_advantage_abs': 0.03211976960301399}
{'eval/num_episodes': 200, 'eval/mean_score': np.float64(0.9835), 'eval/std_score': np.float64(0.0371), 'eval/mean_episode_length': np.float64(1.0)}
{'training/total_steps': 14000, 'training/updates': 7, 'training/walltime': np.float64(2.39), 'training/update_time': np.float64(0.107), 'training/pc_loss': 0.0008161920704878867, 'training/mean_reward': 0.9835999608039856, 'training/mean_advantage_abs': 0.027420831844210625}
{'eval/num_episodes': 200, 'eval/mean_score': np.float64(0.989), 'eval/std_score': np.float64(0.0313), 'eval/mean_episode_length': np.float64(1.0)}
{'training/total_steps': 16000, 'training/updates': 8, 'training/walltime': np.float64(2.501), 'training/update_time': np.float64(0.11), 'training/pc_loss': 0.0007441893103532493, 'training/mean_reward': 0.9873999357223511, 'training/mean_advantage_abs': 0.02202485129237175}
{'eval/num_episodes': 200, 'eval/mean_score': np.float64(0.9875), 'eval/std_score': np.float64(0.0331), 'eval/mean_episode_length': np.float64(1.0)}
{'training/total_steps': 18000, 'training/updates': 9, 'training/walltime': np.float64(2.609), 'training/update_time': np.float64(0.107), 'training/pc_loss': 0.0005702099879272282, 'training/mean_reward': 0.9918001890182495, 'training/mean_advantage_abs': 0.015055042691528797}
{'eval/num_episodes': 200, 'eval/mean_score': np.float64(0.9955), 'eval/std_score': np.float64(0.0207), 'eval/mean_episode_length': np.float64(1.0)}
{'training/total_steps': 20000, 'training/updates': 10, 'training/walltime': np.float64(2.715), 'training/update_time': np.float64(0.105), 'training/pc_loss': 0.0005057795206084847, 'training/mean_reward': 0.9933000802993774, 'training/mean_advantage_abs': 0.012502133846282959}
{'eval/num_episodes': 200, 'eval/mean_score': np.float64(0.9975), 'eval/std_score': np.float64(0.0156), 'eval/mean_episode_length': np.float64(1.0)}
{'training/total_steps': 22000, 'training/updates': 11, 'training/walltime': np.float64(2.823), 'training/update_time': np.float64(0.107), 'training/pc_loss': 0.0003951835387852043, 'training/mean_reward': 0.995150089263916, 'training/mean_advantage_abs': 0.009229470044374466}
{'eval/num_episodes': 200, 'eval/mean_score': np.float64(0.9965), 'eval/std_score': np.float64(0.0184), 'eval/mean_episode_length': np.float64(1.0)}
{'training/total_steps': 24000, 'training/updates': 12, 'training/walltime': np.float64(2.933), 'training/update_time': np.float64(0.109), 'training/pc_loss': 0.0003681103407870978, 'training/mean_reward': 0.995650053024292, 'training/mean_advantage_abs': 0.00832150224596262}
{'eval/num_episodes': 200, 'eval/mean_score': np.float64(0.995), 'eval/std_score': np.float64(0.0218), 'eval/mean_episode_length': np.float64(1.0)}
{'training/total_steps': 26000, 'training/updates': 13, 'training/walltime': np.float64(3.038), 'training/update_time': np.float64(0.105), 'training/pc_loss': 0.00023701299505773932, 'training/mean_reward': 0.9973501563072205, 'training/mean_advantage_abs': 0.005159403197467327}
{'eval/num_episodes': 200, 'eval/mean_score': np.float64(0.997), 'eval/std_score': np.float64(0.0171), 'eval/mean_episode_length': np.float64(1.0)}
{'training/total_steps': 28000, 'training/updates': 14, 'training/walltime': np.float64(3.202), 'training/update_time': np.float64(0.163), 'training/pc_loss': 0.00021024096349719912, 'training/mean_reward': 0.9977000951766968, 'training/mean_advantage_abs': 0.004494110122323036}
{'eval/num_episodes': 200, 'eval/mean_score': np.float64(0.999), 'eval/std_score': np.float64(0.0099), 'eval/mean_episode_length': np.float64(1.0)}
{'training/total_steps': 30000, 'training/updates': 15, 'training/walltime': np.float64(3.309), 'training/update_time': np.float64(0.105), 'training/pc_loss': 0.0001363045012112707, 'training/mean_reward': 0.9985501170158386, 'training/mean_advantage_abs': 0.0028578368946909904}
{'eval/num_episodes': 200, 'eval/mean_score': np.float64(0.9985), 'eval/std_score': np.float64(0.0122), 'eval/mean_episode_length': np.float64(1.0)}
{'training/total_steps': 32000, 'training/updates': 16, 'training/walltime': np.float64(3.418), 'training/update_time': np.float64(0.109), 'training/pc_loss': 0.00016477890312671661, 'training/mean_reward': 0.9982500672340393, 'training/mean_advantage_abs': 0.003438685555011034}
{'eval/num_episodes': 200, 'eval/mean_score': np.float64(0.999), 'eval/std_score': np.float64(0.0099), 'eval/mean_episode_length': np.float64(1.0)}
{'training/total_steps': 34000, 'training/updates': 17, 'training/walltime': np.float64(3.524), 'training/update_time': np.float64(0.105), 'training/pc_loss': 7.723375165369362e-05, 'training/mean_reward': 0.9992001056671143, 'training/mean_advantage_abs': 0.0015870962524786592}
{'eval/num_episodes': 200, 'eval/mean_score': np.float64(0.998), 'eval/std_score': np.float64(0.014), 'eval/mean_episode_length': np.float64(1.0)}
{'training/total_steps': 36000, 'training/updates': 18, 'training/walltime': np.float64(3.628), 'training/update_time': np.float64(0.103), 'training/pc_loss': 4.876900129602291e-05, 'training/mean_reward': 0.9995000958442688, 'training/mean_advantage_abs': 0.0009949052473530173}
{'eval/num_episodes': 200, 'eval/mean_score': np.float64(0.9995), 'eval/std_score': np.float64(0.0071), 'eval/mean_episode_length': np.float64(1.0)}
{'training/total_steps': 38000, 'training/updates': 19, 'training/walltime': np.float64(3.738), 'training/update_time': np.float64(0.108), 'training/pc_loss': 4.407347660162486e-05, 'training/mean_reward': 0.9995501041412354, 'training/mean_advantage_abs': 0.0008958469261415303}
{'eval/num_episodes': 200, 'eval/mean_score': np.float64(0.9995), 'eval/std_score': np.float64(0.0071), 'eval/mean_episode_length': np.float64(1.0)}
{'training/total_steps': 40000, 'training/updates': 20, 'training/walltime': np.float64(3.847), 'training/update_time': np.float64(0.108), 'training/pc_loss': 5.3885225497651845e-05, 'training/mean_reward': 0.999450147151947, 'training/mean_advantage_abs': 0.0010938046034425497}
{'eval/num_episodes': 200, 'eval/mean_score': np.float64(0.9995), 'eval/std_score': np.float64(0.0071), 'eval/mean_episode_length': np.float64(1.0)}
{'training/total_steps': 42000, 'training/updates': 21, 'training/walltime': np.float64(3.953), 'training/update_time': np.float64(0.105), 'training/pc_loss': 4.912330405204557e-05, 'training/mean_reward': 0.9995000958442688, 'training/mean_advantage_abs': 0.0009949052473530173}
{'eval/num_episodes': 200, 'eval/mean_score': np.float64(0.9995), 'eval/std_score': np.float64(0.0071), 'eval/mean_episode_length': np.float64(1.0)}
{'training/total_steps': 44000, 'training/updates': 22, 'training/walltime': np.float64(4.057), 'training/update_time': np.float64(0.104), 'training/pc_loss': 5.405539559433237e-05, 'training/mean_reward': 0.999450147151947, 'training/mean_advantage_abs': 0.0010938046034425497}
{'eval/num_episodes': 200, 'eval/mean_score': np.float64(0.9995), 'eval/std_score': np.float64(0.0071), 'eval/mean_episode_length': np.float64(1.0)}
{'training/total_steps': 46000, 'training/updates': 23, 'training/walltime': np.float64(4.167), 'training/update_time': np.float64(0.109), 'training/pc_loss': 2.9665001420653425e-05, 'training/mean_reward': 0.9997000694274902, 'training/mean_advantage_abs': 0.0005981310969218612}
{'eval/num_episodes': 200, 'eval/mean_score': np.float64(1.0), 'eval/std_score': np.float64(0.0), 'eval/mean_episode_length': np.float64(1.0)}
{'training/total_steps': 48000, 'training/updates': 24, 'training/walltime': np.float64(4.276), 'training/update_time': np.float64(0.106), 'training/pc_loss': 3.460352309048176e-05, 'training/mean_reward': 0.9996500611305237, 'training/mean_advantage_abs': 0.0006974894204176962}
{'eval/num_episodes': 200, 'eval/mean_score': np.float64(1.0), 'eval/std_score': np.float64(0.0), 'eval/mean_episode_length': np.float64(1.0)}
{'training/total_steps': 50000, 'training/updates': 25, 'training/walltime': np.float64(4.383), 'training/update_time': np.float64(0.105), 'training/pc_loss': 2.9709826776525006e-05, 'training/mean_reward': 0.9997000694274902, 'training/mean_advantage_abs': 0.0005981310969218612}
{'eval/num_episodes': 200, 'eval/mean_score': np.float64(1.0), 'eval/std_score': np.float64(0.0), 'eval/mean_episode_length': np.float64(1.0)}
{'training/total_steps': 52000, 'training/updates': 26, 'training/walltime': np.float64(4.488), 'training/update_time': np.float64(0.105), 'training/pc_loss': 4.445441300049424e-05, 'training/mean_reward': 0.9995501041412354, 'training/mean_advantage_abs': 0.0008958469261415303}
{'eval/num_episodes': 200, 'eval/mean_score': np.float64(0.9995), 'eval/std_score': np.float64(0.0071), 'eval/mean_episode_length': np.float64(1.0)}
{'training/total_steps': 54000, 'training/updates': 27, 'training/walltime': np.float64(4.6), 'training/update_time': np.float64(0.111), 'training/pc_loss': 9.952686923497822e-06, 'training/mean_reward': 0.9999000430107117, 'training/mean_advantage_abs': 0.00019975710893049836}
{'eval/num_episodes': 200, 'eval/mean_score': np.float64(1.0), 'eval/std_score': np.float64(0.0), 'eval/mean_episode_length': np.float64(1.0)}
{'training/total_steps': 56000, 'training/updates': 28, 'training/walltime': np.float64(4.706), 'training/update_time': np.float64(0.105), 'training/pc_loss': 4.983077360520838e-06, 'training/mean_reward': 0.9999500513076782, 'training/mean_advantage_abs': 9.989875979954377e-05}
{'eval/num_episodes': 200, 'eval/mean_score': np.float64(1.0), 'eval/std_score': np.float64(0.0), 'eval/mean_episode_length': np.float64(1.0)}
{'training/total_steps': 58000, 'training/updates': 29, 'training/walltime': np.float64(4.812), 'training/update_time': np.float64(0.105), 'training/pc_loss': 1.4923537491995376e-05, 'training/mean_reward': 0.9998500943183899, 'training/mean_advantage_abs': 0.0002994560054503381}
{'eval/num_episodes': 200, 'eval/mean_score': np.float64(1.0), 'eval/std_score': np.float64(0.0), 'eval/mean_episode_length': np.float64(1.0)}
{'training/total_steps': 60000, 'training/updates': 30, 'training/walltime': np.float64(4.934), 'training/update_time': np.float64(0.121), 'training/pc_loss': 0.0, 'training/mean_reward': 1.0, 'training/mean_advantage_abs': 0.0}
{'eval/num_episodes': 200, 'eval/mean_score': np.float64(1.0), 'eval/std_score': np.float64(0.0), 'eval/mean_episode_length': np.float64(1.0)}
TRAINING END: training duration: 4.936078071594238
