|param: value|
|experiment_name:  reinforce_procgen|
|seed:  4|
|platform:  cpu|
|write_logs_to_file:  False|
|save_model:  False|
|env_name:  bandit|
|num_envs:  1|
|num_train_levels:  200|
|distribution_mode:  easy|
|arm_means:  (1.0, 0.9)|
|deterministic_rewards:  True|
|eval_env:  True|
|num_eval_episodes:  200|
|eval_every:  1|
|deterministic_eval:  False|
|normalize_observations:  True|
|total_timesteps:  60000|
|learning_rate:  0.5|
|optimizer:  sgd|
|unroll_length:  2048|
|anneal_lr:  False|
|gamma:  0.99|
|batch_size:  1|
|num_minibatches:  1|
|update_epochs:  1|
|entropy_cost:  0.0|
|max_grad_norm:  0.5|
|reward_scaling:  1.0|
|use_cnn:  False|
|policy_hidden_layer_sizes:  ()|
|value_hidden_layer_sizes:  ()|
|activation:  <jax._src.custom_derivatives.custom_jvp object at 0x10c098850>|
|policy_init_logit_bias:  [0.0, 0.0]|
{'training/total_steps': 2000, 'training/updates': 1, 'training/sps': np.float64(2011.544), 'training/walltime': np.float64(0.994), 'training/rollout_time': np.float64(0.416), 'training/update_time': np.float64(0.578), 'training/approx_kl': 0.0, 'training/entropy': 0.693147599697113, 'training/policy_loss': 1.7811532020568848, 'training/total_loss': 5.083981037139893, 'training/value_loss': 6.605656147003174}
{'eval/num_episodes': 200, 'eval/num_steps': 200, 'eval/mean_score': np.float64(0.951), 'eval/std_score': np.float64(0.05), 'eval/mean_episode_length': np.float64(1.0), 'eval/std_episode_length': np.float64(0.0), 'eval/eval_time': 0.0728449821472168}
{'training/total_steps': 4000, 'training/updates': 2, 'training/sps': np.float64(6184.273), 'training/walltime': np.float64(1.391), 'training/rollout_time': np.float64(0.322), 'training/update_time': np.float64(0.002), 'training/approx_kl': 0.0, 'training/entropy': 0.6931438446044922, 'training/policy_loss': 1.5362852811813354, 'training/total_loss': 3.994256019592285, 'training/value_loss': 4.9159417152404785}
{'eval/num_episodes': 200, 'eval/num_steps': 200, 'eval/mean_score': np.float64(0.952), 'eval/std_score': np.float64(0.05), 'eval/mean_episode_length': np.float64(1.0), 'eval/std_episode_length': np.float64(0.0), 'eval/eval_time': 0.07566618919372559}
{'training/total_steps': 6000, 'training/updates': 3, 'training/sps': np.float64(5912.084), 'training/walltime': np.float64(1.805), 'training/rollout_time': np.float64(0.337), 'training/update_time': np.float64(0.001), 'training/approx_kl': 0.0, 'training/entropy': 0.6931208968162537, 'training/policy_loss': 1.2915769815444946, 'training/total_loss': 3.0308825969696045, 'training/value_loss': 3.4786109924316406}
{'eval/num_episodes': 200, 'eval/num_steps': 200, 'eval/mean_score': np.float64(0.956), 'eval/std_score': np.float64(0.05), 'eval/mean_episode_length': np.float64(1.0), 'eval/std_episode_length': np.float64(0.0), 'eval/eval_time': 0.08350682258605957}
{'training/total_steps': 8000, 'training/updates': 4, 'training/sps': np.float64(5681.914), 'training/walltime': np.float64(2.241), 'training/rollout_time': np.float64(0.35), 'training/update_time': np.float64(0.002), 'training/approx_kl': 0.0, 'training/entropy': 0.6930128335952759, 'training/policy_loss': 1.045926809310913, 'training/total_loss': 2.18822979927063, 'training/value_loss': 2.2846059799194336}
{'eval/num_episodes': 200, 'eval/num_steps': 200, 'eval/mean_score': np.float64(0.954), 'eval/std_score': np.float64(0.05), 'eval/mean_episode_length': np.float64(1.0), 'eval/std_episode_length': np.float64(0.0), 'eval/eval_time': 0.07554817199707031}
{'training/total_steps': 10000, 'training/updates': 5, 'training/sps': np.float64(6284.049), 'training/walltime': np.float64(2.635), 'training/rollout_time': np.float64(0.317), 'training/update_time': np.float64(0.002), 'training/approx_kl': 0.0, 'training/entropy': 0.6928730607032776, 'training/policy_loss': 0.800159215927124, 'training/total_loss': 1.4671497344970703, 'training/value_loss': 1.3339810371398926}
{'eval/num_episodes': 200, 'eval/num_steps': 200, 'eval/mean_score': np.float64(0.955), 'eval/std_score': np.float64(0.05), 'eval/mean_episode_length': np.float64(1.0), 'eval/std_episode_length': np.float64(0.0), 'eval/eval_time': 0.07898402214050293}
{'training/total_steps': 12000, 'training/updates': 6, 'training/sps': np.float64(5720.791), 'training/walltime': np.float64(3.064), 'training/rollout_time': np.float64(0.348), 'training/update_time': np.float64(0.001), 'training/approx_kl': 0.0, 'training/entropy': 0.692964494228363, 'training/policy_loss': 0.5554508566856384, 'training/total_loss': 0.8786625862121582, 'training/value_loss': 0.6464235186576843}
{'eval/num_episodes': 200, 'eval/num_steps': 200, 'eval/mean_score': np.float64(0.954), 'eval/std_score': np.float64(0.05), 'eval/mean_episode_length': np.float64(1.0), 'eval/std_episode_length': np.float64(0.0), 'eval/eval_time': 0.07427287101745605}
{'training/total_steps': 14000, 'training/updates': 7, 'training/sps': np.float64(6223.298), 'training/walltime': np.float64(3.46), 'training/rollout_time': np.float64(0.32), 'training/update_time': np.float64(0.001), 'training/approx_kl': 0.0, 'training/entropy': 0.6928030252456665, 'training/policy_loss': 0.310447633266449, 'training/total_loss': 0.41282951831817627, 'training/value_loss': 0.2047637403011322}
{'eval/num_episodes': 200, 'eval/num_steps': 200, 'eval/mean_score': np.float64(0.949), 'eval/std_score': np.float64(0.05), 'eval/mean_episode_length': np.float64(1.0), 'eval/std_episode_length': np.float64(0.0), 'eval/eval_time': 0.0735471248626709}
{'training/total_steps': 16000, 'training/updates': 8, 'training/sps': np.float64(6113.874), 'training/walltime': np.float64(3.862), 'training/rollout_time': np.float64(0.326), 'training/update_time': np.float64(0.002), 'training/approx_kl': 0.0, 'training/entropy': 0.6922168135643005, 'training/policy_loss': 0.06585150212049484, 'training/total_loss': 0.07192109525203705, 'training/value_loss': 0.012139189057052135}
{'eval/num_episodes': 200, 'eval/num_steps': 200, 'eval/mean_score': np.float64(0.951), 'eval/std_score': np.float64(0.05), 'eval/mean_episode_length': np.float64(1.0), 'eval/std_episode_length': np.float64(0.0), 'eval/eval_time': 0.0756080150604248}
{'training/total_steps': 18000, 'training/updates': 9, 'training/sps': np.float64(5694.338), 'training/walltime': np.float64(4.289), 'training/rollout_time': np.float64(0.35), 'training/update_time': np.float64(0.002), 'training/approx_kl': 0.0, 'training/entropy': 0.6908589005470276, 'training/policy_loss': -0.001289385836571455, 'training/total_loss': -4.6169145207386464e-05, 'training/value_loss': 0.002486433368176222}
{'eval/num_episodes': 200, 'eval/num_steps': 200, 'eval/mean_score': np.float64(0.953), 'eval/std_score': np.float64(0.05), 'eval/mean_episode_length': np.float64(1.0), 'eval/std_episode_length': np.float64(0.0), 'eval/eval_time': 0.07448101043701172}
{'training/total_steps': 20000, 'training/updates': 10, 'training/sps': np.float64(6066.231), 'training/walltime': np.float64(4.693), 'training/rollout_time': np.float64(0.328), 'training/update_time': np.float64(0.002), 'training/approx_kl': 0.0, 'training/entropy': 0.6888834834098816, 'training/policy_loss': -0.006633361801505089, 'training/total_loss': -0.005380867514759302, 'training/value_loss': 0.0025049883406609297}
{'eval/num_episodes': 200, 'eval/num_steps': 200, 'eval/mean_score': np.float64(0.956), 'eval/std_score': np.float64(0.05), 'eval/mean_episode_length': np.float64(1.0), 'eval/std_episode_length': np.float64(0.0), 'eval/eval_time': 0.07370901107788086}
{'training/total_steps': 22000, 'training/updates': 11, 'training/sps': np.float64(5671.607), 'training/walltime': np.float64(5.12), 'training/rollout_time': np.float64(0.351), 'training/update_time': np.float64(0.002), 'training/approx_kl': 0.0, 'training/entropy': 0.6862812638282776, 'training/policy_loss': -0.0036524676252156496, 'training/total_loss': -0.002410006010904908, 'training/value_loss': 0.002484922995790839}
{'eval/num_episodes': 200, 'eval/num_steps': 200, 'eval/mean_score': np.float64(0.956), 'eval/std_score': np.float64(0.05), 'eval/mean_episode_length': np.float64(1.0), 'eval/std_episode_length': np.float64(0.0), 'eval/eval_time': 0.07489609718322754}
{'training/total_steps': 24000, 'training/updates': 12, 'training/sps': np.float64(6072.862), 'training/walltime': np.float64(5.525), 'training/rollout_time': np.float64(0.325), 'training/update_time': np.float64(0.004), 'training/approx_kl': 0.0, 'training/entropy': 0.6831225752830505, 'training/policy_loss': -0.006004020106047392, 'training/total_loss': -0.004773769062012434, 'training/value_loss': 0.0024605023209005594}
{'eval/num_episodes': 200, 'eval/num_steps': 200, 'eval/mean_score': np.float64(0.963), 'eval/std_score': np.float64(0.048), 'eval/mean_episode_length': np.float64(1.0), 'eval/std_episode_length': np.float64(0.0), 'eval/eval_time': 0.07525086402893066}
{'training/total_steps': 26000, 'training/updates': 13, 'training/sps': np.float64(6156.203), 'training/walltime': np.float64(5.925), 'training/rollout_time': np.float64(0.323), 'training/update_time': np.float64(0.002), 'training/approx_kl': 0.0, 'training/entropy': 0.6794129610061646, 'training/policy_loss': -0.007039778865873814, 'training/total_loss': -0.005820899270474911, 'training/value_loss': 0.002437758957967162}
{'eval/num_episodes': 200, 'eval/num_steps': 200, 'eval/mean_score': np.float64(0.96), 'eval/std_score': np.float64(0.049), 'eval/mean_episode_length': np.float64(1.0), 'eval/std_episode_length': np.float64(0.0), 'eval/eval_time': 0.07990598678588867}
{'training/total_steps': 28000, 'training/updates': 14, 'training/sps': np.float64(5624.348), 'training/walltime': np.float64(6.361), 'training/rollout_time': np.float64(0.354), 'training/update_time': np.float64(0.002), 'training/approx_kl': 0.0, 'training/entropy': 0.6751906871795654, 'training/policy_loss': -0.008497566916048527, 'training/total_loss': -0.007288822438567877, 'training/value_loss': 0.0024174891877919436}
{'eval/num_episodes': 200, 'eval/num_steps': 200, 'eval/mean_score': np.float64(0.959), 'eval/std_score': np.float64(0.049), 'eval/mean_episode_length': np.float64(1.0), 'eval/std_episode_length': np.float64(0.0), 'eval/eval_time': 0.07646799087524414}
{'training/total_steps': 30000, 'training/updates': 15, 'training/sps': np.float64(4615.986), 'training/walltime': np.float64(6.871), 'training/rollout_time': np.float64(0.432), 'training/update_time': np.float64(0.002), 'training/approx_kl': 0.0, 'training/entropy': 0.6704769730567932, 'training/policy_loss': -0.009993517771363258, 'training/total_loss': -0.008790411055088043, 'training/value_loss': 0.0024062134325504303}
{'eval/num_episodes': 200, 'eval/num_steps': 200, 'eval/mean_score': np.float64(0.967), 'eval/std_score': np.float64(0.047), 'eval/mean_episode_length': np.float64(1.0), 'eval/std_episode_length': np.float64(0.0), 'eval/eval_time': 0.07810688018798828}
{'training/total_steps': 32000, 'training/updates': 16, 'training/sps': np.float64(5169.939), 'training/walltime': np.float64(7.337), 'training/rollout_time': np.float64(0.385), 'training/update_time': np.float64(0.001), 'training/approx_kl': 0.0, 'training/entropy': 0.6652812957763672, 'training/policy_loss': -0.01025462243705988, 'training/total_loss': -0.009067672304809093, 'training/value_loss': 0.0023739009629935026}
{'eval/num_episodes': 200, 'eval/num_steps': 200, 'eval/mean_score': np.float64(0.966), 'eval/std_score': np.float64(0.047), 'eval/mean_episode_length': np.float64(1.0), 'eval/std_episode_length': np.float64(0.0), 'eval/eval_time': 0.07517004013061523}
{'training/total_steps': 34000, 'training/updates': 17, 'training/sps': np.float64(5904.726), 'training/walltime': np.float64(7.751), 'training/rollout_time': np.float64(0.337), 'training/update_time': np.float64(0.002), 'training/approx_kl': 0.0, 'training/entropy': 0.6596851944923401, 'training/policy_loss': -0.011259704828262329, 'training/total_loss': -0.010091708041727543, 'training/value_loss': 0.002335993340238929}
{'eval/num_episodes': 200, 'eval/num_steps': 200, 'eval/mean_score': np.float64(0.967), 'eval/std_score': np.float64(0.047), 'eval/mean_episode_length': np.float64(1.0), 'eval/std_episode_length': np.float64(0.0), 'eval/eval_time': 0.08182477951049805}
{'training/total_steps': 36000, 'training/updates': 18, 'training/sps': np.float64(5985.411), 'training/walltime': np.float64(8.168), 'training/rollout_time': np.float64(0.332), 'training/update_time': np.float64(0.002), 'training/approx_kl': 0.0, 'training/entropy': 0.6537341475486755, 'training/policy_loss': -0.01530911959707737, 'training/total_loss': -0.01411136332899332, 'training/value_loss': 0.0023955118376761675}
{'eval/num_episodes': 200, 'eval/num_steps': 200, 'eval/mean_score': np.float64(0.964), 'eval/std_score': np.float64(0.048), 'eval/mean_episode_length': np.float64(1.0), 'eval/std_episode_length': np.float64(0.0), 'eval/eval_time': 0.08050918579101562}
{'training/total_steps': 38000, 'training/updates': 19, 'training/sps': np.float64(5375.173), 'training/walltime': np.float64(8.621), 'training/rollout_time': np.float64(0.367), 'training/update_time': np.float64(0.005), 'training/approx_kl': 0.0, 'training/entropy': 0.647178590297699, 'training/policy_loss': -0.01105173397809267, 'training/total_loss': -0.009906208142638206, 'training/value_loss': 0.002291050972416997}
{'eval/num_episodes': 200, 'eval/num_steps': 200, 'eval/mean_score': np.float64(0.969), 'eval/std_score': np.float64(0.046), 'eval/mean_episode_length': np.float64(1.0), 'eval/std_episode_length': np.float64(0.0), 'eval/eval_time': 0.12484884262084961}
{'training/total_steps': 40000, 'training/updates': 20, 'training/sps': np.float64(5778.512), 'training/walltime': np.float64(9.092), 'training/rollout_time': np.float64(0.344), 'training/update_time': np.float64(0.002), 'training/approx_kl': 0.0, 'training/entropy': 0.6405823826789856, 'training/policy_loss': -0.015161324292421341, 'training/total_loss': -0.01402608398348093, 'training/value_loss': 0.002270481316372752}
{'eval/num_episodes': 200, 'eval/num_steps': 200, 'eval/mean_score': np.float64(0.964), 'eval/std_score': np.float64(0.048), 'eval/mean_episode_length': np.float64(1.0), 'eval/std_episode_length': np.float64(0.0), 'eval/eval_time': 0.07767009735107422}
{'training/total_steps': 42000, 'training/updates': 21, 'training/sps': np.float64(6123.76), 'training/walltime': np.float64(9.497), 'training/rollout_time': np.float64(0.325), 'training/update_time': np.float64(0.002), 'training/approx_kl': 0.0, 'training/entropy': 0.6336200833320618, 'training/policy_loss': -0.014908669516444206, 'training/total_loss': -0.0137953981757164, 'training/value_loss': 0.002226543612778187}
{'eval/num_episodes': 200, 'eval/num_steps': 200, 'eval/mean_score': np.float64(0.972), 'eval/std_score': np.float64(0.045), 'eval/mean_episode_length': np.float64(1.0), 'eval/std_episode_length': np.float64(0.0), 'eval/eval_time': 0.08746600151062012}
{'training/total_steps': 44000, 'training/updates': 22, 'training/sps': np.float64(5674.389), 'training/walltime': np.float64(9.937), 'training/rollout_time': np.float64(0.351), 'training/update_time': np.float64(0.001), 'training/approx_kl': 0.0, 'training/entropy': 0.6264673471450806, 'training/policy_loss': -0.015577752143144608, 'training/total_loss': -0.014488771557807922, 'training/value_loss': 0.002177961403504014}
{'eval/num_episodes': 200, 'eval/num_steps': 200, 'eval/mean_score': np.float64(0.967), 'eval/std_score': np.float64(0.047), 'eval/mean_episode_length': np.float64(1.0), 'eval/std_episode_length': np.float64(0.0), 'eval/eval_time': 0.07736015319824219}
{'training/total_steps': 46000, 'training/updates': 23, 'training/sps': np.float64(6278.513), 'training/walltime': np.float64(10.334), 'training/rollout_time': np.float64(0.317), 'training/update_time': np.float64(0.002), 'training/approx_kl': 0.0, 'training/entropy': 0.6191655397415161, 'training/policy_loss': -0.015206318348646164, 'training/total_loss': -0.014161517843604088, 'training/value_loss': 0.0020896010100841522}
{'eval/num_episodes': 200, 'eval/num_steps': 200, 'eval/mean_score': np.float64(0.963), 'eval/std_score': np.float64(0.048), 'eval/mean_episode_length': np.float64(1.0), 'eval/std_episode_length': np.float64(0.0), 'eval/eval_time': 0.07326006889343262}
{'training/total_steps': 48000, 'training/updates': 24, 'training/sps': np.float64(5742.676), 'training/walltime': np.float64(10.755), 'training/rollout_time': np.float64(0.347), 'training/update_time': np.float64(0.001), 'training/approx_kl': 0.0, 'training/entropy': 0.6118965744972229, 'training/policy_loss': -0.01810566335916519, 'training/total_loss': -0.01705150306224823, 'training/value_loss': 0.0021083210594952106}
{'eval/num_episodes': 200, 'eval/num_steps': 200, 'eval/mean_score': np.float64(0.966), 'eval/std_score': np.float64(0.047), 'eval/mean_episode_length': np.float64(1.0), 'eval/std_episode_length': np.float64(0.0), 'eval/eval_time': 0.07026815414428711}
{'training/total_steps': 50000, 'training/updates': 25, 'training/sps': np.float64(6265.121), 'training/walltime': np.float64(11.145), 'training/rollout_time': np.float64(0.318), 'training/update_time': np.float64(0.001), 'training/approx_kl': 0.0, 'training/entropy': 0.6043072938919067, 'training/policy_loss': -0.018337983638048172, 'training/total_loss': -0.017289943993091583, 'training/value_loss': 0.0020960811525583267}
{'eval/num_episodes': 200, 'eval/num_steps': 200, 'eval/mean_score': np.float64(0.967), 'eval/std_score': np.float64(0.047), 'eval/mean_episode_length': np.float64(1.0), 'eval/std_episode_length': np.float64(0.0), 'eval/eval_time': 0.07273197174072266}
{'training/total_steps': 52000, 'training/updates': 26, 'training/sps': np.float64(6334.826), 'training/walltime': np.float64(11.534), 'training/rollout_time': np.float64(0.314), 'training/update_time': np.float64(0.001), 'training/approx_kl': 0.0, 'training/entropy': 0.5965310335159302, 'training/policy_loss': -0.019203146919608116, 'training/total_loss': -0.01815917156636715, 'training/value_loss': 0.0020879507064819336}
{'eval/num_episodes': 200, 'eval/num_steps': 200, 'eval/mean_score': np.float64(0.975), 'eval/std_score': np.float64(0.043), 'eval/mean_episode_length': np.float64(1.0), 'eval/std_episode_length': np.float64(0.0), 'eval/eval_time': 0.0710451602935791}
{'training/total_steps': 54000, 'training/updates': 27, 'training/sps': np.float64(5869.648), 'training/walltime': np.float64(11.946), 'training/rollout_time': np.float64(0.339), 'training/update_time': np.float64(0.002), 'training/approx_kl': 0.0, 'training/entropy': 0.5885723233222961, 'training/policy_loss': -0.01603761874139309, 'training/total_loss': -0.015077908523380756, 'training/value_loss': 0.0019194200867787004}
{'eval/num_episodes': 200, 'eval/num_steps': 200, 'eval/mean_score': np.float64(0.976), 'eval/std_score': np.float64(0.043), 'eval/mean_episode_length': np.float64(1.0), 'eval/std_episode_length': np.float64(0.0), 'eval/eval_time': 0.0743560791015625}
{'training/total_steps': 56000, 'training/updates': 28, 'training/sps': np.float64(6237.681), 'training/walltime': np.float64(12.342), 'training/rollout_time': np.float64(0.319), 'training/update_time': np.float64(0.002), 'training/approx_kl': 0.0, 'training/entropy': 0.5811157822608948, 'training/policy_loss': -0.021406853571534157, 'training/total_loss': -0.020403187721967697, 'training/value_loss': 0.0020073328632861376}
{'eval/num_episodes': 200, 'eval/num_steps': 200, 'eval/mean_score': np.float64(0.974), 'eval/std_score': np.float64(0.044), 'eval/mean_episode_length': np.float64(1.0), 'eval/std_episode_length': np.float64(0.0), 'eval/eval_time': 0.07152700424194336}
{'training/total_steps': 58000, 'training/updates': 29, 'training/sps': np.float64(5826.401), 'training/walltime': np.float64(12.757), 'training/rollout_time': np.float64(0.342), 'training/update_time': np.float64(0.002), 'training/approx_kl': 0.0, 'training/entropy': 0.573127806186676, 'training/policy_loss': -0.01782194711267948, 'training/total_loss': -0.016886375844478607, 'training/value_loss': 0.0018711417214944959}
{'eval/num_episodes': 200, 'eval/num_steps': 200, 'eval/mean_score': np.float64(0.977), 'eval/std_score': np.float64(0.042), 'eval/mean_episode_length': np.float64(1.0), 'eval/std_episode_length': np.float64(0.0), 'eval/eval_time': 0.07179975509643555}
{'training/total_steps': 60000, 'training/updates': 30, 'training/sps': np.float64(6199.956), 'training/walltime': np.float64(13.152), 'training/rollout_time': np.float64(0.321), 'training/update_time': np.float64(0.002), 'training/approx_kl': 0.0, 'training/entropy': 0.565553605556488, 'training/policy_loss': -0.021054230630397797, 'training/total_loss': -0.020102811977267265, 'training/value_loss': 0.0019028385868296027}
{'eval/num_episodes': 200, 'eval/num_steps': 200, 'eval/mean_score': np.float64(0.973), 'eval/std_score': np.float64(0.044), 'eval/mean_episode_length': np.float64(1.0), 'eval/std_episode_length': np.float64(0.0), 'eval/eval_time': 0.07491707801818848}
TRAINING END: training duration: 13.227026224136353
{'final_eval/num_episodes': 200, 'final_eval/num_steps': 200, 'final_eval/mean_score': np.float64(1.0), 'final_eval/std_score': np.float64(0.0), 'final_eval/mean_episode_length': np.float64(1.0), 'final_eval/std_episode_length': np.float64(0.0)}
