|param: value|
|experiment_name:  reinforce_procgen|
|seed:  10|
|platform:  cpu|
|write_logs_to_file:  False|
|save_model:  False|
|env_name:  bandit|
|num_envs:  1|
|num_train_levels:  200|
|distribution_mode:  easy|
|arm_means:  (1.0, 0.9)|
|deterministic_rewards:  True|
|eval_env:  True|
|num_eval_episodes:  200|
|eval_every:  1|
|deterministic_eval:  False|
|normalize_observations:  True|
|total_timesteps:  60000|
|learning_rate:  0.5|
|optimizer:  sgd|
|unroll_length:  2048|
|anneal_lr:  False|
|gamma:  0.99|
|batch_size:  1|
|num_minibatches:  1|
|update_epochs:  1|
|entropy_cost:  0.0|
|max_grad_norm:  0.5|
|reward_scaling:  1.0|
|use_cnn:  False|
|policy_hidden_layer_sizes:  ()|
|value_hidden_layer_sizes:  ()|
|activation:  <jax._src.custom_derivatives.custom_jvp object at 0x131289950>|
|policy_init_logit_bias:  [0.0, 1.0]|
{'training/total_steps': 2000, 'training/updates': 1, 'training/sps': np.float64(1977.27), 'training/walltime': np.float64(1.011), 'training/rollout_time': np.float64(0.44), 'training/update_time': np.float64(0.572), 'training/approx_kl': 0.0, 'training/entropy': 0.5822030305862427, 'training/policy_loss': -0.2812974750995636, 'training/total_loss': -0.14182265102863312, 'training/value_loss': 0.27894964814186096}
{'eval/num_episodes': 200, 'eval/num_steps': 200, 'eval/mean_score': np.float64(0.926), 'eval/std_score': np.float64(0.044), 'eval/mean_episode_length': np.float64(1.0), 'eval/std_episode_length': np.float64(0.0), 'eval/eval_time': 0.07564902305603027}
{'training/total_steps': 4000, 'training/updates': 2, 'training/sps': np.float64(4993.742), 'training/walltime': np.float64(1.488), 'training/rollout_time': np.float64(0.399), 'training/update_time': np.float64(0.001), 'training/approx_kl': 0.0, 'training/entropy': 0.5887673497200012, 'training/policy_loss': -0.08212675154209137, 'training/total_loss': -0.06643932312726974, 'training/value_loss': 0.03137485682964325}
{'eval/num_episodes': 200, 'eval/num_steps': 200, 'eval/mean_score': np.float64(0.93), 'eval/std_score': np.float64(0.046), 'eval/mean_episode_length': np.float64(1.0), 'eval/std_episode_length': np.float64(0.0), 'eval/eval_time': 0.07599830627441406}
{'training/total_steps': 6000, 'training/updates': 3, 'training/sps': np.float64(4509.907), 'training/walltime': np.float64(2.008), 'training/rollout_time': np.float64(0.442), 'training/update_time': np.float64(0.002), 'training/approx_kl': 0.0, 'training/entropy': 0.5961692333221436, 'training/policy_loss': 0.018348069861531258, 'training/total_loss': 0.019348369911313057, 'training/value_loss': 0.002000601962208748}
{'eval/num_episodes': 200, 'eval/num_steps': 200, 'eval/mean_score': np.float64(0.925), 'eval/std_score': np.float64(0.043), 'eval/mean_episode_length': np.float64(1.0), 'eval/std_episode_length': np.float64(0.0), 'eval/eval_time': 0.08640599250793457}
{'training/total_steps': 8000, 'training/updates': 4, 'training/sps': np.float64(5759.322), 'training/walltime': np.float64(2.442), 'training/rollout_time': np.float64(0.346), 'training/update_time': np.float64(0.001), 'training/approx_kl': 0.0, 'training/entropy': 0.6036071181297302, 'training/policy_loss': 0.0201221015304327, 'training/total_loss': 0.02117598056793213, 'training/value_loss': 0.002107758540660143}
{'eval/num_episodes': 200, 'eval/num_steps': 200, 'eval/mean_score': np.float64(0.923), 'eval/std_score': np.float64(0.042), 'eval/mean_episode_length': np.float64(1.0), 'eval/std_episode_length': np.float64(0.0), 'eval/eval_time': 0.07880496978759766}
{'training/total_steps': 10000, 'training/updates': 5, 'training/sps': np.float64(6263.137), 'training/walltime': np.float64(2.841), 'training/rollout_time': np.float64(0.318), 'training/update_time': np.float64(0.001), 'training/approx_kl': 0.0, 'training/entropy': 0.6112042665481567, 'training/policy_loss': 0.017864855006337166, 'training/total_loss': 0.01891784928739071, 'training/value_loss': 0.0021059890277683735}
{'eval/num_episodes': 200, 'eval/num_steps': 200, 'eval/mean_score': np.float64(0.931), 'eval/std_score': np.float64(0.046), 'eval/mean_episode_length': np.float64(1.0), 'eval/std_episode_length': np.float64(0.0), 'eval/eval_time': 0.07355880737304688}
{'training/total_steps': 12000, 'training/updates': 6, 'training/sps': np.float64(5970.595), 'training/walltime': np.float64(3.249), 'training/rollout_time': np.float64(0.333), 'training/update_time': np.float64(0.002), 'training/approx_kl': 0.0, 'training/entropy': 0.6185614466667175, 'training/policy_loss': 0.017009686678647995, 'training/total_loss': 0.01806466095149517, 'training/value_loss': 0.002109948778524995}
{'eval/num_episodes': 200, 'eval/num_steps': 200, 'eval/mean_score': np.float64(0.941), 'eval/std_score': np.float64(0.049), 'eval/mean_episode_length': np.float64(1.0), 'eval/std_episode_length': np.float64(0.0), 'eval/eval_time': 0.07674908638000488}
{'training/total_steps': 14000, 'training/updates': 7, 'training/sps': np.float64(5892.805), 'training/walltime': np.float64(3.666), 'training/rollout_time': np.float64(0.337), 'training/update_time': np.float64(0.002), 'training/approx_kl': 0.0, 'training/entropy': 0.6256683468818665, 'training/policy_loss': 0.017612220719456673, 'training/total_loss': 0.018700765445828438, 'training/value_loss': 0.0021770878229290247}
{'eval/num_episodes': 200, 'eval/num_steps': 200, 'eval/mean_score': np.float64(0.935), 'eval/std_score': np.float64(0.048), 'eval/mean_episode_length': np.float64(1.0), 'eval/std_episode_length': np.float64(0.0), 'eval/eval_time': 0.07018280029296875}
{'training/total_steps': 16000, 'training/updates': 8, 'training/sps': np.float64(6486.029), 'training/walltime': np.float64(4.045), 'training/rollout_time': np.float64(0.307), 'training/update_time': np.float64(0.001), 'training/approx_kl': 0.0, 'training/entropy': 0.6327000260353088, 'training/policy_loss': 0.01631011627614498, 'training/total_loss': 0.01741165481507778, 'training/value_loss': 0.00220307894051075}
{'eval/num_episodes': 200, 'eval/num_steps': 200, 'eval/mean_score': np.float64(0.927), 'eval/std_score': np.float64(0.044), 'eval/mean_episode_length': np.float64(1.0), 'eval/std_episode_length': np.float64(0.0), 'eval/eval_time': 0.07259488105773926}
{'training/total_steps': 18000, 'training/updates': 9, 'training/sps': np.float64(5882.037), 'training/walltime': np.float64(4.458), 'training/rollout_time': np.float64(0.338), 'training/update_time': np.float64(0.002), 'training/approx_kl': 0.0, 'training/entropy': 0.6395023465156555, 'training/policy_loss': 0.015482892282307148, 'training/total_loss': 0.016597049310803413, 'training/value_loss': 0.0022283135913312435}
{'eval/num_episodes': 200, 'eval/num_steps': 200, 'eval/mean_score': np.float64(0.937), 'eval/std_score': np.float64(0.048), 'eval/mean_episode_length': np.float64(1.0), 'eval/std_episode_length': np.float64(0.0), 'eval/eval_time': 0.07019472122192383}
{'training/total_steps': 20000, 'training/updates': 10, 'training/sps': np.float64(6437.425), 'training/walltime': np.float64(4.839), 'training/rollout_time': np.float64(0.309), 'training/update_time': np.float64(0.002), 'training/approx_kl': 0.0, 'training/entropy': 0.6460374593734741, 'training/policy_loss': 0.015153685584664345, 'training/total_loss': 0.016289835795760155, 'training/value_loss': 0.0022723013535141945}
{'eval/num_episodes': 200, 'eval/num_steps': 200, 'eval/mean_score': np.float64(0.935), 'eval/std_score': np.float64(0.048), 'eval/mean_episode_length': np.float64(1.0), 'eval/std_episode_length': np.float64(0.0), 'eval/eval_time': 0.07261967658996582}
{'training/total_steps': 22000, 'training/updates': 11, 'training/sps': np.float64(6089.075), 'training/walltime': np.float64(5.241), 'training/rollout_time': np.float64(0.327), 'training/update_time': np.float64(0.002), 'training/approx_kl': 0.0, 'training/entropy': 0.6523240208625793, 'training/policy_loss': 0.014238087460398674, 'training/total_loss': 0.015391507185995579, 'training/value_loss': 0.002306838519871235}
{'eval/num_episodes': 200, 'eval/num_steps': 200, 'eval/mean_score': np.float64(0.941), 'eval/std_score': np.float64(0.049), 'eval/mean_episode_length': np.float64(1.0), 'eval/std_episode_length': np.float64(0.0), 'eval/eval_time': 0.07231402397155762}
{'training/total_steps': 24000, 'training/updates': 12, 'training/sps': np.float64(6451.718), 'training/walltime': np.float64(5.623), 'training/rollout_time': np.float64(0.307), 'training/update_time': np.float64(0.003), 'training/approx_kl': 0.0, 'training/entropy': 0.658302903175354, 'training/policy_loss': 0.014359869994223118, 'training/total_loss': 0.015546746551990509, 'training/value_loss': 0.0023737535811960697}
{'eval/num_episodes': 200, 'eval/num_steps': 200, 'eval/mean_score': np.float64(0.94), 'eval/std_score': np.float64(0.049), 'eval/mean_episode_length': np.float64(1.0), 'eval/std_episode_length': np.float64(0.0), 'eval/eval_time': 0.07097291946411133}
{'training/total_steps': 26000, 'training/updates': 13, 'training/sps': np.float64(6495.486), 'training/walltime': np.float64(6.003), 'training/rollout_time': np.float64(0.305), 'training/update_time': np.float64(0.003), 'training/approx_kl': 0.0, 'training/entropy': 0.6640092134475708, 'training/policy_loss': 0.010316828265786171, 'training/total_loss': 0.01148172840476036, 'training/value_loss': 0.0023298002779483795}
{'eval/num_episodes': 200, 'eval/num_steps': 200, 'eval/mean_score': np.float64(0.939), 'eval/std_score': np.float64(0.049), 'eval/mean_episode_length': np.float64(1.0), 'eval/std_episode_length': np.float64(0.0), 'eval/eval_time': 0.07116508483886719}
{'training/total_steps': 28000, 'training/updates': 14, 'training/sps': np.float64(5905.927), 'training/walltime': np.float64(6.413), 'training/rollout_time': np.float64(0.336), 'training/update_time': np.float64(0.003), 'training/approx_kl': -7.772445798082117e-08, 'training/entropy': 0.6691583395004272, 'training/policy_loss': 0.012142442166805267, 'training/total_loss': 0.01333688385784626, 'training/value_loss': 0.0023888826835900545}
{'eval/num_episodes': 200, 'eval/num_steps': 200, 'eval/mean_score': np.float64(0.937), 'eval/std_score': np.float64(0.048), 'eval/mean_episode_length': np.float64(1.0), 'eval/std_episode_length': np.float64(0.0), 'eval/eval_time': 0.07253694534301758}
{'training/total_steps': 30000, 'training/updates': 15, 'training/sps': np.float64(6430.822), 'training/walltime': np.float64(6.797), 'training/rollout_time': np.float64(0.31), 'training/update_time': np.float64(0.001), 'training/approx_kl': 0.0, 'training/entropy': 0.6739445328712463, 'training/policy_loss': 0.00988588947802782, 'training/total_loss': 0.011084050871431828, 'training/value_loss': 0.0023963218554854393}
{'eval/num_episodes': 200, 'eval/num_steps': 200, 'eval/mean_score': np.float64(0.938), 'eval/std_score': np.float64(0.049), 'eval/mean_episode_length': np.float64(1.0), 'eval/std_episode_length': np.float64(0.0), 'eval/eval_time': 0.0716700553894043}
{'training/total_steps': 32000, 'training/updates': 16, 'training/sps': np.float64(5815.371), 'training/walltime': np.float64(7.213), 'training/rollout_time': np.float64(0.342), 'training/update_time': np.float64(0.001), 'training/approx_kl': 0.0, 'training/entropy': 0.6782474517822266, 'training/policy_loss': 0.009152519516646862, 'training/total_loss': 0.010361720807850361, 'training/value_loss': 0.0024184018839150667}
{'eval/num_episodes': 200, 'eval/num_steps': 200, 'eval/mean_score': np.float64(0.943), 'eval/std_score': np.float64(0.05), 'eval/mean_episode_length': np.float64(1.0), 'eval/std_episode_length': np.float64(0.0), 'eval/eval_time': 0.07204794883728027}
{'training/total_steps': 34000, 'training/updates': 17, 'training/sps': np.float64(6506.857), 'training/walltime': np.float64(7.592), 'training/rollout_time': np.float64(0.306), 'training/update_time': np.float64(0.002), 'training/approx_kl': 0.0, 'training/entropy': 0.682057797908783, 'training/policy_loss': 0.009215283207595348, 'training/total_loss': 0.010448448359966278, 'training/value_loss': 0.002466331236064434}
{'eval/num_episodes': 200, 'eval/num_steps': 200, 'eval/mean_score': np.float64(0.941), 'eval/std_score': np.float64(0.049), 'eval/mean_episode_length': np.float64(1.0), 'eval/std_episode_length': np.float64(0.0), 'eval/eval_time': 0.07069706916809082}
{'training/total_steps': 36000, 'training/updates': 18, 'training/sps': np.float64(6419.842), 'training/walltime': np.float64(7.975), 'training/rollout_time': np.float64(0.31), 'training/update_time': np.float64(0.001), 'training/approx_kl': 0.0, 'training/entropy': 0.6853772401809692, 'training/policy_loss': 0.00601130910217762, 'training/total_loss': 0.007239549420773983, 'training/value_loss': 0.0024564811028540134}
{'eval/num_episodes': 200, 'eval/num_steps': 200, 'eval/mean_score': np.float64(0.933), 'eval/std_score': np.float64(0.047), 'eval/mean_episode_length': np.float64(1.0), 'eval/std_episode_length': np.float64(0.0), 'eval/eval_time': 0.07091498374938965}
{'training/total_steps': 38000, 'training/updates': 19, 'training/sps': np.float64(4859.983), 'training/walltime': np.float64(8.458), 'training/rollout_time': np.float64(0.41), 'training/update_time': np.float64(0.002), 'training/approx_kl': 0.0, 'training/entropy': 0.6881142854690552, 'training/policy_loss': 0.00568841677159071, 'training/total_loss': 0.00692356750369072, 'training/value_loss': 0.0024703016970306635}
{'eval/num_episodes': 200, 'eval/num_steps': 200, 'eval/mean_score': np.float64(0.953), 'eval/std_score': np.float64(0.05), 'eval/mean_episode_length': np.float64(1.0), 'eval/std_episode_length': np.float64(0.0), 'eval/eval_time': 0.07499289512634277}
{'training/total_steps': 40000, 'training/updates': 20, 'training/sps': np.float64(6357.419), 'training/walltime': np.float64(8.848), 'training/rollout_time': np.float64(0.313), 'training/update_time': np.float64(0.002), 'training/approx_kl': 0.0, 'training/entropy': 0.6902753114700317, 'training/policy_loss': 0.004205786157399416, 'training/total_loss': 0.005443993024528027, 'training/value_loss': 0.0024764137342572212}
{'eval/num_episodes': 200, 'eval/num_steps': 200, 'eval/mean_score': np.float64(0.947), 'eval/std_score': np.float64(0.05), 'eval/mean_episode_length': np.float64(1.0), 'eval/std_episode_length': np.float64(0.0), 'eval/eval_time': 0.07058405876159668}
{'training/total_steps': 42000, 'training/updates': 21, 'training/sps': np.float64(6519.88), 'training/walltime': np.float64(9.226), 'training/rollout_time': np.float64(0.305), 'training/update_time': np.float64(0.001), 'training/approx_kl': 0.0, 'training/entropy': 0.6918412446975708, 'training/policy_loss': 0.0035466914996504784, 'training/total_loss': 0.00479179248213768, 'training/value_loss': 0.002490201499313116}
{'eval/num_episodes': 200, 'eval/num_steps': 200, 'eval/mean_score': np.float64(0.947), 'eval/std_score': np.float64(0.05), 'eval/mean_episode_length': np.float64(1.0), 'eval/std_episode_length': np.float64(0.0), 'eval/eval_time': 0.07137084007263184}
{'training/total_steps': 44000, 'training/updates': 22, 'training/sps': np.float64(6084.998), 'training/walltime': np.float64(9.626), 'training/rollout_time': np.float64(0.327), 'training/update_time': np.float64(0.001), 'training/approx_kl': 0.0, 'training/entropy': 0.6928024291992188, 'training/policy_loss': 0.0035323011688888073, 'training/total_loss': 0.00478739058598876, 'training/value_loss': 0.0025101786013692617}
{'eval/num_episodes': 200, 'eval/num_steps': 200, 'eval/mean_score': np.float64(0.952), 'eval/std_score': np.float64(0.05), 'eval/mean_episode_length': np.float64(1.0), 'eval/std_episode_length': np.float64(0.0), 'eval/eval_time': 0.0703120231628418}
{'training/total_steps': 46000, 'training/updates': 23, 'training/sps': np.float64(6419.738), 'training/walltime': np.float64(10.008), 'training/rollout_time': np.float64(0.31), 'training/update_time': np.float64(0.001), 'training/approx_kl': 0.0, 'training/entropy': 0.6931463479995728, 'training/policy_loss': -0.00073525111656636, 'training/total_loss': 0.0005144306342117488, 'training/value_loss': 0.0024993636179715395}
{'eval/num_episodes': 200, 'eval/num_steps': 200, 'eval/mean_score': np.float64(0.954), 'eval/std_score': np.float64(0.05), 'eval/mean_episode_length': np.float64(1.0), 'eval/std_episode_length': np.float64(0.0), 'eval/eval_time': 0.07145905494689941}
{'training/total_steps': 48000, 'training/updates': 24, 'training/sps': np.float64(5928.299), 'training/walltime': np.float64(10.417), 'training/rollout_time': np.float64(0.336), 'training/update_time': np.float64(0.001), 'training/approx_kl': 0.0, 'training/entropy': 0.6928653717041016, 'training/policy_loss': -0.0012561751063913107, 'training/total_loss': -7.294183888006955e-06, 'training/value_loss': 0.002497761743143201}
{'eval/num_episodes': 200, 'eval/num_steps': 200, 'eval/mean_score': np.float64(0.954), 'eval/std_score': np.float64(0.05), 'eval/mean_episode_length': np.float64(1.0), 'eval/std_episode_length': np.float64(0.0), 'eval/eval_time': 0.0693359375}
{'training/total_steps': 50000, 'training/updates': 25, 'training/sps': np.float64(6415.236), 'training/walltime': np.float64(10.799), 'training/rollout_time': np.float64(0.31), 'training/update_time': np.float64(0.001), 'training/approx_kl': 0.0, 'training/entropy': 0.6919612288475037, 'training/policy_loss': -7.895243470557034e-05, 'training/total_loss': 0.0011750228004530072, 'training/value_loss': 0.002507950412109494}
{'eval/num_episodes': 200, 'eval/num_steps': 200, 'eval/mean_score': np.float64(0.949), 'eval/std_score': np.float64(0.05), 'eval/mean_episode_length': np.float64(1.0), 'eval/std_episode_length': np.float64(0.0), 'eval/eval_time': 0.07521390914916992}
{'training/total_steps': 52000, 'training/updates': 26, 'training/sps': np.float64(6065.7), 'training/walltime': np.float64(11.204), 'training/rollout_time': np.float64(0.328), 'training/update_time': np.float64(0.001), 'training/approx_kl': 0.0, 'training/entropy': 0.6904398798942566, 'training/policy_loss': -0.0031547939870506525, 'training/total_loss': -0.001908023259602487, 'training/value_loss': 0.002493541454896331}
{'eval/num_episodes': 200, 'eval/num_steps': 200, 'eval/mean_score': np.float64(0.954), 'eval/std_score': np.float64(0.05), 'eval/mean_episode_length': np.float64(1.0), 'eval/std_episode_length': np.float64(0.0), 'eval/eval_time': 0.07110381126403809}
{'training/total_steps': 54000, 'training/updates': 27, 'training/sps': np.float64(5944.351), 'training/walltime': np.float64(11.612), 'training/rollout_time': np.float64(0.335), 'training/update_time': np.float64(0.001), 'training/approx_kl': 0.0, 'training/entropy': 0.688308835029602, 'training/policy_loss': -0.004072566516697407, 'training/total_loss': -0.0028292571660131216, 'training/value_loss': 0.0024866187013685703}
{'eval/num_episodes': 200, 'eval/num_steps': 200, 'eval/mean_score': np.float64(0.956), 'eval/std_score': np.float64(0.05), 'eval/mean_episode_length': np.float64(1.0), 'eval/std_episode_length': np.float64(0.0), 'eval/eval_time': 0.07653498649597168}
{'training/total_steps': 56000, 'training/updates': 28, 'training/sps': np.float64(5836.061), 'training/walltime': np.float64(12.032), 'training/rollout_time': np.float64(0.341), 'training/update_time': np.float64(0.001), 'training/approx_kl': 0.0, 'training/entropy': 0.685585618019104, 'training/policy_loss': -0.004857165738940239, 'training/total_loss': -0.0036215060390532017, 'training/value_loss': 0.0024713193997740746}
{'eval/num_episodes': 200, 'eval/num_steps': 200, 'eval/mean_score': np.float64(0.958), 'eval/std_score': np.float64(0.049), 'eval/mean_episode_length': np.float64(1.0), 'eval/std_episode_length': np.float64(0.0), 'eval/eval_time': 0.07174301147460938}
{'training/total_steps': 58000, 'training/updates': 29, 'training/sps': np.float64(5864.24), 'training/walltime': np.float64(12.445), 'training/rollout_time': np.float64(0.339), 'training/update_time': np.float64(0.002), 'training/approx_kl': 0.0, 'training/entropy': 0.682296872138977, 'training/policy_loss': -0.005905693396925926, 'training/total_loss': -0.004682671278715134, 'training/value_loss': 0.0024460440035909414}
{'eval/num_episodes': 200, 'eval/num_steps': 200, 'eval/mean_score': np.float64(0.963), 'eval/std_score': np.float64(0.048), 'eval/mean_episode_length': np.float64(1.0), 'eval/std_episode_length': np.float64(0.0), 'eval/eval_time': 0.0738368034362793}
{'training/total_steps': 60000, 'training/updates': 30, 'training/sps': np.float64(6412.843), 'training/walltime': np.float64(12.831), 'training/rollout_time': np.float64(0.31), 'training/update_time': np.float64(0.002), 'training/approx_kl': -5.960464477539063e-08, 'training/entropy': 0.6784802675247192, 'training/policy_loss': -0.00725316908210516, 'training/total_loss': -0.006044208537787199, 'training/value_loss': 0.002417921321466565}
{'eval/num_episodes': 200, 'eval/num_steps': 200, 'eval/mean_score': np.float64(0.96), 'eval/std_score': np.float64(0.049), 'eval/mean_episode_length': np.float64(1.0), 'eval/std_episode_length': np.float64(0.0), 'eval/eval_time': 0.07394194602966309}
TRAINING END: training duration: 12.90524411201477
{'final_eval/num_episodes': 200, 'final_eval/num_steps': 200, 'final_eval/mean_score': np.float64(1.0), 'final_eval/std_score': np.float64(0.0), 'final_eval/mean_episode_length': np.float64(1.0), 'final_eval/std_episode_length': np.float64(0.0)}
at64(0.0)}
