|param: value|
|experiment_name:  trpo_procgen|
|seed:  8|
|platform:  cpu|
|write_logs_to_file:  False|
|save_model:  False|
|env_name:  bandit|
|num_envs:  8|
|num_train_levels:  200|
|distribution_mode:  easy|
|arm_means:  (1.0, 0.9)|
|deterministic_rewards:  True|
|eval_env:  True|
|num_eval_episodes:  200|
|eval_every:  1|
|deterministic_eval:  False|
|normalize_observations:  True|
|total_timesteps:  60000|
|learning_rate:  0.01|
|unroll_length:  250|
|anneal_lr:  False|
|gamma:  0.99|
|gae_lambda:  0.95|
|batch_size:  1|
|num_minibatches:  8|
|update_epochs:  10|
|normalize_advantages:  True|
|target_kl:  0.01|
|cg_damping:  0.1|
|cg_max_iterations:  10|
|line_search_max_iter:  10|
|line_search_shrinking_factor:  0.8|
|vf_cost:  1.0|
|max_grad_norm:  0.5|
|reward_scaling:  1.0|
|use_cnn:  False|
|policy_hidden_layer_sizes:  ()|
|value_hidden_layer_sizes:  ()|
|activation:  <jax._src.custom_derivatives.custom_jvp object at 0x10d10a690>|
|policy_init_logit_bias:  [0.0, 4.0]|
|entropy_cost:  0.0|
{'training/total_steps': 2000, 'training/updates': 1, 'training/sps': np.float64(1526.933), 'training/walltime': np.float64(1.31), 'training/rollout_time': np.float64(0.114), 'training/update_time': np.float64(1.196), 'training/iterations': 1.0, 'training/kl_div': 0.008209984749555588, 'training/line_search_success': 1.0, 'training/new_policy_objective': 0.7753374576568604, 'training/policy_objective': 0.5300735235214233, 'training/value_loss': 0.4388159215450287}
{'eval/num_episodes': 200, 'eval/num_steps': 200, 'eval/mean_score': np.float64(0.935), 'eval/std_score': np.float64(0.048), 'eval/mean_episode_length': np.float64(1.0), 'eval/std_episode_length': np.float64(0.0), 'eval/eval_time': 0.06959295272827148}
{'training/total_steps': 4000, 'training/updates': 2, 'training/sps': np.float64(20353.338), 'training/walltime': np.float64(1.495), 'training/rollout_time': np.float64(0.095), 'training/update_time': np.float64(0.003), 'training/iterations': 1.0, 'training/kl_div': 0.008749919943511486, 'training/line_search_success': 1.0, 'training/new_policy_objective': 0.591639518737793, 'training/policy_objective': 0.466996431350708, 'training/value_loss': 0.0015045407926663756}
{'eval/num_episodes': 200, 'eval/num_steps': 200, 'eval/mean_score': np.float64(0.984), 'eval/std_score': np.float64(0.037), 'eval/mean_episode_length': np.float64(1.0), 'eval/std_episode_length': np.float64(0.0), 'eval/eval_time': 0.06928586959838867}
{'training/total_steps': 6000, 'training/updates': 3, 'training/sps': np.float64(20361.836), 'training/walltime': np.float64(1.663), 'training/rollout_time': np.float64(0.095), 'training/update_time': np.float64(0.003), 'training/iterations': 1.0, 'training/kl_div': 0.004530305974185467, 'training/line_search_success': 1.0, 'training/new_policy_objective': 0.3077489733695984, 'training/policy_objective': 0.25829941034317017, 'training/value_loss': 0.0007681904826313257}
{'eval/num_episodes': 200, 'eval/num_steps': 200, 'eval/mean_score': np.float64(0.999), 'eval/std_score': np.float64(0.007), 'eval/mean_episode_length': np.float64(1.0), 'eval/std_episode_length': np.float64(0.0), 'eval/eval_time': 0.0691518783569336}
{'training/total_steps': 8000, 'training/updates': 4, 'training/sps': np.float64(20087.374), 'training/walltime': np.float64(1.832), 'training/rollout_time': np.float64(0.096), 'training/update_time': np.float64(0.003), 'training/iterations': 1.0, 'training/kl_div': 0.002431249711662531, 'training/line_search_success': 1.0, 'training/new_policy_objective': -0.15330876410007477, 'training/policy_objective': -0.2775397300720215, 'training/value_loss': 1.983013135031797e-05}
{'eval/num_episodes': 200, 'eval/num_steps': 200, 'eval/mean_score': np.float64(0.998), 'eval/std_score': np.float64(0.012), 'eval/mean_episode_length': np.float64(1.0), 'eval/std_episode_length': np.float64(0.0), 'eval/eval_time': 0.07406497001647949}
{'training/total_steps': 10000, 'training/updates': 5, 'training/sps': np.float64(20847.426), 'training/walltime': np.float64(2.003), 'training/rollout_time': np.float64(0.093), 'training/update_time': np.float64(0.003), 'training/iterations': 1.0, 'training/kl_div': 0.0005583225865848362, 'training/line_search_success': 1.0, 'training/new_policy_objective': 0.08429604023694992, 'training/policy_objective': 0.07461446523666382, 'training/value_loss': 4.4631637138081715e-05}
{'eval/num_episodes': 200, 'eval/num_steps': 200, 'eval/mean_score': np.float64(1.0), 'eval/std_score': np.float64(0.0), 'eval/mean_episode_length': np.float64(1.0), 'eval/std_episode_length': np.float64(0.0), 'eval/eval_time': 0.07394719123840332}
{'training/total_steps': 12000, 'training/updates': 6, 'training/sps': np.float64(17351.014), 'training/walltime': np.float64(2.192), 'training/rollout_time': np.float64(0.112), 'training/update_time': np.float64(0.003), 'training/iterations': 1.0, 'training/kl_div': 0.0005103009752929211, 'training/line_search_success': 1.0, 'training/new_policy_objective': -0.005772741511464119, 'training/policy_objective': -0.00578088965266943, 'training/value_loss': 3.999309328150957e-08}
{'eval/num_episodes': 200, 'eval/num_steps': 200, 'eval/mean_score': np.float64(1.0), 'eval/std_score': np.float64(0.0), 'eval/mean_episode_length': np.float64(1.0), 'eval/std_episode_length': np.float64(0.0), 'eval/eval_time': 0.07054305076599121}
{'training/total_steps': 14000, 'training/updates': 7, 'training/sps': np.float64(20490.155), 'training/walltime': np.float64(2.361), 'training/rollout_time': np.float64(0.095), 'training/update_time': np.float64(0.003), 'training/iterations': 1.0, 'training/kl_div': 0.0006261267699301243, 'training/line_search_success': 1.0, 'training/new_policy_objective': 0.10509373992681503, 'training/policy_objective': 0.09319128096103668, 'training/value_loss': 6.667814159300178e-05}
{'eval/num_episodes': 200, 'eval/num_steps': 200, 'eval/mean_score': np.float64(1.0), 'eval/std_score': np.float64(0.0), 'eval/mean_episode_length': np.float64(1.0), 'eval/std_episode_length': np.float64(0.0), 'eval/eval_time': 0.06747984886169434}
{'training/total_steps': 16000, 'training/updates': 8, 'training/sps': np.float64(21121.27), 'training/walltime': np.float64(2.524), 'training/rollout_time': np.float64(0.091), 'training/update_time': np.float64(0.003), 'training/iterations': 1.0, 'training/kl_div': 0.0005831578164361417, 'training/line_search_success': 1.0, 'training/new_policy_objective': -0.011474521830677986, 'training/policy_objective': -0.011493178084492683, 'training/value_loss': 8.007918239627543e-08}
{'eval/num_episodes': 200, 'eval/num_steps': 200, 'eval/mean_score': np.float64(0.998), 'eval/std_score': np.float64(0.012), 'eval/mean_episode_length': np.float64(1.0), 'eval/std_episode_length': np.float64(0.0), 'eval/eval_time': 0.07278013229370117}
{'training/total_steps': 18000, 'training/updates': 9, 'training/sps': np.float64(16182.946), 'training/walltime': np.float64(2.72), 'training/rollout_time': np.float64(0.12), 'training/update_time': np.float64(0.003), 'training/iterations': 1.0, 'training/kl_div': nan, 'training/line_search_success': 0.875, 'training/new_policy_objective': nan, 'training/policy_objective': 0.08058319240808487, 'training/value_loss': 7.156695937737823e-05}
{'eval/num_episodes': 200, 'eval/num_steps': 200, 'eval/mean_score': np.float64(1.0), 'eval/std_score': np.float64(0.0), 'eval/mean_episode_length': np.float64(1.0), 'eval/std_episode_length': np.float64(0.0), 'eval/eval_time': 0.06742382049560547}
{'training/total_steps': 20000, 'training/updates': 10, 'training/sps': np.float64(20450.343), 'training/walltime': np.float64(2.886), 'training/rollout_time': np.float64(0.095), 'training/update_time': np.float64(0.003), 'training/iterations': 1.0, 'training/kl_div': nan, 'training/line_search_success': 0.0, 'training/new_policy_objective': nan, 'training/policy_objective': 0.0, 'training/value_loss': 7.088138431754487e-08}
{'eval/num_episodes': 200, 'eval/num_steps': 200, 'eval/mean_score': np.float64(1.0), 'eval/std_score': np.float64(0.0), 'eval/mean_episode_length': np.float64(1.0), 'eval/std_episode_length': np.float64(0.0), 'eval/eval_time': 0.0712728500366211}
{'training/total_steps': 22000, 'training/updates': 11, 'training/sps': np.float64(20707.755), 'training/walltime': np.float64(3.054), 'training/rollout_time': np.float64(0.093), 'training/update_time': np.float64(0.003), 'training/iterations': 1.0, 'training/kl_div': nan, 'training/line_search_success': 0.0, 'training/new_policy_objective': nan, 'training/policy_objective': 0.0, 'training/value_loss': 1.1741852282143306e-11}
{'eval/num_episodes': 200, 'eval/num_steps': 200, 'eval/mean_score': np.float64(1.0), 'eval/std_score': np.float64(0.0), 'eval/mean_episode_length': np.float64(1.0), 'eval/std_episode_length': np.float64(0.0), 'eval/eval_time': 0.06928205490112305}
{'training/total_steps': 24000, 'training/updates': 12, 'training/sps': np.float64(19694.111), 'training/walltime': np.float64(3.226), 'training/rollout_time': np.float64(0.098), 'training/update_time': np.float64(0.003), 'training/iterations': 1.0, 'training/kl_div': nan, 'training/line_search_success': 0.0, 'training/new_policy_objective': nan, 'training/policy_objective': 0.0, 'training/value_loss': 1.3766766140626652e-15}
{'eval/num_episodes': 200, 'eval/num_steps': 200, 'eval/mean_score': np.float64(1.0), 'eval/std_score': np.float64(0.0), 'eval/mean_episode_length': np.float64(1.0), 'eval/std_episode_length': np.float64(0.0), 'eval/eval_time': 0.0721580982208252}
{'training/total_steps': 26000, 'training/updates': 13, 'training/sps': np.float64(20340.704), 'training/walltime': np.float64(3.397), 'training/rollout_time': np.float64(0.095), 'training/update_time': np.float64(0.003), 'training/iterations': 1.0, 'training/kl_div': nan, 'training/line_search_success': 0.0, 'training/new_policy_objective': nan, 'training/policy_objective': 0.0, 'training/value_loss': 0.0}
{'eval/num_episodes': 200, 'eval/num_steps': 200, 'eval/mean_score': np.float64(1.0), 'eval/std_score': np.float64(0.0), 'eval/mean_episode_length': np.float64(1.0), 'eval/std_episode_length': np.float64(0.0), 'eval/eval_time': 0.06942892074584961}
{'training/total_steps': 28000, 'training/updates': 14, 'training/sps': np.float64(20755.456), 'training/walltime': np.float64(3.563), 'training/rollout_time': np.float64(0.093), 'training/update_time': np.float64(0.003), 'training/iterations': 1.0, 'training/kl_div': nan, 'training/line_search_success': 0.0, 'training/new_policy_objective': nan, 'training/policy_objective': 0.0, 'training/value_loss': 0.0}
{'eval/num_episodes': 200, 'eval/num_steps': 200, 'eval/mean_score': np.float64(1.0), 'eval/std_score': np.float64(0.0), 'eval/mean_episode_length': np.float64(1.0), 'eval/std_episode_length': np.float64(0.0), 'eval/eval_time': 0.06891798973083496}
{'training/total_steps': 30000, 'training/updates': 15, 'training/sps': np.float64(20389.204), 'training/walltime': np.float64(3.73), 'training/rollout_time': np.float64(0.095), 'training/update_time': np.float64(0.003), 'training/iterations': 1.0, 'training/kl_div': nan, 'training/line_search_success': 0.0, 'training/new_policy_objective': nan, 'training/policy_objective': 0.0, 'training/value_loss': 0.0}
{'eval/num_episodes': 200, 'eval/num_steps': 200, 'eval/mean_score': np.float64(1.0), 'eval/std_score': np.float64(0.0), 'eval/mean_episode_length': np.float64(1.0), 'eval/std_episode_length': np.float64(0.0), 'eval/eval_time': 0.07605600357055664}
{'training/total_steps': 32000, 'training/updates': 16, 'training/sps': np.float64(20489.655), 'training/walltime': np.float64(3.904), 'training/rollout_time': np.float64(0.095), 'training/update_time': np.float64(0.003), 'training/iterations': 1.0, 'training/kl_div': nan, 'training/line_search_success': 0.0, 'training/new_policy_objective': nan, 'training/policy_objective': 0.0, 'training/value_loss': 0.0}
{'eval/num_episodes': 200, 'eval/num_steps': 200, 'eval/mean_score': np.float64(1.0), 'eval/std_score': np.float64(0.0), 'eval/mean_episode_length': np.float64(1.0), 'eval/std_episode_length': np.float64(0.0), 'eval/eval_time': 0.07084202766418457}
{'training/total_steps': 34000, 'training/updates': 17, 'training/sps': np.float64(20855.045), 'training/walltime': np.float64(4.072), 'training/rollout_time': np.float64(0.093), 'training/update_time': np.float64(0.003), 'training/iterations': 1.0, 'training/kl_div': nan, 'training/line_search_success': 0.0, 'training/new_policy_objective': nan, 'training/policy_objective': 0.0, 'training/value_loss': 0.0}
{'eval/num_episodes': 200, 'eval/num_steps': 200, 'eval/mean_score': np.float64(0.999), 'eval/std_score': np.float64(0.007), 'eval/mean_episode_length': np.float64(1.0), 'eval/std_episode_length': np.float64(0.0), 'eval/eval_time': 0.0704948902130127}
{'training/total_steps': 36000, 'training/updates': 18, 'training/sps': np.float64(19617.244), 'training/walltime': np.float64(4.244), 'training/rollout_time': np.float64(0.097), 'training/update_time': np.float64(0.005), 'training/iterations': 1.0, 'training/kl_div': nan, 'training/line_search_success': 0.0, 'training/new_policy_objective': nan, 'training/policy_objective': 0.0, 'training/value_loss': 0.0}
{'eval/num_episodes': 200, 'eval/num_steps': 200, 'eval/mean_score': np.float64(1.0), 'eval/std_score': np.float64(0.0), 'eval/mean_episode_length': np.float64(1.0), 'eval/std_episode_length': np.float64(0.0), 'eval/eval_time': 0.07116174697875977}
{'training/total_steps': 38000, 'training/updates': 19, 'training/sps': np.float64(20620.913), 'training/walltime': np.float64(4.413), 'training/rollout_time': np.float64(0.094), 'training/update_time': np.float64(0.003), 'training/iterations': 1.0, 'training/kl_div': nan, 'training/line_search_success': 0.0, 'training/new_policy_objective': nan, 'training/policy_objective': 0.0, 'training/value_loss': 0.0}
{'eval/num_episodes': 200, 'eval/num_steps': 200, 'eval/mean_score': np.float64(1.0), 'eval/std_score': np.float64(0.0), 'eval/mean_episode_length': np.float64(1.0), 'eval/std_episode_length': np.float64(0.0), 'eval/eval_time': 0.07101297378540039}
{'training/total_steps': 40000, 'training/updates': 20, 'training/sps': np.float64(21007.758), 'training/walltime': np.float64(4.58), 'training/rollout_time': np.float64(0.092), 'training/update_time': np.float64(0.003), 'training/iterations': 1.0, 'training/kl_div': nan, 'training/line_search_success': 0.0, 'training/new_policy_objective': nan, 'training/policy_objective': 0.0, 'training/value_loss': 0.0}
{'eval/num_episodes': 200, 'eval/num_steps': 200, 'eval/mean_score': np.float64(1.0), 'eval/std_score': np.float64(0.0), 'eval/mean_episode_length': np.float64(1.0), 'eval/std_episode_length': np.float64(0.0), 'eval/eval_time': 0.0705728530883789}
{'training/total_steps': 42000, 'training/updates': 21, 'training/sps': np.float64(20582.258), 'training/walltime': np.float64(4.748), 'training/rollout_time': np.float64(0.094), 'training/update_time': np.float64(0.003), 'training/iterations': 1.0, 'training/kl_div': nan, 'training/line_search_success': 0.0, 'training/new_policy_objective': nan, 'training/policy_objective': 0.0, 'training/value_loss': 0.0}
{'eval/num_episodes': 200, 'eval/num_steps': 200, 'eval/mean_score': np.float64(1.0), 'eval/std_score': np.float64(0.0), 'eval/mean_episode_length': np.float64(1.0), 'eval/std_episode_length': np.float64(0.0), 'eval/eval_time': 0.07341217994689941}
{'training/total_steps': 44000, 'training/updates': 22, 'training/sps': np.float64(20210.591), 'training/walltime': np.float64(4.921), 'training/rollout_time': np.float64(0.096), 'training/update_time': np.float64(0.003), 'training/iterations': 1.0, 'training/kl_div': nan, 'training/line_search_success': 0.0, 'training/new_policy_objective': nan, 'training/policy_objective': 0.0, 'training/value_loss': 0.0}
{'eval/num_episodes': 200, 'eval/num_steps': 200, 'eval/mean_score': np.float64(1.0), 'eval/std_score': np.float64(0.0), 'eval/mean_episode_length': np.float64(1.0), 'eval/std_episode_length': np.float64(0.0), 'eval/eval_time': 0.06971287727355957}
{'training/total_steps': 46000, 'training/updates': 23, 'training/sps': np.float64(20388.857), 'training/walltime': np.float64(5.089), 'training/rollout_time': np.float64(0.095), 'training/update_time': np.float64(0.003), 'training/iterations': 1.0, 'training/kl_div': nan, 'training/line_search_success': 0.0, 'training/new_policy_objective': nan, 'training/policy_objective': 0.0, 'training/value_loss': 0.0}
{'eval/num_episodes': 200, 'eval/num_steps': 200, 'eval/mean_score': np.float64(1.0), 'eval/std_score': np.float64(0.0), 'eval/mean_episode_length': np.float64(1.0), 'eval/std_episode_length': np.float64(0.0), 'eval/eval_time': 0.07147693634033203}
{'training/total_steps': 48000, 'training/updates': 24, 'training/sps': np.float64(20810.757), 'training/walltime': np.float64(5.257), 'training/rollout_time': np.float64(0.093), 'training/update_time': np.float64(0.003), 'training/iterations': 1.0, 'training/kl_div': nan, 'training/line_search_success': 0.0, 'training/new_policy_objective': nan, 'training/policy_objective': 0.0, 'training/value_loss': 0.0}
{'eval/num_episodes': 200, 'eval/num_steps': 200, 'eval/mean_score': np.float64(1.0), 'eval/std_score': np.float64(0.0), 'eval/mean_episode_length': np.float64(1.0), 'eval/std_episode_length': np.float64(0.0), 'eval/eval_time': 0.06952381134033203}
{'training/total_steps': 50000, 'training/updates': 25, 'training/sps': np.float64(19892.218), 'training/walltime': np.float64(5.427), 'training/rollout_time': np.float64(0.095), 'training/update_time': np.float64(0.005), 'training/iterations': 1.0, 'training/kl_div': nan, 'training/line_search_success': 0.0, 'training/new_policy_objective': nan, 'training/policy_objective': 0.0, 'training/value_loss': 0.0}
{'eval/num_episodes': 200, 'eval/num_steps': 200, 'eval/mean_score': np.float64(1.0), 'eval/std_score': np.float64(0.0), 'eval/mean_episode_length': np.float64(1.0), 'eval/std_episode_length': np.float64(0.0), 'eval/eval_time': 0.07491588592529297}
{'training/total_steps': 52000, 'training/updates': 26, 'training/sps': np.float64(19768.927), 'training/walltime': np.float64(5.604), 'training/rollout_time': np.float64(0.098), 'training/update_time': np.float64(0.003), 'training/iterations': 1.0, 'training/kl_div': nan, 'training/line_search_success': 0.0, 'training/new_policy_objective': nan, 'training/policy_objective': 0.0, 'training/value_loss': 0.0}
{'eval/num_episodes': 200, 'eval/num_steps': 200, 'eval/mean_score': np.float64(1.0), 'eval/std_score': np.float64(0.0), 'eval/mean_episode_length': np.float64(1.0), 'eval/std_episode_length': np.float64(0.0), 'eval/eval_time': 0.07037687301635742}
{'training/total_steps': 54000, 'training/updates': 27, 'training/sps': np.float64(21082.149), 'training/walltime': np.float64(5.77), 'training/rollout_time': np.float64(0.092), 'training/update_time': np.float64(0.003), 'training/iterations': 1.0, 'training/kl_div': nan, 'training/line_search_success': 0.0, 'training/new_policy_objective': nan, 'training/policy_objective': 0.0, 'training/value_loss': 0.0}
{'eval/num_episodes': 200, 'eval/num_steps': 200, 'eval/mean_score': np.float64(1.0), 'eval/std_score': np.float64(0.0), 'eval/mean_episode_length': np.float64(1.0), 'eval/std_episode_length': np.float64(0.0), 'eval/eval_time': 0.06963992118835449}
{'training/total_steps': 56000, 'training/updates': 28, 'training/sps': np.float64(15940.681), 'training/walltime': np.float64(5.965), 'training/rollout_time': np.float64(0.118), 'training/update_time': np.float64(0.008), 'training/iterations': 1.0, 'training/kl_div': nan, 'training/line_search_success': 0.0, 'training/new_policy_objective': nan, 'training/policy_objective': 0.0, 'training/value_loss': 0.0}
{'eval/num_episodes': 200, 'eval/num_steps': 200, 'eval/mean_score': np.float64(1.0), 'eval/std_score': np.float64(0.0), 'eval/mean_episode_length': np.float64(1.0), 'eval/std_episode_length': np.float64(0.0), 'eval/eval_time': 0.07713103294372559}
{'training/total_steps': 58000, 'training/updates': 29, 'training/sps': np.float64(18984.335), 'training/walltime': np.float64(6.148), 'training/rollout_time': np.float64(0.102), 'training/update_time': np.float64(0.003), 'training/iterations': 1.0, 'training/kl_div': nan, 'training/line_search_success': 0.0, 'training/new_policy_objective': nan, 'training/policy_objective': 0.0, 'training/value_loss': 0.0}
{'eval/num_episodes': 200, 'eval/num_steps': 200, 'eval/mean_score': np.float64(1.0), 'eval/std_score': np.float64(0.0), 'eval/mean_episode_length': np.float64(1.0), 'eval/std_episode_length': np.float64(0.0), 'eval/eval_time': 0.07812309265136719}
{'training/total_steps': 60000, 'training/updates': 30, 'training/sps': np.float64(18815.246), 'training/walltime': np.float64(6.333), 'training/rollout_time': np.float64(0.103), 'training/update_time': np.float64(0.003), 'training/iterations': 1.0, 'training/kl_div': nan, 'training/line_search_success': 0.0, 'training/new_policy_objective': nan, 'training/policy_objective': 0.0, 'training/value_loss': 0.0}
{'eval/num_episodes': 200, 'eval/num_steps': 200, 'eval/mean_score': np.float64(1.0), 'eval/std_score': np.float64(0.0), 'eval/mean_episode_length': np.float64(1.0), 'eval/std_episode_length': np.float64(0.0), 'eval/eval_time': 0.07378673553466797}
TRAINING END: training duration: 6.407128095626831
{'final_eval/num_episodes': 200, 'final_eval/num_steps': 200, 'final_eval/mean_score': np.float64(1.0), 'final_eval/std_score': np.float64(0.0), 'final_eval/mean_episode_length': np.float64(1.0), 'final_eval/std_episode_length': np.float64(0.0)}
