|param: value|
|experiment_name:  cleanba_ppo|
|seed:  9|
|platform:  cpu|
|write_logs_to_file:  False|
|save_model:  False|
|env_name:  bandit|
|num_envs:  8|
|num_train_levels:  200|
|distribution_mode:  easy|
|arm_means:  (1.0, 0.9)|
|deterministic_rewards:  True|
|eval_env:  True|
|num_eval_episodes:  200|
|eval_every:  1|
|deterministic_eval:  False|
|total_timesteps:  60000|
|learning_rate:  0.00025|
|adam_eps:  1e-05|
|unroll_length:  250|
|anneal_lr:  False|
|gamma:  0.99|
|gae_lambda:  0.95|
|num_minibatches:  4|
|update_epochs:  4|
|normalize_advantages:  True|
|clip_eps:  0.1|
|clip_vloss:  True|
|entropy_cost:  0.0|
|vf_cost:  0.5|
|max_grad_norm:  0.5|
|use_cnn:  False|
|policy_hidden_layer_sizes:  ()|
|value_hidden_layer_sizes:  ()|
|activation:  <jax._src.custom_derivatives.custom_jvp object at 0x1297c7890>|
|policy_init_logit_bias:  [4.0, 0.0]|
{'training/total_steps': 2000, 'training/updates': 1, 'training/sps': np.float64(2323.771), 'training/walltime': np.float64(0.861), 'training/rollout_time': np.float64(0.404), 'training/update_time': np.float64(0.457), 'training/approx_kl': 2.0677728116424987e-06, 'training/entropy': 0.08915065228939056, 'training/policy_loss': -0.0019802944734692574, 'training/total_loss': 0.09204931557178497, 'training/value_loss': 0.18805921077728271}
{'eval/num_episodes': 200, 'eval/num_steps': 200, 'eval/mean_score': np.float64(0.999), 'eval/std_score': np.float64(0.01), 'eval/mean_episode_length': np.float64(1.0), 'eval/std_episode_length': np.float64(0.0), 'eval/eval_time': 0.0719301700592041}
{'training/total_steps': 4000, 'training/updates': 2, 'training/sps': np.float64(13617.406), 'training/walltime': np.float64(1.08), 'training/rollout_time': np.float64(0.135), 'training/update_time': np.float64(0.012), 'training/approx_kl': 1.6635182191748754e-06, 'training/entropy': 0.08805080503225327, 'training/policy_loss': -0.001821671612560749, 'training/total_loss': 0.08985067158937454, 'training/value_loss': 0.18334467709064484}
{'eval/num_episodes': 200, 'eval/num_steps': 200, 'eval/mean_score': np.float64(0.998), 'eval/std_score': np.float64(0.012), 'eval/mean_episode_length': np.float64(1.0), 'eval/std_episode_length': np.float64(0.0), 'eval/eval_time': 0.07479405403137207}
{'training/total_steps': 6000, 'training/updates': 3, 'training/sps': np.float64(13779.239), 'training/walltime': np.float64(1.3), 'training/rollout_time': np.float64(0.133), 'training/update_time': np.float64(0.012), 'training/approx_kl': 1.7121909650086309e-06, 'training/entropy': 0.08697724342346191, 'training/policy_loss': -0.0018309940351173282, 'training/total_loss': 0.0874229148030281, 'training/value_loss': 0.17850781977176666}
{'eval/num_episodes': 200, 'eval/num_steps': 200, 'eval/mean_score': np.float64(0.997), 'eval/std_score': np.float64(0.016), 'eval/mean_episode_length': np.float64(1.0), 'eval/std_episode_length': np.float64(0.0), 'eval/eval_time': 0.12598824501037598}
{'training/total_steps': 8000, 'training/updates': 4, 'training/sps': np.float64(12900.887), 'training/walltime': np.float64(1.582), 'training/rollout_time': np.float64(0.147), 'training/update_time': np.float64(0.008), 'training/approx_kl': 1.336386503680842e-06, 'training/entropy': 0.08592355251312256, 'training/policy_loss': -0.0016256258822977543, 'training/total_loss': 0.08535278588533401, 'training/value_loss': 0.17395682632923126}
{'eval/num_episodes': 200, 'eval/num_steps': 200, 'eval/mean_score': np.float64(1.0), 'eval/std_score': np.float64(0.0), 'eval/mean_episode_length': np.float64(1.0), 'eval/std_episode_length': np.float64(0.0), 'eval/eval_time': 0.08067917823791504}
{'training/total_steps': 10000, 'training/updates': 5, 'training/sps': np.float64(12063.743), 'training/walltime': np.float64(1.828), 'training/rollout_time': np.float64(0.158), 'training/update_time': np.float64(0.008), 'training/approx_kl': 2.093615876219701e-06, 'training/entropy': 0.08484746515750885, 'training/policy_loss': -0.0020306818187236786, 'training/total_loss': 0.08244442939758301, 'training/value_loss': 0.16895022988319397}
{'eval/num_episodes': 200, 'eval/num_steps': 200, 'eval/mean_score': np.float64(0.998), 'eval/std_score': np.float64(0.012), 'eval/mean_episode_length': np.float64(1.0), 'eval/std_episode_length': np.float64(0.0), 'eval/eval_time': 0.07169103622436523}
{'training/total_steps': 12000, 'training/updates': 6, 'training/sps': np.float64(14295.027), 'training/walltime': np.float64(2.04), 'training/rollout_time': np.float64(0.132), 'training/update_time': np.float64(0.008), 'training/approx_kl': 9.264294931199402e-07, 'training/entropy': 0.08384694159030914, 'training/policy_loss': -0.0013330860529094934, 'training/total_loss': 0.08117154240608215, 'training/value_loss': 0.1650092601776123}
{'eval/num_episodes': 200, 'eval/num_steps': 200, 'eval/mean_score': np.float64(0.999), 'eval/std_score': np.float64(0.007), 'eval/mean_episode_length': np.float64(1.0), 'eval/std_episode_length': np.float64(0.0), 'eval/eval_time': 0.07065010070800781}
{'training/total_steps': 14000, 'training/updates': 7, 'training/sps': np.float64(14143.308), 'training/walltime': np.float64(2.253), 'training/rollout_time': np.float64(0.134), 'training/update_time': np.float64(0.008), 'training/approx_kl': 1.15496391117631e-06, 'training/entropy': 0.08290411531925201, 'training/policy_loss': -0.001479997532442212, 'training/total_loss': 0.07867544144392014, 'training/value_loss': 0.16031087934970856}
{'eval/num_episodes': 200, 'eval/num_steps': 200, 'eval/mean_score': np.float64(0.999), 'eval/std_score': np.float64(0.007), 'eval/mean_episode_length': np.float64(1.0), 'eval/std_episode_length': np.float64(0.0), 'eval/eval_time': 0.07153582572937012}
{'training/total_steps': 16000, 'training/updates': 8, 'training/sps': np.float64(8478.214), 'training/walltime': np.float64(2.56), 'training/rollout_time': np.float64(0.228), 'training/update_time': np.float64(0.008), 'training/approx_kl': 1.9559079191822093e-06, 'training/entropy': 0.08186973631381989, 'training/policy_loss': -0.0019490810809656978, 'training/total_loss': 0.07586599141359329, 'training/value_loss': 0.15563015639781952}
{'eval/num_episodes': 200, 'eval/num_steps': 200, 'eval/mean_score': np.float64(0.999), 'eval/std_score': np.float64(0.007), 'eval/mean_episode_length': np.float64(1.0), 'eval/std_episode_length': np.float64(0.0), 'eval/eval_time': 0.07151389122009277}
{'training/total_steps': 18000, 'training/updates': 9, 'training/sps': np.float64(14330.829), 'training/walltime': np.float64(2.772), 'training/rollout_time': np.float64(0.13), 'training/update_time': np.float64(0.01), 'training/approx_kl': 1.4489080513158115e-06, 'training/entropy': 0.08083480596542358, 'training/policy_loss': -0.001661193440668285, 'training/total_loss': 0.07416526228189468, 'training/value_loss': 0.15165290236473083}
{'eval/num_episodes': 200, 'eval/num_steps': 200, 'eval/mean_score': np.float64(0.997), 'eval/std_score': np.float64(0.016), 'eval/mean_episode_length': np.float64(1.0), 'eval/std_episode_length': np.float64(0.0), 'eval/eval_time': 0.07377791404724121}
{'training/total_steps': 20000, 'training/updates': 10, 'training/sps': np.float64(14415.15), 'training/walltime': np.float64(2.985), 'training/rollout_time': np.float64(0.131), 'training/update_time': np.float64(0.008), 'training/approx_kl': 1.2545945082820253e-06, 'training/entropy': 0.07986367493867874, 'training/policy_loss': -0.001567797502502799, 'training/total_loss': 0.07217220962047577, 'training/value_loss': 0.14748001098632812}
{'eval/num_episodes': 200, 'eval/num_steps': 200, 'eval/mean_score': np.float64(0.996), 'eval/std_score': np.float64(0.02), 'eval/mean_episode_length': np.float64(1.0), 'eval/std_episode_length': np.float64(0.0), 'eval/eval_time': 0.07319283485412598}
{'training/total_steps': 22000, 'training/updates': 11, 'training/sps': np.float64(14517.257), 'training/walltime': np.float64(3.196), 'training/rollout_time': np.float64(0.13), 'training/update_time': np.float64(0.008), 'training/approx_kl': 1.88474632523139e-06, 'training/entropy': 0.07886119186878204, 'training/policy_loss': -0.0018965592607855797, 'training/total_loss': 0.06966949254274368, 'training/value_loss': 0.14313212037086487}
{'eval/num_episodes': 200, 'eval/num_steps': 200, 'eval/mean_score': np.float64(0.998), 'eval/std_score': np.float64(0.012), 'eval/mean_episode_length': np.float64(1.0), 'eval/std_episode_length': np.float64(0.0), 'eval/eval_time': 0.07313895225524902}
{'training/total_steps': 24000, 'training/updates': 12, 'training/sps': np.float64(14396.299), 'training/walltime': np.float64(3.408), 'training/rollout_time': np.float64(0.131), 'training/update_time': np.float64(0.008), 'training/approx_kl': 1.7906884295371128e-06, 'training/entropy': 0.0778440535068512, 'training/policy_loss': -0.0017709635430946946, 'training/total_loss': 0.06783045828342438, 'training/value_loss': 0.13920286297798157}
{'eval/num_episodes': 200, 'eval/num_steps': 200, 'eval/mean_score': np.float64(0.999), 'eval/std_score': np.float64(0.01), 'eval/mean_episode_length': np.float64(1.0), 'eval/std_episode_length': np.float64(0.0), 'eval/eval_time': 0.0689699649810791}
{'training/total_steps': 26000, 'training/updates': 13, 'training/sps': np.float64(14558.475), 'training/walltime': np.float64(3.615), 'training/rollout_time': np.float64(0.129), 'training/update_time': np.float64(0.008), 'training/approx_kl': 1.4776298939978005e-06, 'training/entropy': 0.07687586545944214, 'training/policy_loss': -0.0016951120924204588, 'training/total_loss': 0.06599912792444229, 'training/value_loss': 0.13538849353790283}
{'eval/num_episodes': 200, 'eval/num_steps': 200, 'eval/mean_score': np.float64(0.998), 'eval/std_score': np.float64(0.014), 'eval/mean_episode_length': np.float64(1.0), 'eval/std_episode_length': np.float64(0.0), 'eval/eval_time': 0.07055807113647461}
{'training/total_steps': 28000, 'training/updates': 14, 'training/sps': np.float64(13903.478), 'training/walltime': np.float64(3.83), 'training/rollout_time': np.float64(0.136), 'training/update_time': np.float64(0.008), 'training/approx_kl': 1.1725766171366558e-06, 'training/entropy': 0.07595816999673843, 'training/policy_loss': -0.0014903531409800053, 'training/total_loss': 0.06434303522109985, 'training/value_loss': 0.13166677951812744}
{'eval/num_episodes': 200, 'eval/num_steps': 200, 'eval/mean_score': np.float64(0.999), 'eval/std_score': np.float64(0.01), 'eval/mean_episode_length': np.float64(1.0), 'eval/std_episode_length': np.float64(0.0), 'eval/eval_time': 0.07596898078918457}
{'training/total_steps': 30000, 'training/updates': 15, 'training/sps': np.float64(10423.389), 'training/walltime': np.float64(4.098), 'training/rollout_time': np.float64(0.184), 'training/update_time': np.float64(0.008), 'training/approx_kl': 7.278011366906867e-07, 'training/entropy': 0.0751316100358963, 'training/policy_loss': -0.0011066930601373315, 'training/total_loss': 0.06293871998786926, 'training/value_loss': 0.12809082865715027}
{'eval/num_episodes': 200, 'eval/num_steps': 200, 'eval/mean_score': np.float64(0.997), 'eval/std_score': np.float64(0.016), 'eval/mean_episode_length': np.float64(1.0), 'eval/std_episode_length': np.float64(0.0), 'eval/eval_time': 0.07463192939758301}
{'training/total_steps': 32000, 'training/updates': 16, 'training/sps': np.float64(14146.766), 'training/walltime': np.float64(4.314), 'training/rollout_time': np.float64(0.133), 'training/update_time': np.float64(0.008), 'training/approx_kl': 7.610553893755423e-07, 'training/entropy': 0.07435111701488495, 'training/policy_loss': -0.0011740392073988914, 'training/total_loss': 0.06098666787147522, 'training/value_loss': 0.12432141602039337}
{'eval/num_episodes': 200, 'eval/num_steps': 200, 'eval/mean_score': np.float64(0.997), 'eval/std_score': np.float64(0.016), 'eval/mean_episode_length': np.float64(1.0), 'eval/std_episode_length': np.float64(0.0), 'eval/eval_time': 0.07354211807250977}
{'training/total_steps': 34000, 'training/updates': 17, 'training/sps': np.float64(12521.843), 'training/walltime': np.float64(4.548), 'training/rollout_time': np.float64(0.152), 'training/update_time': np.float64(0.008), 'training/approx_kl': 1.6727811953387572e-06, 'training/entropy': 0.07346880435943604, 'training/policy_loss': -0.0018215024610981345, 'training/total_loss': 0.05836805701255798, 'training/value_loss': 0.12037912011146545}
{'eval/num_episodes': 200, 'eval/num_steps': 200, 'eval/mean_score': np.float64(0.998), 'eval/std_score': np.float64(0.012), 'eval/mean_episode_length': np.float64(1.0), 'eval/std_episode_length': np.float64(0.0), 'eval/eval_time': 0.07072806358337402}
{'training/total_steps': 36000, 'training/updates': 18, 'training/sps': np.float64(14729.492), 'training/walltime': np.float64(4.754), 'training/rollout_time': np.float64(0.128), 'training/update_time': np.float64(0.008), 'training/approx_kl': 9.19109709229815e-07, 'training/entropy': 0.07259266078472137, 'training/policy_loss': -0.0012912469683215022, 'training/total_loss': 0.057342782616615295, 'training/value_loss': 0.11726805567741394}
{'eval/num_episodes': 200, 'eval/num_steps': 200, 'eval/mean_score': np.float64(0.999), 'eval/std_score': np.float64(0.01), 'eval/mean_episode_length': np.float64(1.0), 'eval/std_episode_length': np.float64(0.0), 'eval/eval_time': 0.07250404357910156}
{'training/total_steps': 38000, 'training/updates': 19, 'training/sps': np.float64(13779.126), 'training/walltime': np.float64(4.972), 'training/rollout_time': np.float64(0.137), 'training/update_time': np.float64(0.008), 'training/approx_kl': 5.678087973137735e-07, 'training/entropy': 0.07184723019599915, 'training/policy_loss': -0.0010344396578148007, 'training/total_loss': 0.055913522839546204, 'training/value_loss': 0.11389593034982681}
{'eval/num_episodes': 200, 'eval/num_steps': 200, 'eval/mean_score': np.float64(1.0), 'eval/std_score': np.float64(0.0), 'eval/mean_episode_length': np.float64(1.0), 'eval/std_episode_length': np.float64(0.0), 'eval/eval_time': 0.07393574714660645}
{'training/total_steps': 40000, 'training/updates': 20, 'training/sps': np.float64(14135.157), 'training/walltime': np.float64(5.188), 'training/rollout_time': np.float64(0.134), 'training/update_time': np.float64(0.008), 'training/approx_kl': 7.965062422954361e-07, 'training/entropy': 0.07109185308218002, 'training/policy_loss': -0.0012243487872183323, 'training/total_loss': 0.053991176187992096, 'training/value_loss': 0.11043105274438858}
{'eval/num_episodes': 200, 'eval/num_steps': 200, 'eval/mean_score': np.float64(0.999), 'eval/std_score': np.float64(0.007), 'eval/mean_episode_length': np.float64(1.0), 'eval/std_episode_length': np.float64(0.0), 'eval/eval_time': 0.0705881118774414}
{'training/total_steps': 42000, 'training/updates': 21, 'training/sps': np.float64(14494.255), 'training/walltime': np.float64(5.397), 'training/rollout_time': np.float64(0.13), 'training/update_time': np.float64(0.008), 'training/approx_kl': 1.1816002825071337e-06, 'training/entropy': 0.07027038186788559, 'training/policy_loss': -0.0015066929627209902, 'training/total_loss': 0.052006796002388, 'training/value_loss': 0.10702697187662125}
{'eval/num_episodes': 200, 'eval/num_steps': 200, 'eval/mean_score': np.float64(0.999), 'eval/std_score': np.float64(0.007), 'eval/mean_episode_length': np.float64(1.0), 'eval/std_episode_length': np.float64(0.0), 'eval/eval_time': 0.07242274284362793}
{'training/total_steps': 44000, 'training/updates': 22, 'training/sps': np.float64(14477.445), 'training/walltime': np.float64(5.608), 'training/rollout_time': np.float64(0.13), 'training/update_time': np.float64(0.008), 'training/approx_kl': 7.343422794292565e-07, 'training/entropy': 0.06947793066501617, 'training/policy_loss': -0.0011947269085794687, 'training/total_loss': 0.05080897733569145, 'training/value_loss': 0.10400740802288055}
{'eval/num_episodes': 200, 'eval/num_steps': 200, 'eval/mean_score': np.float64(0.998), 'eval/std_score': np.float64(0.012), 'eval/mean_episode_length': np.float64(1.0), 'eval/std_episode_length': np.float64(0.0), 'eval/eval_time': 0.07205510139465332}
{'training/total_steps': 46000, 'training/updates': 23, 'training/sps': np.float64(14137.254), 'training/walltime': np.float64(5.822), 'training/rollout_time': np.float64(0.134), 'training/update_time': np.float64(0.008), 'training/approx_kl': 9.732609669299563e-07, 'training/entropy': 0.06869228929281235, 'training/policy_loss': -0.0013856234727427363, 'training/total_loss': 0.04899207502603531, 'training/value_loss': 0.10075540840625763}
{'eval/num_episodes': 200, 'eval/num_steps': 200, 'eval/mean_score': np.float64(1.0), 'eval/std_score': np.float64(0.0), 'eval/mean_episode_length': np.float64(1.0), 'eval/std_episode_length': np.float64(0.0), 'eval/eval_time': 0.07177972793579102}
{'training/total_steps': 48000, 'training/updates': 24, 'training/sps': np.float64(10834.593), 'training/walltime': np.float64(6.078), 'training/rollout_time': np.float64(0.175), 'training/update_time': np.float64(0.009), 'training/approx_kl': 8.87091800905182e-07, 'training/entropy': 0.0678999200463295, 'training/policy_loss': -0.0012788645690307021, 'training/total_loss': 0.04760986566543579, 'training/value_loss': 0.09777745604515076}
{'eval/num_episodes': 200, 'eval/num_steps': 200, 'eval/mean_score': np.float64(0.999), 'eval/std_score': np.float64(0.01), 'eval/mean_episode_length': np.float64(1.0), 'eval/std_episode_length': np.float64(0.0), 'eval/eval_time': 0.12246561050415039}
{'training/total_steps': 50000, 'training/updates': 25, 'training/sps': np.float64(13571.933), 'training/walltime': np.float64(6.349), 'training/rollout_time': np.float64(0.14), 'training/update_time': np.float64(0.008), 'training/approx_kl': 1.4110687516222242e-06, 'training/entropy': 0.06707967817783356, 'training/policy_loss': -0.0016507573891431093, 'training/total_loss': 0.04564860463142395, 'training/value_loss': 0.09459872543811798}
{'eval/num_episodes': 200, 'eval/num_steps': 200, 'eval/mean_score': np.float64(0.999), 'eval/std_score': np.float64(0.01), 'eval/mean_episode_length': np.float64(1.0), 'eval/std_episode_length': np.float64(0.0), 'eval/eval_time': 0.07217001914978027}
{'training/total_steps': 52000, 'training/updates': 26, 'training/sps': np.float64(14465.287), 'training/walltime': np.float64(6.559), 'training/rollout_time': np.float64(0.13), 'training/update_time': np.float64(0.008), 'training/approx_kl': 9.594774610377499e-07, 'training/entropy': 0.06626828759908676, 'training/policy_loss': -0.0013574445620179176, 'training/total_loss': 0.044581010937690735, 'training/value_loss': 0.09187690913677216}
{'eval/num_episodes': 200, 'eval/num_steps': 200, 'eval/mean_score': np.float64(0.999), 'eval/std_score': np.float64(0.01), 'eval/mean_episode_length': np.float64(1.0), 'eval/std_episode_length': np.float64(0.0), 'eval/eval_time': 0.07182812690734863}
{'training/total_steps': 54000, 'training/updates': 27, 'training/sps': np.float64(13584.658), 'training/walltime': np.float64(6.779), 'training/rollout_time': np.float64(0.139), 'training/update_time': np.float64(0.008), 'training/approx_kl': 1.2494140264607267e-06, 'training/entropy': 0.0654679462313652, 'training/policy_loss': -0.0015611372655257583, 'training/total_loss': 0.042889006435871124, 'training/value_loss': 0.08890029042959213}
{'eval/num_episodes': 200, 'eval/num_steps': 200, 'eval/mean_score': np.float64(0.999), 'eval/std_score': np.float64(0.007), 'eval/mean_episode_length': np.float64(1.0), 'eval/std_episode_length': np.float64(0.0), 'eval/eval_time': 0.08468294143676758}
{'training/total_steps': 56000, 'training/updates': 28, 'training/sps': np.float64(13911.11), 'training/walltime': np.float64(7.007), 'training/rollout_time': np.float64(0.136), 'training/update_time': np.float64(0.008), 'training/approx_kl': 8.993484925667872e-07, 'training/entropy': 0.06467987596988678, 'training/policy_loss': -0.0013290515635162592, 'training/total_loss': 0.04179737716913223, 'training/value_loss': 0.0862528532743454}
{'eval/num_episodes': 200, 'eval/num_steps': 200, 'eval/mean_score': np.float64(0.998), 'eval/std_score': np.float64(0.012), 'eval/mean_episode_length': np.float64(1.0), 'eval/std_episode_length': np.float64(0.0), 'eval/eval_time': 0.0720510482788086}
{'training/total_steps': 58000, 'training/updates': 29, 'training/sps': np.float64(13999.703), 'training/walltime': np.float64(7.223), 'training/rollout_time': np.float64(0.135), 'training/update_time': np.float64(0.008), 'training/approx_kl': 8.958098760558642e-07, 'training/entropy': 0.0639546662569046, 'training/policy_loss': -0.0012032673694193363, 'training/total_loss': 0.04057634621858597, 'training/value_loss': 0.08355922996997833}
{'eval/num_episodes': 200, 'eval/num_steps': 200, 'eval/mean_score': np.float64(0.999), 'eval/std_score': np.float64(0.007), 'eval/mean_episode_length': np.float64(1.0), 'eval/std_episode_length': np.float64(0.0), 'eval/eval_time': 0.07316708564758301}
{'training/total_steps': 60000, 'training/updates': 30, 'training/sps': np.float64(10029.325), 'training/walltime': np.float64(7.496), 'training/rollout_time': np.float64(0.192), 'training/update_time': np.float64(0.008), 'training/approx_kl': 6.326270067802398e-07, 'training/entropy': 0.06326086074113846, 'training/policy_loss': -0.0011383717646822333, 'training/total_loss': 0.03933536261320114, 'training/value_loss': 0.08094746619462967}
{'eval/num_episodes': 200, 'eval/num_steps': 200, 'eval/mean_score': np.float64(0.998), 'eval/std_score': np.float64(0.012), 'eval/mean_episode_length': np.float64(1.0), 'eval/std_episode_length': np.float64(0.0), 'eval/eval_time': 0.07462406158447266}
TRAINING END: training duration: 7.57041597366333
{'final_eval/num_episodes': 200, 'final_eval/num_steps': 200, 'final_eval/mean_score': np.float64(1.0), 'final_eval/std_score': np.float64(0.0), 'final_eval/mean_episode_length': np.float64(1.0), 'final_eval/std_episode_length': np.float64(0.0)}
