|param: value|
|experiment_name:  trpo_procgen|
|seed:  7|
|platform:  cpu|
|write_logs_to_file:  False|
|save_model:  False|
|env_name:  bandit|
|num_envs:  8|
|num_train_levels:  200|
|distribution_mode:  easy|
|arm_means:  (1.0, 0.9)|
|deterministic_rewards:  True|
|eval_env:  True|
|num_eval_episodes:  200|
|eval_every:  1|
|deterministic_eval:  False|
|normalize_observations:  True|
|total_timesteps:  60000|
|learning_rate:  0.01|
|unroll_length:  250|
|anneal_lr:  False|
|gamma:  0.99|
|gae_lambda:  0.95|
|batch_size:  1|
|num_minibatches:  8|
|update_epochs:  10|
|normalize_advantages:  True|
|target_kl:  0.01|
|cg_damping:  0.1|
|cg_max_iterations:  10|
|line_search_max_iter:  10|
|line_search_shrinking_factor:  0.8|
|vf_cost:  1.0|
|max_grad_norm:  0.5|
|reward_scaling:  1.0|
|use_cnn:  False|
|policy_hidden_layer_sizes:  ()|
|value_hidden_layer_sizes:  ()|
|activation:  <jax._src.custom_derivatives.custom_jvp object at 0x114807890>|
|policy_init_logit_bias:  [0.0, -4.0]|
|entropy_cost:  0.0|
{'training/total_steps': 2000, 'training/updates': 1, 'training/sps': np.float64(1498.709), 'training/walltime': np.float64(1.334), 'training/rollout_time': np.float64(0.116), 'training/update_time': np.float64(1.219), 'training/iterations': 1.0, 'training/kl_div': 0.0009386286837980151, 'training/line_search_success': 1.0, 'training/new_policy_objective': 0.11786510050296783, 'training/policy_objective': 0.1021328940987587, 'training/value_loss': 0.018416540697216988}
{'eval/num_episodes': 200, 'eval/num_steps': 200, 'eval/mean_score': np.float64(1.0), 'eval/std_score': np.float64(0.0), 'eval/mean_episode_length': np.float64(1.0), 'eval/std_episode_length': np.float64(0.0), 'eval/eval_time': 0.07740211486816406}
{'training/total_steps': 4000, 'training/updates': 2, 'training/sps': np.float64(19355.884), 'training/walltime': np.float64(1.534), 'training/rollout_time': np.float64(0.1), 'training/update_time': np.float64(0.004), 'training/iterations': 1.0, 'training/kl_div': 0.0009396615205332637, 'training/line_search_success': 1.0, 'training/new_policy_objective': -0.08477512001991272, 'training/policy_objective': -0.08500596880912781, 'training/value_loss': 5.545041403820505e-06}
{'eval/num_episodes': 200, 'eval/num_steps': 200, 'eval/mean_score': np.float64(0.999), 'eval/std_score': np.float64(0.01), 'eval/mean_episode_length': np.float64(1.0), 'eval/std_episode_length': np.float64(0.0), 'eval/eval_time': 0.07273292541503906}
{'training/total_steps': 6000, 'training/updates': 3, 'training/sps': np.float64(19487.046), 'training/walltime': np.float64(1.71), 'training/rollout_time': np.float64(0.099), 'training/update_time': np.float64(0.003), 'training/iterations': 1.0, 'training/kl_div': 0.001098989392630756, 'training/line_search_success': 1.0, 'training/new_policy_objective': 0.12892036139965057, 'training/policy_objective': 0.1066630557179451, 'training/value_loss': 0.00011265504144830629}
{'eval/num_episodes': 200, 'eval/num_steps': 200, 'eval/mean_score': np.float64(1.0), 'eval/std_score': np.float64(0.0), 'eval/mean_episode_length': np.float64(1.0), 'eval/std_episode_length': np.float64(0.0), 'eval/eval_time': 0.11282610893249512}
{'training/total_steps': 8000, 'training/updates': 4, 'training/sps': np.float64(14179.886), 'training/walltime': np.float64(1.964), 'training/rollout_time': np.float64(0.138), 'training/update_time': np.float64(0.003), 'training/iterations': 1.0, 'training/kl_div': nan, 'training/line_search_success': 0.125, 'training/new_policy_objective': nan, 'training/policy_objective': 9.536743617033494e-10, 'training/value_loss': 2.7441542442829814e-06}
{'eval/num_episodes': 200, 'eval/num_steps': 200, 'eval/mean_score': np.float64(1.0), 'eval/std_score': np.float64(0.0), 'eval/mean_episode_length': np.float64(1.0), 'eval/std_episode_length': np.float64(0.0), 'eval/eval_time': 0.07594704627990723}
{'training/total_steps': 10000, 'training/updates': 5, 'training/sps': np.float64(18741.305), 'training/walltime': np.float64(2.147), 'training/rollout_time': np.float64(0.103), 'training/update_time': np.float64(0.003), 'training/iterations': 1.0, 'training/kl_div': 0.000587661168538034, 'training/line_search_success': 1.0, 'training/new_policy_objective': -0.0007249609334394336, 'training/policy_objective': -0.0007261493010446429, 'training/value_loss': 2.6513610751344174e-10}
{'eval/num_episodes': 200, 'eval/num_steps': 200, 'eval/mean_score': np.float64(1.0), 'eval/std_score': np.float64(0.0), 'eval/mean_episode_length': np.float64(1.0), 'eval/std_episode_length': np.float64(0.0), 'eval/eval_time': 0.07388591766357422}
{'training/total_steps': 12000, 'training/updates': 6, 'training/sps': np.float64(19514.835), 'training/walltime': np.float64(2.324), 'training/rollout_time': np.float64(0.099), 'training/update_time': np.float64(0.003), 'training/iterations': 1.0, 'training/kl_div': nan, 'training/line_search_success': 0.875, 'training/new_policy_objective': nan, 'training/policy_objective': 0.05929776281118393, 'training/value_loss': 5.941517883911729e-05}
{'eval/num_episodes': 200, 'eval/num_steps': 200, 'eval/mean_score': np.float64(1.0), 'eval/std_score': np.float64(0.0), 'eval/mean_episode_length': np.float64(1.0), 'eval/std_episode_length': np.float64(0.0), 'eval/eval_time': 0.07107210159301758}
{'training/total_steps': 14000, 'training/updates': 7, 'training/sps': np.float64(17188.467), 'training/walltime': np.float64(2.512), 'training/rollout_time': np.float64(0.106), 'training/update_time': np.float64(0.01), 'training/iterations': 1.0, 'training/kl_div': 0.001275960123166442, 'training/line_search_success': 1.0, 'training/new_policy_objective': -0.011424737051129341, 'training/policy_objective': -0.011468565091490746, 'training/value_loss': 9.012932622454173e-08}
{'eval/num_episodes': 200, 'eval/num_steps': 200, 'eval/mean_score': np.float64(0.998), 'eval/std_score': np.float64(0.012), 'eval/mean_episode_length': np.float64(1.0), 'eval/std_episode_length': np.float64(0.0), 'eval/eval_time': 0.13966989517211914}
{'training/total_steps': 16000, 'training/updates': 8, 'training/sps': np.float64(19567.001), 'training/walltime': np.float64(2.754), 'training/rollout_time': np.float64(0.099), 'training/update_time': np.float64(0.003), 'training/iterations': 1.0, 'training/kl_div': 0.0014521920820698142, 'training/line_search_success': 1.0, 'training/new_policy_objective': 0.14357075095176697, 'training/policy_objective': 0.12123946845531464, 'training/value_loss': 0.0001413080608472228}
{'eval/num_episodes': 200, 'eval/num_steps': 200, 'eval/mean_score': np.float64(1.0), 'eval/std_score': np.float64(0.0), 'eval/mean_episode_length': np.float64(1.0), 'eval/std_episode_length': np.float64(0.0), 'eval/eval_time': 0.0729682445526123}
{'training/total_steps': 18000, 'training/updates': 9, 'training/sps': np.float64(14926.588), 'training/walltime': np.float64(2.962), 'training/rollout_time': np.float64(0.131), 'training/update_time': np.float64(0.003), 'training/iterations': 1.0, 'training/kl_div': 0.0015711160376667976, 'training/line_search_success': 1.0, 'training/new_policy_objective': -0.022539377212524414, 'training/policy_objective': -0.02264934405684471, 'training/value_loss': 2.5554325588927895e-07}
{'eval/num_episodes': 200, 'eval/num_steps': 200, 'eval/mean_score': np.float64(0.995), 'eval/std_score': np.float64(0.021), 'eval/mean_episode_length': np.float64(1.0), 'eval/std_episode_length': np.float64(0.0), 'eval/eval_time': 0.07167983055114746}
{'training/total_steps': 20000, 'training/updates': 10, 'training/sps': np.float64(19678.818), 'training/walltime': np.float64(3.136), 'training/rollout_time': np.float64(0.098), 'training/update_time': np.float64(0.003), 'training/iterations': 1.0, 'training/kl_div': 0.0017545170849189162, 'training/line_search_success': 1.0, 'training/new_policy_objective': 0.17868587374687195, 'training/policy_objective': 0.15286800265312195, 'training/value_loss': 0.00020184223831165582}
{'eval/num_episodes': 200, 'eval/num_steps': 200, 'eval/mean_score': np.float64(1.0), 'eval/std_score': np.float64(0.0), 'eval/mean_episode_length': np.float64(1.0), 'eval/std_episode_length': np.float64(0.0), 'eval/eval_time': 0.07140684127807617}
{'training/total_steps': 22000, 'training/updates': 11, 'training/sps': np.float64(19715.078), 'training/walltime': np.float64(3.309), 'training/rollout_time': np.float64(0.098), 'training/update_time': np.float64(0.003), 'training/iterations': 1.0, 'training/kl_div': nan, 'training/line_search_success': 0.0, 'training/new_policy_objective': nan, 'training/policy_objective': 0.0, 'training/value_loss': 6.963469445508963e-07}
{'eval/num_episodes': 200, 'eval/num_steps': 200, 'eval/mean_score': np.float64(1.0), 'eval/std_score': np.float64(0.0), 'eval/mean_episode_length': np.float64(1.0), 'eval/std_episode_length': np.float64(0.0), 'eval/eval_time': 0.07098698616027832}
{'training/total_steps': 24000, 'training/updates': 12, 'training/sps': np.float64(19961.47), 'training/walltime': np.float64(3.481), 'training/rollout_time': np.float64(0.097), 'training/update_time': np.float64(0.003), 'training/iterations': 1.0, 'training/kl_div': nan, 'training/line_search_success': 0.125, 'training/new_policy_objective': nan, 'training/policy_objective': 6.1988831845383174e-09, 'training/value_loss': 2.4996159027068643e-06}
{'eval/num_episodes': 200, 'eval/num_steps': 200, 'eval/mean_score': np.float64(1.0), 'eval/std_score': np.float64(0.0), 'eval/mean_episode_length': np.float64(1.0), 'eval/std_episode_length': np.float64(0.0), 'eval/eval_time': 0.06980419158935547}
{'training/total_steps': 26000, 'training/updates': 13, 'training/sps': np.float64(20100.9), 'training/walltime': np.float64(3.65), 'training/rollout_time': np.float64(0.096), 'training/update_time': np.float64(0.003), 'training/iterations': 1.0, 'training/kl_div': nan, 'training/line_search_success': 0.0, 'training/new_policy_objective': nan, 'training/policy_objective': 0.0, 'training/value_loss': 1.534382620960173e-10}
{'eval/num_episodes': 200, 'eval/num_steps': 200, 'eval/mean_score': np.float64(1.0), 'eval/std_score': np.float64(0.0), 'eval/mean_episode_length': np.float64(1.0), 'eval/std_episode_length': np.float64(0.0), 'eval/eval_time': 0.07288503646850586}
{'training/total_steps': 28000, 'training/updates': 14, 'training/sps': np.float64(20462.914), 'training/walltime': np.float64(3.822), 'training/rollout_time': np.float64(0.094), 'training/update_time': np.float64(0.003), 'training/iterations': 1.0, 'training/kl_div': nan, 'training/line_search_success': 0.25, 'training/new_policy_objective': nan, 'training/policy_objective': -5.68361792829819e-06, 'training/value_loss': 3.810285894851988e-14}
{'eval/num_episodes': 200, 'eval/num_steps': 200, 'eval/mean_score': np.float64(1.0), 'eval/std_score': np.float64(0.0), 'eval/mean_episode_length': np.float64(1.0), 'eval/std_episode_length': np.float64(0.0), 'eval/eval_time': 0.06898689270019531}
{'training/total_steps': 30000, 'training/updates': 15, 'training/sps': np.float64(20181.029), 'training/walltime': np.float64(3.99), 'training/rollout_time': np.float64(0.096), 'training/update_time': np.float64(0.003), 'training/iterations': 1.0, 'training/kl_div': nan, 'training/line_search_success': 0.0, 'training/new_policy_objective': nan, 'training/policy_objective': 0.0, 'training/value_loss': 0.0}
{'eval/num_episodes': 200, 'eval/num_steps': 200, 'eval/mean_score': np.float64(1.0), 'eval/std_score': np.float64(0.0), 'eval/mean_episode_length': np.float64(1.0), 'eval/std_episode_length': np.float64(0.0), 'eval/eval_time': 0.10746598243713379}
{'training/total_steps': 32000, 'training/updates': 16, 'training/sps': np.float64(19764.735), 'training/walltime': np.float64(4.199), 'training/rollout_time': np.float64(0.098), 'training/update_time': np.float64(0.003), 'training/iterations': 1.0, 'training/kl_div': nan, 'training/line_search_success': 0.0, 'training/new_policy_objective': nan, 'training/policy_objective': 0.0, 'training/value_loss': 0.0}
{'eval/num_episodes': 200, 'eval/num_steps': 200, 'eval/mean_score': np.float64(1.0), 'eval/std_score': np.float64(0.0), 'eval/mean_episode_length': np.float64(1.0), 'eval/std_episode_length': np.float64(0.0), 'eval/eval_time': 0.07187294960021973}
{'training/total_steps': 34000, 'training/updates': 17, 'training/sps': np.float64(19596.53), 'training/walltime': np.float64(4.374), 'training/rollout_time': np.float64(0.099), 'training/update_time': np.float64(0.003), 'training/iterations': 1.0, 'training/kl_div': nan, 'training/line_search_success': 0.0, 'training/new_policy_objective': nan, 'training/policy_objective': 0.0, 'training/value_loss': 0.0}
{'eval/num_episodes': 200, 'eval/num_steps': 200, 'eval/mean_score': np.float64(1.0), 'eval/std_score': np.float64(0.0), 'eval/mean_episode_length': np.float64(1.0), 'eval/std_episode_length': np.float64(0.0), 'eval/eval_time': 0.08048796653747559}
{'training/total_steps': 36000, 'training/updates': 18, 'training/sps': np.float64(18782.344), 'training/walltime': np.float64(4.561), 'training/rollout_time': np.float64(0.103), 'training/update_time': np.float64(0.003), 'training/iterations': 1.0, 'training/kl_div': nan, 'training/line_search_success': 0.0, 'training/new_policy_objective': nan, 'training/policy_objective': 0.0, 'training/value_loss': 0.0}
{'eval/num_episodes': 200, 'eval/num_steps': 200, 'eval/mean_score': np.float64(1.0), 'eval/std_score': np.float64(0.0), 'eval/mean_episode_length': np.float64(1.0), 'eval/std_episode_length': np.float64(0.0), 'eval/eval_time': 0.07394909858703613}
{'training/total_steps': 38000, 'training/updates': 19, 'training/sps': np.float64(18340.205), 'training/walltime': np.float64(4.745), 'training/rollout_time': np.float64(0.104), 'training/update_time': np.float64(0.005), 'training/iterations': 1.0, 'training/kl_div': nan, 'training/line_search_success': 0.0, 'training/new_policy_objective': nan, 'training/policy_objective': 0.0, 'training/value_loss': 0.0}
{'eval/num_episodes': 200, 'eval/num_steps': 200, 'eval/mean_score': np.float64(1.0), 'eval/std_score': np.float64(0.0), 'eval/mean_episode_length': np.float64(1.0), 'eval/std_episode_length': np.float64(0.0), 'eval/eval_time': 0.07808208465576172}
{'training/total_steps': 40000, 'training/updates': 20, 'training/sps': np.float64(18348.549), 'training/walltime': np.float64(4.932), 'training/rollout_time': np.float64(0.098), 'training/update_time': np.float64(0.011), 'training/iterations': 1.0, 'training/kl_div': nan, 'training/line_search_success': 0.0, 'training/new_policy_objective': nan, 'training/policy_objective': 0.0, 'training/value_loss': 0.0}
{'eval/num_episodes': 200, 'eval/num_steps': 200, 'eval/mean_score': np.float64(1.0), 'eval/std_score': np.float64(0.0), 'eval/mean_episode_length': np.float64(1.0), 'eval/std_episode_length': np.float64(0.0), 'eval/eval_time': 0.12171483039855957}
{'training/total_steps': 42000, 'training/updates': 21, 'training/sps': np.float64(17574.059), 'training/walltime': np.float64(5.168), 'training/rollout_time': np.float64(0.109), 'training/update_time': np.float64(0.004), 'training/iterations': 1.0, 'training/kl_div': nan, 'training/line_search_success': 0.0, 'training/new_policy_objective': nan, 'training/policy_objective': 0.0, 'training/value_loss': 0.0}
{'eval/num_episodes': 200, 'eval/num_steps': 200, 'eval/mean_score': np.float64(1.0), 'eval/std_score': np.float64(0.0), 'eval/mean_episode_length': np.float64(1.0), 'eval/std_episode_length': np.float64(0.0), 'eval/eval_time': 0.07252788543701172}
{'training/total_steps': 44000, 'training/updates': 22, 'training/sps': np.float64(19111.494), 'training/walltime': np.float64(5.346), 'training/rollout_time': np.float64(0.101), 'training/update_time': np.float64(0.003), 'training/iterations': 1.0, 'training/kl_div': nan, 'training/line_search_success': 0.0, 'training/new_policy_objective': nan, 'training/policy_objective': 0.0, 'training/value_loss': 0.0}
{'eval/num_episodes': 200, 'eval/num_steps': 200, 'eval/mean_score': np.float64(1.0), 'eval/std_score': np.float64(0.0), 'eval/mean_episode_length': np.float64(1.0), 'eval/std_episode_length': np.float64(0.0), 'eval/eval_time': 0.0731348991394043}
{'training/total_steps': 46000, 'training/updates': 23, 'training/sps': np.float64(18804.912), 'training/walltime': np.float64(5.526), 'training/rollout_time': np.float64(0.101), 'training/update_time': np.float64(0.005), 'training/iterations': 1.0, 'training/kl_div': nan, 'training/line_search_success': 0.0, 'training/new_policy_objective': nan, 'training/policy_objective': 0.0, 'training/value_loss': 0.0}
{'eval/num_episodes': 200, 'eval/num_steps': 200, 'eval/mean_score': np.float64(1.0), 'eval/std_score': np.float64(0.0), 'eval/mean_episode_length': np.float64(1.0), 'eval/std_episode_length': np.float64(0.0), 'eval/eval_time': 0.07089495658874512}
{'training/total_steps': 48000, 'training/updates': 24, 'training/sps': np.float64(18237.056), 'training/walltime': np.float64(5.707), 'training/rollout_time': np.float64(0.107), 'training/update_time': np.float64(0.003), 'training/iterations': 1.0, 'training/kl_div': nan, 'training/line_search_success': 0.125, 'training/new_policy_objective': nan, 'training/policy_objective': 1.4305114870438729e-09, 'training/value_loss': 2.5015212941070786e-06}
{'eval/num_episodes': 200, 'eval/num_steps': 200, 'eval/mean_score': np.float64(1.0), 'eval/std_score': np.float64(0.0), 'eval/mean_episode_length': np.float64(1.0), 'eval/std_episode_length': np.float64(0.0), 'eval/eval_time': 0.07166290283203125}
{'training/total_steps': 50000, 'training/updates': 25, 'training/sps': np.float64(19451.303), 'training/walltime': np.float64(5.882), 'training/rollout_time': np.float64(0.099), 'training/update_time': np.float64(0.003), 'training/iterations': 1.0, 'training/kl_div': nan, 'training/line_search_success': 0.0, 'training/new_policy_objective': nan, 'training/policy_objective': 0.0, 'training/value_loss': 6.90687715354521e-11}
{'eval/num_episodes': 200, 'eval/num_steps': 200, 'eval/mean_score': np.float64(1.0), 'eval/std_score': np.float64(0.0), 'eval/mean_episode_length': np.float64(1.0), 'eval/std_episode_length': np.float64(0.0), 'eval/eval_time': 0.08104395866394043}
{'training/total_steps': 52000, 'training/updates': 26, 'training/sps': np.float64(19376.048), 'training/walltime': np.float64(6.067), 'training/rollout_time': np.float64(0.1), 'training/update_time': np.float64(0.003), 'training/iterations': 1.0, 'training/kl_div': 0.001957013737410307, 'training/line_search_success': 1.0, 'training/new_policy_objective': -2.8062045203114394e-06, 'training/policy_objective': -2.82399014395196e-06, 'training/value_loss': 1.176836406102666e-14}
{'eval/num_episodes': 200, 'eval/num_steps': 200, 'eval/mean_score': np.float64(0.997), 'eval/std_score': np.float64(0.017), 'eval/mean_episode_length': np.float64(1.0), 'eval/std_episode_length': np.float64(0.0), 'eval/eval_time': 0.07473516464233398}
{'training/total_steps': 54000, 'training/updates': 27, 'training/sps': np.float64(14788.776), 'training/walltime': np.float64(6.277), 'training/rollout_time': np.float64(0.132), 'training/update_time': np.float64(0.003), 'training/iterations': 1.0, 'training/kl_div': 0.002142474055290222, 'training/line_search_success': 1.0, 'training/new_policy_objective': 0.19237205386161804, 'training/policy_objective': 0.16415898501873016, 'training/value_loss': 0.00023598354891873896}
{'eval/num_episodes': 200, 'eval/num_steps': 200, 'eval/mean_score': np.float64(1.0), 'eval/std_score': np.float64(0.0), 'eval/mean_episode_length': np.float64(1.0), 'eval/std_episode_length': np.float64(0.0), 'eval/eval_time': 0.0971536636352539}
{'training/total_steps': 56000, 'training/updates': 28, 'training/sps': np.float64(20125.205), 'training/walltime': np.float64(6.474), 'training/rollout_time': np.float64(0.096), 'training/update_time': np.float64(0.003), 'training/iterations': 1.0, 'training/kl_div': nan, 'training/line_search_success': 0.0, 'training/new_policy_objective': nan, 'training/policy_objective': 0.0, 'training/value_loss': 7.944360049805255e-07}
{'eval/num_episodes': 200, 'eval/num_steps': 200, 'eval/mean_score': np.float64(1.0), 'eval/std_score': np.float64(0.0), 'eval/mean_episode_length': np.float64(1.0), 'eval/std_episode_length': np.float64(0.0), 'eval/eval_time': 0.07147598266601562}
{'training/total_steps': 58000, 'training/updates': 29, 'training/sps': np.float64(19573.53), 'training/walltime': np.float64(6.648), 'training/rollout_time': np.float64(0.099), 'training/update_time': np.float64(0.003), 'training/iterations': 1.0, 'training/kl_div': nan, 'training/line_search_success': 0.0, 'training/new_policy_objective': nan, 'training/policy_objective': 0.0, 'training/value_loss': 1.563244950153475e-10}
{'eval/num_episodes': 200, 'eval/num_steps': 200, 'eval/mean_score': np.float64(1.0), 'eval/std_score': np.float64(0.0), 'eval/mean_episode_length': np.float64(1.0), 'eval/std_episode_length': np.float64(0.0), 'eval/eval_time': 0.07346010208129883}
{'training/total_steps': 60000, 'training/updates': 30, 'training/sps': np.float64(19082.453), 'training/walltime': np.float64(6.827), 'training/rollout_time': np.float64(0.099), 'training/update_time': np.float64(0.006), 'training/iterations': 1.0, 'training/kl_div': nan, 'training/line_search_success': 0.0, 'training/new_policy_objective': nan, 'training/policy_objective': 0.0, 'training/value_loss': 4.063416270128073e-14}
{'eval/num_episodes': 200, 'eval/num_steps': 200, 'eval/mean_score': np.float64(1.0), 'eval/std_score': np.float64(0.0), 'eval/mean_episode_length': np.float64(1.0), 'eval/std_episode_length': np.float64(0.0), 'eval/eval_time': 0.07121586799621582}
TRAINING END: training duration: 6.898709058761597
{'final_eval/num_episodes': 200, 'final_eval/num_steps': 200, 'final_eval/mean_score': np.float64(1.0), 'final_eval/std_score': np.float64(0.0), 'final_eval/mean_episode_length': np.float64(1.0), 'final_eval/std_episode_length': np.float64(0.0)}
