|param: value|
|experiment_name:  cleanba_ppo|
|seed:  5|
|platform:  cpu|
|write_logs_to_file:  False|
|save_model:  False|
|env_name:  bandit|
|num_envs:  8|
|num_train_levels:  200|
|distribution_mode:  easy|
|arm_means:  (1.0, 0.9)|
|deterministic_rewards:  True|
|eval_env:  True|
|num_eval_episodes:  200|
|eval_every:  1|
|deterministic_eval:  False|
|total_timesteps:  60000|
|learning_rate:  0.00025|
|adam_eps:  1e-05|
|unroll_length:  250|
|anneal_lr:  False|
|gamma:  0.99|
|gae_lambda:  0.95|
|num_minibatches:  4|
|update_epochs:  4|
|normalize_advantages:  True|
|clip_eps:  0.1|
|clip_vloss:  True|
|entropy_cost:  0.0|
|vf_cost:  0.5|
|max_grad_norm:  0.5|
|use_cnn:  False|
|policy_hidden_layer_sizes:  ()|
|value_hidden_layer_sizes:  ()|
|activation:  <jax._src.custom_derivatives.custom_jvp object at 0x112fc7ed0>|
|policy_init_logit_bias:  [0.0, 6.0]|
{'training/total_steps': 2000, 'training/updates': 1, 'training/sps': np.float64(2075.815), 'training/walltime': np.float64(0.964), 'training/rollout_time': np.float64(0.47), 'training/update_time': np.float64(0.493), 'training/approx_kl': 8.049816813127109e-08, 'training/entropy': 0.017463453114032745, 'training/policy_loss': 0.47324007749557495, 'training/total_loss': 0.5961407423019409, 'training/value_loss': 0.24580131471157074}
{'eval/num_episodes': 200, 'eval/num_steps': 200, 'eval/mean_score': np.float64(0.901), 'eval/std_score': np.float64(0.012), 'eval/mean_episode_length': np.float64(1.0), 'eval/std_episode_length': np.float64(0.0), 'eval/eval_time': 0.07938504219055176}
{'training/total_steps': 4000, 'training/updates': 2, 'training/sps': np.float64(12362.55), 'training/walltime': np.float64(1.205), 'training/rollout_time': np.float64(0.153), 'training/update_time': np.float64(0.009), 'training/approx_kl': 3.445632046350511e-07, 'training/entropy': 0.01768304780125618, 'training/policy_loss': -0.0008003180846571922, 'training/total_loss': 0.11939513683319092, 'training/value_loss': 0.24039089679718018}
{'eval/num_episodes': 200, 'eval/num_steps': 200, 'eval/mean_score': np.float64(0.901), 'eval/std_score': np.float64(0.01), 'eval/mean_episode_length': np.float64(1.0), 'eval/std_episode_length': np.float64(0.0), 'eval/eval_time': 0.07808423042297363}
{'training/total_steps': 6000, 'training/updates': 3, 'training/sps': np.float64(13182.008), 'training/walltime': np.float64(1.435), 'training/rollout_time': np.float64(0.144), 'training/update_time': np.float64(0.008), 'training/approx_kl': 1.7150817654965067e-07, 'training/entropy': 0.017910484224557877, 'training/policy_loss': -0.23117494583129883, 'training/total_loss': -0.11377725005149841, 'training/value_loss': 0.23479536175727844}
{'eval/num_episodes': 200, 'eval/num_steps': 200, 'eval/mean_score': np.float64(0.9), 'eval/std_score': np.float64(0.007), 'eval/mean_episode_length': np.float64(1.0), 'eval/std_episode_length': np.float64(0.0), 'eval/eval_time': 0.07899689674377441}
{'training/total_steps': 8000, 'training/updates': 4, 'training/sps': np.float64(13599.921), 'training/walltime': np.float64(1.662), 'training/rollout_time': np.float64(0.139), 'training/update_time': np.float64(0.008), 'training/approx_kl': 1.0119460114310641e-07, 'training/entropy': 0.018098067492246628, 'training/policy_loss': -0.0003977389424107969, 'training/total_loss': 0.11427246034145355, 'training/value_loss': 0.22934040427207947}
{'eval/num_episodes': 200, 'eval/num_steps': 200, 'eval/mean_score': np.float64(0.9), 'eval/std_score': np.float64(0.0), 'eval/mean_episode_length': np.float64(1.0), 'eval/std_episode_length': np.float64(0.0), 'eval/eval_time': 0.07739400863647461}
{'training/total_steps': 10000, 'training/updates': 5, 'training/sps': np.float64(13476.173), 'training/walltime': np.float64(1.888), 'training/rollout_time': np.float64(0.14), 'training/update_time': np.float64(0.008), 'training/approx_kl': 2.985610763062141e-07, 'training/entropy': 0.01832413673400879, 'training/policy_loss': -0.2374446988105774, 'training/total_loss': -0.1253841519355774, 'training/value_loss': 0.2241211235523224}
{'eval/num_episodes': 200, 'eval/num_steps': 200, 'eval/mean_score': np.float64(0.9), 'eval/std_score': np.float64(0.007), 'eval/mean_episode_length': np.float64(1.0), 'eval/std_episode_length': np.float64(0.0), 'eval/eval_time': 0.07511305809020996}
{'training/total_steps': 12000, 'training/updates': 6, 'training/sps': np.float64(13436.714), 'training/walltime': np.float64(2.112), 'training/rollout_time': np.float64(0.141), 'training/update_time': np.float64(0.008), 'training/approx_kl': 2.424226863695367e-07, 'training/entropy': 0.018566567450761795, 'training/policy_loss': 0.24131859838962555, 'training/total_loss': 0.3507460951805115, 'training/value_loss': 0.21885500848293304}
{'eval/num_episodes': 200, 'eval/num_steps': 200, 'eval/mean_score': np.float64(0.9), 'eval/std_score': np.float64(0.0), 'eval/mean_episode_length': np.float64(1.0), 'eval/std_episode_length': np.float64(0.0), 'eval/eval_time': 0.07587909698486328}
{'training/total_steps': 14000, 'training/updates': 7, 'training/sps': np.float64(8281.642), 'training/walltime': np.float64(2.43), 'training/rollout_time': np.float64(0.234), 'training/update_time': np.float64(0.008), 'training/approx_kl': 2.3006253968560486e-07, 'training/entropy': 0.01880628988146782, 'training/policy_loss': -0.0007048974512144923, 'training/total_loss': 0.10615575313568115, 'training/value_loss': 0.21372130513191223}
{'eval/num_episodes': 200, 'eval/num_steps': 200, 'eval/mean_score': np.float64(0.9), 'eval/std_score': np.float64(0.0), 'eval/mean_episode_length': np.float64(1.0), 'eval/std_episode_length': np.float64(0.0), 'eval/eval_time': 0.07622694969177246}
{'training/total_steps': 16000, 'training/updates': 8, 'training/sps': np.float64(13496.359), 'training/walltime': np.float64(2.654), 'training/rollout_time': np.float64(0.14), 'training/update_time': np.float64(0.008), 'training/approx_kl': 3.084613808823633e-07, 'training/entropy': 0.019053686410188675, 'training/policy_loss': -0.0006737833027727902, 'training/total_loss': 0.10368458926677704, 'training/value_loss': 0.2087167352437973}
{'eval/num_episodes': 200, 'eval/num_steps': 200, 'eval/mean_score': np.float64(0.9), 'eval/std_score': np.float64(0.0), 'eval/mean_episode_length': np.float64(1.0), 'eval/std_episode_length': np.float64(0.0), 'eval/eval_time': 0.07827377319335938}
{'training/total_steps': 18000, 'training/updates': 9, 'training/sps': np.float64(13246.642), 'training/walltime': np.float64(2.884), 'training/rollout_time': np.float64(0.143), 'training/update_time': np.float64(0.008), 'training/approx_kl': 3.2414442330264137e-07, 'training/entropy': 0.019301915541291237, 'training/policy_loss': -0.0007811675313860178, 'training/total_loss': 0.10112054646015167, 'training/value_loss': 0.2038034349679947}
{'eval/num_episodes': 200, 'eval/num_steps': 200, 'eval/mean_score': np.float64(0.9), 'eval/std_score': np.float64(0.007), 'eval/mean_episode_length': np.float64(1.0), 'eval/std_episode_length': np.float64(0.0), 'eval/eval_time': 0.07629203796386719}
{'training/total_steps': 20000, 'training/updates': 10, 'training/sps': np.float64(13637.707), 'training/walltime': np.float64(3.107), 'training/rollout_time': np.float64(0.139), 'training/update_time': np.float64(0.008), 'training/approx_kl': 2.1481781686816248e-07, 'training/entropy': 0.019552044570446014, 'training/policy_loss': 0.23623469471931458, 'training/total_loss': 0.3356567919254303, 'training/value_loss': 0.19884419441223145}
{'eval/num_episodes': 200, 'eval/num_steps': 200, 'eval/mean_score': np.float64(0.9), 'eval/std_score': np.float64(0.007), 'eval/mean_episode_length': np.float64(1.0), 'eval/std_episode_length': np.float64(0.0), 'eval/eval_time': 0.07472777366638184}
{'training/total_steps': 22000, 'training/updates': 11, 'training/sps': np.float64(13482.91), 'training/walltime': np.float64(3.331), 'training/rollout_time': np.float64(0.14), 'training/update_time': np.float64(0.008), 'training/approx_kl': 4.14164901485492e-07, 'training/entropy': 0.019819699227809906, 'training/policy_loss': -0.0008281483897008002, 'training/total_loss': 0.0962776392698288, 'training/value_loss': 0.19421157240867615}
{'eval/num_episodes': 200, 'eval/num_steps': 200, 'eval/mean_score': np.float64(0.9), 'eval/std_score': np.float64(0.0), 'eval/mean_episode_length': np.float64(1.0), 'eval/std_episode_length': np.float64(0.0), 'eval/eval_time': 0.07629108428955078}
{'training/total_steps': 24000, 'training/updates': 12, 'training/sps': np.float64(13391.284), 'training/walltime': np.float64(3.557), 'training/rollout_time': np.float64(0.141), 'training/update_time': np.float64(0.008), 'training/approx_kl': 2.0200876349463215e-07, 'training/entropy': 0.02007186971604824, 'training/policy_loss': -0.0005868468433618546, 'training/total_loss': 0.09411188215017319, 'training/value_loss': 0.18939745426177979}
{'eval/num_episodes': 200, 'eval/num_steps': 200, 'eval/mean_score': np.float64(0.9), 'eval/std_score': np.float64(0.0), 'eval/mean_episode_length': np.float64(1.0), 'eval/std_episode_length': np.float64(0.0), 'eval/eval_time': 0.07544589042663574}
{'training/total_steps': 26000, 'training/updates': 13, 'training/sps': np.float64(13337.247), 'training/walltime': np.float64(3.783), 'training/rollout_time': np.float64(0.142), 'training/update_time': np.float64(0.008), 'training/approx_kl': 2.4317554903063865e-07, 'training/entropy': 0.020313620567321777, 'training/policy_loss': -0.0005628257058560848, 'training/total_loss': 0.09185588359832764, 'training/value_loss': 0.18483741581439972}
{'eval/num_episodes': 200, 'eval/num_steps': 200, 'eval/mean_score': np.float64(0.9), 'eval/std_score': np.float64(0.0), 'eval/mean_episode_length': np.float64(1.0), 'eval/std_episode_length': np.float64(0.0), 'eval/eval_time': 0.0757298469543457}
{'training/total_steps': 28000, 'training/updates': 14, 'training/sps': np.float64(13826.935), 'training/walltime': np.float64(4.004), 'training/rollout_time': np.float64(0.137), 'training/update_time': np.float64(0.008), 'training/approx_kl': 2.2861968318466097e-07, 'training/entropy': 0.02055775374174118, 'training/policy_loss': -0.0005461559630930424, 'training/total_loss': 0.08961841464042664, 'training/value_loss': 0.18032915890216827}
{'eval/num_episodes': 200, 'eval/num_steps': 200, 'eval/mean_score': np.float64(0.9), 'eval/std_score': np.float64(0.007), 'eval/mean_episode_length': np.float64(1.0), 'eval/std_episode_length': np.float64(0.0), 'eval/eval_time': 0.07443404197692871}
{'training/total_steps': 30000, 'training/updates': 15, 'training/sps': np.float64(12845.769), 'training/walltime': np.float64(4.234), 'training/rollout_time': np.float64(0.144), 'training/update_time': np.float64(0.012), 'training/approx_kl': 1.7126906470821268e-07, 'training/entropy': 0.02079860121011734, 'training/policy_loss': -0.0005211749230511487, 'training/total_loss': 0.08741514384746552, 'training/value_loss': 0.17587263882160187}
{'eval/num_episodes': 200, 'eval/num_steps': 200, 'eval/mean_score': np.float64(0.9), 'eval/std_score': np.float64(0.0), 'eval/mean_episode_length': np.float64(1.0), 'eval/std_episode_length': np.float64(0.0), 'eval/eval_time': 0.07683110237121582}
{'training/total_steps': 32000, 'training/updates': 16, 'training/sps': np.float64(12916.281), 'training/walltime': np.float64(4.466), 'training/rollout_time': np.float64(0.147), 'training/update_time': np.float64(0.008), 'training/approx_kl': 1.9638066817151412e-07, 'training/entropy': 0.0210308488458395, 'training/policy_loss': 0.21356523036956787, 'training/total_loss': 0.2993467450141907, 'training/value_loss': 0.17156308889389038}
{'eval/num_episodes': 200, 'eval/num_steps': 200, 'eval/mean_score': np.float64(0.9), 'eval/std_score': np.float64(0.0), 'eval/mean_episode_length': np.float64(1.0), 'eval/std_episode_length': np.float64(0.0), 'eval/eval_time': 0.07373809814453125}
{'training/total_steps': 34000, 'training/updates': 17, 'training/sps': np.float64(13657.757), 'training/walltime': np.float64(4.686), 'training/rollout_time': np.float64(0.138), 'training/update_time': np.float64(0.008), 'training/approx_kl': 1.7273426067276887e-07, 'training/entropy': 0.02127150446176529, 'training/policy_loss': -0.0004923601518385112, 'training/total_loss': 0.08314339816570282, 'training/value_loss': 0.16727152466773987}
{'eval/num_episodes': 200, 'eval/num_steps': 200, 'eval/mean_score': np.float64(0.9), 'eval/std_score': np.float64(0.007), 'eval/mean_episode_length': np.float64(1.0), 'eval/std_episode_length': np.float64(0.0), 'eval/eval_time': 0.07680177688598633}
{'training/total_steps': 36000, 'training/updates': 18, 'training/sps': np.float64(13368.555), 'training/walltime': np.float64(4.913), 'training/rollout_time': np.float64(0.142), 'training/update_time': np.float64(0.008), 'training/approx_kl': 1.3344106264412403e-07, 'training/entropy': 0.021493589505553246, 'training/policy_loss': 0.24149420857429504, 'training/total_loss': 0.3230404257774353, 'training/value_loss': 0.1630924642086029}
{'eval/num_episodes': 200, 'eval/num_steps': 200, 'eval/mean_score': np.float64(0.9), 'eval/std_score': np.float64(0.0), 'eval/mean_episode_length': np.float64(1.0), 'eval/std_episode_length': np.float64(0.0), 'eval/eval_time': 0.07655811309814453}
{'training/total_steps': 38000, 'training/updates': 19, 'training/sps': np.float64(13356.359), 'training/walltime': np.float64(5.14), 'training/rollout_time': np.float64(0.142), 'training/update_time': np.float64(0.008), 'training/approx_kl': 5.466708898893557e-07, 'training/entropy': 0.021779030561447144, 'training/policy_loss': -0.0010276632383465767, 'training/total_loss': 0.07856020331382751, 'training/value_loss': 0.15917573869228363}
{'eval/num_episodes': 200, 'eval/num_steps': 200, 'eval/mean_score': np.float64(0.901), 'eval/std_score': np.float64(0.01), 'eval/mean_episode_length': np.float64(1.0), 'eval/std_episode_length': np.float64(0.0), 'eval/eval_time': 0.0761868953704834}
{'training/total_steps': 40000, 'training/updates': 20, 'training/sps': np.float64(13997.857), 'training/walltime': np.float64(5.359), 'training/rollout_time': np.float64(0.135), 'training/update_time': np.float64(0.008), 'training/approx_kl': 6.290687224463909e-07, 'training/entropy': 0.02212321199476719, 'training/policy_loss': -0.0010670124320313334, 'training/total_loss': 0.07649316638708115, 'training/value_loss': 0.1551203429698944}
{'eval/num_episodes': 200, 'eval/num_steps': 200, 'eval/mean_score': np.float64(0.9), 'eval/std_score': np.float64(0.007), 'eval/mean_episode_length': np.float64(1.0), 'eval/std_episode_length': np.float64(0.0), 'eval/eval_time': 0.0757448673248291}
{'training/total_steps': 42000, 'training/updates': 21, 'training/sps': np.float64(13386.411), 'training/walltime': np.float64(5.585), 'training/rollout_time': np.float64(0.141), 'training/update_time': np.float64(0.008), 'training/approx_kl': 5.304755177348852e-07, 'training/entropy': 0.022468172013759613, 'training/policy_loss': -0.0009566863882355392, 'training/total_loss': 0.07461489737033844, 'training/value_loss': 0.1511431783437729}
{'eval/num_episodes': 200, 'eval/num_steps': 200, 'eval/mean_score': np.float64(0.9), 'eval/std_score': np.float64(0.0), 'eval/mean_episode_length': np.float64(1.0), 'eval/std_episode_length': np.float64(0.0), 'eval/eval_time': 0.07526612281799316}
{'training/total_steps': 44000, 'training/updates': 22, 'training/sps': np.float64(13484.275), 'training/walltime': np.float64(5.809), 'training/rollout_time': np.float64(0.139), 'training/update_time': np.float64(0.009), 'training/approx_kl': 2.1825336204983614e-07, 'training/entropy': 0.02276552841067314, 'training/policy_loss': -0.0005319404881447554, 'training/total_loss': 0.07304555922746658, 'training/value_loss': 0.1471550017595291}
{'eval/num_episodes': 200, 'eval/num_steps': 200, 'eval/mean_score': np.float64(0.9), 'eval/std_score': np.float64(0.0), 'eval/mean_episode_length': np.float64(1.0), 'eval/std_episode_length': np.float64(0.0), 'eval/eval_time': 0.0776669979095459}
{'training/total_steps': 46000, 'training/updates': 23, 'training/sps': np.float64(12993.869), 'training/walltime': np.float64(6.041), 'training/rollout_time': np.float64(0.143), 'training/update_time': np.float64(0.011), 'training/approx_kl': 9.397697198210153e-08, 'training/entropy': 0.02300098165869713, 'training/policy_loss': -0.46160194277763367, 'training/total_loss': -0.38993513584136963, 'training/value_loss': 0.14333364367485046}
{'eval/num_episodes': 200, 'eval/num_steps': 200, 'eval/mean_score': np.float64(0.9), 'eval/std_score': np.float64(0.007), 'eval/mean_episode_length': np.float64(1.0), 'eval/std_episode_length': np.float64(0.0), 'eval/eval_time': 0.07830095291137695}
{'training/total_steps': 48000, 'training/updates': 24, 'training/sps': np.float64(10591.035), 'training/walltime': np.float64(6.308), 'training/rollout_time': np.float64(0.181), 'training/update_time': np.float64(0.008), 'training/approx_kl': 2.4082734739749867e-07, 'training/entropy': 0.023259025067090988, 'training/policy_loss': -0.0007099108770489693, 'training/total_loss': 0.06915584206581116, 'training/value_loss': 0.1397314965724945}
{'eval/num_episodes': 200, 'eval/num_steps': 200, 'eval/mean_score': np.float64(0.901), 'eval/std_score': np.float64(0.01), 'eval/mean_episode_length': np.float64(1.0), 'eval/std_episode_length': np.float64(0.0), 'eval/eval_time': 0.07629013061523438}
{'training/total_steps': 50000, 'training/updates': 25, 'training/sps': np.float64(13162.834), 'training/walltime': np.float64(6.537), 'training/rollout_time': np.float64(0.144), 'training/update_time': np.float64(0.008), 'training/approx_kl': 6.909517935582699e-08, 'training/entropy': 0.023509683087468147, 'training/policy_loss': 0.23962290585041046, 'training/total_loss': 0.307594358921051, 'training/value_loss': 0.13594287633895874}
{'eval/num_episodes': 200, 'eval/num_steps': 200, 'eval/mean_score': np.float64(0.9), 'eval/std_score': np.float64(0.0), 'eval/mean_episode_length': np.float64(1.0), 'eval/std_episode_length': np.float64(0.0), 'eval/eval_time': 0.07766175270080566}
{'training/total_steps': 52000, 'training/updates': 26, 'training/sps': np.float64(13605.921), 'training/walltime': np.float64(6.762), 'training/rollout_time': np.float64(0.139), 'training/update_time': np.float64(0.008), 'training/approx_kl': 3.113581499292195e-07, 'training/entropy': 0.02378184348344803, 'training/policy_loss': -0.0007892248686403036, 'training/total_loss': 0.065481036901474, 'training/value_loss': 0.1325405240058899}
{'eval/num_episodes': 200, 'eval/num_steps': 200, 'eval/mean_score': np.float64(0.9), 'eval/std_score': np.float64(0.007), 'eval/mean_episode_length': np.float64(1.0), 'eval/std_episode_length': np.float64(0.0), 'eval/eval_time': 0.07470512390136719}
{'training/total_steps': 54000, 'training/updates': 27, 'training/sps': np.float64(13698.057), 'training/walltime': np.float64(6.983), 'training/rollout_time': np.float64(0.138), 'training/update_time': np.float64(0.008), 'training/approx_kl': 5.104141109768534e-07, 'training/entropy': 0.024136602878570557, 'training/policy_loss': -0.0009255767799913883, 'training/total_loss': 0.0635930597782135, 'training/value_loss': 0.1290372759103775}
{'eval/num_episodes': 200, 'eval/num_steps': 200, 'eval/mean_score': np.float64(0.9), 'eval/std_score': np.float64(0.0), 'eval/mean_episode_length': np.float64(1.0), 'eval/std_episode_length': np.float64(0.0), 'eval/eval_time': 0.07571291923522949}
{'training/total_steps': 56000, 'training/updates': 28, 'training/sps': np.float64(13463.304), 'training/walltime': np.float64(7.207), 'training/rollout_time': np.float64(0.139), 'training/update_time': np.float64(0.01), 'training/approx_kl': 2.587728715752746e-07, 'training/entropy': 0.024453403428196907, 'training/policy_loss': -0.0007027840474620461, 'training/total_loss': 0.06205835938453674, 'training/value_loss': 0.12552228569984436}
{'eval/num_episodes': 200, 'eval/num_steps': 200, 'eval/mean_score': np.float64(0.9), 'eval/std_score': np.float64(0.0), 'eval/mean_episode_length': np.float64(1.0), 'eval/std_episode_length': np.float64(0.0), 'eval/eval_time': 0.07607388496398926}
{'training/total_steps': 58000, 'training/updates': 29, 'training/sps': np.float64(12805.979), 'training/walltime': np.float64(7.44), 'training/rollout_time': np.float64(0.148), 'training/update_time': np.float64(0.008), 'training/approx_kl': 2.902323785747285e-07, 'training/entropy': 0.024758514016866684, 'training/policy_loss': -0.0007288355845957994, 'training/total_loss': 0.06036514416337013, 'training/value_loss': 0.12218795716762543}
{'eval/num_episodes': 200, 'eval/num_steps': 200, 'eval/mean_score': np.float64(0.9), 'eval/std_score': np.float64(0.007), 'eval/mean_episode_length': np.float64(1.0), 'eval/std_episode_length': np.float64(0.0), 'eval/eval_time': 0.0869600772857666}
{'training/total_steps': 60000, 'training/updates': 30, 'training/sps': np.float64(10800.291), 'training/walltime': np.float64(7.712), 'training/rollout_time': np.float64(0.158), 'training/update_time': np.float64(0.027), 'training/approx_kl': 3.6396892255652347e-07, 'training/entropy': 0.02509792521595955, 'training/policy_loss': -0.0008089204784482718, 'training/total_loss': 0.05865183472633362, 'training/value_loss': 0.11892151832580566}
{'eval/num_episodes': 200, 'eval/num_steps': 200, 'eval/mean_score': np.float64(0.9), 'eval/std_score': np.float64(0.0), 'eval/mean_episode_length': np.float64(1.0), 'eval/std_episode_length': np.float64(0.0), 'eval/eval_time': 0.18517303466796875}
TRAINING END: training duration: 7.898040056228638
{'final_eval/num_episodes': 200, 'final_eval/num_steps': 200, 'final_eval/mean_score': np.float64(0.8999999761581421), 'final_eval/std_score': np.float64(0.0), 'final_eval/mean_episode_length': np.float64(1.0), 'final_eval/std_episode_length': np.float64(0.0)}
