|param: value|
|experiment_name:  reinforce_procgen|
|seed:  5|
|platform:  cpu|
|write_logs_to_file:  False|
|save_model:  False|
|env_name:  bandit|
|num_envs:  1|
|num_train_levels:  200|
|distribution_mode:  easy|
|arm_means:  (1.0, 0.9)|
|deterministic_rewards:  True|
|eval_env:  True|
|num_eval_episodes:  200|
|eval_every:  1|
|deterministic_eval:  False|
|normalize_observations:  True|
|total_timesteps:  60000|
|learning_rate:  0.5|
|optimizer:  sgd|
|unroll_length:  2048|
|anneal_lr:  False|
|gamma:  0.99|
|batch_size:  1|
|num_minibatches:  1|
|update_epochs:  1|
|entropy_cost:  0.0|
|max_grad_norm:  0.5|
|reward_scaling:  1.0|
|use_cnn:  False|
|policy_hidden_layer_sizes:  ()|
|value_hidden_layer_sizes:  ()|
|activation:  <jax._src.custom_derivatives.custom_jvp object at 0x112fc7ed0>|
|policy_init_logit_bias:  [0.0, 6.0]|
{'training/total_steps': 2000, 'training/updates': 1, 'training/sps': np.float64(1932.201), 'training/walltime': np.float64(1.035), 'training/rollout_time': np.float64(0.453), 'training/update_time': np.float64(0.582), 'training/approx_kl': 0.0, 'training/entropy': 0.017311394214630127, 'training/policy_loss': 0.03256012499332428, 'training/total_loss': 1.6124160289764404, 'training/value_loss': 3.1597118377685547}
{'eval/num_episodes': 200, 'eval/num_steps': 200, 'eval/mean_score': np.float64(0.9), 'eval/std_score': np.float64(0.0), 'eval/mean_episode_length': np.float64(1.0), 'eval/std_episode_length': np.float64(0.0), 'eval/eval_time': 0.07270288467407227}
{'training/total_steps': 4000, 'training/updates': 2, 'training/sps': np.float64(6142.04), 'training/walltime': np.float64(1.434), 'training/rollout_time': np.float64(0.324), 'training/update_time': np.float64(0.002), 'training/approx_kl': 0.0, 'training/entropy': 0.017313210293650627, 'training/policy_loss': 0.021810296922922134, 'training/total_loss': 1.0356338024139404, 'training/value_loss': 2.027647018432617}
{'eval/num_episodes': 200, 'eval/num_steps': 200, 'eval/mean_score': np.float64(0.9), 'eval/std_score': np.float64(0.007), 'eval/mean_episode_length': np.float64(1.0), 'eval/std_episode_length': np.float64(0.0), 'eval/eval_time': 0.07648777961730957}
{'training/total_steps': 6000, 'training/updates': 3, 'training/sps': np.float64(6030.328), 'training/walltime': np.float64(1.842), 'training/rollout_time': np.float64(0.33), 'training/update_time': np.float64(0.001), 'training/approx_kl': 0.0, 'training/entropy': 0.017309723421931267, 'training/policy_loss': 0.016692278906702995, 'training/total_loss': 0.5895740389823914, 'training/value_loss': 1.1457635164260864}
{'eval/num_episodes': 200, 'eval/num_steps': 200, 'eval/mean_score': np.float64(0.9), 'eval/std_score': np.float64(0.0), 'eval/mean_episode_length': np.float64(1.0), 'eval/std_episode_length': np.float64(0.0), 'eval/eval_time': 0.07451796531677246}
{'training/total_steps': 8000, 'training/updates': 4, 'training/sps': np.float64(5674.232), 'training/walltime': np.float64(2.27), 'training/rollout_time': np.float64(0.351), 'training/update_time': np.float64(0.001), 'training/approx_kl': 0.0, 'training/entropy': 0.017306748777627945, 'training/policy_loss': 0.016474707052111626, 'training/total_loss': 0.2734915614128113, 'training/value_loss': 0.5140337347984314}
{'eval/num_episodes': 200, 'eval/num_steps': 200, 'eval/mean_score': np.float64(0.9), 'eval/std_score': np.float64(0.0), 'eval/mean_episode_length': np.float64(1.0), 'eval/std_episode_length': np.float64(0.0), 'eval/eval_time': 0.07340478897094727}
{'training/total_steps': 10000, 'training/updates': 5, 'training/sps': np.float64(5888.102), 'training/walltime': np.float64(2.683), 'training/rollout_time': np.float64(0.338), 'training/update_time': np.float64(0.001), 'training/approx_kl': 0.0, 'training/entropy': 0.01731664314866066, 'training/policy_loss': 0.007845756597816944, 'training/total_loss': 0.07386532425880432, 'training/value_loss': 0.1320391297340393}
{'eval/num_episodes': 200, 'eval/num_steps': 200, 'eval/mean_score': np.float64(0.9), 'eval/std_score': np.float64(0.0), 'eval/mean_episode_length': np.float64(1.0), 'eval/std_episode_length': np.float64(0.0), 'eval/eval_time': 0.07576203346252441}
{'training/total_steps': 12000, 'training/updates': 6, 'training/sps': np.float64(5669.016), 'training/walltime': np.float64(3.112), 'training/rollout_time': np.float64(0.351), 'training/update_time': np.float64(0.001), 'training/approx_kl': 0.0, 'training/entropy': 0.01732405461370945, 'training/policy_loss': 0.0010096626356244087, 'training/total_loss': 0.001064043608494103, 'training/value_loss': 0.00010876201849896461}
{'eval/num_episodes': 200, 'eval/num_steps': 200, 'eval/mean_score': np.float64(0.9), 'eval/std_score': np.float64(0.0), 'eval/mean_episode_length': np.float64(1.0), 'eval/std_episode_length': np.float64(0.0), 'eval/eval_time': 0.0700829029083252}
{'training/total_steps': 14000, 'training/updates': 7, 'training/sps': np.float64(6188.745), 'training/walltime': np.float64(3.506), 'training/rollout_time': np.float64(0.322), 'training/update_time': np.float64(0.001), 'training/approx_kl': 0.0, 'training/entropy': 0.017328228801488876, 'training/policy_loss': 0.0008984809392131865, 'training/total_loss': 0.0009059697040356696, 'training/value_loss': 1.4977503269619774e-05}
{'eval/num_episodes': 200, 'eval/num_steps': 200, 'eval/mean_score': np.float64(0.9), 'eval/std_score': np.float64(0.0), 'eval/mean_episode_length': np.float64(1.0), 'eval/std_episode_length': np.float64(0.0), 'eval/eval_time': 0.0754849910736084}
{'training/total_steps': 16000, 'training/updates': 8, 'training/sps': np.float64(5301.126), 'training/walltime': np.float64(3.959), 'training/rollout_time': np.float64(0.374), 'training/update_time': np.float64(0.003), 'training/approx_kl': 0.0, 'training/entropy': 0.017332643270492554, 'training/policy_loss': 0.0008984353044070303, 'training/total_loss': 0.0009059240692295134, 'training/value_loss': 1.4977508726587985e-05}
{'eval/num_episodes': 200, 'eval/num_steps': 200, 'eval/mean_score': np.float64(0.9), 'eval/std_score': np.float64(0.0), 'eval/mean_episode_length': np.float64(1.0), 'eval/std_episode_length': np.float64(0.0), 'eval/eval_time': 0.09986996650695801}
{'training/total_steps': 18000, 'training/updates': 9, 'training/sps': np.float64(5693.638), 'training/walltime': np.float64(4.411), 'training/rollout_time': np.float64(0.35), 'training/update_time': np.float64(0.002), 'training/approx_kl': 0.0, 'training/entropy': 0.01733705773949623, 'training/policy_loss': 0.0017971545457839966, 'training/total_loss': 0.0018121207831427455, 'training/value_loss': 2.9932514735264704e-05}
{'eval/num_episodes': 200, 'eval/num_steps': 200, 'eval/mean_score': np.float64(0.9), 'eval/std_score': np.float64(0.007), 'eval/mean_episode_length': np.float64(1.0), 'eval/std_episode_length': np.float64(0.0), 'eval/eval_time': 0.07249927520751953}
{'training/total_steps': 20000, 'training/updates': 10, 'training/sps': np.float64(6199.167), 'training/walltime': np.float64(4.806), 'training/rollout_time': np.float64(0.321), 'training/update_time': np.float64(0.001), 'training/approx_kl': 0.0, 'training/entropy': 0.017345987260341644, 'training/policy_loss': 0.0005974711966700852, 'training/total_loss': 0.0006024861941114068, 'training/value_loss': 1.003002398647368e-05}
{'eval/num_episodes': 200, 'eval/num_steps': 200, 'eval/mean_score': np.float64(0.9), 'eval/std_score': np.float64(0.0), 'eval/mean_episode_length': np.float64(1.0), 'eval/std_episode_length': np.float64(0.0), 'eval/eval_time': 0.07649993896484375}
{'training/total_steps': 22000, 'training/updates': 11, 'training/sps': np.float64(5403.736), 'training/walltime': np.float64(5.253), 'training/rollout_time': np.float64(0.369), 'training/update_time': np.float64(0.001), 'training/approx_kl': 0.0, 'training/entropy': 0.017348943278193474, 'training/policy_loss': 0.0008988447953015566, 'training/total_loss': 0.0009063347824849188, 'training/value_loss': 1.4980017112975474e-05}
{'eval/num_episodes': 200, 'eval/num_steps': 200, 'eval/mean_score': np.float64(0.9), 'eval/std_score': np.float64(0.007), 'eval/mean_episode_length': np.float64(1.0), 'eval/std_episode_length': np.float64(0.0), 'eval/eval_time': 0.07860517501831055}
{'training/total_steps': 24000, 'training/updates': 12, 'training/sps': np.float64(4887.834), 'training/walltime': np.float64(5.742), 'training/rollout_time': np.float64(0.408), 'training/update_time': np.float64(0.001), 'training/approx_kl': 0.0, 'training/entropy': 0.017353355884552002, 'training/policy_loss': 0.0011977599933743477, 'training/total_loss': 0.0012077412102371454, 'training/value_loss': 1.9962501028203405e-05}
{'eval/num_episodes': 200, 'eval/num_steps': 200, 'eval/mean_score': np.float64(0.9), 'eval/std_score': np.float64(0.0), 'eval/mean_episode_length': np.float64(1.0), 'eval/std_episode_length': np.float64(0.0), 'eval/eval_time': 0.07581901550292969}
{'training/total_steps': 26000, 'training/updates': 13, 'training/sps': np.float64(6150.61), 'training/walltime': np.float64(6.143), 'training/rollout_time': np.float64(0.324), 'training/update_time': np.float64(0.002), 'training/approx_kl': 0.0, 'training/entropy': 0.017359349876642227, 'training/policy_loss': 0.0011969567276537418, 'training/total_loss': 0.0012069367803633213, 'training/value_loss': 1.9960001736762933e-05}
{'eval/num_episodes': 200, 'eval/num_steps': 200, 'eval/mean_score': np.float64(0.9), 'eval/std_score': np.float64(0.0), 'eval/mean_episode_length': np.float64(1.0), 'eval/std_episode_length': np.float64(0.0), 'eval/eval_time': 0.08001208305358887}
{'training/total_steps': 28000, 'training/updates': 14, 'training/sps': np.float64(5502.863), 'training/walltime': np.float64(6.587), 'training/rollout_time': np.float64(0.36), 'training/update_time': np.float64(0.003), 'training/approx_kl': 0.0, 'training/entropy': 0.017365219071507454, 'training/policy_loss': 0.0020949055906385183, 'training/total_loss': 0.002112355548888445, 'training/value_loss': 3.4900014725280926e-05}
{'eval/num_episodes': 200, 'eval/num_steps': 200, 'eval/mean_score': np.float64(0.9), 'eval/std_score': np.float64(0.0), 'eval/mean_episode_length': np.float64(1.0), 'eval/std_episode_length': np.float64(0.0), 'eval/eval_time': 0.08260989189147949}
{'training/total_steps': 30000, 'training/updates': 15, 'training/sps': np.float64(5896.247), 'training/walltime': np.float64(7.009), 'training/rollout_time': np.float64(0.337), 'training/update_time': np.float64(0.002), 'training/approx_kl': 0.0, 'training/entropy': 0.017375526949763298, 'training/policy_loss': 0.002389999106526375, 'training/total_loss': 0.0024099203292280436, 'training/value_loss': 3.984253999078646e-05}
{'eval/num_episodes': 200, 'eval/num_steps': 200, 'eval/mean_score': np.float64(0.9), 'eval/std_score': np.float64(0.0), 'eval/mean_episode_length': np.float64(1.0), 'eval/std_episode_length': np.float64(0.0), 'eval/eval_time': 0.07686209678649902}
{'training/total_steps': 32000, 'training/updates': 16, 'training/sps': np.float64(5378.409), 'training/walltime': np.float64(7.458), 'training/rollout_time': np.float64(0.37), 'training/update_time': np.float64(0.001), 'training/approx_kl': 0.0, 'training/entropy': 0.01738741807639599, 'training/policy_loss': 0.0029856974724680185, 'training/total_loss': 0.0030105775222182274, 'training/value_loss': 4.97600449307356e-05}
{'eval/num_episodes': 200, 'eval/num_steps': 200, 'eval/mean_score': np.float64(0.9), 'eval/std_score': np.float64(0.0), 'eval/mean_episode_length': np.float64(1.0), 'eval/std_episode_length': np.float64(0.0), 'eval/eval_time': 0.07502126693725586}
{'training/total_steps': 34000, 'training/updates': 17, 'training/sps': np.float64(5868.597), 'training/walltime': np.float64(7.875), 'training/rollout_time': np.float64(0.339), 'training/update_time': np.float64(0.001), 'training/approx_kl': 0.0, 'training/entropy': 0.01740223355591297, 'training/policy_loss': 0.0011920356191694736, 'training/total_loss': 0.0012020606081932783, 'training/value_loss': 2.004998350457754e-05}
{'eval/num_episodes': 200, 'eval/num_steps': 200, 'eval/mean_score': np.float64(0.9), 'eval/std_score': np.float64(0.0), 'eval/mean_episode_length': np.float64(1.0), 'eval/std_episode_length': np.float64(0.0), 'eval/eval_time': 0.07456111907958984}
{'training/total_steps': 36000, 'training/updates': 18, 'training/sps': np.float64(6093.533), 'training/walltime': np.float64(8.278), 'training/rollout_time': np.float64(0.327), 'training/update_time': np.float64(0.002), 'training/approx_kl': 0.0, 'training/entropy': 0.017408130690455437, 'training/policy_loss': 0.0008970993221737444, 'training/total_loss': 0.0009045893093571067, 'training/value_loss': 1.498000983701786e-05}
{'eval/num_episodes': 200, 'eval/num_steps': 200, 'eval/mean_score': np.float64(0.9), 'eval/std_score': np.float64(0.007), 'eval/mean_episode_length': np.float64(1.0), 'eval/std_episode_length': np.float64(0.0), 'eval/eval_time': 0.0732419490814209}
{'training/total_steps': 38000, 'training/updates': 19, 'training/sps': np.float64(5650.47), 'training/walltime': np.float64(8.705), 'training/rollout_time': np.float64(0.353), 'training/update_time': np.float64(0.001), 'training/approx_kl': 0.0, 'training/entropy': 0.017412664368748665, 'training/policy_loss': 0.0008976300014182925, 'training/total_loss': 0.0009051187662407756, 'training/value_loss': 1.4977499631640967e-05}
{'eval/num_episodes': 200, 'eval/num_steps': 200, 'eval/mean_score': np.float64(0.9), 'eval/std_score': np.float64(0.0), 'eval/mean_episode_length': np.float64(1.0), 'eval/std_episode_length': np.float64(0.0), 'eval/eval_time': 0.07487797737121582}
{'training/total_steps': 40000, 'training/updates': 20, 'training/sps': np.float64(5858.02), 'training/walltime': np.float64(9.122), 'training/rollout_time': np.float64(0.339), 'training/update_time': np.float64(0.002), 'training/approx_kl': 0.0, 'training/entropy': 0.017417099326848984, 'training/policy_loss': 0.0011969039915129542, 'training/total_loss': 0.001206885208375752, 'training/value_loss': 1.9962501028203405e-05}
{'eval/num_episodes': 200, 'eval/num_steps': 200, 'eval/mean_score': np.float64(0.9), 'eval/std_score': np.float64(0.007), 'eval/mean_episode_length': np.float64(1.0), 'eval/std_episode_length': np.float64(0.0), 'eval/eval_time': 0.13183212280273438}
{'training/total_steps': 42000, 'training/updates': 21, 'training/sps': np.float64(6120.552), 'training/walltime': np.float64(9.588), 'training/rollout_time': np.float64(0.325), 'training/update_time': np.float64(0.001), 'training/approx_kl': 0.0, 'training/entropy': 0.017423002049326897, 'training/policy_loss': 0.0005978010012768209, 'training/total_loss': 0.0006028009811416268, 'training/value_loss': 1.0000000656873453e-05}
{'eval/num_episodes': 200, 'eval/num_steps': 200, 'eval/mean_score': np.float64(0.9), 'eval/std_score': np.float64(0.0), 'eval/mean_episode_length': np.float64(1.0), 'eval/std_episode_length': np.float64(0.0), 'eval/eval_time': 0.07560110092163086}
{'training/total_steps': 44000, 'training/updates': 22, 'training/sps': np.float64(5753.377), 'training/walltime': np.float64(10.012), 'training/rollout_time': np.float64(0.346), 'training/update_time': np.float64(0.002), 'training/approx_kl': 0.0, 'training/entropy': 0.017425958067178726, 'training/policy_loss': 0.0008980690618045628, 'training/total_loss': 0.000905559048987925, 'training/value_loss': 1.4980015293986071e-05}
{'eval/num_episodes': 200, 'eval/num_steps': 200, 'eval/mean_score': np.float64(0.901), 'eval/std_score': np.float64(0.01), 'eval/mean_episode_length': np.float64(1.0), 'eval/std_episode_length': np.float64(0.0), 'eval/eval_time': 0.07741713523864746}
{'training/total_steps': 46000, 'training/updates': 23, 'training/sps': np.float64(6032.748), 'training/walltime': np.float64(10.421), 'training/rollout_time': np.float64(0.33), 'training/update_time': np.float64(0.002), 'training/approx_kl': 0.0, 'training/entropy': 0.017430510371923447, 'training/policy_loss': -3.7440634059748845e-07, 'training/total_loss': -3.631525942182634e-07, 'training/value_loss': 2.2507478547595383e-08}
{'eval/num_episodes': 200, 'eval/num_steps': 200, 'eval/mean_score': np.float64(0.9), 'eval/std_score': np.float64(0.0), 'eval/mean_episode_length': np.float64(1.0), 'eval/std_episode_length': np.float64(0.0), 'eval/eval_time': 0.07565188407897949}
{'training/total_steps': 48000, 'training/updates': 24, 'training/sps': np.float64(5574.785), 'training/walltime': np.float64(10.856), 'training/rollout_time': np.float64(0.357), 'training/update_time': np.float64(0.001), 'training/approx_kl': 0.0, 'training/entropy': 0.017430512234568596, 'training/policy_loss': 0.0014986200258135796, 'training/total_loss': 0.0015111200045794249, 'training/value_loss': 2.50000102823833e-05}
{'eval/num_episodes': 200, 'eval/num_steps': 200, 'eval/mean_score': np.float64(0.9), 'eval/std_score': np.float64(0.0), 'eval/mean_episode_length': np.float64(1.0), 'eval/std_episode_length': np.float64(0.0), 'eval/eval_time': 0.07373881340026855}
{'training/total_steps': 50000, 'training/updates': 25, 'training/sps': np.float64(6133.978), 'training/walltime': np.float64(11.256), 'training/rollout_time': np.float64(0.325), 'training/update_time': np.float64(0.001), 'training/approx_kl': 0.0, 'training/entropy': 0.017437878996133804, 'training/policy_loss': 0.0014941270928829908, 'training/total_loss': 0.0015065958723425865, 'training/value_loss': 2.493750253051985e-05}
{'eval/num_episodes': 200, 'eval/num_steps': 200, 'eval/mean_score': np.float64(0.9), 'eval/std_score': np.float64(0.0), 'eval/mean_episode_length': np.float64(1.0), 'eval/std_episode_length': np.float64(0.0), 'eval/eval_time': 0.07551193237304688}
{'training/total_steps': 52000, 'training/updates': 26, 'training/sps': np.float64(6152.997), 'training/walltime': np.float64(11.657), 'training/rollout_time': np.float64(0.324), 'training/update_time': np.float64(0.001), 'training/approx_kl': 0.0, 'training/entropy': 0.017445385456085205, 'training/policy_loss': 0.0029886323027312756, 'training/total_loss': 0.0030135386623442173, 'training/value_loss': 4.981253368896432e-05}
{'eval/num_episodes': 200, 'eval/num_steps': 200, 'eval/mean_score': np.float64(0.9), 'eval/std_score': np.float64(0.0), 'eval/mean_episode_length': np.float64(1.0), 'eval/std_episode_length': np.float64(0.0), 'eval/eval_time': 0.07261490821838379}
{'training/total_steps': 54000, 'training/updates': 27, 'training/sps': np.float64(5601.349), 'training/walltime': np.float64(12.087), 'training/rollout_time': np.float64(0.356), 'training/update_time': np.float64(0.002), 'training/approx_kl': 0.0, 'training/entropy': 0.017460133880376816, 'training/policy_loss': 0.0011912574991583824, 'training/total_loss': 0.001201282488182187, 'training/value_loss': 2.005000897042919e-05}
{'eval/num_episodes': 200, 'eval/num_steps': 200, 'eval/mean_score': np.float64(0.9), 'eval/std_score': np.float64(0.0), 'eval/mean_episode_length': np.float64(1.0), 'eval/std_episode_length': np.float64(0.0), 'eval/eval_time': 0.07532596588134766}
{'training/total_steps': 56000, 'training/updates': 28, 'training/sps': np.float64(6012.598), 'training/walltime': np.float64(12.496), 'training/rollout_time': np.float64(0.331), 'training/update_time': np.float64(0.001), 'training/approx_kl': 0.0, 'training/entropy': 0.017466161400079727, 'training/policy_loss': 0.0008965171873569489, 'training/total_loss': 0.0009040071745403111, 'training/value_loss': 1.4980006199039053e-05}
{'eval/num_episodes': 200, 'eval/num_steps': 200, 'eval/mean_score': np.float64(0.9), 'eval/std_score': np.float64(0.007), 'eval/mean_episode_length': np.float64(1.0), 'eval/std_episode_length': np.float64(0.0), 'eval/eval_time': 0.07452225685119629}
{'training/total_steps': 58000, 'training/updates': 29, 'training/sps': np.float64(5474.714), 'training/walltime': np.float64(12.936), 'training/rollout_time': np.float64(0.364), 'training/update_time': np.float64(0.002), 'training/approx_kl': 0.0, 'training/entropy': 0.017470600083470345, 'training/policy_loss': 0.0026918898802250624, 'training/total_loss': 0.002714333590120077, 'training/value_loss': 4.4887496187584475e-05}
{'eval/num_episodes': 200, 'eval/num_steps': 200, 'eval/mean_score': np.float64(0.901), 'eval/std_score': np.float64(0.012), 'eval/mean_episode_length': np.float64(1.0), 'eval/std_episode_length': np.float64(0.0), 'eval/eval_time': 0.08074426651000977}
{'training/total_steps': 60000, 'training/updates': 30, 'training/sps': np.float64(4823.298), 'training/walltime': np.float64(13.432), 'training/rollout_time': np.float64(0.413), 'training/update_time': np.float64(0.002), 'training/approx_kl': 0.0, 'training/entropy': 0.017484011128544807, 'training/policy_loss': 0.0005952683859504759, 'training/total_loss': 0.0006003245944157243, 'training/value_loss': 1.0112467862199992e-05}
{'eval/num_episodes': 200, 'eval/num_steps': 200, 'eval/mean_score': np.float64(0.9), 'eval/std_score': np.float64(0.0), 'eval/mean_episode_length': np.float64(1.0), 'eval/std_episode_length': np.float64(0.0), 'eval/eval_time': 0.07786798477172852}
TRAINING END: training duration: 13.509874820709229
{'final_eval/num_episodes': 200, 'final_eval/num_steps': 200, 'final_eval/mean_score': np.float64(0.8999999761581421), 'final_eval/std_score': np.float64(0.0), 'final_eval/mean_episode_length': np.float64(1.0), 'final_eval/std_episode_length': np.float64(0.0)}
