|param: value|
|experiment_name:  cleanba_ppo|
|seed:  5|
|platform:  cpu|
|write_logs_to_file:  False|
|save_model:  False|
|env_name:  bandit|
|num_envs:  8|
|num_train_levels:  200|
|distribution_mode:  easy|
|arm_means:  (1.0, 0.9)|
|deterministic_rewards:  True|
|eval_env:  True|
|num_eval_episodes:  200|
|eval_every:  1|
|deterministic_eval:  False|
|total_timesteps:  60000|
|learning_rate:  0.00025|
|adam_eps:  1e-05|
|unroll_length:  250|
|anneal_lr:  False|
|gamma:  0.99|
|gae_lambda:  0.95|
|num_minibatches:  4|
|update_epochs:  4|
|normalize_advantages:  True|
|clip_eps:  0.1|
|clip_vloss:  True|
|entropy_cost:  0.0|
|vf_cost:  0.5|
|max_grad_norm:  0.5|
|use_cnn:  False|
|policy_hidden_layer_sizes:  ()|
|value_hidden_layer_sizes:  ()|
|activation:  <jax._src.custom_derivatives.custom_jvp object at 0x110020090>|
|policy_init_logit_bias:  [4.0, 0.0]|
{'training/total_steps': 2000, 'training/updates': 1, 'training/sps': np.float64(2022.575), 'training/walltime': np.float64(0.989), 'training/rollout_time': np.float64(0.529), 'training/update_time': np.float64(0.459), 'training/approx_kl': 1.4358982980411383e-06, 'training/entropy': 0.08915741741657257, 'training/policy_loss': -0.0016564424149692059, 'training/total_loss': 0.15809237957000732, 'training/value_loss': 0.31949764490127563}
{'eval/num_episodes': 200, 'eval/num_steps': 200, 'eval/mean_score': np.float64(0.998), 'eval/std_score': np.float64(0.014), 'eval/mean_episode_length': np.float64(1.0), 'eval/std_episode_length': np.float64(0.0), 'eval/eval_time': 0.07490801811218262}
{'training/total_steps': 4000, 'training/updates': 2, 'training/sps': np.float64(14003.863), 'training/walltime': np.float64(1.207), 'training/rollout_time': np.float64(0.135), 'training/update_time': np.float64(0.008), 'training/approx_kl': 1.6313168771375786e-06, 'training/entropy': 0.08804605156183243, 'training/policy_loss': -0.0017828267300501466, 'training/total_loss': 0.15473346412181854, 'training/value_loss': 0.3130325675010681}
{'eval/num_episodes': 200, 'eval/num_steps': 200, 'eval/mean_score': np.float64(0.997), 'eval/std_score': np.float64(0.016), 'eval/mean_episode_length': np.float64(1.0), 'eval/std_episode_length': np.float64(0.0), 'eval/eval_time': 0.07153797149658203}
{'training/total_steps': 6000, 'training/updates': 3, 'training/sps': np.float64(14188.808), 'training/walltime': np.float64(1.42), 'training/rollout_time': np.float64(0.133), 'training/update_time': np.float64(0.008), 'training/approx_kl': 2.018591658270452e-06, 'training/entropy': 0.08691098541021347, 'training/policy_loss': -0.0019504833035171032, 'training/total_loss': 0.1513175368309021, 'training/value_loss': 0.30653607845306396}
{'eval/num_episodes': 200, 'eval/num_steps': 200, 'eval/mean_score': np.float64(0.998), 'eval/std_score': np.float64(0.014), 'eval/mean_episode_length': np.float64(1.0), 'eval/std_episode_length': np.float64(0.0), 'eval/eval_time': 0.07065081596374512}
{'training/total_steps': 8000, 'training/updates': 4, 'training/sps': np.float64(13533.069), 'training/walltime': np.float64(1.638), 'training/rollout_time': np.float64(0.14), 'training/update_time': np.float64(0.008), 'training/approx_kl': 1.6491469523316482e-06, 'training/entropy': 0.08580338954925537, 'training/policy_loss': -0.00176140945404768, 'training/total_loss': 0.14852309226989746, 'training/value_loss': 0.30056899785995483}
{'eval/num_episodes': 200, 'eval/num_steps': 200, 'eval/mean_score': np.float64(0.997), 'eval/std_score': np.float64(0.016), 'eval/mean_episode_length': np.float64(1.0), 'eval/std_episode_length': np.float64(0.0), 'eval/eval_time': 0.08091497421264648}
{'training/total_steps': 10000, 'training/updates': 5, 'training/sps': np.float64(14000.497), 'training/walltime': np.float64(1.862), 'training/rollout_time': np.float64(0.135), 'training/update_time': np.float64(0.008), 'training/approx_kl': 1.5187748658718192e-06, 'training/entropy': 0.08473178744316101, 'training/policy_loss': -0.0017111250199377537, 'training/total_loss': 0.1455468386411667, 'training/value_loss': 0.2945159375667572}
{'eval/num_episodes': 200, 'eval/num_steps': 200, 'eval/mean_score': np.float64(0.999), 'eval/std_score': np.float64(0.01), 'eval/mean_episode_length': np.float64(1.0), 'eval/std_episode_length': np.float64(0.0), 'eval/eval_time': 0.07252120971679688}
{'training/total_steps': 12000, 'training/updates': 6, 'training/sps': np.float64(9734.206), 'training/walltime': np.float64(2.141), 'training/rollout_time': np.float64(0.197), 'training/update_time': np.float64(0.008), 'training/approx_kl': 1.2807948905901867e-06, 'training/entropy': 0.08369508385658264, 'training/policy_loss': -0.0015580249018967152, 'training/total_loss': 0.1426728516817093, 'training/value_loss': 0.2884617745876312}
{'eval/num_episodes': 200, 'eval/num_steps': 200, 'eval/mean_score': np.float64(0.999), 'eval/std_score': np.float64(0.007), 'eval/mean_episode_length': np.float64(1.0), 'eval/std_episode_length': np.float64(0.0), 'eval/eval_time': 0.07394909858703613}
{'training/total_steps': 14000, 'training/updates': 7, 'training/sps': np.float64(13473.295), 'training/walltime': np.float64(2.363), 'training/rollout_time': np.float64(0.141), 'training/update_time': np.float64(0.008), 'training/approx_kl': 2.2353801796271e-06, 'training/entropy': 0.08261194080114365, 'training/policy_loss': -0.002112781396135688, 'training/total_loss': 0.13886496424674988, 'training/value_loss': 0.2819554805755615}
{'eval/num_episodes': 200, 'eval/num_steps': 200, 'eval/mean_score': np.float64(0.997), 'eval/std_score': np.float64(0.017), 'eval/mean_episode_length': np.float64(1.0), 'eval/std_episode_length': np.float64(0.0), 'eval/eval_time': 0.07159090042114258}
{'training/total_steps': 16000, 'training/updates': 8, 'training/sps': np.float64(14111.45), 'training/walltime': np.float64(2.577), 'training/rollout_time': np.float64(0.134), 'training/update_time': np.float64(0.008), 'training/approx_kl': 9.604189017409226e-07, 'training/entropy': 0.08159279823303223, 'training/policy_loss': -0.001349215512163937, 'training/total_loss': 0.1370626986026764, 'training/value_loss': 0.27682381868362427}
{'eval/num_episodes': 200, 'eval/num_steps': 200, 'eval/mean_score': np.float64(0.998), 'eval/std_score': np.float64(0.012), 'eval/mean_episode_length': np.float64(1.0), 'eval/std_episode_length': np.float64(0.0), 'eval/eval_time': 0.07156133651733398}
{'training/total_steps': 18000, 'training/updates': 9, 'training/sps': np.float64(14667.706), 'training/walltime': np.float64(2.785), 'training/rollout_time': np.float64(0.128), 'training/update_time': np.float64(0.008), 'training/approx_kl': 1.2222053555888124e-06, 'training/entropy': 0.08062979578971863, 'training/policy_loss': -0.001547972671687603, 'training/total_loss': 0.1337352693080902, 'training/value_loss': 0.27056649327278137}
{'eval/num_episodes': 200, 'eval/num_steps': 200, 'eval/mean_score': np.float64(0.999), 'eval/std_score': np.float64(0.007), 'eval/mean_episode_length': np.float64(1.0), 'eval/std_episode_length': np.float64(0.0), 'eval/eval_time': 0.0724332332611084}
{'training/total_steps': 20000, 'training/updates': 10, 'training/sps': np.float64(14292.47), 'training/walltime': np.float64(2.998), 'training/rollout_time': np.float64(0.132), 'training/update_time': np.float64(0.008), 'training/approx_kl': 2.0836760086240247e-06, 'training/entropy': 0.07958556711673737, 'training/policy_loss': -0.001990823308005929, 'training/total_loss': 0.1301896572113037, 'training/value_loss': 0.2643609642982483}
{'eval/num_episodes': 200, 'eval/num_steps': 200, 'eval/mean_score': np.float64(0.997), 'eval/std_score': np.float64(0.016), 'eval/mean_episode_length': np.float64(1.0), 'eval/std_episode_length': np.float64(0.0), 'eval/eval_time': 0.06978702545166016}
{'training/total_steps': 22000, 'training/updates': 11, 'training/sps': np.float64(14412.97), 'training/walltime': np.float64(3.207), 'training/rollout_time': np.float64(0.131), 'training/update_time': np.float64(0.008), 'training/approx_kl': 1.1964883697146433e-06, 'training/entropy': 0.07856683433055878, 'training/policy_loss': -0.001537091564387083, 'training/total_loss': 0.12804237008094788, 'training/value_loss': 0.2591589093208313}
{'eval/num_episodes': 200, 'eval/num_steps': 200, 'eval/mean_score': np.float64(0.998), 'eval/std_score': np.float64(0.014), 'eval/mean_episode_length': np.float64(1.0), 'eval/std_episode_length': np.float64(0.0), 'eval/eval_time': 0.07141280174255371}
{'training/total_steps': 24000, 'training/updates': 12, 'training/sps': np.float64(14602.826), 'training/walltime': np.float64(3.415), 'training/rollout_time': np.float64(0.129), 'training/update_time': np.float64(0.008), 'training/approx_kl': 8.645351385894173e-07, 'training/entropy': 0.07764497399330139, 'training/policy_loss': -0.001249533030204475, 'training/total_loss': 0.12549838423728943, 'training/value_loss': 0.25349584221839905}
{'eval/num_episodes': 200, 'eval/num_steps': 200, 'eval/mean_score': np.float64(0.997), 'eval/std_score': np.float64(0.016), 'eval/mean_episode_length': np.float64(1.0), 'eval/std_episode_length': np.float64(0.0), 'eval/eval_time': 0.07117104530334473}
{'training/total_steps': 26000, 'training/updates': 13, 'training/sps': np.float64(13809.09), 'training/walltime': np.float64(3.632), 'training/rollout_time': np.float64(0.137), 'training/update_time': np.float64(0.008), 'training/approx_kl': 7.857163382141152e-07, 'training/entropy': 0.07677063345909119, 'training/policy_loss': -0.0012403684668242931, 'training/total_loss': 0.12263768911361694, 'training/value_loss': 0.24775612354278564}
{'eval/num_episodes': 200, 'eval/num_steps': 200, 'eval/mean_score': np.float64(0.997), 'eval/std_score': np.float64(0.016), 'eval/mean_episode_length': np.float64(1.0), 'eval/std_episode_length': np.float64(0.0), 'eval/eval_time': 0.07448697090148926}
{'training/total_steps': 28000, 'training/updates': 14, 'training/sps': np.float64(11691.929), 'training/walltime': np.float64(3.877), 'training/rollout_time': np.float64(0.137), 'training/update_time': np.float64(0.034), 'training/approx_kl': 1.3191877314966405e-06, 'training/entropy': 0.07583849132061005, 'training/policy_loss': -0.0016191459726542234, 'training/total_loss': 0.11928268522024155, 'training/value_loss': 0.24180366098880768}
{'eval/num_episodes': 200, 'eval/num_steps': 200, 'eval/mean_score': np.float64(0.998), 'eval/std_score': np.float64(0.014), 'eval/mean_episode_length': np.float64(1.0), 'eval/std_episode_length': np.float64(0.0), 'eval/eval_time': 0.12469077110290527}
{'training/total_steps': 30000, 'training/updates': 15, 'training/sps': np.float64(12664.879), 'training/walltime': np.float64(4.16), 'training/rollout_time': np.float64(0.15), 'training/update_time': np.float64(0.008), 'training/approx_kl': 1.7553718407725682e-06, 'training/entropy': 0.0748441070318222, 'training/policy_loss': -0.0018263795645907521, 'training/total_loss': 0.11629381775856018, 'training/value_loss': 0.23624038696289062}
{'eval/num_episodes': 200, 'eval/num_steps': 200, 'eval/mean_score': np.float64(0.999), 'eval/std_score': np.float64(0.007), 'eval/mean_episode_length': np.float64(1.0), 'eval/std_episode_length': np.float64(0.0), 'eval/eval_time': 0.07477521896362305}
{'training/total_steps': 32000, 'training/updates': 16, 'training/sps': np.float64(14243.594), 'training/walltime': np.float64(4.376), 'training/rollout_time': np.float64(0.133), 'training/update_time': np.float64(0.008), 'training/approx_kl': 1.3393075732892612e-06, 'training/entropy': 0.07385741174221039, 'training/policy_loss': -0.0016258836258202791, 'training/total_loss': 0.11390435695648193, 'training/value_loss': 0.2310604751110077}
{'eval/num_episodes': 200, 'eval/num_steps': 200, 'eval/mean_score': np.float64(0.999), 'eval/std_score': np.float64(0.01), 'eval/mean_episode_length': np.float64(1.0), 'eval/std_episode_length': np.float64(0.0), 'eval/eval_time': 0.07282090187072754}
{'training/total_steps': 34000, 'training/updates': 17, 'training/sps': np.float64(14365.359), 'training/walltime': np.float64(4.588), 'training/rollout_time': np.float64(0.131), 'training/update_time': np.float64(0.008), 'training/approx_kl': 1.1243122344239964e-06, 'training/entropy': 0.07293017208576202, 'training/policy_loss': -0.0014229719527065754, 'training/total_loss': 0.11145336180925369, 'training/value_loss': 0.22575266659259796}
{'eval/num_episodes': 200, 'eval/num_steps': 200, 'eval/mean_score': np.float64(0.998), 'eval/std_score': np.float64(0.012), 'eval/mean_episode_length': np.float64(1.0), 'eval/std_episode_length': np.float64(0.0), 'eval/eval_time': 0.07070183753967285}
{'training/total_steps': 36000, 'training/updates': 18, 'training/sps': np.float64(14224.151), 'training/walltime': np.float64(4.8), 'training/rollout_time': np.float64(0.133), 'training/update_time': np.float64(0.008), 'training/approx_kl': 1.5842608718230622e-06, 'training/entropy': 0.07198991626501083, 'training/policy_loss': -0.001763753592967987, 'training/total_loss': 0.108327716588974, 'training/value_loss': 0.22018292546272278}
{'eval/num_episodes': 200, 'eval/num_steps': 200, 'eval/mean_score': np.float64(0.999), 'eval/std_score': np.float64(0.007), 'eval/mean_episode_length': np.float64(1.0), 'eval/std_episode_length': np.float64(0.0), 'eval/eval_time': 0.07153511047363281}
{'training/total_steps': 38000, 'training/updates': 19, 'training/sps': np.float64(12723.545), 'training/walltime': np.float64(5.029), 'training/rollout_time': np.float64(0.149), 'training/update_time': np.float64(0.008), 'training/approx_kl': 1.3816320461046416e-06, 'training/entropy': 0.07103342562913895, 'training/policy_loss': -0.001596491551026702, 'training/total_loss': 0.10599826276302338, 'training/value_loss': 0.21518951654434204}
{'eval/num_episodes': 200, 'eval/num_steps': 200, 'eval/mean_score': np.float64(0.999), 'eval/std_score': np.float64(0.01), 'eval/mean_episode_length': np.float64(1.0), 'eval/std_episode_length': np.float64(0.0), 'eval/eval_time': 0.07116889953613281}
{'training/total_steps': 40000, 'training/updates': 20, 'training/sps': np.float64(14151.778), 'training/walltime': np.float64(5.241), 'training/rollout_time': np.float64(0.133), 'training/update_time': np.float64(0.008), 'training/approx_kl': 1.547612782815122e-06, 'training/entropy': 0.07008674740791321, 'training/policy_loss': -0.001708112540654838, 'training/total_loss': 0.10323335230350494, 'training/value_loss': 0.2098829448223114}
{'eval/num_episodes': 200, 'eval/num_steps': 200, 'eval/mean_score': np.float64(0.998), 'eval/std_score': np.float64(0.014), 'eval/mean_episode_length': np.float64(1.0), 'eval/std_episode_length': np.float64(0.0), 'eval/eval_time': 0.07091188430786133}
{'training/total_steps': 42000, 'training/updates': 21, 'training/sps': np.float64(12376.539), 'training/walltime': np.float64(5.474), 'training/rollout_time': np.float64(0.154), 'training/update_time': np.float64(0.008), 'training/approx_kl': 1.202880866912892e-06, 'training/entropy': 0.0691586285829544, 'training/policy_loss': -0.0015162909403443336, 'training/total_loss': 0.10099350661039352, 'training/value_loss': 0.20501959323883057}
{'eval/num_episodes': 200, 'eval/num_steps': 200, 'eval/mean_score': np.float64(0.999), 'eval/std_score': np.float64(0.007), 'eval/mean_episode_length': np.float64(1.0), 'eval/std_episode_length': np.float64(0.0), 'eval/eval_time': 0.07258987426757812}
{'training/total_steps': 44000, 'training/updates': 22, 'training/sps': np.float64(14459.129), 'training/walltime': np.float64(5.685), 'training/rollout_time': np.float64(0.13), 'training/update_time': np.float64(0.008), 'training/approx_kl': 1.2465087593227508e-06, 'training/entropy': 0.0682649165391922, 'training/policy_loss': -0.0015417885733768344, 'training/total_loss': 0.09844733774662018, 'training/value_loss': 0.19997824728488922}
{'eval/num_episodes': 200, 'eval/num_steps': 200, 'eval/mean_score': np.float64(0.999), 'eval/std_score': np.float64(0.01), 'eval/mean_episode_length': np.float64(1.0), 'eval/std_episode_length': np.float64(0.0), 'eval/eval_time': 0.07160615921020508}
{'training/total_steps': 46000, 'training/updates': 23, 'training/sps': np.float64(14412.945), 'training/walltime': np.float64(5.896), 'training/rollout_time': np.float64(0.131), 'training/update_time': np.float64(0.008), 'training/approx_kl': 1.8937914774141973e-06, 'training/entropy': 0.06732691079378128, 'training/policy_loss': -0.0019256540108472109, 'training/total_loss': 0.0954778715968132, 'training/value_loss': 0.1948070377111435}
{'eval/num_episodes': 200, 'eval/num_steps': 200, 'eval/mean_score': np.float64(0.998), 'eval/std_score': np.float64(0.012), 'eval/mean_episode_length': np.float64(1.0), 'eval/std_episode_length': np.float64(0.0), 'eval/eval_time': 0.0714268684387207}
{'training/total_steps': 48000, 'training/updates': 24, 'training/sps': np.float64(10865.355), 'training/walltime': np.float64(6.152), 'training/rollout_time': np.float64(0.176), 'training/update_time': np.float64(0.008), 'training/approx_kl': 1.2365630936983507e-06, 'training/entropy': 0.0664120614528656, 'training/policy_loss': -0.001550221350044012, 'training/total_loss': 0.09363754093647003, 'training/value_loss': 0.19037552177906036}
{'eval/num_episodes': 200, 'eval/num_steps': 200, 'eval/mean_score': np.float64(0.998), 'eval/std_score': np.float64(0.014), 'eval/mean_episode_length': np.float64(1.0), 'eval/std_episode_length': np.float64(0.0), 'eval/eval_time': 0.07402396202087402}
{'training/total_steps': 50000, 'training/updates': 25, 'training/sps': np.float64(14350.073), 'training/walltime': np.float64(6.366), 'training/rollout_time': np.float64(0.131), 'training/update_time': np.float64(0.008), 'training/approx_kl': 8.6845000168978e-07, 'training/entropy': 0.06559360027313232, 'training/policy_loss': -0.0012966834474354982, 'training/total_loss': 0.09154027700424194, 'training/value_loss': 0.18567390739917755}
{'eval/num_episodes': 200, 'eval/num_steps': 200, 'eval/mean_score': np.float64(0.999), 'eval/std_score': np.float64(0.007), 'eval/mean_episode_length': np.float64(1.0), 'eval/std_episode_length': np.float64(0.0), 'eval/eval_time': 0.07206010818481445}
{'training/total_steps': 52000, 'training/updates': 26, 'training/sps': np.float64(14757.426), 'training/walltime': np.float64(6.573), 'training/rollout_time': np.float64(0.127), 'training/update_time': np.float64(0.008), 'training/approx_kl': 1.1048410897274152e-06, 'training/entropy': 0.0647808238863945, 'training/policy_loss': -0.0014599268324673176, 'training/total_loss': 0.08899228274822235, 'training/value_loss': 0.18090440332889557}
{'eval/num_episodes': 200, 'eval/num_steps': 200, 'eval/mean_score': np.float64(0.998), 'eval/std_score': np.float64(0.012), 'eval/mean_episode_length': np.float64(1.0), 'eval/std_episode_length': np.float64(0.0), 'eval/eval_time': 0.11481618881225586}
{'training/total_steps': 54000, 'training/updates': 27, 'training/sps': np.float64(13848.026), 'training/walltime': np.float64(6.833), 'training/rollout_time': np.float64(0.136), 'training/update_time': np.float64(0.008), 'training/approx_kl': 1.6511409057784476e-06, 'training/entropy': 0.06391184777021408, 'training/policy_loss': -0.0017954435897991061, 'training/total_loss': 0.08628911525011063, 'training/value_loss': 0.17616911232471466}
{'eval/num_episodes': 200, 'eval/num_steps': 200, 'eval/mean_score': np.float64(0.999), 'eval/std_score': np.float64(0.01), 'eval/mean_episode_length': np.float64(1.0), 'eval/std_episode_length': np.float64(0.0), 'eval/eval_time': 0.07317113876342773}
{'training/total_steps': 56000, 'training/updates': 28, 'training/sps': np.float64(14140.495), 'training/walltime': np.float64(7.048), 'training/rollout_time': np.float64(0.134), 'training/update_time': np.float64(0.008), 'training/approx_kl': 1.0210383152298164e-06, 'training/entropy': 0.06306995451450348, 'training/policy_loss': -0.0013610835885629058, 'training/total_loss': 0.08464808762073517, 'training/value_loss': 0.17201834917068481}
{'eval/num_episodes': 200, 'eval/num_steps': 200, 'eval/mean_score': np.float64(0.999), 'eval/std_score': np.float64(0.01), 'eval/mean_episode_length': np.float64(1.0), 'eval/std_episode_length': np.float64(0.0), 'eval/eval_time': 0.07135701179504395}
{'training/total_steps': 58000, 'training/updates': 29, 'training/sps': np.float64(8659.995), 'training/walltime': np.float64(7.35), 'training/rollout_time': np.float64(0.223), 'training/update_time': np.float64(0.008), 'training/approx_kl': 1.2471806485336856e-06, 'training/entropy': 0.06227228045463562, 'training/policy_loss': -0.0015349059831351042, 'training/total_loss': 0.08221761882305145, 'training/value_loss': 0.16750505566596985}
{'eval/num_episodes': 200, 'eval/num_steps': 200, 'eval/mean_score': np.float64(1.0), 'eval/std_score': np.float64(0.0), 'eval/mean_episode_length': np.float64(1.0), 'eval/std_episode_length': np.float64(0.0), 'eval/eval_time': 0.07331728935241699}
{'training/total_steps': 60000, 'training/updates': 30, 'training/sps': np.float64(14280.499), 'training/walltime': np.float64(7.564), 'training/rollout_time': np.float64(0.132), 'training/update_time': np.float64(0.008), 'training/approx_kl': 1.1917377378267702e-06, 'training/entropy': 0.061461471021175385, 'training/policy_loss': -0.0014998775441199541, 'training/total_loss': 0.08014880120754242, 'training/value_loss': 0.1632973700761795}
{'eval/num_episodes': 200, 'eval/num_steps': 200, 'eval/mean_score': np.float64(0.999), 'eval/std_score': np.float64(0.01), 'eval/mean_episode_length': np.float64(1.0), 'eval/std_episode_length': np.float64(0.0), 'eval/eval_time': 0.07087588310241699}
TRAINING END: training duration: 7.6350860595703125
{'final_eval/num_episodes': 200, 'final_eval/num_steps': 200, 'final_eval/mean_score': np.float64(1.0), 'final_eval/std_score': np.float64(0.0), 'final_eval/mean_episode_length': np.float64(1.0), 'final_eval/std_episode_length': np.float64(0.0)}
