|param: value|
|experiment_name:  reinforce_procgen|
|seed:  5|
|platform:  cpu|
|write_logs_to_file:  False|
|save_model:  False|
|env_name:  bandit|
|num_envs:  1|
|num_train_levels:  200|
|distribution_mode:  easy|
|arm_means:  (1.0, 0.9)|
|deterministic_rewards:  True|
|eval_env:  True|
|num_eval_episodes:  200|
|eval_every:  1|
|deterministic_eval:  False|
|normalize_observations:  True|
|total_timesteps:  60000|
|learning_rate:  0.5|
|optimizer:  sgd|
|unroll_length:  2048|
|anneal_lr:  False|
|gamma:  0.99|
|batch_size:  1|
|num_minibatches:  1|
|update_epochs:  1|
|entropy_cost:  0.0|
|max_grad_norm:  0.5|
|reward_scaling:  1.0|
|use_cnn:  False|
|policy_hidden_layer_sizes:  ()|
|value_hidden_layer_sizes:  ()|
|activation:  <jax._src.custom_derivatives.custom_jvp object at 0x110020090>|
|policy_init_logit_bias:  [4.0, 0.0]|
{'training/total_steps': 2000, 'training/updates': 1, 'training/sps': np.float64(2027.338), 'training/walltime': np.float64(0.987), 'training/rollout_time': np.float64(0.426), 'training/update_time': np.float64(0.561), 'training/approx_kl': 0.0, 'training/entropy': 0.09009480476379395, 'training/policy_loss': 0.1371300369501114, 'training/total_loss': 1.8966106176376343, 'training/value_loss': 3.518961191177368}
{'eval/num_episodes': 200, 'eval/num_steps': 200, 'eval/mean_score': np.float64(0.998), 'eval/std_score': np.float64(0.012), 'eval/mean_episode_length': np.float64(1.0), 'eval/std_episode_length': np.float64(0.0), 'eval/eval_time': 0.07386088371276855}
{'training/total_steps': 4000, 'training/updates': 2, 'training/sps': np.float64(6414.265), 'training/walltime': np.float64(1.373), 'training/rollout_time': np.float64(0.31), 'training/update_time': np.float64(0.002), 'training/approx_kl': 0.0, 'training/entropy': 0.08988278359174728, 'training/policy_loss': 0.13012856245040894, 'training/total_loss': 1.288388729095459, 'training/value_loss': 2.3165204524993896}
{'eval/num_episodes': 200, 'eval/num_steps': 200, 'eval/mean_score': np.float64(0.997), 'eval/std_score': np.float64(0.016), 'eval/mean_episode_length': np.float64(1.0), 'eval/std_episode_length': np.float64(0.0), 'eval/eval_time': 0.07457804679870605}
{'training/total_steps': 6000, 'training/updates': 3, 'training/sps': np.float64(6530.076), 'training/walltime': np.float64(1.754), 'training/rollout_time': np.float64(0.305), 'training/update_time': np.float64(0.001), 'training/approx_kl': 0.0, 'training/entropy': 0.08982819318771362, 'training/policy_loss': 0.10253734141588211, 'training/total_loss': 0.7850937843322754, 'training/value_loss': 1.3651129007339478}
{'eval/num_episodes': 200, 'eval/num_steps': 200, 'eval/mean_score': np.float64(0.998), 'eval/std_score': np.float64(0.014), 'eval/mean_episode_length': np.float64(1.0), 'eval/std_episode_length': np.float64(0.0), 'eval/eval_time': 0.07192611694335938}
{'training/total_steps': 8000, 'training/updates': 4, 'training/sps': np.float64(6008.679), 'training/walltime': np.float64(2.159), 'training/rollout_time': np.float64(0.331), 'training/update_time': np.float64(0.002), 'training/approx_kl': 0.0, 'training/entropy': 0.0898025780916214, 'training/policy_loss': 0.06207931786775589, 'training/total_loss': 0.39427104592323303, 'training/value_loss': 0.6643834710121155}
{'eval/num_episodes': 200, 'eval/num_steps': 200, 'eval/mean_score': np.float64(0.998), 'eval/std_score': np.float64(0.014), 'eval/mean_episode_length': np.float64(1.0), 'eval/std_episode_length': np.float64(0.0), 'eval/eval_time': 0.08448076248168945}
{'training/total_steps': 10000, 'training/updates': 5, 'training/sps': np.float64(6518.294), 'training/walltime': np.float64(2.551), 'training/rollout_time': np.float64(0.305), 'training/update_time': np.float64(0.002), 'training/approx_kl': 0.0, 'training/entropy': 0.08963315933942795, 'training/policy_loss': 0.0374101921916008, 'training/total_loss': 0.14381393790245056, 'training/value_loss': 0.21280750632286072}
{'eval/num_episodes': 200, 'eval/num_steps': 200, 'eval/mean_score': np.float64(0.998), 'eval/std_score': np.float64(0.012), 'eval/mean_episode_length': np.float64(1.0), 'eval/std_episode_length': np.float64(0.0), 'eval/eval_time': 0.07646799087524414}
{'training/total_steps': 12000, 'training/updates': 6, 'training/sps': np.float64(5809.547), 'training/walltime': np.float64(2.972), 'training/rollout_time': np.float64(0.343), 'training/update_time': np.float64(0.001), 'training/approx_kl': 0.0, 'training/entropy': 0.0895276814699173, 'training/policy_loss': 0.002482919255271554, 'training/total_loss': 0.008399750106036663, 'training/value_loss': 0.011833662167191505}
{'eval/num_episodes': 200, 'eval/num_steps': 200, 'eval/mean_score': np.float64(0.999), 'eval/std_score': np.float64(0.01), 'eval/mean_episode_length': np.float64(1.0), 'eval/std_episode_length': np.float64(0.0), 'eval/eval_time': 0.07596802711486816}
{'training/total_steps': 14000, 'training/updates': 7, 'training/sps': np.float64(6315.287), 'training/walltime': np.float64(3.365), 'training/rollout_time': np.float64(0.315), 'training/update_time': np.float64(0.001), 'training/approx_kl': 0.0, 'training/entropy': 0.08927560597658157, 'training/policy_loss': -0.007325833663344383, 'training/total_loss': -0.007234943099319935, 'training/value_loss': 0.00018178130267187953}
{'eval/num_episodes': 200, 'eval/num_steps': 200, 'eval/mean_score': np.float64(0.998), 'eval/std_score': np.float64(0.014), 'eval/mean_episode_length': np.float64(1.0), 'eval/std_episode_length': np.float64(0.0), 'eval/eval_time': 0.07195591926574707}
{'training/total_steps': 16000, 'training/updates': 8, 'training/sps': np.float64(6328.255), 'training/walltime': np.float64(3.753), 'training/rollout_time': np.float64(0.315), 'training/update_time': np.float64(0.001), 'training/approx_kl': 0.0, 'training/entropy': 0.08902151882648468, 'training/policy_loss': -0.008280549198389053, 'training/total_loss': -0.008177722804248333, 'training/value_loss': 0.00020565259910654277}
{'eval/num_episodes': 200, 'eval/num_steps': 200, 'eval/mean_score': np.float64(0.997), 'eval/std_score': np.float64(0.016), 'eval/mean_episode_length': np.float64(1.0), 'eval/std_episode_length': np.float64(0.0), 'eval/eval_time': 0.07194089889526367}
{'training/total_steps': 18000, 'training/updates': 9, 'training/sps': np.float64(6112.524), 'training/walltime': np.float64(4.153), 'training/rollout_time': np.float64(0.326), 'training/update_time': np.float64(0.001), 'training/approx_kl': 0.0, 'training/entropy': 0.0887344628572464, 'training/policy_loss': -0.004903593100607395, 'training/total_loss': -0.004841513000428677, 'training/value_loss': 0.00012416006939020008}
{'eval/num_episodes': 200, 'eval/num_steps': 200, 'eval/mean_score': np.float64(0.997), 'eval/std_score': np.float64(0.016), 'eval/mean_episode_length': np.float64(1.0), 'eval/std_episode_length': np.float64(0.0), 'eval/eval_time': 0.07734394073486328}
{'training/total_steps': 20000, 'training/updates': 10, 'training/sps': np.float64(6245.395), 'training/walltime': np.float64(4.551), 'training/rollout_time': np.float64(0.319), 'training/update_time': np.float64(0.001), 'training/approx_kl': 0.0, 'training/entropy': 0.08856201171875, 'training/policy_loss': -0.008155977353453636, 'training/total_loss': -0.00805525854229927, 'training/value_loss': 0.00020143772417213768}
{'eval/num_episodes': 200, 'eval/num_steps': 200, 'eval/mean_score': np.float64(0.999), 'eval/std_score': np.float64(0.007), 'eval/mean_episode_length': np.float64(1.0), 'eval/std_episode_length': np.float64(0.0), 'eval/eval_time': 0.07126712799072266}
{'training/total_steps': 22000, 'training/updates': 11, 'training/sps': np.float64(5223.972), 'training/walltime': np.float64(5.005), 'training/rollout_time': np.float64(0.381), 'training/update_time': np.float64(0.002), 'training/approx_kl': 0.0, 'training/entropy': 0.08828282356262207, 'training/policy_loss': -0.005311144050210714, 'training/total_loss': -0.005244310013949871, 'training/value_loss': 0.00013366765051614493}
{'eval/num_episodes': 200, 'eval/num_steps': 200, 'eval/mean_score': np.float64(0.998), 'eval/std_score': np.float64(0.014), 'eval/mean_episode_length': np.float64(1.0), 'eval/std_episode_length': np.float64(0.0), 'eval/eval_time': 0.07895207405090332}
{'training/total_steps': 24000, 'training/updates': 12, 'training/sps': np.float64(5375.028), 'training/walltime': np.float64(5.456), 'training/rollout_time': np.float64(0.368), 'training/update_time': np.float64(0.004), 'training/approx_kl': 0.0, 'training/entropy': 0.08809782564640045, 'training/policy_loss': -0.007560631260275841, 'training/total_loss': -0.007467284798622131, 'training/value_loss': 0.00018669263226911426}
{'eval/num_episodes': 200, 'eval/num_steps': 200, 'eval/mean_score': np.float64(0.996), 'eval/std_score': np.float64(0.02), 'eval/mean_episode_length': np.float64(1.0), 'eval/std_episode_length': np.float64(0.0), 'eval/eval_time': 0.10099101066589355}
{'training/total_steps': 26000, 'training/updates': 13, 'training/sps': np.float64(6202.972), 'training/walltime': np.float64(5.88), 'training/rollout_time': np.float64(0.321), 'training/update_time': np.float64(0.001), 'training/approx_kl': 0.0, 'training/entropy': 0.08784008026123047, 'training/policy_loss': -0.005330485757440329, 'training/total_loss': -0.0052637457847595215, 'training/value_loss': 0.00013348001812119037}
{'eval/num_episodes': 200, 'eval/num_steps': 200, 'eval/mean_score': np.float64(0.998), 'eval/std_score': np.float64(0.014), 'eval/mean_episode_length': np.float64(1.0), 'eval/std_episode_length': np.float64(0.0), 'eval/eval_time': 0.07266879081726074}
{'training/total_steps': 28000, 'training/updates': 14, 'training/sps': np.float64(6006.424), 'training/walltime': np.float64(6.286), 'training/rollout_time': np.float64(0.331), 'training/update_time': np.float64(0.002), 'training/approx_kl': 0.0, 'training/entropy': 0.08765595406293869, 'training/policy_loss': -0.006373155862092972, 'training/total_loss': -0.006294404622167349, 'training/value_loss': 0.00015750261081848294}
{'eval/num_episodes': 200, 'eval/num_steps': 200, 'eval/mean_score': np.float64(0.999), 'eval/std_score': np.float64(0.007), 'eval/mean_episode_length': np.float64(1.0), 'eval/std_episode_length': np.float64(0.0), 'eval/eval_time': 0.07948708534240723}
{'training/total_steps': 30000, 'training/updates': 15, 'training/sps': np.float64(4820.671), 'training/walltime': np.float64(6.781), 'training/rollout_time': np.float64(0.413), 'training/update_time': np.float64(0.001), 'training/approx_kl': 0.0, 'training/entropy': 0.08743929862976074, 'training/policy_loss': -0.005958490539342165, 'training/total_loss': -0.005884610582143068, 'training/value_loss': 0.00014776007446926087}
{'eval/num_episodes': 200, 'eval/num_steps': 200, 'eval/mean_score': np.float64(0.999), 'eval/std_score': np.float64(0.01), 'eval/mean_episode_length': np.float64(1.0), 'eval/std_episode_length': np.float64(0.0), 'eval/eval_time': 0.07334589958190918}
{'training/total_steps': 32000, 'training/updates': 16, 'training/sps': np.float64(5861.278), 'training/walltime': np.float64(7.196), 'training/rollout_time': np.float64(0.34), 'training/update_time': np.float64(0.002), 'training/approx_kl': 0.0, 'training/entropy': 0.08723624050617218, 'training/policy_loss': -0.007969602011144161, 'training/total_loss': -0.0078714769333601, 'training/value_loss': 0.0001962502719834447}
{'eval/num_episodes': 200, 'eval/num_steps': 200, 'eval/mean_score': np.float64(0.998), 'eval/std_score': np.float64(0.014), 'eval/mean_episode_length': np.float64(1.0), 'eval/std_episode_length': np.float64(0.0), 'eval/eval_time': 0.07563900947570801}
{'training/total_steps': 34000, 'training/updates': 17, 'training/sps': np.float64(6435.666), 'training/walltime': np.float64(7.583), 'training/rollout_time': np.float64(0.309), 'training/update_time': np.float64(0.001), 'training/approx_kl': 0.0, 'training/entropy': 0.08696754276752472, 'training/policy_loss': -0.007330941967666149, 'training/total_loss': -0.0072401417419314384, 'training/value_loss': 0.00018160007311962545}
{'eval/num_episodes': 200, 'eval/num_steps': 200, 'eval/mean_score': np.float64(0.998), 'eval/std_score': np.float64(0.012), 'eval/mean_episode_length': np.float64(1.0), 'eval/std_episode_length': np.float64(0.0), 'eval/eval_time': 0.07576608657836914}
{'training/total_steps': 36000, 'training/updates': 18, 'training/sps': np.float64(6375.543), 'training/walltime': np.float64(7.973), 'training/rollout_time': np.float64(0.312), 'training/update_time': np.float64(0.002), 'training/approx_kl': 0.0, 'training/entropy': 0.08671951293945312, 'training/policy_loss': -0.006952264346182346, 'training/total_loss': -0.00686629069969058, 'training/value_loss': 0.00017194764222949743}
{'eval/num_episodes': 200, 'eval/num_steps': 200, 'eval/mean_score': np.float64(0.998), 'eval/std_score': np.float64(0.012), 'eval/mean_episode_length': np.float64(1.0), 'eval/std_episode_length': np.float64(0.0), 'eval/eval_time': 0.07933902740478516}
{'training/total_steps': 38000, 'training/updates': 19, 'training/sps': np.float64(4604.379), 'training/walltime': np.float64(8.487), 'training/rollout_time': np.float64(0.433), 'training/update_time': np.float64(0.001), 'training/approx_kl': 0.0, 'training/entropy': 0.08648514002561569, 'training/policy_loss': -0.004567968659102917, 'training/total_loss': -0.004510949831455946, 'training/value_loss': 0.00011403747339500114}
{'eval/num_episodes': 200, 'eval/num_steps': 200, 'eval/mean_score': np.float64(0.998), 'eval/std_score': np.float64(0.014), 'eval/mean_episode_length': np.float64(1.0), 'eval/std_episode_length': np.float64(0.0), 'eval/eval_time': 0.08155488967895508}
{'training/total_steps': 40000, 'training/updates': 20, 'training/sps': np.float64(6141.447), 'training/walltime': np.float64(8.894), 'training/rollout_time': np.float64(0.324), 'training/update_time': np.float64(0.001), 'training/approx_kl': 0.0, 'training/entropy': 0.08633001148700714, 'training/policy_loss': -0.005615084897726774, 'training/total_loss': -0.005546033848077059, 'training/value_loss': 0.0001381025358568877}
{'eval/num_episodes': 200, 'eval/num_steps': 200, 'eval/mean_score': np.float64(0.997), 'eval/std_score': np.float64(0.016), 'eval/mean_episode_length': np.float64(1.0), 'eval/std_episode_length': np.float64(0.0), 'eval/eval_time': 0.0759589672088623}
{'training/total_steps': 42000, 'training/updates': 21, 'training/sps': np.float64(6353.889), 'training/walltime': np.float64(9.285), 'training/rollout_time': np.float64(0.313), 'training/update_time': np.float64(0.002), 'training/approx_kl': 0.0, 'training/entropy': 0.08614270389080048, 'training/policy_loss': -0.005600408650934696, 'training/total_loss': -0.00553138880059123, 'training/value_loss': 0.00013804009358864278}
{'eval/num_episodes': 200, 'eval/num_steps': 200, 'eval/mean_score': np.float64(0.995), 'eval/std_score': np.float64(0.021), 'eval/mean_episode_length': np.float64(1.0), 'eval/std_episode_length': np.float64(0.0), 'eval/eval_time': 0.07330989837646484}
{'training/total_steps': 44000, 'training/updates': 22, 'training/sps': np.float64(4788.699), 'training/walltime': np.float64(9.777), 'training/rollout_time': np.float64(0.416), 'training/update_time': np.float64(0.001), 'training/approx_kl': 0.0, 'training/entropy': 0.08595563471317291, 'training/policy_loss': -0.006408239249140024, 'training/total_loss': -0.006329499185085297, 'training/value_loss': 0.0001574801281094551}
{'eval/num_episodes': 200, 'eval/num_steps': 200, 'eval/mean_score': np.float64(0.998), 'eval/std_score': np.float64(0.014), 'eval/mean_episode_length': np.float64(1.0), 'eval/std_episode_length': np.float64(0.0), 'eval/eval_time': 0.07856416702270508}
{'training/total_steps': 46000, 'training/updates': 23, 'training/sps': np.float64(6049.864), 'training/walltime': np.float64(10.186), 'training/rollout_time': np.float64(0.329), 'training/update_time': np.float64(0.001), 'training/approx_kl': 0.0, 'training/entropy': 0.08574278652667999, 'training/policy_loss': -0.00659753754734993, 'training/total_loss': -0.006516397465020418, 'training/value_loss': 0.00016228006279561669}
{'eval/num_episodes': 200, 'eval/num_steps': 200, 'eval/mean_score': np.float64(0.998), 'eval/std_score': np.float64(0.012), 'eval/mean_episode_length': np.float64(1.0), 'eval/std_episode_length': np.float64(0.0), 'eval/eval_time': 0.07412886619567871}
{'training/total_steps': 48000, 'training/updates': 24, 'training/sps': np.float64(5671.013), 'training/walltime': np.float64(10.614), 'training/rollout_time': np.float64(0.351), 'training/update_time': np.float64(0.002), 'training/approx_kl': 0.0, 'training/entropy': 0.08552391827106476, 'training/policy_loss': -0.008807485923171043, 'training/total_loss': -0.008699754253029823, 'training/value_loss': 0.00021546261268667877}
{'eval/num_episodes': 200, 'eval/num_steps': 200, 'eval/mean_score': np.float64(0.998), 'eval/std_score': np.float64(0.012), 'eval/mean_episode_length': np.float64(1.0), 'eval/std_episode_length': np.float64(0.0), 'eval/eval_time': 0.1577470302581787}
{'training/total_steps': 50000, 'training/updates': 25, 'training/sps': np.float64(6240.015), 'training/walltime': np.float64(11.092), 'training/rollout_time': np.float64(0.319), 'training/update_time': np.float64(0.001), 'training/approx_kl': 0.0, 'training/entropy': 0.08523400127887726, 'training/policy_loss': -0.008558304980397224, 'training/total_loss': -0.00845311488956213, 'training/value_loss': 0.00021038009435869753}
{'eval/num_episodes': 200, 'eval/num_steps': 200, 'eval/mean_score': np.float64(0.997), 'eval/std_score': np.float64(0.017), 'eval/mean_episode_length': np.float64(1.0), 'eval/std_episode_length': np.float64(0.0), 'eval/eval_time': 0.07224202156066895}
{'training/total_steps': 52000, 'training/updates': 26, 'training/sps': np.float64(6132.449), 'training/walltime': np.float64(11.491), 'training/rollout_time': np.float64(0.321), 'training/update_time': np.float64(0.005), 'training/approx_kl': 0.0, 'training/entropy': 0.08495187014341354, 'training/policy_loss': -0.003567370818927884, 'training/total_loss': -0.0035219944547861814, 'training/value_loss': 9.075253183254972e-05}
{'eval/num_episodes': 200, 'eval/num_steps': 200, 'eval/mean_score': np.float64(0.998), 'eval/std_score': np.float64(0.012), 'eval/mean_episode_length': np.float64(1.0), 'eval/std_episode_length': np.float64(0.0), 'eval/eval_time': 0.07252788543701172}
{'training/total_steps': 54000, 'training/updates': 27, 'training/sps': np.float64(6052.719), 'training/walltime': np.float64(11.894), 'training/rollout_time': np.float64(0.329), 'training/update_time': np.float64(0.002), 'training/approx_kl': 0.0, 'training/entropy': 0.08483123779296875, 'training/policy_loss': -0.006475574336946011, 'training/total_loss': -0.006396609358489513, 'training/value_loss': 0.00015793010243214667}
{'eval/num_episodes': 200, 'eval/num_steps': 200, 'eval/mean_score': np.float64(0.999), 'eval/std_score': np.float64(0.007), 'eval/mean_episode_length': np.float64(1.0), 'eval/std_episode_length': np.float64(0.0), 'eval/eval_time': 0.07633161544799805}
{'training/total_steps': 56000, 'training/updates': 28, 'training/sps': np.float64(6228.89), 'training/walltime': np.float64(12.292), 'training/rollout_time': np.float64(0.32), 'training/update_time': np.float64(0.002), 'training/approx_kl': 0.0, 'training/entropy': 0.08462095260620117, 'training/policy_loss': -0.006423097103834152, 'training/total_loss': -0.006344377063214779, 'training/value_loss': 0.00015744005213491619}
{'eval/num_episodes': 200, 'eval/num_steps': 200, 'eval/mean_score': np.float64(0.997), 'eval/std_score': np.float64(0.016), 'eval/mean_episode_length': np.float64(1.0), 'eval/std_episode_length': np.float64(0.0), 'eval/eval_time': 0.10735177993774414}
{'training/total_steps': 58000, 'training/updates': 29, 'training/sps': np.float64(5107.282), 'training/walltime': np.float64(12.792), 'training/rollout_time': np.float64(0.39), 'training/update_time': np.float64(0.002), 'training/approx_kl': 0.0, 'training/entropy': 0.0844111368060112, 'training/policy_loss': -0.008041758090257645, 'training/total_loss': -0.007943677715957165, 'training/value_loss': 0.00019616013742052019}
{'eval/num_episodes': 200, 'eval/num_steps': 200, 'eval/mean_score': np.float64(0.997), 'eval/std_score': np.float64(0.016), 'eval/mean_episode_length': np.float64(1.0), 'eval/std_episode_length': np.float64(0.0), 'eval/eval_time': 0.0736081600189209}
{'training/total_steps': 60000, 'training/updates': 30, 'training/sps': np.float64(4941.259), 'training/walltime': np.float64(13.27), 'training/rollout_time': np.float64(0.403), 'training/update_time': np.float64(0.001), 'training/approx_kl': 0.0, 'training/entropy': 0.08415031433105469, 'training/policy_loss': -0.007205750793218613, 'training/total_loss': -0.007117350585758686, 'training/value_loss': 0.00017680008022580296}
{'eval/num_episodes': 200, 'eval/num_steps': 200, 'eval/mean_score': np.float64(0.999), 'eval/std_score': np.float64(0.01), 'eval/mean_episode_length': np.float64(1.0), 'eval/std_episode_length': np.float64(0.0), 'eval/eval_time': 0.0741879940032959}
TRAINING END: training duration: 13.34499478340149
{'final_eval/num_episodes': 200, 'final_eval/num_steps': 200, 'final_eval/mean_score': np.float64(1.0), 'final_eval/std_score': np.float64(0.0), 'final_eval/mean_episode_length': np.float64(1.0), 'final_eval/std_episode_length': np.float64(0.0)}
