|param: value|
|experiment_name:  pc_reinforce|
|seed:  10|
|write_logs_to_file:  False|
|save_model:  False|
|env_name:  bandit|
|num_envs:  8|
|num_train_levels:  200|
|distribution_mode:  easy|
|arm_means:  (1.0, 0.9)|
|deterministic_rewards:  True|
|eval_env:  True|
|num_eval_episodes:  200|
|eval_every:  1|
|total_timesteps:  60000|
|unroll_length:  250|
|learning_rate:  0.01|
|target_scale:  1.0|
|pc_steps_per_update:  1|
|max_t1:  20|
|width:  32|
|depth:  2|
|act_fn:  relu|
|policy_init_logit_bias:  [0.0, 6.0]|
|use_cnn:  False|
|policy_hidden_layer_sizes:  ()|
|value_hidden_layer_sizes:  ()|
|anneal_lr:  False|
|entropy_cost:  0.0|
|deterministic_eval:  False|
|gamma:  0.99|
{'training/total_steps': 2000, 'training/updates': 1, 'training/walltime': np.float64(1.67), 'training/update_time': np.float64(1.671), 'training/pc_loss': 3.458396531641483e-05, 'training/mean_reward': 0.9003496766090393, 'training/mean_advantage_abs': 0.0006972526898607612}
{'eval/num_episodes': 200, 'eval/mean_score': np.float64(0.9005), 'eval/std_score': np.float64(0.0071), 'eval/mean_episode_length': np.float64(1.0)}
{'training/total_steps': 4000, 'training/updates': 2, 'training/walltime': np.float64(1.976), 'training/update_time': np.float64(0.119), 'training/pc_loss': 4.921105573885143e-05, 'training/mean_reward': 0.900499701499939, 'training/mean_advantage_abs': 0.0009947282960638404}
{'eval/num_episodes': 200, 'eval/mean_score': np.float64(0.9), 'eval/std_score': np.float64(0.0), 'eval/mean_episode_length': np.float64(1.0)}
{'training/total_steps': 6000, 'training/updates': 3, 'training/walltime': np.float64(2.1), 'training/update_time': np.float64(0.123), 'training/pc_loss': 3.4512311685830355e-05, 'training/mean_reward': 0.9003496766090393, 'training/mean_advantage_abs': 0.0006972526898607612}
{'eval/num_episodes': 200, 'eval/mean_score': np.float64(0.9), 'eval/std_score': np.float64(0.0), 'eval/mean_episode_length': np.float64(1.0)}
{'training/total_steps': 8000, 'training/updates': 4, 'training/walltime': np.float64(2.225), 'training/update_time': np.float64(0.124), 'training/pc_loss': 3.446362097747624e-05, 'training/mean_reward': 0.9003496766090393, 'training/mean_advantage_abs': 0.0006972526898607612}
{'eval/num_episodes': 200, 'eval/mean_score': np.float64(0.901), 'eval/std_score': np.float64(0.0099), 'eval/mean_episode_length': np.float64(1.0)}
{'training/total_steps': 10000, 'training/updates': 5, 'training/walltime': np.float64(2.362), 'training/update_time': np.float64(0.137), 'training/pc_loss': 6.832306098658592e-05, 'training/mean_reward': 0.9006996154785156, 'training/mean_advantage_abs': 0.0013898445758968592}
{'eval/num_episodes': 200, 'eval/mean_score': np.float64(0.9), 'eval/std_score': np.float64(0.0), 'eval/mean_episode_length': np.float64(1.0)}
{'training/total_steps': 12000, 'training/updates': 6, 'training/walltime': np.float64(2.586), 'training/update_time': np.float64(0.202), 'training/pc_loss': 8.729720866540447e-05, 'training/mean_reward': 0.9008996486663818, 'training/mean_advantage_abs': 0.0017834786558523774}
{'eval/num_episodes': 200, 'eval/mean_score': np.float64(0.9005), 'eval/std_score': np.float64(0.0071), 'eval/mean_episode_length': np.float64(1.0)}
{'training/total_steps': 14000, 'training/updates': 7, 'training/walltime': np.float64(2.707), 'training/update_time': np.float64(0.12), 'training/pc_loss': 6.319012027233839e-05, 'training/mean_reward': 0.9006496667861938, 'training/mean_advantage_abs': 0.0012912447564303875}
{'eval/num_episodes': 200, 'eval/mean_score': np.float64(0.901), 'eval/std_score': np.float64(0.0099), 'eval/mean_episode_length': np.float64(1.0)}
{'training/total_steps': 16000, 'training/updates': 8, 'training/walltime': np.float64(2.824), 'training/update_time': np.float64(0.115), 'training/pc_loss': 5.817723285872489e-05, 'training/mean_reward': 0.9005996584892273, 'training/mean_advantage_abs': 0.0011924863792955875}
{'eval/num_episodes': 200, 'eval/mean_score': np.float64(0.9015), 'eval/std_score': np.float64(0.0122), 'eval/mean_episode_length': np.float64(1.0)}
{'training/total_steps': 18000, 'training/updates': 9, 'training/walltime': np.float64(2.944), 'training/update_time': np.float64(0.12), 'training/pc_loss': 0.00010041673522209749, 'training/mean_reward': 0.9010496139526367, 'training/mean_advantage_abs': 0.0020775957964360714}
{'eval/num_episodes': 200, 'eval/mean_score': np.float64(0.9005), 'eval/std_score': np.float64(0.0071), 'eval/mean_episode_length': np.float64(1.0)}
{'training/total_steps': 20000, 'training/updates': 10, 'training/walltime': np.float64(3.062), 'training/update_time': np.float64(0.117), 'training/pc_loss': 0.00014127710892353207, 'training/mean_reward': 0.9014996290206909, 'training/mean_advantage_abs': 0.0029546634759753942}
{'eval/num_episodes': 200, 'eval/mean_score': np.float64(0.9015), 'eval/std_score': np.float64(0.0122), 'eval/mean_episode_length': np.float64(1.0)}
{'training/total_steps': 22000, 'training/updates': 11, 'training/walltime': np.float64(3.185), 'training/update_time': np.float64(0.122), 'training/pc_loss': 0.00022886702208779752, 'training/mean_reward': 0.9024995565414429, 'training/mean_advantage_abs': 0.004874601494520903}
{'eval/num_episodes': 200, 'eval/mean_score': np.float64(0.902), 'eval/std_score': np.float64(0.014), 'eval/mean_episode_length': np.float64(1.0)}
{'training/total_steps': 24000, 'training/updates': 12, 'training/walltime': np.float64(3.307), 'training/update_time': np.float64(0.121), 'training/pc_loss': 0.00019625262939371169, 'training/mean_reward': 0.9021496772766113, 'training/mean_advantage_abs': 0.004207265097647905}
{'eval/num_episodes': 200, 'eval/mean_score': np.float64(0.903), 'eval/std_score': np.float64(0.0171), 'eval/mean_episode_length': np.float64(1.0)}
{'training/total_steps': 26000, 'training/updates': 13, 'training/walltime': np.float64(3.438), 'training/update_time': np.float64(0.131), 'training/pc_loss': 0.0002737484755925834, 'training/mean_reward': 0.9030996561050415, 'training/mean_advantage_abs': 0.006007499992847443}
{'eval/num_episodes': 200, 'eval/mean_score': np.float64(0.903), 'eval/std_score': np.float64(0.0171), 'eval/mean_episode_length': np.float64(1.0)}
{'training/total_steps': 28000, 'training/updates': 14, 'training/walltime': np.float64(3.569), 'training/update_time': np.float64(0.13), 'training/pc_loss': 0.00030495866667479277, 'training/mean_reward': 0.9035496115684509, 'training/mean_advantage_abs': 0.00684761255979538}
{'eval/num_episodes': 200, 'eval/mean_score': np.float64(0.9065), 'eval/std_score': np.float64(0.0247), 'eval/mean_episode_length': np.float64(1.0)}
{'training/total_steps': 30000, 'training/updates': 15, 'training/walltime': np.float64(3.687), 'training/update_time': np.float64(0.117), 'training/pc_loss': 0.00038080778904259205, 'training/mean_reward': 0.9046496152877808, 'training/mean_advantage_abs': 0.008867223747074604}
{'eval/num_episodes': 200, 'eval/mean_score': np.float64(0.905), 'eval/std_score': np.float64(0.0218), 'eval/mean_episode_length': np.float64(1.0)}
{'training/total_steps': 32000, 'training/updates': 16, 'training/walltime': np.float64(3.808), 'training/update_time': np.float64(0.12), 'training/pc_loss': 0.000504654657561332, 'training/mean_reward': 0.9066497683525085, 'training/mean_advantage_abs': 0.012415372766554356}
{'eval/num_episodes': 200, 'eval/mean_score': np.float64(0.9115), 'eval/std_score': np.float64(0.0319), 'eval/mean_episode_length': np.float64(1.0)}
{'training/total_steps': 34000, 'training/updates': 17, 'training/walltime': np.float64(3.925), 'training/update_time': np.float64(0.116), 'training/pc_loss': 0.0006715568597428501, 'training/mean_reward': 0.9099498391151428, 'training/mean_advantage_abs': 0.01791984587907791}
{'eval/num_episodes': 200, 'eval/mean_score': np.float64(0.9155), 'eval/std_score': np.float64(0.0362), 'eval/mean_episode_length': np.float64(1.0)}
{'training/total_steps': 36000, 'training/updates': 18, 'training/walltime': np.float64(4.041), 'training/update_time': np.float64(0.114), 'training/pc_loss': 0.0007327753701247275, 'training/mean_reward': 0.9120998978614807, 'training/mean_advantage_abs': 0.02127174474298954}
{'eval/num_episodes': 200, 'eval/mean_score': np.float64(0.914), 'eval/std_score': np.float64(0.0347), 'eval/mean_episode_length': np.float64(1.0)}
{'training/total_steps': 38000, 'training/updates': 19, 'training/walltime': np.float64(4.154), 'training/update_time': np.float64(0.112), 'training/pc_loss': 0.0007731874356977642, 'training/mean_reward': 0.9146998524665833, 'training/mean_advantage_abs': 0.025078115984797478}
{'eval/num_episodes': 200, 'eval/mean_score': np.float64(0.9215), 'eval/std_score': np.float64(0.0411), 'eval/mean_episode_length': np.float64(1.0)}
{'training/total_steps': 40000, 'training/updates': 20, 'training/walltime': np.float64(4.31), 'training/update_time': np.float64(0.155), 'training/pc_loss': 0.0008353515295311809, 'training/mean_reward': 0.9201498031616211, 'training/mean_advantage_abs': 0.03217945247888565}
{'eval/num_episodes': 200, 'eval/mean_score': np.float64(0.9235), 'eval/std_score': np.float64(0.0424), 'eval/mean_episode_length': np.float64(1.0)}
{'training/total_steps': 42000, 'training/updates': 21, 'training/walltime': np.float64(4.427), 'training/update_time': np.float64(0.116), 'training/pc_loss': 0.0008191257365979254, 'training/mean_reward': 0.9266998767852783, 'training/mean_advantage_abs': 0.039142169058322906}
{'eval/num_episodes': 200, 'eval/mean_score': np.float64(0.9335), 'eval/std_score': np.float64(0.0472), 'eval/mean_episode_length': np.float64(1.0)}
{'training/total_steps': 44000, 'training/updates': 22, 'training/walltime': np.float64(4.538), 'training/update_time': np.float64(0.11), 'training/pc_loss': 0.0007402579067274928, 'training/mean_reward': 0.9345498085021973, 'training/mean_advantage_abs': 0.04522590711712837}
{'eval/num_episodes': 200, 'eval/mean_score': np.float64(0.94), 'eval/std_score': np.float64(0.049), 'eval/mean_episode_length': np.float64(1.0)}
{'training/total_steps': 46000, 'training/updates': 23, 'training/walltime': np.float64(4.657), 'training/update_time': np.float64(0.118), 'training/pc_loss': 0.0006514320848509669, 'training/mean_reward': 0.9444997906684875, 'training/mean_advantage_abs': 0.049395013600587845}
{'eval/num_episodes': 200, 'eval/mean_score': np.float64(0.9505), 'eval/std_score': np.float64(0.05), 'eval/mean_episode_length': np.float64(1.0)}
{'training/total_steps': 48000, 'training/updates': 24, 'training/walltime': np.float64(4.774), 'training/update_time': np.float64(0.116), 'training/pc_loss': 0.0006278587970882654, 'training/mean_reward': 0.9532499313354492, 'training/mean_advantage_abs': 0.04978876933455467}
{'eval/num_episodes': 200, 'eval/mean_score': np.float64(0.958), 'eval/std_score': np.float64(0.0494), 'eval/mean_episode_length': np.float64(1.0)}
{'training/total_steps': 50000, 'training/updates': 25, 'training/walltime': np.float64(4.893), 'training/update_time': np.float64(0.118), 'training/pc_loss': 0.0006954249693080783, 'training/mean_reward': 0.9638999700546265, 'training/mean_advantage_abs': 0.04613582044839859}
{'eval/num_episodes': 200, 'eval/mean_score': np.float64(0.9725), 'eval/std_score': np.float64(0.0447), 'eval/mean_episode_length': np.float64(1.0)}
{'training/total_steps': 52000, 'training/updates': 26, 'training/walltime': np.float64(5.009), 'training/update_time': np.float64(0.115), 'training/pc_loss': 0.0007853175629861653, 'training/mean_reward': 0.9738500118255615, 'training/mean_advantage_abs': 0.03862355276942253}
{'eval/num_episodes': 200, 'eval/mean_score': np.float64(0.98), 'eval/std_score': np.float64(0.04), 'eval/mean_episode_length': np.float64(1.0)}
{'training/total_steps': 54000, 'training/updates': 27, 'training/walltime': np.float64(5.135), 'training/update_time': np.float64(0.124), 'training/pc_loss': 0.0008346058311872184, 'training/mean_reward': 0.9803999662399292, 'training/mean_advantage_abs': 0.031516823917627335}
{'eval/num_episodes': 200, 'eval/mean_score': np.float64(0.9815), 'eval/std_score': np.float64(0.0388), 'eval/mean_episode_length': np.float64(1.0)}
{'training/total_steps': 56000, 'training/updates': 28, 'training/walltime': np.float64(5.252), 'training/update_time': np.float64(0.116), 'training/pc_loss': 0.0007490054704248905, 'training/mean_reward': 0.9869499802589417, 'training/mean_advantage_abs': 0.022693971171975136}
{'eval/num_episodes': 200, 'eval/mean_score': np.float64(0.9915), 'eval/std_score': np.float64(0.0279), 'eval/mean_episode_length': np.float64(1.0)}
{'training/total_steps': 58000, 'training/updates': 29, 'training/walltime': np.float64(5.376), 'training/update_time': np.float64(0.123), 'training/pc_loss': 0.0005995978717692196, 'training/mean_reward': 0.9914500713348389, 'training/mean_advantage_abs': 0.015637891367077827}
{'eval/num_episodes': 200, 'eval/mean_score': np.float64(0.9945), 'eval/std_score': np.float64(0.0228), 'eval/mean_episode_length': np.float64(1.0)}
{'training/total_steps': 60000, 'training/updates': 30, 'training/walltime': np.float64(5.497), 'training/update_time': np.float64(0.12), 'training/pc_loss': 0.0004464831145014614, 'training/mean_reward': 0.9944000840187073, 'training/mean_advantage_abs': 0.010572727769613266}
{'eval/num_episodes': 200, 'eval/mean_score': np.float64(0.9945), 'eval/std_score': np.float64(0.0228), 'eval/mean_episode_length': np.float64(1.0)}
TRAINING END: training duration: 5.4982359409332275
