|param: value|
|experiment_name:  trpo_procgen|
|seed:  10|
|platform:  cpu|
|write_logs_to_file:  False|
|save_model:  False|
|env_name:  bandit|
|num_envs:  8|
|num_train_levels:  200|
|distribution_mode:  easy|
|arm_means:  (1.0, 0.9)|
|deterministic_rewards:  True|
|eval_env:  True|
|num_eval_episodes:  200|
|eval_every:  1|
|deterministic_eval:  False|
|normalize_observations:  True|
|total_timesteps:  60000|
|learning_rate:  0.01|
|unroll_length:  250|
|anneal_lr:  False|
|gamma:  0.99|
|gae_lambda:  0.95|
|batch_size:  1|
|num_minibatches:  8|
|update_epochs:  10|
|normalize_advantages:  True|
|target_kl:  0.01|
|cg_damping:  0.1|
|cg_max_iterations:  10|
|line_search_max_iter:  10|
|line_search_shrinking_factor:  0.8|
|vf_cost:  1.0|
|max_grad_norm:  0.5|
|reward_scaling:  1.0|
|use_cnn:  False|
|policy_hidden_layer_sizes:  ()|
|value_hidden_layer_sizes:  ()|
|activation:  <jax._src.custom_derivatives.custom_jvp object at 0x117c20b90>|
|policy_init_logit_bias:  [0.0, 6.0]|
|entropy_cost:  0.0|
{'training/total_steps': 2000, 'training/updates': 1, 'training/sps': np.float64(1363.532), 'training/walltime': np.float64(1.467), 'training/rollout_time': np.float64(0.121), 'training/update_time': np.float64(1.346), 'training/iterations': 1.0, 'training/kl_div': 0.006048951297998428, 'training/line_search_success': 1.0, 'training/new_policy_objective': 0.7174673080444336, 'training/policy_objective': 0.31575140357017517, 'training/value_loss': 0.01899663917720318}
{'eval/num_episodes': 200, 'eval/num_steps': 200, 'eval/mean_score': np.float64(0.922), 'eval/std_score': np.float64(0.042), 'eval/mean_episode_length': np.float64(1.0), 'eval/std_episode_length': np.float64(0.0), 'eval/eval_time': 0.07608580589294434}
{'training/total_steps': 4000, 'training/updates': 2, 'training/sps': np.float64(17835.807), 'training/walltime': np.float64(1.675), 'training/rollout_time': np.float64(0.109), 'training/update_time': np.float64(0.004), 'training/iterations': 1.0, 'training/kl_div': 0.009065302088856697, 'training/line_search_success': 1.0, 'training/new_policy_objective': 0.6792172789573669, 'training/policy_objective': 0.5268027186393738, 'training/value_loss': 0.0008511102641932666}
{'eval/num_episodes': 200, 'eval/num_steps': 200, 'eval/mean_score': np.float64(0.973), 'eval/std_score': np.float64(0.044), 'eval/mean_episode_length': np.float64(1.0), 'eval/std_episode_length': np.float64(0.0), 'eval/eval_time': 0.07472681999206543}
{'training/total_steps': 6000, 'training/updates': 3, 'training/sps': np.float64(19407.472), 'training/walltime': np.float64(1.853), 'training/rollout_time': np.float64(0.1), 'training/update_time': np.float64(0.003), 'training/iterations': 1.0, 'training/kl_div': 0.006575114093720913, 'training/line_search_success': 1.0, 'training/new_policy_objective': 0.4068545997142792, 'training/policy_objective': 0.333784282207489, 'training/value_loss': 0.0011154689127579331}
{'eval/num_episodes': 200, 'eval/num_steps': 200, 'eval/mean_score': np.float64(0.999), 'eval/std_score': np.float64(0.01), 'eval/mean_episode_length': np.float64(1.0), 'eval/std_episode_length': np.float64(0.0), 'eval/eval_time': 0.07903003692626953}
{'training/total_steps': 8000, 'training/updates': 4, 'training/sps': np.float64(18664.038), 'training/walltime': np.float64(2.04), 'training/rollout_time': np.float64(0.104), 'training/update_time': np.float64(0.004), 'training/iterations': 1.0, 'training/kl_div': 0.0006194319576025009, 'training/line_search_success': 1.0, 'training/new_policy_objective': 0.06007254868745804, 'training/policy_objective': 0.04450632631778717, 'training/value_loss': 8.281831833301112e-05}
{'eval/num_episodes': 200, 'eval/num_steps': 200, 'eval/mean_score': np.float64(1.0), 'eval/std_score': np.float64(0.0), 'eval/mean_episode_length': np.float64(1.0), 'eval/std_episode_length': np.float64(0.0), 'eval/eval_time': 0.07524895668029785}
{'training/total_steps': 10000, 'training/updates': 5, 'training/sps': np.float64(19201.787), 'training/walltime': np.float64(2.22), 'training/rollout_time': np.float64(0.101), 'training/update_time': np.float64(0.003), 'training/iterations': 1.0, 'training/kl_div': 0.0017688306979835033, 'training/line_search_success': 1.0, 'training/new_policy_objective': -0.011380838230252266, 'training/policy_objective': -0.011444715782999992, 'training/value_loss': 8.466042089594339e-08}
{'eval/num_episodes': 200, 'eval/num_steps': 200, 'eval/mean_score': np.float64(0.995), 'eval/std_score': np.float64(0.022), 'eval/mean_episode_length': np.float64(1.0), 'eval/std_episode_length': np.float64(0.0), 'eval/eval_time': 0.07608509063720703}
{'training/total_steps': 12000, 'training/updates': 6, 'training/sps': np.float64(18741.054), 'training/walltime': np.float64(2.403), 'training/rollout_time': np.float64(0.103), 'training/update_time': np.float64(0.003), 'training/iterations': 1.0, 'training/kl_div': 0.0019541429355740547, 'training/line_search_success': 1.0, 'training/new_policy_objective': 0.17982254922389984, 'training/policy_objective': 0.15045608580112457, 'training/value_loss': 0.00021815106447320431}
{'eval/num_episodes': 200, 'eval/num_steps': 200, 'eval/mean_score': np.float64(1.0), 'eval/std_score': np.float64(0.0), 'eval/mean_episode_length': np.float64(1.0), 'eval/std_episode_length': np.float64(0.0), 'eval/eval_time': 0.07544612884521484}
{'training/total_steps': 14000, 'training/updates': 7, 'training/sps': np.float64(17473.172), 'training/walltime': np.float64(2.593), 'training/rollout_time': np.float64(0.111), 'training/update_time': np.float64(0.003), 'training/iterations': 1.0, 'training/kl_div': nan, 'training/line_search_success': 0.0, 'training/new_policy_objective': nan, 'training/policy_objective': 0.0, 'training/value_loss': 7.532409540544904e-07}
{'eval/num_episodes': 200, 'eval/num_steps': 200, 'eval/mean_score': np.float64(1.0), 'eval/std_score': np.float64(0.0), 'eval/mean_episode_length': np.float64(1.0), 'eval/std_episode_length': np.float64(0.0), 'eval/eval_time': 0.07657599449157715}
{'training/total_steps': 16000, 'training/updates': 8, 'training/sps': np.float64(19050.903), 'training/walltime': np.float64(2.775), 'training/rollout_time': np.float64(0.102), 'training/update_time': np.float64(0.003), 'training/iterations': 1.0, 'training/kl_div': nan, 'training/line_search_success': 0.0, 'training/new_policy_objective': nan, 'training/policy_objective': 0.0, 'training/value_loss': 1.5604062486573866e-10}
{'eval/num_episodes': 200, 'eval/num_steps': 200, 'eval/mean_score': np.float64(1.0), 'eval/std_score': np.float64(0.0), 'eval/mean_episode_length': np.float64(1.0), 'eval/std_episode_length': np.float64(0.0), 'eval/eval_time': 0.0749351978302002}
{'training/total_steps': 18000, 'training/updates': 9, 'training/sps': np.float64(12672.915), 'training/walltime': np.float64(3.009), 'training/rollout_time': np.float64(0.155), 'training/update_time': np.float64(0.003), 'training/iterations': 1.0, 'training/kl_div': 0.0022085290402173996, 'training/line_search_success': 1.0, 'training/new_policy_objective': -2.7994967695121886e-06, 'training/policy_objective': -2.820071358655696e-06, 'training/value_loss': 3.239630989144114e-14}
{'eval/num_episodes': 200, 'eval/num_steps': 200, 'eval/mean_score': np.float64(0.995), 'eval/std_score': np.float64(0.022), 'eval/mean_episode_length': np.float64(1.0), 'eval/std_episode_length': np.float64(0.0), 'eval/eval_time': 0.0758202075958252}
{'training/total_steps': 20000, 'training/updates': 10, 'training/sps': np.float64(18733.604), 'training/walltime': np.float64(3.192), 'training/rollout_time': np.float64(0.104), 'training/update_time': np.float64(0.003), 'training/iterations': 1.0, 'training/kl_div': 0.002392068738117814, 'training/line_search_success': 1.0, 'training/new_policy_objective': 0.21535325050354004, 'training/policy_objective': 0.1871066689491272, 'training/value_loss': 0.00029024589457549155}
{'eval/num_episodes': 200, 'eval/num_steps': 200, 'eval/mean_score': np.float64(1.0), 'eval/std_score': np.float64(0.0), 'eval/mean_episode_length': np.float64(1.0), 'eval/std_episode_length': np.float64(0.0), 'eval/eval_time': 0.07778501510620117}
{'training/total_steps': 22000, 'training/updates': 11, 'training/sps': np.float64(8446.841), 'training/walltime': np.float64(3.507), 'training/rollout_time': np.float64(0.234), 'training/update_time': np.float64(0.003), 'training/iterations': 1.0, 'training/kl_div': 0.0027648797258734703, 'training/line_search_success': 1.0, 'training/new_policy_objective': -0.04356111213564873, 'training/policy_objective': -0.04398636147379875, 'training/value_loss': 1.2145815162512008e-06}
{'eval/num_episodes': 200, 'eval/num_steps': 200, 'eval/mean_score': np.float64(0.989), 'eval/std_score': np.float64(0.031), 'eval/mean_episode_length': np.float64(1.0), 'eval/std_episode_length': np.float64(0.0), 'eval/eval_time': 0.08778905868530273}
{'training/total_steps': 24000, 'training/updates': 12, 'training/sps': np.float64(17745.18), 'training/walltime': np.float64(3.708), 'training/rollout_time': np.float64(0.109), 'training/update_time': np.float64(0.003), 'training/iterations': 1.0, 'training/kl_div': 0.00293748639523983, 'training/line_search_success': 1.0, 'training/new_policy_objective': 0.24633486568927765, 'training/policy_objective': 0.20861928164958954, 'training/value_loss': 0.0003937137371394783}
{'eval/num_episodes': 200, 'eval/num_steps': 200, 'eval/mean_score': np.float64(1.0), 'eval/std_score': np.float64(0.0), 'eval/mean_episode_length': np.float64(1.0), 'eval/std_episode_length': np.float64(0.0), 'eval/eval_time': 0.07241487503051758}
{'training/total_steps': 26000, 'training/updates': 13, 'training/sps': np.float64(18237.69), 'training/walltime': np.float64(3.89), 'training/rollout_time': np.float64(0.106), 'training/update_time': np.float64(0.003), 'training/iterations': 1.0, 'training/kl_div': nan, 'training/line_search_success': 0.0, 'training/new_policy_objective': nan, 'training/policy_objective': 0.0, 'training/value_loss': 2.5562032988091232e-06}
{'eval/num_episodes': 200, 'eval/num_steps': 200, 'eval/mean_score': np.float64(1.0), 'eval/std_score': np.float64(0.0), 'eval/mean_episode_length': np.float64(1.0), 'eval/std_episode_length': np.float64(0.0), 'eval/eval_time': 0.08062291145324707}
{'training/total_steps': 28000, 'training/updates': 14, 'training/sps': np.float64(18648.728), 'training/walltime': np.float64(4.079), 'training/rollout_time': np.float64(0.104), 'training/update_time': np.float64(0.003), 'training/iterations': 1.0, 'training/kl_div': nan, 'training/line_search_success': 0.0, 'training/new_policy_objective': nan, 'training/policy_objective': 0.0, 'training/value_loss': 5.28558696810677e-10}
{'eval/num_episodes': 200, 'eval/num_steps': 200, 'eval/mean_score': np.float64(0.999), 'eval/std_score': np.float64(0.007), 'eval/mean_episode_length': np.float64(1.0), 'eval/std_episode_length': np.float64(0.0), 'eval/eval_time': 0.07714080810546875}
{'training/total_steps': 30000, 'training/updates': 15, 'training/sps': np.float64(19009.933), 'training/walltime': np.float64(4.262), 'training/rollout_time': np.float64(0.102), 'training/update_time': np.float64(0.004), 'training/iterations': 1.0, 'training/kl_div': nan, 'training/line_search_success': 0.0, 'training/new_policy_objective': nan, 'training/policy_objective': 0.0, 'training/value_loss': 8.635314550009196e-14}
{'eval/num_episodes': 200, 'eval/num_steps': 200, 'eval/mean_score': np.float64(1.0), 'eval/std_score': np.float64(0.0), 'eval/mean_episode_length': np.float64(1.0), 'eval/std_episode_length': np.float64(0.0), 'eval/eval_time': 0.07880306243896484}
{'training/total_steps': 32000, 'training/updates': 16, 'training/sps': np.float64(17615.54), 'training/walltime': np.float64(4.454), 'training/rollout_time': np.float64(0.11), 'training/update_time': np.float64(0.003), 'training/iterations': 1.0, 'training/kl_div': nan, 'training/line_search_success': 0.125, 'training/new_policy_objective': nan, 'training/policy_objective': 4.2915346831762236e-09, 'training/value_loss': 2.5005954285006737e-06}
{'eval/num_episodes': 200, 'eval/num_steps': 200, 'eval/mean_score': np.float64(1.0), 'eval/std_score': np.float64(0.0), 'eval/mean_episode_length': np.float64(1.0), 'eval/std_episode_length': np.float64(0.0), 'eval/eval_time': 0.07783198356628418}
{'training/total_steps': 34000, 'training/updates': 17, 'training/sps': np.float64(17827.885), 'training/walltime': np.float64(4.645), 'training/rollout_time': np.float64(0.109), 'training/update_time': np.float64(0.003), 'training/iterations': 1.0, 'training/kl_div': 4.2976244003511965e-05, 'training/line_search_success': 1.0, 'training/new_policy_objective': 0.017337847501039505, 'training/policy_objective': 0.008858917281031609, 'training/value_loss': 7.4918498285114765e-06}
{'eval/num_episodes': 200, 'eval/num_steps': 200, 'eval/mean_score': np.float64(0.999), 'eval/std_score': np.float64(0.007), 'eval/mean_episode_length': np.float64(1.0), 'eval/std_episode_length': np.float64(0.0), 'eval/eval_time': 0.07948970794677734}
{'training/total_steps': 36000, 'training/updates': 18, 'training/sps': np.float64(18295.884), 'training/walltime': np.float64(4.834), 'training/rollout_time': np.float64(0.106), 'training/update_time': np.float64(0.003), 'training/iterations': 1.0, 'training/kl_div': 0.0037830951623618603, 'training/line_search_success': 1.0, 'training/new_policy_objective': -0.2344733625650406, 'training/policy_objective': -0.41229209303855896, 'training/value_loss': 2.5026586172316456e-06}
{'eval/num_episodes': 200, 'eval/num_steps': 200, 'eval/mean_score': np.float64(0.991), 'eval/std_score': np.float64(0.028), 'eval/mean_episode_length': np.float64(1.0), 'eval/std_episode_length': np.float64(0.0), 'eval/eval_time': 0.07547187805175781}
{'training/total_steps': 38000, 'training/updates': 19, 'training/sps': np.float64(18147.458), 'training/walltime': np.float64(5.02), 'training/rollout_time': np.float64(0.107), 'training/update_time': np.float64(0.004), 'training/iterations': 1.0, 'training/kl_div': 0.0027562708128243685, 'training/line_search_success': 1.0, 'training/new_policy_objective': 0.22258703410625458, 'training/policy_objective': 0.18994517624378204, 'training/value_loss': 0.0003280039527453482}
{'eval/num_episodes': 200, 'eval/num_steps': 200, 'eval/mean_score': np.float64(1.0), 'eval/std_score': np.float64(0.0), 'eval/mean_episode_length': np.float64(1.0), 'eval/std_episode_length': np.float64(0.0), 'eval/eval_time': 0.07787179946899414}
{'training/total_steps': 40000, 'training/updates': 20, 'training/sps': np.float64(18206.183), 'training/walltime': np.float64(5.209), 'training/rollout_time': np.float64(0.106), 'training/update_time': np.float64(0.004), 'training/iterations': 1.0, 'training/kl_div': 0.003223300911486149, 'training/line_search_success': 1.0, 'training/new_policy_objective': -0.04330586642026901, 'training/policy_objective': -0.04382288083434105, 'training/value_loss': 1.590653710081824e-06}
{'eval/num_episodes': 200, 'eval/num_steps': 200, 'eval/mean_score': np.float64(0.986), 'eval/std_score': np.float64(0.035), 'eval/mean_episode_length': np.float64(1.0), 'eval/std_episode_length': np.float64(0.0), 'eval/eval_time': 0.07530689239501953}
{'training/total_steps': 42000, 'training/updates': 21, 'training/sps': np.float64(19234.677), 'training/walltime': np.float64(5.388), 'training/rollout_time': np.float64(0.101), 'training/update_time': np.float64(0.003), 'training/iterations': 1.0, 'training/kl_div': 0.0033811242319643497, 'training/line_search_success': 1.0, 'training/new_policy_objective': 0.24377354979515076, 'training/policy_objective': 0.20651623606681824, 'training/value_loss': 0.0003831032372545451}
{'eval/num_episodes': 200, 'eval/num_steps': 200, 'eval/mean_score': np.float64(1.0), 'eval/std_score': np.float64(0.0), 'eval/mean_episode_length': np.float64(1.0), 'eval/std_episode_length': np.float64(0.0), 'eval/eval_time': 0.07732319831848145}
{'training/total_steps': 44000, 'training/updates': 22, 'training/sps': np.float64(19272.46), 'training/walltime': np.float64(5.57), 'training/rollout_time': np.float64(0.1), 'training/update_time': np.float64(0.003), 'training/iterations': 1.0, 'training/kl_div': nan, 'training/line_search_success': 0.25, 'training/new_policy_objective': nan, 'training/policy_objective': 0.004638855345547199, 'training/value_loss': 7.195144917204743e-06}
{'eval/num_episodes': 200, 'eval/num_steps': 200, 'eval/mean_score': np.float64(1.0), 'eval/std_score': np.float64(0.0), 'eval/mean_episode_length': np.float64(1.0), 'eval/std_episode_length': np.float64(0.0), 'eval/eval_time': 0.07952094078063965}
{'training/total_steps': 46000, 'training/updates': 23, 'training/sps': np.float64(19364.597), 'training/walltime': np.float64(5.753), 'training/rollout_time': np.float64(0.1), 'training/update_time': np.float64(0.003), 'training/iterations': 1.0, 'training/kl_div': 0.001989766489714384, 'training/line_search_success': 1.0, 'training/new_policy_objective': -0.0014342626091092825, 'training/policy_objective': -0.0014435377670451999, 'training/value_loss': 8.778537341491699e-10}
{'eval/num_episodes': 200, 'eval/num_steps': 200, 'eval/mean_score': np.float64(0.995), 'eval/std_score': np.float64(0.021), 'eval/mean_episode_length': np.float64(1.0), 'eval/std_episode_length': np.float64(0.0), 'eval/eval_time': 0.07991790771484375}
{'training/total_steps': 48000, 'training/updates': 24, 'training/sps': np.float64(19029.122), 'training/walltime': np.float64(5.939), 'training/rollout_time': np.float64(0.102), 'training/update_time': np.float64(0.004), 'training/iterations': 1.0, 'training/kl_div': 0.0021751071326434612, 'training/line_search_success': 1.0, 'training/new_policy_objective': 0.1891804337501526, 'training/policy_objective': 0.16213887929916382, 'training/value_loss': 0.00022718084801454097}
{'eval/num_episodes': 200, 'eval/num_steps': 200, 'eval/mean_score': np.float64(1.0), 'eval/std_score': np.float64(0.0), 'eval/mean_episode_length': np.float64(1.0), 'eval/std_episode_length': np.float64(0.0), 'eval/eval_time': 0.08314704895019531}
{'training/total_steps': 50000, 'training/updates': 25, 'training/sps': np.float64(15996.918), 'training/walltime': np.float64(6.147), 'training/rollout_time': np.float64(0.121), 'training/update_time': np.float64(0.004), 'training/iterations': 1.0, 'training/kl_div': 0.0024897227995097637, 'training/line_search_success': 1.0, 'training/new_policy_objective': -0.04369810223579407, 'training/policy_objective': -0.04407120123505592, 'training/value_loss': 8.077103643699957e-07}
{'eval/num_episodes': 200, 'eval/num_steps': 200, 'eval/mean_score': np.float64(0.992), 'eval/std_score': np.float64(0.026), 'eval/mean_episode_length': np.float64(1.0), 'eval/std_episode_length': np.float64(0.0), 'eval/eval_time': 0.0905458927154541}
{'training/total_steps': 52000, 'training/updates': 26, 'training/sps': np.float64(14274.4), 'training/walltime': np.float64(6.379), 'training/rollout_time': np.float64(0.137), 'training/update_time': np.float64(0.003), 'training/iterations': 1.0, 'training/kl_div': 0.0026687695644795895, 'training/line_search_success': 1.0, 'training/new_policy_objective': 0.2108096182346344, 'training/policy_objective': 0.1785324215888977, 'training/value_loss': 0.00028775824466720223}
{'eval/num_episodes': 200, 'eval/num_steps': 200, 'eval/mean_score': np.float64(1.0), 'eval/std_score': np.float64(0.0), 'eval/mean_episode_length': np.float64(1.0), 'eval/std_episode_length': np.float64(0.0), 'eval/eval_time': 0.07578086853027344}
{'training/total_steps': 54000, 'training/updates': 27, 'training/sps': np.float64(17882.345), 'training/walltime': np.float64(6.567), 'training/rollout_time': np.float64(0.108), 'training/update_time': np.float64(0.004), 'training/iterations': 1.0, 'training/kl_div': 0.003113637212663889, 'training/line_search_success': 1.0, 'training/new_policy_objective': -0.04337011277675629, 'training/policy_objective': -0.043864622712135315, 'training/value_loss': 1.2429967455318547e-06}
{'eval/num_episodes': 200, 'eval/num_steps': 200, 'eval/mean_score': np.float64(0.993), 'eval/std_score': np.float64(0.025), 'eval/mean_episode_length': np.float64(1.0), 'eval/std_episode_length': np.float64(0.0), 'eval/eval_time': 0.07732892036437988}
{'training/total_steps': 56000, 'training/updates': 28, 'training/sps': np.float64(18925.742), 'training/walltime': np.float64(6.75), 'training/rollout_time': np.float64(0.102), 'training/update_time': np.float64(0.003), 'training/iterations': 1.0, 'training/kl_div': 0.0032754307612776756, 'training/line_search_success': 1.0, 'training/new_policy_objective': 0.24525073170661926, 'training/policy_objective': 0.20635458827018738, 'training/value_loss': 0.00039394889608956873}
{'eval/num_episodes': 200, 'eval/num_steps': 200, 'eval/mean_score': np.float64(1.0), 'eval/std_score': np.float64(0.0), 'eval/mean_episode_length': np.float64(1.0), 'eval/std_episode_length': np.float64(0.0), 'eval/eval_time': 0.07719612121582031}
{'training/total_steps': 58000, 'training/updates': 29, 'training/sps': np.float64(18888.284), 'training/walltime': np.float64(6.934), 'training/rollout_time': np.float64(0.103), 'training/update_time': np.float64(0.003), 'training/iterations': 1.0, 'training/kl_div': nan, 'training/line_search_success': 0.25, 'training/new_policy_objective': nan, 'training/policy_objective': 0.00464140297845006, 'training/value_loss': 7.08537345417426e-06}
{'eval/num_episodes': 200, 'eval/num_steps': 200, 'eval/mean_score': np.float64(1.0), 'eval/std_score': np.float64(0.0), 'eval/mean_episode_length': np.float64(1.0), 'eval/std_episode_length': np.float64(0.0), 'eval/eval_time': 0.07873201370239258}
{'training/total_steps': 60000, 'training/updates': 30, 'training/sps': np.float64(18256.703), 'training/walltime': np.float64(7.123), 'training/rollout_time': np.float64(0.106), 'training/update_time': np.float64(0.004), 'training/iterations': 1.0, 'training/kl_div': 0.0018827037420123816, 'training/line_search_success': 1.0, 'training/new_policy_objective': -0.0007183478446677327, 'training/policy_objective': -0.0007226926973089576, 'training/value_loss': 8.423328146101028e-10}
{'eval/num_episodes': 200, 'eval/num_steps': 200, 'eval/mean_score': np.float64(0.996), 'eval/std_score': np.float64(0.02), 'eval/mean_episode_length': np.float64(1.0), 'eval/std_episode_length': np.float64(0.0), 'eval/eval_time': 0.07874512672424316}
TRAINING END: training duration: 7.201770067214966
{'final_eval/num_episodes': 200, 'final_eval/num_steps': 200, 'final_eval/mean_score': np.float64(1.0), 'final_eval/std_score': np.float64(0.0), 'final_eval/mean_episode_length': np.float64(1.0), 'final_eval/std_episode_length': np.float64(0.0)}
