|param: value|
|experiment_name:  cleanba_ppo|
|seed:  7|
|platform:  cpu|
|write_logs_to_file:  False|
|save_model:  False|
|env_name:  bandit|
|num_envs:  8|
|num_train_levels:  200|
|distribution_mode:  easy|
|arm_means:  (1.0, 0.9)|
|deterministic_rewards:  True|
|eval_env:  True|
|num_eval_episodes:  200|
|eval_every:  1|
|deterministic_eval:  False|
|total_timesteps:  60000|
|learning_rate:  0.00025|
|adam_eps:  1e-05|
|unroll_length:  250|
|anneal_lr:  False|
|gamma:  0.99|
|gae_lambda:  0.95|
|num_minibatches:  4|
|update_epochs:  4|
|normalize_advantages:  True|
|clip_eps:  0.1|
|clip_vloss:  True|
|entropy_cost:  0.0|
|vf_cost:  0.5|
|max_grad_norm:  0.5|
|use_cnn:  False|
|policy_hidden_layer_sizes:  ()|
|value_hidden_layer_sizes:  ()|
|activation:  <jax._src.custom_derivatives.custom_jvp object at 0x10cb19f10>|
|policy_init_logit_bias:  [0.0, 4.0]|
{'training/total_steps': 2000, 'training/updates': 1, 'training/sps': np.float64(2236.174), 'training/walltime': np.float64(0.894), 'training/rollout_time': np.float64(0.415), 'training/update_time': np.float64(0.479), 'training/approx_kl': 1.7052647081072791e-06, 'training/entropy': 0.09104445576667786, 'training/policy_loss': -0.0018405718728899956, 'training/total_loss': 1.4244261980056763, 'training/value_loss': 2.8525335788726807}
{'eval/num_episodes': 200, 'eval/num_steps': 200, 'eval/mean_score': np.float64(0.903), 'eval/std_score': np.float64(0.018), 'eval/mean_episode_length': np.float64(1.0), 'eval/std_episode_length': np.float64(0.0), 'eval/eval_time': 0.07461309432983398}
{'training/total_steps': 4000, 'training/updates': 2, 'training/sps': np.float64(13538.376), 'training/walltime': np.float64(1.117), 'training/rollout_time': np.float64(0.14), 'training/update_time': np.float64(0.008), 'training/approx_kl': 1.2394656323522213e-06, 'training/entropy': 0.09215492010116577, 'training/policy_loss': -0.0016145603731274605, 'training/total_loss': 1.4145622253417969, 'training/value_loss': 2.8323538303375244}
{'eval/num_episodes': 200, 'eval/num_steps': 200, 'eval/mean_score': np.float64(0.904), 'eval/std_score': np.float64(0.02), 'eval/mean_episode_length': np.float64(1.0), 'eval/std_episode_length': np.float64(0.0), 'eval/eval_time': 0.08484196662902832}
{'training/total_steps': 6000, 'training/updates': 3, 'training/sps': np.float64(13344.545), 'training/walltime': np.float64(1.352), 'training/rollout_time': np.float64(0.142), 'training/update_time': np.float64(0.008), 'training/approx_kl': 2.350521299376851e-06, 'training/entropy': 0.09333129227161407, 'training/policy_loss': -0.0021716600749641657, 'training/total_loss': 1.4055967330932617, 'training/value_loss': 2.8155369758605957}
{'eval/num_episodes': 200, 'eval/num_steps': 200, 'eval/mean_score': np.float64(0.902), 'eval/std_score': np.float64(0.014), 'eval/mean_episode_length': np.float64(1.0), 'eval/std_episode_length': np.float64(0.0), 'eval/eval_time': 0.07900714874267578}
{'training/total_steps': 8000, 'training/updates': 4, 'training/sps': np.float64(12815.331), 'training/walltime': np.float64(1.588), 'training/rollout_time': np.float64(0.148), 'training/update_time': np.float64(0.009), 'training/approx_kl': 1.8213056591775967e-06, 'training/entropy': 0.0945410281419754, 'training/policy_loss': -0.0018310690065845847, 'training/total_loss': 1.3958702087402344, 'training/value_loss': 2.7954025268554688}
{'eval/num_episodes': 200, 'eval/num_steps': 200, 'eval/mean_score': np.float64(0.901), 'eval/std_score': np.float64(0.012), 'eval/mean_episode_length': np.float64(1.0), 'eval/std_episode_length': np.float64(0.0), 'eval/eval_time': 0.08231782913208008}
{'training/total_steps': 10000, 'training/updates': 5, 'training/sps': np.float64(11889.173), 'training/walltime': np.float64(1.839), 'training/rollout_time': np.float64(0.16), 'training/update_time': np.float64(0.008), 'training/approx_kl': 1.9923645595554262e-06, 'training/entropy': 0.09574370086193085, 'training/policy_loss': -0.002030388917773962, 'training/total_loss': 1.3864758014678955, 'training/value_loss': 2.777012586593628}
{'eval/num_episodes': 200, 'eval/num_steps': 200, 'eval/mean_score': np.float64(0.901), 'eval/std_score': np.float64(0.01), 'eval/mean_episode_length': np.float64(1.0), 'eval/std_episode_length': np.float64(0.0), 'eval/eval_time': 0.07441496849060059}
{'training/total_steps': 12000, 'training/updates': 6, 'training/sps': np.float64(13768.045), 'training/walltime': np.float64(2.059), 'training/rollout_time': np.float64(0.137), 'training/update_time': np.float64(0.008), 'training/approx_kl': 1.274456280953018e-06, 'training/entropy': 0.09691144526004791, 'training/policy_loss': -0.0015253626042976975, 'training/total_loss': 1.3769077062606812, 'training/value_loss': 2.756866216659546}
{'eval/num_episodes': 200, 'eval/num_steps': 200, 'eval/mean_score': np.float64(0.901), 'eval/std_score': np.float64(0.01), 'eval/mean_episode_length': np.float64(1.0), 'eval/std_episode_length': np.float64(0.0), 'eval/eval_time': 0.07533597946166992}
{'training/total_steps': 14000, 'training/updates': 7, 'training/sps': np.float64(13685.922), 'training/walltime': np.float64(2.28), 'training/rollout_time': np.float64(0.138), 'training/update_time': np.float64(0.008), 'training/approx_kl': 1.5359091776190326e-06, 'training/entropy': 0.09806209802627563, 'training/policy_loss': -0.0017861401429399848, 'training/total_loss': 1.367620587348938, 'training/value_loss': 2.7388134002685547}
{'eval/num_episodes': 200, 'eval/num_steps': 200, 'eval/mean_score': np.float64(0.903), 'eval/std_score': np.float64(0.018), 'eval/mean_episode_length': np.float64(1.0), 'eval/std_episode_length': np.float64(0.0), 'eval/eval_time': 0.07345104217529297}
{'training/total_steps': 16000, 'training/updates': 8, 'training/sps': np.float64(13806.522), 'training/walltime': np.float64(2.499), 'training/rollout_time': np.float64(0.137), 'training/update_time': np.float64(0.008), 'training/approx_kl': 1.5309277614505845e-06, 'training/entropy': 0.0992579460144043, 'training/policy_loss': -0.0016130225267261267, 'training/total_loss': 1.3583256006240845, 'training/value_loss': 2.719877243041992}
{'eval/num_episodes': 200, 'eval/num_steps': 200, 'eval/mean_score': np.float64(0.9), 'eval/std_score': np.float64(0.007), 'eval/mean_episode_length': np.float64(1.0), 'eval/std_episode_length': np.float64(0.0), 'eval/eval_time': 0.07780671119689941}
{'training/total_steps': 18000, 'training/updates': 9, 'training/sps': np.float64(13681.48), 'training/walltime': np.float64(2.723), 'training/rollout_time': np.float64(0.138), 'training/update_time': np.float64(0.008), 'training/approx_kl': 1.1720825341399177e-06, 'training/entropy': 0.10043123364448547, 'training/policy_loss': -0.0014447206631302834, 'training/total_loss': 1.3488746881484985, 'training/value_loss': 2.700638771057129}
{'eval/num_episodes': 200, 'eval/num_steps': 200, 'eval/mean_score': np.float64(0.903), 'eval/std_score': np.float64(0.017), 'eval/mean_episode_length': np.float64(1.0), 'eval/std_episode_length': np.float64(0.0), 'eval/eval_time': 0.07545304298400879}
{'training/total_steps': 20000, 'training/updates': 10, 'training/sps': np.float64(13840.167), 'training/walltime': np.float64(2.944), 'training/rollout_time': np.float64(0.137), 'training/update_time': np.float64(0.008), 'training/approx_kl': 1.902554231492104e-06, 'training/entropy': 0.10167548060417175, 'training/policy_loss': -0.0019291609060019255, 'training/total_loss': 1.339939832687378, 'training/value_loss': 2.6837377548217773}
{'eval/num_episodes': 200, 'eval/num_steps': 200, 'eval/mean_score': np.float64(0.9), 'eval/std_score': np.float64(0.007), 'eval/mean_episode_length': np.float64(1.0), 'eval/std_episode_length': np.float64(0.0), 'eval/eval_time': 0.0739588737487793}
{'training/total_steps': 22000, 'training/updates': 11, 'training/sps': np.float64(13365.062), 'training/walltime': np.float64(3.168), 'training/rollout_time': np.float64(0.142), 'training/update_time': np.float64(0.008), 'training/approx_kl': 1.8685135501073091e-06, 'training/entropy': 0.10299862921237946, 'training/policy_loss': -0.0019760746508836746, 'training/total_loss': 1.3304219245910645, 'training/value_loss': 2.6647958755493164}
{'eval/num_episodes': 200, 'eval/num_steps': 200, 'eval/mean_score': np.float64(0.903), 'eval/std_score': np.float64(0.017), 'eval/mean_episode_length': np.float64(1.0), 'eval/std_episode_length': np.float64(0.0), 'eval/eval_time': 0.07336688041687012}
{'training/total_steps': 24000, 'training/updates': 12, 'training/sps': np.float64(13751.298), 'training/walltime': np.float64(3.387), 'training/rollout_time': np.float64(0.137), 'training/update_time': np.float64(0.008), 'training/approx_kl': 2.528350933062029e-06, 'training/entropy': 0.10437367856502533, 'training/policy_loss': -0.002289813943207264, 'training/total_loss': 1.3214409351348877, 'training/value_loss': 2.6474616527557373}
{'eval/num_episodes': 200, 'eval/num_steps': 200, 'eval/mean_score': np.float64(0.9), 'eval/std_score': np.float64(0.007), 'eval/mean_episode_length': np.float64(1.0), 'eval/std_episode_length': np.float64(0.0), 'eval/eval_time': 0.08186197280883789}
{'training/total_steps': 26000, 'training/updates': 13, 'training/sps': np.float64(13673.808), 'training/walltime': np.float64(3.615), 'training/rollout_time': np.float64(0.138), 'training/update_time': np.float64(0.008), 'training/approx_kl': 1.6153958313225303e-06, 'training/entropy': 0.10573238134384155, 'training/policy_loss': -0.001803422113880515, 'training/total_loss': 1.3118772506713867, 'training/value_loss': 2.627361297607422}
{'eval/num_episodes': 200, 'eval/num_steps': 200, 'eval/mean_score': np.float64(0.903), 'eval/std_score': np.float64(0.018), 'eval/mean_episode_length': np.float64(1.0), 'eval/std_episode_length': np.float64(0.0), 'eval/eval_time': 0.07873988151550293}
{'training/total_steps': 28000, 'training/updates': 14, 'training/sps': np.float64(13555.375), 'training/walltime': np.float64(3.842), 'training/rollout_time': np.float64(0.14), 'training/update_time': np.float64(0.008), 'training/approx_kl': 2.589305950095877e-06, 'training/entropy': 0.1071142703294754, 'training/policy_loss': -0.002239206340163946, 'training/total_loss': 1.3032969236373901, 'training/value_loss': 2.611072301864624}
{'eval/num_episodes': 200, 'eval/num_steps': 200, 'eval/mean_score': np.float64(0.901), 'eval/std_score': np.float64(0.01), 'eval/mean_episode_length': np.float64(1.0), 'eval/std_episode_length': np.float64(0.0), 'eval/eval_time': 0.07629203796386719}
{'training/total_steps': 30000, 'training/updates': 15, 'training/sps': np.float64(13618.688), 'training/walltime': np.float64(4.066), 'training/rollout_time': np.float64(0.139), 'training/update_time': np.float64(0.008), 'training/approx_kl': 2.5067220121854916e-06, 'training/entropy': 0.10859201103448868, 'training/policy_loss': -0.0022221780382096767, 'training/total_loss': 1.2939906120300293, 'training/value_loss': 2.5924253463745117}
{'eval/num_episodes': 200, 'eval/num_steps': 200, 'eval/mean_score': np.float64(0.902), 'eval/std_score': np.float64(0.016), 'eval/mean_episode_length': np.float64(1.0), 'eval/std_episode_length': np.float64(0.0), 'eval/eval_time': 0.07548689842224121}
{'training/total_steps': 32000, 'training/updates': 16, 'training/sps': np.float64(13520.832), 'training/walltime': np.float64(4.289), 'training/rollout_time': np.float64(0.14), 'training/update_time': np.float64(0.008), 'training/approx_kl': 1.347561465081526e-06, 'training/entropy': 0.10996223241090775, 'training/policy_loss': -0.001629362697713077, 'training/total_loss': 1.2845150232315063, 'training/value_loss': 2.572288990020752}
{'eval/num_episodes': 200, 'eval/num_steps': 200, 'eval/mean_score': np.float64(0.901), 'eval/std_score': np.float64(0.01), 'eval/mean_episode_length': np.float64(1.0), 'eval/std_episode_length': np.float64(0.0), 'eval/eval_time': 0.07466411590576172}
{'training/total_steps': 34000, 'training/updates': 17, 'training/sps': np.float64(13561.533), 'training/walltime': np.float64(4.512), 'training/rollout_time': np.float64(0.14), 'training/update_time': np.float64(0.008), 'training/approx_kl': 2.5040676518983673e-06, 'training/entropy': 0.11135759204626083, 'training/policy_loss': -0.002272601006552577, 'training/total_loss': 1.2760963439941406, 'training/value_loss': 2.5567378997802734}
{'eval/num_episodes': 200, 'eval/num_steps': 200, 'eval/mean_score': np.float64(0.903), 'eval/std_score': np.float64(0.017), 'eval/mean_episode_length': np.float64(1.0), 'eval/std_episode_length': np.float64(0.0), 'eval/eval_time': 0.0738840103149414}
{'training/total_steps': 36000, 'training/updates': 18, 'training/sps': np.float64(13485.272), 'training/walltime': np.float64(4.734), 'training/rollout_time': np.float64(0.14), 'training/update_time': np.float64(0.008), 'training/approx_kl': 4.619667379301973e-06, 'training/entropy': 0.11300145089626312, 'training/policy_loss': -0.003040408482775092, 'training/total_loss': 1.2674548625946045, 'training/value_loss': 2.5409908294677734}
{'eval/num_episodes': 200, 'eval/num_steps': 200, 'eval/mean_score': np.float64(0.907), 'eval/std_score': np.float64(0.026), 'eval/mean_episode_length': np.float64(1.0), 'eval/std_episode_length': np.float64(0.0), 'eval/eval_time': 0.07691192626953125}
{'training/total_steps': 38000, 'training/updates': 19, 'training/sps': np.float64(13361.018), 'training/walltime': np.float64(4.961), 'training/rollout_time': np.float64(0.142), 'training/update_time': np.float64(0.008), 'training/approx_kl': 3.4776880966091994e-06, 'training/entropy': 0.11469882726669312, 'training/policy_loss': -0.0026301974430680275, 'training/total_loss': 1.2580184936523438, 'training/value_loss': 2.5212972164154053}
{'eval/num_episodes': 200, 'eval/num_steps': 200, 'eval/mean_score': np.float64(0.901), 'eval/std_score': np.float64(0.012), 'eval/mean_episode_length': np.float64(1.0), 'eval/std_episode_length': np.float64(0.0), 'eval/eval_time': 0.07443094253540039}
{'training/total_steps': 40000, 'training/updates': 20, 'training/sps': np.float64(13301.337), 'training/walltime': np.float64(5.187), 'training/rollout_time': np.float64(0.142), 'training/update_time': np.float64(0.008), 'training/approx_kl': 2.9889317829656648e-06, 'training/entropy': 0.11631467938423157, 'training/policy_loss': -0.0023953451309353113, 'training/total_loss': 1.2490475177764893, 'training/value_loss': 2.5028858184814453}
{'eval/num_episodes': 200, 'eval/num_steps': 200, 'eval/mean_score': np.float64(0.901), 'eval/std_score': np.float64(0.01), 'eval/mean_episode_length': np.float64(1.0), 'eval/std_episode_length': np.float64(0.0), 'eval/eval_time': 0.07591724395751953}
{'training/total_steps': 42000, 'training/updates': 21, 'training/sps': np.float64(13303.278), 'training/walltime': np.float64(5.413), 'training/rollout_time': np.float64(0.142), 'training/update_time': np.float64(0.008), 'training/approx_kl': 2.658660605447949e-06, 'training/entropy': 0.11788332462310791, 'training/policy_loss': -0.0022846898064017296, 'training/total_loss': 1.2402002811431885, 'training/value_loss': 2.4849698543548584}
{'eval/num_episodes': 200, 'eval/num_steps': 200, 'eval/mean_score': np.float64(0.903), 'eval/std_score': np.float64(0.017), 'eval/mean_episode_length': np.float64(1.0), 'eval/std_episode_length': np.float64(0.0), 'eval/eval_time': 0.07492685317993164}
{'training/total_steps': 44000, 'training/updates': 22, 'training/sps': np.float64(13443.304), 'training/walltime': np.float64(5.637), 'training/rollout_time': np.float64(0.141), 'training/update_time': np.float64(0.008), 'training/approx_kl': 2.675431915122317e-06, 'training/entropy': 0.11946228891611099, 'training/policy_loss': -0.0023274882696568966, 'training/total_loss': 1.2313425540924072, 'training/value_loss': 2.4673404693603516}
{'eval/num_episodes': 200, 'eval/num_steps': 200, 'eval/mean_score': np.float64(0.904), 'eval/std_score': np.float64(0.02), 'eval/mean_episode_length': np.float64(1.0), 'eval/std_episode_length': np.float64(0.0), 'eval/eval_time': 0.07497596740722656}
{'training/total_steps': 46000, 'training/updates': 23, 'training/sps': np.float64(13652.156), 'training/walltime': np.float64(5.859), 'training/rollout_time': np.float64(0.139), 'training/update_time': np.float64(0.008), 'training/approx_kl': 1.98229145098594e-06, 'training/entropy': 0.12100352346897125, 'training/policy_loss': -0.0019778767600655556, 'training/total_loss': 1.2223329544067383, 'training/value_loss': 2.4486217498779297}
{'eval/num_episodes': 200, 'eval/num_steps': 200, 'eval/mean_score': np.float64(0.902), 'eval/std_score': np.float64(0.016), 'eval/mean_episode_length': np.float64(1.0), 'eval/std_episode_length': np.float64(0.0), 'eval/eval_time': 0.07257699966430664}
{'training/total_steps': 48000, 'training/updates': 24, 'training/sps': np.float64(10640.675), 'training/walltime': np.float64(6.12), 'training/rollout_time': np.float64(0.18), 'training/update_time': np.float64(0.008), 'training/approx_kl': 2.3771899577695876e-06, 'training/entropy': 0.12254174053668976, 'training/policy_loss': -0.0022243475541472435, 'training/total_loss': 1.2137727737426758, 'training/value_loss': 2.4319944381713867}
{'eval/num_episodes': 200, 'eval/num_steps': 200, 'eval/mean_score': np.float64(0.902), 'eval/std_score': np.float64(0.016), 'eval/mean_episode_length': np.float64(1.0), 'eval/std_episode_length': np.float64(0.0), 'eval/eval_time': 0.07567405700683594}
{'training/total_steps': 50000, 'training/updates': 25, 'training/sps': np.float64(13497.749), 'training/walltime': np.float64(6.344), 'training/rollout_time': np.float64(0.14), 'training/update_time': np.float64(0.008), 'training/approx_kl': 2.9425491447909735e-06, 'training/entropy': 0.12419357895851135, 'training/policy_loss': -0.0023868747521191835, 'training/total_loss': 1.205120325088501, 'training/value_loss': 2.4150145053863525}
{'eval/num_episodes': 200, 'eval/num_steps': 200, 'eval/mean_score': np.float64(0.9), 'eval/std_score': np.float64(0.007), 'eval/mean_episode_length': np.float64(1.0), 'eval/std_episode_length': np.float64(0.0), 'eval/eval_time': 0.07487607002258301}
{'training/total_steps': 52000, 'training/updates': 26, 'training/sps': np.float64(13566.05), 'training/walltime': np.float64(6.567), 'training/rollout_time': np.float64(0.139), 'training/update_time': np.float64(0.008), 'training/approx_kl': 3.6067431210540235e-06, 'training/entropy': 0.12593303620815277, 'training/policy_loss': -0.0025988714769482613, 'training/total_loss': 1.1964627504348755, 'training/value_loss': 2.398123264312744}
{'eval/num_episodes': 200, 'eval/num_steps': 200, 'eval/mean_score': np.float64(0.901), 'eval/std_score': np.float64(0.012), 'eval/mean_episode_length': np.float64(1.0), 'eval/std_episode_length': np.float64(0.0), 'eval/eval_time': 0.07567596435546875}
{'training/total_steps': 54000, 'training/updates': 27, 'training/sps': np.float64(13556.207), 'training/walltime': np.float64(6.791), 'training/rollout_time': np.float64(0.139), 'training/update_time': np.float64(0.008), 'training/approx_kl': 3.508054760459345e-06, 'training/entropy': 0.12770920991897583, 'training/policy_loss': -0.0025786547921597958, 'training/total_loss': 1.1876819133758545, 'training/value_loss': 2.380521059036255}
{'eval/num_episodes': 200, 'eval/num_steps': 200, 'eval/mean_score': np.float64(0.903), 'eval/std_score': np.float64(0.018), 'eval/mean_episode_length': np.float64(1.0), 'eval/std_episode_length': np.float64(0.0), 'eval/eval_time': 0.07564997673034668}
{'training/total_steps': 56000, 'training/updates': 28, 'training/sps': np.float64(13439.707), 'training/walltime': np.float64(7.015), 'training/rollout_time': np.float64(0.141), 'training/update_time': np.float64(0.008), 'training/approx_kl': 2.696142701097415e-06, 'training/entropy': 0.12944090366363525, 'training/policy_loss': -0.002269623102620244, 'training/total_loss': 1.1787644624710083, 'training/value_loss': 2.3620681762695312}
{'eval/num_episodes': 200, 'eval/num_steps': 200, 'eval/mean_score': np.float64(0.904), 'eval/std_score': np.float64(0.021), 'eval/mean_episode_length': np.float64(1.0), 'eval/std_episode_length': np.float64(0.0), 'eval/eval_time': 0.07685089111328125}
{'training/total_steps': 58000, 'training/updates': 29, 'training/sps': np.float64(13597.871), 'training/walltime': np.float64(7.24), 'training/rollout_time': np.float64(0.139), 'training/update_time': np.float64(0.008), 'training/approx_kl': 2.8651199954765616e-06, 'training/entropy': 0.13113880157470703, 'training/policy_loss': -0.0023480418603867292, 'training/total_loss': 1.1702580451965332, 'training/value_loss': 2.345211982727051}
{'eval/num_episodes': 200, 'eval/num_steps': 200, 'eval/mean_score': np.float64(0.902), 'eval/std_score': np.float64(0.014), 'eval/mean_episode_length': np.float64(1.0), 'eval/std_episode_length': np.float64(0.0), 'eval/eval_time': 0.07415986061096191}
{'training/total_steps': 60000, 'training/updates': 30, 'training/sps': np.float64(13577.271), 'training/walltime': np.float64(7.461), 'training/rollout_time': np.float64(0.139), 'training/update_time': np.float64(0.008), 'training/approx_kl': 2.477051793903229e-06, 'training/entropy': 0.13284650444984436, 'training/policy_loss': -0.0022181603126227856, 'training/total_loss': 1.1615476608276367, 'training/value_loss': 2.327531576156616}
{'eval/num_episodes': 200, 'eval/num_steps': 200, 'eval/mean_score': np.float64(0.901), 'eval/std_score': np.float64(0.012), 'eval/mean_episode_length': np.float64(1.0), 'eval/std_episode_length': np.float64(0.0), 'eval/eval_time': 0.07445001602172852}
TRAINING END: training duration: 7.536236047744751
{'final_eval/num_episodes': 200, 'final_eval/num_steps': 200, 'final_eval/mean_score': np.float64(0.8999999761581421), 'final_eval/std_score': np.float64(0.0), 'final_eval/mean_episode_length': np.float64(1.0), 'final_eval/std_episode_length': np.float64(0.0)}
