|param: value|
|experiment_name:  pc_reinforce|
|seed:  7|
|write_logs_to_file:  False|
|save_model:  False|
|env_name:  bandit|
|num_envs:  8|
|num_train_levels:  200|
|distribution_mode:  easy|
|arm_means:  (1.0, 0.9)|
|deterministic_rewards:  True|
|eval_env:  True|
|num_eval_episodes:  200|
|eval_every:  1|
|total_timesteps:  60000|
|unroll_length:  250|
|learning_rate:  0.01|
|target_scale:  1.0|
|pc_steps_per_update:  1|
|max_t1:  20|
|width:  32|
|depth:  2|
|act_fn:  relu|
|policy_init_logit_bias:  [0.0, 4.0]|
|use_cnn:  False|
|policy_hidden_layer_sizes:  ()|
|value_hidden_layer_sizes:  ()|
|anneal_lr:  False|
|entropy_cost:  0.0|
|deterministic_eval:  False|
|gamma:  0.99|
{'training/total_steps': 2000, 'training/updates': 1, 'training/walltime': np.float64(1.547), 'training/update_time': np.float64(1.548), 'training/pc_loss': 0.00021609982650261372, 'training/mean_reward': 0.9023496508598328, 'training/mean_advantage_abs': 0.004589240998029709}
{'eval/num_episodes': 200, 'eval/mean_score': np.float64(0.901), 'eval/std_score': np.float64(0.0099), 'eval/mean_episode_length': np.float64(1.0)}
{'training/total_steps': 4000, 'training/updates': 2, 'training/walltime': np.float64(1.834), 'training/update_time': np.float64(0.107), 'training/pc_loss': 0.00017526371811982244, 'training/mean_reward': 0.9018995761871338, 'training/mean_advantage_abs': 0.003727416507899761}
{'eval/num_episodes': 200, 'eval/mean_score': np.float64(0.902), 'eval/std_score': np.float64(0.014), 'eval/mean_episode_length': np.float64(1.0)}
{'training/total_steps': 6000, 'training/updates': 3, 'training/walltime': np.float64(1.941), 'training/update_time': np.float64(0.106), 'training/pc_loss': 0.00022184947738423944, 'training/mean_reward': 0.9024496078491211, 'training/mean_advantage_abs': 0.0047796014696359634}
{'eval/num_episodes': 200, 'eval/mean_score': np.float64(0.9035), 'eval/std_score': np.float64(0.0184), 'eval/mean_episode_length': np.float64(1.0)}
{'training/total_steps': 8000, 'training/updates': 4, 'training/walltime': np.float64(2.055), 'training/update_time': np.float64(0.113), 'training/pc_loss': 0.00020704303460661322, 'training/mean_reward': 0.902299702167511, 'training/mean_advantage_abs': 0.0044939396902918816}
{'eval/num_episodes': 200, 'eval/mean_score': np.float64(0.9005), 'eval/std_score': np.float64(0.0071), 'eval/mean_episode_length': np.float64(1.0)}
{'training/total_steps': 10000, 'training/updates': 5, 'training/walltime': np.float64(2.163), 'training/update_time': np.float64(0.107), 'training/pc_loss': 0.0003438310232013464, 'training/mean_reward': 0.9039996862411499, 'training/mean_advantage_abs': 0.0076797339133918285}
{'eval/num_episodes': 200, 'eval/mean_score': np.float64(0.9045), 'eval/std_score': np.float64(0.0207), 'eval/mean_episode_length': np.float64(1.0)}
{'training/total_steps': 12000, 'training/updates': 6, 'training/walltime': np.float64(2.336), 'training/update_time': np.float64(0.172), 'training/pc_loss': 0.00039655156433582306, 'training/mean_reward': 0.9047497510910034, 'training/mean_advantage_abs': 0.00904854852706194}
{'eval/num_episodes': 200, 'eval/mean_score': np.float64(0.904), 'eval/std_score': np.float64(0.0196), 'eval/mean_episode_length': np.float64(1.0)}
{'training/total_steps': 14000, 'training/updates': 7, 'training/walltime': np.float64(2.443), 'training/update_time': np.float64(0.106), 'training/pc_loss': 0.0003788289614021778, 'training/mean_reward': 0.9045997858047485, 'training/mean_advantage_abs': 0.00877662654966116}
{'eval/num_episodes': 200, 'eval/mean_score': np.float64(0.9055), 'eval/std_score': np.float64(0.0228), 'eval/mean_episode_length': np.float64(1.0)}
{'training/total_steps': 16000, 'training/updates': 8, 'training/walltime': np.float64(2.551), 'training/update_time': np.float64(0.107), 'training/pc_loss': 0.00045597326243296266, 'training/mean_reward': 0.9057997465133667, 'training/mean_advantage_abs': 0.010926998220384121}
{'eval/num_episodes': 200, 'eval/mean_score': np.float64(0.9055), 'eval/std_score': np.float64(0.0228), 'eval/mean_episode_length': np.float64(1.0)}
{'training/total_steps': 18000, 'training/updates': 9, 'training/walltime': np.float64(2.657), 'training/update_time': np.float64(0.105), 'training/pc_loss': 0.000490176142193377, 'training/mean_reward': 0.9064996838569641, 'training/mean_advantage_abs': 0.012154747731983662}
{'eval/num_episodes': 200, 'eval/mean_score': np.float64(0.912), 'eval/std_score': np.float64(0.0325), 'eval/mean_episode_length': np.float64(1.0)}
{'training/total_steps': 20000, 'training/updates': 10, 'training/walltime': np.float64(2.764), 'training/update_time': np.float64(0.106), 'training/pc_loss': 0.0005410747835412621, 'training/mean_reward': 0.9075997471809387, 'training/mean_advantage_abs': 0.014044607989490032}
{'eval/num_episodes': 200, 'eval/mean_score': np.float64(0.9105), 'eval/std_score': np.float64(0.0307), 'eval/mean_episode_length': np.float64(1.0)}
{'training/total_steps': 22000, 'training/updates': 11, 'training/walltime': np.float64(2.872), 'training/update_time': np.float64(0.107), 'training/pc_loss': 0.0006266675191000104, 'training/mean_reward': 0.909599781036377, 'training/mean_advantage_abs': 0.017356645315885544}
{'eval/num_episodes': 200, 'eval/mean_score': np.float64(0.911), 'eval/std_score': np.float64(0.0313), 'eval/mean_episode_length': np.float64(1.0)}
{'training/total_steps': 24000, 'training/updates': 12, 'training/walltime': np.float64(2.98), 'training/update_time': np.float64(0.107), 'training/pc_loss': 0.0007506680558435619, 'training/mean_reward': 0.9131499528884888, 'training/mean_advantage_abs': 0.02284153178334236}
{'eval/num_episodes': 200, 'eval/mean_score': np.float64(0.916), 'eval/std_score': np.float64(0.0367), 'eval/mean_episode_length': np.float64(1.0)}
{'training/total_steps': 26000, 'training/updates': 13, 'training/walltime': np.float64(3.089), 'training/update_time': np.float64(0.108), 'training/pc_loss': 0.0008275182917714119, 'training/mean_reward': 0.9169497489929199, 'training/mean_advantage_abs': 0.028153806924819946}
{'eval/num_episodes': 200, 'eval/mean_score': np.float64(0.9185), 'eval/std_score': np.float64(0.0388), 'eval/mean_episode_length': np.float64(1.0)}
{'training/total_steps': 28000, 'training/updates': 14, 'training/walltime': np.float64(3.197), 'training/update_time': np.float64(0.107), 'training/pc_loss': 0.0008116666576825082, 'training/mean_reward': 0.9189999103546143, 'training/mean_advantage_abs': 0.030779970809817314}
{'eval/num_episodes': 200, 'eval/mean_score': np.float64(0.9255), 'eval/std_score': np.float64(0.0436), 'eval/mean_episode_length': np.float64(1.0)}
{'training/total_steps': 30000, 'training/updates': 15, 'training/walltime': np.float64(3.305), 'training/update_time': np.float64(0.107), 'training/pc_loss': 0.0008311106357723475, 'training/mean_reward': 0.9249498844146729, 'training/mean_advantage_abs': 0.0374499149620533}
{'eval/num_episodes': 200, 'eval/mean_score': np.float64(0.929), 'eval/std_score': np.float64(0.0454), 'eval/mean_episode_length': np.float64(1.0)}
{'training/total_steps': 32000, 'training/updates': 16, 'training/walltime': np.float64(3.412), 'training/update_time': np.float64(0.106), 'training/pc_loss': 0.0007797861471772194, 'training/mean_reward': 0.9298499226570129, 'training/mean_advantage_abs': 0.041879549622535706}
{'eval/num_episodes': 200, 'eval/mean_score': np.float64(0.935), 'eval/std_score': np.float64(0.0477), 'eval/mean_episode_length': np.float64(1.0)}
{'training/total_steps': 34000, 'training/updates': 17, 'training/walltime': np.float64(3.521), 'training/update_time': np.float64(0.108), 'training/pc_loss': 0.0007098347414284945, 'training/mean_reward': 0.9356997609138489, 'training/mean_advantage_abs': 0.04591015726327896}
{'eval/num_episodes': 200, 'eval/mean_score': np.float64(0.942), 'eval/std_score': np.float64(0.0494), 'eval/mean_episode_length': np.float64(1.0)}
{'training/total_steps': 36000, 'training/updates': 18, 'training/walltime': np.float64(3.628), 'training/update_time': np.float64(0.106), 'training/pc_loss': 0.0006466628983616829, 'training/mean_reward': 0.9420499801635742, 'training/mean_advantage_abs': 0.04873596131801605}
{'eval/num_episodes': 200, 'eval/mean_score': np.float64(0.948), 'eval/std_score': np.float64(0.05), 'eval/mean_episode_length': np.float64(1.0)}
{'training/total_steps': 38000, 'training/updates': 19, 'training/walltime': np.float64(3.737), 'training/update_time': np.float64(0.108), 'training/pc_loss': 0.0006255277548916638, 'training/mean_reward': 0.9510499238967896, 'training/mean_advantage_abs': 0.04997796192765236}
{'eval/num_episodes': 200, 'eval/mean_score': np.float64(0.957), 'eval/std_score': np.float64(0.0495), 'eval/mean_episode_length': np.float64(1.0)}
{'training/total_steps': 40000, 'training/updates': 20, 'training/walltime': np.float64(3.844), 'training/update_time': np.float64(0.106), 'training/pc_loss': 0.0006650352734141052, 'training/mean_reward': 0.9586499333381653, 'training/mean_advantage_abs': 0.04850359633564949}
{'eval/num_episodes': 200, 'eval/mean_score': np.float64(0.961), 'eval/std_score': np.float64(0.0488), 'eval/mean_episode_length': np.float64(1.0)}
{'training/total_steps': 42000, 'training/updates': 21, 'training/walltime': np.float64(3.951), 'training/update_time': np.float64(0.106), 'training/pc_loss': 0.0007469794945791364, 'training/mean_reward': 0.966949999332428, 'training/mean_advantage_abs': 0.04425397887825966}
{'eval/num_episodes': 200, 'eval/mean_score': np.float64(0.9735), 'eval/std_score': np.float64(0.0441), 'eval/mean_episode_length': np.float64(1.0)}
{'training/total_steps': 44000, 'training/updates': 22, 'training/walltime': np.float64(4.057), 'training/update_time': np.float64(0.106), 'training/pc_loss': 0.0008100646082311869, 'training/mean_reward': 0.9751500487327576, 'training/mean_advantage_abs': 0.03734952583909035}
{'eval/num_episodes': 200, 'eval/mean_score': np.float64(0.9795), 'eval/std_score': np.float64(0.0404), 'eval/mean_episode_length': np.float64(1.0)}
{'training/total_steps': 46000, 'training/updates': 23, 'training/walltime': np.float64(4.166), 'training/update_time': np.float64(0.108), 'training/pc_loss': 0.0008448392618447542, 'training/mean_reward': 0.9802499413490295, 'training/mean_advantage_abs': 0.031698793172836304}
{'eval/num_episodes': 200, 'eval/mean_score': np.float64(0.9865), 'eval/std_score': np.float64(0.0342), 'eval/mean_episode_length': np.float64(1.0)}
{'training/total_steps': 48000, 'training/updates': 24, 'training/walltime': np.float64(4.273), 'training/update_time': np.float64(0.106), 'training/pc_loss': 0.0007604810525663197, 'training/mean_reward': 0.9863000512123108, 'training/mean_advantage_abs': 0.023646164685487747}
{'eval/num_episodes': 200, 'eval/mean_score': np.float64(0.993), 'eval/std_score': np.float64(0.0255), 'eval/mean_episode_length': np.float64(1.0)}
{'training/total_steps': 50000, 'training/updates': 25, 'training/walltime': np.float64(4.405), 'training/update_time': np.float64(0.132), 'training/pc_loss': 0.0006513928528875113, 'training/mean_reward': 0.9901500940322876, 'training/mean_advantage_abs': 0.017759479582309723}
{'eval/num_episodes': 200, 'eval/mean_score': np.float64(0.993), 'eval/std_score': np.float64(0.0255), 'eval/mean_episode_length': np.float64(1.0)}
{'training/total_steps': 52000, 'training/updates': 26, 'training/walltime': np.float64(4.524), 'training/update_time': np.float64(0.118), 'training/pc_loss': 0.00048262247582897544, 'training/mean_reward': 0.9936500787734985, 'training/mean_advantage_abs': 0.011893484741449356}
{'eval/num_episodes': 200, 'eval/mean_score': np.float64(0.9935), 'eval/std_score': np.float64(0.0247), 'eval/mean_episode_length': np.float64(1.0)}
{'training/total_steps': 54000, 'training/updates': 27, 'training/walltime': np.float64(4.643), 'training/update_time': np.float64(0.118), 'training/pc_loss': 0.00037155745667405427, 'training/mean_reward': 0.9955000281333923, 'training/mean_advantage_abs': 0.008594974875450134}
{'eval/num_episodes': 200, 'eval/mean_score': np.float64(0.9975), 'eval/std_score': np.float64(0.0156), 'eval/mean_episode_length': np.float64(1.0)}
{'training/total_steps': 56000, 'training/updates': 28, 'training/walltime': np.float64(4.761), 'training/update_time': np.float64(0.117), 'training/pc_loss': 0.0002467591839376837, 'training/mean_reward': 0.9972000122070312, 'training/mean_advantage_abs': 0.005443188827484846}
{'eval/num_episodes': 200, 'eval/mean_score': np.float64(0.9975), 'eval/std_score': np.float64(0.0156), 'eval/mean_episode_length': np.float64(1.0)}
{'training/total_steps': 58000, 'training/updates': 29, 'training/walltime': np.float64(4.876), 'training/update_time': np.float64(0.114), 'training/pc_loss': 0.0001872215943876654, 'training/mean_reward': 0.9979501366615295, 'training/mean_advantage_abs': 0.004015819635242224}
{'eval/num_episodes': 200, 'eval/mean_score': np.float64(0.9995), 'eval/std_score': np.float64(0.0071), 'eval/mean_episode_length': np.float64(1.0)}
{'training/total_steps': 60000, 'training/updates': 30, 'training/walltime': np.float64(4.991), 'training/update_time': np.float64(0.114), 'training/pc_loss': 0.00013136566849425435, 'training/mean_reward': 0.9986001253128052, 'training/mean_advantage_abs': 0.002760678995400667}
{'eval/num_episodes': 200, 'eval/mean_score': np.float64(0.9975), 'eval/std_score': np.float64(0.0156), 'eval/mean_episode_length': np.float64(1.0)}
TRAINING END: training duration: 4.99189305305481
