|param: value|
|experiment_name:  trpo_procgen|
|seed:  7|
|platform:  cpu|
|write_logs_to_file:  False|
|save_model:  False|
|env_name:  bandit|
|num_envs:  8|
|num_train_levels:  200|
|distribution_mode:  easy|
|arm_means:  (1.0, 0.9)|
|deterministic_rewards:  True|
|eval_env:  True|
|num_eval_episodes:  200|
|eval_every:  1|
|deterministic_eval:  False|
|normalize_observations:  True|
|total_timesteps:  60000|
|learning_rate:  0.01|
|unroll_length:  250|
|anneal_lr:  False|
|gamma:  0.99|
|gae_lambda:  0.95|
|batch_size:  1|
|num_minibatches:  8|
|update_epochs:  10|
|normalize_advantages:  True|
|target_kl:  0.01|
|cg_damping:  0.1|
|cg_max_iterations:  10|
|line_search_max_iter:  10|
|line_search_shrinking_factor:  0.8|
|vf_cost:  1.0|
|max_grad_norm:  0.5|
|reward_scaling:  1.0|
|use_cnn:  False|
|policy_hidden_layer_sizes:  ()|
|value_hidden_layer_sizes:  ()|
|activation:  <jax._src.custom_derivatives.custom_jvp object at 0x10cb19f10>|
|policy_init_logit_bias:  [0.0, 4.0]|
|entropy_cost:  0.0|
{'training/total_steps': 2000, 'training/updates': 1, 'training/sps': np.float64(1389.174), 'training/walltime': np.float64(1.44), 'training/rollout_time': np.float64(0.121), 'training/update_time': np.float64(1.319), 'training/iterations': 1.0, 'training/kl_div': 0.008209974505007267, 'training/line_search_success': 1.0, 'training/new_policy_objective': 1.2167024612426758, 'training/policy_objective': 0.8928965926170349, 'training/value_loss': 0.010610747151076794}
{'eval/num_episodes': 200, 'eval/num_steps': 200, 'eval/mean_score': np.float64(0.937), 'eval/std_score': np.float64(0.048), 'eval/mean_episode_length': np.float64(1.0), 'eval/std_episode_length': np.float64(0.0), 'eval/eval_time': 0.07372713088989258}
{'training/total_steps': 4000, 'training/updates': 2, 'training/sps': np.float64(18993.576), 'training/walltime': np.float64(1.638), 'training/rollout_time': np.float64(0.102), 'training/update_time': np.float64(0.003), 'training/iterations': 1.0, 'training/kl_div': 0.008749917149543762, 'training/line_search_success': 1.0, 'training/new_policy_objective': 0.5927423238754272, 'training/policy_objective': 0.4688030481338501, 'training/value_loss': 0.0012370635522529483}
{'eval/num_episodes': 200, 'eval/num_steps': 200, 'eval/mean_score': np.float64(0.992), 'eval/std_score': np.float64(0.027), 'eval/mean_episode_length': np.float64(1.0), 'eval/std_episode_length': np.float64(0.0), 'eval/eval_time': 0.07366609573364258}
{'training/total_steps': 6000, 'training/updates': 3, 'training/sps': np.float64(19547.85), 'training/walltime': np.float64(1.814), 'training/rollout_time': np.float64(0.099), 'training/update_time': np.float64(0.003), 'training/iterations': 1.0, 'training/kl_div': 0.004530307371169329, 'training/line_search_success': 1.0, 'training/new_policy_objective': 0.3074234127998352, 'training/policy_objective': 0.2572363018989563, 'training/value_loss': 0.0007139708613976836}
{'eval/num_episodes': 200, 'eval/num_steps': 200, 'eval/mean_score': np.float64(1.0), 'eval/std_score': np.float64(0.0), 'eval/mean_episode_length': np.float64(1.0), 'eval/std_episode_length': np.float64(0.0), 'eval/eval_time': 0.0742638111114502}
{'training/total_steps': 8000, 'training/updates': 4, 'training/sps': np.float64(19681.773), 'training/walltime': np.float64(1.991), 'training/rollout_time': np.float64(0.098), 'training/update_time': np.float64(0.003), 'training/iterations': 1.0, 'training/kl_div': 0.004799834452569485, 'training/line_search_success': 1.0, 'training/new_policy_objective': -0.2655022442340851, 'training/policy_objective': -0.3898600935935974, 'training/value_loss': 1.1612143680395093e-05}
{'eval/num_episodes': 200, 'eval/num_steps': 200, 'eval/mean_score': np.float64(0.99), 'eval/std_score': np.float64(0.029), 'eval/mean_episode_length': np.float64(1.0), 'eval/std_episode_length': np.float64(0.0), 'eval/eval_time': 0.07385993003845215}
{'training/total_steps': 10000, 'training/updates': 5, 'training/sps': np.float64(19593.234), 'training/walltime': np.float64(2.167), 'training/rollout_time': np.float64(0.099), 'training/update_time': np.float64(0.003), 'training/iterations': 1.0, 'training/kl_div': 0.0035213869996368885, 'training/line_search_success': 1.0, 'training/new_policy_objective': 0.24646589159965515, 'training/policy_objective': 0.2077046036720276, 'training/value_loss': 0.0003939158341381699}
{'eval/num_episodes': 200, 'eval/num_steps': 200, 'eval/mean_score': np.float64(1.0), 'eval/std_score': np.float64(0.0), 'eval/mean_episode_length': np.float64(1.0), 'eval/std_episode_length': np.float64(0.0), 'eval/eval_time': 0.07452630996704102}
{'training/total_steps': 12000, 'training/updates': 6, 'training/sps': np.float64(19315.461), 'training/walltime': np.float64(2.346), 'training/rollout_time': np.float64(0.1), 'training/update_time': np.float64(0.003), 'training/iterations': 1.0, 'training/kl_div': nan, 'training/line_search_success': 0.125, 'training/new_policy_objective': nan, 'training/policy_objective': 8.344650304081824e-09, 'training/value_loss': 5.293396952765761e-06}
{'eval/num_episodes': 200, 'eval/num_steps': 200, 'eval/mean_score': np.float64(1.0), 'eval/std_score': np.float64(0.0), 'eval/mean_episode_length': np.float64(1.0), 'eval/std_episode_length': np.float64(0.0), 'eval/eval_time': 0.07531070709228516}
{'training/total_steps': 14000, 'training/updates': 7, 'training/sps': np.float64(19066.925), 'training/walltime': np.float64(2.526), 'training/rollout_time': np.float64(0.102), 'training/update_time': np.float64(0.003), 'training/iterations': 1.0, 'training/kl_div': 1.4099332474870607e-05, 'training/line_search_success': 1.0, 'training/new_policy_objective': 0.004970348905771971, 'training/policy_objective': 0.0003182764630764723, 'training/value_loss': 2.5007004751387285e-06}
{'eval/num_episodes': 200, 'eval/num_steps': 200, 'eval/mean_score': np.float64(1.0), 'eval/std_score': np.float64(0.0), 'eval/mean_episode_length': np.float64(1.0), 'eval/std_episode_length': np.float64(0.0), 'eval/eval_time': 0.07407593727111816}
{'training/total_steps': 16000, 'training/updates': 8, 'training/sps': np.float64(19651.757), 'training/walltime': np.float64(2.703), 'training/rollout_time': np.float64(0.098), 'training/update_time': np.float64(0.003), 'training/iterations': 1.0, 'training/kl_div': 1.0552917046879884e-05, 'training/line_search_success': 1.0, 'training/new_policy_objective': -0.0007270329515449703, 'training/policy_objective': -0.0007270530331879854, 'training/value_loss': 3.0559851871281296e-10}
{'eval/num_episodes': 200, 'eval/num_steps': 200, 'eval/mean_score': np.float64(1.0), 'eval/std_score': np.float64(0.0), 'eval/mean_episode_length': np.float64(1.0), 'eval/std_episode_length': np.float64(0.0), 'eval/eval_time': 0.07464313507080078}
{'training/total_steps': 18000, 'training/updates': 9, 'training/sps': np.float64(14515.674), 'training/walltime': np.float64(2.916), 'training/rollout_time': np.float64(0.134), 'training/update_time': np.float64(0.003), 'training/iterations': 1.0, 'training/kl_div': 0.0031160174403339624, 'training/line_search_success': 1.0, 'training/new_policy_objective': -5.540528036362957e-06, 'training/policy_objective': -5.603765202977229e-06, 'training/value_loss': 8.748557434046234e-14}
{'eval/num_episodes': 200, 'eval/num_steps': 200, 'eval/mean_score': np.float64(0.989), 'eval/std_score': np.float64(0.031), 'eval/mean_episode_length': np.float64(1.0), 'eval/std_episode_length': np.float64(0.0), 'eval/eval_time': 0.07479190826416016}
{'training/total_steps': 20000, 'training/updates': 10, 'training/sps': np.float64(19715.449), 'training/walltime': np.float64(3.093), 'training/rollout_time': np.float64(0.098), 'training/update_time': np.float64(0.003), 'training/iterations': 1.0, 'training/kl_div': 0.003277737880125642, 'training/line_search_success': 1.0, 'training/new_policy_objective': 0.25021135807037354, 'training/policy_objective': 0.21091227233409882, 'training/value_loss': 0.00040612832526676357}
{'eval/num_episodes': 200, 'eval/num_steps': 200, 'eval/mean_score': np.float64(0.999), 'eval/std_score': np.float64(0.007), 'eval/mean_episode_length': np.float64(1.0), 'eval/std_episode_length': np.float64(0.0), 'eval/eval_time': 0.07617807388305664}
{'training/total_steps': 22000, 'training/updates': 11, 'training/sps': np.float64(18801.793), 'training/walltime': np.float64(3.276), 'training/rollout_time': np.float64(0.103), 'training/update_time': np.float64(0.004), 'training/iterations': 1.0, 'training/kl_div': 0.0018940235022455454, 'training/line_search_success': 1.0, 'training/new_policy_objective': -0.06891118735074997, 'training/policy_objective': -0.07406094670295715, 'training/value_loss': 5.129073542775586e-06}
{'eval/num_episodes': 200, 'eval/num_steps': 200, 'eval/mean_score': np.float64(0.995), 'eval/std_score': np.float64(0.021), 'eval/mean_episode_length': np.float64(1.0), 'eval/std_episode_length': np.float64(0.0), 'eval/eval_time': 0.07900404930114746}
{'training/total_steps': 24000, 'training/updates': 12, 'training/sps': np.float64(19459.967), 'training/walltime': np.float64(3.458), 'training/rollout_time': np.float64(0.099), 'training/update_time': np.float64(0.003), 'training/iterations': 1.0, 'training/kl_div': 0.002068819012492895, 'training/line_search_success': 1.0, 'training/new_policy_objective': 0.17702241241931915, 'training/policy_objective': 0.14920370280742645, 'training/value_loss': 0.0002087842731270939}
{'eval/num_episodes': 200, 'eval/num_steps': 200, 'eval/mean_score': np.float64(1.0), 'eval/std_score': np.float64(0.0), 'eval/mean_episode_length': np.float64(1.0), 'eval/std_episode_length': np.float64(0.0), 'eval/eval_time': 0.0726308822631836}
{'training/total_steps': 26000, 'training/updates': 13, 'training/sps': np.float64(14082.123), 'training/walltime': np.float64(3.673), 'training/rollout_time': np.float64(0.139), 'training/update_time': np.float64(0.003), 'training/iterations': 1.0, 'training/kl_div': nan, 'training/line_search_success': 0.0, 'training/new_policy_objective': nan, 'training/policy_objective': 0.0, 'training/value_loss': 7.801137940077751e-07}
{'eval/num_episodes': 200, 'eval/num_steps': 200, 'eval/mean_score': np.float64(1.0), 'eval/std_score': np.float64(0.0), 'eval/mean_episode_length': np.float64(1.0), 'eval/std_episode_length': np.float64(0.0), 'eval/eval_time': 0.07808804512023926}
{'training/total_steps': 28000, 'training/updates': 14, 'training/sps': np.float64(19255.384), 'training/walltime': np.float64(3.856), 'training/rollout_time': np.float64(0.101), 'training/update_time': np.float64(0.003), 'training/iterations': 1.0, 'training/kl_div': 7.161237590480596e-06, 'training/line_search_success': 1.0, 'training/new_policy_objective': 0.00018188447575084865, 'training/policy_objective': 0.00018188194371759892, 'training/value_loss': 1.653351205943565e-10}
{'eval/num_episodes': 200, 'eval/num_steps': 200, 'eval/mean_score': np.float64(1.0), 'eval/std_score': np.float64(0.0), 'eval/mean_episode_length': np.float64(1.0), 'eval/std_episode_length': np.float64(0.0), 'eval/eval_time': 0.07359004020690918}
{'training/total_steps': 30000, 'training/updates': 15, 'training/sps': np.float64(19785.013), 'training/walltime': np.float64(4.031), 'training/rollout_time': np.float64(0.098), 'training/update_time': np.float64(0.003), 'training/iterations': 1.0, 'training/kl_div': nan, 'training/line_search_success': 0.0, 'training/new_policy_objective': nan, 'training/policy_objective': 0.0, 'training/value_loss': 3.954614549240079e-14}
{'eval/num_episodes': 200, 'eval/num_steps': 200, 'eval/mean_score': np.float64(1.0), 'eval/std_score': np.float64(0.0), 'eval/mean_episode_length': np.float64(1.0), 'eval/std_episode_length': np.float64(0.0), 'eval/eval_time': 0.07402420043945312}
{'training/total_steps': 32000, 'training/updates': 16, 'training/sps': np.float64(19565.084), 'training/walltime': np.float64(4.208), 'training/rollout_time': np.float64(0.099), 'training/update_time': np.float64(0.003), 'training/iterations': 1.0, 'training/kl_div': nan, 'training/line_search_success': 0.0, 'training/new_policy_objective': nan, 'training/policy_objective': 0.0, 'training/value_loss': 0.0}
{'eval/num_episodes': 200, 'eval/num_steps': 200, 'eval/mean_score': np.float64(1.0), 'eval/std_score': np.float64(0.0), 'eval/mean_episode_length': np.float64(1.0), 'eval/std_episode_length': np.float64(0.0), 'eval/eval_time': 0.07430791854858398}
{'training/total_steps': 34000, 'training/updates': 17, 'training/sps': np.float64(19801.966), 'training/walltime': np.float64(4.383), 'training/rollout_time': np.float64(0.098), 'training/update_time': np.float64(0.003), 'training/iterations': 1.0, 'training/kl_div': nan, 'training/line_search_success': 0.0, 'training/new_policy_objective': nan, 'training/policy_objective': 0.0, 'training/value_loss': 0.0}
{'eval/num_episodes': 200, 'eval/num_steps': 200, 'eval/mean_score': np.float64(1.0), 'eval/std_score': np.float64(0.0), 'eval/mean_episode_length': np.float64(1.0), 'eval/std_episode_length': np.float64(0.0), 'eval/eval_time': 0.07522392272949219}
{'training/total_steps': 36000, 'training/updates': 18, 'training/sps': np.float64(19453.198), 'training/walltime': np.float64(4.562), 'training/rollout_time': np.float64(0.1), 'training/update_time': np.float64(0.003), 'training/iterations': 1.0, 'training/kl_div': nan, 'training/line_search_success': 0.0, 'training/new_policy_objective': nan, 'training/policy_objective': 0.0, 'training/value_loss': 0.0}
{'eval/num_episodes': 200, 'eval/num_steps': 200, 'eval/mean_score': np.float64(1.0), 'eval/std_score': np.float64(0.0), 'eval/mean_episode_length': np.float64(1.0), 'eval/std_episode_length': np.float64(0.0), 'eval/eval_time': 0.07373285293579102}
{'training/total_steps': 38000, 'training/updates': 19, 'training/sps': np.float64(19274.497), 'training/walltime': np.float64(4.74), 'training/rollout_time': np.float64(0.101), 'training/update_time': np.float64(0.003), 'training/iterations': 1.0, 'training/kl_div': nan, 'training/line_search_success': 0.0, 'training/new_policy_objective': nan, 'training/policy_objective': 0.0, 'training/value_loss': 0.0}
{'eval/num_episodes': 200, 'eval/num_steps': 200, 'eval/mean_score': np.float64(1.0), 'eval/std_score': np.float64(0.0), 'eval/mean_episode_length': np.float64(1.0), 'eval/std_episode_length': np.float64(0.0), 'eval/eval_time': 0.07381606101989746}
{'training/total_steps': 40000, 'training/updates': 20, 'training/sps': np.float64(19462.992), 'training/walltime': np.float64(4.917), 'training/rollout_time': np.float64(0.099), 'training/update_time': np.float64(0.003), 'training/iterations': 1.0, 'training/kl_div': nan, 'training/line_search_success': 0.0, 'training/new_policy_objective': nan, 'training/policy_objective': 0.0, 'training/value_loss': 0.0}
{'eval/num_episodes': 200, 'eval/num_steps': 200, 'eval/mean_score': np.float64(1.0), 'eval/std_score': np.float64(0.0), 'eval/mean_episode_length': np.float64(1.0), 'eval/std_episode_length': np.float64(0.0), 'eval/eval_time': 0.0753321647644043}
{'training/total_steps': 42000, 'training/updates': 21, 'training/sps': np.float64(19333.936), 'training/walltime': np.float64(5.096), 'training/rollout_time': np.float64(0.1), 'training/update_time': np.float64(0.003), 'training/iterations': 1.0, 'training/kl_div': nan, 'training/line_search_success': 0.0, 'training/new_policy_objective': nan, 'training/policy_objective': 0.0, 'training/value_loss': 0.0}
{'eval/num_episodes': 200, 'eval/num_steps': 200, 'eval/mean_score': np.float64(1.0), 'eval/std_score': np.float64(0.0), 'eval/mean_episode_length': np.float64(1.0), 'eval/std_episode_length': np.float64(0.0), 'eval/eval_time': 0.0745391845703125}
{'training/total_steps': 44000, 'training/updates': 22, 'training/sps': np.float64(19366.922), 'training/walltime': np.float64(5.275), 'training/rollout_time': np.float64(0.1), 'training/update_time': np.float64(0.003), 'training/iterations': 1.0, 'training/kl_div': nan, 'training/line_search_success': 0.0, 'training/new_policy_objective': nan, 'training/policy_objective': 0.0, 'training/value_loss': 0.0}
{'eval/num_episodes': 200, 'eval/num_steps': 200, 'eval/mean_score': np.float64(1.0), 'eval/std_score': np.float64(0.0), 'eval/mean_episode_length': np.float64(1.0), 'eval/std_episode_length': np.float64(0.0), 'eval/eval_time': 0.0726768970489502}
{'training/total_steps': 46000, 'training/updates': 23, 'training/sps': np.float64(19620.18), 'training/walltime': np.float64(5.45), 'training/rollout_time': np.float64(0.099), 'training/update_time': np.float64(0.003), 'training/iterations': 1.0, 'training/kl_div': nan, 'training/line_search_success': 0.0, 'training/new_policy_objective': nan, 'training/policy_objective': 0.0, 'training/value_loss': 0.0}
{'eval/num_episodes': 200, 'eval/num_steps': 200, 'eval/mean_score': np.float64(1.0), 'eval/std_score': np.float64(0.0), 'eval/mean_episode_length': np.float64(1.0), 'eval/std_episode_length': np.float64(0.0), 'eval/eval_time': 0.07430195808410645}
{'training/total_steps': 48000, 'training/updates': 24, 'training/sps': np.float64(19322.001), 'training/walltime': np.float64(5.628), 'training/rollout_time': np.float64(0.1), 'training/update_time': np.float64(0.003), 'training/iterations': 1.0, 'training/kl_div': nan, 'training/line_search_success': 0.0, 'training/new_policy_objective': nan, 'training/policy_objective': 0.0, 'training/value_loss': 0.0}
{'eval/num_episodes': 200, 'eval/num_steps': 200, 'eval/mean_score': np.float64(1.0), 'eval/std_score': np.float64(0.0), 'eval/mean_episode_length': np.float64(1.0), 'eval/std_episode_length': np.float64(0.0), 'eval/eval_time': 0.07498002052307129}
{'training/total_steps': 50000, 'training/updates': 25, 'training/sps': np.float64(18998.437), 'training/walltime': np.float64(5.809), 'training/rollout_time': np.float64(0.102), 'training/update_time': np.float64(0.003), 'training/iterations': 1.0, 'training/kl_div': nan, 'training/line_search_success': 0.0, 'training/new_policy_objective': nan, 'training/policy_objective': 0.0, 'training/value_loss': 0.0}
{'eval/num_episodes': 200, 'eval/num_steps': 200, 'eval/mean_score': np.float64(1.0), 'eval/std_score': np.float64(0.0), 'eval/mean_episode_length': np.float64(1.0), 'eval/std_episode_length': np.float64(0.0), 'eval/eval_time': 0.07421684265136719}
{'training/total_steps': 52000, 'training/updates': 26, 'training/sps': np.float64(19042.773), 'training/walltime': np.float64(5.989), 'training/rollout_time': np.float64(0.102), 'training/update_time': np.float64(0.003), 'training/iterations': 1.0, 'training/kl_div': nan, 'training/line_search_success': 0.0, 'training/new_policy_objective': nan, 'training/policy_objective': 0.0, 'training/value_loss': 0.0}
{'eval/num_episodes': 200, 'eval/num_steps': 200, 'eval/mean_score': np.float64(1.0), 'eval/std_score': np.float64(0.0), 'eval/mean_episode_length': np.float64(1.0), 'eval/std_episode_length': np.float64(0.0), 'eval/eval_time': 0.07632780075073242}
{'training/total_steps': 54000, 'training/updates': 27, 'training/sps': np.float64(19194.977), 'training/walltime': np.float64(6.17), 'training/rollout_time': np.float64(0.101), 'training/update_time': np.float64(0.003), 'training/iterations': 1.0, 'training/kl_div': nan, 'training/line_search_success': 0.0, 'training/new_policy_objective': nan, 'training/policy_objective': 0.0, 'training/value_loss': 0.0}
{'eval/num_episodes': 200, 'eval/num_steps': 200, 'eval/mean_score': np.float64(1.0), 'eval/std_score': np.float64(0.0), 'eval/mean_episode_length': np.float64(1.0), 'eval/std_episode_length': np.float64(0.0), 'eval/eval_time': 0.07604503631591797}
{'training/total_steps': 56000, 'training/updates': 28, 'training/sps': np.float64(19382.495), 'training/walltime': np.float64(6.349), 'training/rollout_time': np.float64(0.1), 'training/update_time': np.float64(0.003), 'training/iterations': 1.0, 'training/kl_div': nan, 'training/line_search_success': 0.0, 'training/new_policy_objective': nan, 'training/policy_objective': 0.0, 'training/value_loss': 0.0}
{'eval/num_episodes': 200, 'eval/num_steps': 200, 'eval/mean_score': np.float64(1.0), 'eval/std_score': np.float64(0.0), 'eval/mean_episode_length': np.float64(1.0), 'eval/std_episode_length': np.float64(0.0), 'eval/eval_time': 0.07595300674438477}
{'training/total_steps': 58000, 'training/updates': 29, 'training/sps': np.float64(18642.635), 'training/walltime': np.float64(6.533), 'training/rollout_time': np.float64(0.104), 'training/update_time': np.float64(0.003), 'training/iterations': 1.0, 'training/kl_div': nan, 'training/line_search_success': 0.0, 'training/new_policy_objective': nan, 'training/policy_objective': 0.0, 'training/value_loss': 0.0}
{'eval/num_episodes': 200, 'eval/num_steps': 200, 'eval/mean_score': np.float64(1.0), 'eval/std_score': np.float64(0.0), 'eval/mean_episode_length': np.float64(1.0), 'eval/std_episode_length': np.float64(0.0), 'eval/eval_time': 0.07731199264526367}
{'training/total_steps': 60000, 'training/updates': 30, 'training/sps': np.float64(18921.089), 'training/walltime': np.float64(6.717), 'training/rollout_time': np.float64(0.102), 'training/update_time': np.float64(0.003), 'training/iterations': 1.0, 'training/kl_div': nan, 'training/line_search_success': 0.0, 'training/new_policy_objective': nan, 'training/policy_objective': 0.0, 'training/value_loss': 0.0}
{'eval/num_episodes': 200, 'eval/num_steps': 200, 'eval/mean_score': np.float64(1.0), 'eval/std_score': np.float64(0.0), 'eval/mean_episode_length': np.float64(1.0), 'eval/std_episode_length': np.float64(0.0), 'eval/eval_time': 0.07349586486816406}
TRAINING END: training duration: 6.790808200836182
{'final_eval/num_episodes': 200, 'final_eval/num_steps': 200, 'final_eval/mean_score': np.float64(1.0), 'final_eval/std_score': np.float64(0.0), 'final_eval/mean_episode_length': np.float64(1.0), 'final_eval/std_episode_length': np.float64(0.0)}
