|param: value|
|experiment_name:  cleanba_ppo|
|seed:  2|
|platform:  cpu|
|write_logs_to_file:  False|
|save_model:  False|
|env_name:  bandit|
|num_envs:  8|
|num_train_levels:  200|
|distribution_mode:  easy|
|arm_means:  (1.0, 0.9)|
|deterministic_rewards:  True|
|eval_env:  True|
|num_eval_episodes:  200|
|eval_every:  1|
|deterministic_eval:  False|
|total_timesteps:  60000|
|learning_rate:  0.00025|
|adam_eps:  1e-05|
|unroll_length:  250|
|anneal_lr:  False|
|gamma:  0.99|
|gae_lambda:  0.95|
|num_minibatches:  4|
|update_epochs:  4|
|normalize_advantages:  True|
|clip_eps:  0.1|
|clip_vloss:  True|
|entropy_cost:  0.0|
|vf_cost:  0.5|
|max_grad_norm:  0.5|
|use_cnn:  False|
|policy_hidden_layer_sizes:  ()|
|value_hidden_layer_sizes:  ()|
|activation:  <jax._src.custom_derivatives.custom_jvp object at 0x10f95cad0>|
|policy_init_logit_bias:  [0.0, 0.0]|
{'training/total_steps': 2000, 'training/updates': 1, 'training/sps': np.float64(2243.541), 'training/walltime': np.float64(0.891), 'training/rollout_time': np.float64(0.42), 'training/update_time': np.float64(0.472), 'training/approx_kl': 2.2934287699172273e-05, 'training/entropy': 0.6931242942810059, 'training/policy_loss': -0.006731346715241671, 'training/total_loss': 1.5532243251800537, 'training/value_loss': 3.1199111938476562}
{'eval/num_episodes': 200, 'eval/num_steps': 200, 'eval/mean_score': np.float64(0.954), 'eval/std_score': np.float64(0.05), 'eval/mean_episode_length': np.float64(1.0), 'eval/std_episode_length': np.float64(0.0), 'eval/eval_time': 0.0735161304473877}
{'training/total_steps': 4000, 'training/updates': 2, 'training/sps': np.float64(13835.761), 'training/walltime': np.float64(1.11), 'training/rollout_time': np.float64(0.136), 'training/update_time': np.float64(0.008), 'training/approx_kl': 2.298635445185937e-05, 'training/entropy': 0.693038284778595, 'training/policy_loss': -0.006758945994079113, 'training/total_loss': 1.5432873964309692, 'training/value_loss': 3.100092887878418}
{'eval/num_episodes': 200, 'eval/num_steps': 200, 'eval/mean_score': np.float64(0.948), 'eval/std_score': np.float64(0.05), 'eval/mean_episode_length': np.float64(1.0), 'eval/std_episode_length': np.float64(0.0), 'eval/eval_time': 0.09341216087341309}
{'training/total_steps': 6000, 'training/updates': 3, 'training/sps': np.float64(13763.278), 'training/walltime': np.float64(1.349), 'training/rollout_time': np.float64(0.137), 'training/update_time': np.float64(0.008), 'training/approx_kl': 2.3014546968624927e-05, 'training/entropy': 0.6928881406784058, 'training/policy_loss': -0.006735010072588921, 'training/total_loss': 1.5348639488220215, 'training/value_loss': 3.083197832107544}
{'eval/num_episodes': 200, 'eval/num_steps': 200, 'eval/mean_score': np.float64(0.945), 'eval/std_score': np.float64(0.05), 'eval/mean_episode_length': np.float64(1.0), 'eval/std_episode_length': np.float64(0.0), 'eval/eval_time': 0.07459902763366699}
{'training/total_steps': 8000, 'training/updates': 4, 'training/sps': np.float64(13501.029), 'training/walltime': np.float64(1.572), 'training/rollout_time': np.float64(0.14), 'training/update_time': np.float64(0.008), 'training/approx_kl': 2.3015350961941294e-05, 'training/entropy': 0.6926735043525696, 'training/policy_loss': -0.00674424646422267, 'training/total_loss': 1.5264301300048828, 'training/value_loss': 3.0663485527038574}
{'eval/num_episodes': 200, 'eval/num_steps': 200, 'eval/mean_score': np.float64(0.948), 'eval/std_score': np.float64(0.05), 'eval/mean_episode_length': np.float64(1.0), 'eval/std_episode_length': np.float64(0.0), 'eval/eval_time': 0.07399702072143555}
{'training/total_steps': 10000, 'training/updates': 5, 'training/sps': np.float64(13324.536), 'training/walltime': np.float64(1.796), 'training/rollout_time': np.float64(0.142), 'training/update_time': np.float64(0.008), 'training/approx_kl': 2.315592792001553e-05, 'training/entropy': 0.6923946142196655, 'training/policy_loss': -0.006754709407687187, 'training/total_loss': 1.5139535665512085, 'training/value_loss': 3.041416645050049}
{'eval/num_episodes': 200, 'eval/num_steps': 200, 'eval/mean_score': np.float64(0.956), 'eval/std_score': np.float64(0.05), 'eval/mean_episode_length': np.float64(1.0), 'eval/std_episode_length': np.float64(0.0), 'eval/eval_time': 0.07405328750610352}
{'training/total_steps': 12000, 'training/updates': 6, 'training/sps': np.float64(13477.191), 'training/walltime': np.float64(2.019), 'training/rollout_time': np.float64(0.14), 'training/update_time': np.float64(0.008), 'training/approx_kl': 2.3122311176848598e-05, 'training/entropy': 0.6920512914657593, 'training/policy_loss': -0.006758477538824081, 'training/total_loss': 1.5070680379867554, 'training/value_loss': 3.0276529788970947}
{'eval/num_episodes': 200, 'eval/num_steps': 200, 'eval/mean_score': np.float64(0.948), 'eval/std_score': np.float64(0.05), 'eval/mean_episode_length': np.float64(1.0), 'eval/std_episode_length': np.float64(0.0), 'eval/eval_time': 0.07649588584899902}
{'training/total_steps': 14000, 'training/updates': 7, 'training/sps': np.float64(13742.399), 'training/walltime': np.float64(2.242), 'training/rollout_time': np.float64(0.137), 'training/update_time': np.float64(0.008), 'training/approx_kl': 2.3206264813779853e-05, 'training/entropy': 0.6916430592536926, 'training/policy_loss': -0.00675343768671155, 'training/total_loss': 1.4965310096740723, 'training/value_loss': 3.0065689086914062}
{'eval/num_episodes': 200, 'eval/num_steps': 200, 'eval/mean_score': np.float64(0.948), 'eval/std_score': np.float64(0.05), 'eval/mean_episode_length': np.float64(1.0), 'eval/std_episode_length': np.float64(0.0), 'eval/eval_time': 0.0799870491027832}
{'training/total_steps': 16000, 'training/updates': 8, 'training/sps': np.float64(13338.477), 'training/walltime': np.float64(2.472), 'training/rollout_time': np.float64(0.142), 'training/update_time': np.float64(0.008), 'training/approx_kl': 2.2997232008492574e-05, 'training/entropy': 0.6911711692810059, 'training/policy_loss': -0.006759661249816418, 'training/total_loss': 1.4906585216522217, 'training/value_loss': 2.9948363304138184}
{'eval/num_episodes': 200, 'eval/num_steps': 200, 'eval/mean_score': np.float64(0.949), 'eval/std_score': np.float64(0.05), 'eval/mean_episode_length': np.float64(1.0), 'eval/std_episode_length': np.float64(0.0), 'eval/eval_time': 0.07352709770202637}
{'training/total_steps': 18000, 'training/updates': 9, 'training/sps': np.float64(13583.36), 'training/walltime': np.float64(2.693), 'training/rollout_time': np.float64(0.139), 'training/update_time': np.float64(0.008), 'training/approx_kl': 2.3067148504196666e-05, 'training/entropy': 0.6906350255012512, 'training/policy_loss': -0.006767565384507179, 'training/total_loss': 1.4802274703979492, 'training/value_loss': 2.973989963531494}
{'eval/num_episodes': 200, 'eval/num_steps': 200, 'eval/mean_score': np.float64(0.955), 'eval/std_score': np.float64(0.05), 'eval/mean_episode_length': np.float64(1.0), 'eval/std_episode_length': np.float64(0.0), 'eval/eval_time': 0.07303500175476074}
{'training/total_steps': 20000, 'training/updates': 10, 'training/sps': np.float64(13355.955), 'training/walltime': np.float64(2.916), 'training/rollout_time': np.float64(0.142), 'training/update_time': np.float64(0.008), 'training/approx_kl': 2.3358705220744014e-05, 'training/entropy': 0.6900333762168884, 'training/policy_loss': -0.006790783256292343, 'training/total_loss': 1.4674007892608643, 'training/value_loss': 2.94838285446167}
{'eval/num_episodes': 200, 'eval/num_steps': 200, 'eval/mean_score': np.float64(0.952), 'eval/std_score': np.float64(0.05), 'eval/mean_episode_length': np.float64(1.0), 'eval/std_episode_length': np.float64(0.0), 'eval/eval_time': 0.0739591121673584}
{'training/total_steps': 22000, 'training/updates': 11, 'training/sps': np.float64(13701.234), 'training/walltime': np.float64(3.136), 'training/rollout_time': np.float64(0.138), 'training/update_time': np.float64(0.008), 'training/approx_kl': 2.326843241462484e-05, 'training/entropy': 0.6893665194511414, 'training/policy_loss': -0.0067994967103004456, 'training/total_loss': 1.4602084159851074, 'training/value_loss': 2.934016227722168}
{'eval/num_episodes': 200, 'eval/num_steps': 200, 'eval/mean_score': np.float64(0.952), 'eval/std_score': np.float64(0.05), 'eval/mean_episode_length': np.float64(1.0), 'eval/std_episode_length': np.float64(0.0), 'eval/eval_time': 0.0755462646484375}
{'training/total_steps': 24000, 'training/updates': 12, 'training/sps': np.float64(13466.568), 'training/walltime': np.float64(3.361), 'training/rollout_time': np.float64(0.14), 'training/update_time': np.float64(0.008), 'training/approx_kl': 2.3027600036584772e-05, 'training/entropy': 0.6886370182037354, 'training/policy_loss': -0.006762648932635784, 'training/total_loss': 1.4534962177276611, 'training/value_loss': 2.920517683029175}
{'eval/num_episodes': 200, 'eval/num_steps': 200, 'eval/mean_score': np.float64(0.95), 'eval/std_score': np.float64(0.05), 'eval/mean_episode_length': np.float64(1.0), 'eval/std_episode_length': np.float64(0.0), 'eval/eval_time': 0.0745699405670166}
{'training/total_steps': 26000, 'training/updates': 13, 'training/sps': np.float64(13751.208), 'training/walltime': np.float64(3.581), 'training/rollout_time': np.float64(0.137), 'training/update_time': np.float64(0.008), 'training/approx_kl': 2.300557571288664e-05, 'training/entropy': 0.6878443360328674, 'training/policy_loss': -0.006742184050381184, 'training/total_loss': 1.444075345993042, 'training/value_loss': 2.90163516998291}
{'eval/num_episodes': 200, 'eval/num_steps': 200, 'eval/mean_score': np.float64(0.955), 'eval/std_score': np.float64(0.05), 'eval/mean_episode_length': np.float64(1.0), 'eval/std_episode_length': np.float64(0.0), 'eval/eval_time': 0.07547283172607422}
{'training/total_steps': 28000, 'training/updates': 14, 'training/sps': np.float64(13643.119), 'training/walltime': np.float64(3.804), 'training/rollout_time': np.float64(0.139), 'training/update_time': np.float64(0.008), 'training/approx_kl': 2.3128510292735882e-05, 'training/entropy': 0.6869875192642212, 'training/policy_loss': -0.0067687863484025, 'training/total_loss': 1.433504581451416, 'training/value_loss': 2.880547046661377}
{'eval/num_episodes': 200, 'eval/num_steps': 200, 'eval/mean_score': np.float64(0.953), 'eval/std_score': np.float64(0.05), 'eval/mean_episode_length': np.float64(1.0), 'eval/std_episode_length': np.float64(0.0), 'eval/eval_time': 0.07581496238708496}
{'training/total_steps': 30000, 'training/updates': 15, 'training/sps': np.float64(13659.247), 'training/walltime': np.float64(4.026), 'training/rollout_time': np.float64(0.138), 'training/update_time': np.float64(0.008), 'training/approx_kl': 2.3142696591094136e-05, 'training/entropy': 0.6860660314559937, 'training/policy_loss': -0.0067735705524683, 'training/total_loss': 1.4245511293411255, 'training/value_loss': 2.862649440765381}
{'eval/num_episodes': 200, 'eval/num_steps': 200, 'eval/mean_score': np.float64(0.958), 'eval/std_score': np.float64(0.049), 'eval/mean_episode_length': np.float64(1.0), 'eval/std_episode_length': np.float64(0.0), 'eval/eval_time': 0.07459497451782227}
{'training/total_steps': 32000, 'training/updates': 16, 'training/sps': np.float64(13467.303), 'training/walltime': np.float64(4.25), 'training/rollout_time': np.float64(0.14), 'training/update_time': np.float64(0.008), 'training/approx_kl': 2.331698124180548e-05, 'training/entropy': 0.6850801706314087, 'training/policy_loss': -0.0068031493574380875, 'training/total_loss': 1.414180040359497, 'training/value_loss': 2.841966152191162}
{'eval/num_episodes': 200, 'eval/num_steps': 200, 'eval/mean_score': np.float64(0.95), 'eval/std_score': np.float64(0.05), 'eval/mean_episode_length': np.float64(1.0), 'eval/std_episode_length': np.float64(0.0), 'eval/eval_time': 0.07260394096374512}
{'training/total_steps': 34000, 'training/updates': 17, 'training/sps': np.float64(13732.321), 'training/walltime': np.float64(4.468), 'training/rollout_time': np.float64(0.138), 'training/update_time': np.float64(0.008), 'training/approx_kl': 2.315169695066288e-05, 'training/entropy': 0.6840310096740723, 'training/policy_loss': -0.006780978292226791, 'training/total_loss': 1.406625509262085, 'training/value_loss': 2.826812744140625}
{'eval/num_episodes': 200, 'eval/num_steps': 200, 'eval/mean_score': np.float64(0.962), 'eval/std_score': np.float64(0.049), 'eval/mean_episode_length': np.float64(1.0), 'eval/std_episode_length': np.float64(0.0), 'eval/eval_time': 0.07428812980651855}
{'training/total_steps': 36000, 'training/updates': 18, 'training/sps': np.float64(13641.366), 'training/walltime': np.float64(4.69), 'training/rollout_time': np.float64(0.139), 'training/update_time': np.float64(0.008), 'training/approx_kl': 2.3140670236898586e-05, 'training/entropy': 0.6829193830490112, 'training/policy_loss': -0.00675921980291605, 'training/total_loss': 1.3970228433609009, 'training/value_loss': 2.8075642585754395}
{'eval/num_episodes': 200, 'eval/num_steps': 200, 'eval/mean_score': np.float64(0.956), 'eval/std_score': np.float64(0.05), 'eval/mean_episode_length': np.float64(1.0), 'eval/std_episode_length': np.float64(0.0), 'eval/eval_time': 0.07453060150146484}
{'training/total_steps': 38000, 'training/updates': 19, 'training/sps': np.float64(13738.911), 'training/walltime': np.float64(4.91), 'training/rollout_time': np.float64(0.138), 'training/update_time': np.float64(0.008), 'training/approx_kl': 2.314040102646686e-05, 'training/entropy': 0.6817452311515808, 'training/policy_loss': -0.006776414345949888, 'training/total_loss': 1.3882416486740112, 'training/value_loss': 2.790036201477051}
{'eval/num_episodes': 200, 'eval/num_steps': 200, 'eval/mean_score': np.float64(0.958), 'eval/std_score': np.float64(0.049), 'eval/mean_episode_length': np.float64(1.0), 'eval/std_episode_length': np.float64(0.0), 'eval/eval_time': 0.07360506057739258}
{'training/total_steps': 40000, 'training/updates': 20, 'training/sps': np.float64(13726.456), 'training/walltime': np.float64(5.13), 'training/rollout_time': np.float64(0.138), 'training/update_time': np.float64(0.008), 'training/approx_kl': 2.3081243853084743e-05, 'training/entropy': 0.6805094480514526, 'training/policy_loss': -0.006758307106792927, 'training/total_loss': 1.3796403408050537, 'training/value_loss': 2.772797107696533}
{'eval/num_episodes': 200, 'eval/num_steps': 200, 'eval/mean_score': np.float64(0.959), 'eval/std_score': np.float64(0.049), 'eval/mean_episode_length': np.float64(1.0), 'eval/std_episode_length': np.float64(0.0), 'eval/eval_time': 0.0739138126373291}
{'training/total_steps': 42000, 'training/updates': 21, 'training/sps': np.float64(13721.831), 'training/walltime': np.float64(5.35), 'training/rollout_time': np.float64(0.138), 'training/update_time': np.float64(0.008), 'training/approx_kl': 2.2736221580998972e-05, 'training/entropy': 0.679214596748352, 'training/policy_loss': -0.006691503804177046, 'training/total_loss': 1.3724544048309326, 'training/value_loss': 2.758291721343994}
{'eval/num_episodes': 200, 'eval/num_steps': 200, 'eval/mean_score': np.float64(0.955), 'eval/std_score': np.float64(0.05), 'eval/mean_episode_length': np.float64(1.0), 'eval/std_episode_length': np.float64(0.0), 'eval/eval_time': 0.07337498664855957}
{'training/total_steps': 44000, 'training/updates': 22, 'training/sps': np.float64(13709.788), 'training/walltime': np.float64(5.569), 'training/rollout_time': np.float64(0.138), 'training/update_time': np.float64(0.008), 'training/approx_kl': 2.304920599272009e-05, 'training/entropy': 0.6778581142425537, 'training/policy_loss': -0.006756763905286789, 'training/total_loss': 1.361135482788086, 'training/value_loss': 2.7357845306396484}
{'eval/num_episodes': 200, 'eval/num_steps': 200, 'eval/mean_score': np.float64(0.955), 'eval/std_score': np.float64(0.05), 'eval/mean_episode_length': np.float64(1.0), 'eval/std_episode_length': np.float64(0.0), 'eval/eval_time': 0.07351398468017578}
{'training/total_steps': 46000, 'training/updates': 23, 'training/sps': np.float64(13660.804), 'training/walltime': np.float64(5.79), 'training/rollout_time': np.float64(0.138), 'training/update_time': np.float64(0.008), 'training/approx_kl': 2.3072243493515998e-05, 'training/entropy': 0.6764376163482666, 'training/policy_loss': -0.006744014099240303, 'training/total_loss': 1.3525041341781616, 'training/value_loss': 2.718496322631836}
{'eval/num_episodes': 200, 'eval/num_steps': 200, 'eval/mean_score': np.float64(0.953), 'eval/std_score': np.float64(0.05), 'eval/mean_episode_length': np.float64(1.0), 'eval/std_episode_length': np.float64(0.0), 'eval/eval_time': 0.07432413101196289}
{'training/total_steps': 48000, 'training/updates': 24, 'training/sps': np.float64(10792.899), 'training/walltime': np.float64(6.05), 'training/rollout_time': np.float64(0.177), 'training/update_time': np.float64(0.008), 'training/approx_kl': 2.3162723664427176e-05, 'training/entropy': 0.6749561429023743, 'training/policy_loss': -0.006760616786777973, 'training/total_loss': 1.3430640697479248, 'training/value_loss': 2.6996493339538574}
{'eval/num_episodes': 200, 'eval/num_steps': 200, 'eval/mean_score': np.float64(0.955), 'eval/std_score': np.float64(0.05), 'eval/mean_episode_length': np.float64(1.0), 'eval/std_episode_length': np.float64(0.0), 'eval/eval_time': 0.07777810096740723}
{'training/total_steps': 50000, 'training/updates': 25, 'training/sps': np.float64(13694.39), 'training/walltime': np.float64(6.274), 'training/rollout_time': np.float64(0.138), 'training/update_time': np.float64(0.008), 'training/approx_kl': 2.3143113139667548e-05, 'training/entropy': 0.6734136343002319, 'training/policy_loss': -0.006758933886885643, 'training/total_loss': 1.3345434665679932, 'training/value_loss': 2.6826047897338867}
{'eval/num_episodes': 200, 'eval/num_steps': 200, 'eval/mean_score': np.float64(0.96), 'eval/std_score': np.float64(0.049), 'eval/mean_episode_length': np.float64(1.0), 'eval/std_episode_length': np.float64(0.0), 'eval/eval_time': 0.07516121864318848}
{'training/total_steps': 52000, 'training/updates': 26, 'training/sps': np.float64(13620.546), 'training/walltime': np.float64(6.496), 'training/rollout_time': np.float64(0.139), 'training/update_time': np.float64(0.008), 'training/approx_kl': 2.282172499690205e-05, 'training/entropy': 0.6718137264251709, 'training/policy_loss': -0.00672370009124279, 'training/total_loss': 1.3267701864242554, 'training/value_loss': 2.666987895965576}
{'eval/num_episodes': 200, 'eval/num_steps': 200, 'eval/mean_score': np.float64(0.955), 'eval/std_score': np.float64(0.05), 'eval/mean_episode_length': np.float64(1.0), 'eval/std_episode_length': np.float64(0.0), 'eval/eval_time': 0.07378888130187988}
{'training/total_steps': 54000, 'training/updates': 27, 'training/sps': np.float64(13661.561), 'training/walltime': np.float64(6.717), 'training/rollout_time': np.float64(0.138), 'training/update_time': np.float64(0.008), 'training/approx_kl': 2.2176744096213952e-05, 'training/entropy': 0.6701616048812866, 'training/policy_loss': -0.006620458327233791, 'training/total_loss': 1.320278286933899, 'training/value_loss': 2.653797149658203}
{'eval/num_episodes': 200, 'eval/num_steps': 200, 'eval/mean_score': np.float64(0.957), 'eval/std_score': np.float64(0.05), 'eval/mean_episode_length': np.float64(1.0), 'eval/std_episode_length': np.float64(0.0), 'eval/eval_time': 0.11121916770935059}
{'training/total_steps': 56000, 'training/updates': 28, 'training/sps': np.float64(13716.289), 'training/walltime': np.float64(6.974), 'training/rollout_time': np.float64(0.138), 'training/update_time': np.float64(0.008), 'training/approx_kl': 2.273298923682887e-05, 'training/entropy': 0.6684517860412598, 'training/policy_loss': -0.006701260805130005, 'training/total_loss': 1.3083101511001587, 'training/value_loss': 2.6300230026245117}
{'eval/num_episodes': 200, 'eval/num_steps': 200, 'eval/mean_score': np.float64(0.967), 'eval/std_score': np.float64(0.047), 'eval/mean_episode_length': np.float64(1.0), 'eval/std_episode_length': np.float64(0.0), 'eval/eval_time': 0.07453513145446777}
{'training/total_steps': 58000, 'training/updates': 29, 'training/sps': np.float64(13801.207), 'training/walltime': np.float64(7.194), 'training/rollout_time': np.float64(0.137), 'training/update_time': np.float64(0.008), 'training/approx_kl': 2.283075446030125e-05, 'training/entropy': 0.6666761040687561, 'training/policy_loss': -0.0067231315188109875, 'training/total_loss': 1.299595832824707, 'training/value_loss': 2.612637996673584}
{'eval/num_episodes': 200, 'eval/num_steps': 200, 'eval/mean_score': np.float64(0.963), 'eval/std_score': np.float64(0.048), 'eval/mean_episode_length': np.float64(1.0), 'eval/std_episode_length': np.float64(0.0), 'eval/eval_time': 0.07426285743713379}
{'training/total_steps': 60000, 'training/updates': 30, 'training/sps': np.float64(13915.171), 'training/walltime': np.float64(7.412), 'training/rollout_time': np.float64(0.136), 'training/update_time': np.float64(0.008), 'training/approx_kl': 2.2780226572649553e-05, 'training/entropy': 0.6648428440093994, 'training/policy_loss': -0.006719822064042091, 'training/total_loss': 1.291165828704834, 'training/value_loss': 2.595771312713623}
{'eval/num_episodes': 200, 'eval/num_steps': 200, 'eval/mean_score': np.float64(0.958), 'eval/std_score': np.float64(0.049), 'eval/mean_episode_length': np.float64(1.0), 'eval/std_episode_length': np.float64(0.0), 'eval/eval_time': 0.07270073890686035}
TRAINING END: training duration: 7.485466241836548
{'final_eval/num_episodes': 200, 'final_eval/num_steps': 200, 'final_eval/mean_score': np.float64(1.0), 'final_eval/std_score': np.float64(0.0), 'final_eval/mean_episode_length': np.float64(1.0), 'final_eval/std_episode_length': np.float64(0.0)}
