|param: value|
|experiment_name:  cleanba_ppo|
|seed:  5|
|platform:  cpu|
|write_logs_to_file:  False|
|save_model:  False|
|env_name:  bandit|
|num_envs:  8|
|num_train_levels:  200|
|distribution_mode:  easy|
|arm_means:  (1.0, 0.9)|
|deterministic_rewards:  True|
|eval_env:  True|
|num_eval_episodes:  200|
|eval_every:  1|
|deterministic_eval:  False|
|total_timesteps:  60000|
|learning_rate:  0.00025|
|adam_eps:  1e-05|
|unroll_length:  250|
|anneal_lr:  False|
|gamma:  0.99|
|gae_lambda:  0.95|
|num_minibatches:  4|
|update_epochs:  4|
|normalize_advantages:  True|
|clip_eps:  0.1|
|clip_vloss:  True|
|entropy_cost:  0.0|
|vf_cost:  0.5|
|max_grad_norm:  0.5|
|use_cnn:  False|
|policy_hidden_layer_sizes:  ()|
|value_hidden_layer_sizes:  ()|
|activation:  <jax._src.custom_derivatives.custom_jvp object at 0x10787c050>|
|policy_init_logit_bias:  [0.0, 4.0]|
{'training/total_steps': 2000, 'training/updates': 1, 'training/sps': np.float64(2384.307), 'training/walltime': np.float64(0.839), 'training/rollout_time': np.float64(0.392), 'training/update_time': np.float64(0.447), 'training/approx_kl': 1.578495812282199e-06, 'training/entropy': 0.09105139970779419, 'training/policy_loss': -0.001727389171719551, 'training/total_loss': 0.12175488471984863, 'training/value_loss': 0.24696454405784607}
{'eval/num_episodes': 200, 'eval/num_steps': 200, 'eval/mean_score': np.float64(0.903), 'eval/std_score': np.float64(0.017), 'eval/mean_episode_length': np.float64(1.0), 'eval/std_episode_length': np.float64(0.0), 'eval/eval_time': 0.06960010528564453}
{'training/total_steps': 4000, 'training/updates': 2, 'training/sps': np.float64(14818.768), 'training/walltime': np.float64(1.044), 'training/rollout_time': np.float64(0.127), 'training/update_time': np.float64(0.008), 'training/approx_kl': 1.3130168099451112e-06, 'training/entropy': 0.0921739786863327, 'training/policy_loss': -0.001573339570313692, 'training/total_loss': 0.11899389326572418, 'training/value_loss': 0.24113446474075317}
{'eval/num_episodes': 200, 'eval/num_steps': 200, 'eval/mean_score': np.float64(0.902), 'eval/std_score': np.float64(0.014), 'eval/mean_episode_length': np.float64(1.0), 'eval/std_episode_length': np.float64(0.0), 'eval/eval_time': 0.07080602645874023}
{'training/total_steps': 6000, 'training/updates': 3, 'training/sps': np.float64(14846.7), 'training/walltime': np.float64(1.249), 'training/rollout_time': np.float64(0.127), 'training/update_time': np.float64(0.008), 'training/approx_kl': 1.831994495660183e-06, 'training/entropy': 0.09334319829940796, 'training/policy_loss': -0.0019217488588765264, 'training/total_loss': 0.11610092222690582, 'training/value_loss': 0.23604534566402435}
{'eval/num_episodes': 200, 'eval/num_steps': 200, 'eval/mean_score': np.float64(0.902), 'eval/std_score': np.float64(0.014), 'eval/mean_episode_length': np.float64(1.0), 'eval/std_episode_length': np.float64(0.0), 'eval/eval_time': 0.07057619094848633}
{'training/total_steps': 8000, 'training/updates': 4, 'training/sps': np.float64(14582.036), 'training/walltime': np.float64(1.457), 'training/rollout_time': np.float64(0.129), 'training/update_time': np.float64(0.008), 'training/approx_kl': 1.2155242075095885e-06, 'training/entropy': 0.09451374411582947, 'training/policy_loss': -0.001548918429762125, 'training/total_loss': 0.11353098601102829, 'training/value_loss': 0.23015981912612915}
{'eval/num_episodes': 200, 'eval/num_steps': 200, 'eval/mean_score': np.float64(0.901), 'eval/std_score': np.float64(0.012), 'eval/mean_episode_length': np.float64(1.0), 'eval/std_episode_length': np.float64(0.0), 'eval/eval_time': 0.07313704490661621}
{'training/total_steps': 10000, 'training/updates': 5, 'training/sps': np.float64(14545.046), 'training/walltime': np.float64(1.668), 'training/rollout_time': np.float64(0.13), 'training/update_time': np.float64(0.008), 'training/approx_kl': 1.9638214325823355e-06, 'training/entropy': 0.09571629017591476, 'training/policy_loss': -0.001965416595339775, 'training/total_loss': 0.1106700599193573, 'training/value_loss': 0.22527095675468445}
{'eval/num_episodes': 200, 'eval/num_steps': 200, 'eval/mean_score': np.float64(0.902), 'eval/std_score': np.float64(0.014), 'eval/mean_episode_length': np.float64(1.0), 'eval/std_episode_length': np.float64(0.0), 'eval/eval_time': 0.0711061954498291}
{'training/total_steps': 12000, 'training/updates': 6, 'training/sps': np.float64(13923.579), 'training/walltime': np.float64(1.883), 'training/rollout_time': np.float64(0.136), 'training/update_time': np.float64(0.008), 'training/approx_kl': 1.5509519926126814e-06, 'training/entropy': 0.09695291519165039, 'training/policy_loss': -0.0017691069515421987, 'training/total_loss': 0.10808723419904709, 'training/value_loss': 0.21971267461776733}
{'eval/num_episodes': 200, 'eval/num_steps': 200, 'eval/mean_score': np.float64(0.902), 'eval/std_score': np.float64(0.014), 'eval/mean_episode_length': np.float64(1.0), 'eval/std_episode_length': np.float64(0.0), 'eval/eval_time': 0.07014822959899902}
{'training/total_steps': 14000, 'training/updates': 7, 'training/sps': np.float64(14837.692), 'training/walltime': np.float64(2.089), 'training/rollout_time': np.float64(0.127), 'training/update_time': np.float64(0.008), 'training/approx_kl': 1.7465530390836648e-06, 'training/entropy': 0.09820527583360672, 'training/policy_loss': -0.0018140338361263275, 'training/total_loss': 0.1055460125207901, 'training/value_loss': 0.21472010016441345}
{'eval/num_episodes': 200, 'eval/num_steps': 200, 'eval/mean_score': np.float64(0.901), 'eval/std_score': np.float64(0.01), 'eval/mean_episode_length': np.float64(1.0), 'eval/std_episode_length': np.float64(0.0), 'eval/eval_time': 0.07133889198303223}
{'training/total_steps': 16000, 'training/updates': 8, 'training/sps': np.float64(14896.265), 'training/walltime': np.float64(2.295), 'training/rollout_time': np.float64(0.126), 'training/update_time': np.float64(0.008), 'training/approx_kl': 1.9864551177306566e-06, 'training/entropy': 0.09949710965156555, 'training/policy_loss': -0.0019652685150504112, 'training/total_loss': 0.10286468267440796, 'training/value_loss': 0.2096598893404007}
{'eval/num_episodes': 200, 'eval/num_steps': 200, 'eval/mean_score': np.float64(0.902), 'eval/std_score': np.float64(0.014), 'eval/mean_episode_length': np.float64(1.0), 'eval/std_episode_length': np.float64(0.0), 'eval/eval_time': 0.06971979141235352}
{'training/total_steps': 18000, 'training/updates': 9, 'training/sps': np.float64(14611.652), 'training/walltime': np.float64(2.501), 'training/rollout_time': np.float64(0.129), 'training/update_time': np.float64(0.008), 'training/approx_kl': 1.8685162785914144e-06, 'training/entropy': 0.10081446915864944, 'training/policy_loss': -0.0018493302632123232, 'training/total_loss': 0.1004466861486435, 'training/value_loss': 0.2045920491218567}
{'eval/num_episodes': 200, 'eval/num_steps': 200, 'eval/mean_score': np.float64(0.901), 'eval/std_score': np.float64(0.012), 'eval/mean_episode_length': np.float64(1.0), 'eval/std_episode_length': np.float64(0.0), 'eval/eval_time': 0.0696709156036377}
{'training/total_steps': 20000, 'training/updates': 10, 'training/sps': np.float64(14265.442), 'training/walltime': np.float64(2.712), 'training/rollout_time': np.float64(0.132), 'training/update_time': np.float64(0.008), 'training/approx_kl': 2.1678006305592135e-06, 'training/entropy': 0.10214795172214508, 'training/policy_loss': -0.002056661993265152, 'training/total_loss': 0.09781964123249054, 'training/value_loss': 0.1997525990009308}
{'eval/num_episodes': 200, 'eval/num_steps': 200, 'eval/mean_score': np.float64(0.901), 'eval/std_score': np.float64(0.012), 'eval/mean_episode_length': np.float64(1.0), 'eval/std_episode_length': np.float64(0.0), 'eval/eval_time': 0.0719759464263916}
{'training/total_steps': 22000, 'training/updates': 11, 'training/sps': np.float64(14538.063), 'training/walltime': np.float64(2.922), 'training/rollout_time': np.float64(0.13), 'training/update_time': np.float64(0.008), 'training/approx_kl': 2.336530087632127e-06, 'training/entropy': 0.10353296995162964, 'training/policy_loss': -0.0021557826548814774, 'training/total_loss': 0.09530980885028839, 'training/value_loss': 0.19493117928504944}
{'eval/num_episodes': 200, 'eval/num_steps': 200, 'eval/mean_score': np.float64(0.902), 'eval/std_score': np.float64(0.016), 'eval/mean_episode_length': np.float64(1.0), 'eval/std_episode_length': np.float64(0.0), 'eval/eval_time': 0.07036685943603516}
{'training/total_steps': 24000, 'training/updates': 12, 'training/sps': np.float64(14376.068), 'training/walltime': np.float64(3.131), 'training/rollout_time': np.float64(0.131), 'training/update_time': np.float64(0.008), 'training/approx_kl': 2.2412950784200802e-06, 'training/entropy': 0.10494072735309601, 'training/policy_loss': -0.002112506190314889, 'training/total_loss': 0.09295875579118729, 'training/value_loss': 0.19014252722263336}
{'eval/num_episodes': 200, 'eval/num_steps': 200, 'eval/mean_score': np.float64(0.902), 'eval/std_score': np.float64(0.014), 'eval/mean_episode_length': np.float64(1.0), 'eval/std_episode_length': np.float64(0.0), 'eval/eval_time': 0.06880688667297363}
{'training/total_steps': 26000, 'training/updates': 13, 'training/sps': np.float64(14424.37), 'training/walltime': np.float64(3.339), 'training/rollout_time': np.float64(0.131), 'training/update_time': np.float64(0.008), 'training/approx_kl': 1.922526507769362e-06, 'training/entropy': 0.10632696002721786, 'training/policy_loss': -0.0019177498761564493, 'training/total_loss': 0.09067835658788681, 'training/value_loss': 0.18519221246242523}
{'eval/num_episodes': 200, 'eval/num_steps': 200, 'eval/mean_score': np.float64(0.902), 'eval/std_score': np.float64(0.016), 'eval/mean_episode_length': np.float64(1.0), 'eval/std_episode_length': np.float64(0.0), 'eval/eval_time': 0.07061386108398438}
{'training/total_steps': 28000, 'training/updates': 14, 'training/sps': np.float64(14588.833), 'training/walltime': np.float64(3.547), 'training/rollout_time': np.float64(0.129), 'training/update_time': np.float64(0.008), 'training/approx_kl': 1.5708749288023682e-06, 'training/entropy': 0.10768583416938782, 'training/policy_loss': -0.0017692240653559566, 'training/total_loss': 0.08842001110315323, 'training/value_loss': 0.18037846684455872}
{'eval/num_episodes': 200, 'eval/num_steps': 200, 'eval/mean_score': np.float64(0.901), 'eval/std_score': np.float64(0.012), 'eval/mean_episode_length': np.float64(1.0), 'eval/std_episode_length': np.float64(0.0), 'eval/eval_time': 0.0872659683227539}
{'training/total_steps': 30000, 'training/updates': 15, 'training/sps': np.float64(14600.005), 'training/walltime': np.float64(3.772), 'training/rollout_time': np.float64(0.129), 'training/update_time': np.float64(0.008), 'training/approx_kl': 2.2662907213089056e-06, 'training/entropy': 0.10909906774759293, 'training/policy_loss': -0.002114648697897792, 'training/total_loss': 0.08592503517866135, 'training/value_loss': 0.17607936263084412}
{'eval/num_episodes': 200, 'eval/num_steps': 200, 'eval/mean_score': np.float64(0.901), 'eval/std_score': np.float64(0.012), 'eval/mean_episode_length': np.float64(1.0), 'eval/std_episode_length': np.float64(0.0), 'eval/eval_time': 0.07717299461364746}
{'training/total_steps': 32000, 'training/updates': 16, 'training/sps': np.float64(13423.19), 'training/walltime': np.float64(3.998), 'training/rollout_time': np.float64(0.141), 'training/update_time': np.float64(0.008), 'training/approx_kl': 2.426497758278856e-06, 'training/entropy': 0.11058156192302704, 'training/policy_loss': -0.002162199467420578, 'training/total_loss': 0.08362553268671036, 'training/value_loss': 0.17157545685768127}
{'eval/num_episodes': 200, 'eval/num_steps': 200, 'eval/mean_score': np.float64(0.901), 'eval/std_score': np.float64(0.012), 'eval/mean_episode_length': np.float64(1.0), 'eval/std_episode_length': np.float64(0.0), 'eval/eval_time': 0.07193899154663086}
{'training/total_steps': 34000, 'training/updates': 17, 'training/sps': np.float64(14888.175), 'training/walltime': np.float64(4.205), 'training/rollout_time': np.float64(0.127), 'training/update_time': np.float64(0.008), 'training/approx_kl': 2.397699518041918e-06, 'training/entropy': 0.11209128797054291, 'training/policy_loss': -0.002198799280449748, 'training/total_loss': 0.08138604462146759, 'training/value_loss': 0.1671696901321411}
{'eval/num_episodes': 200, 'eval/num_steps': 200, 'eval/mean_score': np.float64(0.901), 'eval/std_score': np.float64(0.012), 'eval/mean_episode_length': np.float64(1.0), 'eval/std_episode_length': np.float64(0.0), 'eval/eval_time': 0.0697929859161377}
{'training/total_steps': 36000, 'training/updates': 18, 'training/sps': np.float64(14458.805), 'training/walltime': np.float64(4.413), 'training/rollout_time': np.float64(0.13), 'training/update_time': np.float64(0.008), 'training/approx_kl': 2.1088897028676e-06, 'training/entropy': 0.11359106004238129, 'training/policy_loss': -0.0020571816712617874, 'training/total_loss': 0.07931064069271088, 'training/value_loss': 0.16273564100265503}
{'eval/num_episodes': 200, 'eval/num_steps': 200, 'eval/mean_score': np.float64(0.901), 'eval/std_score': np.float64(0.01), 'eval/mean_episode_length': np.float64(1.0), 'eval/std_episode_length': np.float64(0.0), 'eval/eval_time': 0.06932711601257324}
{'training/total_steps': 38000, 'training/updates': 19, 'training/sps': np.float64(14367.819), 'training/walltime': np.float64(4.622), 'training/rollout_time': np.float64(0.131), 'training/update_time': np.float64(0.008), 'training/approx_kl': 2.986637809954118e-06, 'training/entropy': 0.11515206843614578, 'training/policy_loss': -0.0024386937730014324, 'training/total_loss': 0.07701976597309113, 'training/value_loss': 0.1589169204235077}
{'eval/num_episodes': 200, 'eval/num_steps': 200, 'eval/mean_score': np.float64(0.904), 'eval/std_score': np.float64(0.021), 'eval/mean_episode_length': np.float64(1.0), 'eval/std_episode_length': np.float64(0.0), 'eval/eval_time': 0.07134389877319336}
{'training/total_steps': 40000, 'training/updates': 20, 'training/sps': np.float64(14420.453), 'training/walltime': np.float64(4.832), 'training/rollout_time': np.float64(0.131), 'training/update_time': np.float64(0.008), 'training/approx_kl': 3.965914402215276e-06, 'training/entropy': 0.11681829392910004, 'training/policy_loss': -0.0027148337103426456, 'training/total_loss': 0.07480655610561371, 'training/value_loss': 0.15504276752471924}
{'eval/num_episodes': 200, 'eval/num_steps': 200, 'eval/mean_score': np.float64(0.902), 'eval/std_score': np.float64(0.016), 'eval/mean_episode_length': np.float64(1.0), 'eval/std_episode_length': np.float64(0.0), 'eval/eval_time': 0.0714561939239502}
{'training/total_steps': 42000, 'training/updates': 21, 'training/sps': np.float64(14808.644), 'training/walltime': np.float64(5.039), 'training/rollout_time': np.float64(0.127), 'training/update_time': np.float64(0.008), 'training/approx_kl': 3.3636895295785507e-06, 'training/entropy': 0.1185145378112793, 'training/policy_loss': -0.002572837984189391, 'training/total_loss': 0.07282274961471558, 'training/value_loss': 0.15079116821289062}
{'eval/num_episodes': 200, 'eval/num_steps': 200, 'eval/mean_score': np.float64(0.902), 'eval/std_score': np.float64(0.014), 'eval/mean_episode_length': np.float64(1.0), 'eval/std_episode_length': np.float64(0.0), 'eval/eval_time': 0.07007884979248047}
{'training/total_steps': 44000, 'training/updates': 22, 'training/sps': np.float64(14499.792), 'training/walltime': np.float64(5.247), 'training/rollout_time': np.float64(0.13), 'training/update_time': np.float64(0.008), 'training/approx_kl': 3.429193384363316e-06, 'training/entropy': 0.12020003795623779, 'training/policy_loss': -0.002605143468827009, 'training/total_loss': 0.07087507843971252, 'training/value_loss': 0.14696043729782104}
{'eval/num_episodes': 200, 'eval/num_steps': 200, 'eval/mean_score': np.float64(0.901), 'eval/std_score': np.float64(0.012), 'eval/mean_episode_length': np.float64(1.0), 'eval/std_episode_length': np.float64(0.0), 'eval/eval_time': 0.0685122013092041}
{'training/total_steps': 46000, 'training/updates': 23, 'training/sps': np.float64(14630.128), 'training/walltime': np.float64(5.453), 'training/rollout_time': np.float64(0.129), 'training/update_time': np.float64(0.008), 'training/approx_kl': 2.7122841856908053e-06, 'training/entropy': 0.1218835860490799, 'training/policy_loss': -0.002319524995982647, 'training/total_loss': 0.06907757371664047, 'training/value_loss': 0.1427941918373108}
{'eval/num_episodes': 200, 'eval/num_steps': 200, 'eval/mean_score': np.float64(0.903), 'eval/std_score': np.float64(0.017), 'eval/mean_episode_length': np.float64(1.0), 'eval/std_episode_length': np.float64(0.0), 'eval/eval_time': 0.06936216354370117}
{'training/total_steps': 48000, 'training/updates': 24, 'training/sps': np.float64(11581.452), 'training/walltime': np.float64(5.695), 'training/rollout_time': np.float64(0.165), 'training/update_time': np.float64(0.008), 'training/approx_kl': 3.6002111301058903e-06, 'training/entropy': 0.12359893321990967, 'training/policy_loss': -0.0026707970537245274, 'training/total_loss': 0.06700306385755539, 'training/value_loss': 0.13934773206710815}
{'eval/num_episodes': 200, 'eval/num_steps': 200, 'eval/mean_score': np.float64(0.905), 'eval/std_score': np.float64(0.023), 'eval/mean_episode_length': np.float64(1.0), 'eval/std_episode_length': np.float64(0.0), 'eval/eval_time': 0.07148909568786621}
{'training/total_steps': 50000, 'training/updates': 25, 'training/sps': np.float64(14293.566), 'training/walltime': np.float64(5.907), 'training/rollout_time': np.float64(0.132), 'training/update_time': np.float64(0.008), 'training/approx_kl': 2.689339453354478e-06, 'training/entropy': 0.1253148466348648, 'training/policy_loss': -0.002298609586432576, 'training/total_loss': 0.06531782448291779, 'training/value_loss': 0.1352328658103943}
{'eval/num_episodes': 200, 'eval/num_steps': 200, 'eval/mean_score': np.float64(0.902), 'eval/std_score': np.float64(0.016), 'eval/mean_episode_length': np.float64(1.0), 'eval/std_episode_length': np.float64(0.0), 'eval/eval_time': 0.07171082496643066}
{'training/total_steps': 52000, 'training/updates': 26, 'training/sps': np.float64(14652.437), 'training/walltime': np.float64(6.115), 'training/rollout_time': np.float64(0.129), 'training/update_time': np.float64(0.008), 'training/approx_kl': 3.4923673410958145e-06, 'training/entropy': 0.12703490257263184, 'training/policy_loss': -0.0026166941970586777, 'training/total_loss': 0.06332802772521973, 'training/value_loss': 0.1318894326686859}
{'eval/num_episodes': 200, 'eval/num_steps': 200, 'eval/mean_score': np.float64(0.903), 'eval/std_score': np.float64(0.017), 'eval/mean_episode_length': np.float64(1.0), 'eval/std_episode_length': np.float64(0.0), 'eval/eval_time': 0.0713810920715332}
{'training/total_steps': 54000, 'training/updates': 27, 'training/sps': np.float64(14249.498), 'training/walltime': np.float64(6.327), 'training/rollout_time': np.float64(0.132), 'training/update_time': np.float64(0.008), 'training/approx_kl': 3.4391471217531944e-06, 'training/entropy': 0.12883125245571136, 'training/policy_loss': -0.002602081745862961, 'training/total_loss': 0.06148720532655716, 'training/value_loss': 0.12817856669425964}
{'eval/num_episodes': 200, 'eval/num_steps': 200, 'eval/mean_score': np.float64(0.902), 'eval/std_score': np.float64(0.014), 'eval/mean_episode_length': np.float64(1.0), 'eval/std_episode_length': np.float64(0.0), 'eval/eval_time': 0.0722208023071289}
{'training/total_steps': 56000, 'training/updates': 28, 'training/sps': np.float64(14453.399), 'training/walltime': np.float64(6.538), 'training/rollout_time': np.float64(0.131), 'training/update_time': np.float64(0.008), 'training/approx_kl': 3.2786988413135987e-06, 'training/entropy': 0.13062278926372528, 'training/policy_loss': -0.0025111292488873005, 'training/total_loss': 0.05979514122009277, 'training/value_loss': 0.12461254000663757}
{'eval/num_episodes': 200, 'eval/num_steps': 200, 'eval/mean_score': np.float64(0.901), 'eval/std_score': np.float64(0.01), 'eval/mean_episode_length': np.float64(1.0), 'eval/std_episode_length': np.float64(0.0), 'eval/eval_time': 0.06969809532165527}
{'training/total_steps': 58000, 'training/updates': 29, 'training/sps': np.float64(14783.928), 'training/walltime': np.float64(6.743), 'training/rollout_time': np.float64(0.128), 'training/update_time': np.float64(0.008), 'training/approx_kl': 2.8161221052869223e-06, 'training/entropy': 0.13239075243473053, 'training/policy_loss': -0.0023182521108537912, 'training/total_loss': 0.058217231184244156, 'training/value_loss': 0.1210709661245346}
{'eval/num_episodes': 200, 'eval/num_steps': 200, 'eval/mean_score': np.float64(0.902), 'eval/std_score': np.float64(0.014), 'eval/mean_episode_length': np.float64(1.0), 'eval/std_episode_length': np.float64(0.0), 'eval/eval_time': 0.07339310646057129}
{'training/total_steps': 60000, 'training/updates': 30, 'training/sps': np.float64(14457.658), 'training/walltime': np.float64(6.955), 'training/rollout_time': np.float64(0.13), 'training/update_time': np.float64(0.008), 'training/approx_kl': 3.8942248465900775e-06, 'training/entropy': 0.1342068612575531, 'training/policy_loss': -0.002745178062468767, 'training/total_loss': 0.056293319910764694, 'training/value_loss': 0.11807699501514435}
{'eval/num_episodes': 200, 'eval/num_steps': 200, 'eval/mean_score': np.float64(0.904), 'eval/std_score': np.float64(0.02), 'eval/mean_episode_length': np.float64(1.0), 'eval/std_episode_length': np.float64(0.0), 'eval/eval_time': 0.07229304313659668}
TRAINING END: training duration: 7.0279271602630615
{'final_eval/num_episodes': 200, 'final_eval/num_steps': 200, 'final_eval/mean_score': np.float64(0.8999999761581421), 'final_eval/std_score': np.float64(0.0), 'final_eval/mean_episode_length': np.float64(1.0), 'final_eval/std_episode_length': np.float64(0.0)}
}
