|param: value|
|experiment_name:  pc_actor_critic|
|seed:  5|
|write_logs_to_file:  False|
|save_model:  False|
|env_name:  bandit|
|num_envs:  8|
|num_train_levels:  200|
|distribution_mode:  easy|
|arm_means:  (1.0, 0.9)|
|deterministic_rewards:  True|
|eval_env:  True|
|num_eval_episodes:  200|
|eval_every:  1|
|total_timesteps:  60000|
|unroll_length:  250|
|gamma:  0.99|
|learning_rate:  0.01|
|value_learning_rate:  0.01|
|target_scale:  1.0|
|pc_steps_per_update:  1|
|max_t1:  20|
|width:  32|
|depth:  2|
|act_fn:  relu|
|policy_init_logit_bias:  [0.0, 4.0]|
|use_cnn:  False|
|policy_hidden_layer_sizes:  ()|
|value_hidden_layer_sizes:  ()|
|anneal_lr:  False|
|entropy_cost:  0.0|
|deterministic_eval:  False|
{'training/total_steps': 2000, 'training/updates': 1, 'training/walltime': np.float64(1.216), 'training/update_time': np.float64(1.216), 'training/policy_pc_loss': 0.009686378762125969, 'training/value_pc_loss': 0.2210628092288971, 'training/mean_value': 0.23690035939216614, 'training/mean_reward': 0.9016996026039124, 'training/mean_advantage_abs': 0.6647993326187134}
{'eval/num_episodes': 200, 'eval/mean_score': np.float64(0.901), 'eval/std_score': np.float64(0.0099), 'eval/mean_episode_length': np.float64(1.0)}
{'training/total_steps': 4000, 'training/updates': 2, 'training/walltime': np.float64(1.361), 'training/update_time': np.float64(0.118), 'training/policy_pc_loss': 0.008252709172666073, 'training/value_pc_loss': 0.133479043841362, 'training/mean_value': 0.3857831656932831, 'training/mean_reward': 0.9022496938705444, 'training/mean_advantage_abs': 0.516467273235321}
{'eval/num_episodes': 200, 'eval/mean_score': np.float64(0.9025), 'eval/std_score': np.float64(0.0156), 'eval/mean_episode_length': np.float64(1.0)}
{'training/total_steps': 6000, 'training/updates': 3, 'training/walltime': np.float64(1.489), 'training/update_time': np.float64(0.127), 'training/policy_pc_loss': 0.005452655255794525, 'training/value_pc_loss': 0.06798598170280457, 'training/mean_value': 0.5341997742652893, 'training/mean_reward': 0.9025996327400208, 'training/mean_advantage_abs': 0.36840012669563293}
{'eval/num_episodes': 200, 'eval/mean_score': np.float64(0.902), 'eval/std_score': np.float64(0.014), 'eval/mean_episode_length': np.float64(1.0)}
{'training/total_steps': 8000, 'training/updates': 4, 'training/walltime': np.float64(1.627), 'training/update_time': np.float64(0.137), 'training/policy_pc_loss': 0.002754118060693145, 'training/value_pc_loss': 0.02500978857278824, 'training/mean_value': 0.6797587275505066, 'training/mean_reward': 0.9027996063232422, 'training/mean_advantage_abs': 0.22304120659828186}
{'eval/num_episodes': 200, 'eval/mean_score': np.float64(0.902), 'eval/std_score': np.float64(0.014), 'eval/mean_episode_length': np.float64(1.0)}
{'training/total_steps': 10000, 'training/updates': 5, 'training/walltime': np.float64(2.103), 'training/update_time': np.float64(0.475), 'training/policy_pc_loss': 0.0009946459904313087, 'training/value_pc_loss': 0.003729963907971978, 'training/mean_value': 0.8186416625976562, 'training/mean_reward': 0.9031996130943298, 'training/mean_advantage_abs': 0.08455865830183029}
{'eval/num_episodes': 200, 'eval/mean_score': np.float64(0.902), 'eval/std_score': np.float64(0.014), 'eval/mean_episode_length': np.float64(1.0)}
{'training/total_steps': 12000, 'training/updates': 6, 'training/walltime': np.float64(2.282), 'training/update_time': np.float64(0.173), 'training/policy_pc_loss': 8.68484130478464e-05, 'training/value_pc_loss': 0.0010278563713654876, 'training/mean_value': 0.9450090527534485, 'training/mean_reward': 0.9029996991157532, 'training/mean_advantage_abs': 0.045307956635951996}
{'eval/num_episodes': 200, 'eval/mean_score': np.float64(0.9045), 'eval/std_score': np.float64(0.0207), 'eval/mean_episode_length': np.float64(1.0)}
{'training/total_steps': 14000, 'training/updates': 7, 'training/walltime': np.float64(2.427), 'training/update_time': np.float64(0.144), 'training/policy_pc_loss': 0.00015950384840834886, 'training/value_pc_loss': 0.010875927284359932, 'training/mean_value': 1.0508997440338135, 'training/mean_reward': 0.905049741268158, 'training/mean_advantage_abs': 0.14585041999816895}
{'eval/num_episodes': 200, 'eval/mean_score': np.float64(0.905), 'eval/std_score': np.float64(0.0218), 'eval/mean_episode_length': np.float64(1.0)}
{'training/total_steps': 16000, 'training/updates': 8, 'training/walltime': np.float64(2.573), 'training/update_time': np.float64(0.145), 'training/policy_pc_loss': 0.0008906217408366501, 'training/value_pc_loss': 0.025243327021598816, 'training/mean_value': 1.1287131309509277, 'training/mean_reward': 0.9050997495651245, 'training/mean_advantage_abs': 0.22361285984516144}
{'eval/num_episodes': 200, 'eval/mean_score': np.float64(0.904), 'eval/std_score': np.float64(0.0196), 'eval/mean_episode_length': np.float64(1.0)}
{'training/total_steps': 18000, 'training/updates': 9, 'training/walltime': np.float64(2.712), 'training/update_time': np.float64(0.138), 'training/policy_pc_loss': 0.0018039176939055324, 'training/value_pc_loss': 0.036473192274570465, 'training/mean_value': 1.174789309501648, 'training/mean_reward': 0.9056996703147888, 'training/mean_advantage_abs': 0.26908889412879944}
{'eval/num_episodes': 200, 'eval/mean_score': np.float64(0.9095), 'eval/std_score': np.float64(0.0293), 'eval/mean_episode_length': np.float64(1.0)}
{'training/total_steps': 20000, 'training/updates': 10, 'training/walltime': np.float64(2.865), 'training/update_time': np.float64(0.152), 'training/policy_pc_loss': 0.002455343259498477, 'training/value_pc_loss': 0.04077114909887314, 'training/mean_value': 1.1909483671188354, 'training/mean_reward': 0.9064497351646423, 'training/mean_advantage_abs': 0.28449776768684387}
{'eval/num_episodes': 200, 'eval/mean_score': np.float64(0.907), 'eval/std_score': np.float64(0.0255), 'eval/mean_episode_length': np.float64(1.0)}
{'training/total_steps': 22000, 'training/updates': 11, 'training/walltime': np.float64(3.021), 'training/update_time': np.float64(0.155), 'training/policy_pc_loss': 0.003119994420558214, 'training/value_pc_loss': 0.037671949714422226, 'training/mean_value': 1.182163119316101, 'training/mean_reward': 0.9091997742652893, 'training/mean_advantage_abs': 0.27296262979507446}
{'eval/num_episodes': 200, 'eval/mean_score': np.float64(0.912), 'eval/std_score': np.float64(0.0325), 'eval/mean_episode_length': np.float64(1.0)}
{'training/total_steps': 24000, 'training/updates': 12, 'training/walltime': np.float64(3.156), 'training/update_time': np.float64(0.135), 'training/policy_pc_loss': 0.002758910646662116, 'training/value_pc_loss': 0.03014112450182438, 'training/mean_value': 1.1543962955474854, 'training/mean_reward': 0.9108498096466064, 'training/mean_advantage_abs': 0.24354660511016846}
{'eval/num_episodes': 200, 'eval/mean_score': np.float64(0.9175), 'eval/std_score': np.float64(0.038), 'eval/mean_episode_length': np.float64(1.0)}
{'training/total_steps': 26000, 'training/updates': 13, 'training/walltime': np.float64(3.295), 'training/update_time': np.float64(0.137), 'training/policy_pc_loss': 0.002196958754211664, 'training/value_pc_loss': 0.02022218517959118, 'training/mean_value': 1.1132429838180542, 'training/mean_reward': 0.9153997302055359, 'training/mean_advantage_abs': 0.19784210622310638}
{'eval/num_episodes': 200, 'eval/mean_score': np.float64(0.9195), 'eval/std_score': np.float64(0.0396), 'eval/mean_episode_length': np.float64(1.0)}
{'training/total_steps': 28000, 'training/updates': 14, 'training/walltime': np.float64(3.434), 'training/update_time': np.float64(0.138), 'training/policy_pc_loss': 0.0011374185560271144, 'training/value_pc_loss': 0.011437168344855309, 'training/mean_value': 1.0638923645019531, 'training/mean_reward': 0.917499840259552, 'training/mean_advantage_abs': 0.1463918536901474}
{'eval/num_episodes': 200, 'eval/mean_score': np.float64(0.923), 'eval/std_score': np.float64(0.0421), 'eval/mean_episode_length': np.float64(1.0)}
{'training/total_steps': 30000, 'training/updates': 15, 'training/walltime': np.float64(3.563), 'training/update_time': np.float64(0.129), 'training/policy_pc_loss': 0.0004514087049756199, 'training/value_pc_loss': 0.004862785339355469, 'training/mean_value': 1.0107803344726562, 'training/mean_reward': 0.9209498763084412, 'training/mean_advantage_abs': 0.08983024209737778}
{'eval/num_episodes': 200, 'eval/mean_score': np.float64(0.919), 'eval/std_score': np.float64(0.0392), 'eval/mean_episode_length': np.float64(1.0)}
{'training/total_steps': 32000, 'training/updates': 16, 'training/walltime': np.float64(3.694), 'training/update_time': np.float64(0.13), 'training/policy_pc_loss': 0.00043057260336354375, 'training/value_pc_loss': 0.0014608390629291534, 'training/mean_value': 0.9578839540481567, 'training/mean_reward': 0.9271999001502991, 'training/mean_advantage_abs': 0.05359520763158798}
{'eval/num_episodes': 200, 'eval/mean_score': np.float64(0.9325), 'eval/std_score': np.float64(0.0468), 'eval/mean_episode_length': np.float64(1.0)}
{'training/total_steps': 34000, 'training/updates': 17, 'training/walltime': np.float64(3.829), 'training/update_time': np.float64(0.132), 'training/policy_pc_loss': 0.001186050707474351, 'training/value_pc_loss': 0.001316038891673088, 'training/mean_value': 0.9087944626808167, 'training/mean_reward': 0.9309999346733093, 'training/mean_advantage_abs': 0.034341972321271896}
{'eval/num_episodes': 200, 'eval/mean_score': np.float64(0.9405), 'eval/std_score': np.float64(0.0491), 'eval/mean_episode_length': np.float64(1.0)}
{'training/total_steps': 36000, 'training/updates': 18, 'training/walltime': np.float64(3.96), 'training/update_time': np.float64(0.13), 'training/policy_pc_loss': 0.0027263022493571043, 'training/value_pc_loss': 0.0039155688136816025, 'training/mean_value': 0.8663042783737183, 'training/mean_reward': 0.9399999380111694, 'training/mean_advantage_abs': 0.07369624078273773}
{'eval/num_episodes': 200, 'eval/mean_score': np.float64(0.945), 'eval/std_score': np.float64(0.0497), 'eval/mean_episode_length': np.float64(1.0)}
{'training/total_steps': 38000, 'training/updates': 19, 'training/walltime': np.float64(4.092), 'training/update_time': np.float64(0.13), 'training/policy_pc_loss': 0.004143677186220884, 'training/value_pc_loss': 0.0077292402274906635, 'training/mean_value': 0.8328170776367188, 'training/mean_reward': 0.9466999769210815, 'training/mean_advantage_abs': 0.1138831302523613}
{'eval/num_episodes': 200, 'eval/mean_score': np.float64(0.9575), 'eval/std_score': np.float64(0.0494), 'eval/mean_episode_length': np.float64(1.0)}
{'training/total_steps': 40000, 'training/updates': 20, 'training/walltime': np.float64(4.224), 'training/update_time': np.float64(0.132), 'training/policy_pc_loss': 0.004997279495000839, 'training/value_pc_loss': 0.011798313818871975, 'training/mean_value': 0.809763491153717, 'training/mean_reward': 0.9550999402999878, 'training/mean_advantage_abs': 0.14533625543117523}
{'eval/num_episodes': 200, 'eval/mean_score': np.float64(0.966), 'eval/std_score': np.float64(0.0474), 'eval/mean_episode_length': np.float64(1.0)}
{'training/total_steps': 42000, 'training/updates': 21, 'training/walltime': np.float64(4.354), 'training/update_time': np.float64(0.128), 'training/policy_pc_loss': 0.004822432529181242, 'training/value_pc_loss': 0.01497463695704937, 'training/mean_value': 0.7978686690330505, 'training/mean_reward': 0.9641499519348145, 'training/mean_advantage_abs': 0.1662813425064087}
{'eval/num_episodes': 200, 'eval/mean_score': np.float64(0.9735), 'eval/std_score': np.float64(0.0441), 'eval/mean_episode_length': np.float64(1.0)}
{'training/total_steps': 44000, 'training/updates': 22, 'training/walltime': np.float64(4.488), 'training/update_time': np.float64(0.134), 'training/policy_pc_loss': 0.003684418275952339, 'training/value_pc_loss': 0.01663924567401409, 'training/mean_value': 0.7971439361572266, 'training/mean_reward': 0.9742500185966492, 'training/mean_advantage_abs': 0.1771060824394226}
{'eval/num_episodes': 200, 'eval/mean_score': np.float64(0.9775), 'eval/std_score': np.float64(0.0418), 'eval/mean_episode_length': np.float64(1.0)}
{'training/total_steps': 46000, 'training/updates': 23, 'training/walltime': np.float64(4.628), 'training/update_time': np.float64(0.139), 'training/policy_pc_loss': 0.0022821638267487288, 'training/value_pc_loss': 0.01576196774840355, 'training/mean_value': 0.8070564270019531, 'training/mean_reward': 0.9800499677658081, 'training/mean_advantage_abs': 0.17299409210681915}
{'eval/num_episodes': 200, 'eval/mean_score': np.float64(0.987), 'eval/std_score': np.float64(0.0336), 'eval/mean_episode_length': np.float64(1.0)}
{'training/total_steps': 48000, 'training/updates': 24, 'training/walltime': np.float64(4.759), 'training/update_time': np.float64(0.13), 'training/policy_pc_loss': 0.0011251497780904174, 'training/value_pc_loss': 0.013169226236641407, 'training/mean_value': 0.826295793056488, 'training/mean_reward': 0.9844999313354492, 'training/mean_advantage_abs': 0.15820464491844177}
{'eval/num_episodes': 200, 'eval/mean_score': np.float64(0.9885), 'eval/std_score': np.float64(0.0319), 'eval/mean_episode_length': np.float64(1.0)}
{'training/total_steps': 50000, 'training/updates': 25, 'training/walltime': np.float64(4.89), 'training/update_time': np.float64(0.129), 'training/policy_pc_loss': 0.0003574420406948775, 'training/value_pc_loss': 0.009829556569457054, 'training/mean_value': 0.8531780242919922, 'training/mean_reward': 0.9901999831199646, 'training/mean_advantage_abs': 0.1370224505662918}
{'eval/num_episodes': 200, 'eval/mean_score': np.float64(0.992), 'eval/std_score': np.float64(0.0271), 'eval/mean_episode_length': np.float64(1.0)}
{'training/total_steps': 52000, 'training/updates': 26, 'training/walltime': np.float64(5.026), 'training/update_time': np.float64(0.135), 'training/policy_pc_loss': 6.268121796892956e-05, 'training/value_pc_loss': 0.006145085208117962, 'training/mean_value': 0.8858908414840698, 'training/mean_reward': 0.9943000078201294, 'training/mean_advantage_abs': 0.10840973258018494}
{'eval/num_episodes': 200, 'eval/mean_score': np.float64(0.995), 'eval/std_score': np.float64(0.0218), 'eval/mean_episode_length': np.float64(1.0)}
{'training/total_steps': 54000, 'training/updates': 27, 'training/walltime': np.float64(5.157), 'training/update_time': np.float64(0.13), 'training/policy_pc_loss': 3.355522494530305e-05, 'training/value_pc_loss': 0.0028773562517017126, 'training/mean_value': 0.9223766326904297, 'training/mean_reward': 0.9951001405715942, 'training/mean_advantage_abs': 0.07491649687290192}
{'eval/num_episodes': 200, 'eval/mean_score': np.float64(0.9965), 'eval/std_score': np.float64(0.0184), 'eval/mean_episode_length': np.float64(1.0)}
{'training/total_steps': 56000, 'training/updates': 28, 'training/walltime': np.float64(5.288), 'training/update_time': np.float64(0.13), 'training/policy_pc_loss': 0.00011083645949838683, 'training/value_pc_loss': 0.000821565801743418, 'training/mean_value': 0.9602850675582886, 'training/mean_reward': 0.9968001842498779, 'training/mean_advantage_abs': 0.040373560041189194}
{'eval/num_episodes': 200, 'eval/mean_score': np.float64(0.9985), 'eval/std_score': np.float64(0.0122), 'eval/mean_episode_length': np.float64(1.0)}
{'training/total_steps': 58000, 'training/updates': 29, 'training/walltime': np.float64(5.421), 'training/update_time': np.float64(0.132), 'training/policy_pc_loss': 0.0001318360591540113, 'training/value_pc_loss': 7.220908446470276e-05, 'training/mean_value': 0.9973165988922119, 'training/mean_reward': 0.9985501170158386, 'training/mean_advantage_abs': 0.004055293742567301}
{'eval/num_episodes': 200, 'eval/mean_score': np.float64(0.998), 'eval/std_score': np.float64(0.014), 'eval/mean_episode_length': np.float64(1.0)}
{'training/total_steps': 60000, 'training/updates': 30, 'training/walltime': np.float64(5.552), 'training/update_time': np.float64(0.13), 'training/policy_pc_loss': 0.000251535268034786, 'training/value_pc_loss': 0.0006111207185313106, 'training/mean_value': 1.0312788486480713, 'training/mean_reward': 0.9985001683235168, 'training/mean_advantage_abs': 0.032779451459646225}
{'eval/num_episodes': 200, 'eval/mean_score': np.float64(0.999), 'eval/std_score': np.float64(0.0099), 'eval/mean_episode_length': np.float64(1.0)}
TRAINING END: training duration: 5.5535569190979
