|param: value|
|experiment_name:  reinforce_procgen|
|seed:  5|
|platform:  cpu|
|write_logs_to_file:  False|
|save_model:  False|
|env_name:  bandit|
|num_envs:  1|
|num_train_levels:  200|
|distribution_mode:  easy|
|arm_means:  (1.0, 0.9)|
|deterministic_rewards:  True|
|eval_env:  True|
|num_eval_episodes:  200|
|eval_every:  1|
|deterministic_eval:  False|
|normalize_observations:  True|
|total_timesteps:  60000|
|learning_rate:  0.5|
|optimizer:  sgd|
|unroll_length:  2048|
|anneal_lr:  False|
|gamma:  0.99|
|batch_size:  1|
|num_minibatches:  1|
|update_epochs:  1|
|entropy_cost:  0.0|
|max_grad_norm:  0.5|
|reward_scaling:  1.0|
|use_cnn:  False|
|policy_hidden_layer_sizes:  ()|
|value_hidden_layer_sizes:  ()|
|activation:  <jax._src.custom_derivatives.custom_jvp object at 0x10787c050>|
|policy_init_logit_bias:  [0.0, 4.0]|
{'training/total_steps': 2000, 'training/updates': 1, 'training/sps': np.float64(1921.481), 'training/walltime': np.float64(1.041), 'training/rollout_time': np.float64(0.449), 'training/update_time': np.float64(0.592), 'training/approx_kl': 0.0, 'training/entropy': 0.09009480476379395, 'training/policy_loss': 0.19374489784240723, 'training/total_loss': 1.7770729064941406, 'training/value_loss': 3.166656017303467}
{'eval/num_episodes': 200, 'eval/num_steps': 200, 'eval/mean_score': np.float64(0.906), 'eval/std_score': np.float64(0.024), 'eval/mean_episode_length': np.float64(1.0), 'eval/std_episode_length': np.float64(0.0), 'eval/eval_time': 0.0788419246673584}
{'training/total_steps': 4000, 'training/updates': 2, 'training/sps': np.float64(6332.459), 'training/walltime': np.float64(1.436), 'training/rollout_time': np.float64(0.314), 'training/update_time': np.float64(0.001), 'training/approx_kl': 0.0, 'training/entropy': 0.09032965451478958, 'training/policy_loss': 0.13557831943035126, 'training/total_loss': 1.1517698764801025, 'training/value_loss': 2.0323829650878906}
{'eval/num_episodes': 200, 'eval/num_steps': 200, 'eval/mean_score': np.float64(0.902), 'eval/std_score': np.float64(0.016), 'eval/mean_episode_length': np.float64(1.0), 'eval/std_episode_length': np.float64(0.0), 'eval/eval_time': 0.07154488563537598}
{'training/total_steps': 6000, 'training/updates': 3, 'training/sps': np.float64(6322.169), 'training/walltime': np.float64(1.824), 'training/rollout_time': np.float64(0.314), 'training/update_time': np.float64(0.003), 'training/approx_kl': 0.0, 'training/entropy': 0.09038949757814407, 'training/policy_loss': 0.08499306440353394, 'training/total_loss': 0.6592276096343994, 'training/value_loss': 1.148469090461731}
{'eval/num_episodes': 200, 'eval/num_steps': 200, 'eval/mean_score': np.float64(0.901), 'eval/std_score': np.float64(0.01), 'eval/mean_episode_length': np.float64(1.0), 'eval/std_episode_length': np.float64(0.0), 'eval/eval_time': 0.07293581962585449}
{'training/total_steps': 8000, 'training/updates': 4, 'training/sps': np.float64(6195.761), 'training/walltime': np.float64(2.22), 'training/rollout_time': np.float64(0.321), 'training/update_time': np.float64(0.002), 'training/approx_kl': 0.0, 'training/entropy': 0.09025073796510696, 'training/policy_loss': 0.06530159711837769, 'training/total_loss': 0.3233231008052826, 'training/value_loss': 0.5160430073738098}
{'eval/num_episodes': 200, 'eval/num_steps': 200, 'eval/mean_score': np.float64(0.902), 'eval/std_score': np.float64(0.014), 'eval/mean_episode_length': np.float64(1.0), 'eval/std_episode_length': np.float64(0.0), 'eval/eval_time': 0.07156515121459961}
{'training/total_steps': 10000, 'training/updates': 5, 'training/sps': np.float64(6544.714), 'training/walltime': np.float64(2.598), 'training/rollout_time': np.float64(0.304), 'training/update_time': np.float64(0.002), 'training/approx_kl': 0.0, 'training/entropy': 0.09025906771421432, 'training/policy_loss': 0.04181497544050217, 'training/total_loss': 0.10851998627185822, 'training/value_loss': 0.1334100216627121}
{'eval/num_episodes': 200, 'eval/num_steps': 200, 'eval/mean_score': np.float64(0.902), 'eval/std_score': np.float64(0.016), 'eval/mean_episode_length': np.float64(1.0), 'eval/std_episode_length': np.float64(0.0), 'eval/eval_time': 0.06971597671508789}
{'training/total_steps': 12000, 'training/updates': 6, 'training/sps': np.float64(5323.254), 'training/walltime': np.float64(3.044), 'training/rollout_time': np.float64(0.374), 'training/update_time': np.float64(0.002), 'training/approx_kl': 0.0, 'training/entropy': 0.09056378901004791, 'training/policy_loss': 0.0074236090295016766, 'training/total_loss': 0.007567555643618107, 'training/value_loss': 0.00028789337375201285}
{'eval/num_episodes': 200, 'eval/num_steps': 200, 'eval/mean_score': np.float64(0.901), 'eval/std_score': np.float64(0.01), 'eval/mean_episode_length': np.float64(1.0), 'eval/std_episode_length': np.float64(0.0), 'eval/eval_time': 0.07189512252807617}
{'training/total_steps': 14000, 'training/updates': 7, 'training/sps': np.float64(6163.308), 'training/walltime': np.float64(3.441), 'training/rollout_time': np.float64(0.323), 'training/update_time': np.float64(0.001), 'training/approx_kl': 0.0, 'training/entropy': 0.09079187363386154, 'training/policy_loss': 0.006869420409202576, 'training/total_loss': 0.006955394055694342, 'training/value_loss': 0.00017194758402183652}
{'eval/num_episodes': 200, 'eval/num_steps': 200, 'eval/mean_score': np.float64(0.901), 'eval/std_score': np.float64(0.012), 'eval/mean_episode_length': np.float64(1.0), 'eval/std_episode_length': np.float64(0.0), 'eval/eval_time': 0.09876394271850586}
{'training/total_steps': 16000, 'training/updates': 8, 'training/sps': np.float64(6297.919), 'training/walltime': np.float64(3.857), 'training/rollout_time': np.float64(0.316), 'training/update_time': np.float64(0.001), 'training/approx_kl': 0.0, 'training/entropy': 0.09103679656982422, 'training/policy_loss': 0.007444981951266527, 'training/total_loss': 0.007538188248872757, 'training/value_loss': 0.00018641265342012048}
{'eval/num_episodes': 200, 'eval/num_steps': 200, 'eval/mean_score': np.float64(0.901), 'eval/std_score': np.float64(0.01), 'eval/mean_episode_length': np.float64(1.0), 'eval/std_episode_length': np.float64(0.0), 'eval/eval_time': 0.07208013534545898}
{'training/total_steps': 18000, 'training/updates': 9, 'training/sps': np.float64(6070.647), 'training/walltime': np.float64(4.259), 'training/rollout_time': np.float64(0.327), 'training/update_time': np.float64(0.003), 'training/approx_kl': 0.0, 'training/entropy': 0.09130310267210007, 'training/policy_loss': 0.007227625697851181, 'training/total_loss': 0.007318415679037571, 'training/value_loss': 0.00018158007878810167}
{'eval/num_episodes': 200, 'eval/num_steps': 200, 'eval/mean_score': np.float64(0.902), 'eval/std_score': np.float64(0.016), 'eval/mean_episode_length': np.float64(1.0), 'eval/std_episode_length': np.float64(0.0), 'eval/eval_time': 0.06966996192932129}
{'training/total_steps': 20000, 'training/updates': 10, 'training/sps': np.float64(6485.778), 'training/walltime': np.float64(4.638), 'training/rollout_time': np.float64(0.307), 'training/update_time': np.float64(0.002), 'training/approx_kl': 0.0, 'training/entropy': 0.09156299382448196, 'training/policy_loss': 0.005852147471159697, 'training/total_loss': 0.0059260837733745575, 'training/value_loss': 0.00014787257532589138}
{'eval/num_episodes': 200, 'eval/num_steps': 200, 'eval/mean_score': np.float64(0.902), 'eval/std_score': np.float64(0.016), 'eval/mean_episode_length': np.float64(1.0), 'eval/std_episode_length': np.float64(0.0), 'eval/eval_time': 0.07600116729736328}
{'training/total_steps': 22000, 'training/updates': 11, 'training/sps': np.float64(4778.276), 'training/walltime': np.float64(5.132), 'training/rollout_time': np.float64(0.417), 'training/update_time': np.float64(0.001), 'training/approx_kl': 0.0, 'training/entropy': 0.09177540987730026, 'training/policy_loss': 0.00725252740085125, 'training/total_loss': 0.007343377452343702, 'training/value_loss': 0.0001817002339521423}
{'eval/num_episodes': 200, 'eval/num_steps': 200, 'eval/mean_score': np.float64(0.901), 'eval/std_score': np.float64(0.012), 'eval/mean_episode_length': np.float64(1.0), 'eval/std_episode_length': np.float64(0.0), 'eval/eval_time': 0.07634210586547852}
{'training/total_steps': 24000, 'training/updates': 12, 'training/sps': np.float64(6180.032), 'training/walltime': np.float64(5.533), 'training/rollout_time': np.float64(0.322), 'training/update_time': np.float64(0.002), 'training/approx_kl': 0.0, 'training/entropy': 0.09203655272722244, 'training/policy_loss': 0.006625990383327007, 'training/total_loss': 0.006709556560963392, 'training/value_loss': 0.00016713258810341358}
{'eval/num_episodes': 200, 'eval/num_steps': 200, 'eval/mean_score': np.float64(0.901), 'eval/std_score': np.float64(0.01), 'eval/mean_episode_length': np.float64(1.0), 'eval/std_episode_length': np.float64(0.0), 'eval/eval_time': 0.07556891441345215}
{'training/total_steps': 26000, 'training/updates': 13, 'training/sps': np.float64(6004.902), 'training/walltime': np.float64(5.942), 'training/rollout_time': np.float64(0.332), 'training/update_time': np.float64(0.001), 'training/approx_kl': 0.0, 'training/entropy': 0.09227774292230606, 'training/policy_loss': 0.006437297910451889, 'training/total_loss': 0.006518437992781401, 'training/value_loss': 0.00016228007734753191}
{'eval/num_episodes': 200, 'eval/num_steps': 200, 'eval/mean_score': np.float64(0.901), 'eval/std_score': np.float64(0.012), 'eval/mean_episode_length': np.float64(1.0), 'eval/std_episode_length': np.float64(0.0), 'eval/eval_time': 0.07649874687194824}
{'training/total_steps': 28000, 'training/updates': 14, 'training/sps': np.float64(5847.028), 'training/walltime': np.float64(6.361), 'training/rollout_time': np.float64(0.341), 'training/update_time': np.float64(0.001), 'training/approx_kl': 0.0, 'training/entropy': 0.09251236170530319, 'training/policy_loss': 0.006632213015109301, 'training/total_loss': 0.006715769413858652, 'training/value_loss': 0.00016711256466805935}
{'eval/num_episodes': 200, 'eval/num_steps': 200, 'eval/mean_score': np.float64(0.902), 'eval/std_score': np.float64(0.014), 'eval/mean_episode_length': np.float64(1.0), 'eval/std_episode_length': np.float64(0.0), 'eval/eval_time': 0.07128620147705078}
{'training/total_steps': 30000, 'training/updates': 15, 'training/sps': np.float64(6236.902), 'training/walltime': np.float64(6.753), 'training/rollout_time': np.float64(0.319), 'training/update_time': np.float64(0.001), 'training/approx_kl': 0.0, 'training/entropy': 0.09275444597005844, 'training/policy_loss': 0.008970912545919418, 'training/total_loss': 0.009083447977900505, 'training/value_loss': 0.00022507015091832727}
{'eval/num_episodes': 200, 'eval/num_steps': 200, 'eval/mean_score': np.float64(0.901), 'eval/std_score': np.float64(0.01), 'eval/mean_episode_length': np.float64(1.0), 'eval/std_episode_length': np.float64(0.0), 'eval/eval_time': 0.07596683502197266}
{'training/total_steps': 32000, 'training/updates': 16, 'training/sps': np.float64(5615.421), 'training/walltime': np.float64(7.186), 'training/rollout_time': np.float64(0.355), 'training/update_time': np.float64(0.001), 'training/approx_kl': 0.0, 'training/entropy': 0.09308145940303802, 'training/policy_loss': 0.006174457725137472, 'training/total_loss': 0.006253422703593969, 'training/value_loss': 0.0001579300733283162}
{'eval/num_episodes': 200, 'eval/num_steps': 200, 'eval/mean_score': np.float64(0.901), 'eval/std_score': np.float64(0.012), 'eval/mean_episode_length': np.float64(1.0), 'eval/std_episode_length': np.float64(0.0), 'eval/eval_time': 0.07388997077941895}
{'training/total_steps': 34000, 'training/updates': 17, 'training/sps': np.float64(6133.799), 'training/walltime': np.float64(7.586), 'training/rollout_time': np.float64(0.324), 'training/update_time': np.float64(0.002), 'training/approx_kl': 0.0, 'training/entropy': 0.09331108629703522, 'training/policy_loss': 0.00896468386054039, 'training/total_loss': 0.009077283553779125, 'training/value_loss': 0.0002252000995213166}
{'eval/num_episodes': 200, 'eval/num_steps': 200, 'eval/mean_score': np.float64(0.902), 'eval/std_score': np.float64(0.016), 'eval/mean_episode_length': np.float64(1.0), 'eval/std_episode_length': np.float64(0.0), 'eval/eval_time': 0.07175397872924805}
{'training/total_steps': 36000, 'training/updates': 18, 'training/sps': np.float64(6260.137), 'training/walltime': np.float64(7.978), 'training/rollout_time': np.float64(0.318), 'training/update_time': np.float64(0.001), 'training/approx_kl': 0.0, 'training/entropy': 0.09363985061645508, 'training/policy_loss': 0.0077139525674283504, 'training/total_loss': 0.007811997551470995, 'training/value_loss': 0.00019609014270827174}
{'eval/num_episodes': 200, 'eval/num_steps': 200, 'eval/mean_score': np.float64(0.901), 'eval/std_score': np.float64(0.01), 'eval/mean_episode_length': np.float64(1.0), 'eval/std_episode_length': np.float64(0.0), 'eval/eval_time': 0.07634782791137695}
{'training/total_steps': 38000, 'training/updates': 19, 'training/sps': np.float64(5816.354), 'training/walltime': np.float64(8.398), 'training/rollout_time': np.float64(0.342), 'training/update_time': np.float64(0.001), 'training/approx_kl': 0.0, 'training/entropy': 0.09392698854207993, 'training/policy_loss': 0.006569592747837305, 'training/total_loss': 0.0066531929187476635, 'training/value_loss': 0.00016720006533432752}
{'eval/num_episodes': 200, 'eval/num_steps': 200, 'eval/mean_score': np.float64(0.901), 'eval/std_score': np.float64(0.012), 'eval/mean_episode_length': np.float64(1.0), 'eval/std_episode_length': np.float64(0.0), 'eval/eval_time': 0.07066583633422852}
{'training/total_steps': 40000, 'training/updates': 20, 'training/sps': np.float64(5957.082), 'training/walltime': np.float64(8.805), 'training/rollout_time': np.float64(0.334), 'training/update_time': np.float64(0.002), 'training/approx_kl': 0.0, 'training/entropy': 0.09417271614074707, 'training/policy_loss': 0.010095915757119656, 'training/total_loss': 0.01022294070571661, 'training/value_loss': 0.00025405018823221326}
{'eval/num_episodes': 200, 'eval/num_steps': 200, 'eval/mean_score': np.float64(0.902), 'eval/std_score': np.float64(0.014), 'eval/mean_episode_length': np.float64(1.0), 'eval/std_episode_length': np.float64(0.0), 'eval/eval_time': 0.07183408737182617}
{'training/total_steps': 42000, 'training/updates': 21, 'training/sps': np.float64(6557.591), 'training/walltime': np.float64(9.183), 'training/rollout_time': np.float64(0.304), 'training/update_time': np.float64(0.001), 'training/approx_kl': 0.0, 'training/entropy': 0.09454680234193802, 'training/policy_loss': 0.0055399565026164055, 'training/total_loss': 0.0056120664812624454, 'training/value_loss': 0.00014422011736314744}
{'eval/num_episodes': 200, 'eval/num_steps': 200, 'eval/mean_score': np.float64(0.901), 'eval/std_score': np.float64(0.012), 'eval/mean_episode_length': np.float64(1.0), 'eval/std_episode_length': np.float64(0.0), 'eval/eval_time': 0.07451510429382324}
{'training/total_steps': 44000, 'training/updates': 22, 'training/sps': np.float64(5793.762), 'training/walltime': np.float64(9.604), 'training/rollout_time': np.float64(0.344), 'training/update_time': np.float64(0.002), 'training/approx_kl': 0.0, 'training/entropy': 0.0947587639093399, 'training/policy_loss': 0.008547049947082996, 'training/total_loss': 0.008654911071062088, 'training/value_loss': 0.00021572268451564014}
{'eval/num_episodes': 200, 'eval/num_steps': 200, 'eval/mean_score': np.float64(0.901), 'eval/std_score': np.float64(0.012), 'eval/mean_episode_length': np.float64(1.0), 'eval/std_episode_length': np.float64(0.0), 'eval/eval_time': 0.06942105293273926}
{'training/total_steps': 46000, 'training/updates': 23, 'training/sps': np.float64(6298.52), 'training/walltime': np.float64(9.991), 'training/rollout_time': np.float64(0.316), 'training/update_time': np.float64(0.001), 'training/approx_kl': 0.0, 'training/entropy': 0.0950777605175972, 'training/policy_loss': 0.007685508579015732, 'training/total_loss': 0.007783528417348862, 'training/value_loss': 0.00019604011322371662}
{'eval/num_episodes': 200, 'eval/num_steps': 200, 'eval/mean_score': np.float64(0.902), 'eval/std_score': np.float64(0.016), 'eval/mean_episode_length': np.float64(1.0), 'eval/std_episode_length': np.float64(0.0), 'eval/eval_time': 0.07147693634033203}
{'training/total_steps': 48000, 'training/updates': 24, 'training/sps': np.float64(5819.029), 'training/walltime': np.float64(10.406), 'training/rollout_time': np.float64(0.342), 'training/update_time': np.float64(0.002), 'training/approx_kl': 0.0, 'training/entropy': 0.09536910057067871, 'training/policy_loss': 0.00924472976475954, 'training/total_loss': 0.009361930191516876, 'training/value_loss': 0.00023440018412657082}
{'eval/num_episodes': 200, 'eval/num_steps': 200, 'eval/mean_score': np.float64(0.902), 'eval/std_score': np.float64(0.014), 'eval/mean_episode_length': np.float64(1.0), 'eval/std_episode_length': np.float64(0.0), 'eval/eval_time': 0.07179498672485352}
{'training/total_steps': 50000, 'training/updates': 25, 'training/sps': np.float64(6495.632), 'training/walltime': np.float64(10.786), 'training/rollout_time': np.float64(0.306), 'training/update_time': np.float64(0.002), 'training/approx_kl': 0.0, 'training/entropy': 0.0957183986902237, 'training/policy_loss': 0.006109817884862423, 'training/total_loss': 0.006188857834786177, 'training/value_loss': 0.0001580801181262359}
{'eval/num_episodes': 200, 'eval/num_steps': 200, 'eval/mean_score': np.float64(0.902), 'eval/std_score': np.float64(0.014), 'eval/mean_episode_length': np.float64(1.0), 'eval/std_episode_length': np.float64(0.0), 'eval/eval_time': 0.06947684288024902}
{'training/total_steps': 52000, 'training/updates': 26, 'training/sps': np.float64(6415.683), 'training/walltime': np.float64(11.168), 'training/rollout_time': np.float64(0.31), 'training/update_time': np.float64(0.001), 'training/approx_kl': 0.0, 'training/entropy': 0.09595417976379395, 'training/policy_loss': 0.006946008186787367, 'training/total_loss': 0.0070344083942472935, 'training/value_loss': 0.0001768000511219725}
{'eval/num_episodes': 200, 'eval/num_steps': 200, 'eval/mean_score': np.float64(0.902), 'eval/std_score': np.float64(0.016), 'eval/mean_episode_length': np.float64(1.0), 'eval/std_episode_length': np.float64(0.0), 'eval/eval_time': 0.07251596450805664}
{'training/total_steps': 54000, 'training/updates': 27, 'training/sps': np.float64(6118.998), 'training/walltime': np.float64(11.568), 'training/rollout_time': np.float64(0.325), 'training/update_time': np.float64(0.001), 'training/approx_kl': 0.0, 'training/entropy': 0.09621883183717728, 'training/policy_loss': 0.009047549217939377, 'training/total_loss': 0.009162439033389091, 'training/value_loss': 0.00022978019842412323}
{'eval/num_episodes': 200, 'eval/num_steps': 200, 'eval/mean_score': np.float64(0.902), 'eval/std_score': np.float64(0.014), 'eval/mean_episode_length': np.float64(1.0), 'eval/std_episode_length': np.float64(0.0), 'eval/eval_time': 0.07034182548522949}
{'training/total_steps': 56000, 'training/updates': 28, 'training/sps': np.float64(6564.246), 'training/walltime': np.float64(11.943), 'training/rollout_time': np.float64(0.303), 'training/update_time': np.float64(0.001), 'training/approx_kl': 0.0, 'training/entropy': 0.09656404703855515, 'training/policy_loss': 0.006096136290580034, 'training/total_loss': 0.0061751375906169415, 'training/value_loss': 0.00015800268738530576}
{'eval/num_episodes': 200, 'eval/num_steps': 200, 'eval/mean_score': np.float64(0.903), 'eval/std_score': np.float64(0.017), 'eval/mean_episode_length': np.float64(1.0), 'eval/std_episode_length': np.float64(0.0), 'eval/eval_time': 0.06946492195129395}
{'training/total_steps': 58000, 'training/updates': 29, 'training/sps': np.float64(5815.814), 'training/walltime': np.float64(12.357), 'training/rollout_time': np.float64(0.342), 'training/update_time': np.float64(0.001), 'training/approx_kl': 0.0, 'training/entropy': 0.09680153429508209, 'training/policy_loss': 0.007505898829549551, 'training/total_loss': 0.007601558696478605, 'training/value_loss': 0.00019132012675981969}
{'eval/num_episodes': 200, 'eval/num_steps': 200, 'eval/mean_score': np.float64(0.903), 'eval/std_score': np.float64(0.017), 'eval/mean_episode_length': np.float64(1.0), 'eval/std_episode_length': np.float64(0.0), 'eval/eval_time': 0.07281684875488281}
{'training/total_steps': 60000, 'training/updates': 30, 'training/sps': np.float64(6439.624), 'training/walltime': np.float64(12.741), 'training/rollout_time': np.float64(0.309), 'training/update_time': np.float64(0.002), 'training/approx_kl': 0.0, 'training/entropy': 0.09709030389785767, 'training/policy_loss': 0.006887734401971102, 'training/total_loss': 0.0069761257618665695, 'training/value_loss': 0.00017678261792752892}
{'eval/num_episodes': 200, 'eval/num_steps': 200, 'eval/mean_score': np.float64(0.902), 'eval/std_score': np.float64(0.014), 'eval/mean_episode_length': np.float64(1.0), 'eval/std_episode_length': np.float64(0.0), 'eval/eval_time': 0.07101988792419434}
TRAINING END: training duration: 12.812238931655884
{'final_eval/num_episodes': 200, 'final_eval/num_steps': 200, 'final_eval/mean_score': np.float64(0.8999999761581421), 'final_eval/std_score': np.float64(0.0), 'final_eval/mean_episode_length': np.float64(1.0), 'final_eval/std_episode_length': np.float64(0.0)}
