|param: value|
|experiment_name:  trpo_procgen|
|seed:  5|
|platform:  cpu|
|write_logs_to_file:  False|
|save_model:  False|
|env_name:  bandit|
|num_envs:  8|
|num_train_levels:  200|
|distribution_mode:  easy|
|arm_means:  (1.0, 0.9)|
|deterministic_rewards:  True|
|eval_env:  True|
|num_eval_episodes:  200|
|eval_every:  1|
|deterministic_eval:  False|
|normalize_observations:  True|
|total_timesteps:  60000|
|learning_rate:  0.01|
|unroll_length:  250|
|anneal_lr:  False|
|gamma:  0.99|
|gae_lambda:  0.95|
|batch_size:  1|
|num_minibatches:  8|
|update_epochs:  10|
|normalize_advantages:  True|
|target_kl:  0.01|
|cg_damping:  0.1|
|cg_max_iterations:  10|
|line_search_max_iter:  10|
|line_search_shrinking_factor:  0.8|
|vf_cost:  1.0|
|max_grad_norm:  0.5|
|reward_scaling:  1.0|
|use_cnn:  False|
|policy_hidden_layer_sizes:  ()|
|value_hidden_layer_sizes:  ()|
|activation:  <jax._src.custom_derivatives.custom_jvp object at 0x10787c050>|
|policy_init_logit_bias:  [0.0, 4.0]|
|entropy_cost:  0.0|
{'training/total_steps': 2000, 'training/updates': 1, 'training/sps': np.float64(1501.605), 'training/walltime': np.float64(1.332), 'training/rollout_time': np.float64(0.113), 'training/update_time': np.float64(1.219), 'training/iterations': 1.0, 'training/kl_div': 0.008209983818233013, 'training/line_search_success': 1.0, 'training/new_policy_objective': 1.211005449295044, 'training/policy_objective': 0.8774451613426208, 'training/value_loss': 0.5960089564323425}
{'eval/num_episodes': 200, 'eval/num_steps': 200, 'eval/mean_score': np.float64(0.945), 'eval/std_score': np.float64(0.05), 'eval/mean_episode_length': np.float64(1.0), 'eval/std_episode_length': np.float64(0.0), 'eval/eval_time': 0.07541990280151367}
{'training/total_steps': 4000, 'training/updates': 2, 'training/sps': np.float64(19690.043), 'training/walltime': np.float64(1.527), 'training/rollout_time': np.float64(0.098), 'training/update_time': np.float64(0.003), 'training/iterations': 1.0, 'training/kl_div': 0.00874992273747921, 'training/line_search_success': 1.0, 'training/new_policy_objective': 0.5944521427154541, 'training/policy_objective': 0.4696463942527771, 'training/value_loss': 0.003024481004104018}
{'eval/num_episodes': 200, 'eval/num_steps': 200, 'eval/mean_score': np.float64(0.987), 'eval/std_score': np.float64(0.034), 'eval/mean_episode_length': np.float64(1.0), 'eval/std_episode_length': np.float64(0.0), 'eval/eval_time': 0.07121825218200684}
{'training/total_steps': 6000, 'training/updates': 3, 'training/sps': np.float64(19717.256), 'training/walltime': np.float64(1.7), 'training/rollout_time': np.float64(0.098), 'training/update_time': np.float64(0.003), 'training/iterations': 1.0, 'training/kl_div': 0.004530307371169329, 'training/line_search_success': 1.0, 'training/new_policy_objective': 0.3121054768562317, 'training/policy_objective': 0.26179617643356323, 'training/value_loss': 0.0007935753092169762}
{'eval/num_episodes': 200, 'eval/num_steps': 200, 'eval/mean_score': np.float64(1.0), 'eval/std_score': np.float64(0.0), 'eval/mean_episode_length': np.float64(1.0), 'eval/std_episode_length': np.float64(0.0), 'eval/eval_time': 0.09483098983764648}
{'training/total_steps': 8000, 'training/updates': 4, 'training/sps': np.float64(20523.743), 'training/walltime': np.float64(1.893), 'training/rollout_time': np.float64(0.094), 'training/update_time': np.float64(0.003), 'training/iterations': 1.0, 'training/kl_div': 0.0003582215867936611, 'training/line_search_success': 1.0, 'training/new_policy_objective': -0.024551350623369217, 'training/policy_objective': -0.04282917082309723, 'training/value_loss': 2.366498483752366e-05}
{'eval/num_episodes': 200, 'eval/num_steps': 200, 'eval/mean_score': np.float64(0.999), 'eval/std_score': np.float64(0.007), 'eval/mean_episode_length': np.float64(1.0), 'eval/std_episode_length': np.float64(0.0), 'eval/eval_time': 0.07104897499084473}
{'training/total_steps': 10000, 'training/updates': 5, 'training/sps': np.float64(20109.766), 'training/walltime': np.float64(2.064), 'training/rollout_time': np.float64(0.096), 'training/update_time': np.float64(0.003), 'training/iterations': 1.0, 'training/kl_div': 0.004124940373003483, 'training/line_search_success': 1.0, 'training/new_policy_objective': -0.04177383705973625, 'training/policy_objective': -0.08762559294700623, 'training/value_loss': 2.5029730750247836e-06}
{'eval/num_episodes': 200, 'eval/num_steps': 200, 'eval/mean_score': np.float64(0.989), 'eval/std_score': np.float64(0.031), 'eval/mean_episode_length': np.float64(1.0), 'eval/std_episode_length': np.float64(0.0), 'eval/eval_time': 0.07310199737548828}
{'training/total_steps': 12000, 'training/updates': 6, 'training/sps': np.float64(20007.556), 'training/walltime': np.float64(2.238), 'training/rollout_time': np.float64(0.097), 'training/update_time': np.float64(0.003), 'training/iterations': 1.0, 'training/kl_div': 0.0035490957088768482, 'training/line_search_success': 1.0, 'training/new_policy_objective': 0.254402220249176, 'training/policy_objective': 0.21380382776260376, 'training/value_loss': 0.00042409688467159867}
{'eval/num_episodes': 200, 'eval/num_steps': 200, 'eval/mean_score': np.float64(1.0), 'eval/std_score': np.float64(0.0), 'eval/mean_episode_length': np.float64(1.0), 'eval/std_episode_length': np.float64(0.0), 'eval/eval_time': 0.07268404960632324}
{'training/total_steps': 14000, 'training/updates': 7, 'training/sps': np.float64(19646.97), 'training/walltime': np.float64(2.412), 'training/rollout_time': np.float64(0.098), 'training/update_time': np.float64(0.003), 'training/iterations': 1.0, 'training/kl_div': nan, 'training/line_search_success': 0.0, 'training/new_policy_objective': nan, 'training/policy_objective': 0.0, 'training/value_loss': 4.4419443838705774e-06}
{'eval/num_episodes': 200, 'eval/num_steps': 200, 'eval/mean_score': np.float64(0.999), 'eval/std_score': np.float64(0.007), 'eval/mean_episode_length': np.float64(1.0), 'eval/std_episode_length': np.float64(0.0), 'eval/eval_time': 0.07167625427246094}
{'training/total_steps': 16000, 'training/updates': 8, 'training/sps': np.float64(19803.229), 'training/walltime': np.float64(2.586), 'training/rollout_time': np.float64(0.098), 'training/update_time': np.float64(0.003), 'training/iterations': 1.0, 'training/kl_div': nan, 'training/line_search_success': 0.125, 'training/new_policy_objective': nan, 'training/policy_objective': 5.2452091559018754e-09, 'training/value_loss': 2.5008296233863803e-06}
{'eval/num_episodes': 200, 'eval/num_steps': 200, 'eval/mean_score': np.float64(1.0), 'eval/std_score': np.float64(0.0), 'eval/mean_episode_length': np.float64(1.0), 'eval/std_episode_length': np.float64(0.0), 'eval/eval_time': 0.07360625267028809}
{'training/total_steps': 18000, 'training/updates': 9, 'training/sps': np.float64(15480.45), 'training/walltime': np.float64(2.789), 'training/rollout_time': np.float64(0.126), 'training/update_time': np.float64(0.003), 'training/iterations': 1.0, 'training/kl_div': nan, 'training/line_search_success': 0.125, 'training/new_policy_objective': nan, 'training/policy_objective': 3.814697446813398e-09, 'training/value_loss': 2.4994455998239573e-06}
{'eval/num_episodes': 200, 'eval/num_steps': 200, 'eval/mean_score': np.float64(1.0), 'eval/std_score': np.float64(0.0), 'eval/mean_episode_length': np.float64(1.0), 'eval/std_episode_length': np.float64(0.0), 'eval/eval_time': 0.07035398483276367}
{'training/total_steps': 20000, 'training/updates': 10, 'training/sps': np.float64(20325.77), 'training/walltime': np.float64(2.958), 'training/rollout_time': np.float64(0.095), 'training/update_time': np.float64(0.003), 'training/iterations': 1.0, 'training/kl_div': 0.0021632309071719646, 'training/line_search_success': 1.0, 'training/new_policy_objective': -0.00035836611641570926, 'training/policy_objective': -0.00036093336530029774, 'training/value_loss': 1.4040259233016883e-10}
{'eval/num_episodes': 200, 'eval/num_steps': 200, 'eval/mean_score': np.float64(0.994), 'eval/std_score': np.float64(0.024), 'eval/mean_episode_length': np.float64(1.0), 'eval/std_episode_length': np.float64(0.0), 'eval/eval_time': 0.0745840072631836}
{'training/total_steps': 22000, 'training/updates': 11, 'training/sps': np.float64(20367.224), 'training/walltime': np.float64(3.131), 'training/rollout_time': np.float64(0.095), 'training/update_time': np.float64(0.003), 'training/iterations': 1.0, 'training/kl_div': 0.002347296569496393, 'training/line_search_success': 1.0, 'training/new_policy_objective': 0.20606133341789246, 'training/policy_objective': 0.17600476741790771, 'training/value_loss': 0.0002770753053482622}
{'eval/num_episodes': 200, 'eval/num_steps': 200, 'eval/mean_score': np.float64(1.0), 'eval/std_score': np.float64(0.0), 'eval/mean_episode_length': np.float64(1.0), 'eval/std_episode_length': np.float64(0.0), 'eval/eval_time': 0.06984281539916992}
{'training/total_steps': 24000, 'training/updates': 12, 'training/sps': np.float64(20337.203), 'training/walltime': np.float64(3.3), 'training/rollout_time': np.float64(0.095), 'training/update_time': np.float64(0.003), 'training/iterations': 1.0, 'training/kl_div': 0.002708209678530693, 'training/line_search_success': 1.0, 'training/new_policy_objective': -0.043590299785137177, 'training/policy_objective': -0.04400462657213211, 'training/value_loss': 1.5469067875528708e-06}
{'eval/num_episodes': 200, 'eval/num_steps': 200, 'eval/mean_score': np.float64(0.992), 'eval/std_score': np.float64(0.027), 'eval/mean_episode_length': np.float64(1.0), 'eval/std_episode_length': np.float64(0.0), 'eval/eval_time': 0.07147383689880371}
{'training/total_steps': 26000, 'training/updates': 13, 'training/sps': np.float64(20536.505), 'training/walltime': np.float64(3.469), 'training/rollout_time': np.float64(0.094), 'training/update_time': np.float64(0.003), 'training/iterations': 1.0, 'training/kl_div': 0.002882299479097128, 'training/line_search_success': 1.0, 'training/new_policy_objective': 0.2341182678937912, 'training/policy_objective': 0.19705906510353088, 'training/value_loss': 0.00036213151179254055}
{'eval/num_episodes': 200, 'eval/num_steps': 200, 'eval/mean_score': np.float64(1.0), 'eval/std_score': np.float64(0.0), 'eval/mean_episode_length': np.float64(1.0), 'eval/std_episode_length': np.float64(0.0), 'eval/eval_time': 0.07055497169494629}
{'training/total_steps': 28000, 'training/updates': 14, 'training/sps': np.float64(20066.376), 'training/walltime': np.float64(3.64), 'training/rollout_time': np.float64(0.096), 'training/update_time': np.float64(0.003), 'training/iterations': 1.0, 'training/kl_div': 0.0009343022247776389, 'training/line_search_success': 1.0, 'training/new_policy_objective': -0.14339344203472137, 'training/policy_objective': -0.29004180431365967, 'training/value_loss': 7.424694103974616e-06}
{'eval/num_episodes': 200, 'eval/num_steps': 200, 'eval/mean_score': np.float64(0.999), 'eval/std_score': np.float64(0.007), 'eval/mean_episode_length': np.float64(1.0), 'eval/std_episode_length': np.float64(0.0), 'eval/eval_time': 0.06938600540161133}
{'training/total_steps': 30000, 'training/updates': 15, 'training/sps': np.float64(20565.556), 'training/walltime': np.float64(3.807), 'training/rollout_time': np.float64(0.094), 'training/update_time': np.float64(0.003), 'training/iterations': 1.0, 'training/kl_div': 0.0014712001429870725, 'training/line_search_success': 1.0, 'training/new_policy_objective': 0.058165788650512695, 'training/policy_objective': 0.0407172366976738, 'training/value_loss': 3.47738568962086e-05}
{'eval/num_episodes': 200, 'eval/num_steps': 200, 'eval/mean_score': np.float64(1.0), 'eval/std_score': np.float64(0.0), 'eval/mean_episode_length': np.float64(1.0), 'eval/std_episode_length': np.float64(0.0), 'eval/eval_time': 0.0700070858001709}
{'training/total_steps': 32000, 'training/updates': 16, 'training/sps': np.float64(20480.05), 'training/walltime': np.float64(3.975), 'training/rollout_time': np.float64(0.094), 'training/update_time': np.float64(0.003), 'training/iterations': 1.0, 'training/kl_div': 0.0018004230223596096, 'training/line_search_success': 1.0, 'training/new_policy_objective': -0.005721800494939089, 'training/policy_objective': -0.005754601210355759, 'training/value_loss': 1.5580695844619186e-08}
{'eval/num_episodes': 200, 'eval/num_steps': 200, 'eval/mean_score': np.float64(0.995), 'eval/std_score': np.float64(0.021), 'eval/mean_episode_length': np.float64(1.0), 'eval/std_episode_length': np.float64(0.0), 'eval/eval_time': 0.06920409202575684}
{'training/total_steps': 34000, 'training/updates': 17, 'training/sps': np.float64(20472.503), 'training/walltime': np.float64(4.142), 'training/rollout_time': np.float64(0.095), 'training/update_time': np.float64(0.003), 'training/iterations': 1.0, 'training/kl_div': 0.0019858903251588345, 'training/line_search_success': 1.0, 'training/new_policy_objective': 0.1783604919910431, 'training/policy_objective': 0.15580247342586517, 'training/value_loss': 0.00019741198047995567}
{'eval/num_episodes': 200, 'eval/num_steps': 200, 'eval/mean_score': np.float64(1.0), 'eval/std_score': np.float64(0.0), 'eval/mean_episode_length': np.float64(1.0), 'eval/std_episode_length': np.float64(0.0), 'eval/eval_time': 0.06930875778198242}
{'training/total_steps': 36000, 'training/updates': 18, 'training/sps': np.float64(20275.708), 'training/walltime': np.float64(4.311), 'training/rollout_time': np.float64(0.095), 'training/update_time': np.float64(0.003), 'training/iterations': 1.0, 'training/kl_div': nan, 'training/line_search_success': 0.0, 'training/new_policy_objective': nan, 'training/policy_objective': 0.0, 'training/value_loss': 6.41796702893771e-07}
{'eval/num_episodes': 200, 'eval/num_steps': 200, 'eval/mean_score': np.float64(1.0), 'eval/std_score': np.float64(0.0), 'eval/mean_episode_length': np.float64(1.0), 'eval/std_episode_length': np.float64(0.0), 'eval/eval_time': 0.07428908348083496}
{'training/total_steps': 38000, 'training/updates': 19, 'training/sps': np.float64(20158.914), 'training/walltime': np.float64(4.485), 'training/rollout_time': np.float64(0.096), 'training/update_time': np.float64(0.003), 'training/iterations': 1.0, 'training/kl_div': nan, 'training/line_search_success': 0.0, 'training/new_policy_objective': nan, 'training/policy_objective': 0.0, 'training/value_loss': 1.2032529139727188e-10}
{'eval/num_episodes': 200, 'eval/num_steps': 200, 'eval/mean_score': np.float64(1.0), 'eval/std_score': np.float64(0.0), 'eval/mean_episode_length': np.float64(1.0), 'eval/std_episode_length': np.float64(0.0), 'eval/eval_time': 0.07445788383483887}
{'training/total_steps': 40000, 'training/updates': 20, 'training/sps': np.float64(20054.335), 'training/walltime': np.float64(4.659), 'training/rollout_time': np.float64(0.096), 'training/update_time': np.float64(0.003), 'training/iterations': 1.0, 'training/kl_div': nan, 'training/line_search_success': 0.0, 'training/new_policy_objective': nan, 'training/policy_objective': 0.0, 'training/value_loss': 1.8407498087098274e-14}
{'eval/num_episodes': 200, 'eval/num_steps': 200, 'eval/mean_score': np.float64(1.0), 'eval/std_score': np.float64(0.0), 'eval/mean_episode_length': np.float64(1.0), 'eval/std_episode_length': np.float64(0.0), 'eval/eval_time': 0.06999588012695312}
{'training/total_steps': 42000, 'training/updates': 21, 'training/sps': np.float64(19604.773), 'training/walltime': np.float64(4.832), 'training/rollout_time': np.float64(0.099), 'training/update_time': np.float64(0.003), 'training/iterations': 1.0, 'training/kl_div': nan, 'training/line_search_success': 0.0, 'training/new_policy_objective': nan, 'training/policy_objective': 0.0, 'training/value_loss': 0.0}
{'eval/num_episodes': 200, 'eval/num_steps': 200, 'eval/mean_score': np.float64(1.0), 'eval/std_score': np.float64(0.0), 'eval/mean_episode_length': np.float64(1.0), 'eval/std_episode_length': np.float64(0.0), 'eval/eval_time': 0.07062721252441406}
{'training/total_steps': 44000, 'training/updates': 22, 'training/sps': np.float64(20296.362), 'training/walltime': np.float64(5.001), 'training/rollout_time': np.float64(0.095), 'training/update_time': np.float64(0.003), 'training/iterations': 1.0, 'training/kl_div': nan, 'training/line_search_success': 0.0, 'training/new_policy_objective': nan, 'training/policy_objective': 0.0, 'training/value_loss': 0.0}
{'eval/num_episodes': 200, 'eval/num_steps': 200, 'eval/mean_score': np.float64(1.0), 'eval/std_score': np.float64(0.0), 'eval/mean_episode_length': np.float64(1.0), 'eval/std_episode_length': np.float64(0.0), 'eval/eval_time': 0.07330608367919922}
{'training/total_steps': 46000, 'training/updates': 23, 'training/sps': np.float64(20027.81), 'training/walltime': np.float64(5.175), 'training/rollout_time': np.float64(0.097), 'training/update_time': np.float64(0.003), 'training/iterations': 1.0, 'training/kl_div': nan, 'training/line_search_success': 0.125, 'training/new_policy_objective': nan, 'training/policy_objective': 7.152557657263969e-09, 'training/value_loss': 2.4998323624458862e-06}
{'eval/num_episodes': 200, 'eval/num_steps': 200, 'eval/mean_score': np.float64(1.0), 'eval/std_score': np.float64(0.0), 'eval/mean_episode_length': np.float64(1.0), 'eval/std_episode_length': np.float64(0.0), 'eval/eval_time': 0.0687112808227539}
{'training/total_steps': 48000, 'training/updates': 24, 'training/sps': np.float64(20405.621), 'training/walltime': np.float64(5.342), 'training/rollout_time': np.float64(0.095), 'training/update_time': np.float64(0.003), 'training/iterations': 1.0, 'training/kl_div': nan, 'training/line_search_success': 0.0, 'training/new_policy_objective': nan, 'training/policy_objective': 0.0, 'training/value_loss': 9.560092995020142e-11}
{'eval/num_episodes': 200, 'eval/num_steps': 200, 'eval/mean_score': np.float64(1.0), 'eval/std_score': np.float64(0.0), 'eval/mean_episode_length': np.float64(1.0), 'eval/std_episode_length': np.float64(0.0), 'eval/eval_time': 0.06870508193969727}
{'training/total_steps': 50000, 'training/updates': 25, 'training/sps': np.float64(20727.096), 'training/walltime': np.float64(5.508), 'training/rollout_time': np.float64(0.093), 'training/update_time': np.float64(0.003), 'training/iterations': 1.0, 'training/kl_div': 0.0013972566230222583, 'training/line_search_success': 1.0, 'training/new_policy_objective': -5.638407401420409e-06, 'training/policy_objective': -5.662411240336951e-06, 'training/value_loss': 3.017586384219083e-14}
{'eval/num_episodes': 200, 'eval/num_steps': 200, 'eval/mean_score': np.float64(0.995), 'eval/std_score': np.float64(0.022), 'eval/mean_episode_length': np.float64(1.0), 'eval/std_episode_length': np.float64(0.0), 'eval/eval_time': 0.0711209774017334}
{'training/total_steps': 52000, 'training/updates': 26, 'training/sps': np.float64(19737.344), 'training/walltime': np.float64(5.68), 'training/rollout_time': np.float64(0.098), 'training/update_time': np.float64(0.003), 'training/iterations': 1.0, 'training/kl_div': 0.0015771308680996299, 'training/line_search_success': 1.0, 'training/new_policy_objective': 0.16943290829658508, 'training/policy_objective': 0.1450372040271759, 'training/value_loss': 0.00018103989714290947}
{'eval/num_episodes': 200, 'eval/num_steps': 200, 'eval/mean_score': np.float64(1.0), 'eval/std_score': np.float64(0.0), 'eval/mean_episode_length': np.float64(1.0), 'eval/std_episode_length': np.float64(0.0), 'eval/eval_time': 0.07581806182861328}
{'training/total_steps': 54000, 'training/updates': 27, 'training/sps': np.float64(19531.056), 'training/walltime': np.float64(5.859), 'training/rollout_time': np.float64(0.099), 'training/update_time': np.float64(0.003), 'training/iterations': 1.0, 'training/kl_div': 0.0017290133982896805, 'training/line_search_success': 1.0, 'training/new_policy_objective': -0.022510314360260963, 'training/policy_objective': -0.022633276879787445, 'training/value_loss': 4.6431546252279077e-07}
{'eval/num_episodes': 200, 'eval/num_steps': 200, 'eval/mean_score': np.float64(0.998), 'eval/std_score': np.float64(0.012), 'eval/mean_episode_length': np.float64(1.0), 'eval/std_episode_length': np.float64(0.0), 'eval/eval_time': 0.0732419490814209}
{'training/total_steps': 56000, 'training/updates': 28, 'training/sps': np.float64(20032.832), 'training/walltime': np.float64(6.033), 'training/rollout_time': np.float64(0.097), 'training/update_time': np.float64(0.003), 'training/iterations': 1.0, 'training/kl_div': 0.0019140811637043953, 'training/line_search_success': 1.0, 'training/new_policy_objective': 0.19424714148044586, 'training/policy_objective': 0.16301576793193817, 'training/value_loss': 0.00025200386880896986}
{'eval/num_episodes': 200, 'eval/num_steps': 200, 'eval/mean_score': np.float64(0.999), 'eval/std_score': np.float64(0.007), 'eval/mean_episode_length': np.float64(1.0), 'eval/std_episode_length': np.float64(0.0), 'eval/eval_time': 0.07019305229187012}
{'training/total_steps': 58000, 'training/updates': 29, 'training/sps': np.float64(20616.706), 'training/walltime': np.float64(6.2), 'training/rollout_time': np.float64(0.094), 'training/update_time': np.float64(0.003), 'training/iterations': 1.0, 'training/kl_div': 0.002157490700483322, 'training/line_search_success': 1.0, 'training/new_policy_objective': -0.04384829103946686, 'training/policy_objective': -0.044161371886730194, 'training/value_loss': 9.176794151244394e-07}
{'eval/num_episodes': 200, 'eval/num_steps': 200, 'eval/mean_score': np.float64(0.995), 'eval/std_score': np.float64(0.022), 'eval/mean_episode_length': np.float64(1.0), 'eval/std_episode_length': np.float64(0.0), 'eval/eval_time': 0.07014298439025879}
{'training/total_steps': 60000, 'training/updates': 30, 'training/sps': np.float64(20850.327), 'training/walltime': np.float64(6.367), 'training/rollout_time': np.float64(0.093), 'training/update_time': np.float64(0.003), 'training/iterations': 1.0, 'training/kl_div': 0.0023415973410010338, 'training/line_search_success': 1.0, 'training/new_policy_objective': 0.19868649542331696, 'training/policy_objective': 0.16900239884853363, 'training/value_loss': 0.0002615247794892639}
{'eval/num_episodes': 200, 'eval/num_steps': 200, 'eval/mean_score': np.float64(1.0), 'eval/std_score': np.float64(0.0), 'eval/mean_episode_length': np.float64(1.0), 'eval/std_episode_length': np.float64(0.0), 'eval/eval_time': 0.07094883918762207}
TRAINING END: training duration: 6.438076019287109
{'final_eval/num_episodes': 200, 'final_eval/num_steps': 200, 'final_eval/mean_score': np.float64(1.0), 'final_eval/std_score': np.float64(0.0), 'final_eval/mean_episode_length': np.float64(1.0), 'final_eval/std_episode_length': np.float64(0.0)}
.0)}
