|param: value|
|experiment_name:  reinforce_procgen|
|seed:  7|
|platform:  cpu|
|write_logs_to_file:  False|
|save_model:  False|
|env_name:  bandit|
|num_envs:  1|
|num_train_levels:  200|
|distribution_mode:  easy|
|arm_means:  (1.0, 0.9)|
|deterministic_rewards:  True|
|eval_env:  True|
|num_eval_episodes:  200|
|eval_every:  1|
|deterministic_eval:  False|
|normalize_observations:  True|
|total_timesteps:  60000|
|learning_rate:  0.5|
|optimizer:  sgd|
|unroll_length:  2048|
|anneal_lr:  False|
|gamma:  0.99|
|batch_size:  1|
|num_minibatches:  1|
|update_epochs:  1|
|entropy_cost:  0.0|
|max_grad_norm:  0.5|
|reward_scaling:  1.0|
|use_cnn:  False|
|policy_hidden_layer_sizes:  ()|
|value_hidden_layer_sizes:  ()|
|activation:  <jax._src.custom_derivatives.custom_jvp object at 0x122e546d0>|
|policy_init_logit_bias:  [0.0, 0.0]|
{'training/total_steps': 2000, 'training/updates': 1, 'training/sps': np.float64(2079.328), 'training/walltime': np.float64(0.962), 'training/rollout_time': np.float64(0.397), 'training/update_time': np.float64(0.565), 'training/approx_kl': 0.0, 'training/entropy': 0.693147599697113, 'training/policy_loss': 0.34493935108184814, 'training/total_loss': 0.47001293301582336, 'training/value_loss': 0.25014716386795044}
{'eval/num_episodes': 200, 'eval/num_steps': 200, 'eval/mean_score': np.float64(0.951), 'eval/std_score': np.float64(0.05), 'eval/mean_episode_length': np.float64(1.0), 'eval/std_episode_length': np.float64(0.0), 'eval/eval_time': 0.07210969924926758}
{'training/total_steps': 4000, 'training/updates': 2, 'training/sps': np.float64(6303.286), 'training/walltime': np.float64(1.352), 'training/rollout_time': np.float64(0.316), 'training/update_time': np.float64(0.002), 'training/approx_kl': 0.0, 'training/entropy': 0.692940354347229, 'training/policy_loss': 0.10076668113470078, 'training/total_loss': 0.11281967908143997, 'training/value_loss': 0.024105995893478394}
{'eval/num_episodes': 200, 'eval/num_steps': 200, 'eval/mean_score': np.float64(0.959), 'eval/std_score': np.float64(0.049), 'eval/mean_episode_length': np.float64(1.0), 'eval/std_episode_length': np.float64(0.0), 'eval/eval_time': 0.07204890251159668}
{'training/total_steps': 6000, 'training/updates': 3, 'training/sps': np.float64(6526.134), 'training/walltime': np.float64(1.731), 'training/rollout_time': np.float64(0.305), 'training/update_time': np.float64(0.001), 'training/approx_kl': 0.0, 'training/entropy': 0.6920223236083984, 'training/policy_loss': -0.002088498556986451, 'training/total_loss': -0.0008426228887401521, 'training/value_loss': 0.0024917512200772762}
{'eval/num_episodes': 200, 'eval/num_steps': 200, 'eval/mean_score': np.float64(0.95), 'eval/std_score': np.float64(0.05), 'eval/mean_episode_length': np.float64(1.0), 'eval/std_episode_length': np.float64(0.0), 'eval/eval_time': 0.07179594039916992}
{'training/total_steps': 8000, 'training/updates': 4, 'training/sps': np.float64(5921.678), 'training/walltime': np.float64(2.141), 'training/rollout_time': np.float64(0.336), 'training/update_time': np.float64(0.002), 'training/approx_kl': 0.0, 'training/entropy': 0.6905347108840942, 'training/policy_loss': -0.003256722819060087, 'training/total_loss': -0.002012377604842186, 'training/value_loss': 0.0024886904284358025}
{'eval/num_episodes': 200, 'eval/num_steps': 200, 'eval/mean_score': np.float64(0.963), 'eval/std_score': np.float64(0.048), 'eval/mean_episode_length': np.float64(1.0), 'eval/std_episode_length': np.float64(0.0), 'eval/eval_time': 0.07834005355834961}
{'training/total_steps': 10000, 'training/updates': 5, 'training/sps': np.float64(6388.025), 'training/walltime': np.float64(2.532), 'training/rollout_time': np.float64(0.312), 'training/update_time': np.float64(0.001), 'training/approx_kl': 0.0, 'training/entropy': 0.6884397864341736, 'training/policy_loss': -0.003924746531993151, 'training/total_loss': -0.0026849459391087294, 'training/value_loss': 0.002479600952938199}
{'eval/num_episodes': 200, 'eval/num_steps': 200, 'eval/mean_score': np.float64(0.955), 'eval/std_score': np.float64(0.05), 'eval/mean_episode_length': np.float64(1.0), 'eval/std_episode_length': np.float64(0.0), 'eval/eval_time': 0.06923103332519531}
{'training/total_steps': 12000, 'training/updates': 6, 'training/sps': np.float64(5944.527), 'training/walltime': np.float64(2.938), 'training/rollout_time': np.float64(0.335), 'training/update_time': np.float64(0.001), 'training/approx_kl': 0.0, 'training/entropy': 0.6857554316520691, 'training/policy_loss': -0.004659490659832954, 'training/total_loss': -0.0034296996891498566, 'training/value_loss': 0.002459581708535552}
{'eval/num_episodes': 200, 'eval/num_steps': 200, 'eval/mean_score': np.float64(0.951), 'eval/std_score': np.float64(0.05), 'eval/mean_episode_length': np.float64(1.0), 'eval/std_episode_length': np.float64(0.0), 'eval/eval_time': 0.07451081275939941}
{'training/total_steps': 14000, 'training/updates': 7, 'training/sps': np.float64(6415.251), 'training/walltime': np.float64(3.325), 'training/rollout_time': np.float64(0.309), 'training/update_time': np.float64(0.002), 'training/approx_kl': 0.0, 'training/entropy': 0.6825147867202759, 'training/policy_loss': -0.006079505197703838, 'training/total_loss': -0.004861923400312662, 'training/value_loss': 0.0024351635947823524}
{'eval/num_episodes': 200, 'eval/num_steps': 200, 'eval/mean_score': np.float64(0.964), 'eval/std_score': np.float64(0.048), 'eval/mean_episode_length': np.float64(1.0), 'eval/std_episode_length': np.float64(0.0), 'eval/eval_time': 0.12805700302124023}
{'training/total_steps': 16000, 'training/updates': 8, 'training/sps': np.float64(6381.353), 'training/walltime': np.float64(3.767), 'training/rollout_time': np.float64(0.312), 'training/update_time': np.float64(0.001), 'training/approx_kl': 0.0, 'training/entropy': 0.6787459850311279, 'training/policy_loss': -0.008133603259921074, 'training/total_loss': -0.00691927270963788, 'training/value_loss': 0.0024286615662276745}
{'eval/num_episodes': 200, 'eval/num_steps': 200, 'eval/mean_score': np.float64(0.957), 'eval/std_score': np.float64(0.05), 'eval/mean_episode_length': np.float64(1.0), 'eval/std_episode_length': np.float64(0.0), 'eval/eval_time': 0.07539677619934082}
{'training/total_steps': 18000, 'training/updates': 9, 'training/sps': np.float64(5954.562), 'training/walltime': np.float64(4.179), 'training/rollout_time': np.float64(0.334), 'training/update_time': np.float64(0.002), 'training/approx_kl': 0.0, 'training/entropy': 0.6744461059570312, 'training/policy_loss': -0.007769214920699596, 'training/total_loss': -0.006574350409209728, 'training/value_loss': 0.0023897290229797363}
{'eval/num_episodes': 200, 'eval/num_steps': 200, 'eval/mean_score': np.float64(0.969), 'eval/std_score': np.float64(0.046), 'eval/mean_episode_length': np.float64(1.0), 'eval/std_episode_length': np.float64(0.0), 'eval/eval_time': 0.07207703590393066}
{'training/total_steps': 20000, 'training/updates': 10, 'training/sps': np.float64(6472.846), 'training/walltime': np.float64(4.56), 'training/rollout_time': np.float64(0.307), 'training/update_time': np.float64(0.002), 'training/approx_kl': 0.0, 'training/entropy': 0.669708251953125, 'training/policy_loss': -0.009875763207674026, 'training/total_loss': -0.008691606111824512, 'training/value_loss': 0.0023683139588683844}
{'eval/num_episodes': 200, 'eval/num_steps': 200, 'eval/mean_score': np.float64(0.963), 'eval/std_score': np.float64(0.048), 'eval/mean_episode_length': np.float64(1.0), 'eval/std_episode_length': np.float64(0.0), 'eval/eval_time': 0.07957911491394043}
{'training/total_steps': 22000, 'training/updates': 11, 'training/sps': np.float64(6020.304), 'training/walltime': np.float64(4.972), 'training/rollout_time': np.float64(0.331), 'training/update_time': np.float64(0.001), 'training/approx_kl': 0.0, 'training/entropy': 0.6645208597183228, 'training/policy_loss': -0.01075788401067257, 'training/total_loss': -0.009584933519363403, 'training/value_loss': 0.0023459014482796192}
{'eval/num_episodes': 200, 'eval/num_steps': 200, 'eval/mean_score': np.float64(0.963), 'eval/std_score': np.float64(0.048), 'eval/mean_episode_length': np.float64(1.0), 'eval/std_episode_length': np.float64(0.0), 'eval/eval_time': 0.0709848403930664}
{'training/total_steps': 24000, 'training/updates': 12, 'training/sps': np.float64(6323.494), 'training/walltime': np.float64(5.36), 'training/rollout_time': np.float64(0.315), 'training/update_time': np.float64(0.002), 'training/approx_kl': 0.0, 'training/entropy': 0.6589222550392151, 'training/policy_loss': -0.011215629987418652, 'training/total_loss': -0.010063051246106625, 'training/value_loss': 0.002305158181115985}
{'eval/num_episodes': 200, 'eval/num_steps': 200, 'eval/mean_score': np.float64(0.965), 'eval/std_score': np.float64(0.048), 'eval/mean_episode_length': np.float64(1.0), 'eval/std_episode_length': np.float64(0.0), 'eval/eval_time': 0.07301712036132812}
{'training/total_steps': 26000, 'training/updates': 13, 'training/sps': np.float64(6394.619), 'training/walltime': np.float64(5.746), 'training/rollout_time': np.float64(0.311), 'training/update_time': np.float64(0.001), 'training/approx_kl': 0.0, 'training/entropy': 0.652992308139801, 'training/policy_loss': -0.013118267990648746, 'training/total_loss': -0.011970480903983116, 'training/value_loss': 0.0022955744061619043}
{'eval/num_episodes': 200, 'eval/num_steps': 200, 'eval/mean_score': np.float64(0.97), 'eval/std_score': np.float64(0.046), 'eval/mean_episode_length': np.float64(1.0), 'eval/std_episode_length': np.float64(0.0), 'eval/eval_time': 0.07065510749816895}
{'training/total_steps': 28000, 'training/updates': 14, 'training/sps': np.float64(5930.566), 'training/walltime': np.float64(6.154), 'training/rollout_time': np.float64(0.336), 'training/update_time': np.float64(0.002), 'training/approx_kl': 0.0, 'training/entropy': 0.6466771364212036, 'training/policy_loss': -0.014957856386899948, 'training/total_loss': -0.013799375854432583, 'training/value_loss': 0.002316961297765374}
{'eval/num_episodes': 200, 'eval/num_steps': 200, 'eval/mean_score': np.float64(0.963), 'eval/std_score': np.float64(0.048), 'eval/mean_episode_length': np.float64(1.0), 'eval/std_episode_length': np.float64(0.0), 'eval/eval_time': 0.07013607025146484}
{'training/total_steps': 30000, 'training/updates': 15, 'training/sps': np.float64(5328.997), 'training/walltime': np.float64(6.6), 'training/rollout_time': np.float64(0.374), 'training/update_time': np.float64(0.001), 'training/approx_kl': 0.0, 'training/entropy': 0.639908492565155, 'training/policy_loss': -0.013524896465241909, 'training/total_loss': -0.012399217113852501, 'training/value_loss': 0.0022513591684401035}
{'eval/num_episodes': 200, 'eval/num_steps': 200, 'eval/mean_score': np.float64(0.966), 'eval/std_score': np.float64(0.047), 'eval/mean_episode_length': np.float64(1.0), 'eval/std_episode_length': np.float64(0.0), 'eval/eval_time': 0.07731890678405762}
{'training/total_steps': 32000, 'training/updates': 16, 'training/sps': np.float64(5524.313), 'training/walltime': np.float64(7.04), 'training/rollout_time': np.float64(0.36), 'training/update_time': np.float64(0.002), 'training/approx_kl': 0.0, 'training/entropy': 0.6329917907714844, 'training/policy_loss': -0.013244960457086563, 'training/total_loss': -0.012173999100923538, 'training/value_loss': 0.0021419229451566935}
{'eval/num_episodes': 200, 'eval/num_steps': 200, 'eval/mean_score': np.float64(0.967), 'eval/std_score': np.float64(0.047), 'eval/mean_episode_length': np.float64(1.0), 'eval/std_episode_length': np.float64(0.0), 'eval/eval_time': 0.07069230079650879}
{'training/total_steps': 34000, 'training/updates': 17, 'training/sps': np.float64(6391.837), 'training/walltime': np.float64(7.424), 'training/rollout_time': np.float64(0.311), 'training/update_time': np.float64(0.002), 'training/approx_kl': 0.0, 'training/entropy': 0.6260930299758911, 'training/policy_loss': -0.016438953578472137, 'training/total_loss': -0.01536751352250576, 'training/value_loss': 0.002142880577594042}
{'eval/num_episodes': 200, 'eval/num_steps': 200, 'eval/mean_score': np.float64(0.965), 'eval/std_score': np.float64(0.048), 'eval/mean_episode_length': np.float64(1.0), 'eval/std_episode_length': np.float64(0.0), 'eval/eval_time': 0.07351875305175781}
{'training/total_steps': 36000, 'training/updates': 18, 'training/sps': np.float64(5359.921), 'training/walltime': np.float64(7.871), 'training/rollout_time': np.float64(0.372), 'training/update_time': np.float64(0.002), 'training/approx_kl': 0.0, 'training/entropy': 0.6188908219337463, 'training/policy_loss': -0.018186241388320923, 'training/total_loss': -0.01709405519068241, 'training/value_loss': 0.0021843709982931614}
{'eval/num_episodes': 200, 'eval/num_steps': 200, 'eval/mean_score': np.float64(0.971), 'eval/std_score': np.float64(0.045), 'eval/mean_episode_length': np.float64(1.0), 'eval/std_episode_length': np.float64(0.0), 'eval/eval_time': 0.0747220516204834}
{'training/total_steps': 38000, 'training/updates': 19, 'training/sps': np.float64(5397.265), 'training/walltime': np.float64(8.317), 'training/rollout_time': np.float64(0.369), 'training/update_time': np.float64(0.001), 'training/approx_kl': 0.0, 'training/entropy': 0.6112664937973022, 'training/policy_loss': -0.01570410281419754, 'training/total_loss': -0.014665032736957073, 'training/value_loss': 0.002078140852972865}
{'eval/num_episodes': 200, 'eval/num_steps': 200, 'eval/mean_score': np.float64(0.968), 'eval/std_score': np.float64(0.046), 'eval/mean_episode_length': np.float64(1.0), 'eval/std_episode_length': np.float64(0.0), 'eval/eval_time': 0.0791628360748291}
{'training/total_steps': 40000, 'training/updates': 20, 'training/sps': np.float64(6126.085), 'training/walltime': np.float64(8.723), 'training/rollout_time': np.float64(0.325), 'training/update_time': np.float64(0.001), 'training/approx_kl': 0.0, 'training/entropy': 0.6037902235984802, 'training/policy_loss': -0.018393564969301224, 'training/total_loss': -0.017357807606458664, 'training/value_loss': 0.002071513794362545}
{'eval/num_episodes': 200, 'eval/num_steps': 200, 'eval/mean_score': np.float64(0.975), 'eval/std_score': np.float64(0.043), 'eval/mean_episode_length': np.float64(1.0), 'eval/std_episode_length': np.float64(0.0), 'eval/eval_time': 0.08045792579650879}
{'training/total_steps': 42000, 'training/updates': 21, 'training/sps': np.float64(5352.547), 'training/walltime': np.float64(9.177), 'training/rollout_time': np.float64(0.369), 'training/update_time': np.float64(0.005), 'training/approx_kl': 0.0, 'training/entropy': 0.5960903763771057, 'training/policy_loss': -0.01763886958360672, 'training/total_loss': -0.016636233776807785, 'training/value_loss': 0.0020052711479365826}
{'eval/num_episodes': 200, 'eval/num_steps': 200, 'eval/mean_score': np.float64(0.973), 'eval/std_score': np.float64(0.044), 'eval/mean_episode_length': np.float64(1.0), 'eval/std_episode_length': np.float64(0.0), 'eval/eval_time': 0.08571386337280273}
{'training/total_steps': 44000, 'training/updates': 22, 'training/sps': np.float64(5743.297), 'training/walltime': np.float64(9.612), 'training/rollout_time': np.float64(0.347), 'training/update_time': np.float64(0.001), 'training/approx_kl': 0.0, 'training/entropy': 0.5884438753128052, 'training/policy_loss': -0.01846606470644474, 'training/total_loss': -0.01748477853834629, 'training/value_loss': 0.001962571404874325}
{'eval/num_episodes': 200, 'eval/num_steps': 200, 'eval/mean_score': np.float64(0.975), 'eval/std_score': np.float64(0.043), 'eval/mean_episode_length': np.float64(1.0), 'eval/std_episode_length': np.float64(0.0), 'eval/eval_time': 0.0760650634765625}
{'training/total_steps': 46000, 'training/updates': 23, 'training/sps': np.float64(6080.821), 'training/walltime': np.float64(10.017), 'training/rollout_time': np.float64(0.327), 'training/update_time': np.float64(0.002), 'training/approx_kl': 0.0, 'training/entropy': 0.5807800889015198, 'training/policy_loss': -0.01745234988629818, 'training/total_loss': -0.01652250997722149, 'training/value_loss': 0.001859681447967887}
{'eval/num_episodes': 200, 'eval/num_steps': 200, 'eval/mean_score': np.float64(0.973), 'eval/std_score': np.float64(0.044), 'eval/mean_episode_length': np.float64(1.0), 'eval/std_episode_length': np.float64(0.0), 'eval/eval_time': 0.08302497863769531}
{'training/total_steps': 48000, 'training/updates': 24, 'training/sps': np.float64(5761.763), 'training/walltime': np.float64(10.447), 'training/rollout_time': np.float64(0.346), 'training/update_time': np.float64(0.001), 'training/approx_kl': 0.0, 'training/entropy': 0.5733692646026611, 'training/policy_loss': -0.021386872977018356, 'training/total_loss': -0.020412461832165718, 'training/value_loss': 0.0019488210091367364}
{'eval/num_episodes': 200, 'eval/num_steps': 200, 'eval/mean_score': np.float64(0.974), 'eval/std_score': np.float64(0.044), 'eval/mean_episode_length': np.float64(1.0), 'eval/std_episode_length': np.float64(0.0), 'eval/eval_time': 0.07358694076538086}
{'training/total_steps': 50000, 'training/updates': 25, 'training/sps': np.float64(6250.057), 'training/walltime': np.float64(10.841), 'training/rollout_time': np.float64(0.319), 'training/update_time': np.float64(0.001), 'training/approx_kl': 0.0, 'training/entropy': 0.5654715895652771, 'training/policy_loss': -0.020857613533735275, 'training/total_loss': -0.019889624789357185, 'training/value_loss': 0.00193597876932472}
{'eval/num_episodes': 200, 'eval/num_steps': 200, 'eval/mean_score': np.float64(0.977), 'eval/std_score': np.float64(0.042), 'eval/mean_episode_length': np.float64(1.0), 'eval/std_episode_length': np.float64(0.0), 'eval/eval_time': 0.07491397857666016}
{'training/total_steps': 52000, 'training/updates': 26, 'training/sps': np.float64(6153.015), 'training/walltime': np.float64(11.242), 'training/rollout_time': np.float64(0.323), 'training/update_time': np.float64(0.002), 'training/approx_kl': 0.0, 'training/entropy': 0.5574836730957031, 'training/policy_loss': -0.019836319610476494, 'training/total_loss': -0.018908726051449776, 'training/value_loss': 0.0018551885150372982}
{'eval/num_episodes': 200, 'eval/num_steps': 200, 'eval/mean_score': np.float64(0.972), 'eval/std_score': np.float64(0.045), 'eval/mean_episode_length': np.float64(1.0), 'eval/std_episode_length': np.float64(0.0), 'eval/eval_time': 0.07785415649414062}
{'training/total_steps': 54000, 'training/updates': 27, 'training/sps': np.float64(5674.162), 'training/walltime': np.float64(11.672), 'training/rollout_time': np.float64(0.351), 'training/update_time': np.float64(0.002), 'training/approx_kl': 0.0, 'training/entropy': 0.5497283935546875, 'training/policy_loss': -0.01986360177397728, 'training/total_loss': -0.018973082304000854, 'training/value_loss': 0.0017810382414609194}
{'eval/num_episodes': 200, 'eval/num_steps': 200, 'eval/mean_score': np.float64(0.982), 'eval/std_score': np.float64(0.038), 'eval/mean_episode_length': np.float64(1.0), 'eval/std_episode_length': np.float64(0.0), 'eval/eval_time': 0.07565689086914062}
{'training/total_steps': 56000, 'training/updates': 28, 'training/sps': np.float64(6090.485), 'training/walltime': np.float64(12.077), 'training/rollout_time': np.float64(0.327), 'training/update_time': np.float64(0.001), 'training/approx_kl': 0.0, 'training/entropy': 0.5421828627586365, 'training/policy_loss': -0.02332434244453907, 'training/total_loss': -0.02238781563937664, 'training/value_loss': 0.0018730529118329287}
{'eval/num_episodes': 200, 'eval/num_steps': 200, 'eval/mean_score': np.float64(0.974), 'eval/std_score': np.float64(0.044), 'eval/mean_episode_length': np.float64(1.0), 'eval/std_episode_length': np.float64(0.0), 'eval/eval_time': 0.0749509334564209}
{'training/total_steps': 58000, 'training/updates': 29, 'training/sps': np.float64(4859.51), 'training/walltime': np.float64(12.564), 'training/rollout_time': np.float64(0.41), 'training/update_time': np.float64(0.001), 'training/approx_kl': 0.0, 'training/entropy': 0.5341557860374451, 'training/policy_loss': -0.021505583077669144, 'training/total_loss': -0.02060321718454361, 'training/value_loss': 0.0018047313205897808}
{'eval/num_episodes': 200, 'eval/num_steps': 200, 'eval/mean_score': np.float64(0.98), 'eval/std_score': np.float64(0.04), 'eval/mean_episode_length': np.float64(1.0), 'eval/std_episode_length': np.float64(0.0), 'eval/eval_time': 0.07386422157287598}
{'training/total_steps': 60000, 'training/updates': 30, 'training/sps': np.float64(5695.865), 'training/walltime': np.float64(12.989), 'training/rollout_time': np.float64(0.35), 'training/update_time': np.float64(0.001), 'training/approx_kl': 0.0, 'training/entropy': 0.5263585448265076, 'training/policy_loss': -0.02146676555275917, 'training/total_loss': -0.020595604553818703, 'training/value_loss': 0.001742321066558361}
{'eval/num_episodes': 200, 'eval/num_steps': 200, 'eval/mean_score': np.float64(0.979), 'eval/std_score': np.float64(0.04), 'eval/mean_episode_length': np.float64(1.0), 'eval/std_episode_length': np.float64(0.0), 'eval/eval_time': 0.07101011276245117}
TRAINING END: training duration: 13.060485124588013
{'final_eval/num_episodes': 200, 'final_eval/num_steps': 200, 'final_eval/mean_score': np.float64(1.0), 'final_eval/std_score': np.float64(0.0), 'final_eval/mean_episode_length': np.float64(1.0), 'final_eval/std_episode_length': np.float64(0.0)}
